Command line
python train.py --data_path data/data_0.5_2/cp.csv --smiles_columns smiles --target_columns cp --dataset_type regression --split_sizes 1.0 0.0 0.0 --features_generator rdkit_2d --features_columns T --save_dir data/data_0.5_2/cp --save_preds --epochs 100 --metric mae
Args
{'activation': 'ReLU',
 'aggregation': 'mean',
 'aggregation_norm': 100,
 'atom_descriptor_scaling': True,
 'atom_descriptors': None,
 'atom_descriptors_path': None,
 'atom_descriptors_size': 0,
 'atom_features_size': 0,
 'atom_messages': False,
 'batch_size': 50,
 'bias': False,
 'bond_feature_scaling': True,
 'bond_features_path': None,
 'bond_features_size': 0,
 'cache_cutoff': 10000,
 'checkpoint_dir': None,
 'checkpoint_path': None,
 'checkpoint_paths': None,
 'class_balance': False,
 'config_path': None,
 'crossval_index_dir': None,
 'crossval_index_file': None,
 'crossval_index_sets': None,
 'cuda': True,
 'data_path': 'data/data_0.5_2/cp.csv',
 'dataset_type': 'regression',
 'depth': 3,
 'device': device(type='cuda'),
 'dropout': 0.0,
 'empty_cache': False,
 'ensemble_size': 1,
 'epochs': 100,
 'explicit_h': False,
 'extra_metrics': [],
 'features_columns': ['T'],
 'features_generator': ['rdkit_2d'],
 'features_only': False,
 'features_path': None,
 'features_scaling': True,
 'features_size': None,
 'ffn_hidden_size': 300,
 'ffn_num_layers': 2,
 'final_lr': 0.0001,
 'folds_file': None,
 'gpu': None,
 'grad_clip': None,
 'hidden_size': 300,
 'ignore_columns': None,
 'init_lr': 0.0001,
 'log_frequency': 10,
 'max_data_size': None,
 'max_lr': 0.001,
 'metric': 'mae',
 'metrics': ['mae'],
 'minimize_score': True,
 'mpn_shared': False,
 'multiclass_num_classes': 3,
 'no_atom_descriptor_scaling': False,
 'no_bond_features_scaling': False,
 'no_cache_mol': False,
 'no_cuda': False,
 'no_features_scaling': False,
 'num_folds': 1,
 'num_lrs': 1,
 'num_tasks': 1,
 'num_workers': 8,
 'number_of_molecules': 1,
 'overwrite_default_atom_features': False,
 'overwrite_default_bond_features': False,
 'pytorch_seed': 0,
 'quiet': False,
 'reaction': False,
 'reaction_mode': 'reac_diff',
 'resume_experiment': False,
 'save_dir': 'data/data_0.5_2/cp',
 'save_preds': True,
 'save_smiles_splits': False,
 'seed': 0,
 'separate_test_atom_descriptors_path': None,
 'separate_test_bond_features_path': None,
 'separate_test_features_path': None,
 'separate_test_path': None,
 'separate_val_atom_descriptors_path': None,
 'separate_val_bond_features_path': None,
 'separate_val_features_path': None,
 'separate_val_path': None,
 'show_individual_scores': False,
 'smiles_columns': ['smiles'],
 'split_sizes': (1.0, 0.0, 0.0),
 'split_type': 'random',
 'target_columns': ['cp'],
 'task_names': ['cp'],
 'test': False,
 'test_fold_index': None,
 'train_data_size': None,
 'undirected': False,
 'use_input_features': True,
 'val_fold_index': None,
 'warmup_epochs': 2.0}
Loading data
Number of tasks = 1
Fold 0
Splitting data with seed 0
Total size = 4,913 | train size = 4,913 | val size = 0 | test size = 0
Fitting scaler
Building model 0
MoleculeModel(
  (encoder): MPN(
    (encoder): ModuleList(
      (0): MPNEncoder(
        (dropout_layer): Dropout(p=0.0, inplace=False)
        (act_func): ReLU()
        (W_i): Linear(in_features=147, out_features=300, bias=False)
        (W_h): Linear(in_features=300, out_features=300, bias=False)
        (W_o): Linear(in_features=433, out_features=300, bias=True)
      )
    )
  )
  (ffn): Sequential(
    (0): Dropout(p=0.0, inplace=False)
    (1): Linear(in_features=501, out_features=300, bias=True)
    (2): ReLU()
    (3): Dropout(p=0.0, inplace=False)
    (4): Linear(in_features=300, out_features=1, bias=True)
  )
)
Number of parameters = 415,201
Moving model to cuda
Epoch 0
Loss = 7.8605e-01, PNorm = 35.0927, GNorm = 3.6918, lr_0 = 1.5051e-04
Loss = 3.4139e-01, PNorm = 35.0963, GNorm = 3.4440, lr_0 = 1.9643e-04
Loss = 2.5379e-01, PNorm = 35.0965, GNorm = 1.8192, lr_0 = 2.4235e-04
Loss = 1.6054e-01, PNorm = 35.0994, GNorm = 1.3647, lr_0 = 2.8827e-04
Loss = 1.1743e-01, PNorm = 35.1034, GNorm = 2.3265, lr_0 = 3.3418e-04
Loss = 8.7903e-02, PNorm = 35.1072, GNorm = 1.3373, lr_0 = 3.8010e-04
Loss = 6.3719e-02, PNorm = 35.1117, GNorm = 1.0841, lr_0 = 4.2602e-04
Loss = 5.0405e-02, PNorm = 35.1157, GNorm = 2.0152, lr_0 = 4.7194e-04
Loss = 2.9036e-02, PNorm = 35.1192, GNorm = 2.1031, lr_0 = 5.1786e-04
Validation mae = nan
Epoch 1
Loss = 1.0957e-02, PNorm = 35.1215, GNorm = 0.8095, lr_0 = 5.6837e-04
Loss = 1.1408e-02, PNorm = 35.1227, GNorm = 0.3388, lr_0 = 6.1429e-04
Loss = 9.3741e-03, PNorm = 35.1240, GNorm = 1.0906, lr_0 = 6.6020e-04
Loss = 6.3056e-03, PNorm = 35.1248, GNorm = 0.6894, lr_0 = 7.0612e-04
Loss = 6.5777e-03, PNorm = 35.1248, GNorm = 1.0271, lr_0 = 7.5204e-04
Loss = 5.3761e-03, PNorm = 35.1249, GNorm = 0.7130, lr_0 = 7.9796e-04
Loss = 5.3489e-03, PNorm = 35.1253, GNorm = 0.5305, lr_0 = 8.4388e-04
Loss = 4.5650e-03, PNorm = 35.1262, GNorm = 0.4486, lr_0 = 8.8980e-04
Loss = 4.5533e-03, PNorm = 35.1266, GNorm = 0.7162, lr_0 = 9.3571e-04
Loss = 5.4759e-03, PNorm = 35.1270, GNorm = 1.2937, lr_0 = 9.8163e-04
Validation mae = nan
Epoch 2
Loss = 7.3510e-03, PNorm = 35.1275, GNorm = 1.9929, lr_0 = 9.9832e-04
Loss = 4.3372e-03, PNorm = 35.1283, GNorm = 0.3928, lr_0 = 9.9593e-04
Loss = 4.7417e-03, PNorm = 35.1291, GNorm = 0.4549, lr_0 = 9.9355e-04
Loss = 4.8121e-03, PNorm = 35.1299, GNorm = 0.1745, lr_0 = 9.9117e-04
Loss = 2.9488e-03, PNorm = 35.1308, GNorm = 0.3030, lr_0 = 9.8879e-04
Loss = 2.9849e-03, PNorm = 35.1318, GNorm = 0.3488, lr_0 = 9.8643e-04
Loss = 2.5374e-03, PNorm = 35.1328, GNorm = 0.1806, lr_0 = 9.8406e-04
Loss = 2.3641e-03, PNorm = 35.1334, GNorm = 0.4599, lr_0 = 9.8171e-04
Loss = 2.4926e-03, PNorm = 35.1343, GNorm = 0.3881, lr_0 = 9.7936e-04
Loss = 3.8304e-03, PNorm = 35.1353, GNorm = 0.5779, lr_0 = 9.7701e-04
Validation mae = nan
Epoch 3
Loss = 3.7066e-03, PNorm = 35.1363, GNorm = 0.7501, lr_0 = 9.7444e-04
Loss = 3.3392e-03, PNorm = 35.1369, GNorm = 0.1877, lr_0 = 9.7211e-04
Loss = 2.5111e-03, PNorm = 35.1380, GNorm = 0.1776, lr_0 = 9.6978e-04
Loss = 2.4436e-03, PNorm = 35.1390, GNorm = 0.1752, lr_0 = 9.6746e-04
Loss = 3.0554e-03, PNorm = 35.1397, GNorm = 0.3012, lr_0 = 9.6514e-04
Loss = 2.5574e-03, PNorm = 35.1407, GNorm = 0.3265, lr_0 = 9.6283e-04
Loss = 2.1209e-03, PNorm = 35.1416, GNorm = 0.1446, lr_0 = 9.6052e-04
Loss = 1.6289e-03, PNorm = 35.1421, GNorm = 0.1325, lr_0 = 9.5822e-04
Loss = 2.0918e-03, PNorm = 35.1421, GNorm = 0.4090, lr_0 = 9.5593e-04
Loss = 3.8006e-03, PNorm = 35.1421, GNorm = 1.4089, lr_0 = 9.5364e-04
Validation mae = nan
Epoch 4
Loss = 3.2298e-03, PNorm = 35.1421, GNorm = 0.4664, lr_0 = 9.5135e-04
Loss = 2.7977e-03, PNorm = 35.1423, GNorm = 0.8903, lr_0 = 9.4908e-04
Loss = 3.4966e-03, PNorm = 35.1425, GNorm = 0.8808, lr_0 = 9.4680e-04
Loss = 2.7308e-03, PNorm = 35.1437, GNorm = 0.5730, lr_0 = 9.4454e-04
Loss = 2.6728e-03, PNorm = 35.1446, GNorm = 0.3554, lr_0 = 9.4227e-04
Loss = 2.5922e-03, PNorm = 35.1450, GNorm = 0.4199, lr_0 = 9.4002e-04
Loss = 2.7246e-03, PNorm = 35.1456, GNorm = 1.1649, lr_0 = 9.3777e-04
Loss = 2.9246e-03, PNorm = 35.1457, GNorm = 0.7041, lr_0 = 9.3552e-04
Loss = 2.7451e-03, PNorm = 35.1461, GNorm = 0.4267, lr_0 = 9.3328e-04
Loss = 1.9540e-03, PNorm = 35.1470, GNorm = 0.3968, lr_0 = 9.3105e-04
Validation mae = nan
Epoch 5
Loss = 3.4124e-03, PNorm = 35.1474, GNorm = 0.7403, lr_0 = 9.2859e-04
Loss = 2.5787e-03, PNorm = 35.1481, GNorm = 0.5769, lr_0 = 9.2637e-04
Loss = 1.9856e-03, PNorm = 35.1499, GNorm = 0.4519, lr_0 = 9.2415e-04
Loss = 2.0142e-03, PNorm = 35.1523, GNorm = 0.3868, lr_0 = 9.2194e-04
Loss = 1.7797e-03, PNorm = 35.1535, GNorm = 0.2778, lr_0 = 9.1973e-04
Loss = 2.4930e-03, PNorm = 35.1542, GNorm = 0.2095, lr_0 = 9.1753e-04
Loss = 1.8509e-03, PNorm = 35.1553, GNorm = 0.1867, lr_0 = 9.1533e-04
Loss = 1.6608e-03, PNorm = 35.1559, GNorm = 0.1680, lr_0 = 9.1314e-04
Loss = 1.2965e-03, PNorm = 35.1562, GNorm = 0.1658, lr_0 = 9.1095e-04
Validation mae = nan
Epoch 6
Loss = 1.4208e-03, PNorm = 35.1565, GNorm = 0.2171, lr_0 = 9.0855e-04
Loss = 1.3514e-03, PNorm = 35.1569, GNorm = 0.1384, lr_0 = 9.0638e-04
Loss = 1.6334e-03, PNorm = 35.1575, GNorm = 0.5088, lr_0 = 9.0421e-04
Loss = 1.9528e-03, PNorm = 35.1586, GNorm = 0.2579, lr_0 = 9.0204e-04
Loss = 1.0487e-03, PNorm = 35.1602, GNorm = 0.0557, lr_0 = 8.9988e-04
Loss = 1.2608e-03, PNorm = 35.1613, GNorm = 0.3874, lr_0 = 8.9773e-04
Loss = 1.3598e-03, PNorm = 35.1621, GNorm = 0.2775, lr_0 = 8.9558e-04
Loss = 1.2646e-03, PNorm = 35.1630, GNorm = 0.3827, lr_0 = 8.9343e-04
Loss = 1.2293e-03, PNorm = 35.1638, GNorm = 0.0976, lr_0 = 8.9129e-04
Loss = 1.0250e-03, PNorm = 35.1644, GNorm = 0.2310, lr_0 = 8.8916e-04
Validation mae = nan
Epoch 7
Loss = 8.0314e-04, PNorm = 35.1652, GNorm = 0.2584, lr_0 = 8.8682e-04
Loss = 1.0825e-03, PNorm = 35.1662, GNorm = 0.2504, lr_0 = 8.8469e-04
Loss = 1.3253e-03, PNorm = 35.1665, GNorm = 0.1097, lr_0 = 8.8258e-04
Loss = 1.5893e-03, PNorm = 35.1674, GNorm = 0.4785, lr_0 = 8.8046e-04
Loss = 1.4717e-03, PNorm = 35.1680, GNorm = 0.2076, lr_0 = 8.7835e-04
Loss = 1.9408e-03, PNorm = 35.1687, GNorm = 0.1322, lr_0 = 8.7625e-04
Loss = 1.9061e-03, PNorm = 35.1696, GNorm = 0.1966, lr_0 = 8.7415e-04
Loss = 1.2621e-03, PNorm = 35.1707, GNorm = 0.2179, lr_0 = 8.7206e-04
Loss = 1.2747e-03, PNorm = 35.1720, GNorm = 0.1592, lr_0 = 8.6997e-04
Loss = 2.1015e-03, PNorm = 35.1731, GNorm = 0.6163, lr_0 = 8.6789e-04
Validation mae = nan
Epoch 8
Loss = 1.3831e-03, PNorm = 35.1738, GNorm = 0.3787, lr_0 = 8.6581e-04
Loss = 1.0647e-03, PNorm = 35.1754, GNorm = 0.2066, lr_0 = 8.6374e-04
Loss = 1.4012e-03, PNorm = 35.1772, GNorm = 0.2750, lr_0 = 8.6167e-04
Loss = 1.2486e-03, PNorm = 35.1786, GNorm = 0.3558, lr_0 = 8.5960e-04
Loss = 1.1958e-03, PNorm = 35.1794, GNorm = 0.0753, lr_0 = 8.5755e-04
Loss = 8.6265e-04, PNorm = 35.1805, GNorm = 0.3439, lr_0 = 8.5549e-04
Loss = 1.0634e-03, PNorm = 35.1811, GNorm = 0.1623, lr_0 = 8.5344e-04
Loss = 9.0092e-04, PNorm = 35.1819, GNorm = 0.0778, lr_0 = 8.5140e-04
Loss = 1.3322e-03, PNorm = 35.1829, GNorm = 0.1075, lr_0 = 8.4936e-04
Loss = 1.2302e-03, PNorm = 35.1839, GNorm = 0.1573, lr_0 = 8.4733e-04
Validation mae = nan
Epoch 9
Loss = 1.2000e-03, PNorm = 35.1854, GNorm = 0.4967, lr_0 = 8.4509e-04
Loss = 1.8992e-03, PNorm = 35.1869, GNorm = 0.5743, lr_0 = 8.4307e-04
Loss = 1.5285e-03, PNorm = 35.1880, GNorm = 0.0971, lr_0 = 8.4105e-04
Loss = 1.2774e-03, PNorm = 35.1894, GNorm = 0.4224, lr_0 = 8.3904e-04
Loss = 1.7994e-03, PNorm = 35.1903, GNorm = 0.5288, lr_0 = 8.3703e-04
Loss = 2.1140e-03, PNorm = 35.1916, GNorm = 0.1749, lr_0 = 8.3502e-04
Loss = 1.3984e-03, PNorm = 35.1927, GNorm = 0.3621, lr_0 = 8.3303e-04
Loss = 1.2903e-03, PNorm = 35.1941, GNorm = 0.2907, lr_0 = 8.3103e-04
Loss = 1.0281e-03, PNorm = 35.1953, GNorm = 0.0807, lr_0 = 8.2904e-04
Loss = 7.3199e-04, PNorm = 35.1961, GNorm = 0.1760, lr_0 = 8.2705e-04
Validation mae = nan
Epoch 10
Loss = 7.9433e-04, PNorm = 35.1970, GNorm = 0.1440, lr_0 = 8.2488e-04
Loss = 7.5083e-04, PNorm = 35.1981, GNorm = 0.2096, lr_0 = 8.2290e-04
Loss = 7.2188e-04, PNorm = 35.1989, GNorm = 0.2176, lr_0 = 8.2093e-04
Loss = 8.2221e-04, PNorm = 35.2000, GNorm = 0.1507, lr_0 = 8.1896e-04
Loss = 1.1946e-03, PNorm = 35.2008, GNorm = 0.3185, lr_0 = 8.1700e-04
Loss = 8.8725e-04, PNorm = 35.2015, GNorm = 0.2846, lr_0 = 8.1505e-04
Loss = 7.8424e-04, PNorm = 35.2028, GNorm = 0.1324, lr_0 = 8.1310e-04
Loss = 8.3916e-04, PNorm = 35.2057, GNorm = 0.1443, lr_0 = 8.1115e-04
Loss = 8.7025e-04, PNorm = 35.2085, GNorm = 0.0774, lr_0 = 8.0921e-04
Loss = 1.0699e-03, PNorm = 35.2104, GNorm = 0.4034, lr_0 = 8.0727e-04
Loss = 9.4442e-04, PNorm = 35.2107, GNorm = 0.2508, lr_0 = 8.0707e-04
Validation mae = nan
Epoch 11
Loss = 1.6241e-03, PNorm = 35.2122, GNorm = 0.4787, lr_0 = 8.0514e-04
Loss = 1.2119e-03, PNorm = 35.2127, GNorm = 0.1999, lr_0 = 8.0321e-04
Loss = 9.9318e-04, PNorm = 35.2137, GNorm = 0.2999, lr_0 = 8.0129e-04
Loss = 9.8957e-04, PNorm = 35.2150, GNorm = 0.2976, lr_0 = 7.9937e-04
Loss = 8.7628e-04, PNorm = 35.2162, GNorm = 0.1895, lr_0 = 7.9746e-04
Loss = 6.6295e-04, PNorm = 35.2172, GNorm = 0.1779, lr_0 = 7.9555e-04
Loss = 1.0048e-03, PNorm = 35.2185, GNorm = 0.2996, lr_0 = 7.9364e-04
Loss = 9.8356e-04, PNorm = 35.2194, GNorm = 0.2998, lr_0 = 7.9174e-04
Loss = 7.1267e-04, PNorm = 35.2206, GNorm = 0.0730, lr_0 = 7.8985e-04
Validation mae = nan
Epoch 12
Loss = 7.0586e-04, PNorm = 35.2224, GNorm = 0.2056, lr_0 = 7.8796e-04
Loss = 7.7467e-04, PNorm = 35.2234, GNorm = 0.2224, lr_0 = 7.8607e-04
Loss = 6.2188e-04, PNorm = 35.2242, GNorm = 0.1068, lr_0 = 7.8419e-04
Loss = 7.4697e-04, PNorm = 35.2255, GNorm = 0.2257, lr_0 = 7.8231e-04
Loss = 6.9500e-04, PNorm = 35.2271, GNorm = 0.0830, lr_0 = 7.8043e-04
Loss = 5.0112e-04, PNorm = 35.2298, GNorm = 0.1662, lr_0 = 7.7857e-04
Loss = 6.5464e-04, PNorm = 35.2316, GNorm = 0.1229, lr_0 = 7.7670e-04
Loss = 8.6810e-04, PNorm = 35.2330, GNorm = 0.1364, lr_0 = 7.7484e-04
Loss = 6.3758e-04, PNorm = 35.2335, GNorm = 0.1583, lr_0 = 7.7299e-04
Loss = 6.7884e-04, PNorm = 35.2350, GNorm = 0.1522, lr_0 = 7.7113e-04
Validation mae = nan
Epoch 13
Loss = 9.0223e-04, PNorm = 35.2361, GNorm = 0.1508, lr_0 = 7.6910e-04
Loss = 9.5485e-04, PNorm = 35.2374, GNorm = 0.1030, lr_0 = 7.6726e-04
Loss = 7.6916e-04, PNorm = 35.2389, GNorm = 0.0993, lr_0 = 7.6542e-04
Loss = 5.3097e-04, PNorm = 35.2398, GNorm = 0.0689, lr_0 = 7.6359e-04
Loss = 5.5254e-04, PNorm = 35.2410, GNorm = 0.1891, lr_0 = 7.6176e-04
Loss = 5.3522e-04, PNorm = 35.2428, GNorm = 0.2355, lr_0 = 7.5994e-04
Loss = 5.5357e-04, PNorm = 35.2434, GNorm = 0.1246, lr_0 = 7.5812e-04
Loss = 6.1240e-04, PNorm = 35.2444, GNorm = 0.2661, lr_0 = 7.5630e-04
Loss = 5.7423e-04, PNorm = 35.2450, GNorm = 0.0711, lr_0 = 7.5449e-04
Loss = 6.8399e-04, PNorm = 35.2458, GNorm = 0.0691, lr_0 = 7.5269e-04
Validation mae = nan
Epoch 14
Loss = 8.4849e-04, PNorm = 35.2469, GNorm = 0.2665, lr_0 = 7.5070e-04
Loss = 1.1230e-03, PNorm = 35.2480, GNorm = 0.3196, lr_0 = 7.4891e-04
Loss = 6.1275e-04, PNorm = 35.2492, GNorm = 0.1067, lr_0 = 7.4711e-04
Loss = 6.6485e-04, PNorm = 35.2514, GNorm = 0.0671, lr_0 = 7.4532e-04
Loss = 7.7099e-04, PNorm = 35.2526, GNorm = 0.2773, lr_0 = 7.4354e-04
Loss = 9.4357e-04, PNorm = 35.2546, GNorm = 0.3838, lr_0 = 7.4176e-04
Loss = 6.7380e-04, PNorm = 35.2555, GNorm = 0.1079, lr_0 = 7.3998e-04
Loss = 6.0795e-04, PNorm = 35.2568, GNorm = 0.0635, lr_0 = 7.3821e-04
Loss = 5.0582e-04, PNorm = 35.2579, GNorm = 0.1097, lr_0 = 7.3644e-04
Loss = 4.8512e-04, PNorm = 35.2591, GNorm = 0.1908, lr_0 = 7.3468e-04
Validation mae = nan
Epoch 15
Loss = 6.1619e-04, PNorm = 35.2608, GNorm = 0.3418, lr_0 = 7.3274e-04
Loss = 7.0656e-04, PNorm = 35.2624, GNorm = 0.2322, lr_0 = 7.3099e-04
Loss = 7.6992e-04, PNorm = 35.2654, GNorm = 0.1061, lr_0 = 7.2924e-04
Loss = 6.2409e-04, PNorm = 35.2666, GNorm = 0.0652, lr_0 = 7.2749e-04
Loss = 5.9357e-04, PNorm = 35.2671, GNorm = 0.0804, lr_0 = 7.2575e-04
Loss = 6.3609e-04, PNorm = 35.2683, GNorm = 0.0951, lr_0 = 7.2401e-04
Loss = 6.8539e-04, PNorm = 35.2701, GNorm = 0.2974, lr_0 = 7.2228e-04
Loss = 7.5597e-04, PNorm = 35.2720, GNorm = 0.1354, lr_0 = 7.2055e-04
Loss = 6.0414e-04, PNorm = 35.2730, GNorm = 0.1492, lr_0 = 7.1882e-04
Loss = 5.3224e-04, PNorm = 35.2747, GNorm = 0.0847, lr_0 = 7.1710e-04
Validation mae = nan
Epoch 16
Loss = 4.2540e-04, PNorm = 35.2758, GNorm = 0.1424, lr_0 = 7.1538e-04
Loss = 5.4634e-04, PNorm = 35.2767, GNorm = 0.1388, lr_0 = 7.1367e-04
Loss = 4.8627e-04, PNorm = 35.2785, GNorm = 0.0857, lr_0 = 7.1196e-04
Loss = 4.8315e-04, PNorm = 35.2799, GNorm = 0.0918, lr_0 = 7.1026e-04
Loss = 4.7424e-04, PNorm = 35.2807, GNorm = 0.2234, lr_0 = 7.0856e-04
Loss = 4.7796e-04, PNorm = 35.2815, GNorm = 0.1862, lr_0 = 7.0686e-04
Loss = 4.9900e-04, PNorm = 35.2824, GNorm = 0.0551, lr_0 = 7.0517e-04
Loss = 6.5317e-04, PNorm = 35.2841, GNorm = 0.1355, lr_0 = 7.0348e-04
Loss = 6.3426e-04, PNorm = 35.2851, GNorm = 0.1382, lr_0 = 7.0179e-04
Loss = 6.1951e-04, PNorm = 35.2861, GNorm = 0.1077, lr_0 = 7.0011e-04
Loss = 4.2478e-04, PNorm = 35.2862, GNorm = 0.1880, lr_0 = 6.9995e-04
Validation mae = nan
Epoch 17
Loss = 6.8892e-04, PNorm = 35.2871, GNorm = 0.1951, lr_0 = 6.9827e-04
Loss = 7.5960e-04, PNorm = 35.2890, GNorm = 0.1701, lr_0 = 6.9660e-04
Loss = 6.2489e-04, PNorm = 35.2908, GNorm = 0.1322, lr_0 = 6.9493e-04
Loss = 5.1743e-04, PNorm = 35.2928, GNorm = 0.0822, lr_0 = 6.9327e-04
Loss = 5.3231e-04, PNorm = 35.2945, GNorm = 0.0836, lr_0 = 6.9161e-04
Loss = 3.2788e-04, PNorm = 35.2961, GNorm = 0.0484, lr_0 = 6.8995e-04
Loss = 3.8853e-04, PNorm = 35.2973, GNorm = 0.0710, lr_0 = 6.8830e-04
Loss = 4.0614e-04, PNorm = 35.2990, GNorm = 0.1259, lr_0 = 6.8665e-04
Loss = 3.0690e-04, PNorm = 35.3001, GNorm = 0.0528, lr_0 = 6.8500e-04
Validation mae = nan
Epoch 18
Loss = 6.0242e-04, PNorm = 35.3016, GNorm = 0.1172, lr_0 = 6.8320e-04
Loss = 4.9920e-04, PNorm = 35.3032, GNorm = 0.1023, lr_0 = 6.8156e-04
Loss = 5.8320e-04, PNorm = 35.3046, GNorm = 0.1194, lr_0 = 6.7993e-04
Loss = 5.8070e-04, PNorm = 35.3060, GNorm = 0.1171, lr_0 = 6.7830e-04
Loss = 4.3752e-04, PNorm = 35.3070, GNorm = 0.1033, lr_0 = 6.7668e-04
Loss = 5.0600e-04, PNorm = 35.3082, GNorm = 0.0341, lr_0 = 6.7506e-04
Loss = 4.0155e-04, PNorm = 35.3089, GNorm = 0.0846, lr_0 = 6.7344e-04
Loss = 4.6556e-04, PNorm = 35.3096, GNorm = 0.2553, lr_0 = 6.7183e-04
Loss = 7.0789e-04, PNorm = 35.3107, GNorm = 0.0765, lr_0 = 6.7022e-04
Loss = 5.7400e-04, PNorm = 35.3121, GNorm = 0.2552, lr_0 = 6.6862e-04
Validation mae = nan
Epoch 19
Loss = 7.7198e-04, PNorm = 35.3138, GNorm = 0.1255, lr_0 = 6.6686e-04
Loss = 5.6416e-04, PNorm = 35.3160, GNorm = 0.1178, lr_0 = 6.6526e-04
Loss = 4.5469e-04, PNorm = 35.3173, GNorm = 0.1130, lr_0 = 6.6367e-04
Loss = 4.8109e-04, PNorm = 35.3185, GNorm = 0.1331, lr_0 = 6.6208e-04
Loss = 4.1359e-04, PNorm = 35.3199, GNorm = 0.1267, lr_0 = 6.6049e-04
Loss = 5.5245e-04, PNorm = 35.3221, GNorm = 0.2057, lr_0 = 6.5891e-04
Loss = 6.0746e-04, PNorm = 35.3232, GNorm = 0.1371, lr_0 = 6.5733e-04
Loss = 6.5930e-04, PNorm = 35.3246, GNorm = 0.1831, lr_0 = 6.5576e-04
Loss = 8.5060e-04, PNorm = 35.3256, GNorm = 0.1239, lr_0 = 6.5419e-04
Loss = 9.6633e-04, PNorm = 35.3265, GNorm = 0.1448, lr_0 = 6.5262e-04
Validation mae = nan
Epoch 20
Loss = 1.0524e-03, PNorm = 35.3271, GNorm = 0.3630, lr_0 = 6.5106e-04
Loss = 6.5542e-04, PNorm = 35.3296, GNorm = 0.0927, lr_0 = 6.4950e-04
Loss = 4.5768e-04, PNorm = 35.3311, GNorm = 0.0913, lr_0 = 6.4794e-04
Loss = 4.9840e-04, PNorm = 35.3316, GNorm = 0.1324, lr_0 = 6.4639e-04
Loss = 7.8338e-04, PNorm = 35.3327, GNorm = 0.4495, lr_0 = 6.4484e-04
Loss = 6.6553e-04, PNorm = 35.3335, GNorm = 0.2146, lr_0 = 6.4330e-04
Loss = 6.7181e-04, PNorm = 35.3348, GNorm = 0.1496, lr_0 = 6.4176e-04
Loss = 5.9967e-04, PNorm = 35.3358, GNorm = 0.1329, lr_0 = 6.4022e-04
Loss = 5.9991e-04, PNorm = 35.3376, GNorm = 0.1460, lr_0 = 6.3869e-04
Loss = 4.7816e-04, PNorm = 35.3398, GNorm = 0.1150, lr_0 = 6.3716e-04
Validation mae = nan
Epoch 21
Loss = 3.9865e-04, PNorm = 35.3409, GNorm = 0.1632, lr_0 = 6.3548e-04
Loss = 5.1879e-04, PNorm = 35.3418, GNorm = 0.2000, lr_0 = 6.3396e-04
Loss = 6.8906e-04, PNorm = 35.3427, GNorm = 0.1799, lr_0 = 6.3244e-04
Loss = 6.3421e-04, PNorm = 35.3431, GNorm = 0.0849, lr_0 = 6.3093e-04
Loss = 4.5217e-04, PNorm = 35.3441, GNorm = 0.0716, lr_0 = 6.2942e-04
Loss = 3.8973e-04, PNorm = 35.3455, GNorm = 0.2634, lr_0 = 6.2791e-04
Loss = 6.1050e-04, PNorm = 35.3467, GNorm = 0.1484, lr_0 = 6.2641e-04
Loss = 7.2703e-04, PNorm = 35.3479, GNorm = 0.1767, lr_0 = 6.2491e-04
Loss = 5.5749e-04, PNorm = 35.3483, GNorm = 0.0895, lr_0 = 6.2341e-04
Loss = 4.4613e-04, PNorm = 35.3497, GNorm = 0.1000, lr_0 = 6.2192e-04
Validation mae = nan
Epoch 22
Loss = 5.3098e-04, PNorm = 35.3511, GNorm = 0.1501, lr_0 = 6.2028e-04
Loss = 4.3713e-04, PNorm = 35.3521, GNorm = 0.0577, lr_0 = 6.1879e-04
Loss = 4.3143e-04, PNorm = 35.3544, GNorm = 0.0854, lr_0 = 6.1731e-04
Loss = 4.8078e-04, PNorm = 35.3554, GNorm = 0.1483, lr_0 = 6.1583e-04
Loss = 5.2606e-04, PNorm = 35.3564, GNorm = 0.3061, lr_0 = 6.1436e-04
Loss = 5.9573e-04, PNorm = 35.3573, GNorm = 0.1593, lr_0 = 6.1289e-04
Loss = 4.8786e-04, PNorm = 35.3589, GNorm = 0.1452, lr_0 = 6.1142e-04
Loss = 3.8892e-04, PNorm = 35.3608, GNorm = 0.1784, lr_0 = 6.0995e-04
Loss = 6.3498e-04, PNorm = 35.3632, GNorm = 0.2619, lr_0 = 6.0849e-04
Validation mae = nan
Epoch 23
Loss = 6.2923e-04, PNorm = 35.3658, GNorm = 0.1886, lr_0 = 6.0689e-04
Loss = 4.4193e-04, PNorm = 35.3677, GNorm = 0.1439, lr_0 = 6.0544e-04
Loss = 4.4493e-04, PNorm = 35.3690, GNorm = 0.2610, lr_0 = 6.0399e-04
Loss = 3.6216e-04, PNorm = 35.3703, GNorm = 0.0999, lr_0 = 6.0254e-04
Loss = 2.9363e-04, PNorm = 35.3717, GNorm = 0.1274, lr_0 = 6.0110e-04
Loss = 3.4670e-04, PNorm = 35.3731, GNorm = 0.1406, lr_0 = 5.9966e-04
Loss = 4.8893e-04, PNorm = 35.3748, GNorm = 0.1336, lr_0 = 5.9822e-04
Loss = 6.0747e-04, PNorm = 35.3758, GNorm = 0.0653, lr_0 = 5.9679e-04
Loss = 5.6032e-04, PNorm = 35.3772, GNorm = 0.0526, lr_0 = 5.9536e-04
Loss = 5.2875e-04, PNorm = 35.3787, GNorm = 0.1429, lr_0 = 5.9394e-04
Validation mae = nan
Epoch 24
Loss = 7.2222e-04, PNorm = 35.3799, GNorm = 0.1057, lr_0 = 5.9251e-04
Loss = 6.0597e-04, PNorm = 35.3812, GNorm = 0.2134, lr_0 = 5.9110e-04
Loss = 5.8397e-04, PNorm = 35.3823, GNorm = 0.1822, lr_0 = 5.8968e-04
Loss = 3.7073e-04, PNorm = 35.3833, GNorm = 0.1397, lr_0 = 5.8827e-04
Loss = 4.9829e-04, PNorm = 35.3841, GNorm = 0.1805, lr_0 = 5.8686e-04
Loss = 5.6968e-04, PNorm = 35.3850, GNorm = 0.3527, lr_0 = 5.8545e-04
Loss = 6.0119e-04, PNorm = 35.3868, GNorm = 0.2560, lr_0 = 5.8405e-04
Loss = 3.6904e-04, PNorm = 35.3880, GNorm = 0.1388, lr_0 = 5.8265e-04
Loss = 3.1112e-04, PNorm = 35.3895, GNorm = 0.0453, lr_0 = 5.8126e-04
Loss = 4.6122e-04, PNorm = 35.3908, GNorm = 0.1141, lr_0 = 5.7987e-04
Validation mae = nan
Epoch 25
Loss = 3.9950e-04, PNorm = 35.3922, GNorm = 0.0621, lr_0 = 5.7834e-04
Loss = 2.7983e-04, PNorm = 35.3935, GNorm = 0.1256, lr_0 = 5.7695e-04
Loss = 3.0772e-04, PNorm = 35.3946, GNorm = 0.1448, lr_0 = 5.7557e-04
Loss = 3.1116e-04, PNorm = 35.3959, GNorm = 0.1254, lr_0 = 5.7419e-04
Loss = 2.8167e-04, PNorm = 35.3975, GNorm = 0.0919, lr_0 = 5.7282e-04
Loss = 2.9492e-04, PNorm = 35.3989, GNorm = 0.1128, lr_0 = 5.7145e-04
Loss = 3.0859e-04, PNorm = 35.4001, GNorm = 0.1281, lr_0 = 5.7008e-04
Loss = 5.0626e-04, PNorm = 35.4009, GNorm = 0.1273, lr_0 = 5.6871e-04
Loss = 3.9503e-04, PNorm = 35.4025, GNorm = 0.1476, lr_0 = 5.6735e-04
Loss = 4.7759e-04, PNorm = 35.4036, GNorm = 0.4094, lr_0 = 5.6599e-04
Validation mae = nan
Epoch 26
Loss = 4.3572e-04, PNorm = 35.4046, GNorm = 0.0825, lr_0 = 5.6450e-04
Loss = 4.4230e-04, PNorm = 35.4055, GNorm = 0.2145, lr_0 = 5.6315e-04
Loss = 5.5268e-04, PNorm = 35.4068, GNorm = 0.1523, lr_0 = 5.6180e-04
Loss = 6.8161e-04, PNorm = 35.4085, GNorm = 0.1105, lr_0 = 5.6046e-04
Loss = 8.8784e-04, PNorm = 35.4103, GNorm = 0.2005, lr_0 = 5.5911e-04
Loss = 7.7828e-04, PNorm = 35.4117, GNorm = 0.1482, lr_0 = 5.5778e-04
Loss = 5.5473e-04, PNorm = 35.4148, GNorm = 0.1180, lr_0 = 5.5644e-04
Loss = 5.6813e-04, PNorm = 35.4165, GNorm = 0.1474, lr_0 = 5.5511e-04
Loss = 7.5892e-04, PNorm = 35.4178, GNorm = 0.2113, lr_0 = 5.5378e-04
Loss = 8.1932e-04, PNorm = 35.4189, GNorm = 0.3097, lr_0 = 5.5245e-04
Validation mae = nan
Epoch 27
Loss = 6.2950e-04, PNorm = 35.4200, GNorm = 0.1910, lr_0 = 5.5113e-04
Loss = 5.0163e-04, PNorm = 35.4216, GNorm = 0.0669, lr_0 = 5.4981e-04
Loss = 4.8672e-04, PNorm = 35.4236, GNorm = 0.1505, lr_0 = 5.4849e-04
Loss = 5.9678e-04, PNorm = 35.4258, GNorm = 0.1083, lr_0 = 5.4718e-04
Loss = 3.6199e-04, PNorm = 35.4270, GNorm = 0.1244, lr_0 = 5.4587e-04
Loss = 4.1080e-04, PNorm = 35.4280, GNorm = 0.0881, lr_0 = 5.4456e-04
Loss = 3.4380e-04, PNorm = 35.4287, GNorm = 0.1176, lr_0 = 5.4326e-04
Loss = 4.3100e-04, PNorm = 35.4295, GNorm = 0.0560, lr_0 = 5.4196e-04
Loss = 8.6433e-04, PNorm = 35.4303, GNorm = 0.0919, lr_0 = 5.4066e-04
Loss = 5.9535e-04, PNorm = 35.4318, GNorm = 0.2403, lr_0 = 5.3936e-04
Validation mae = nan
Epoch 28
Loss = 6.3333e-04, PNorm = 35.4332, GNorm = 0.2384, lr_0 = 5.3794e-04
Loss = 4.9608e-04, PNorm = 35.4351, GNorm = 0.2224, lr_0 = 5.3666e-04
Loss = 2.9565e-04, PNorm = 35.4370, GNorm = 0.0780, lr_0 = 5.3537e-04
Loss = 4.0894e-04, PNorm = 35.4380, GNorm = 0.2360, lr_0 = 5.3409e-04
Loss = 4.9832e-04, PNorm = 35.4394, GNorm = 0.1419, lr_0 = 5.3281e-04
Loss = 3.7432e-04, PNorm = 35.4405, GNorm = 0.0459, lr_0 = 5.3153e-04
Loss = 3.7727e-04, PNorm = 35.4420, GNorm = 0.1119, lr_0 = 5.3026e-04
Loss = 5.4831e-04, PNorm = 35.4429, GNorm = 0.1691, lr_0 = 5.2899e-04
Loss = 3.7647e-04, PNorm = 35.4445, GNorm = 0.0745, lr_0 = 5.2772e-04
Validation mae = nan
Epoch 29
Loss = 3.3764e-04, PNorm = 35.4461, GNorm = 0.1386, lr_0 = 5.2633e-04
Loss = 2.4844e-04, PNorm = 35.4472, GNorm = 0.0652, lr_0 = 5.2507e-04
Loss = 2.5474e-04, PNorm = 35.4485, GNorm = 0.0794, lr_0 = 5.2382e-04
Loss = 3.1261e-04, PNorm = 35.4501, GNorm = 0.0587, lr_0 = 5.2256e-04
Loss = 3.4011e-04, PNorm = 35.4513, GNorm = 0.0491, lr_0 = 5.2131e-04
Loss = 2.4631e-04, PNorm = 35.4517, GNorm = 0.0671, lr_0 = 5.2006e-04
Loss = 2.5246e-04, PNorm = 35.4531, GNorm = 0.1336, lr_0 = 5.1882e-04
Loss = 2.3438e-04, PNorm = 35.4542, GNorm = 0.0335, lr_0 = 5.1758e-04
Loss = 2.2490e-04, PNorm = 35.4552, GNorm = 0.0607, lr_0 = 5.1634e-04
Loss = 1.8508e-04, PNorm = 35.4561, GNorm = 0.0746, lr_0 = 5.1510e-04
Validation mae = nan
Epoch 30
Loss = 1.8041e-04, PNorm = 35.4577, GNorm = 0.0386, lr_0 = 5.1374e-04
Loss = 1.6353e-04, PNorm = 35.4588, GNorm = 0.0665, lr_0 = 5.1251e-04
Loss = 2.0010e-04, PNorm = 35.4599, GNorm = 0.0456, lr_0 = 5.1129e-04
Loss = 2.8721e-04, PNorm = 35.4611, GNorm = 0.1956, lr_0 = 5.1006e-04
Loss = 2.9518e-04, PNorm = 35.4622, GNorm = 0.1793, lr_0 = 5.0884e-04
Loss = 1.7768e-04, PNorm = 35.4632, GNorm = 0.0879, lr_0 = 5.0762e-04
Loss = 1.9629e-04, PNorm = 35.4648, GNorm = 0.0386, lr_0 = 5.0641e-04
Loss = 2.0332e-04, PNorm = 35.4668, GNorm = 0.0697, lr_0 = 5.0519e-04
Loss = 2.7080e-04, PNorm = 35.4688, GNorm = 0.1174, lr_0 = 5.0398e-04
Loss = 2.1533e-04, PNorm = 35.4696, GNorm = 0.0768, lr_0 = 5.0278e-04
Validation mae = nan
Epoch 31
Loss = 2.4606e-04, PNorm = 35.4710, GNorm = 0.0803, lr_0 = 5.0157e-04
Loss = 3.9132e-04, PNorm = 35.4727, GNorm = 0.1783, lr_0 = 5.0037e-04
Loss = 3.6154e-04, PNorm = 35.4742, GNorm = 0.1558, lr_0 = 4.9917e-04
Loss = 2.8661e-04, PNorm = 35.4758, GNorm = 0.0399, lr_0 = 4.9798e-04
Loss = 2.3027e-04, PNorm = 35.4766, GNorm = 0.1090, lr_0 = 4.9678e-04
Loss = 2.6713e-04, PNorm = 35.4772, GNorm = 0.0616, lr_0 = 4.9560e-04
Loss = 3.1145e-04, PNorm = 35.4787, GNorm = 0.0574, lr_0 = 4.9441e-04
Loss = 4.5573e-04, PNorm = 35.4793, GNorm = 0.2409, lr_0 = 4.9322e-04
Loss = 3.9671e-04, PNorm = 35.4803, GNorm = 0.1915, lr_0 = 4.9204e-04
Loss = 4.2811e-04, PNorm = 35.4806, GNorm = 0.1271, lr_0 = 4.9087e-04
Validation mae = nan
Epoch 32
Loss = 4.2332e-04, PNorm = 35.4816, GNorm = 0.1348, lr_0 = 4.8957e-04
Loss = 4.9167e-04, PNorm = 35.4833, GNorm = 0.2004, lr_0 = 4.8840e-04
Loss = 4.5061e-04, PNorm = 35.4849, GNorm = 0.1808, lr_0 = 4.8723e-04
Loss = 3.6165e-04, PNorm = 35.4871, GNorm = 0.1309, lr_0 = 4.8606e-04
Loss = 4.2972e-04, PNorm = 35.4897, GNorm = 0.1392, lr_0 = 4.8490e-04
Loss = 2.8725e-04, PNorm = 35.4909, GNorm = 0.1290, lr_0 = 4.8374e-04
Loss = 2.6431e-04, PNorm = 35.4927, GNorm = 0.0903, lr_0 = 4.8258e-04
Loss = 1.8733e-04, PNorm = 35.4934, GNorm = 0.0965, lr_0 = 4.8142e-04
Loss = 2.2184e-04, PNorm = 35.4945, GNorm = 0.0722, lr_0 = 4.8027e-04
Loss = 3.0559e-04, PNorm = 35.4958, GNorm = 0.1463, lr_0 = 4.7912e-04
Validation mae = nan
Epoch 33
Loss = 3.8035e-04, PNorm = 35.4974, GNorm = 0.1941, lr_0 = 4.7786e-04
Loss = 4.7795e-04, PNorm = 35.4992, GNorm = 0.1116, lr_0 = 4.7672e-04
Loss = 3.1562e-04, PNorm = 35.5005, GNorm = 0.0828, lr_0 = 4.7557e-04
Loss = 3.4944e-04, PNorm = 35.5017, GNorm = 0.1389, lr_0 = 4.7443e-04
Loss = 3.2138e-04, PNorm = 35.5031, GNorm = 0.2034, lr_0 = 4.7330e-04
Loss = 3.1970e-04, PNorm = 35.5046, GNorm = 0.1323, lr_0 = 4.7217e-04
Loss = 2.6759e-04, PNorm = 35.5059, GNorm = 0.0618, lr_0 = 4.7103e-04
Loss = 2.9661e-04, PNorm = 35.5068, GNorm = 0.1501, lr_0 = 4.6991e-04
Loss = 3.8632e-04, PNorm = 35.5075, GNorm = 0.1658, lr_0 = 4.6878e-04
Loss = 3.7996e-04, PNorm = 35.5082, GNorm = 0.1443, lr_0 = 4.6766e-04
Loss = 8.8299e-05, PNorm = 35.5083, GNorm = 0.0412, lr_0 = 4.6755e-04
Validation mae = nan
Epoch 34
Loss = 2.2205e-04, PNorm = 35.5096, GNorm = 0.0962, lr_0 = 4.6643e-04
Loss = 2.1036e-04, PNorm = 35.5112, GNorm = 0.0504, lr_0 = 4.6531e-04
Loss = 3.2168e-04, PNorm = 35.5125, GNorm = 0.2113, lr_0 = 4.6420e-04
Loss = 2.6958e-04, PNorm = 35.5136, GNorm = 0.1586, lr_0 = 4.6308e-04
Loss = 2.4038e-04, PNorm = 35.5153, GNorm = 0.0491, lr_0 = 4.6198e-04
Loss = 3.3665e-04, PNorm = 35.5165, GNorm = 0.2130, lr_0 = 4.6087e-04
Loss = 3.2134e-04, PNorm = 35.5174, GNorm = 0.0768, lr_0 = 4.5977e-04
Loss = 3.0937e-04, PNorm = 35.5183, GNorm = 0.0450, lr_0 = 4.5866e-04
Loss = 2.2002e-04, PNorm = 35.5191, GNorm = 0.0385, lr_0 = 4.5757e-04
Validation mae = nan
Epoch 35
Loss = 2.7328e-04, PNorm = 35.5206, GNorm = 0.1256, lr_0 = 4.5647e-04
Loss = 4.0197e-04, PNorm = 35.5221, GNorm = 0.1245, lr_0 = 4.5538e-04
Loss = 2.9633e-04, PNorm = 35.5231, GNorm = 0.1802, lr_0 = 4.5429e-04
Loss = 2.4676e-04, PNorm = 35.5247, GNorm = 0.0992, lr_0 = 4.5320e-04
Loss = 3.0956e-04, PNorm = 35.5261, GNorm = 0.0907, lr_0 = 4.5211e-04
Loss = 3.0698e-04, PNorm = 35.5272, GNorm = 0.0917, lr_0 = 4.5103e-04
Loss = 3.5179e-04, PNorm = 35.5290, GNorm = 0.2077, lr_0 = 4.4995e-04
Loss = 3.2499e-04, PNorm = 35.5303, GNorm = 0.1955, lr_0 = 4.4887e-04
Loss = 2.4263e-04, PNorm = 35.5318, GNorm = 0.0804, lr_0 = 4.4780e-04
Loss = 2.7337e-04, PNorm = 35.5331, GNorm = 0.0421, lr_0 = 4.4673e-04
Validation mae = nan
Epoch 36
Loss = 2.6062e-04, PNorm = 35.5350, GNorm = 0.0913, lr_0 = 4.4555e-04
Loss = 2.7727e-04, PNorm = 35.5364, GNorm = 0.1541, lr_0 = 4.4448e-04
Loss = 3.2188e-04, PNorm = 35.5373, GNorm = 0.1666, lr_0 = 4.4342e-04
Loss = 2.3841e-04, PNorm = 35.5379, GNorm = 0.0861, lr_0 = 4.4236e-04
Loss = 2.7744e-04, PNorm = 35.5387, GNorm = 0.0524, lr_0 = 4.4130e-04
Loss = 3.4331e-04, PNorm = 35.5395, GNorm = 0.0473, lr_0 = 4.4024e-04
Loss = 2.3005e-04, PNorm = 35.5404, GNorm = 0.0929, lr_0 = 4.3919e-04
Loss = 3.2942e-04, PNorm = 35.5417, GNorm = 0.1215, lr_0 = 4.3813e-04
Loss = 6.2549e-04, PNorm = 35.5431, GNorm = 0.1441, lr_0 = 4.3709e-04
Loss = 5.8745e-04, PNorm = 35.5452, GNorm = 0.2022, lr_0 = 4.3604e-04
Validation mae = nan
Epoch 37
Loss = 6.7315e-04, PNorm = 35.5466, GNorm = 0.1898, lr_0 = 4.3489e-04
Loss = 5.1331e-04, PNorm = 35.5488, GNorm = 0.0890, lr_0 = 4.3385e-04
Loss = 3.2192e-04, PNorm = 35.5502, GNorm = 0.0760, lr_0 = 4.3281e-04
Loss = 3.0116e-04, PNorm = 35.5514, GNorm = 0.0950, lr_0 = 4.3177e-04
Loss = 2.2868e-04, PNorm = 35.5526, GNorm = 0.0954, lr_0 = 4.3074e-04
Loss = 4.3656e-04, PNorm = 35.5535, GNorm = 0.1154, lr_0 = 4.2971e-04
Loss = 4.8117e-04, PNorm = 35.5548, GNorm = 0.3366, lr_0 = 4.2868e-04
Loss = 5.9316e-04, PNorm = 35.5565, GNorm = 0.1012, lr_0 = 4.2765e-04
Loss = 5.6008e-04, PNorm = 35.5584, GNorm = 0.2454, lr_0 = 4.2663e-04
Loss = 5.5844e-04, PNorm = 35.5596, GNorm = 0.0966, lr_0 = 4.2561e-04
Validation mae = nan
Epoch 38
Loss = 8.2439e-04, PNorm = 35.5616, GNorm = 0.3273, lr_0 = 4.2449e-04
Loss = 6.1375e-04, PNorm = 35.5630, GNorm = 0.0543, lr_0 = 4.2347e-04
Loss = 5.6720e-04, PNorm = 35.5644, GNorm = 0.2460, lr_0 = 4.2246e-04
Loss = 8.3304e-04, PNorm = 35.5657, GNorm = 0.3308, lr_0 = 4.2144e-04
Loss = 9.1627e-04, PNorm = 35.5672, GNorm = 0.2653, lr_0 = 4.2043e-04
Loss = 1.1214e-03, PNorm = 35.5688, GNorm = 0.1691, lr_0 = 4.1943e-04
Loss = 7.1589e-04, PNorm = 35.5705, GNorm = 0.2199, lr_0 = 4.1842e-04
Loss = 9.7151e-04, PNorm = 35.5725, GNorm = 0.2998, lr_0 = 4.1742e-04
Loss = 1.1535e-03, PNorm = 35.5735, GNorm = 0.2595, lr_0 = 4.1642e-04
Loss = 8.3526e-04, PNorm = 35.5760, GNorm = 0.1959, lr_0 = 4.1542e-04
Validation mae = nan
Epoch 39
Loss = 5.8936e-04, PNorm = 35.5787, GNorm = 0.1178, lr_0 = 4.1443e-04
Loss = 4.9111e-04, PNorm = 35.5807, GNorm = 0.1302, lr_0 = 4.1344e-04
Loss = 4.6965e-04, PNorm = 35.5820, GNorm = 0.2071, lr_0 = 4.1245e-04
Loss = 5.0733e-04, PNorm = 35.5835, GNorm = 0.1273, lr_0 = 4.1146e-04
Loss = 2.5872e-04, PNorm = 35.5842, GNorm = 0.1466, lr_0 = 4.1047e-04
Loss = 2.1339e-04, PNorm = 35.5857, GNorm = 0.0860, lr_0 = 4.0949e-04
Loss = 1.6894e-04, PNorm = 35.5868, GNorm = 0.0571, lr_0 = 4.0851e-04
Loss = 1.7410e-04, PNorm = 35.5881, GNorm = 0.0361, lr_0 = 4.0753e-04
Loss = 2.0890e-04, PNorm = 35.5895, GNorm = 0.0792, lr_0 = 4.0656e-04
Loss = 2.7748e-04, PNorm = 35.5914, GNorm = 0.0931, lr_0 = 4.0558e-04
Loss = 2.6024e-04, PNorm = 35.5917, GNorm = 0.1717, lr_0 = 4.0549e-04
Validation mae = nan
Epoch 40
Loss = 3.4577e-04, PNorm = 35.5926, GNorm = 0.1672, lr_0 = 4.0451e-04
Loss = 2.2564e-04, PNorm = 35.5928, GNorm = 0.0553, lr_0 = 4.0355e-04
Loss = 1.8297e-04, PNorm = 35.5939, GNorm = 0.0997, lr_0 = 4.0258e-04
Loss = 1.7720e-04, PNorm = 35.5948, GNorm = 0.0416, lr_0 = 4.0162e-04
Loss = 1.3594e-04, PNorm = 35.5954, GNorm = 0.0468, lr_0 = 4.0065e-04
Loss = 2.1675e-04, PNorm = 35.5962, GNorm = 0.1442, lr_0 = 3.9969e-04
Loss = 2.3333e-04, PNorm = 35.5971, GNorm = 0.1243, lr_0 = 3.9874e-04
Loss = 2.0463e-04, PNorm = 35.5985, GNorm = 0.0874, lr_0 = 3.9778e-04
Loss = 1.7729e-04, PNorm = 35.5994, GNorm = 0.0671, lr_0 = 3.9683e-04
Validation mae = nan
Epoch 41
Loss = 1.3147e-04, PNorm = 35.6009, GNorm = 0.0258, lr_0 = 3.9579e-04
Loss = 1.5797e-04, PNorm = 35.6017, GNorm = 0.0935, lr_0 = 3.9484e-04
Loss = 1.6415e-04, PNorm = 35.6026, GNorm = 0.1284, lr_0 = 3.9389e-04
Loss = 2.1721e-04, PNorm = 35.6034, GNorm = 0.0887, lr_0 = 3.9295e-04
Loss = 2.4227e-04, PNorm = 35.6045, GNorm = 0.1363, lr_0 = 3.9201e-04
Loss = 2.1385e-04, PNorm = 35.6056, GNorm = 0.0779, lr_0 = 3.9107e-04
Loss = 2.5427e-04, PNorm = 35.6064, GNorm = 0.0891, lr_0 = 3.9013e-04
Loss = 2.7666e-04, PNorm = 35.6072, GNorm = 0.1009, lr_0 = 3.8920e-04
Loss = 3.1766e-04, PNorm = 35.6077, GNorm = 0.1397, lr_0 = 3.8827e-04
Loss = 3.6654e-04, PNorm = 35.6088, GNorm = 0.1325, lr_0 = 3.8734e-04
Validation mae = nan
Epoch 42
Loss = 2.3507e-04, PNorm = 35.6107, GNorm = 0.0501, lr_0 = 3.8632e-04
Loss = 3.4276e-04, PNorm = 35.6123, GNorm = 0.2077, lr_0 = 3.8539e-04
Loss = 3.6119e-04, PNorm = 35.6132, GNorm = 0.1101, lr_0 = 3.8447e-04
Loss = 3.5034e-04, PNorm = 35.6140, GNorm = 0.1066, lr_0 = 3.8355e-04
Loss = 2.0880e-04, PNorm = 35.6149, GNorm = 0.1326, lr_0 = 3.8263e-04
Loss = 2.0140e-04, PNorm = 35.6164, GNorm = 0.1262, lr_0 = 3.8171e-04
Loss = 2.2818e-04, PNorm = 35.6172, GNorm = 0.0686, lr_0 = 3.8080e-04
Loss = 1.8878e-04, PNorm = 35.6182, GNorm = 0.1170, lr_0 = 3.7989e-04
Loss = 1.5309e-04, PNorm = 35.6196, GNorm = 0.1035, lr_0 = 3.7898e-04
Loss = 2.3961e-04, PNorm = 35.6207, GNorm = 0.1172, lr_0 = 3.7807e-04
Validation mae = nan
Epoch 43
Loss = 3.2528e-04, PNorm = 35.6211, GNorm = 0.0664, lr_0 = 3.7716e-04
Loss = 2.2560e-04, PNorm = 35.6224, GNorm = 0.1043, lr_0 = 3.7626e-04
Loss = 1.8857e-04, PNorm = 35.6230, GNorm = 0.0988, lr_0 = 3.7536e-04
Loss = 3.1534e-04, PNorm = 35.6240, GNorm = 0.2055, lr_0 = 3.7446e-04
Loss = 2.9115e-04, PNorm = 35.6250, GNorm = 0.1372, lr_0 = 3.7356e-04
Loss = 2.3845e-04, PNorm = 35.6264, GNorm = 0.0623, lr_0 = 3.7267e-04
Loss = 2.3097e-04, PNorm = 35.6276, GNorm = 0.0759, lr_0 = 3.7178e-04
Loss = 2.3789e-04, PNorm = 35.6290, GNorm = 0.0734, lr_0 = 3.7089e-04
Loss = 2.5054e-04, PNorm = 35.6300, GNorm = 0.0512, lr_0 = 3.7000e-04
Loss = 2.5712e-04, PNorm = 35.6304, GNorm = 0.1517, lr_0 = 3.6911e-04
Validation mae = nan
Epoch 44
Loss = 1.9483e-04, PNorm = 35.6313, GNorm = 0.0800, lr_0 = 3.6814e-04
Loss = 2.5762e-04, PNorm = 35.6324, GNorm = 0.1146, lr_0 = 3.6726e-04
Loss = 2.2690e-04, PNorm = 35.6341, GNorm = 0.0999, lr_0 = 3.6638e-04
Loss = 3.5719e-04, PNorm = 35.6351, GNorm = 0.1519, lr_0 = 3.6550e-04
Loss = 4.9386e-04, PNorm = 35.6356, GNorm = 0.2367, lr_0 = 3.6463e-04
Loss = 4.1093e-04, PNorm = 35.6359, GNorm = 0.1533, lr_0 = 3.6375e-04
Loss = 4.8860e-04, PNorm = 35.6367, GNorm = 0.1067, lr_0 = 3.6288e-04
Loss = 2.8058e-04, PNorm = 35.6379, GNorm = 0.1218, lr_0 = 3.6201e-04
Loss = 2.4498e-04, PNorm = 35.6391, GNorm = 0.0759, lr_0 = 3.6115e-04
Loss = 2.0066e-04, PNorm = 35.6402, GNorm = 0.1140, lr_0 = 3.6028e-04
Validation mae = nan
Epoch 45
Loss = 2.1598e-04, PNorm = 35.6409, GNorm = 0.1291, lr_0 = 3.5933e-04
Loss = 1.9726e-04, PNorm = 35.6418, GNorm = 0.0799, lr_0 = 3.5847e-04
Loss = 2.3064e-04, PNorm = 35.6433, GNorm = 0.0875, lr_0 = 3.5761e-04
Loss = 2.5009e-04, PNorm = 35.6446, GNorm = 0.1632, lr_0 = 3.5676e-04
Loss = 2.4734e-04, PNorm = 35.6456, GNorm = 0.0626, lr_0 = 3.5590e-04
Loss = 2.7076e-04, PNorm = 35.6462, GNorm = 0.1241, lr_0 = 3.5505e-04
Loss = 2.0159e-04, PNorm = 35.6469, GNorm = 0.0793, lr_0 = 3.5420e-04
Loss = 1.8033e-04, PNorm = 35.6479, GNorm = 0.0566, lr_0 = 3.5335e-04
Loss = 1.5335e-04, PNorm = 35.6486, GNorm = 0.0917, lr_0 = 3.5251e-04
Validation mae = nan
Epoch 46
Loss = 9.8470e-05, PNorm = 35.6496, GNorm = 0.0608, lr_0 = 3.5158e-04
Loss = 1.4457e-04, PNorm = 35.6504, GNorm = 0.0238, lr_0 = 3.5074e-04
Loss = 1.5312e-04, PNorm = 35.6508, GNorm = 0.0461, lr_0 = 3.4990e-04
Loss = 2.9249e-04, PNorm = 35.6519, GNorm = 0.1868, lr_0 = 3.4906e-04
Loss = 1.7275e-04, PNorm = 35.6527, GNorm = 0.1198, lr_0 = 3.4822e-04
Loss = 1.3915e-04, PNorm = 35.6540, GNorm = 0.0344, lr_0 = 3.4739e-04
Loss = 2.0790e-04, PNorm = 35.6552, GNorm = 0.0417, lr_0 = 3.4656e-04
Loss = 1.7361e-04, PNorm = 35.6566, GNorm = 0.0860, lr_0 = 3.4573e-04
Loss = 1.4667e-04, PNorm = 35.6574, GNorm = 0.0208, lr_0 = 3.4490e-04
Loss = 1.5933e-04, PNorm = 35.6581, GNorm = 0.0790, lr_0 = 3.4407e-04
Validation mae = nan
Epoch 47
Loss = 5.1350e-04, PNorm = 35.6590, GNorm = 0.1561, lr_0 = 3.4325e-04
Loss = 2.8276e-04, PNorm = 35.6597, GNorm = 0.1413, lr_0 = 3.4243e-04
Loss = 2.0484e-04, PNorm = 35.6602, GNorm = 0.1493, lr_0 = 3.4161e-04
Loss = 1.5595e-04, PNorm = 35.6614, GNorm = 0.0733, lr_0 = 3.4079e-04
Loss = 1.5902e-04, PNorm = 35.6625, GNorm = 0.0697, lr_0 = 3.3997e-04
Loss = 1.3800e-04, PNorm = 35.6634, GNorm = 0.0422, lr_0 = 3.3916e-04
Loss = 1.7265e-04, PNorm = 35.6647, GNorm = 0.0499, lr_0 = 3.3835e-04
Loss = 9.1706e-05, PNorm = 35.6655, GNorm = 0.0191, lr_0 = 3.3754e-04
Loss = 8.2983e-05, PNorm = 35.6664, GNorm = 0.0254, lr_0 = 3.3673e-04
Loss = 1.1499e-04, PNorm = 35.6674, GNorm = 0.0815, lr_0 = 3.3592e-04
Validation mae = nan
Epoch 48
Loss = 1.5395e-04, PNorm = 35.6688, GNorm = 0.0943, lr_0 = 3.3504e-04
Loss = 1.9572e-04, PNorm = 35.6698, GNorm = 0.0510, lr_0 = 3.3424e-04
Loss = 1.4706e-04, PNorm = 35.6705, GNorm = 0.0307, lr_0 = 3.3344e-04
Loss = 1.2437e-04, PNorm = 35.6715, GNorm = 0.0673, lr_0 = 3.3264e-04
Loss = 1.0275e-04, PNorm = 35.6726, GNorm = 0.0411, lr_0 = 3.3184e-04
Loss = 1.4538e-04, PNorm = 35.6735, GNorm = 0.1080, lr_0 = 3.3105e-04
Loss = 2.3409e-04, PNorm = 35.6743, GNorm = 0.1113, lr_0 = 3.3025e-04
Loss = 2.2771e-04, PNorm = 35.6752, GNorm = 0.0375, lr_0 = 3.2946e-04
Loss = 1.5583e-04, PNorm = 35.6760, GNorm = 0.0945, lr_0 = 3.2867e-04
Loss = 1.0780e-04, PNorm = 35.6771, GNorm = 0.0401, lr_0 = 3.2789e-04
Validation mae = nan
Epoch 49
Loss = 1.5554e-04, PNorm = 35.6778, GNorm = 0.0606, lr_0 = 3.2702e-04
Loss = 2.0193e-04, PNorm = 35.6781, GNorm = 0.1404, lr_0 = 3.2624e-04
Loss = 1.8864e-04, PNorm = 35.6792, GNorm = 0.0792, lr_0 = 3.2546e-04
Loss = 1.4576e-04, PNorm = 35.6801, GNorm = 0.0392, lr_0 = 3.2468e-04
Loss = 1.4867e-04, PNorm = 35.6809, GNorm = 0.1255, lr_0 = 3.2390e-04
Loss = 1.7780e-04, PNorm = 35.6815, GNorm = 0.0776, lr_0 = 3.2313e-04
Loss = 1.6388e-04, PNorm = 35.6822, GNorm = 0.0872, lr_0 = 3.2235e-04
Loss = 1.3652e-04, PNorm = 35.6826, GNorm = 0.0664, lr_0 = 3.2158e-04
Loss = 1.5605e-04, PNorm = 35.6835, GNorm = 0.0684, lr_0 = 3.2081e-04
Loss = 1.4492e-04, PNorm = 35.6843, GNorm = 0.0476, lr_0 = 3.2004e-04
Validation mae = nan
Epoch 50
Loss = 1.0780e-04, PNorm = 35.6852, GNorm = 0.0388, lr_0 = 3.1928e-04
Loss = 1.5060e-04, PNorm = 35.6860, GNorm = 0.0709, lr_0 = 3.1851e-04
Loss = 1.1152e-04, PNorm = 35.6870, GNorm = 0.0225, lr_0 = 3.1775e-04
Loss = 9.6323e-05, PNorm = 35.6878, GNorm = 0.0566, lr_0 = 3.1699e-04
Loss = 1.2347e-04, PNorm = 35.6882, GNorm = 0.0994, lr_0 = 3.1623e-04
Loss = 1.5498e-04, PNorm = 35.6886, GNorm = 0.1518, lr_0 = 3.1547e-04
Loss = 1.6523e-04, PNorm = 35.6900, GNorm = 0.0560, lr_0 = 3.1472e-04
Loss = 1.7539e-04, PNorm = 35.6907, GNorm = 0.0844, lr_0 = 3.1396e-04
Loss = 1.3832e-04, PNorm = 35.6913, GNorm = 0.0546, lr_0 = 3.1321e-04
Loss = 2.2979e-04, PNorm = 35.6920, GNorm = 0.0585, lr_0 = 3.1246e-04
Validation mae = nan
Epoch 51
Loss = 1.7325e-04, PNorm = 35.6925, GNorm = 0.0839, lr_0 = 3.1164e-04
Loss = 1.5915e-04, PNorm = 35.6933, GNorm = 0.0294, lr_0 = 3.1089e-04
Loss = 1.1798e-04, PNorm = 35.6942, GNorm = 0.0376, lr_0 = 3.1015e-04
Loss = 1.0997e-04, PNorm = 35.6949, GNorm = 0.0415, lr_0 = 3.0940e-04
Loss = 1.7621e-04, PNorm = 35.6961, GNorm = 0.1320, lr_0 = 3.0866e-04
Loss = 1.9930e-04, PNorm = 35.6968, GNorm = 0.0967, lr_0 = 3.0792e-04
Loss = 3.6034e-04, PNorm = 35.6982, GNorm = 0.1866, lr_0 = 3.0719e-04
Loss = 2.0241e-04, PNorm = 35.6988, GNorm = 0.0811, lr_0 = 3.0645e-04
Loss = 2.1627e-04, PNorm = 35.7000, GNorm = 0.1730, lr_0 = 3.0572e-04
Validation mae = nan
Epoch 52
Loss = 1.1065e-04, PNorm = 35.7003, GNorm = 0.0743, lr_0 = 3.0491e-04
Loss = 1.1341e-04, PNorm = 35.7014, GNorm = 0.0584, lr_0 = 3.0418e-04
Loss = 1.2824e-04, PNorm = 35.7023, GNorm = 0.0488, lr_0 = 3.0345e-04
Loss = 1.8650e-04, PNorm = 35.7034, GNorm = 0.1516, lr_0 = 3.0273e-04
Loss = 1.6918e-04, PNorm = 35.7049, GNorm = 0.0627, lr_0 = 3.0200e-04
Loss = 1.2142e-04, PNorm = 35.7059, GNorm = 0.0451, lr_0 = 3.0128e-04
Loss = 1.4008e-04, PNorm = 35.7068, GNorm = 0.0898, lr_0 = 3.0056e-04
Loss = 1.0515e-04, PNorm = 35.7075, GNorm = 0.0362, lr_0 = 2.9984e-04
Loss = 1.3601e-04, PNorm = 35.7084, GNorm = 0.1571, lr_0 = 2.9912e-04
Loss = 1.6871e-04, PNorm = 35.7093, GNorm = 0.0835, lr_0 = 2.9840e-04
Validation mae = nan
Epoch 53
Loss = 1.5884e-04, PNorm = 35.7103, GNorm = 0.0692, lr_0 = 2.9762e-04
Loss = 1.8273e-04, PNorm = 35.7117, GNorm = 0.0444, lr_0 = 2.9690e-04
Loss = 1.6246e-04, PNorm = 35.7131, GNorm = 0.0874, lr_0 = 2.9619e-04
Loss = 1.2061e-04, PNorm = 35.7135, GNorm = 0.0555, lr_0 = 2.9548e-04
Loss = 1.4421e-04, PNorm = 35.7140, GNorm = 0.0478, lr_0 = 2.9478e-04
Loss = 1.1219e-04, PNorm = 35.7142, GNorm = 0.0237, lr_0 = 2.9407e-04
Loss = 1.3313e-04, PNorm = 35.7151, GNorm = 0.0762, lr_0 = 2.9337e-04
Loss = 1.3326e-04, PNorm = 35.7159, GNorm = 0.0893, lr_0 = 2.9266e-04
Loss = 1.5575e-04, PNorm = 35.7171, GNorm = 0.0848, lr_0 = 2.9196e-04
Loss = 1.4733e-04, PNorm = 35.7181, GNorm = 0.0484, lr_0 = 2.9126e-04
Validation mae = nan
Epoch 54
Loss = 1.2230e-04, PNorm = 35.7194, GNorm = 0.0581, lr_0 = 2.9057e-04
Loss = 1.5464e-04, PNorm = 35.7200, GNorm = 0.0865, lr_0 = 2.8987e-04
Loss = 1.6327e-04, PNorm = 35.7207, GNorm = 0.1113, lr_0 = 2.8918e-04
Loss = 2.5884e-04, PNorm = 35.7216, GNorm = 0.1335, lr_0 = 2.8848e-04
Loss = 2.3191e-04, PNorm = 35.7223, GNorm = 0.0559, lr_0 = 2.8779e-04
Loss = 1.9465e-04, PNorm = 35.7230, GNorm = 0.1181, lr_0 = 2.8710e-04
Loss = 2.5354e-04, PNorm = 35.7241, GNorm = 0.1008, lr_0 = 2.8642e-04
Loss = 2.1093e-04, PNorm = 35.7249, GNorm = 0.1217, lr_0 = 2.8573e-04
Loss = 2.8062e-04, PNorm = 35.7259, GNorm = 0.1322, lr_0 = 2.8505e-04
Loss = 2.1239e-04, PNorm = 35.7268, GNorm = 0.0632, lr_0 = 2.8436e-04
Validation mae = nan
Epoch 55
Loss = 2.9762e-04, PNorm = 35.7271, GNorm = 0.1102, lr_0 = 2.8361e-04
Loss = 3.8209e-04, PNorm = 35.7276, GNorm = 0.0845, lr_0 = 2.8294e-04
Loss = 2.3352e-04, PNorm = 35.7287, GNorm = 0.0963, lr_0 = 2.8226e-04
Loss = 1.5073e-04, PNorm = 35.7289, GNorm = 0.0522, lr_0 = 2.8158e-04
Loss = 1.6041e-04, PNorm = 35.7294, GNorm = 0.0858, lr_0 = 2.8091e-04
Loss = 1.2347e-04, PNorm = 35.7300, GNorm = 0.0365, lr_0 = 2.8023e-04
Loss = 1.9498e-04, PNorm = 35.7311, GNorm = 0.1232, lr_0 = 2.7956e-04
Loss = 2.1783e-04, PNorm = 35.7330, GNorm = 0.1229, lr_0 = 2.7889e-04
Loss = 1.8995e-04, PNorm = 35.7339, GNorm = 0.0744, lr_0 = 2.7823e-04
Loss = 1.9488e-04, PNorm = 35.7352, GNorm = 0.1472, lr_0 = 2.7756e-04
Validation mae = nan
Epoch 56
Loss = 1.7253e-04, PNorm = 35.7363, GNorm = 0.1197, lr_0 = 2.7683e-04
Loss = 1.5788e-04, PNorm = 35.7372, GNorm = 0.0841, lr_0 = 2.7617e-04
Loss = 1.6334e-04, PNorm = 35.7382, GNorm = 0.0930, lr_0 = 2.7550e-04
Loss = 1.4349e-04, PNorm = 35.7393, GNorm = 0.0571, lr_0 = 2.7485e-04
Loss = 9.8512e-05, PNorm = 35.7403, GNorm = 0.0544, lr_0 = 2.7419e-04
Loss = 1.5568e-04, PNorm = 35.7411, GNorm = 0.0452, lr_0 = 2.7353e-04
Loss = 1.5563e-04, PNorm = 35.7419, GNorm = 0.0831, lr_0 = 2.7288e-04
Loss = 1.4621e-04, PNorm = 35.7426, GNorm = 0.0257, lr_0 = 2.7222e-04
Loss = 1.1510e-04, PNorm = 35.7429, GNorm = 0.0518, lr_0 = 2.7157e-04
Loss = 8.7049e-05, PNorm = 35.7438, GNorm = 0.0395, lr_0 = 2.7092e-04
Loss = 5.2269e-05, PNorm = 35.7439, GNorm = 0.0669, lr_0 = 2.7085e-04
Validation mae = nan
Epoch 57
Loss = 1.2549e-04, PNorm = 35.7447, GNorm = 0.0695, lr_0 = 2.7021e-04
Loss = 1.9784e-04, PNorm = 35.7460, GNorm = 0.0569, lr_0 = 2.6956e-04
Loss = 1.1423e-04, PNorm = 35.7463, GNorm = 0.0290, lr_0 = 2.6891e-04
Loss = 8.9601e-05, PNorm = 35.7469, GNorm = 0.0579, lr_0 = 2.6827e-04
Loss = 8.9985e-05, PNorm = 35.7471, GNorm = 0.0325, lr_0 = 2.6763e-04
Loss = 1.4086e-04, PNorm = 35.7476, GNorm = 0.0718, lr_0 = 2.6699e-04
Loss = 1.5157e-04, PNorm = 35.7485, GNorm = 0.0542, lr_0 = 2.6635e-04
Loss = 2.6159e-04, PNorm = 35.7489, GNorm = 0.2096, lr_0 = 2.6571e-04
Loss = 4.2091e-04, PNorm = 35.7486, GNorm = 0.2297, lr_0 = 2.6507e-04
Validation mae = nan
Epoch 58
Loss = 1.8754e-04, PNorm = 35.7487, GNorm = 0.0751, lr_0 = 2.6444e-04
Loss = 2.4124e-04, PNorm = 35.7488, GNorm = 0.0907, lr_0 = 2.6380e-04
Loss = 1.9583e-04, PNorm = 35.7490, GNorm = 0.0219, lr_0 = 2.6317e-04
Loss = 1.7598e-04, PNorm = 35.7505, GNorm = 0.0767, lr_0 = 2.6254e-04
Loss = 1.4075e-04, PNorm = 35.7511, GNorm = 0.0379, lr_0 = 2.6191e-04
Loss = 1.4445e-04, PNorm = 35.7520, GNorm = 0.0875, lr_0 = 2.6129e-04
Loss = 1.3664e-04, PNorm = 35.7530, GNorm = 0.0575, lr_0 = 2.6066e-04
Loss = 1.5637e-04, PNorm = 35.7539, GNorm = 0.1507, lr_0 = 2.6004e-04
Loss = 1.0890e-04, PNorm = 35.7545, GNorm = 0.0475, lr_0 = 2.5941e-04
Loss = 8.9043e-05, PNorm = 35.7552, GNorm = 0.0530, lr_0 = 2.5879e-04
Validation mae = nan
Epoch 59
Loss = 1.3267e-04, PNorm = 35.7561, GNorm = 0.0818, lr_0 = 2.5811e-04
Loss = 9.3078e-05, PNorm = 35.7567, GNorm = 0.0490, lr_0 = 2.5749e-04
Loss = 1.4280e-04, PNorm = 35.7575, GNorm = 0.0574, lr_0 = 2.5688e-04
Loss = 1.4238e-04, PNorm = 35.7586, GNorm = 0.0928, lr_0 = 2.5626e-04
Loss = 1.2404e-04, PNorm = 35.7593, GNorm = 0.0361, lr_0 = 2.5565e-04
Loss = 1.4837e-04, PNorm = 35.7606, GNorm = 0.0378, lr_0 = 2.5504e-04
Loss = 1.4519e-04, PNorm = 35.7612, GNorm = 0.1186, lr_0 = 2.5443e-04
Loss = 1.3517e-04, PNorm = 35.7618, GNorm = 0.0928, lr_0 = 2.5382e-04
Loss = 1.0319e-04, PNorm = 35.7621, GNorm = 0.0304, lr_0 = 2.5321e-04
Loss = 8.3730e-05, PNorm = 35.7627, GNorm = 0.0756, lr_0 = 2.5260e-04
Validation mae = nan
Epoch 60
Loss = 5.7116e-05, PNorm = 35.7633, GNorm = 0.0400, lr_0 = 2.5194e-04
Loss = 5.8075e-05, PNorm = 35.7639, GNorm = 0.0282, lr_0 = 2.5133e-04
Loss = 8.7168e-05, PNorm = 35.7650, GNorm = 0.0268, lr_0 = 2.5073e-04
Loss = 1.0314e-04, PNorm = 35.7661, GNorm = 0.0862, lr_0 = 2.5013e-04
Loss = 7.8716e-05, PNorm = 35.7674, GNorm = 0.0435, lr_0 = 2.4953e-04
Loss = 9.2617e-05, PNorm = 35.7675, GNorm = 0.0644, lr_0 = 2.4893e-04
Loss = 6.5699e-05, PNorm = 35.7681, GNorm = 0.0588, lr_0 = 2.4834e-04
Loss = 7.8767e-05, PNorm = 35.7686, GNorm = 0.0306, lr_0 = 2.4774e-04
Loss = 8.1131e-05, PNorm = 35.7691, GNorm = 0.0544, lr_0 = 2.4715e-04
Loss = 6.7688e-05, PNorm = 35.7690, GNorm = 0.0342, lr_0 = 2.4656e-04
Validation mae = nan
Epoch 61
Loss = 4.9247e-05, PNorm = 35.7697, GNorm = 0.0222, lr_0 = 2.4591e-04
Loss = 7.8593e-05, PNorm = 35.7700, GNorm = 0.0651, lr_0 = 2.4532e-04
Loss = 7.0116e-05, PNorm = 35.7701, GNorm = 0.0455, lr_0 = 2.4473e-04
Loss = 7.5957e-05, PNorm = 35.7708, GNorm = 0.0232, lr_0 = 2.4415e-04
Loss = 1.1826e-04, PNorm = 35.7716, GNorm = 0.1117, lr_0 = 2.4356e-04
Loss = 1.1809e-04, PNorm = 35.7723, GNorm = 0.0335, lr_0 = 2.4298e-04
Loss = 1.6816e-04, PNorm = 35.7727, GNorm = 0.1298, lr_0 = 2.4240e-04
Loss = 1.4614e-04, PNorm = 35.7726, GNorm = 0.0557, lr_0 = 2.4182e-04
Loss = 2.1500e-04, PNorm = 35.7734, GNorm = 0.0986, lr_0 = 2.4124e-04
Loss = 3.4041e-04, PNorm = 35.7747, GNorm = 0.2921, lr_0 = 2.4066e-04
Validation mae = nan
Epoch 62
Loss = 5.5828e-04, PNorm = 35.7759, GNorm = 0.1516, lr_0 = 2.4008e-04
Loss = 4.3741e-04, PNorm = 35.7775, GNorm = 0.1300, lr_0 = 2.3951e-04
Loss = 3.6726e-04, PNorm = 35.7779, GNorm = 0.1333, lr_0 = 2.3894e-04
Loss = 2.8525e-04, PNorm = 35.7787, GNorm = 0.1450, lr_0 = 2.3836e-04
Loss = 2.3612e-04, PNorm = 35.7790, GNorm = 0.1207, lr_0 = 2.3779e-04
Loss = 1.6145e-04, PNorm = 35.7801, GNorm = 0.0789, lr_0 = 2.3722e-04
Loss = 1.6701e-04, PNorm = 35.7803, GNorm = 0.0897, lr_0 = 2.3665e-04
Loss = 1.2147e-04, PNorm = 35.7812, GNorm = 0.0567, lr_0 = 2.3609e-04
Loss = 1.4078e-04, PNorm = 35.7820, GNorm = 0.0688, lr_0 = 2.3552e-04
Loss = 1.8775e-04, PNorm = 35.7828, GNorm = 0.0941, lr_0 = 2.3496e-04
Loss = 1.0730e-04, PNorm = 35.7830, GNorm = 0.1074, lr_0 = 2.3490e-04
Validation mae = nan
Epoch 63
Loss = 1.9673e-04, PNorm = 35.7839, GNorm = 0.0756, lr_0 = 2.3434e-04
Loss = 2.1887e-04, PNorm = 35.7845, GNorm = 0.0564, lr_0 = 2.3378e-04
Loss = 1.2246e-04, PNorm = 35.7849, GNorm = 0.0548, lr_0 = 2.3322e-04
Loss = 1.1105e-04, PNorm = 35.7852, GNorm = 0.0345, lr_0 = 2.3266e-04
Loss = 1.4176e-04, PNorm = 35.7856, GNorm = 0.0704, lr_0 = 2.3210e-04
Loss = 1.1486e-04, PNorm = 35.7867, GNorm = 0.0328, lr_0 = 2.3155e-04
Loss = 1.0698e-04, PNorm = 35.7876, GNorm = 0.0516, lr_0 = 2.3099e-04
Loss = 1.0253e-04, PNorm = 35.7887, GNorm = 0.0531, lr_0 = 2.3044e-04
Loss = 1.2628e-04, PNorm = 35.7894, GNorm = 0.1206, lr_0 = 2.2989e-04
Validation mae = nan
Epoch 64
Loss = 7.9739e-05, PNorm = 35.7897, GNorm = 0.0674, lr_0 = 2.2928e-04
Loss = 1.7607e-04, PNorm = 35.7902, GNorm = 0.0905, lr_0 = 2.2873e-04
Loss = 1.4048e-04, PNorm = 35.7905, GNorm = 0.0278, lr_0 = 2.2819e-04
Loss = 1.8863e-04, PNorm = 35.7916, GNorm = 0.0613, lr_0 = 2.2764e-04
Loss = 1.4760e-04, PNorm = 35.7921, GNorm = 0.0722, lr_0 = 2.2709e-04
Loss = 1.1726e-04, PNorm = 35.7929, GNorm = 0.0529, lr_0 = 2.2655e-04
Loss = 9.5126e-05, PNorm = 35.7935, GNorm = 0.0581, lr_0 = 2.2601e-04
Loss = 8.6155e-05, PNorm = 35.7943, GNorm = 0.0525, lr_0 = 2.2547e-04
Loss = 8.2872e-05, PNorm = 35.7952, GNorm = 0.0139, lr_0 = 2.2493e-04
Loss = 4.8335e-05, PNorm = 35.7956, GNorm = 0.0172, lr_0 = 2.2439e-04
Validation mae = nan
Epoch 65
Loss = 8.0633e-05, PNorm = 35.7959, GNorm = 0.0291, lr_0 = 2.2380e-04
Loss = 1.0912e-04, PNorm = 35.7962, GNorm = 0.1046, lr_0 = 2.2326e-04
Loss = 1.1185e-04, PNorm = 35.7966, GNorm = 0.0321, lr_0 = 2.2273e-04
Loss = 7.8736e-05, PNorm = 35.7971, GNorm = 0.0404, lr_0 = 2.2219e-04
Loss = 7.2092e-05, PNorm = 35.7976, GNorm = 0.0308, lr_0 = 2.2166e-04
Loss = 5.8484e-05, PNorm = 35.7986, GNorm = 0.0803, lr_0 = 2.2113e-04
Loss = 5.6465e-05, PNorm = 35.7990, GNorm = 0.0154, lr_0 = 2.2060e-04
Loss = 6.2278e-05, PNorm = 35.7994, GNorm = 0.0230, lr_0 = 2.2007e-04
Loss = 8.3593e-05, PNorm = 35.8001, GNorm = 0.0686, lr_0 = 2.1955e-04
Loss = 8.3905e-05, PNorm = 35.8004, GNorm = 0.0317, lr_0 = 2.1902e-04
Validation mae = nan
Epoch 66
Loss = 8.6035e-05, PNorm = 35.8010, GNorm = 0.0549, lr_0 = 2.1850e-04
Loss = 8.3470e-05, PNorm = 35.8012, GNorm = 0.0681, lr_0 = 2.1797e-04
Loss = 7.1861e-05, PNorm = 35.8017, GNorm = 0.0742, lr_0 = 2.1745e-04
Loss = 7.5470e-05, PNorm = 35.8027, GNorm = 0.1260, lr_0 = 2.1693e-04
Loss = 1.0712e-04, PNorm = 35.8029, GNorm = 0.0854, lr_0 = 2.1641e-04
Loss = 7.4569e-05, PNorm = 35.8030, GNorm = 0.0159, lr_0 = 2.1589e-04
Loss = 8.1831e-05, PNorm = 35.8036, GNorm = 0.0974, lr_0 = 2.1537e-04
Loss = 1.4138e-04, PNorm = 35.8046, GNorm = 0.1248, lr_0 = 2.1486e-04
Loss = 1.9721e-04, PNorm = 35.8055, GNorm = 0.1018, lr_0 = 2.1434e-04
Loss = 1.3185e-04, PNorm = 35.8064, GNorm = 0.0417, lr_0 = 2.1383e-04
Validation mae = nan
Epoch 67
Loss = 1.1699e-04, PNorm = 35.8076, GNorm = 0.0369, lr_0 = 2.1327e-04
Loss = 9.5981e-05, PNorm = 35.8084, GNorm = 0.0653, lr_0 = 2.1276e-04
Loss = 7.9323e-05, PNorm = 35.8087, GNorm = 0.0350, lr_0 = 2.1225e-04
Loss = 1.1900e-04, PNorm = 35.8092, GNorm = 0.0716, lr_0 = 2.1174e-04
Loss = 1.3146e-04, PNorm = 35.8095, GNorm = 0.0658, lr_0 = 2.1123e-04
Loss = 1.0017e-04, PNorm = 35.8097, GNorm = 0.0503, lr_0 = 2.1073e-04
Loss = 1.1539e-04, PNorm = 35.8105, GNorm = 0.0454, lr_0 = 2.1022e-04
Loss = 9.5616e-05, PNorm = 35.8109, GNorm = 0.0630, lr_0 = 2.0972e-04
Loss = 9.9147e-05, PNorm = 35.8117, GNorm = 0.1167, lr_0 = 2.0922e-04
Loss = 8.4016e-05, PNorm = 35.8119, GNorm = 0.0379, lr_0 = 2.0872e-04
Validation mae = nan
Epoch 68
Loss = 1.0347e-04, PNorm = 35.8126, GNorm = 0.0587, lr_0 = 2.0817e-04
Loss = 1.1402e-04, PNorm = 35.8132, GNorm = 0.0317, lr_0 = 2.0767e-04
Loss = 1.1184e-04, PNorm = 35.8139, GNorm = 0.0613, lr_0 = 2.0717e-04
Loss = 1.9065e-04, PNorm = 35.8148, GNorm = 0.0945, lr_0 = 2.0667e-04
Loss = 1.6125e-04, PNorm = 35.8159, GNorm = 0.0817, lr_0 = 2.0618e-04
Loss = 1.0379e-04, PNorm = 35.8162, GNorm = 0.0513, lr_0 = 2.0569e-04
Loss = 1.2866e-04, PNorm = 35.8165, GNorm = 0.0784, lr_0 = 2.0519e-04
Loss = 8.3951e-05, PNorm = 35.8169, GNorm = 0.0300, lr_0 = 2.0470e-04
Loss = 7.9228e-05, PNorm = 35.8172, GNorm = 0.0580, lr_0 = 2.0421e-04
Validation mae = nan
Epoch 69
Loss = 5.0253e-05, PNorm = 35.8176, GNorm = 0.0225, lr_0 = 2.0367e-04
Loss = 5.7177e-05, PNorm = 35.8180, GNorm = 0.0205, lr_0 = 2.0319e-04
Loss = 5.8746e-05, PNorm = 35.8188, GNorm = 0.0443, lr_0 = 2.0270e-04
Loss = 4.4997e-05, PNorm = 35.8192, GNorm = 0.0294, lr_0 = 2.0221e-04
Loss = 5.3430e-05, PNorm = 35.8197, GNorm = 0.0284, lr_0 = 2.0173e-04
Loss = 6.7772e-05, PNorm = 35.8199, GNorm = 0.0662, lr_0 = 2.0125e-04
Loss = 5.3399e-05, PNorm = 35.8201, GNorm = 0.0616, lr_0 = 2.0076e-04
Loss = 7.3706e-05, PNorm = 35.8205, GNorm = 0.0521, lr_0 = 2.0028e-04
Loss = 5.5949e-05, PNorm = 35.8207, GNorm = 0.0506, lr_0 = 1.9980e-04
Loss = 5.3635e-05, PNorm = 35.8212, GNorm = 0.0510, lr_0 = 1.9933e-04
Validation mae = nan
Epoch 70
Loss = 6.7597e-05, PNorm = 35.8221, GNorm = 0.0386, lr_0 = 1.9885e-04
Loss = 6.9006e-05, PNorm = 35.8221, GNorm = 0.0365, lr_0 = 1.9837e-04
Loss = 5.4110e-05, PNorm = 35.8225, GNorm = 0.0306, lr_0 = 1.9790e-04
Loss = 6.8863e-05, PNorm = 35.8230, GNorm = 0.0304, lr_0 = 1.9742e-04
Loss = 5.9240e-05, PNorm = 35.8232, GNorm = 0.0592, lr_0 = 1.9695e-04
Loss = 7.6065e-05, PNorm = 35.8233, GNorm = 0.0300, lr_0 = 1.9648e-04
Loss = 7.4647e-05, PNorm = 35.8240, GNorm = 0.0528, lr_0 = 1.9601e-04
Loss = 6.1165e-05, PNorm = 35.8245, GNorm = 0.0681, lr_0 = 1.9554e-04
Loss = 6.9844e-05, PNorm = 35.8250, GNorm = 0.0756, lr_0 = 1.9507e-04
Loss = 1.0180e-04, PNorm = 35.8253, GNorm = 0.1015, lr_0 = 1.9460e-04
Validation mae = nan
Epoch 71
Loss = 9.2950e-05, PNorm = 35.8256, GNorm = 0.0688, lr_0 = 1.9409e-04
Loss = 1.1232e-04, PNorm = 35.8259, GNorm = 0.0458, lr_0 = 1.9363e-04
Loss = 1.5340e-04, PNorm = 35.8264, GNorm = 0.0602, lr_0 = 1.9316e-04
Loss = 7.6235e-05, PNorm = 35.8271, GNorm = 0.0510, lr_0 = 1.9270e-04
Loss = 6.2500e-05, PNorm = 35.8276, GNorm = 0.0392, lr_0 = 1.9224e-04
Loss = 5.4905e-05, PNorm = 35.8280, GNorm = 0.0377, lr_0 = 1.9178e-04
Loss = 5.4586e-05, PNorm = 35.8285, GNorm = 0.0377, lr_0 = 1.9132e-04
Loss = 5.5650e-05, PNorm = 35.8289, GNorm = 0.0222, lr_0 = 1.9086e-04
Loss = 1.1730e-04, PNorm = 35.8291, GNorm = 0.0563, lr_0 = 1.9040e-04
Loss = 1.5669e-04, PNorm = 35.8302, GNorm = 0.1152, lr_0 = 1.8995e-04
Validation mae = nan
Epoch 72
Loss = 1.1774e-04, PNorm = 35.8304, GNorm = 0.0510, lr_0 = 1.8945e-04
Loss = 1.0254e-04, PNorm = 35.8309, GNorm = 0.0440, lr_0 = 1.8899e-04
Loss = 9.0227e-05, PNorm = 35.8321, GNorm = 0.0496, lr_0 = 1.8854e-04
Loss = 6.8720e-05, PNorm = 35.8336, GNorm = 0.0356, lr_0 = 1.8809e-04
Loss = 5.9232e-05, PNorm = 35.8339, GNorm = 0.0577, lr_0 = 1.8764e-04
Loss = 7.2914e-05, PNorm = 35.8340, GNorm = 0.0564, lr_0 = 1.8719e-04
Loss = 7.9567e-05, PNorm = 35.8341, GNorm = 0.0652, lr_0 = 1.8674e-04
Loss = 6.1837e-05, PNorm = 35.8348, GNorm = 0.0287, lr_0 = 1.8629e-04
Loss = 7.9627e-05, PNorm = 35.8353, GNorm = 0.0482, lr_0 = 1.8585e-04
Loss = 6.8306e-05, PNorm = 35.8358, GNorm = 0.0289, lr_0 = 1.8540e-04
Validation mae = nan
Epoch 73
Loss = 1.0412e-04, PNorm = 35.8358, GNorm = 0.0618, lr_0 = 1.8491e-04
Loss = 9.3277e-05, PNorm = 35.8363, GNorm = 0.0676, lr_0 = 1.8447e-04
Loss = 8.8090e-05, PNorm = 35.8369, GNorm = 0.0395, lr_0 = 1.8403e-04
Loss = 1.2156e-04, PNorm = 35.8377, GNorm = 0.1344, lr_0 = 1.8359e-04
Loss = 1.1304e-04, PNorm = 35.8386, GNorm = 0.0953, lr_0 = 1.8315e-04
Loss = 7.8450e-05, PNorm = 35.8393, GNorm = 0.0570, lr_0 = 1.8271e-04
Loss = 8.4992e-05, PNorm = 35.8396, GNorm = 0.0425, lr_0 = 1.8227e-04
Loss = 7.3793e-05, PNorm = 35.8399, GNorm = 0.0556, lr_0 = 1.8184e-04
Loss = 6.9030e-05, PNorm = 35.8400, GNorm = 0.0752, lr_0 = 1.8140e-04
Loss = 1.1399e-04, PNorm = 35.8405, GNorm = 0.1290, lr_0 = 1.8097e-04
Validation mae = nan
Epoch 74
Loss = 1.3291e-04, PNorm = 35.8413, GNorm = 0.1039, lr_0 = 1.8053e-04
Loss = 1.5507e-04, PNorm = 35.8419, GNorm = 0.0967, lr_0 = 1.8010e-04
Loss = 1.5052e-04, PNorm = 35.8427, GNorm = 0.0432, lr_0 = 1.7967e-04
Loss = 2.3835e-04, PNorm = 35.8436, GNorm = 0.0960, lr_0 = 1.7924e-04
Loss = 1.8647e-04, PNorm = 35.8444, GNorm = 0.0483, lr_0 = 1.7881e-04
Loss = 2.1134e-04, PNorm = 35.8450, GNorm = 0.0408, lr_0 = 1.7838e-04
Loss = 1.7306e-04, PNorm = 35.8457, GNorm = 0.0806, lr_0 = 1.7796e-04
Loss = 1.0547e-04, PNorm = 35.8463, GNorm = 0.0892, lr_0 = 1.7753e-04
Loss = 8.1778e-05, PNorm = 35.8463, GNorm = 0.0493, lr_0 = 1.7710e-04
Validation mae = nan
Epoch 75
Loss = 4.7773e-05, PNorm = 35.8463, GNorm = 0.0178, lr_0 = 1.7664e-04
Loss = 7.5382e-05, PNorm = 35.8469, GNorm = 0.0571, lr_0 = 1.7622e-04
Loss = 8.4730e-05, PNorm = 35.8478, GNorm = 0.0940, lr_0 = 1.7579e-04
Loss = 5.1437e-05, PNorm = 35.8481, GNorm = 0.0223, lr_0 = 1.7537e-04
Loss = 6.3748e-05, PNorm = 35.8490, GNorm = 0.0774, lr_0 = 1.7495e-04
Loss = 8.4736e-05, PNorm = 35.8496, GNorm = 0.0620, lr_0 = 1.7453e-04
Loss = 8.6226e-05, PNorm = 35.8503, GNorm = 0.0455, lr_0 = 1.7412e-04
Loss = 5.7182e-05, PNorm = 35.8511, GNorm = 0.0238, lr_0 = 1.7370e-04
Loss = 5.6707e-05, PNorm = 35.8516, GNorm = 0.0283, lr_0 = 1.7328e-04
Loss = 5.3977e-05, PNorm = 35.8519, GNorm = 0.0362, lr_0 = 1.7287e-04
Validation mae = nan
Epoch 76
Loss = 4.6569e-05, PNorm = 35.8523, GNorm = 0.0364, lr_0 = 1.7241e-04
Loss = 3.7329e-05, PNorm = 35.8529, GNorm = 0.0410, lr_0 = 1.7200e-04
Loss = 4.6223e-05, PNorm = 35.8534, GNorm = 0.0348, lr_0 = 1.7159e-04
Loss = 3.6082e-05, PNorm = 35.8539, GNorm = 0.0221, lr_0 = 1.7118e-04
Loss = 4.2859e-05, PNorm = 35.8545, GNorm = 0.0518, lr_0 = 1.7077e-04
Loss = 6.5954e-05, PNorm = 35.8548, GNorm = 0.0245, lr_0 = 1.7036e-04
Loss = 4.7934e-05, PNorm = 35.8546, GNorm = 0.0172, lr_0 = 1.6995e-04
Loss = 4.8298e-05, PNorm = 35.8547, GNorm = 0.0182, lr_0 = 1.6954e-04
Loss = 4.5901e-05, PNorm = 35.8553, GNorm = 0.0341, lr_0 = 1.6914e-04
Loss = 5.4817e-05, PNorm = 35.8564, GNorm = 0.0440, lr_0 = 1.6873e-04
Validation mae = nan
Epoch 77
Loss = 6.6651e-05, PNorm = 35.8568, GNorm = 0.0402, lr_0 = 1.6833e-04
Loss = 5.0443e-05, PNorm = 35.8573, GNorm = 0.0392, lr_0 = 1.6792e-04
Loss = 4.9997e-05, PNorm = 35.8574, GNorm = 0.0330, lr_0 = 1.6752e-04
Loss = 4.9956e-05, PNorm = 35.8574, GNorm = 0.0438, lr_0 = 1.6712e-04
Loss = 4.4102e-05, PNorm = 35.8576, GNorm = 0.0324, lr_0 = 1.6672e-04
Loss = 6.3337e-05, PNorm = 35.8578, GNorm = 0.0431, lr_0 = 1.6632e-04
Loss = 7.2453e-05, PNorm = 35.8582, GNorm = 0.1130, lr_0 = 1.6592e-04
Loss = 7.3386e-05, PNorm = 35.8586, GNorm = 0.0151, lr_0 = 1.6553e-04
Loss = 1.0997e-04, PNorm = 35.8593, GNorm = 0.0437, lr_0 = 1.6513e-04
Loss = 1.5149e-04, PNorm = 35.8597, GNorm = 0.0747, lr_0 = 1.6473e-04
Validation mae = nan
Epoch 78
Loss = 1.1954e-04, PNorm = 35.8602, GNorm = 0.0509, lr_0 = 1.6430e-04
Loss = 1.1547e-04, PNorm = 35.8610, GNorm = 0.0567, lr_0 = 1.6391e-04
Loss = 1.6814e-04, PNorm = 35.8616, GNorm = 0.1158, lr_0 = 1.6351e-04
Loss = 1.9586e-04, PNorm = 35.8625, GNorm = 0.0609, lr_0 = 1.6312e-04
Loss = 1.4485e-04, PNorm = 35.8632, GNorm = 0.0500, lr_0 = 1.6273e-04
Loss = 1.0978e-04, PNorm = 35.8633, GNorm = 0.0665, lr_0 = 1.6234e-04
Loss = 9.3269e-05, PNorm = 35.8641, GNorm = 0.0489, lr_0 = 1.6195e-04
Loss = 7.3646e-05, PNorm = 35.8648, GNorm = 0.0438, lr_0 = 1.6157e-04
Loss = 9.1587e-05, PNorm = 35.8654, GNorm = 0.0644, lr_0 = 1.6118e-04
Loss = 6.6326e-05, PNorm = 35.8663, GNorm = 0.0391, lr_0 = 1.6079e-04
Validation mae = nan
Epoch 79
Loss = 1.3062e-04, PNorm = 35.8668, GNorm = 0.0831, lr_0 = 1.6037e-04
Loss = 1.1627e-04, PNorm = 35.8667, GNorm = 0.0536, lr_0 = 1.5999e-04
Loss = 9.4565e-05, PNorm = 35.8673, GNorm = 0.0547, lr_0 = 1.5960e-04
Loss = 8.9732e-05, PNorm = 35.8680, GNorm = 0.0517, lr_0 = 1.5922e-04
Loss = 8.4683e-05, PNorm = 35.8685, GNorm = 0.0369, lr_0 = 1.5884e-04
Loss = 7.8061e-05, PNorm = 35.8689, GNorm = 0.0621, lr_0 = 1.5846e-04
Loss = 9.4035e-05, PNorm = 35.8696, GNorm = 0.0830, lr_0 = 1.5808e-04
Loss = 9.8114e-05, PNorm = 35.8695, GNorm = 0.0455, lr_0 = 1.5770e-04
Loss = 1.1875e-04, PNorm = 35.8699, GNorm = 0.0583, lr_0 = 1.5732e-04
Loss = 9.9681e-05, PNorm = 35.8705, GNorm = 0.0784, lr_0 = 1.5695e-04
Loss = 1.4298e-04, PNorm = 35.8705, GNorm = 0.0992, lr_0 = 1.5691e-04
Validation mae = nan
Epoch 80
Loss = 1.1415e-04, PNorm = 35.8712, GNorm = 0.0523, lr_0 = 1.5653e-04
Loss = 7.9460e-05, PNorm = 35.8721, GNorm = 0.0330, lr_0 = 1.5616e-04
Loss = 6.7160e-05, PNorm = 35.8723, GNorm = 0.0221, lr_0 = 1.5578e-04
Loss = 4.9640e-05, PNorm = 35.8724, GNorm = 0.0915, lr_0 = 1.5541e-04
Loss = 5.2768e-05, PNorm = 35.8726, GNorm = 0.0339, lr_0 = 1.5504e-04
Loss = 3.7697e-05, PNorm = 35.8731, GNorm = 0.0305, lr_0 = 1.5467e-04
Loss = 3.8093e-05, PNorm = 35.8733, GNorm = 0.0221, lr_0 = 1.5430e-04
Loss = 6.3426e-05, PNorm = 35.8738, GNorm = 0.0949, lr_0 = 1.5393e-04
Loss = 7.0926e-05, PNorm = 35.8741, GNorm = 0.0530, lr_0 = 1.5356e-04
Validation mae = nan
Epoch 81
Loss = 1.0114e-04, PNorm = 35.8745, GNorm = 0.0844, lr_0 = 1.5319e-04
Loss = 7.4348e-05, PNorm = 35.8749, GNorm = 0.0403, lr_0 = 1.5282e-04
Loss = 6.2040e-05, PNorm = 35.8747, GNorm = 0.0366, lr_0 = 1.5246e-04
Loss = 6.6320e-05, PNorm = 35.8754, GNorm = 0.0441, lr_0 = 1.5209e-04
Loss = 5.0769e-05, PNorm = 35.8760, GNorm = 0.0543, lr_0 = 1.5173e-04
Loss = 5.2295e-05, PNorm = 35.8763, GNorm = 0.0417, lr_0 = 1.5137e-04
Loss = 4.6906e-05, PNorm = 35.8767, GNorm = 0.0264, lr_0 = 1.5100e-04
Loss = 4.3669e-05, PNorm = 35.8770, GNorm = 0.0518, lr_0 = 1.5064e-04
Loss = 4.6288e-05, PNorm = 35.8773, GNorm = 0.0243, lr_0 = 1.5028e-04
Loss = 3.8978e-05, PNorm = 35.8775, GNorm = 0.0307, lr_0 = 1.4992e-04
Validation mae = nan
Epoch 82
Loss = 3.8492e-05, PNorm = 35.8777, GNorm = 0.0252, lr_0 = 1.4953e-04
Loss = 5.4624e-05, PNorm = 35.8783, GNorm = 0.0553, lr_0 = 1.4917e-04
Loss = 1.0283e-04, PNorm = 35.8786, GNorm = 0.0498, lr_0 = 1.4881e-04
Loss = 8.2380e-05, PNorm = 35.8788, GNorm = 0.0443, lr_0 = 1.4846e-04
Loss = 7.6016e-05, PNorm = 35.8792, GNorm = 0.1007, lr_0 = 1.4810e-04
Loss = 5.7383e-05, PNorm = 35.8795, GNorm = 0.0741, lr_0 = 1.4774e-04
Loss = 5.2384e-05, PNorm = 35.8800, GNorm = 0.0400, lr_0 = 1.4739e-04
Loss = 4.2937e-05, PNorm = 35.8803, GNorm = 0.0296, lr_0 = 1.4704e-04
Loss = 4.7288e-05, PNorm = 35.8811, GNorm = 0.0165, lr_0 = 1.4669e-04
Loss = 3.9782e-05, PNorm = 35.8813, GNorm = 0.0229, lr_0 = 1.4633e-04
Validation mae = nan
Epoch 83
Loss = 5.1105e-05, PNorm = 35.8818, GNorm = 0.0433, lr_0 = 1.4595e-04
Loss = 4.0546e-05, PNorm = 35.8824, GNorm = 0.0110, lr_0 = 1.4560e-04
Loss = 3.2800e-05, PNorm = 35.8827, GNorm = 0.0172, lr_0 = 1.4525e-04
Loss = 3.1131e-05, PNorm = 35.8829, GNorm = 0.0304, lr_0 = 1.4490e-04
Loss = 3.2996e-05, PNorm = 35.8833, GNorm = 0.0352, lr_0 = 1.4456e-04
Loss = 3.4080e-05, PNorm = 35.8835, GNorm = 0.0270, lr_0 = 1.4421e-04
Loss = 3.9934e-05, PNorm = 35.8840, GNorm = 0.0390, lr_0 = 1.4386e-04
Loss = 5.2956e-05, PNorm = 35.8842, GNorm = 0.0816, lr_0 = 1.4352e-04
Loss = 8.1680e-05, PNorm = 35.8844, GNorm = 0.1316, lr_0 = 1.4318e-04
Loss = 1.3919e-04, PNorm = 35.8846, GNorm = 0.0978, lr_0 = 1.4283e-04
Validation mae = nan
Epoch 84
Loss = 1.1370e-04, PNorm = 35.8849, GNorm = 0.0861, lr_0 = 1.4246e-04
Loss = 9.8250e-05, PNorm = 35.8856, GNorm = 0.0777, lr_0 = 1.4212e-04
Loss = 9.6895e-05, PNorm = 35.8862, GNorm = 0.0587, lr_0 = 1.4178e-04
Loss = 8.0241e-05, PNorm = 35.8865, GNorm = 0.0664, lr_0 = 1.4144e-04
Loss = 1.0482e-04, PNorm = 35.8868, GNorm = 0.0635, lr_0 = 1.4110e-04
Loss = 7.5878e-05, PNorm = 35.8871, GNorm = 0.0216, lr_0 = 1.4076e-04
Loss = 5.4996e-05, PNorm = 35.8874, GNorm = 0.0448, lr_0 = 1.4042e-04
Loss = 4.2753e-05, PNorm = 35.8874, GNorm = 0.0226, lr_0 = 1.4009e-04
Loss = 3.9600e-05, PNorm = 35.8878, GNorm = 0.0322, lr_0 = 1.3975e-04
Loss = 4.6732e-05, PNorm = 35.8886, GNorm = 0.0164, lr_0 = 1.3942e-04
Validation mae = nan
Epoch 85
Loss = 4.3161e-05, PNorm = 35.8889, GNorm = 0.0202, lr_0 = 1.3908e-04
Loss = 5.0122e-05, PNorm = 35.8895, GNorm = 0.0390, lr_0 = 1.3875e-04
Loss = 3.9490e-05, PNorm = 35.8898, GNorm = 0.0331, lr_0 = 1.3842e-04
Loss = 5.9766e-05, PNorm = 35.8901, GNorm = 0.0578, lr_0 = 1.3809e-04
Loss = 5.3186e-05, PNorm = 35.8905, GNorm = 0.0652, lr_0 = 1.3776e-04
Loss = 4.0702e-05, PNorm = 35.8909, GNorm = 0.0308, lr_0 = 1.3743e-04
Loss = 3.5223e-05, PNorm = 35.8914, GNorm = 0.0186, lr_0 = 1.3710e-04
Loss = 3.7079e-05, PNorm = 35.8914, GNorm = 0.0384, lr_0 = 1.3677e-04
Loss = 4.2340e-05, PNorm = 35.8918, GNorm = 0.0541, lr_0 = 1.3644e-04
Loss = 3.9282e-05, PNorm = 35.8917, GNorm = 0.0188, lr_0 = 1.3611e-04
Loss = 1.8316e-05, PNorm = 35.8917, GNorm = 0.0300, lr_0 = 1.3608e-04
Validation mae = nan
Epoch 86
Loss = 3.2017e-05, PNorm = 35.8923, GNorm = 0.0162, lr_0 = 1.3576e-04
Loss = 4.6299e-05, PNorm = 35.8928, GNorm = 0.0264, lr_0 = 1.3543e-04
Loss = 4.5151e-05, PNorm = 35.8932, GNorm = 0.0329, lr_0 = 1.3511e-04
Loss = 3.8483e-05, PNorm = 35.8936, GNorm = 0.0153, lr_0 = 1.3478e-04
Loss = 3.5768e-05, PNorm = 35.8936, GNorm = 0.0463, lr_0 = 1.3446e-04
Loss = 3.9938e-05, PNorm = 35.8938, GNorm = 0.0482, lr_0 = 1.3414e-04
Loss = 4.2076e-05, PNorm = 35.8941, GNorm = 0.0290, lr_0 = 1.3382e-04
Loss = 5.1581e-05, PNorm = 35.8945, GNorm = 0.0542, lr_0 = 1.3350e-04
Loss = 6.4255e-05, PNorm = 35.8950, GNorm = 0.0494, lr_0 = 1.3318e-04
Validation mae = nan
Epoch 87
Loss = 4.7502e-05, PNorm = 35.8954, GNorm = 0.0321, lr_0 = 1.3283e-04
Loss = 5.3774e-05, PNorm = 35.8956, GNorm = 0.0206, lr_0 = 1.3251e-04
Loss = 6.3613e-05, PNorm = 35.8962, GNorm = 0.0912, lr_0 = 1.3219e-04
Loss = 7.7150e-05, PNorm = 35.8965, GNorm = 0.0716, lr_0 = 1.3187e-04
Loss = 9.4133e-05, PNorm = 35.8973, GNorm = 0.0640, lr_0 = 1.3156e-04
Loss = 8.2552e-05, PNorm = 35.8979, GNorm = 0.0253, lr_0 = 1.3124e-04
Loss = 8.0184e-05, PNorm = 35.8982, GNorm = 0.0989, lr_0 = 1.3093e-04
Loss = 1.2645e-04, PNorm = 35.8982, GNorm = 0.0912, lr_0 = 1.3062e-04
Loss = 1.4802e-04, PNorm = 35.8984, GNorm = 0.1011, lr_0 = 1.3030e-04
Loss = 1.0972e-04, PNorm = 35.8990, GNorm = 0.0653, lr_0 = 1.2999e-04
Validation mae = nan
Epoch 88
Loss = 5.5238e-05, PNorm = 35.8993, GNorm = 0.0199, lr_0 = 1.2965e-04
Loss = 6.7983e-05, PNorm = 35.8996, GNorm = 0.0421, lr_0 = 1.2934e-04
Loss = 4.7804e-05, PNorm = 35.8999, GNorm = 0.0097, lr_0 = 1.2903e-04
Loss = 3.3126e-05, PNorm = 35.9002, GNorm = 0.0333, lr_0 = 1.2872e-04
Loss = 3.2794e-05, PNorm = 35.9006, GNorm = 0.0163, lr_0 = 1.2841e-04
Loss = 4.1089e-05, PNorm = 35.9012, GNorm = 0.0680, lr_0 = 1.2810e-04
Loss = 6.4123e-05, PNorm = 35.9015, GNorm = 0.0211, lr_0 = 1.2780e-04
Loss = 6.5698e-05, PNorm = 35.9016, GNorm = 0.0671, lr_0 = 1.2749e-04
Loss = 4.7836e-05, PNorm = 35.9016, GNorm = 0.0589, lr_0 = 1.2718e-04
Loss = 3.7119e-05, PNorm = 35.9021, GNorm = 0.0381, lr_0 = 1.2688e-04
Validation mae = nan
Epoch 89
Loss = 3.4208e-05, PNorm = 35.9024, GNorm = 0.0429, lr_0 = 1.2658e-04
Loss = 3.4598e-05, PNorm = 35.9026, GNorm = 0.0519, lr_0 = 1.2627e-04
Loss = 2.6399e-05, PNorm = 35.9028, GNorm = 0.0306, lr_0 = 1.2597e-04
Loss = 3.3732e-05, PNorm = 35.9029, GNorm = 0.0291, lr_0 = 1.2567e-04
Loss = 8.4829e-05, PNorm = 35.9032, GNorm = 0.0873, lr_0 = 1.2537e-04
Loss = 6.8785e-05, PNorm = 35.9037, GNorm = 0.0369, lr_0 = 1.2507e-04
Loss = 7.2782e-05, PNorm = 35.9044, GNorm = 0.0649, lr_0 = 1.2477e-04
Loss = 7.9485e-05, PNorm = 35.9051, GNorm = 0.0665, lr_0 = 1.2447e-04
Loss = 1.0666e-04, PNorm = 35.9054, GNorm = 0.0629, lr_0 = 1.2417e-04
Loss = 1.2990e-04, PNorm = 35.9058, GNorm = 0.0464, lr_0 = 1.2387e-04
Validation mae = nan
Epoch 90
Loss = 9.5454e-05, PNorm = 35.9058, GNorm = 0.0738, lr_0 = 1.2355e-04
Loss = 1.1652e-04, PNorm = 35.9061, GNorm = 0.0550, lr_0 = 1.2325e-04
Loss = 9.1894e-05, PNorm = 35.9065, GNorm = 0.0837, lr_0 = 1.2296e-04
Loss = 7.0129e-05, PNorm = 35.9070, GNorm = 0.0519, lr_0 = 1.2266e-04
Loss = 5.7187e-05, PNorm = 35.9079, GNorm = 0.0496, lr_0 = 1.2237e-04
Loss = 9.1143e-05, PNorm = 35.9082, GNorm = 0.0438, lr_0 = 1.2208e-04
Loss = 7.1919e-05, PNorm = 35.9084, GNorm = 0.0425, lr_0 = 1.2178e-04
Loss = 5.7259e-05, PNorm = 35.9084, GNorm = 0.0817, lr_0 = 1.2149e-04
Loss = 4.7901e-05, PNorm = 35.9084, GNorm = 0.0514, lr_0 = 1.2120e-04
Loss = 5.5173e-05, PNorm = 35.9085, GNorm = 0.0404, lr_0 = 1.2091e-04
Validation mae = nan
Epoch 91
Loss = 6.8267e-05, PNorm = 35.9090, GNorm = 0.0814, lr_0 = 1.2059e-04
Loss = 1.0859e-04, PNorm = 35.9091, GNorm = 0.0831, lr_0 = 1.2030e-04
Loss = 7.1293e-05, PNorm = 35.9096, GNorm = 0.0311, lr_0 = 1.2002e-04
Loss = 4.9794e-05, PNorm = 35.9098, GNorm = 0.0389, lr_0 = 1.1973e-04
Loss = 5.1583e-05, PNorm = 35.9103, GNorm = 0.0427, lr_0 = 1.1944e-04
Loss = 6.6637e-05, PNorm = 35.9102, GNorm = 0.0364, lr_0 = 1.1916e-04
Loss = 5.4638e-05, PNorm = 35.9104, GNorm = 0.0534, lr_0 = 1.1887e-04
Loss = 4.9697e-05, PNorm = 35.9105, GNorm = 0.0375, lr_0 = 1.1859e-04
Loss = 5.4599e-05, PNorm = 35.9106, GNorm = 0.0386, lr_0 = 1.1830e-04
Validation mae = nan
Epoch 92
Loss = 7.4154e-05, PNorm = 35.9107, GNorm = 0.0640, lr_0 = 1.1799e-04
Loss = 5.3483e-05, PNorm = 35.9110, GNorm = 0.0720, lr_0 = 1.1771e-04
Loss = 4.2805e-05, PNorm = 35.9113, GNorm = 0.0221, lr_0 = 1.1743e-04
Loss = 4.4152e-05, PNorm = 35.9116, GNorm = 0.0385, lr_0 = 1.1714e-04
Loss = 3.8436e-05, PNorm = 35.9119, GNorm = 0.0379, lr_0 = 1.1686e-04
Loss = 3.5391e-05, PNorm = 35.9124, GNorm = 0.0103, lr_0 = 1.1658e-04
Loss = 3.0082e-05, PNorm = 35.9125, GNorm = 0.0223, lr_0 = 1.1630e-04
Loss = 3.0336e-05, PNorm = 35.9127, GNorm = 0.0237, lr_0 = 1.1603e-04
Loss = 3.0768e-05, PNorm = 35.9127, GNorm = 0.0139, lr_0 = 1.1575e-04
Loss = 4.2974e-05, PNorm = 35.9130, GNorm = 0.0328, lr_0 = 1.1547e-04
Validation mae = nan
Epoch 93
Loss = 2.0745e-05, PNorm = 35.9134, GNorm = 0.0168, lr_0 = 1.1519e-04
Loss = 3.6102e-05, PNorm = 35.9138, GNorm = 0.0593, lr_0 = 1.1492e-04
Loss = 5.6869e-05, PNorm = 35.9138, GNorm = 0.0762, lr_0 = 1.1464e-04
Loss = 5.7129e-05, PNorm = 35.9136, GNorm = 0.0848, lr_0 = 1.1437e-04
Loss = 8.2110e-05, PNorm = 35.9139, GNorm = 0.0283, lr_0 = 1.1410e-04
Loss = 8.3261e-05, PNorm = 35.9140, GNorm = 0.0743, lr_0 = 1.1382e-04
Loss = 4.8708e-05, PNorm = 35.9144, GNorm = 0.0429, lr_0 = 1.1355e-04
Loss = 4.1780e-05, PNorm = 35.9149, GNorm = 0.0462, lr_0 = 1.1328e-04
Loss = 3.3108e-05, PNorm = 35.9156, GNorm = 0.0251, lr_0 = 1.1301e-04
Loss = 3.6481e-05, PNorm = 35.9158, GNorm = 0.0251, lr_0 = 1.1274e-04
Validation mae = nan
Epoch 94
Loss = 4.2169e-05, PNorm = 35.9163, GNorm = 0.0324, lr_0 = 1.1244e-04
Loss = 3.4701e-05, PNorm = 35.9164, GNorm = 0.0363, lr_0 = 1.1217e-04
Loss = 6.4088e-05, PNorm = 35.9166, GNorm = 0.0520, lr_0 = 1.1190e-04
Loss = 4.3629e-05, PNorm = 35.9170, GNorm = 0.0126, lr_0 = 1.1163e-04
Loss = 3.9036e-05, PNorm = 35.9174, GNorm = 0.0169, lr_0 = 1.1137e-04
Loss = 3.1785e-05, PNorm = 35.9176, GNorm = 0.0123, lr_0 = 1.1110e-04
Loss = 2.7981e-05, PNorm = 35.9183, GNorm = 0.0222, lr_0 = 1.1083e-04
Loss = 3.8166e-05, PNorm = 35.9184, GNorm = 0.0454, lr_0 = 1.1057e-04
Loss = 2.8469e-05, PNorm = 35.9184, GNorm = 0.0340, lr_0 = 1.1030e-04
Loss = 3.3094e-05, PNorm = 35.9188, GNorm = 0.0609, lr_0 = 1.1004e-04
Validation mae = nan
Epoch 95
Loss = 3.2418e-05, PNorm = 35.9193, GNorm = 0.0518, lr_0 = 1.0975e-04
Loss = 2.9445e-05, PNorm = 35.9193, GNorm = 0.0125, lr_0 = 1.0949e-04
Loss = 2.5511e-05, PNorm = 35.9193, GNorm = 0.0224, lr_0 = 1.0922e-04
Loss = 3.2940e-05, PNorm = 35.9197, GNorm = 0.0352, lr_0 = 1.0896e-04
Loss = 3.6722e-05, PNorm = 35.9197, GNorm = 0.0182, lr_0 = 1.0870e-04
Loss = 3.2662e-05, PNorm = 35.9200, GNorm = 0.0280, lr_0 = 1.0844e-04
Loss = 2.5167e-05, PNorm = 35.9202, GNorm = 0.0221, lr_0 = 1.0818e-04
Loss = 4.1964e-05, PNorm = 35.9206, GNorm = 0.0587, lr_0 = 1.0792e-04
Loss = 4.5566e-05, PNorm = 35.9205, GNorm = 0.0485, lr_0 = 1.0766e-04
Loss = 5.7734e-05, PNorm = 35.9206, GNorm = 0.0875, lr_0 = 1.0741e-04
Validation mae = nan
Epoch 96
Loss = 5.7842e-05, PNorm = 35.9209, GNorm = 0.0397, lr_0 = 1.0712e-04
Loss = 4.9868e-05, PNorm = 35.9212, GNorm = 0.0282, lr_0 = 1.0687e-04
Loss = 3.8974e-05, PNorm = 35.9217, GNorm = 0.0428, lr_0 = 1.0661e-04
Loss = 5.0514e-05, PNorm = 35.9221, GNorm = 0.0336, lr_0 = 1.0636e-04
Loss = 4.8440e-05, PNorm = 35.9223, GNorm = 0.0286, lr_0 = 1.0610e-04
Loss = 4.8215e-05, PNorm = 35.9224, GNorm = 0.0380, lr_0 = 1.0585e-04
Loss = 7.4095e-05, PNorm = 35.9224, GNorm = 0.0790, lr_0 = 1.0559e-04
Loss = 1.0167e-04, PNorm = 35.9231, GNorm = 0.0364, lr_0 = 1.0534e-04
Loss = 1.2382e-04, PNorm = 35.9234, GNorm = 0.1470, lr_0 = 1.0509e-04
Loss = 9.4126e-05, PNorm = 35.9237, GNorm = 0.0529, lr_0 = 1.0484e-04
Validation mae = nan
Epoch 97
Loss = 1.0055e-04, PNorm = 35.9241, GNorm = 0.0630, lr_0 = 1.0459e-04
Loss = 9.5344e-05, PNorm = 35.9245, GNorm = 0.1077, lr_0 = 1.0433e-04
Loss = 9.2667e-05, PNorm = 35.9245, GNorm = 0.0527, lr_0 = 1.0409e-04
Loss = 5.6819e-05, PNorm = 35.9246, GNorm = 0.0346, lr_0 = 1.0384e-04
Loss = 6.8583e-05, PNorm = 35.9255, GNorm = 0.0472, lr_0 = 1.0359e-04
Loss = 5.2862e-05, PNorm = 35.9254, GNorm = 0.0479, lr_0 = 1.0334e-04
Loss = 4.8621e-05, PNorm = 35.9258, GNorm = 0.0277, lr_0 = 1.0309e-04
Loss = 3.9010e-05, PNorm = 35.9260, GNorm = 0.0516, lr_0 = 1.0284e-04
Loss = 5.5587e-05, PNorm = 35.9264, GNorm = 0.0335, lr_0 = 1.0260e-04
Validation mae = nan
Epoch 98
Loss = 9.2346e-05, PNorm = 35.9265, GNorm = 0.0713, lr_0 = 1.0233e-04
Loss = 7.2912e-05, PNorm = 35.9265, GNorm = 0.0686, lr_0 = 1.0208e-04
Loss = 4.6486e-05, PNorm = 35.9268, GNorm = 0.0463, lr_0 = 1.0184e-04
Loss = 3.7550e-05, PNorm = 35.9270, GNorm = 0.0474, lr_0 = 1.0159e-04
Loss = 3.8010e-05, PNorm = 35.9271, GNorm = 0.0449, lr_0 = 1.0135e-04
Loss = 3.6902e-05, PNorm = 35.9274, GNorm = 0.0322, lr_0 = 1.0111e-04
Loss = 3.4694e-05, PNorm = 35.9278, GNorm = 0.0205, lr_0 = 1.0087e-04
Loss = 3.2864e-05, PNorm = 35.9280, GNorm = 0.0190, lr_0 = 1.0063e-04
Loss = 3.5002e-05, PNorm = 35.9281, GNorm = 0.0366, lr_0 = 1.0038e-04
Loss = 3.1145e-05, PNorm = 35.9284, GNorm = 0.0223, lr_0 = 1.0014e-04
Validation mae = nan
Epoch 99
Loss = 4.6896e-05, PNorm = 35.9289, GNorm = 0.0356, lr_0 = 1.0000e-04
Loss = 3.1589e-05, PNorm = 35.9291, GNorm = 0.0330, lr_0 = 1.0000e-04
Loss = 2.5216e-05, PNorm = 35.9294, GNorm = 0.0131, lr_0 = 1.0000e-04
Loss = 2.7032e-05, PNorm = 35.9295, GNorm = 0.0269, lr_0 = 1.0000e-04
Loss = 3.0202e-05, PNorm = 35.9297, GNorm = 0.0326, lr_0 = 1.0000e-04
Loss = 4.2466e-05, PNorm = 35.9298, GNorm = 0.0305, lr_0 = 1.0000e-04
Loss = 3.7910e-05, PNorm = 35.9299, GNorm = 0.0444, lr_0 = 1.0000e-04
Loss = 3.9390e-05, PNorm = 35.9298, GNorm = 0.0165, lr_0 = 1.0000e-04
Loss = 3.6760e-05, PNorm = 35.9303, GNorm = 0.0532, lr_0 = 1.0000e-04
Loss = 4.9917e-05, PNorm = 35.9307, GNorm = 0.0251, lr_0 = 1.0000e-04
Validation mae = nan
Model 0 best validation mae = inf on epoch 0
Loading pretrained parameter "encoder.encoder.0.cached_zero_vector".
Loading pretrained parameter "encoder.encoder.0.W_i.weight".
Loading pretrained parameter "encoder.encoder.0.W_h.weight".
Loading pretrained parameter "encoder.encoder.0.W_o.weight".
Loading pretrained parameter "encoder.encoder.0.W_o.bias".
Loading pretrained parameter "ffn.1.weight".
Loading pretrained parameter "ffn.1.bias".
Loading pretrained parameter "ffn.4.weight".
Loading pretrained parameter "ffn.4.bias".
Moving model to cuda
Model 0 test mae = nan
Ensemble test mae = nan
1-fold cross validation
	Seed 0 ==> test mae = nan
Overall test mae = nan +/- nan
Elapsed time = 0:06:12
