Command line
python train.py --data_path data/data_0.5_nheavy0/cp.csv --smiles_columns smiles --target_columns cp --dataset_type regression --split_sizes 1.0 0.0 0.0 --features_generator rdkit_2d --features_columns T --save_dir data/data_0.5_nheavy0/cp --save_preds --epochs 100 --metric mae
Args
{'activation': 'ReLU',
 'aggregation': 'mean',
 'aggregation_norm': 100,
 'atom_descriptor_scaling': True,
 'atom_descriptors': None,
 'atom_descriptors_path': None,
 'atom_descriptors_size': 0,
 'atom_features_size': 0,
 'atom_messages': False,
 'batch_size': 50,
 'bias': False,
 'bond_feature_scaling': True,
 'bond_features_path': None,
 'bond_features_size': 0,
 'cache_cutoff': 10000,
 'checkpoint_dir': None,
 'checkpoint_path': None,
 'checkpoint_paths': None,
 'class_balance': False,
 'config_path': None,
 'crossval_index_dir': None,
 'crossval_index_file': None,
 'crossval_index_sets': None,
 'cuda': True,
 'data_path': 'data/data_0.5_nheavy0/cp.csv',
 'dataset_type': 'regression',
 'depth': 3,
 'device': device(type='cuda'),
 'dropout': 0.0,
 'empty_cache': False,
 'ensemble_size': 1,
 'epochs': 100,
 'explicit_h': False,
 'extra_metrics': [],
 'features_columns': ['T'],
 'features_generator': ['rdkit_2d'],
 'features_only': False,
 'features_path': None,
 'features_scaling': True,
 'features_size': None,
 'ffn_hidden_size': 300,
 'ffn_num_layers': 2,
 'final_lr': 0.0001,
 'folds_file': None,
 'gpu': None,
 'grad_clip': None,
 'hidden_size': 300,
 'ignore_columns': None,
 'init_lr': 0.0001,
 'log_frequency': 10,
 'max_data_size': None,
 'max_lr': 0.001,
 'metric': 'mae',
 'metrics': ['mae'],
 'minimize_score': True,
 'mpn_shared': False,
 'multiclass_num_classes': 3,
 'no_atom_descriptor_scaling': False,
 'no_bond_features_scaling': False,
 'no_cache_mol': False,
 'no_cuda': False,
 'no_features_scaling': False,
 'num_folds': 1,
 'num_lrs': 1,
 'num_tasks': 1,
 'num_workers': 8,
 'number_of_molecules': 1,
 'overwrite_default_atom_features': False,
 'overwrite_default_bond_features': False,
 'pytorch_seed': 0,
 'quiet': False,
 'reaction': False,
 'reaction_mode': 'reac_diff',
 'resume_experiment': False,
 'save_dir': 'data/data_0.5_nheavy0/cp',
 'save_preds': True,
 'save_smiles_splits': False,
 'seed': 0,
 'separate_test_atom_descriptors_path': None,
 'separate_test_bond_features_path': None,
 'separate_test_features_path': None,
 'separate_test_path': None,
 'separate_val_atom_descriptors_path': None,
 'separate_val_bond_features_path': None,
 'separate_val_features_path': None,
 'separate_val_path': None,
 'show_individual_scores': False,
 'smiles_columns': ['smiles'],
 'split_sizes': (1.0, 0.0, 0.0),
 'split_type': 'random',
 'target_columns': ['cp'],
 'task_names': ['cp'],
 'test': False,
 'test_fold_index': None,
 'train_data_size': None,
 'undirected': False,
 'use_input_features': True,
 'val_fold_index': None,
 'warmup_epochs': 2.0}
Loading data
Number of tasks = 1
Fold 0
Splitting data with seed 0
Total size = 4,998 | train size = 4,998 | val size = 0 | test size = 0
Fitting scaler
Building model 0
MoleculeModel(
  (encoder): MPN(
    (encoder): ModuleList(
      (0): MPNEncoder(
        (dropout_layer): Dropout(p=0.0, inplace=False)
        (act_func): ReLU()
        (W_i): Linear(in_features=147, out_features=300, bias=False)
        (W_h): Linear(in_features=300, out_features=300, bias=False)
        (W_o): Linear(in_features=433, out_features=300, bias=True)
      )
    )
  )
  (ffn): Sequential(
    (0): Dropout(p=0.0, inplace=False)
    (1): Linear(in_features=501, out_features=300, bias=True)
    (2): ReLU()
    (3): Dropout(p=0.0, inplace=False)
    (4): Linear(in_features=300, out_features=1, bias=True)
  )
)
Number of parameters = 415,201
Moving model to cuda
Epoch 0
Loss = 8.4944e-01, PNorm = 35.0927, GNorm = 2.5953, lr_0 = 1.5000e-04
Loss = 3.2067e-01, PNorm = 35.0950, GNorm = 4.5528, lr_0 = 1.9545e-04
Loss = 2.1309e-01, PNorm = 35.0940, GNorm = 2.1275, lr_0 = 2.4091e-04
Loss = 1.8445e-01, PNorm = 35.0959, GNorm = 2.1261, lr_0 = 2.8636e-04
Loss = 1.3023e-01, PNorm = 35.0993, GNorm = 1.1241, lr_0 = 3.3182e-04
Loss = 8.4919e-02, PNorm = 35.1026, GNorm = 1.0107, lr_0 = 3.7727e-04
Loss = 5.9630e-02, PNorm = 35.1065, GNorm = 0.7811, lr_0 = 4.2273e-04
Loss = 4.0942e-02, PNorm = 35.1111, GNorm = 0.6100, lr_0 = 4.6818e-04
Loss = 2.4162e-02, PNorm = 35.1156, GNorm = 1.1237, lr_0 = 5.1364e-04
Validation mae = nan
Epoch 1
Loss = 1.7667e-02, PNorm = 35.1177, GNorm = 1.8043, lr_0 = 5.6364e-04
Loss = 1.1384e-02, PNorm = 35.1186, GNorm = 0.8394, lr_0 = 6.0909e-04
Loss = 7.8099e-03, PNorm = 35.1193, GNorm = 0.3487, lr_0 = 6.5455e-04
Loss = 7.9738e-03, PNorm = 35.1199, GNorm = 0.4086, lr_0 = 7.0000e-04
Loss = 5.9630e-03, PNorm = 35.1206, GNorm = 0.1783, lr_0 = 7.4545e-04
Loss = 4.4919e-03, PNorm = 35.1212, GNorm = 0.4702, lr_0 = 7.9091e-04
Loss = 3.8199e-03, PNorm = 35.1217, GNorm = 0.5094, lr_0 = 8.3636e-04
Loss = 3.7317e-03, PNorm = 35.1220, GNorm = 0.4201, lr_0 = 8.8182e-04
Loss = 5.0277e-03, PNorm = 35.1222, GNorm = 1.0927, lr_0 = 9.2727e-04
Loss = 5.9956e-03, PNorm = 35.1224, GNorm = 0.9227, lr_0 = 9.7273e-04
Validation mae = nan
Epoch 2
Loss = 2.1941e-03, PNorm = 35.1230, GNorm = 0.1784, lr_0 = 9.9905e-04
Loss = 4.4249e-03, PNorm = 35.1241, GNorm = 0.5646, lr_0 = 9.9668e-04
Loss = 3.3744e-03, PNorm = 35.1260, GNorm = 0.3381, lr_0 = 9.9432e-04
Loss = 2.6369e-03, PNorm = 35.1276, GNorm = 0.6499, lr_0 = 9.9196e-04
Loss = 2.9355e-03, PNorm = 35.1288, GNorm = 0.3380, lr_0 = 9.8961e-04
Loss = 2.6129e-03, PNorm = 35.1297, GNorm = 0.3886, lr_0 = 9.8727e-04
Loss = 2.4208e-03, PNorm = 35.1304, GNorm = 0.6699, lr_0 = 9.8493e-04
Loss = 2.3087e-03, PNorm = 35.1311, GNorm = 0.1347, lr_0 = 9.8259e-04
Loss = 2.0570e-03, PNorm = 35.1320, GNorm = 0.3511, lr_0 = 9.8026e-04
Loss = 2.6921e-03, PNorm = 35.1327, GNorm = 0.2409, lr_0 = 9.7794e-04
Validation mae = nan
Epoch 3
Loss = 2.6030e-03, PNorm = 35.1331, GNorm = 0.3073, lr_0 = 9.7562e-04
Loss = 5.0909e-03, PNorm = 35.1332, GNorm = 1.0125, lr_0 = 9.7331e-04
Loss = 4.1575e-03, PNorm = 35.1329, GNorm = 0.6066, lr_0 = 9.7100e-04
Loss = 2.6359e-03, PNorm = 35.1337, GNorm = 0.1943, lr_0 = 9.6870e-04
Loss = 1.9896e-03, PNorm = 35.1353, GNorm = 0.0577, lr_0 = 9.6640e-04
Loss = 1.5293e-03, PNorm = 35.1366, GNorm = 0.4217, lr_0 = 9.6411e-04
Loss = 2.1935e-03, PNorm = 35.1377, GNorm = 0.5030, lr_0 = 9.6183e-04
Loss = 1.8184e-03, PNorm = 35.1380, GNorm = 0.1853, lr_0 = 9.5955e-04
Loss = 2.0846e-03, PNorm = 35.1389, GNorm = 0.3133, lr_0 = 9.5727e-04
Loss = 1.7657e-03, PNorm = 35.1402, GNorm = 0.2314, lr_0 = 9.5500e-04
Validation mae = nan
Epoch 4
Loss = 1.1687e-03, PNorm = 35.1414, GNorm = 0.2437, lr_0 = 9.5274e-04
Loss = 1.5884e-03, PNorm = 35.1419, GNorm = 0.4436, lr_0 = 9.5048e-04
Loss = 1.8594e-03, PNorm = 35.1424, GNorm = 0.5484, lr_0 = 9.4823e-04
Loss = 2.3048e-03, PNorm = 35.1426, GNorm = 0.4433, lr_0 = 9.4598e-04
Loss = 1.4651e-03, PNorm = 35.1430, GNorm = 0.1773, lr_0 = 9.4374e-04
Loss = 1.9172e-03, PNorm = 35.1433, GNorm = 0.5016, lr_0 = 9.4150e-04
Loss = 2.1125e-03, PNorm = 35.1439, GNorm = 0.2581, lr_0 = 9.3927e-04
Loss = 1.8666e-03, PNorm = 35.1445, GNorm = 0.3187, lr_0 = 9.3704e-04
Loss = 1.6967e-03, PNorm = 35.1454, GNorm = 0.4877, lr_0 = 9.3482e-04
Loss = 1.7464e-03, PNorm = 35.1460, GNorm = 0.3427, lr_0 = 9.3260e-04
Validation mae = nan
Epoch 5
Loss = 8.7900e-04, PNorm = 35.1461, GNorm = 0.0938, lr_0 = 9.3039e-04
Loss = 1.1987e-03, PNorm = 35.1466, GNorm = 0.2930, lr_0 = 9.2819e-04
Loss = 1.4025e-03, PNorm = 35.1473, GNorm = 0.2024, lr_0 = 9.2599e-04
Loss = 1.9130e-03, PNorm = 35.1477, GNorm = 0.2343, lr_0 = 9.2379e-04
Loss = 1.6632e-03, PNorm = 35.1478, GNorm = 0.1639, lr_0 = 9.2160e-04
Loss = 1.4530e-03, PNorm = 35.1486, GNorm = 0.3679, lr_0 = 9.1942e-04
Loss = 1.3173e-03, PNorm = 35.1492, GNorm = 0.1398, lr_0 = 9.1724e-04
Loss = 1.1467e-03, PNorm = 35.1498, GNorm = 0.1617, lr_0 = 9.1506e-04
Loss = 1.1918e-03, PNorm = 35.1507, GNorm = 0.5092, lr_0 = 9.1289e-04
Loss = 1.5578e-03, PNorm = 35.1511, GNorm = 0.0731, lr_0 = 9.1073e-04
Validation mae = nan
Epoch 6
Loss = 9.6710e-04, PNorm = 35.1517, GNorm = 0.0656, lr_0 = 9.0857e-04
Loss = 9.8643e-04, PNorm = 35.1521, GNorm = 0.0914, lr_0 = 9.0642e-04
Loss = 9.1435e-04, PNorm = 35.1524, GNorm = 0.2825, lr_0 = 9.0427e-04
Loss = 1.4039e-03, PNorm = 35.1524, GNorm = 0.4241, lr_0 = 9.0213e-04
Loss = 2.1282e-03, PNorm = 35.1528, GNorm = 0.6735, lr_0 = 8.9999e-04
Loss = 1.2512e-03, PNorm = 35.1535, GNorm = 0.3778, lr_0 = 8.9785e-04
Loss = 1.0483e-03, PNorm = 35.1542, GNorm = 0.1444, lr_0 = 8.9573e-04
Loss = 1.3539e-03, PNorm = 35.1544, GNorm = 0.0994, lr_0 = 8.9360e-04
Loss = 1.5079e-03, PNorm = 35.1547, GNorm = 0.2994, lr_0 = 8.9148e-04
Loss = 1.2356e-03, PNorm = 35.1551, GNorm = 0.0963, lr_0 = 8.8937e-04
Validation mae = nan
Epoch 7
Loss = 8.3342e-04, PNorm = 35.1555, GNorm = 0.0645, lr_0 = 8.8726e-04
Loss = 9.5025e-04, PNorm = 35.1560, GNorm = 0.3059, lr_0 = 8.8516e-04
Loss = 1.3053e-03, PNorm = 35.1567, GNorm = 0.4110, lr_0 = 8.8306e-04
Loss = 9.2370e-04, PNorm = 35.1566, GNorm = 0.0721, lr_0 = 8.8097e-04
Loss = 8.6097e-04, PNorm = 35.1572, GNorm = 0.0715, lr_0 = 8.7888e-04
Loss = 6.7304e-04, PNorm = 35.1581, GNorm = 0.1826, lr_0 = 8.7680e-04
Loss = 7.4668e-04, PNorm = 35.1588, GNorm = 0.0399, lr_0 = 8.7472e-04
Loss = 7.8786e-04, PNorm = 35.1595, GNorm = 0.1061, lr_0 = 8.7264e-04
Loss = 1.0298e-03, PNorm = 35.1602, GNorm = 0.1612, lr_0 = 8.7058e-04
Loss = 8.8636e-04, PNorm = 35.1611, GNorm = 0.1207, lr_0 = 8.6851e-04
Validation mae = nan
Epoch 8
Loss = 1.2396e-03, PNorm = 35.1618, GNorm = 0.3734, lr_0 = 8.6645e-04
Loss = 9.2673e-04, PNorm = 35.1627, GNorm = 0.2671, lr_0 = 8.6440e-04
Loss = 7.2766e-04, PNorm = 35.1631, GNorm = 0.3359, lr_0 = 8.6235e-04
Loss = 8.6111e-04, PNorm = 35.1636, GNorm = 0.1862, lr_0 = 8.6031e-04
Loss = 8.2888e-04, PNorm = 35.1642, GNorm = 0.1015, lr_0 = 8.5827e-04
Loss = 1.0153e-03, PNorm = 35.1650, GNorm = 0.3341, lr_0 = 8.5623e-04
Loss = 1.4570e-03, PNorm = 35.1664, GNorm = 0.1277, lr_0 = 8.5420e-04
Loss = 9.2060e-04, PNorm = 35.1673, GNorm = 0.1013, lr_0 = 8.5218e-04
Loss = 1.1806e-03, PNorm = 35.1694, GNorm = 0.1676, lr_0 = 8.5016e-04
Loss = 1.3686e-03, PNorm = 35.1713, GNorm = 0.1223, lr_0 = 8.4814e-04
Validation mae = nan
Epoch 9
Loss = 9.2059e-04, PNorm = 35.1721, GNorm = 0.1686, lr_0 = 8.4613e-04
Loss = 6.8838e-04, PNorm = 35.1729, GNorm = 0.2048, lr_0 = 8.4413e-04
Loss = 6.4968e-04, PNorm = 35.1738, GNorm = 0.1565, lr_0 = 8.4212e-04
Loss = 8.9252e-04, PNorm = 35.1741, GNorm = 0.4229, lr_0 = 8.4013e-04
Loss = 7.9571e-04, PNorm = 35.1753, GNorm = 0.2912, lr_0 = 8.3814e-04
Loss = 7.7222e-04, PNorm = 35.1768, GNorm = 0.5094, lr_0 = 8.3615e-04
Loss = 7.3629e-04, PNorm = 35.1779, GNorm = 0.2066, lr_0 = 8.3417e-04
Loss = 9.6994e-04, PNorm = 35.1785, GNorm = 0.1849, lr_0 = 8.3219e-04
Loss = 6.7824e-04, PNorm = 35.1790, GNorm = 0.2752, lr_0 = 8.3022e-04
Loss = 8.3516e-04, PNorm = 35.1795, GNorm = 0.4066, lr_0 = 8.2825e-04
Validation mae = nan
Epoch 10
Loss = 5.8650e-04, PNorm = 35.1807, GNorm = 0.1419, lr_0 = 8.2629e-04
Loss = 6.0976e-04, PNorm = 35.1817, GNorm = 0.0927, lr_0 = 8.2433e-04
Loss = 5.3234e-04, PNorm = 35.1825, GNorm = 0.1387, lr_0 = 8.2237e-04
Loss = 6.5579e-04, PNorm = 35.1832, GNorm = 0.1775, lr_0 = 8.2042e-04
Loss = 9.1122e-04, PNorm = 35.1837, GNorm = 0.1853, lr_0 = 8.1848e-04
Loss = 5.5342e-04, PNorm = 35.1840, GNorm = 0.0856, lr_0 = 8.1654e-04
Loss = 8.0427e-04, PNorm = 35.1852, GNorm = 0.2157, lr_0 = 8.1460e-04
Loss = 8.7577e-04, PNorm = 35.1854, GNorm = 0.0920, lr_0 = 8.1267e-04
Loss = 6.6601e-04, PNorm = 35.1862, GNorm = 0.0972, lr_0 = 8.1075e-04
Loss = 6.4207e-04, PNorm = 35.1870, GNorm = 0.2449, lr_0 = 8.0882e-04
Validation mae = nan
Epoch 11
Loss = 1.6938e-03, PNorm = 35.1874, GNorm = 0.3410, lr_0 = 8.0691e-04
Loss = 8.8521e-04, PNorm = 35.1883, GNorm = 0.1281, lr_0 = 8.0499e-04
Loss = 1.0027e-03, PNorm = 35.1889, GNorm = 0.2556, lr_0 = 8.0309e-04
Loss = 8.3747e-04, PNorm = 35.1899, GNorm = 0.2875, lr_0 = 8.0118e-04
Loss = 7.3793e-04, PNorm = 35.1902, GNorm = 0.0329, lr_0 = 7.9928e-04
Loss = 5.7235e-04, PNorm = 35.1915, GNorm = 0.1309, lr_0 = 7.9739e-04
Loss = 5.3741e-04, PNorm = 35.1926, GNorm = 0.2286, lr_0 = 7.9550e-04
Loss = 5.0855e-04, PNorm = 35.1936, GNorm = 0.1074, lr_0 = 7.9361e-04
Loss = 4.1563e-04, PNorm = 35.1940, GNorm = 0.0964, lr_0 = 7.9173e-04
Loss = 6.2139e-04, PNorm = 35.1944, GNorm = 0.1035, lr_0 = 7.8985e-04
Validation mae = nan
Epoch 12
Loss = 6.7877e-04, PNorm = 35.1950, GNorm = 0.1498, lr_0 = 7.8798e-04
Loss = 6.1491e-04, PNorm = 35.1958, GNorm = 0.1645, lr_0 = 7.8611e-04
Loss = 7.9251e-04, PNorm = 35.1967, GNorm = 0.2050, lr_0 = 7.8425e-04
Loss = 7.3588e-04, PNorm = 35.1976, GNorm = 0.3569, lr_0 = 7.8239e-04
Loss = 8.0606e-04, PNorm = 35.1982, GNorm = 0.0987, lr_0 = 7.8054e-04
Loss = 1.0054e-03, PNorm = 35.1985, GNorm = 0.3105, lr_0 = 7.7869e-04
Loss = 1.6786e-03, PNorm = 35.1992, GNorm = 0.3486, lr_0 = 7.7684e-04
Loss = 9.9888e-04, PNorm = 35.2001, GNorm = 0.2555, lr_0 = 7.7500e-04
Loss = 7.9547e-04, PNorm = 35.2017, GNorm = 0.2268, lr_0 = 7.7316e-04
Loss = 5.8310e-04, PNorm = 35.2027, GNorm = 0.0859, lr_0 = 7.7133e-04
Validation mae = nan
Epoch 13
Loss = 4.1614e-04, PNorm = 35.2035, GNorm = 0.1081, lr_0 = 7.6950e-04
Loss = 5.3010e-04, PNorm = 35.2043, GNorm = 0.1107, lr_0 = 7.6768e-04
Loss = 5.8977e-04, PNorm = 35.2056, GNorm = 0.1430, lr_0 = 7.6586e-04
Loss = 5.2206e-04, PNorm = 35.2065, GNorm = 0.1197, lr_0 = 7.6404e-04
Loss = 8.6043e-04, PNorm = 35.2071, GNorm = 0.3170, lr_0 = 7.6223e-04
Loss = 5.8698e-04, PNorm = 35.2078, GNorm = 0.2926, lr_0 = 7.6042e-04
Loss = 4.7387e-04, PNorm = 35.2084, GNorm = 0.0585, lr_0 = 7.5862e-04
Loss = 4.0806e-04, PNorm = 35.2092, GNorm = 0.1228, lr_0 = 7.5682e-04
Loss = 3.5809e-04, PNorm = 35.2100, GNorm = 0.0804, lr_0 = 7.5503e-04
Loss = 4.3715e-04, PNorm = 35.2110, GNorm = 0.0695, lr_0 = 7.5324e-04
Validation mae = nan
Epoch 14
Loss = 4.6938e-04, PNorm = 35.2121, GNorm = 0.1870, lr_0 = 7.5145e-04
Loss = 3.9296e-04, PNorm = 35.2126, GNorm = 0.0991, lr_0 = 7.4967e-04
Loss = 4.4830e-04, PNorm = 35.2135, GNorm = 0.1848, lr_0 = 7.4789e-04
Loss = 4.9995e-04, PNorm = 35.2145, GNorm = 0.1127, lr_0 = 7.4612e-04
Loss = 4.3084e-04, PNorm = 35.2156, GNorm = 0.1226, lr_0 = 7.4435e-04
Loss = 3.8929e-04, PNorm = 35.2179, GNorm = 0.0872, lr_0 = 7.4259e-04
Loss = 5.6686e-04, PNorm = 35.2196, GNorm = 0.1824, lr_0 = 7.4083e-04
Loss = 4.2136e-04, PNorm = 35.2200, GNorm = 0.0802, lr_0 = 7.3907e-04
Loss = 3.7002e-04, PNorm = 35.2209, GNorm = 0.1091, lr_0 = 7.3732e-04
Loss = 5.1159e-04, PNorm = 35.2219, GNorm = 0.1485, lr_0 = 7.3557e-04
Validation mae = nan
Epoch 15
Loss = 8.1688e-04, PNorm = 35.2220, GNorm = 0.2435, lr_0 = 7.3383e-04
Loss = 8.1941e-04, PNorm = 35.2233, GNorm = 0.1918, lr_0 = 7.3209e-04
Loss = 6.5430e-04, PNorm = 35.2266, GNorm = 0.1244, lr_0 = 7.3035e-04
Loss = 8.0038e-04, PNorm = 35.2292, GNorm = 0.2044, lr_0 = 7.2862e-04
Loss = 8.7498e-04, PNorm = 35.2310, GNorm = 0.2208, lr_0 = 7.2690e-04
Loss = 7.8489e-04, PNorm = 35.2325, GNorm = 0.2284, lr_0 = 7.2517e-04
Loss = 7.6573e-04, PNorm = 35.2336, GNorm = 0.1121, lr_0 = 7.2345e-04
Loss = 7.2781e-04, PNorm = 35.2344, GNorm = 0.1826, lr_0 = 7.2174e-04
Loss = 6.8531e-04, PNorm = 35.2351, GNorm = 0.3374, lr_0 = 7.2003e-04
Loss = 1.2915e-03, PNorm = 35.2361, GNorm = 0.1411, lr_0 = 7.1832e-04
Validation mae = nan
Epoch 16
Loss = 9.9072e-04, PNorm = 35.2372, GNorm = 0.2339, lr_0 = 7.1662e-04
Loss = 1.3083e-03, PNorm = 35.2383, GNorm = 0.3535, lr_0 = 7.1492e-04
Loss = 1.2466e-03, PNorm = 35.2388, GNorm = 0.1299, lr_0 = 7.1322e-04
Loss = 7.3952e-04, PNorm = 35.2399, GNorm = 0.0610, lr_0 = 7.1153e-04
Loss = 5.6128e-04, PNorm = 35.2411, GNorm = 0.0967, lr_0 = 7.0985e-04
Loss = 6.1128e-04, PNorm = 35.2425, GNorm = 0.3705, lr_0 = 7.0816e-04
Loss = 7.8659e-04, PNorm = 35.2451, GNorm = 0.2735, lr_0 = 7.0649e-04
Loss = 5.6822e-04, PNorm = 35.2471, GNorm = 0.1119, lr_0 = 7.0481e-04
Loss = 5.5855e-04, PNorm = 35.2484, GNorm = 0.1013, lr_0 = 7.0314e-04
Loss = 4.6871e-04, PNorm = 35.2491, GNorm = 0.1390, lr_0 = 7.0147e-04
Validation mae = nan
Epoch 17
Loss = 4.0344e-04, PNorm = 35.2502, GNorm = 0.1103, lr_0 = 6.9981e-04
Loss = 3.9856e-04, PNorm = 35.2511, GNorm = 0.1151, lr_0 = 6.9815e-04
Loss = 3.2374e-04, PNorm = 35.2524, GNorm = 0.0321, lr_0 = 6.9650e-04
Loss = 3.4241e-04, PNorm = 35.2534, GNorm = 0.1015, lr_0 = 6.9485e-04
Loss = 5.3736e-04, PNorm = 35.2540, GNorm = 0.3166, lr_0 = 6.9320e-04
Loss = 7.4785e-04, PNorm = 35.2546, GNorm = 0.2106, lr_0 = 6.9156e-04
Loss = 6.3847e-04, PNorm = 35.2558, GNorm = 0.2026, lr_0 = 6.8992e-04
Loss = 4.8759e-04, PNorm = 35.2564, GNorm = 0.1212, lr_0 = 6.8828e-04
Loss = 5.5319e-04, PNorm = 35.2575, GNorm = 0.0431, lr_0 = 6.8665e-04
Loss = 6.2418e-04, PNorm = 35.2584, GNorm = 0.2516, lr_0 = 6.8502e-04
Validation mae = nan
Epoch 18
Loss = 4.8835e-04, PNorm = 35.2589, GNorm = 0.1232, lr_0 = 6.8340e-04
Loss = 5.0401e-04, PNorm = 35.2600, GNorm = 0.1777, lr_0 = 6.8178e-04
Loss = 6.6456e-04, PNorm = 35.2607, GNorm = 0.2746, lr_0 = 6.8016e-04
Loss = 8.0290e-04, PNorm = 35.2610, GNorm = 0.3690, lr_0 = 6.7855e-04
Loss = 6.1251e-04, PNorm = 35.2624, GNorm = 0.1345, lr_0 = 6.7694e-04
Loss = 3.3968e-04, PNorm = 35.2635, GNorm = 0.0530, lr_0 = 6.7534e-04
Loss = 3.5857e-04, PNorm = 35.2647, GNorm = 0.1182, lr_0 = 6.7373e-04
Loss = 3.6117e-04, PNorm = 35.2660, GNorm = 0.1412, lr_0 = 6.7214e-04
Loss = 3.9260e-04, PNorm = 35.2671, GNorm = 0.0874, lr_0 = 6.7054e-04
Loss = 4.0349e-04, PNorm = 35.2682, GNorm = 0.1076, lr_0 = 6.6895e-04
Validation mae = nan
Epoch 19
Loss = 3.0559e-04, PNorm = 35.2692, GNorm = 0.0950, lr_0 = 6.6737e-04
Loss = 5.3336e-04, PNorm = 35.2697, GNorm = 0.1739, lr_0 = 6.6579e-04
Loss = 5.6420e-04, PNorm = 35.2706, GNorm = 0.1505, lr_0 = 6.6421e-04
Loss = 7.1686e-04, PNorm = 35.2716, GNorm = 0.3318, lr_0 = 6.6263e-04
Loss = 6.6291e-04, PNorm = 35.2728, GNorm = 0.2711, lr_0 = 6.6106e-04
Loss = 6.8437e-04, PNorm = 35.2738, GNorm = 0.1244, lr_0 = 6.5950e-04
Loss = 3.3549e-04, PNorm = 35.2751, GNorm = 0.0654, lr_0 = 6.5793e-04
Loss = 4.0457e-04, PNorm = 35.2760, GNorm = 0.2051, lr_0 = 6.5637e-04
Loss = 5.4125e-04, PNorm = 35.2767, GNorm = 0.2043, lr_0 = 6.5482e-04
Loss = 8.1009e-04, PNorm = 35.2777, GNorm = 0.3742, lr_0 = 6.5327e-04
Validation mae = nan
Epoch 20
Loss = 6.1878e-04, PNorm = 35.2788, GNorm = 0.1785, lr_0 = 6.5172e-04
Loss = 6.5358e-04, PNorm = 35.2802, GNorm = 0.2502, lr_0 = 6.5017e-04
Loss = 9.4423e-04, PNorm = 35.2814, GNorm = 0.1961, lr_0 = 6.4863e-04
Loss = 6.7723e-04, PNorm = 35.2828, GNorm = 0.1749, lr_0 = 6.4709e-04
Loss = 6.0155e-04, PNorm = 35.2840, GNorm = 0.1779, lr_0 = 6.4556e-04
Loss = 5.8356e-04, PNorm = 35.2854, GNorm = 0.2115, lr_0 = 6.4403e-04
Loss = 6.1405e-04, PNorm = 35.2870, GNorm = 0.2327, lr_0 = 6.4250e-04
Loss = 5.0163e-04, PNorm = 35.2879, GNorm = 0.0823, lr_0 = 6.4098e-04
Loss = 4.5340e-04, PNorm = 35.2887, GNorm = 0.0705, lr_0 = 6.3946e-04
Loss = 4.6590e-04, PNorm = 35.2898, GNorm = 0.1229, lr_0 = 6.3794e-04
Validation mae = nan
Epoch 21
Loss = 4.5348e-04, PNorm = 35.2907, GNorm = 0.1565, lr_0 = 6.3643e-04
Loss = 2.6605e-04, PNorm = 35.2910, GNorm = 0.0959, lr_0 = 6.3492e-04
Loss = 2.9313e-04, PNorm = 35.2920, GNorm = 0.0786, lr_0 = 6.3342e-04
Loss = 4.5837e-04, PNorm = 35.2926, GNorm = 0.2085, lr_0 = 6.3192e-04
Loss = 4.2786e-04, PNorm = 35.2937, GNorm = 0.1515, lr_0 = 6.3042e-04
Loss = 4.3064e-04, PNorm = 35.2948, GNorm = 0.0760, lr_0 = 6.2892e-04
Loss = 3.4654e-04, PNorm = 35.2958, GNorm = 0.1017, lr_0 = 6.2743e-04
Loss = 3.3029e-04, PNorm = 35.2969, GNorm = 0.2353, lr_0 = 6.2595e-04
Loss = 4.5677e-04, PNorm = 35.2978, GNorm = 0.1304, lr_0 = 6.2446e-04
Loss = 3.1344e-04, PNorm = 35.2990, GNorm = 0.1354, lr_0 = 6.2298e-04
Validation mae = nan
Epoch 22
Loss = 5.4969e-04, PNorm = 35.3000, GNorm = 0.2147, lr_0 = 6.2151e-04
Loss = 3.5832e-04, PNorm = 35.3011, GNorm = 0.0967, lr_0 = 6.2003e-04
Loss = 3.3318e-04, PNorm = 35.3018, GNorm = 0.1090, lr_0 = 6.1856e-04
Loss = 3.5066e-04, PNorm = 35.3026, GNorm = 0.2096, lr_0 = 6.1710e-04
Loss = 4.3664e-04, PNorm = 35.3037, GNorm = 0.1251, lr_0 = 6.1563e-04
Loss = 4.1626e-04, PNorm = 35.3053, GNorm = 0.2272, lr_0 = 6.1417e-04
Loss = 3.7259e-04, PNorm = 35.3061, GNorm = 0.1640, lr_0 = 6.1272e-04
Loss = 3.5930e-04, PNorm = 35.3075, GNorm = 0.1122, lr_0 = 6.1127e-04
Loss = 3.5756e-04, PNorm = 35.3090, GNorm = 0.1141, lr_0 = 6.0982e-04
Loss = 4.3079e-04, PNorm = 35.3101, GNorm = 0.2021, lr_0 = 6.0837e-04
Validation mae = nan
Epoch 23
Loss = 3.7902e-04, PNorm = 35.3119, GNorm = 0.1606, lr_0 = 6.0693e-04
Loss = 3.5810e-04, PNorm = 35.3131, GNorm = 0.1451, lr_0 = 6.0549e-04
Loss = 3.3153e-04, PNorm = 35.3143, GNorm = 0.1794, lr_0 = 6.0405e-04
Loss = 2.8709e-04, PNorm = 35.3156, GNorm = 0.1035, lr_0 = 6.0262e-04
Loss = 4.1303e-04, PNorm = 35.3167, GNorm = 0.0720, lr_0 = 6.0119e-04
Loss = 2.3243e-04, PNorm = 35.3179, GNorm = 0.0797, lr_0 = 5.9977e-04
Loss = 3.0621e-04, PNorm = 35.3193, GNorm = 0.0396, lr_0 = 5.9835e-04
Loss = 3.7323e-04, PNorm = 35.3200, GNorm = 0.2159, lr_0 = 5.9693e-04
Loss = 3.8448e-04, PNorm = 35.3209, GNorm = 0.2125, lr_0 = 5.9551e-04
Loss = 3.1102e-04, PNorm = 35.3221, GNorm = 0.0929, lr_0 = 5.9410e-04
Validation mae = nan
Epoch 24
Loss = 3.3112e-04, PNorm = 35.3235, GNorm = 0.1415, lr_0 = 5.9269e-04
Loss = 2.7068e-04, PNorm = 35.3247, GNorm = 0.0690, lr_0 = 5.9129e-04
Loss = 2.9915e-04, PNorm = 35.3260, GNorm = 0.1131, lr_0 = 5.8989e-04
Loss = 2.8868e-04, PNorm = 35.3269, GNorm = 0.1811, lr_0 = 5.8849e-04
Loss = 3.1294e-04, PNorm = 35.3284, GNorm = 0.1472, lr_0 = 5.8709e-04
Loss = 2.8239e-04, PNorm = 35.3300, GNorm = 0.1067, lr_0 = 5.8570e-04
Loss = 2.4237e-04, PNorm = 35.3313, GNorm = 0.1216, lr_0 = 5.8431e-04
Loss = 2.9087e-04, PNorm = 35.3326, GNorm = 0.1561, lr_0 = 5.8293e-04
Loss = 2.9841e-04, PNorm = 35.3336, GNorm = 0.0911, lr_0 = 5.8155e-04
Loss = 3.0110e-04, PNorm = 35.3354, GNorm = 0.0892, lr_0 = 5.8017e-04
Validation mae = nan
Epoch 25
Loss = 2.3315e-04, PNorm = 35.3370, GNorm = 0.0463, lr_0 = 5.7879e-04
Loss = 2.9131e-04, PNorm = 35.3382, GNorm = 0.1423, lr_0 = 5.7742e-04
Loss = 2.3847e-04, PNorm = 35.3391, GNorm = 0.0889, lr_0 = 5.7605e-04
Loss = 3.4186e-04, PNorm = 35.3401, GNorm = 0.2554, lr_0 = 5.7469e-04
Loss = 4.5633e-04, PNorm = 35.3413, GNorm = 0.1927, lr_0 = 5.7332e-04
Loss = 3.3533e-04, PNorm = 35.3424, GNorm = 0.0628, lr_0 = 5.7197e-04
Loss = 3.2453e-04, PNorm = 35.3437, GNorm = 0.0810, lr_0 = 5.7061e-04
Loss = 5.1346e-04, PNorm = 35.3445, GNorm = 0.2567, lr_0 = 5.6926e-04
Loss = 5.0787e-04, PNorm = 35.3457, GNorm = 0.1110, lr_0 = 5.6791e-04
Loss = 4.6962e-04, PNorm = 35.3466, GNorm = 0.1064, lr_0 = 5.6656e-04
Validation mae = nan
Epoch 26
Loss = 1.1184e-03, PNorm = 35.3472, GNorm = 0.1589, lr_0 = 5.6508e-04
Loss = 5.1079e-04, PNorm = 35.3480, GNorm = 0.0928, lr_0 = 5.6374e-04
Loss = 4.0426e-04, PNorm = 35.3490, GNorm = 0.2018, lr_0 = 5.6241e-04
Loss = 3.1260e-04, PNorm = 35.3504, GNorm = 0.0625, lr_0 = 5.6107e-04
Loss = 2.8280e-04, PNorm = 35.3521, GNorm = 0.0389, lr_0 = 5.5974e-04
Loss = 2.7114e-04, PNorm = 35.3533, GNorm = 0.1667, lr_0 = 5.5842e-04
Loss = 2.4576e-04, PNorm = 35.3551, GNorm = 0.1606, lr_0 = 5.5709e-04
Loss = 2.2026e-04, PNorm = 35.3567, GNorm = 0.0861, lr_0 = 5.5577e-04
Loss = 2.4136e-04, PNorm = 35.3578, GNorm = 0.1938, lr_0 = 5.5446e-04
Loss = 1.9199e-04, PNorm = 35.3586, GNorm = 0.0619, lr_0 = 5.5314e-04
Validation mae = nan
Epoch 27
Loss = 1.7623e-04, PNorm = 35.3596, GNorm = 0.1026, lr_0 = 5.5183e-04
Loss = 2.4182e-04, PNorm = 35.3606, GNorm = 0.0540, lr_0 = 5.5052e-04
Loss = 2.2874e-04, PNorm = 35.3619, GNorm = 0.0491, lr_0 = 5.4922e-04
Loss = 2.0179e-04, PNorm = 35.3630, GNorm = 0.0913, lr_0 = 5.4792e-04
Loss = 5.7352e-04, PNorm = 35.3640, GNorm = 0.4485, lr_0 = 5.4662e-04
Loss = 7.8981e-04, PNorm = 35.3649, GNorm = 0.4477, lr_0 = 5.4532e-04
Loss = 5.8115e-04, PNorm = 35.3665, GNorm = 0.1563, lr_0 = 5.4403e-04
Loss = 7.4696e-04, PNorm = 35.3682, GNorm = 0.1294, lr_0 = 5.4274e-04
Loss = 5.0119e-04, PNorm = 35.3693, GNorm = 0.1593, lr_0 = 5.4145e-04
Loss = 4.2285e-04, PNorm = 35.3703, GNorm = 0.0418, lr_0 = 5.4017e-04
Validation mae = nan
Epoch 28
Loss = 4.9666e-04, PNorm = 35.3714, GNorm = 0.1582, lr_0 = 5.3889e-04
Loss = 6.1668e-04, PNorm = 35.3729, GNorm = 0.2107, lr_0 = 5.3761e-04
Loss = 7.7996e-04, PNorm = 35.3742, GNorm = 0.1324, lr_0 = 5.3634e-04
Loss = 5.7272e-04, PNorm = 35.3760, GNorm = 0.1897, lr_0 = 5.3506e-04
Loss = 4.9617e-04, PNorm = 35.3773, GNorm = 0.2418, lr_0 = 5.3380e-04
Loss = 4.0908e-04, PNorm = 35.3783, GNorm = 0.2252, lr_0 = 5.3253e-04
Loss = 4.6695e-04, PNorm = 35.3797, GNorm = 0.1394, lr_0 = 5.3127e-04
Loss = 3.3299e-04, PNorm = 35.3807, GNorm = 0.1052, lr_0 = 5.3001e-04
Loss = 2.5740e-04, PNorm = 35.3817, GNorm = 0.0607, lr_0 = 5.2875e-04
Loss = 3.2388e-04, PNorm = 35.3832, GNorm = 0.1915, lr_0 = 5.2750e-04
Validation mae = nan
Epoch 29
Loss = 1.6987e-04, PNorm = 35.3847, GNorm = 0.0600, lr_0 = 5.2625e-04
Loss = 2.5003e-04, PNorm = 35.3859, GNorm = 0.1329, lr_0 = 5.2500e-04
Loss = 2.2569e-04, PNorm = 35.3875, GNorm = 0.0924, lr_0 = 5.2376e-04
Loss = 2.5723e-04, PNorm = 35.3887, GNorm = 0.2041, lr_0 = 5.2252e-04
Loss = 2.1280e-04, PNorm = 35.3897, GNorm = 0.0656, lr_0 = 5.2128e-04
Loss = 1.8204e-04, PNorm = 35.3906, GNorm = 0.0354, lr_0 = 5.2004e-04
Loss = 2.5971e-04, PNorm = 35.3919, GNorm = 0.0855, lr_0 = 5.1881e-04
Loss = 2.1612e-04, PNorm = 35.3934, GNorm = 0.0345, lr_0 = 5.1758e-04
Loss = 2.2686e-04, PNorm = 35.3946, GNorm = 0.0784, lr_0 = 5.1635e-04
Loss = 2.5520e-04, PNorm = 35.3962, GNorm = 0.1622, lr_0 = 5.1513e-04
Validation mae = nan
Epoch 30
Loss = 1.8315e-04, PNorm = 35.3978, GNorm = 0.1104, lr_0 = 5.1391e-04
Loss = 1.9779e-04, PNorm = 35.3986, GNorm = 0.0869, lr_0 = 5.1269e-04
Loss = 1.9965e-04, PNorm = 35.3998, GNorm = 0.1248, lr_0 = 5.1147e-04
Loss = 2.5654e-04, PNorm = 35.4012, GNorm = 0.2131, lr_0 = 5.1026e-04
Loss = 2.0129e-04, PNorm = 35.4018, GNorm = 0.0877, lr_0 = 5.0905e-04
Loss = 1.8460e-04, PNorm = 35.4026, GNorm = 0.0375, lr_0 = 5.0784e-04
Loss = 1.6927e-04, PNorm = 35.4031, GNorm = 0.0630, lr_0 = 5.0664e-04
Loss = 2.3067e-04, PNorm = 35.4039, GNorm = 0.0758, lr_0 = 5.0544e-04
Loss = 3.2079e-04, PNorm = 35.4055, GNorm = 0.1331, lr_0 = 5.0424e-04
Loss = 2.6846e-04, PNorm = 35.4076, GNorm = 0.1104, lr_0 = 5.0305e-04
Validation mae = nan
Epoch 31
Loss = 1.9770e-04, PNorm = 35.4093, GNorm = 0.1069, lr_0 = 5.0185e-04
Loss = 2.2656e-04, PNorm = 35.4106, GNorm = 0.0841, lr_0 = 5.0066e-04
Loss = 1.9664e-04, PNorm = 35.4112, GNorm = 0.0953, lr_0 = 4.9948e-04
Loss = 1.8996e-04, PNorm = 35.4126, GNorm = 0.0514, lr_0 = 4.9829e-04
Loss = 1.7924e-04, PNorm = 35.4140, GNorm = 0.0423, lr_0 = 4.9711e-04
Loss = 1.4898e-04, PNorm = 35.4150, GNorm = 0.0546, lr_0 = 4.9593e-04
Loss = 1.5988e-04, PNorm = 35.4159, GNorm = 0.0595, lr_0 = 4.9476e-04
Loss = 1.7268e-04, PNorm = 35.4168, GNorm = 0.0736, lr_0 = 4.9359e-04
Loss = 2.3881e-04, PNorm = 35.4181, GNorm = 0.1981, lr_0 = 4.9242e-04
Loss = 2.9982e-04, PNorm = 35.4197, GNorm = 0.0576, lr_0 = 4.9125e-04
Validation mae = nan
Epoch 32
Loss = 1.4854e-04, PNorm = 35.4211, GNorm = 0.0495, lr_0 = 4.9008e-04
Loss = 1.9385e-04, PNorm = 35.4222, GNorm = 0.0968, lr_0 = 4.8892e-04
Loss = 3.0256e-04, PNorm = 35.4236, GNorm = 0.1390, lr_0 = 4.8776e-04
Loss = 2.2047e-04, PNorm = 35.4251, GNorm = 0.0775, lr_0 = 4.8661e-04
Loss = 2.8085e-04, PNorm = 35.4270, GNorm = 0.1159, lr_0 = 4.8545e-04
Loss = 3.4627e-04, PNorm = 35.4286, GNorm = 0.1407, lr_0 = 4.8430e-04
Loss = 2.3370e-04, PNorm = 35.4290, GNorm = 0.0615, lr_0 = 4.8315e-04
Loss = 2.8190e-04, PNorm = 35.4297, GNorm = 0.0704, lr_0 = 4.8201e-04
Loss = 2.6560e-04, PNorm = 35.4307, GNorm = 0.1403, lr_0 = 4.8087e-04
Loss = 4.8967e-04, PNorm = 35.4320, GNorm = 0.2708, lr_0 = 4.7973e-04
Validation mae = nan
Epoch 33
Loss = 1.2945e-03, PNorm = 35.4332, GNorm = 0.5060, lr_0 = 4.7859e-04
Loss = 9.4782e-04, PNorm = 35.4339, GNorm = 0.3128, lr_0 = 4.7745e-04
Loss = 4.8808e-04, PNorm = 35.4359, GNorm = 0.1675, lr_0 = 4.7632e-04
Loss = 6.1203e-04, PNorm = 35.4381, GNorm = 0.1847, lr_0 = 4.7519e-04
Loss = 8.9732e-04, PNorm = 35.4394, GNorm = 0.0652, lr_0 = 4.7407e-04
Loss = 6.8316e-04, PNorm = 35.4401, GNorm = 0.2348, lr_0 = 4.7294e-04
Loss = 5.8659e-04, PNorm = 35.4416, GNorm = 0.1869, lr_0 = 4.7182e-04
Loss = 3.4823e-04, PNorm = 35.4431, GNorm = 0.0864, lr_0 = 4.7070e-04
Loss = 2.9630e-04, PNorm = 35.4446, GNorm = 0.0603, lr_0 = 4.6959e-04
Loss = 1.8974e-04, PNorm = 35.4461, GNorm = 0.0885, lr_0 = 4.6848e-04
Validation mae = nan
Epoch 34
Loss = 1.2080e-04, PNorm = 35.4474, GNorm = 0.0412, lr_0 = 4.6736e-04
Loss = 1.2302e-04, PNorm = 35.4483, GNorm = 0.0663, lr_0 = 4.6626e-04
Loss = 2.6917e-04, PNorm = 35.4494, GNorm = 0.2256, lr_0 = 4.6515e-04
Loss = 2.1846e-04, PNorm = 35.4505, GNorm = 0.0785, lr_0 = 4.6405e-04
Loss = 1.4382e-04, PNorm = 35.4518, GNorm = 0.0953, lr_0 = 4.6295e-04
Loss = 1.3691e-04, PNorm = 35.4531, GNorm = 0.0847, lr_0 = 4.6185e-04
Loss = 1.7650e-04, PNorm = 35.4543, GNorm = 0.0645, lr_0 = 4.6076e-04
Loss = 2.6608e-04, PNorm = 35.4555, GNorm = 0.0703, lr_0 = 4.5966e-04
Loss = 2.0629e-04, PNorm = 35.4566, GNorm = 0.1131, lr_0 = 4.5857e-04
Loss = 3.3336e-04, PNorm = 35.4574, GNorm = 0.0514, lr_0 = 4.5749e-04
Validation mae = nan
Epoch 35
Loss = 2.3969e-04, PNorm = 35.4586, GNorm = 0.1018, lr_0 = 4.5640e-04
Loss = 3.0688e-04, PNorm = 35.4597, GNorm = 0.0788, lr_0 = 4.5532e-04
Loss = 2.2233e-04, PNorm = 35.4606, GNorm = 0.0864, lr_0 = 4.5424e-04
Loss = 1.8076e-04, PNorm = 35.4618, GNorm = 0.0793, lr_0 = 4.5317e-04
Loss = 1.9281e-04, PNorm = 35.4629, GNorm = 0.0874, lr_0 = 4.5209e-04
Loss = 2.1396e-04, PNorm = 35.4635, GNorm = 0.0854, lr_0 = 4.5102e-04
Loss = 1.6049e-04, PNorm = 35.4640, GNorm = 0.0815, lr_0 = 4.4995e-04
Loss = 1.7502e-04, PNorm = 35.4651, GNorm = 0.1328, lr_0 = 4.4888e-04
Loss = 2.5851e-04, PNorm = 35.4659, GNorm = 0.1192, lr_0 = 4.4782e-04
Loss = 3.2019e-04, PNorm = 35.4667, GNorm = 0.1445, lr_0 = 4.4676e-04
Validation mae = nan
Epoch 36
Loss = 4.5186e-04, PNorm = 35.4678, GNorm = 0.2518, lr_0 = 4.4570e-04
Loss = 6.0659e-04, PNorm = 35.4688, GNorm = 0.3066, lr_0 = 4.4464e-04
Loss = 4.7149e-04, PNorm = 35.4694, GNorm = 0.1444, lr_0 = 4.4359e-04
Loss = 3.7609e-04, PNorm = 35.4707, GNorm = 0.0469, lr_0 = 4.4254e-04
Loss = 5.1208e-04, PNorm = 35.4720, GNorm = 0.1363, lr_0 = 4.4149e-04
Loss = 5.9210e-04, PNorm = 35.4735, GNorm = 0.1403, lr_0 = 4.4044e-04
Loss = 4.1536e-04, PNorm = 35.4749, GNorm = 0.1536, lr_0 = 4.3940e-04
Loss = 3.4191e-04, PNorm = 35.4765, GNorm = 0.0882, lr_0 = 4.3836e-04
Loss = 3.1187e-04, PNorm = 35.4780, GNorm = 0.0641, lr_0 = 4.3732e-04
Loss = 3.5505e-04, PNorm = 35.4792, GNorm = 0.1556, lr_0 = 4.3628e-04
Validation mae = nan
Epoch 37
Loss = 3.5007e-04, PNorm = 35.4802, GNorm = 0.1523, lr_0 = 4.3525e-04
Loss = 2.6103e-04, PNorm = 35.4809, GNorm = 0.0958, lr_0 = 4.3421e-04
Loss = 2.0358e-04, PNorm = 35.4818, GNorm = 0.1331, lr_0 = 4.3318e-04
Loss = 1.7692e-04, PNorm = 35.4829, GNorm = 0.0358, lr_0 = 4.3216e-04
Loss = 1.3381e-04, PNorm = 35.4841, GNorm = 0.0242, lr_0 = 4.3113e-04
Loss = 1.7437e-04, PNorm = 35.4852, GNorm = 0.0786, lr_0 = 4.3011e-04
Loss = 1.7722e-04, PNorm = 35.4868, GNorm = 0.0435, lr_0 = 4.2909e-04
Loss = 2.0445e-04, PNorm = 35.4880, GNorm = 0.1016, lr_0 = 4.2807e-04
Loss = 1.5681e-04, PNorm = 35.4893, GNorm = 0.0297, lr_0 = 4.2706e-04
Loss = 1.5389e-04, PNorm = 35.4897, GNorm = 0.0732, lr_0 = 4.2605e-04
Validation mae = nan
Epoch 38
Loss = 1.5980e-04, PNorm = 35.4903, GNorm = 0.1099, lr_0 = 4.2504e-04
Loss = 1.4334e-04, PNorm = 35.4910, GNorm = 0.0550, lr_0 = 4.2403e-04
Loss = 1.2899e-04, PNorm = 35.4920, GNorm = 0.0324, lr_0 = 4.2302e-04
Loss = 1.2745e-04, PNorm = 35.4928, GNorm = 0.0930, lr_0 = 4.2202e-04
Loss = 1.4476e-04, PNorm = 35.4935, GNorm = 0.0778, lr_0 = 4.2102e-04
Loss = 9.7236e-05, PNorm = 35.4948, GNorm = 0.0413, lr_0 = 4.2002e-04
Loss = 1.0868e-04, PNorm = 35.4957, GNorm = 0.0728, lr_0 = 4.1903e-04
Loss = 1.6941e-04, PNorm = 35.4968, GNorm = 0.1316, lr_0 = 4.1803e-04
Loss = 2.7192e-04, PNorm = 35.4983, GNorm = 0.1690, lr_0 = 4.1704e-04
Loss = 2.5388e-04, PNorm = 35.4989, GNorm = 0.1824, lr_0 = 4.1605e-04
Validation mae = nan
Epoch 39
Loss = 6.4965e-04, PNorm = 35.4993, GNorm = 0.1972, lr_0 = 4.1507e-04
Loss = 4.9102e-04, PNorm = 35.5006, GNorm = 0.0544, lr_0 = 4.1408e-04
Loss = 2.6391e-04, PNorm = 35.5022, GNorm = 0.0610, lr_0 = 4.1310e-04
Loss = 2.7536e-04, PNorm = 35.5031, GNorm = 0.1593, lr_0 = 4.1212e-04
Loss = 2.0863e-04, PNorm = 35.5041, GNorm = 0.0642, lr_0 = 4.1115e-04
Loss = 1.7814e-04, PNorm = 35.5049, GNorm = 0.0442, lr_0 = 4.1017e-04
Loss = 2.9447e-04, PNorm = 35.5059, GNorm = 0.0624, lr_0 = 4.0920e-04
Loss = 1.6424e-04, PNorm = 35.5066, GNorm = 0.0263, lr_0 = 4.0823e-04
Loss = 2.2814e-04, PNorm = 35.5073, GNorm = 0.1614, lr_0 = 4.0726e-04
Loss = 2.1114e-04, PNorm = 35.5079, GNorm = 0.0311, lr_0 = 4.0630e-04
Validation mae = nan
Epoch 40
Loss = 1.7188e-04, PNorm = 35.5085, GNorm = 0.1165, lr_0 = 4.0533e-04
Loss = 2.3548e-04, PNorm = 35.5090, GNorm = 0.0829, lr_0 = 4.0437e-04
Loss = 2.7976e-04, PNorm = 35.5102, GNorm = 0.2197, lr_0 = 4.0341e-04
Loss = 2.0076e-04, PNorm = 35.5109, GNorm = 0.0592, lr_0 = 4.0246e-04
Loss = 1.9210e-04, PNorm = 35.5119, GNorm = 0.0455, lr_0 = 4.0150e-04
Loss = 1.1106e-04, PNorm = 35.5131, GNorm = 0.0479, lr_0 = 4.0055e-04
Loss = 1.0485e-04, PNorm = 35.5140, GNorm = 0.0338, lr_0 = 3.9960e-04
Loss = 1.7103e-04, PNorm = 35.5146, GNorm = 0.0384, lr_0 = 3.9866e-04
Loss = 1.8870e-04, PNorm = 35.5154, GNorm = 0.0702, lr_0 = 3.9771e-04
Loss = 1.8726e-04, PNorm = 35.5161, GNorm = 0.0706, lr_0 = 3.9677e-04
Validation mae = nan
Epoch 41
Loss = 1.3651e-04, PNorm = 35.5170, GNorm = 0.0731, lr_0 = 3.9583e-04
Loss = 1.9830e-04, PNorm = 35.5181, GNorm = 0.1262, lr_0 = 3.9489e-04
Loss = 1.7588e-04, PNorm = 35.5192, GNorm = 0.1290, lr_0 = 3.9395e-04
Loss = 1.8868e-04, PNorm = 35.5198, GNorm = 0.0452, lr_0 = 3.9302e-04
Loss = 1.7454e-04, PNorm = 35.5204, GNorm = 0.0728, lr_0 = 3.9209e-04
Loss = 1.6333e-04, PNorm = 35.5214, GNorm = 0.0742, lr_0 = 3.9116e-04
Loss = 1.4632e-04, PNorm = 35.5225, GNorm = 0.1165, lr_0 = 3.9023e-04
Loss = 1.0495e-04, PNorm = 35.5234, GNorm = 0.0725, lr_0 = 3.8931e-04
Loss = 1.4621e-04, PNorm = 35.5244, GNorm = 0.0815, lr_0 = 3.8838e-04
Loss = 1.5486e-04, PNorm = 35.5253, GNorm = 0.0367, lr_0 = 3.8746e-04
Validation mae = nan
Epoch 42
Loss = 1.8432e-04, PNorm = 35.5264, GNorm = 0.1583, lr_0 = 3.8654e-04
Loss = 1.5592e-04, PNorm = 35.5272, GNorm = 0.0740, lr_0 = 3.8563e-04
Loss = 1.5462e-04, PNorm = 35.5280, GNorm = 0.1680, lr_0 = 3.8471e-04
Loss = 1.1980e-04, PNorm = 35.5286, GNorm = 0.0601, lr_0 = 3.8380e-04
Loss = 1.6225e-04, PNorm = 35.5295, GNorm = 0.0519, lr_0 = 3.8289e-04
Loss = 1.9298e-04, PNorm = 35.5305, GNorm = 0.0612, lr_0 = 3.8198e-04
Loss = 1.9571e-04, PNorm = 35.5315, GNorm = 0.1350, lr_0 = 3.8108e-04
Loss = 3.1626e-04, PNorm = 35.5327, GNorm = 0.1736, lr_0 = 3.8017e-04
Loss = 4.7438e-04, PNorm = 35.5336, GNorm = 0.2948, lr_0 = 3.7927e-04
Loss = 3.7781e-04, PNorm = 35.5342, GNorm = 0.1281, lr_0 = 3.7837e-04
Validation mae = nan
Epoch 43
Loss = 3.7968e-04, PNorm = 35.5354, GNorm = 0.0745, lr_0 = 3.7748e-04
Loss = 2.7909e-04, PNorm = 35.5371, GNorm = 0.0832, lr_0 = 3.7658e-04
Loss = 4.4127e-04, PNorm = 35.5384, GNorm = 0.1801, lr_0 = 3.7569e-04
Loss = 4.5256e-04, PNorm = 35.5398, GNorm = 0.1519, lr_0 = 3.7480e-04
Loss = 4.0534e-04, PNorm = 35.5417, GNorm = 0.1295, lr_0 = 3.7391e-04
Loss = 2.3544e-04, PNorm = 35.5440, GNorm = 0.0719, lr_0 = 3.7302e-04
Loss = 2.5507e-04, PNorm = 35.5452, GNorm = 0.0388, lr_0 = 3.7214e-04
Loss = 2.2266e-04, PNorm = 35.5460, GNorm = 0.0356, lr_0 = 3.7126e-04
Loss = 2.1004e-04, PNorm = 35.5474, GNorm = 0.0622, lr_0 = 3.7038e-04
Loss = 1.8519e-04, PNorm = 35.5477, GNorm = 0.0798, lr_0 = 3.6950e-04
Validation mae = nan
Epoch 44
Loss = 1.2175e-04, PNorm = 35.5488, GNorm = 0.0696, lr_0 = 3.6862e-04
Loss = 1.8566e-04, PNorm = 35.5495, GNorm = 0.0596, lr_0 = 3.6775e-04
Loss = 1.4665e-04, PNorm = 35.5508, GNorm = 0.0466, lr_0 = 3.6688e-04
Loss = 1.2533e-04, PNorm = 35.5513, GNorm = 0.1070, lr_0 = 3.6601e-04
Loss = 1.7611e-04, PNorm = 35.5517, GNorm = 0.0509, lr_0 = 3.6514e-04
Loss = 1.3625e-04, PNorm = 35.5520, GNorm = 0.0992, lr_0 = 3.6428e-04
Loss = 1.4644e-04, PNorm = 35.5529, GNorm = 0.0935, lr_0 = 3.6341e-04
Loss = 1.1013e-04, PNorm = 35.5536, GNorm = 0.0380, lr_0 = 3.6255e-04
Loss = 9.0762e-05, PNorm = 35.5541, GNorm = 0.0351, lr_0 = 3.6169e-04
Loss = 9.5477e-05, PNorm = 35.5545, GNorm = 0.0410, lr_0 = 3.6083e-04
Validation mae = nan
Epoch 45
Loss = 1.9050e-04, PNorm = 35.5557, GNorm = 0.1512, lr_0 = 3.5998e-04
Loss = 1.3119e-04, PNorm = 35.5568, GNorm = 0.0589, lr_0 = 3.5913e-04
Loss = 1.6098e-04, PNorm = 35.5581, GNorm = 0.1013, lr_0 = 3.5827e-04
Loss = 2.3442e-04, PNorm = 35.5586, GNorm = 0.2615, lr_0 = 3.5742e-04
Loss = 2.1487e-04, PNorm = 35.5598, GNorm = 0.0542, lr_0 = 3.5658e-04
Loss = 1.5968e-04, PNorm = 35.5609, GNorm = 0.0861, lr_0 = 3.5573e-04
Loss = 1.4173e-04, PNorm = 35.5615, GNorm = 0.0450, lr_0 = 3.5489e-04
Loss = 1.9466e-04, PNorm = 35.5621, GNorm = 0.1155, lr_0 = 3.5405e-04
Loss = 2.2250e-04, PNorm = 35.5629, GNorm = 0.1725, lr_0 = 3.5321e-04
Loss = 2.4777e-04, PNorm = 35.5631, GNorm = 0.1099, lr_0 = 3.5237e-04
Validation mae = nan
Epoch 46
Loss = 2.4066e-04, PNorm = 35.5642, GNorm = 0.0944, lr_0 = 3.5154e-04
Loss = 2.6193e-04, PNorm = 35.5656, GNorm = 0.0703, lr_0 = 3.5070e-04
Loss = 3.8473e-04, PNorm = 35.5669, GNorm = 0.1014, lr_0 = 3.4987e-04
Loss = 5.4674e-04, PNorm = 35.5675, GNorm = 0.0988, lr_0 = 3.4904e-04
Loss = 3.3779e-04, PNorm = 35.5690, GNorm = 0.0926, lr_0 = 3.4821e-04
Loss = 3.4663e-04, PNorm = 35.5697, GNorm = 0.0498, lr_0 = 3.4739e-04
Loss = 4.3938e-04, PNorm = 35.5708, GNorm = 0.2385, lr_0 = 3.4657e-04
Loss = 3.1136e-04, PNorm = 35.5716, GNorm = 0.1057, lr_0 = 3.4574e-04
Loss = 2.6162e-04, PNorm = 35.5728, GNorm = 0.1741, lr_0 = 3.4492e-04
Loss = 1.9935e-04, PNorm = 35.5743, GNorm = 0.1234, lr_0 = 3.4411e-04
Validation mae = nan
Epoch 47
Loss = 1.7306e-04, PNorm = 35.5754, GNorm = 0.0343, lr_0 = 3.4329e-04
Loss = 2.2048e-04, PNorm = 35.5759, GNorm = 0.1018, lr_0 = 3.4248e-04
Loss = 2.5367e-04, PNorm = 35.5763, GNorm = 0.1378, lr_0 = 3.4167e-04
Loss = 1.9962e-04, PNorm = 35.5766, GNorm = 0.0732, lr_0 = 3.4086e-04
Loss = 1.4105e-04, PNorm = 35.5766, GNorm = 0.0257, lr_0 = 3.4005e-04
Loss = 1.2217e-04, PNorm = 35.5772, GNorm = 0.0503, lr_0 = 3.3924e-04
Loss = 8.2194e-05, PNorm = 35.5780, GNorm = 0.0266, lr_0 = 3.3844e-04
Loss = 8.9880e-05, PNorm = 35.5785, GNorm = 0.0651, lr_0 = 3.3764e-04
Loss = 9.1825e-05, PNorm = 35.5796, GNorm = 0.0594, lr_0 = 3.3683e-04
Loss = 1.2413e-04, PNorm = 35.5805, GNorm = 0.1093, lr_0 = 3.3604e-04
Validation mae = nan
Epoch 48
Loss = 8.0391e-05, PNorm = 35.5812, GNorm = 0.0147, lr_0 = 3.3524e-04
Loss = 1.4826e-04, PNorm = 35.5817, GNorm = 0.1589, lr_0 = 3.3445e-04
Loss = 1.8750e-04, PNorm = 35.5823, GNorm = 0.0823, lr_0 = 3.3365e-04
Loss = 1.1550e-04, PNorm = 35.5830, GNorm = 0.0856, lr_0 = 3.3286e-04
Loss = 1.0479e-04, PNorm = 35.5838, GNorm = 0.0609, lr_0 = 3.3207e-04
Loss = 1.4923e-04, PNorm = 35.5839, GNorm = 0.0430, lr_0 = 3.3129e-04
Loss = 1.1566e-04, PNorm = 35.5847, GNorm = 0.0645, lr_0 = 3.3050e-04
Loss = 1.5943e-04, PNorm = 35.5853, GNorm = 0.1722, lr_0 = 3.2972e-04
Loss = 2.0740e-04, PNorm = 35.5866, GNorm = 0.1269, lr_0 = 3.2893e-04
Loss = 2.7317e-04, PNorm = 35.5872, GNorm = 0.2265, lr_0 = 3.2816e-04
Validation mae = nan
Epoch 49
Loss = 1.1371e-04, PNorm = 35.5879, GNorm = 0.0351, lr_0 = 3.2738e-04
Loss = 1.1140e-04, PNorm = 35.5883, GNorm = 0.0667, lr_0 = 3.2660e-04
Loss = 1.2799e-04, PNorm = 35.5888, GNorm = 0.0608, lr_0 = 3.2583e-04
Loss = 1.2096e-04, PNorm = 35.5892, GNorm = 0.0332, lr_0 = 3.2505e-04
Loss = 1.3334e-04, PNorm = 35.5900, GNorm = 0.1062, lr_0 = 3.2428e-04
Loss = 1.1111e-04, PNorm = 35.5906, GNorm = 0.0318, lr_0 = 3.2352e-04
Loss = 9.8610e-05, PNorm = 35.5908, GNorm = 0.0407, lr_0 = 3.2275e-04
Loss = 1.1482e-04, PNorm = 35.5917, GNorm = 0.0309, lr_0 = 3.2198e-04
Loss = 1.1184e-04, PNorm = 35.5921, GNorm = 0.1019, lr_0 = 3.2122e-04
Loss = 1.2005e-04, PNorm = 35.5931, GNorm = 0.0622, lr_0 = 3.2046e-04
Validation mae = nan
Epoch 50
Loss = 1.6997e-04, PNorm = 35.5937, GNorm = 0.1170, lr_0 = 3.1970e-04
Loss = 1.4973e-04, PNorm = 35.5946, GNorm = 0.0300, lr_0 = 3.1894e-04
Loss = 1.9240e-04, PNorm = 35.5951, GNorm = 0.0800, lr_0 = 3.1819e-04
Loss = 1.3020e-04, PNorm = 35.5959, GNorm = 0.0831, lr_0 = 3.1743e-04
Loss = 3.1207e-04, PNorm = 35.5963, GNorm = 0.1576, lr_0 = 3.1668e-04
Loss = 2.5588e-04, PNorm = 35.5966, GNorm = 0.0539, lr_0 = 3.1593e-04
Loss = 2.5331e-04, PNorm = 35.5978, GNorm = 0.1347, lr_0 = 3.1518e-04
Loss = 2.1314e-04, PNorm = 35.5984, GNorm = 0.0418, lr_0 = 3.1443e-04
Loss = 2.0668e-04, PNorm = 35.5992, GNorm = 0.0475, lr_0 = 3.1369e-04
Loss = 1.9721e-04, PNorm = 35.6007, GNorm = 0.1385, lr_0 = 3.1294e-04
Validation mae = nan
Epoch 51
Loss = 1.5366e-04, PNorm = 35.6016, GNorm = 0.0493, lr_0 = 3.1213e-04
Loss = 1.2037e-04, PNorm = 35.6021, GNorm = 0.0288, lr_0 = 3.1139e-04
Loss = 1.1432e-04, PNorm = 35.6024, GNorm = 0.0522, lr_0 = 3.1065e-04
Loss = 9.3968e-05, PNorm = 35.6029, GNorm = 0.0465, lr_0 = 3.0991e-04
Loss = 9.0356e-05, PNorm = 35.6038, GNorm = 0.1047, lr_0 = 3.0918e-04
Loss = 1.2633e-04, PNorm = 35.6046, GNorm = 0.0546, lr_0 = 3.0844e-04
Loss = 1.1506e-04, PNorm = 35.6053, GNorm = 0.0828, lr_0 = 3.0771e-04
Loss = 1.6437e-04, PNorm = 35.6060, GNorm = 0.0838, lr_0 = 3.0698e-04
Loss = 1.2049e-04, PNorm = 35.6067, GNorm = 0.0539, lr_0 = 3.0626e-04
Loss = 1.5042e-04, PNorm = 35.6075, GNorm = 0.1070, lr_0 = 3.0553e-04
Validation mae = nan
Epoch 52
Loss = 1.5256e-04, PNorm = 35.6085, GNorm = 0.0427, lr_0 = 3.0481e-04
Loss = 2.3595e-04, PNorm = 35.6091, GNorm = 0.1074, lr_0 = 3.0408e-04
Loss = 2.6097e-04, PNorm = 35.6101, GNorm = 0.0645, lr_0 = 3.0336e-04
Loss = 1.9840e-04, PNorm = 35.6107, GNorm = 0.0580, lr_0 = 3.0264e-04
Loss = 1.0093e-04, PNorm = 35.6118, GNorm = 0.0523, lr_0 = 3.0193e-04
Loss = 1.0587e-04, PNorm = 35.6124, GNorm = 0.0756, lr_0 = 3.0121e-04
Loss = 7.2198e-05, PNorm = 35.6131, GNorm = 0.0360, lr_0 = 3.0050e-04
Loss = 1.1737e-04, PNorm = 35.6143, GNorm = 0.0540, lr_0 = 2.9978e-04
Loss = 8.1576e-05, PNorm = 35.6147, GNorm = 0.0250, lr_0 = 2.9907e-04
Loss = 7.3677e-05, PNorm = 35.6155, GNorm = 0.0352, lr_0 = 2.9836e-04
Validation mae = nan
Epoch 53
Loss = 6.7247e-05, PNorm = 35.6159, GNorm = 0.0503, lr_0 = 2.9766e-04
Loss = 1.0105e-04, PNorm = 35.6167, GNorm = 0.0589, lr_0 = 2.9695e-04
Loss = 9.2816e-05, PNorm = 35.6174, GNorm = 0.0995, lr_0 = 2.9625e-04
Loss = 1.4732e-04, PNorm = 35.6178, GNorm = 0.0929, lr_0 = 2.9555e-04
Loss = 2.4175e-04, PNorm = 35.6182, GNorm = 0.1830, lr_0 = 2.9485e-04
Loss = 1.7359e-04, PNorm = 35.6187, GNorm = 0.0552, lr_0 = 2.9415e-04
Loss = 2.1853e-04, PNorm = 35.6199, GNorm = 0.1431, lr_0 = 2.9345e-04
Loss = 2.5344e-04, PNorm = 35.6203, GNorm = 0.0782, lr_0 = 2.9275e-04
Loss = 1.3167e-04, PNorm = 35.6211, GNorm = 0.0205, lr_0 = 2.9206e-04
Loss = 1.1803e-04, PNorm = 35.6219, GNorm = 0.1198, lr_0 = 2.9137e-04
Validation mae = nan
Epoch 54
Loss = 1.8870e-04, PNorm = 35.6231, GNorm = 0.1310, lr_0 = 2.9068e-04
Loss = 8.9701e-05, PNorm = 35.6237, GNorm = 0.0293, lr_0 = 2.8999e-04
Loss = 1.0559e-04, PNorm = 35.6249, GNorm = 0.0731, lr_0 = 2.8930e-04
Loss = 9.6358e-05, PNorm = 35.6257, GNorm = 0.0430, lr_0 = 2.8861e-04
Loss = 1.0286e-04, PNorm = 35.6264, GNorm = 0.0768, lr_0 = 2.8793e-04
Loss = 1.0945e-04, PNorm = 35.6267, GNorm = 0.0719, lr_0 = 2.8725e-04
Loss = 1.2190e-04, PNorm = 35.6273, GNorm = 0.0901, lr_0 = 2.8657e-04
Loss = 1.0328e-04, PNorm = 35.6280, GNorm = 0.1041, lr_0 = 2.8589e-04
Loss = 1.0914e-04, PNorm = 35.6284, GNorm = 0.0404, lr_0 = 2.8521e-04
Loss = 1.1115e-04, PNorm = 35.6291, GNorm = 0.0915, lr_0 = 2.8453e-04
Validation mae = nan
Epoch 55
Loss = 1.4880e-04, PNorm = 35.6298, GNorm = 0.0940, lr_0 = 2.8386e-04
Loss = 1.1796e-04, PNorm = 35.6308, GNorm = 0.0718, lr_0 = 2.8319e-04
Loss = 1.0140e-04, PNorm = 35.6315, GNorm = 0.0706, lr_0 = 2.8251e-04
Loss = 1.3767e-04, PNorm = 35.6322, GNorm = 0.0866, lr_0 = 2.8184e-04
Loss = 1.4905e-04, PNorm = 35.6324, GNorm = 0.0575, lr_0 = 2.8118e-04
Loss = 1.3250e-04, PNorm = 35.6331, GNorm = 0.0685, lr_0 = 2.8051e-04
Loss = 1.4649e-04, PNorm = 35.6342, GNorm = 0.0645, lr_0 = 2.7985e-04
Loss = 1.8101e-04, PNorm = 35.6347, GNorm = 0.0194, lr_0 = 2.7918e-04
Loss = 1.0932e-04, PNorm = 35.6356, GNorm = 0.0194, lr_0 = 2.7852e-04
Loss = 1.2402e-04, PNorm = 35.6365, GNorm = 0.0180, lr_0 = 2.7786e-04
Validation mae = nan
Epoch 56
Loss = 9.2181e-05, PNorm = 35.6365, GNorm = 0.0365, lr_0 = 2.7720e-04
Loss = 9.4652e-05, PNorm = 35.6366, GNorm = 0.0835, lr_0 = 2.7654e-04
Loss = 7.2593e-05, PNorm = 35.6375, GNorm = 0.0286, lr_0 = 2.7589e-04
Loss = 1.0289e-04, PNorm = 35.6383, GNorm = 0.0464, lr_0 = 2.7523e-04
Loss = 8.7501e-05, PNorm = 35.6388, GNorm = 0.0534, lr_0 = 2.7458e-04
Loss = 1.1736e-04, PNorm = 35.6393, GNorm = 0.0561, lr_0 = 2.7393e-04
Loss = 1.2344e-04, PNorm = 35.6399, GNorm = 0.1223, lr_0 = 2.7328e-04
Loss = 1.3299e-04, PNorm = 35.6407, GNorm = 0.0731, lr_0 = 2.7263e-04
Loss = 9.5925e-05, PNorm = 35.6413, GNorm = 0.0317, lr_0 = 2.7199e-04
Loss = 1.0205e-04, PNorm = 35.6417, GNorm = 0.0316, lr_0 = 2.7134e-04
Validation mae = nan
Epoch 57
Loss = 1.0020e-04, PNorm = 35.6424, GNorm = 0.0765, lr_0 = 2.7070e-04
Loss = 1.1096e-04, PNorm = 35.6430, GNorm = 0.0793, lr_0 = 2.7006e-04
Loss = 1.3629e-04, PNorm = 35.6434, GNorm = 0.0246, lr_0 = 2.6942e-04
Loss = 9.5272e-05, PNorm = 35.6442, GNorm = 0.0632, lr_0 = 2.6878e-04
Loss = 1.0586e-04, PNorm = 35.6449, GNorm = 0.0231, lr_0 = 2.6814e-04
Loss = 8.0440e-05, PNorm = 35.6453, GNorm = 0.0247, lr_0 = 2.6751e-04
Loss = 9.7708e-05, PNorm = 35.6460, GNorm = 0.1984, lr_0 = 2.6687e-04
Loss = 2.1015e-04, PNorm = 35.6467, GNorm = 0.1098, lr_0 = 2.6624e-04
Loss = 3.2614e-04, PNorm = 35.6474, GNorm = 0.0770, lr_0 = 2.6561e-04
Loss = 2.4647e-04, PNorm = 35.6486, GNorm = 0.1779, lr_0 = 2.6498e-04
Validation mae = nan
Epoch 58
Loss = 2.3459e-04, PNorm = 35.6489, GNorm = 0.1217, lr_0 = 2.6435e-04
Loss = 1.8747e-04, PNorm = 35.6491, GNorm = 0.1093, lr_0 = 2.6372e-04
Loss = 1.8420e-04, PNorm = 35.6494, GNorm = 0.0941, lr_0 = 2.6310e-04
Loss = 1.3901e-04, PNorm = 35.6504, GNorm = 0.1066, lr_0 = 2.6248e-04
Loss = 1.2854e-04, PNorm = 35.6513, GNorm = 0.0669, lr_0 = 2.6185e-04
Loss = 8.8796e-05, PNorm = 35.6523, GNorm = 0.0571, lr_0 = 2.6123e-04
Loss = 1.4901e-04, PNorm = 35.6527, GNorm = 0.1132, lr_0 = 2.6061e-04
Loss = 1.5623e-04, PNorm = 35.6533, GNorm = 0.0829, lr_0 = 2.6000e-04
Loss = 1.8770e-04, PNorm = 35.6540, GNorm = 0.1061, lr_0 = 2.5938e-04
Loss = 1.4053e-04, PNorm = 35.6548, GNorm = 0.0296, lr_0 = 2.5876e-04
Validation mae = nan
Epoch 59
Loss = 1.3330e-04, PNorm = 35.6553, GNorm = 0.0589, lr_0 = 2.5815e-04
Loss = 1.0855e-04, PNorm = 35.6560, GNorm = 0.0286, lr_0 = 2.5754e-04
Loss = 7.3705e-05, PNorm = 35.6570, GNorm = 0.0354, lr_0 = 2.5693e-04
Loss = 1.0125e-04, PNorm = 35.6573, GNorm = 0.0332, lr_0 = 2.5632e-04
Loss = 1.2519e-04, PNorm = 35.6578, GNorm = 0.0794, lr_0 = 2.5571e-04
Loss = 1.3207e-04, PNorm = 35.6582, GNorm = 0.1039, lr_0 = 2.5511e-04
Loss = 1.5802e-04, PNorm = 35.6589, GNorm = 0.0916, lr_0 = 2.5450e-04
Loss = 2.0847e-04, PNorm = 35.6594, GNorm = 0.1917, lr_0 = 2.5390e-04
Loss = 1.7477e-04, PNorm = 35.6601, GNorm = 0.0820, lr_0 = 2.5330e-04
Loss = 1.5695e-04, PNorm = 35.6605, GNorm = 0.0593, lr_0 = 2.5270e-04
Validation mae = nan
Epoch 60
Loss = 1.3806e-04, PNorm = 35.6611, GNorm = 0.0417, lr_0 = 2.5210e-04
Loss = 1.0617e-04, PNorm = 35.6616, GNorm = 0.0918, lr_0 = 2.5150e-04
Loss = 1.0168e-04, PNorm = 35.6621, GNorm = 0.0147, lr_0 = 2.5090e-04
Loss = 8.0463e-05, PNorm = 35.6625, GNorm = 0.0395, lr_0 = 2.5031e-04
Loss = 7.8287e-05, PNorm = 35.6632, GNorm = 0.0477, lr_0 = 2.4971e-04
Loss = 8.3317e-05, PNorm = 35.6637, GNorm = 0.0337, lr_0 = 2.4912e-04
Loss = 1.0654e-04, PNorm = 35.6646, GNorm = 0.0870, lr_0 = 2.4853e-04
Loss = 8.4163e-05, PNorm = 35.6653, GNorm = 0.0645, lr_0 = 2.4794e-04
Loss = 7.2968e-05, PNorm = 35.6658, GNorm = 0.0390, lr_0 = 2.4736e-04
Loss = 5.9165e-05, PNorm = 35.6663, GNorm = 0.0288, lr_0 = 2.4677e-04
Validation mae = nan
Epoch 61
Loss = 4.7393e-05, PNorm = 35.6671, GNorm = 0.0346, lr_0 = 2.4618e-04
Loss = 6.0627e-05, PNorm = 35.6677, GNorm = 0.0894, lr_0 = 2.4560e-04
Loss = 1.0748e-04, PNorm = 35.6682, GNorm = 0.0739, lr_0 = 2.4502e-04
Loss = 9.5178e-05, PNorm = 35.6685, GNorm = 0.0264, lr_0 = 2.4444e-04
Loss = 1.0156e-04, PNorm = 35.6693, GNorm = 0.0246, lr_0 = 2.4386e-04
Loss = 9.6102e-05, PNorm = 35.6700, GNorm = 0.0518, lr_0 = 2.4328e-04
Loss = 1.3171e-04, PNorm = 35.6706, GNorm = 0.0787, lr_0 = 2.4270e-04
Loss = 7.7403e-05, PNorm = 35.6708, GNorm = 0.0493, lr_0 = 2.4213e-04
Loss = 8.9759e-05, PNorm = 35.6711, GNorm = 0.0733, lr_0 = 2.4155e-04
Loss = 7.5454e-05, PNorm = 35.6716, GNorm = 0.0566, lr_0 = 2.4098e-04
Validation mae = nan
Epoch 62
Loss = 1.5954e-04, PNorm = 35.6723, GNorm = 0.0193, lr_0 = 2.4041e-04
Loss = 2.0277e-04, PNorm = 35.6737, GNorm = 0.0370, lr_0 = 2.3984e-04
Loss = 1.2014e-04, PNorm = 35.6739, GNorm = 0.0255, lr_0 = 2.3927e-04
Loss = 9.0497e-05, PNorm = 35.6745, GNorm = 0.0851, lr_0 = 2.3870e-04
Loss = 7.2353e-05, PNorm = 35.6749, GNorm = 0.0859, lr_0 = 2.3814e-04
Loss = 1.2355e-04, PNorm = 35.6754, GNorm = 0.0597, lr_0 = 2.3757e-04
Loss = 1.6303e-04, PNorm = 35.6760, GNorm = 0.1569, lr_0 = 2.3701e-04
Loss = 2.1807e-04, PNorm = 35.6762, GNorm = 0.1820, lr_0 = 2.3645e-04
Loss = 2.4155e-04, PNorm = 35.6767, GNorm = 0.2354, lr_0 = 2.3589e-04
Loss = 2.0030e-04, PNorm = 35.6771, GNorm = 0.0498, lr_0 = 2.3533e-04
Validation mae = nan
Epoch 63
Loss = 1.0863e-04, PNorm = 35.6778, GNorm = 0.0548, lr_0 = 2.3477e-04
Loss = 1.0875e-04, PNorm = 35.6787, GNorm = 0.0632, lr_0 = 2.3421e-04
Loss = 1.6050e-04, PNorm = 35.6795, GNorm = 0.1181, lr_0 = 2.3366e-04
Loss = 2.2102e-04, PNorm = 35.6801, GNorm = 0.0484, lr_0 = 2.3311e-04
Loss = 2.3906e-04, PNorm = 35.6810, GNorm = 0.1108, lr_0 = 2.3255e-04
Loss = 1.7727e-04, PNorm = 35.6819, GNorm = 0.0571, lr_0 = 2.3200e-04
Loss = 2.0647e-04, PNorm = 35.6823, GNorm = 0.1421, lr_0 = 2.3145e-04
Loss = 2.1082e-04, PNorm = 35.6820, GNorm = 0.0333, lr_0 = 2.3090e-04
Loss = 1.3722e-04, PNorm = 35.6826, GNorm = 0.0353, lr_0 = 2.3036e-04
Loss = 1.8200e-04, PNorm = 35.6835, GNorm = 0.1670, lr_0 = 2.2981e-04
Validation mae = nan
Epoch 64
Loss = 1.9070e-04, PNorm = 35.6839, GNorm = 0.1250, lr_0 = 2.2927e-04
Loss = 1.6828e-04, PNorm = 35.6837, GNorm = 0.0934, lr_0 = 2.2872e-04
Loss = 1.1041e-04, PNorm = 35.6844, GNorm = 0.0426, lr_0 = 2.2818e-04
Loss = 9.7572e-05, PNorm = 35.6849, GNorm = 0.0217, lr_0 = 2.2764e-04
Loss = 8.6438e-05, PNorm = 35.6855, GNorm = 0.0564, lr_0 = 2.2710e-04
Loss = 8.0881e-05, PNorm = 35.6860, GNorm = 0.0290, lr_0 = 2.2656e-04
Loss = 7.2399e-05, PNorm = 35.6867, GNorm = 0.0110, lr_0 = 2.2602e-04
Loss = 7.1555e-05, PNorm = 35.6874, GNorm = 0.1005, lr_0 = 2.2549e-04
Loss = 9.2698e-05, PNorm = 35.6881, GNorm = 0.1405, lr_0 = 2.2495e-04
Loss = 1.4870e-04, PNorm = 35.6889, GNorm = 0.1508, lr_0 = 2.2442e-04
Validation mae = nan
Epoch 65
Loss = 2.0334e-04, PNorm = 35.6895, GNorm = 0.1821, lr_0 = 2.2389e-04
Loss = 1.5585e-04, PNorm = 35.6905, GNorm = 0.1334, lr_0 = 2.2336e-04
Loss = 2.1383e-04, PNorm = 35.6909, GNorm = 0.1585, lr_0 = 2.2283e-04
Loss = 1.8264e-04, PNorm = 35.6916, GNorm = 0.0845, lr_0 = 2.2230e-04
Loss = 1.3895e-04, PNorm = 35.6919, GNorm = 0.0608, lr_0 = 2.2177e-04
Loss = 1.5393e-04, PNorm = 35.6925, GNorm = 0.1169, lr_0 = 2.2125e-04
Loss = 1.7602e-04, PNorm = 35.6932, GNorm = 0.0801, lr_0 = 2.2072e-04
Loss = 1.1351e-04, PNorm = 35.6942, GNorm = 0.0965, lr_0 = 2.2020e-04
Loss = 1.1597e-04, PNorm = 35.6948, GNorm = 0.1808, lr_0 = 2.1968e-04
Loss = 1.0543e-04, PNorm = 35.6954, GNorm = 0.0889, lr_0 = 2.1916e-04
Validation mae = nan
Epoch 66
Loss = 1.3837e-04, PNorm = 35.6963, GNorm = 0.1278, lr_0 = 2.1864e-04
Loss = 1.0784e-04, PNorm = 35.6972, GNorm = 0.0381, lr_0 = 2.1812e-04
Loss = 1.4988e-04, PNorm = 35.6979, GNorm = 0.0944, lr_0 = 2.1760e-04
Loss = 1.3299e-04, PNorm = 35.6984, GNorm = 0.0641, lr_0 = 2.1709e-04
Loss = 1.3787e-04, PNorm = 35.6988, GNorm = 0.0587, lr_0 = 2.1657e-04
Loss = 1.3859e-04, PNorm = 35.6997, GNorm = 0.0362, lr_0 = 2.1606e-04
Loss = 1.2496e-04, PNorm = 35.7003, GNorm = 0.0397, lr_0 = 2.1555e-04
Loss = 9.1367e-05, PNorm = 35.7011, GNorm = 0.1216, lr_0 = 2.1503e-04
Loss = 9.2985e-05, PNorm = 35.7014, GNorm = 0.0640, lr_0 = 2.1453e-04
Loss = 9.4351e-05, PNorm = 35.7018, GNorm = 0.0718, lr_0 = 2.1402e-04
Validation mae = nan
Epoch 67
Loss = 1.1508e-04, PNorm = 35.7020, GNorm = 0.0958, lr_0 = 2.1351e-04
Loss = 1.0537e-04, PNorm = 35.7026, GNorm = 0.0914, lr_0 = 2.1300e-04
Loss = 1.1286e-04, PNorm = 35.7029, GNorm = 0.0651, lr_0 = 2.1250e-04
Loss = 1.0523e-04, PNorm = 35.7033, GNorm = 0.0306, lr_0 = 2.1199e-04
Loss = 7.0594e-05, PNorm = 35.7040, GNorm = 0.0315, lr_0 = 2.1149e-04
Loss = 6.8537e-05, PNorm = 35.7047, GNorm = 0.0346, lr_0 = 2.1099e-04
Loss = 7.8146e-05, PNorm = 35.7050, GNorm = 0.0961, lr_0 = 2.1049e-04
Loss = 9.7941e-05, PNorm = 35.7055, GNorm = 0.0599, lr_0 = 2.0999e-04
Loss = 6.9252e-05, PNorm = 35.7059, GNorm = 0.0282, lr_0 = 2.0949e-04
Loss = 6.3042e-05, PNorm = 35.7062, GNorm = 0.0547, lr_0 = 2.0900e-04
Validation mae = nan
Epoch 68
Loss = 1.0102e-04, PNorm = 35.7066, GNorm = 0.0497, lr_0 = 2.0850e-04
Loss = 7.1104e-05, PNorm = 35.7073, GNorm = 0.0254, lr_0 = 2.0801e-04
Loss = 4.4554e-05, PNorm = 35.7077, GNorm = 0.0494, lr_0 = 2.0751e-04
Loss = 4.7400e-05, PNorm = 35.7082, GNorm = 0.0414, lr_0 = 2.0702e-04
Loss = 4.0668e-05, PNorm = 35.7086, GNorm = 0.0421, lr_0 = 2.0653e-04
Loss = 6.1254e-05, PNorm = 35.7093, GNorm = 0.0349, lr_0 = 2.0604e-04
Loss = 5.0759e-05, PNorm = 35.7098, GNorm = 0.0192, lr_0 = 2.0555e-04
Loss = 4.6013e-05, PNorm = 35.7104, GNorm = 0.0252, lr_0 = 2.0507e-04
Loss = 4.6366e-05, PNorm = 35.7109, GNorm = 0.0321, lr_0 = 2.0458e-04
Loss = 5.5229e-05, PNorm = 35.7111, GNorm = 0.0241, lr_0 = 2.0410e-04
Validation mae = nan
Epoch 69
Loss = 5.3570e-05, PNorm = 35.7116, GNorm = 0.0284, lr_0 = 2.0361e-04
Loss = 5.9760e-05, PNorm = 35.7120, GNorm = 0.0189, lr_0 = 2.0313e-04
Loss = 5.8121e-05, PNorm = 35.7122, GNorm = 0.0579, lr_0 = 2.0265e-04
Loss = 8.0324e-05, PNorm = 35.7127, GNorm = 0.0723, lr_0 = 2.0217e-04
Loss = 7.4864e-05, PNorm = 35.7129, GNorm = 0.0311, lr_0 = 2.0169e-04
Loss = 6.8084e-05, PNorm = 35.7133, GNorm = 0.0368, lr_0 = 2.0121e-04
Loss = 7.7729e-05, PNorm = 35.7141, GNorm = 0.0458, lr_0 = 2.0073e-04
Loss = 5.5296e-05, PNorm = 35.7150, GNorm = 0.0400, lr_0 = 2.0026e-04
Loss = 6.4605e-05, PNorm = 35.7154, GNorm = 0.0292, lr_0 = 1.9978e-04
Loss = 5.7937e-05, PNorm = 35.7158, GNorm = 0.0572, lr_0 = 1.9931e-04
Validation mae = nan
Epoch 70
Loss = 8.1422e-05, PNorm = 35.7160, GNorm = 0.0419, lr_0 = 1.9884e-04
Loss = 8.5524e-05, PNorm = 35.7163, GNorm = 0.0571, lr_0 = 1.9836e-04
Loss = 6.5791e-05, PNorm = 35.7171, GNorm = 0.0404, lr_0 = 1.9789e-04
Loss = 4.8508e-05, PNorm = 35.7177, GNorm = 0.0552, lr_0 = 1.9743e-04
Loss = 5.9469e-05, PNorm = 35.7182, GNorm = 0.0982, lr_0 = 1.9696e-04
Loss = 6.0684e-05, PNorm = 35.7190, GNorm = 0.0088, lr_0 = 1.9649e-04
Loss = 4.7474e-05, PNorm = 35.7192, GNorm = 0.0474, lr_0 = 1.9602e-04
Loss = 3.8297e-05, PNorm = 35.7196, GNorm = 0.0260, lr_0 = 1.9556e-04
Loss = 4.3536e-05, PNorm = 35.7202, GNorm = 0.0180, lr_0 = 1.9510e-04
Loss = 5.0919e-05, PNorm = 35.7208, GNorm = 0.0575, lr_0 = 1.9463e-04
Validation mae = nan
Epoch 71
Loss = 4.1702e-05, PNorm = 35.7211, GNorm = 0.0304, lr_0 = 1.9417e-04
Loss = 3.7063e-05, PNorm = 35.7214, GNorm = 0.0202, lr_0 = 1.9371e-04
Loss = 3.7816e-05, PNorm = 35.7218, GNorm = 0.0164, lr_0 = 1.9325e-04
Loss = 6.3764e-05, PNorm = 35.7222, GNorm = 0.0433, lr_0 = 1.9280e-04
Loss = 7.1092e-05, PNorm = 35.7228, GNorm = 0.0365, lr_0 = 1.9234e-04
Loss = 5.3794e-05, PNorm = 35.7233, GNorm = 0.0178, lr_0 = 1.9188e-04
Loss = 5.7123e-05, PNorm = 35.7239, GNorm = 0.0730, lr_0 = 1.9143e-04
Loss = 8.2662e-05, PNorm = 35.7241, GNorm = 0.0676, lr_0 = 1.9097e-04
Loss = 8.0256e-05, PNorm = 35.7242, GNorm = 0.0282, lr_0 = 1.9052e-04
Loss = 6.1581e-05, PNorm = 35.7250, GNorm = 0.0351, lr_0 = 1.9007e-04
Validation mae = nan
Epoch 72
Loss = 4.7069e-05, PNorm = 35.7256, GNorm = 0.0502, lr_0 = 1.8962e-04
Loss = 5.4456e-05, PNorm = 35.7260, GNorm = 0.0375, lr_0 = 1.8917e-04
Loss = 7.4426e-05, PNorm = 35.7263, GNorm = 0.1209, lr_0 = 1.8872e-04
Loss = 8.9242e-05, PNorm = 35.7268, GNorm = 0.0724, lr_0 = 1.8827e-04
Loss = 6.6162e-05, PNorm = 35.7271, GNorm = 0.0601, lr_0 = 1.8783e-04
Loss = 6.6451e-05, PNorm = 35.7277, GNorm = 0.0493, lr_0 = 1.8738e-04
Loss = 5.9667e-05, PNorm = 35.7281, GNorm = 0.0256, lr_0 = 1.8694e-04
Loss = 6.0266e-05, PNorm = 35.7284, GNorm = 0.0300, lr_0 = 1.8649e-04
Loss = 7.6942e-05, PNorm = 35.7292, GNorm = 0.0540, lr_0 = 1.8605e-04
Loss = 6.4460e-05, PNorm = 35.7297, GNorm = 0.0345, lr_0 = 1.8561e-04
Validation mae = nan
Epoch 73
Loss = 8.6623e-05, PNorm = 35.7298, GNorm = 0.0488, lr_0 = 1.8517e-04
Loss = 7.0703e-05, PNorm = 35.7305, GNorm = 0.0739, lr_0 = 1.8473e-04
Loss = 6.3077e-05, PNorm = 35.7312, GNorm = 0.0387, lr_0 = 1.8429e-04
Loss = 8.7604e-05, PNorm = 35.7316, GNorm = 0.0935, lr_0 = 1.8386e-04
Loss = 1.0531e-04, PNorm = 35.7322, GNorm = 0.0754, lr_0 = 1.8342e-04
Loss = 1.2023e-04, PNorm = 35.7323, GNorm = 0.0528, lr_0 = 1.8299e-04
Loss = 9.3989e-05, PNorm = 35.7329, GNorm = 0.0242, lr_0 = 1.8255e-04
Loss = 1.0844e-04, PNorm = 35.7328, GNorm = 0.0332, lr_0 = 1.8212e-04
Loss = 7.4860e-05, PNorm = 35.7329, GNorm = 0.0549, lr_0 = 1.8169e-04
Loss = 8.3185e-05, PNorm = 35.7337, GNorm = 0.0754, lr_0 = 1.8126e-04
Validation mae = nan
Epoch 74
Loss = 4.5273e-05, PNorm = 35.7344, GNorm = 0.0229, lr_0 = 1.8083e-04
Loss = 8.3973e-05, PNorm = 35.7347, GNorm = 0.0489, lr_0 = 1.8040e-04
Loss = 8.9269e-05, PNorm = 35.7349, GNorm = 0.0669, lr_0 = 1.7997e-04
Loss = 1.1197e-04, PNorm = 35.7356, GNorm = 0.1030, lr_0 = 1.7955e-04
Loss = 1.2182e-04, PNorm = 35.7368, GNorm = 0.0519, lr_0 = 1.7912e-04
Loss = 1.1718e-04, PNorm = 35.7377, GNorm = 0.0528, lr_0 = 1.7870e-04
Loss = 7.1249e-05, PNorm = 35.7383, GNorm = 0.0689, lr_0 = 1.7827e-04
Loss = 9.0835e-05, PNorm = 35.7385, GNorm = 0.0804, lr_0 = 1.7785e-04
Loss = 7.9292e-05, PNorm = 35.7387, GNorm = 0.0439, lr_0 = 1.7743e-04
Loss = 7.9722e-05, PNorm = 35.7388, GNorm = 0.0150, lr_0 = 1.7701e-04
Validation mae = nan
Epoch 75
Loss = 9.0909e-05, PNorm = 35.7393, GNorm = 0.0466, lr_0 = 1.7659e-04
Loss = 5.5514e-05, PNorm = 35.7395, GNorm = 0.0644, lr_0 = 1.7617e-04
Loss = 6.0710e-05, PNorm = 35.7397, GNorm = 0.0770, lr_0 = 1.7575e-04
Loss = 3.8521e-05, PNorm = 35.7401, GNorm = 0.0237, lr_0 = 1.7533e-04
Loss = 3.6661e-05, PNorm = 35.7406, GNorm = 0.0251, lr_0 = 1.7492e-04
Loss = 3.7201e-05, PNorm = 35.7412, GNorm = 0.0297, lr_0 = 1.7450e-04
Loss = 4.8800e-05, PNorm = 35.7418, GNorm = 0.0266, lr_0 = 1.7409e-04
Loss = 4.4841e-05, PNorm = 35.7421, GNorm = 0.0399, lr_0 = 1.7368e-04
Loss = 4.7821e-05, PNorm = 35.7426, GNorm = 0.0178, lr_0 = 1.7327e-04
Loss = 6.4780e-05, PNorm = 35.7431, GNorm = 0.0622, lr_0 = 1.7286e-04
Validation mae = nan
Epoch 76
Loss = 6.1268e-05, PNorm = 35.7433, GNorm = 0.0429, lr_0 = 1.7240e-04
Loss = 5.2311e-05, PNorm = 35.7436, GNorm = 0.0655, lr_0 = 1.7200e-04
Loss = 4.9592e-05, PNorm = 35.7439, GNorm = 0.0637, lr_0 = 1.7159e-04
Loss = 4.2444e-05, PNorm = 35.7444, GNorm = 0.0318, lr_0 = 1.7118e-04
Loss = 4.5191e-05, PNorm = 35.7449, GNorm = 0.0492, lr_0 = 1.7078e-04
Loss = 6.2052e-05, PNorm = 35.7455, GNorm = 0.0625, lr_0 = 1.7037e-04
Loss = 9.3728e-05, PNorm = 35.7457, GNorm = 0.0664, lr_0 = 1.6997e-04
Loss = 1.6726e-04, PNorm = 35.7464, GNorm = 0.0667, lr_0 = 1.6956e-04
Loss = 2.1562e-04, PNorm = 35.7470, GNorm = 0.1215, lr_0 = 1.6916e-04
Loss = 1.6121e-04, PNorm = 35.7479, GNorm = 0.0931, lr_0 = 1.6876e-04
Validation mae = nan
Epoch 77
Loss = 1.2332e-04, PNorm = 35.7488, GNorm = 0.0640, lr_0 = 1.6836e-04
Loss = 1.1068e-04, PNorm = 35.7491, GNorm = 0.0407, lr_0 = 1.6796e-04
Loss = 8.3052e-05, PNorm = 35.7494, GNorm = 0.0337, lr_0 = 1.6756e-04
Loss = 1.0082e-04, PNorm = 35.7497, GNorm = 0.0397, lr_0 = 1.6717e-04
Loss = 8.6900e-05, PNorm = 35.7503, GNorm = 0.0962, lr_0 = 1.6677e-04
Loss = 6.7659e-05, PNorm = 35.7508, GNorm = 0.0180, lr_0 = 1.6638e-04
Loss = 5.8628e-05, PNorm = 35.7511, GNorm = 0.0380, lr_0 = 1.6598e-04
Loss = 5.4209e-05, PNorm = 35.7515, GNorm = 0.0603, lr_0 = 1.6559e-04
Loss = 5.0064e-05, PNorm = 35.7517, GNorm = 0.0480, lr_0 = 1.6519e-04
Loss = 4.9414e-05, PNorm = 35.7525, GNorm = 0.0205, lr_0 = 1.6480e-04
Validation mae = nan
Epoch 78
Loss = 9.0003e-05, PNorm = 35.7528, GNorm = 0.1222, lr_0 = 1.6441e-04
Loss = 9.0579e-05, PNorm = 35.7526, GNorm = 0.0693, lr_0 = 1.6402e-04
Loss = 5.2099e-05, PNorm = 35.7527, GNorm = 0.0357, lr_0 = 1.6363e-04
Loss = 5.8338e-05, PNorm = 35.7535, GNorm = 0.0296, lr_0 = 1.6325e-04
Loss = 9.4891e-05, PNorm = 35.7543, GNorm = 0.0554, lr_0 = 1.6286e-04
Loss = 7.1013e-05, PNorm = 35.7550, GNorm = 0.0334, lr_0 = 1.6247e-04
Loss = 8.0625e-05, PNorm = 35.7556, GNorm = 0.0401, lr_0 = 1.6209e-04
Loss = 6.5880e-05, PNorm = 35.7558, GNorm = 0.0456, lr_0 = 1.6170e-04
Loss = 5.8083e-05, PNorm = 35.7564, GNorm = 0.0310, lr_0 = 1.6132e-04
Loss = 4.5176e-05, PNorm = 35.7570, GNorm = 0.0273, lr_0 = 1.6094e-04
Validation mae = nan
Epoch 79
Loss = 4.6418e-05, PNorm = 35.7575, GNorm = 0.0304, lr_0 = 1.6056e-04
Loss = 4.3660e-05, PNorm = 35.7578, GNorm = 0.0166, lr_0 = 1.6018e-04
Loss = 5.3543e-05, PNorm = 35.7584, GNorm = 0.0375, lr_0 = 1.5980e-04
Loss = 6.9240e-05, PNorm = 35.7589, GNorm = 0.0424, lr_0 = 1.5942e-04
Loss = 6.9612e-05, PNorm = 35.7591, GNorm = 0.0608, lr_0 = 1.5904e-04
Loss = 8.0337e-05, PNorm = 35.7594, GNorm = 0.0545, lr_0 = 1.5866e-04
Loss = 9.6386e-05, PNorm = 35.7599, GNorm = 0.1249, lr_0 = 1.5829e-04
Loss = 6.6864e-05, PNorm = 35.7606, GNorm = 0.0485, lr_0 = 1.5791e-04
Loss = 5.8828e-05, PNorm = 35.7613, GNorm = 0.0369, lr_0 = 1.5754e-04
Loss = 7.4996e-05, PNorm = 35.7620, GNorm = 0.0614, lr_0 = 1.5716e-04
Validation mae = nan
Epoch 80
Loss = 5.9376e-05, PNorm = 35.7623, GNorm = 0.0217, lr_0 = 1.5679e-04
Loss = 5.9797e-05, PNorm = 35.7626, GNorm = 0.0179, lr_0 = 1.5642e-04
Loss = 7.8159e-05, PNorm = 35.7628, GNorm = 0.0298, lr_0 = 1.5605e-04
Loss = 8.9357e-05, PNorm = 35.7631, GNorm = 0.0391, lr_0 = 1.5568e-04
Loss = 8.2028e-05, PNorm = 35.7636, GNorm = 0.0208, lr_0 = 1.5531e-04
Loss = 8.8068e-05, PNorm = 35.7640, GNorm = 0.0874, lr_0 = 1.5494e-04
Loss = 1.5589e-04, PNorm = 35.7644, GNorm = 0.1108, lr_0 = 1.5457e-04
Loss = 1.0464e-04, PNorm = 35.7646, GNorm = 0.0475, lr_0 = 1.5421e-04
Loss = 8.9085e-05, PNorm = 35.7652, GNorm = 0.0984, lr_0 = 1.5384e-04
Loss = 1.1902e-04, PNorm = 35.7658, GNorm = 0.1191, lr_0 = 1.5348e-04
Validation mae = nan
Epoch 81
Loss = 7.9090e-05, PNorm = 35.7661, GNorm = 0.0512, lr_0 = 1.5311e-04
Loss = 8.3356e-05, PNorm = 35.7667, GNorm = 0.0287, lr_0 = 1.5275e-04
Loss = 6.7378e-05, PNorm = 35.7671, GNorm = 0.0288, lr_0 = 1.5239e-04
Loss = 6.4346e-05, PNorm = 35.7676, GNorm = 0.0493, lr_0 = 1.5203e-04
Loss = 5.6349e-05, PNorm = 35.7682, GNorm = 0.0372, lr_0 = 1.5167e-04
Loss = 4.8201e-05, PNorm = 35.7687, GNorm = 0.0444, lr_0 = 1.5131e-04
Loss = 4.2377e-05, PNorm = 35.7695, GNorm = 0.0330, lr_0 = 1.5095e-04
Loss = 3.0544e-05, PNorm = 35.7697, GNorm = 0.0228, lr_0 = 1.5059e-04
Loss = 4.3192e-05, PNorm = 35.7700, GNorm = 0.0303, lr_0 = 1.5023e-04
Loss = 2.8532e-05, PNorm = 35.7705, GNorm = 0.0189, lr_0 = 1.4988e-04
Validation mae = nan
Epoch 82
Loss = 4.3978e-05, PNorm = 35.7708, GNorm = 0.0500, lr_0 = 1.4952e-04
Loss = 6.0484e-05, PNorm = 35.7713, GNorm = 0.0614, lr_0 = 1.4917e-04
Loss = 7.0246e-05, PNorm = 35.7717, GNorm = 0.0865, lr_0 = 1.4881e-04
Loss = 5.7814e-05, PNorm = 35.7720, GNorm = 0.0401, lr_0 = 1.4846e-04
Loss = 3.7102e-05, PNorm = 35.7723, GNorm = 0.0221, lr_0 = 1.4811e-04
Loss = 4.6052e-05, PNorm = 35.7727, GNorm = 0.0104, lr_0 = 1.4776e-04
Loss = 3.4540e-05, PNorm = 35.7729, GNorm = 0.0259, lr_0 = 1.4741e-04
Loss = 4.3271e-05, PNorm = 35.7732, GNorm = 0.0646, lr_0 = 1.4706e-04
Loss = 5.5835e-05, PNorm = 35.7738, GNorm = 0.0551, lr_0 = 1.4671e-04
Loss = 5.2167e-05, PNorm = 35.7743, GNorm = 0.0668, lr_0 = 1.4636e-04
Validation mae = nan
Epoch 83
Loss = 4.3593e-05, PNorm = 35.7747, GNorm = 0.0247, lr_0 = 1.4602e-04
Loss = 7.5076e-05, PNorm = 35.7749, GNorm = 0.0466, lr_0 = 1.4567e-04
Loss = 6.0365e-05, PNorm = 35.7753, GNorm = 0.0411, lr_0 = 1.4532e-04
Loss = 4.3803e-05, PNorm = 35.7755, GNorm = 0.0653, lr_0 = 1.4498e-04
Loss = 4.3582e-05, PNorm = 35.7760, GNorm = 0.0257, lr_0 = 1.4464e-04
Loss = 3.8593e-05, PNorm = 35.7761, GNorm = 0.0367, lr_0 = 1.4429e-04
Loss = 4.2441e-05, PNorm = 35.7764, GNorm = 0.0186, lr_0 = 1.4395e-04
Loss = 3.5731e-05, PNorm = 35.7769, GNorm = 0.0147, lr_0 = 1.4361e-04
Loss = 4.3033e-05, PNorm = 35.7771, GNorm = 0.0518, lr_0 = 1.4327e-04
Loss = 5.0091e-05, PNorm = 35.7774, GNorm = 0.0206, lr_0 = 1.4293e-04
Validation mae = nan
Epoch 84
Loss = 3.2711e-05, PNorm = 35.7777, GNorm = 0.0353, lr_0 = 1.4259e-04
Loss = 3.6467e-05, PNorm = 35.7779, GNorm = 0.0241, lr_0 = 1.4225e-04
Loss = 3.2108e-05, PNorm = 35.7781, GNorm = 0.0311, lr_0 = 1.4192e-04
Loss = 3.5175e-05, PNorm = 35.7784, GNorm = 0.0107, lr_0 = 1.4158e-04
Loss = 4.4007e-05, PNorm = 35.7788, GNorm = 0.0683, lr_0 = 1.4124e-04
Loss = 6.4603e-05, PNorm = 35.7790, GNorm = 0.0399, lr_0 = 1.4091e-04
Loss = 6.6952e-05, PNorm = 35.7796, GNorm = 0.0740, lr_0 = 1.4057e-04
Loss = 9.0381e-05, PNorm = 35.7796, GNorm = 0.0417, lr_0 = 1.4024e-04
Loss = 1.0253e-04, PNorm = 35.7803, GNorm = 0.0526, lr_0 = 1.3991e-04
Loss = 5.5790e-05, PNorm = 35.7803, GNorm = 0.0595, lr_0 = 1.3958e-04
Validation mae = nan
Epoch 85
Loss = 6.2304e-05, PNorm = 35.7806, GNorm = 0.0786, lr_0 = 1.3925e-04
Loss = 4.7496e-05, PNorm = 35.7810, GNorm = 0.0317, lr_0 = 1.3892e-04
Loss = 5.7993e-05, PNorm = 35.7812, GNorm = 0.0474, lr_0 = 1.3859e-04
Loss = 6.0184e-05, PNorm = 35.7817, GNorm = 0.0351, lr_0 = 1.3826e-04
Loss = 4.9477e-05, PNorm = 35.7821, GNorm = 0.0187, lr_0 = 1.3793e-04
Loss = 4.4739e-05, PNorm = 35.7825, GNorm = 0.0168, lr_0 = 1.3760e-04
Loss = 3.9657e-05, PNorm = 35.7829, GNorm = 0.0213, lr_0 = 1.3728e-04
Loss = 3.9012e-05, PNorm = 35.7834, GNorm = 0.0305, lr_0 = 1.3695e-04
Loss = 3.4542e-05, PNorm = 35.7838, GNorm = 0.0258, lr_0 = 1.3663e-04
Loss = 5.6693e-05, PNorm = 35.7841, GNorm = 0.0578, lr_0 = 1.3630e-04
Validation mae = nan
Epoch 86
Loss = 5.7403e-05, PNorm = 35.7845, GNorm = 0.0634, lr_0 = 1.3598e-04
Loss = 7.3430e-05, PNorm = 35.7851, GNorm = 0.0913, lr_0 = 1.3566e-04
Loss = 5.7561e-05, PNorm = 35.7857, GNorm = 0.0205, lr_0 = 1.3534e-04
Loss = 6.9041e-05, PNorm = 35.7862, GNorm = 0.0365, lr_0 = 1.3502e-04
Loss = 7.2795e-05, PNorm = 35.7868, GNorm = 0.0363, lr_0 = 1.3470e-04
Loss = 9.3248e-05, PNorm = 35.7870, GNorm = 0.1041, lr_0 = 1.3438e-04
Loss = 1.4886e-04, PNorm = 35.7877, GNorm = 0.1006, lr_0 = 1.3406e-04
Loss = 1.3661e-04, PNorm = 35.7885, GNorm = 0.0500, lr_0 = 1.3374e-04
Loss = 1.2553e-04, PNorm = 35.7894, GNorm = 0.1312, lr_0 = 1.3342e-04
Loss = 8.6686e-05, PNorm = 35.7900, GNorm = 0.0239, lr_0 = 1.3311e-04
Validation mae = nan
Epoch 87
Loss = 5.3040e-05, PNorm = 35.7906, GNorm = 0.0363, lr_0 = 1.3279e-04
Loss = 4.1793e-05, PNorm = 35.7910, GNorm = 0.0592, lr_0 = 1.3248e-04
Loss = 4.9101e-05, PNorm = 35.7912, GNorm = 0.0136, lr_0 = 1.3216e-04
Loss = 3.9824e-05, PNorm = 35.7916, GNorm = 0.0433, lr_0 = 1.3185e-04
Loss = 3.4836e-05, PNorm = 35.7918, GNorm = 0.0393, lr_0 = 1.3154e-04
Loss = 2.8475e-05, PNorm = 35.7919, GNorm = 0.0173, lr_0 = 1.3123e-04
Loss = 3.7542e-05, PNorm = 35.7925, GNorm = 0.0190, lr_0 = 1.3091e-04
Loss = 3.4698e-05, PNorm = 35.7927, GNorm = 0.0257, lr_0 = 1.3060e-04
Loss = 7.2693e-05, PNorm = 35.7929, GNorm = 0.0775, lr_0 = 1.3029e-04
Loss = 8.2818e-05, PNorm = 35.7932, GNorm = 0.0339, lr_0 = 1.2999e-04
Validation mae = nan
Epoch 88
Loss = 6.5160e-05, PNorm = 35.7937, GNorm = 0.0568, lr_0 = 1.2968e-04
Loss = 4.9064e-05, PNorm = 35.7940, GNorm = 0.0486, lr_0 = 1.2937e-04
Loss = 4.0048e-05, PNorm = 35.7941, GNorm = 0.0298, lr_0 = 1.2906e-04
Loss = 6.0758e-05, PNorm = 35.7943, GNorm = 0.0328, lr_0 = 1.2876e-04
Loss = 8.9903e-05, PNorm = 35.7945, GNorm = 0.0647, lr_0 = 1.2845e-04
Loss = 8.4801e-05, PNorm = 35.7949, GNorm = 0.0459, lr_0 = 1.2815e-04
Loss = 7.9100e-05, PNorm = 35.7951, GNorm = 0.0501, lr_0 = 1.2784e-04
Loss = 8.5923e-05, PNorm = 35.7955, GNorm = 0.0528, lr_0 = 1.2754e-04
Loss = 5.3311e-05, PNorm = 35.7959, GNorm = 0.0105, lr_0 = 1.2724e-04
Loss = 3.9299e-05, PNorm = 35.7964, GNorm = 0.0288, lr_0 = 1.2694e-04
Validation mae = nan
Epoch 89
Loss = 2.6354e-05, PNorm = 35.7968, GNorm = 0.0268, lr_0 = 1.2664e-04
Loss = 3.4489e-05, PNorm = 35.7972, GNorm = 0.0311, lr_0 = 1.2634e-04
Loss = 4.9190e-05, PNorm = 35.7976, GNorm = 0.0648, lr_0 = 1.2604e-04
Loss = 5.2636e-05, PNorm = 35.7981, GNorm = 0.0226, lr_0 = 1.2574e-04
Loss = 6.7907e-05, PNorm = 35.7983, GNorm = 0.0649, lr_0 = 1.2544e-04
Loss = 4.5218e-05, PNorm = 35.7987, GNorm = 0.0256, lr_0 = 1.2514e-04
Loss = 2.8028e-05, PNorm = 35.7988, GNorm = 0.0094, lr_0 = 1.2485e-04
Loss = 3.2846e-05, PNorm = 35.7992, GNorm = 0.0310, lr_0 = 1.2455e-04
Loss = 5.1050e-05, PNorm = 35.7996, GNorm = 0.0452, lr_0 = 1.2425e-04
Loss = 4.1858e-05, PNorm = 35.8000, GNorm = 0.0481, lr_0 = 1.2396e-04
Validation mae = nan
Epoch 90
Loss = 4.6725e-05, PNorm = 35.8003, GNorm = 0.0553, lr_0 = 1.2367e-04
Loss = 5.3650e-05, PNorm = 35.8007, GNorm = 0.0295, lr_0 = 1.2337e-04
Loss = 4.6469e-05, PNorm = 35.8010, GNorm = 0.0400, lr_0 = 1.2308e-04
Loss = 3.2438e-05, PNorm = 35.8013, GNorm = 0.0454, lr_0 = 1.2279e-04
Loss = 4.0573e-05, PNorm = 35.8014, GNorm = 0.0285, lr_0 = 1.2250e-04
Loss = 3.6582e-05, PNorm = 35.8015, GNorm = 0.0305, lr_0 = 1.2221e-04
Loss = 3.3797e-05, PNorm = 35.8020, GNorm = 0.0180, lr_0 = 1.2192e-04
Loss = 2.4971e-05, PNorm = 35.8022, GNorm = 0.0201, lr_0 = 1.2163e-04
Loss = 3.2734e-05, PNorm = 35.8026, GNorm = 0.0426, lr_0 = 1.2134e-04
Loss = 3.5222e-05, PNorm = 35.8030, GNorm = 0.0403, lr_0 = 1.2105e-04
Validation mae = nan
Epoch 91
Loss = 7.8230e-05, PNorm = 35.8032, GNorm = 0.0226, lr_0 = 1.2077e-04
Loss = 5.7160e-05, PNorm = 35.8037, GNorm = 0.0177, lr_0 = 1.2048e-04
Loss = 3.3564e-05, PNorm = 35.8040, GNorm = 0.0293, lr_0 = 1.2019e-04
Loss = 2.9654e-05, PNorm = 35.8043, GNorm = 0.0249, lr_0 = 1.1991e-04
Loss = 2.4397e-05, PNorm = 35.8044, GNorm = 0.0363, lr_0 = 1.1962e-04
Loss = 4.0094e-05, PNorm = 35.8047, GNorm = 0.0602, lr_0 = 1.1934e-04
Loss = 5.5365e-05, PNorm = 35.8051, GNorm = 0.0361, lr_0 = 1.1906e-04
Loss = 5.2765e-05, PNorm = 35.8056, GNorm = 0.0349, lr_0 = 1.1878e-04
Loss = 3.9730e-05, PNorm = 35.8062, GNorm = 0.0413, lr_0 = 1.1849e-04
Loss = 2.8701e-05, PNorm = 35.8064, GNorm = 0.0090, lr_0 = 1.1821e-04
Validation mae = nan
Epoch 92
Loss = 3.2782e-05, PNorm = 35.8068, GNorm = 0.0296, lr_0 = 1.1793e-04
Loss = 5.8037e-05, PNorm = 35.8071, GNorm = 0.1129, lr_0 = 1.1765e-04
Loss = 5.7959e-05, PNorm = 35.8073, GNorm = 0.0521, lr_0 = 1.1737e-04
Loss = 4.9729e-05, PNorm = 35.8077, GNorm = 0.0138, lr_0 = 1.1710e-04
Loss = 4.0607e-05, PNorm = 35.8081, GNorm = 0.0612, lr_0 = 1.1682e-04
Loss = 3.9899e-05, PNorm = 35.8083, GNorm = 0.0348, lr_0 = 1.1654e-04
Loss = 4.8065e-05, PNorm = 35.8087, GNorm = 0.0577, lr_0 = 1.1627e-04
Loss = 4.8129e-05, PNorm = 35.8091, GNorm = 0.0965, lr_0 = 1.1599e-04
Loss = 5.1293e-05, PNorm = 35.8093, GNorm = 0.0560, lr_0 = 1.1571e-04
Loss = 4.1007e-05, PNorm = 35.8097, GNorm = 0.0250, lr_0 = 1.1544e-04
Validation mae = nan
Epoch 93
Loss = 4.2071e-05, PNorm = 35.8102, GNorm = 0.0367, lr_0 = 1.1517e-04
Loss = 5.6849e-05, PNorm = 35.8106, GNorm = 0.1082, lr_0 = 1.1489e-04
Loss = 4.8837e-05, PNorm = 35.8110, GNorm = 0.0576, lr_0 = 1.1462e-04
Loss = 3.0596e-05, PNorm = 35.8111, GNorm = 0.0229, lr_0 = 1.1435e-04
Loss = 2.5710e-05, PNorm = 35.8114, GNorm = 0.0116, lr_0 = 1.1408e-04
Loss = 2.4309e-05, PNorm = 35.8117, GNorm = 0.0382, lr_0 = 1.1381e-04
Loss = 3.7586e-05, PNorm = 35.8120, GNorm = 0.0445, lr_0 = 1.1354e-04
Loss = 3.9186e-05, PNorm = 35.8123, GNorm = 0.0342, lr_0 = 1.1327e-04
Loss = 4.6573e-05, PNorm = 35.8128, GNorm = 0.0126, lr_0 = 1.1300e-04
Loss = 4.5637e-05, PNorm = 35.8132, GNorm = 0.0533, lr_0 = 1.1273e-04
Validation mae = nan
Epoch 94
Loss = 5.2326e-05, PNorm = 35.8133, GNorm = 0.0445, lr_0 = 1.1247e-04
Loss = 4.4821e-05, PNorm = 35.8136, GNorm = 0.0477, lr_0 = 1.1220e-04
Loss = 4.8137e-05, PNorm = 35.8138, GNorm = 0.0628, lr_0 = 1.1193e-04
Loss = 3.9976e-05, PNorm = 35.8139, GNorm = 0.0408, lr_0 = 1.1167e-04
Loss = 2.9951e-05, PNorm = 35.8143, GNorm = 0.0246, lr_0 = 1.1140e-04
Loss = 2.6809e-05, PNorm = 35.8146, GNorm = 0.0336, lr_0 = 1.1114e-04
Loss = 3.1117e-05, PNorm = 35.8149, GNorm = 0.0246, lr_0 = 1.1088e-04
Loss = 3.4913e-05, PNorm = 35.8153, GNorm = 0.0199, lr_0 = 1.1061e-04
Loss = 3.0891e-05, PNorm = 35.8157, GNorm = 0.0387, lr_0 = 1.1035e-04
Loss = 3.1731e-05, PNorm = 35.8161, GNorm = 0.0192, lr_0 = 1.1009e-04
Validation mae = nan
Epoch 95
Loss = 2.0143e-05, PNorm = 35.8163, GNorm = 0.0267, lr_0 = 1.0983e-04
Loss = 2.4886e-05, PNorm = 35.8166, GNorm = 0.0170, lr_0 = 1.0957e-04
Loss = 3.1073e-05, PNorm = 35.8169, GNorm = 0.0257, lr_0 = 1.0931e-04
Loss = 3.8193e-05, PNorm = 35.8172, GNorm = 0.0500, lr_0 = 1.0905e-04
Loss = 3.5113e-05, PNorm = 35.8173, GNorm = 0.0210, lr_0 = 1.0879e-04
Loss = 3.3613e-05, PNorm = 35.8175, GNorm = 0.0200, lr_0 = 1.0853e-04
Loss = 3.2022e-05, PNorm = 35.8177, GNorm = 0.0357, lr_0 = 1.0828e-04
Loss = 3.1492e-05, PNorm = 35.8179, GNorm = 0.0470, lr_0 = 1.0802e-04
Loss = 4.3022e-05, PNorm = 35.8182, GNorm = 0.0366, lr_0 = 1.0776e-04
Loss = 4.2735e-05, PNorm = 35.8182, GNorm = 0.0392, lr_0 = 1.0751e-04
Validation mae = nan
Epoch 96
Loss = 3.3403e-05, PNorm = 35.8184, GNorm = 0.0332, lr_0 = 1.0725e-04
Loss = 2.3391e-05, PNorm = 35.8188, GNorm = 0.0379, lr_0 = 1.0700e-04
Loss = 2.4410e-05, PNorm = 35.8193, GNorm = 0.0320, lr_0 = 1.0674e-04
Loss = 3.5502e-05, PNorm = 35.8193, GNorm = 0.0420, lr_0 = 1.0649e-04
Loss = 4.0995e-05, PNorm = 35.8197, GNorm = 0.0278, lr_0 = 1.0624e-04
Loss = 2.8059e-05, PNorm = 35.8201, GNorm = 0.0310, lr_0 = 1.0599e-04
Loss = 2.4201e-05, PNorm = 35.8204, GNorm = 0.0159, lr_0 = 1.0574e-04
Loss = 2.3197e-05, PNorm = 35.8208, GNorm = 0.0088, lr_0 = 1.0549e-04
Loss = 2.8855e-05, PNorm = 35.8212, GNorm = 0.0205, lr_0 = 1.0524e-04
Loss = 3.3760e-05, PNorm = 35.8214, GNorm = 0.0362, lr_0 = 1.0499e-04
Validation mae = nan
Epoch 97
Loss = 4.0071e-05, PNorm = 35.8216, GNorm = 0.0182, lr_0 = 1.0474e-04
Loss = 2.5887e-05, PNorm = 35.8219, GNorm = 0.0203, lr_0 = 1.0449e-04
Loss = 2.7316e-05, PNorm = 35.8221, GNorm = 0.0397, lr_0 = 1.0424e-04
Loss = 2.0337e-05, PNorm = 35.8224, GNorm = 0.0138, lr_0 = 1.0399e-04
Loss = 2.9062e-05, PNorm = 35.8226, GNorm = 0.0327, lr_0 = 1.0375e-04
Loss = 2.2320e-05, PNorm = 35.8229, GNorm = 0.0173, lr_0 = 1.0350e-04
Loss = 2.0913e-05, PNorm = 35.8232, GNorm = 0.0225, lr_0 = 1.0326e-04
Loss = 2.2455e-05, PNorm = 35.8234, GNorm = 0.0232, lr_0 = 1.0301e-04
Loss = 2.0891e-05, PNorm = 35.8238, GNorm = 0.0252, lr_0 = 1.0277e-04
Loss = 3.7745e-05, PNorm = 35.8243, GNorm = 0.0436, lr_0 = 1.0252e-04
Validation mae = nan
Epoch 98
Loss = 5.2838e-05, PNorm = 35.8246, GNorm = 0.0727, lr_0 = 1.0228e-04
Loss = 5.7106e-05, PNorm = 35.8249, GNorm = 0.0392, lr_0 = 1.0204e-04
Loss = 4.5422e-05, PNorm = 35.8253, GNorm = 0.0418, lr_0 = 1.0180e-04
Loss = 3.4466e-05, PNorm = 35.8255, GNorm = 0.0470, lr_0 = 1.0155e-04
Loss = 3.1856e-05, PNorm = 35.8257, GNorm = 0.0237, lr_0 = 1.0131e-04
Loss = 2.8393e-05, PNorm = 35.8259, GNorm = 0.0204, lr_0 = 1.0107e-04
Loss = 3.8994e-05, PNorm = 35.8262, GNorm = 0.0223, lr_0 = 1.0083e-04
Loss = 3.8749e-05, PNorm = 35.8264, GNorm = 0.0245, lr_0 = 1.0060e-04
Loss = 5.5100e-05, PNorm = 35.8267, GNorm = 0.0498, lr_0 = 1.0036e-04
Loss = 4.9938e-05, PNorm = 35.8270, GNorm = 0.0381, lr_0 = 1.0012e-04
Validation mae = nan
Epoch 99
Loss = 2.8744e-05, PNorm = 35.8274, GNorm = 0.0452, lr_0 = 1.0000e-04
Loss = 3.1671e-05, PNorm = 35.8279, GNorm = 0.0168, lr_0 = 1.0000e-04
Loss = 2.6679e-05, PNorm = 35.8281, GNorm = 0.0197, lr_0 = 1.0000e-04
Loss = 2.7906e-05, PNorm = 35.8283, GNorm = 0.0402, lr_0 = 1.0000e-04
Loss = 2.9091e-05, PNorm = 35.8285, GNorm = 0.0254, lr_0 = 1.0000e-04
Loss = 2.3639e-05, PNorm = 35.8289, GNorm = 0.0082, lr_0 = 1.0000e-04
Loss = 1.8993e-05, PNorm = 35.8291, GNorm = 0.0145, lr_0 = 1.0000e-04
Loss = 2.5562e-05, PNorm = 35.8294, GNorm = 0.0083, lr_0 = 1.0000e-04
Loss = 2.5490e-05, PNorm = 35.8297, GNorm = 0.0244, lr_0 = 1.0000e-04
Loss = 3.3554e-05, PNorm = 35.8300, GNorm = 0.0373, lr_0 = 1.0000e-04
Validation mae = nan
Model 0 best validation mae = inf on epoch 0
Loading pretrained parameter "encoder.encoder.0.cached_zero_vector".
Loading pretrained parameter "encoder.encoder.0.W_i.weight".
Loading pretrained parameter "encoder.encoder.0.W_h.weight".
Loading pretrained parameter "encoder.encoder.0.W_o.weight".
Loading pretrained parameter "encoder.encoder.0.W_o.bias".
Loading pretrained parameter "ffn.1.weight".
Loading pretrained parameter "ffn.1.bias".
Loading pretrained parameter "ffn.4.weight".
Loading pretrained parameter "ffn.4.bias".
Moving model to cuda
Model 0 test mae = nan
Ensemble test mae = nan
1-fold cross validation
	Seed 0 ==> test mae = nan
Overall test mae = nan +/- nan
Elapsed time = 0:07:04
