Command line
python train.py --data_path data/data_0.5_nheavy0/hvap.csv --smiles_columns smiles --target_columns hvap --dataset_type regression --split_sizes 1.0 0.0 0.0 --features_generator rdkit_2d --features_columns T --save_dir data/data_0.5_nheavy0/hvap --save_preds --epochs 100 --metric mae
Args
{'activation': 'ReLU',
 'aggregation': 'mean',
 'aggregation_norm': 100,
 'atom_descriptor_scaling': True,
 'atom_descriptors': None,
 'atom_descriptors_path': None,
 'atom_descriptors_size': 0,
 'atom_features_size': 0,
 'atom_messages': False,
 'batch_size': 50,
 'bias': False,
 'bond_feature_scaling': True,
 'bond_features_path': None,
 'bond_features_size': 0,
 'cache_cutoff': 10000,
 'checkpoint_dir': None,
 'checkpoint_path': None,
 'checkpoint_paths': None,
 'class_balance': False,
 'config_path': None,
 'crossval_index_dir': None,
 'crossval_index_file': None,
 'crossval_index_sets': None,
 'cuda': True,
 'data_path': 'data/data_0.5_nheavy0/hvap.csv',
 'dataset_type': 'regression',
 'depth': 3,
 'device': device(type='cuda'),
 'dropout': 0.0,
 'empty_cache': False,
 'ensemble_size': 1,
 'epochs': 100,
 'explicit_h': False,
 'extra_metrics': [],
 'features_columns': ['T'],
 'features_generator': ['rdkit_2d'],
 'features_only': False,
 'features_path': None,
 'features_scaling': True,
 'features_size': None,
 'ffn_hidden_size': 300,
 'ffn_num_layers': 2,
 'final_lr': 0.0001,
 'folds_file': None,
 'gpu': None,
 'grad_clip': None,
 'hidden_size': 300,
 'ignore_columns': None,
 'init_lr': 0.0001,
 'log_frequency': 10,
 'max_data_size': None,
 'max_lr': 0.001,
 'metric': 'mae',
 'metrics': ['mae'],
 'minimize_score': True,
 'mpn_shared': False,
 'multiclass_num_classes': 3,
 'no_atom_descriptor_scaling': False,
 'no_bond_features_scaling': False,
 'no_cache_mol': False,
 'no_cuda': False,
 'no_features_scaling': False,
 'num_folds': 1,
 'num_lrs': 1,
 'num_tasks': 1,
 'num_workers': 8,
 'number_of_molecules': 1,
 'overwrite_default_atom_features': False,
 'overwrite_default_bond_features': False,
 'pytorch_seed': 0,
 'quiet': False,
 'reaction': False,
 'reaction_mode': 'reac_diff',
 'resume_experiment': False,
 'save_dir': 'data/data_0.5_nheavy0/hvap',
 'save_preds': True,
 'save_smiles_splits': False,
 'seed': 0,
 'separate_test_atom_descriptors_path': None,
 'separate_test_bond_features_path': None,
 'separate_test_features_path': None,
 'separate_test_path': None,
 'separate_val_atom_descriptors_path': None,
 'separate_val_bond_features_path': None,
 'separate_val_features_path': None,
 'separate_val_path': None,
 'show_individual_scores': False,
 'smiles_columns': ['smiles'],
 'split_sizes': (1.0, 0.0, 0.0),
 'split_type': 'random',
 'target_columns': ['hvap'],
 'task_names': ['hvap'],
 'test': False,
 'test_fold_index': None,
 'train_data_size': None,
 'undirected': False,
 'use_input_features': True,
 'val_fold_index': None,
 'warmup_epochs': 2.0}
Loading data
Number of tasks = 1
Fold 0
Splitting data with seed 0
Total size = 4,998 | train size = 4,998 | val size = 0 | test size = 0
Fitting scaler
Building model 0
MoleculeModel(
  (encoder): MPN(
    (encoder): ModuleList(
      (0): MPNEncoder(
        (dropout_layer): Dropout(p=0.0, inplace=False)
        (act_func): ReLU()
        (W_i): Linear(in_features=147, out_features=300, bias=False)
        (W_h): Linear(in_features=300, out_features=300, bias=False)
        (W_o): Linear(in_features=433, out_features=300, bias=True)
      )
    )
  )
  (ffn): Sequential(
    (0): Dropout(p=0.0, inplace=False)
    (1): Linear(in_features=501, out_features=300, bias=True)
    (2): ReLU()
    (3): Dropout(p=0.0, inplace=False)
    (4): Linear(in_features=300, out_features=1, bias=True)
  )
)
Number of parameters = 415,201
Moving model to cuda
Epoch 0
Loss = 7.7279e-01, PNorm = 35.0924, GNorm = 3.6584, lr_0 = 1.5000e-04
Loss = 4.0996e-01, PNorm = 35.0942, GNorm = 3.6122, lr_0 = 1.9545e-04
Loss = 2.8017e-01, PNorm = 35.0955, GNorm = 2.3549, lr_0 = 2.4091e-04
Loss = 2.4767e-01, PNorm = 35.1001, GNorm = 3.1374, lr_0 = 2.8636e-04
Loss = 1.6266e-01, PNorm = 35.1044, GNorm = 2.9698, lr_0 = 3.3182e-04
Loss = 1.0368e-01, PNorm = 35.1085, GNorm = 1.2760, lr_0 = 3.7727e-04
Loss = 7.1093e-02, PNorm = 35.1142, GNorm = 1.5426, lr_0 = 4.2273e-04
Loss = 4.4456e-02, PNorm = 35.1199, GNorm = 2.7444, lr_0 = 4.6818e-04
Loss = 2.4744e-02, PNorm = 35.1244, GNorm = 0.3403, lr_0 = 5.1364e-04
Validation mae = nan
Epoch 1
Loss = 2.2202e-02, PNorm = 35.1265, GNorm = 2.2427, lr_0 = 5.6364e-04
Loss = 2.2800e-02, PNorm = 35.1267, GNorm = 1.8024, lr_0 = 6.0909e-04
Loss = 1.9864e-02, PNorm = 35.1256, GNorm = 0.7187, lr_0 = 6.5455e-04
Loss = 1.7642e-02, PNorm = 35.1247, GNorm = 2.7401, lr_0 = 7.0000e-04
Loss = 1.0257e-02, PNorm = 35.1253, GNorm = 1.5442, lr_0 = 7.4545e-04
Loss = 8.6242e-03, PNorm = 35.1266, GNorm = 1.0464, lr_0 = 7.9091e-04
Loss = 7.7252e-03, PNorm = 35.1279, GNorm = 0.9355, lr_0 = 8.3636e-04
Loss = 8.4707e-03, PNorm = 35.1290, GNorm = 1.6063, lr_0 = 8.8182e-04
Loss = 5.3331e-03, PNorm = 35.1295, GNorm = 0.4038, lr_0 = 9.2727e-04
Loss = 6.8050e-03, PNorm = 35.1306, GNorm = 1.9351, lr_0 = 9.7273e-04
Validation mae = nan
Epoch 2
Loss = 7.3797e-03, PNorm = 35.1314, GNorm = 1.4261, lr_0 = 9.9905e-04
Loss = 7.2502e-03, PNorm = 35.1329, GNorm = 1.3414, lr_0 = 9.9668e-04
Loss = 6.8180e-03, PNorm = 35.1335, GNorm = 1.1025, lr_0 = 9.9432e-04
Loss = 5.5889e-03, PNorm = 35.1345, GNorm = 0.6363, lr_0 = 9.9196e-04
Loss = 4.7663e-03, PNorm = 35.1358, GNorm = 1.1028, lr_0 = 9.8961e-04
Loss = 6.0454e-03, PNorm = 35.1367, GNorm = 1.7925, lr_0 = 9.8727e-04
Loss = 4.7806e-03, PNorm = 35.1375, GNorm = 0.9041, lr_0 = 9.8493e-04
Loss = 2.7360e-03, PNorm = 35.1387, GNorm = 0.7961, lr_0 = 9.8259e-04
Loss = 3.3182e-03, PNorm = 35.1403, GNorm = 0.6164, lr_0 = 9.8026e-04
Loss = 3.3341e-03, PNorm = 35.1408, GNorm = 0.7264, lr_0 = 9.7794e-04
Validation mae = nan
Epoch 3
Loss = 3.5109e-03, PNorm = 35.1417, GNorm = 0.3885, lr_0 = 9.7562e-04
Loss = 2.2039e-03, PNorm = 35.1433, GNorm = 0.2280, lr_0 = 9.7331e-04
Loss = 2.5302e-03, PNorm = 35.1444, GNorm = 0.6691, lr_0 = 9.7100e-04
Loss = 1.7091e-03, PNorm = 35.1448, GNorm = 0.1360, lr_0 = 9.6870e-04
Loss = 1.3146e-03, PNorm = 35.1456, GNorm = 0.1586, lr_0 = 9.6640e-04
Loss = 1.8624e-03, PNorm = 35.1463, GNorm = 0.3549, lr_0 = 9.6411e-04
Loss = 3.5317e-03, PNorm = 35.1470, GNorm = 1.2576, lr_0 = 9.6183e-04
Loss = 2.6037e-03, PNorm = 35.1480, GNorm = 0.8253, lr_0 = 9.5955e-04
Loss = 1.9074e-03, PNorm = 35.1496, GNorm = 0.2722, lr_0 = 9.5727e-04
Loss = 1.6854e-03, PNorm = 35.1508, GNorm = 0.2174, lr_0 = 9.5500e-04
Validation mae = nan
Epoch 4
Loss = 1.5630e-03, PNorm = 35.1517, GNorm = 0.5612, lr_0 = 9.5274e-04
Loss = 1.8929e-03, PNorm = 35.1524, GNorm = 0.3468, lr_0 = 9.5048e-04
Loss = 1.4348e-03, PNorm = 35.1532, GNorm = 0.2026, lr_0 = 9.4823e-04
Loss = 2.2908e-03, PNorm = 35.1539, GNorm = 0.5659, lr_0 = 9.4598e-04
Loss = 2.0577e-03, PNorm = 35.1546, GNorm = 0.2015, lr_0 = 9.4374e-04
Loss = 2.1456e-03, PNorm = 35.1556, GNorm = 0.4435, lr_0 = 9.4150e-04
Loss = 1.5467e-03, PNorm = 35.1568, GNorm = 0.1381, lr_0 = 9.3927e-04
Loss = 1.2630e-03, PNorm = 35.1578, GNorm = 0.1696, lr_0 = 9.3704e-04
Loss = 1.5328e-03, PNorm = 35.1590, GNorm = 0.3077, lr_0 = 9.3482e-04
Loss = 1.6852e-03, PNorm = 35.1595, GNorm = 0.1916, lr_0 = 9.3260e-04
Validation mae = nan
Epoch 5
Loss = 2.0378e-03, PNorm = 35.1602, GNorm = 0.4919, lr_0 = 9.3039e-04
Loss = 1.4453e-03, PNorm = 35.1611, GNorm = 0.4915, lr_0 = 9.2819e-04
Loss = 1.4020e-03, PNorm = 35.1622, GNorm = 0.2590, lr_0 = 9.2599e-04
Loss = 1.1248e-03, PNorm = 35.1631, GNorm = 0.2845, lr_0 = 9.2379e-04
Loss = 1.4276e-03, PNorm = 35.1639, GNorm = 0.2540, lr_0 = 9.2160e-04
Loss = 1.2443e-03, PNorm = 35.1651, GNorm = 0.1688, lr_0 = 9.1942e-04
Loss = 1.0370e-03, PNorm = 35.1659, GNorm = 0.1298, lr_0 = 9.1724e-04
Loss = 9.9892e-04, PNorm = 35.1671, GNorm = 0.1605, lr_0 = 9.1506e-04
Loss = 1.3496e-03, PNorm = 35.1688, GNorm = 0.3237, lr_0 = 9.1289e-04
Loss = 1.6144e-03, PNorm = 35.1702, GNorm = 0.5711, lr_0 = 9.1073e-04
Validation mae = nan
Epoch 6
Loss = 1.8717e-03, PNorm = 35.1708, GNorm = 0.5190, lr_0 = 9.0857e-04
Loss = 2.2559e-03, PNorm = 35.1717, GNorm = 0.8718, lr_0 = 9.0642e-04
Loss = 2.6168e-03, PNorm = 35.1725, GNorm = 0.3972, lr_0 = 9.0427e-04
Loss = 2.6092e-03, PNorm = 35.1732, GNorm = 0.5071, lr_0 = 9.0213e-04
Loss = 2.4956e-03, PNorm = 35.1739, GNorm = 0.7148, lr_0 = 8.9999e-04
Loss = 1.4891e-03, PNorm = 35.1747, GNorm = 0.5267, lr_0 = 8.9785e-04
Loss = 1.2404e-03, PNorm = 35.1760, GNorm = 0.0965, lr_0 = 8.9573e-04
Loss = 2.2755e-03, PNorm = 35.1776, GNorm = 0.7998, lr_0 = 8.9360e-04
Loss = 2.9301e-03, PNorm = 35.1798, GNorm = 0.9159, lr_0 = 8.9148e-04
Loss = 1.6832e-03, PNorm = 35.1821, GNorm = 0.2171, lr_0 = 8.8937e-04
Validation mae = nan
Epoch 7
Loss = 7.4262e-04, PNorm = 35.1838, GNorm = 0.2754, lr_0 = 8.8726e-04
Loss = 1.1958e-03, PNorm = 35.1848, GNorm = 0.3695, lr_0 = 8.8516e-04
Loss = 1.3649e-03, PNorm = 35.1857, GNorm = 0.2983, lr_0 = 8.8306e-04
Loss = 1.5314e-03, PNorm = 35.1869, GNorm = 0.2740, lr_0 = 8.8097e-04
Loss = 1.4944e-03, PNorm = 35.1884, GNorm = 0.3938, lr_0 = 8.7888e-04
Loss = 2.0501e-03, PNorm = 35.1892, GNorm = 0.3115, lr_0 = 8.7680e-04
Loss = 1.7525e-03, PNorm = 35.1903, GNorm = 0.3812, lr_0 = 8.7472e-04
Loss = 1.4823e-03, PNorm = 35.1917, GNorm = 0.0734, lr_0 = 8.7264e-04
Loss = 1.0600e-03, PNorm = 35.1932, GNorm = 0.2647, lr_0 = 8.7058e-04
Loss = 1.3566e-03, PNorm = 35.1950, GNorm = 0.3743, lr_0 = 8.6851e-04
Validation mae = nan
Epoch 8
Loss = 1.1672e-03, PNorm = 35.1961, GNorm = 0.3220, lr_0 = 8.6645e-04
Loss = 9.1986e-04, PNorm = 35.1971, GNorm = 0.2589, lr_0 = 8.6440e-04
Loss = 1.3567e-03, PNorm = 35.1991, GNorm = 0.2073, lr_0 = 8.6235e-04
Loss = 8.5407e-04, PNorm = 35.2009, GNorm = 0.1193, lr_0 = 8.6031e-04
Loss = 8.0129e-04, PNorm = 35.2029, GNorm = 0.0974, lr_0 = 8.5827e-04
Loss = 8.6148e-04, PNorm = 35.2047, GNorm = 0.1562, lr_0 = 8.5623e-04
Loss = 7.4123e-04, PNorm = 35.2062, GNorm = 0.1489, lr_0 = 8.5420e-04
Loss = 8.0109e-04, PNorm = 35.2073, GNorm = 0.3048, lr_0 = 8.5218e-04
Loss = 9.4114e-04, PNorm = 35.2087, GNorm = 0.3466, lr_0 = 8.5016e-04
Loss = 7.8201e-04, PNorm = 35.2101, GNorm = 0.2555, lr_0 = 8.4814e-04
Validation mae = nan
Epoch 9
Loss = 1.2697e-03, PNorm = 35.2117, GNorm = 0.2785, lr_0 = 8.4613e-04
Loss = 8.3546e-04, PNorm = 35.2139, GNorm = 0.0979, lr_0 = 8.4413e-04
Loss = 7.8112e-04, PNorm = 35.2155, GNorm = 0.3297, lr_0 = 8.4212e-04
Loss = 8.7253e-04, PNorm = 35.2171, GNorm = 0.2568, lr_0 = 8.4013e-04
Loss = 9.5273e-04, PNorm = 35.2186, GNorm = 0.4252, lr_0 = 8.3814e-04
Loss = 9.0864e-04, PNorm = 35.2208, GNorm = 0.5863, lr_0 = 8.3615e-04
Loss = 9.2368e-04, PNorm = 35.2223, GNorm = 0.2540, lr_0 = 8.3417e-04
Loss = 1.6327e-03, PNorm = 35.2242, GNorm = 0.0950, lr_0 = 8.3219e-04
Loss = 1.3768e-03, PNorm = 35.2262, GNorm = 0.2050, lr_0 = 8.3022e-04
Loss = 7.9897e-04, PNorm = 35.2280, GNorm = 0.2437, lr_0 = 8.2825e-04
Validation mae = nan
Epoch 10
Loss = 4.8586e-04, PNorm = 35.2293, GNorm = 0.0885, lr_0 = 8.2629e-04
Loss = 8.2308e-04, PNorm = 35.2318, GNorm = 0.1279, lr_0 = 8.2433e-04
Loss = 7.1229e-04, PNorm = 35.2347, GNorm = 0.1288, lr_0 = 8.2237e-04
Loss = 8.2366e-04, PNorm = 35.2378, GNorm = 0.2639, lr_0 = 8.2042e-04
Loss = 8.5155e-04, PNorm = 35.2416, GNorm = 0.3966, lr_0 = 8.1848e-04
Loss = 1.0664e-03, PNorm = 35.2444, GNorm = 0.4113, lr_0 = 8.1654e-04
Loss = 7.8805e-04, PNorm = 35.2466, GNorm = 0.4474, lr_0 = 8.1460e-04
Loss = 1.0527e-03, PNorm = 35.2482, GNorm = 0.1462, lr_0 = 8.1267e-04
Loss = 9.2623e-04, PNorm = 35.2499, GNorm = 0.2845, lr_0 = 8.1075e-04
Loss = 1.1031e-03, PNorm = 35.2518, GNorm = 0.3234, lr_0 = 8.0882e-04
Validation mae = nan
Epoch 11
Loss = 1.6451e-03, PNorm = 35.2533, GNorm = 0.5442, lr_0 = 8.0691e-04
Loss = 1.2101e-03, PNorm = 35.2546, GNorm = 0.2525, lr_0 = 8.0499e-04
Loss = 1.5019e-03, PNorm = 35.2567, GNorm = 0.2750, lr_0 = 8.0309e-04
Loss = 9.7529e-04, PNorm = 35.2592, GNorm = 0.3026, lr_0 = 8.0118e-04
Loss = 7.1939e-04, PNorm = 35.2613, GNorm = 0.1973, lr_0 = 7.9928e-04
Loss = 6.9478e-04, PNorm = 35.2631, GNorm = 0.2071, lr_0 = 7.9739e-04
Loss = 5.6153e-04, PNorm = 35.2647, GNorm = 0.1142, lr_0 = 7.9550e-04
Loss = 6.4501e-04, PNorm = 35.2664, GNorm = 0.2823, lr_0 = 7.9361e-04
Loss = 5.8713e-04, PNorm = 35.2681, GNorm = 0.1340, lr_0 = 7.9173e-04
Loss = 5.8569e-04, PNorm = 35.2705, GNorm = 0.2155, lr_0 = 7.8985e-04
Validation mae = nan
Epoch 12
Loss = 3.9765e-04, PNorm = 35.2726, GNorm = 0.0801, lr_0 = 7.8798e-04
Loss = 6.0565e-04, PNorm = 35.2742, GNorm = 0.1919, lr_0 = 7.8611e-04
Loss = 5.0655e-04, PNorm = 35.2763, GNorm = 0.2552, lr_0 = 7.8425e-04
Loss = 8.3895e-04, PNorm = 35.2784, GNorm = 0.2467, lr_0 = 7.8239e-04
Loss = 1.1214e-03, PNorm = 35.2809, GNorm = 0.2799, lr_0 = 7.8054e-04
Loss = 1.5162e-03, PNorm = 35.2821, GNorm = 0.8153, lr_0 = 7.7869e-04
Loss = 1.8965e-03, PNorm = 35.2837, GNorm = 0.2494, lr_0 = 7.7684e-04
Loss = 1.4861e-03, PNorm = 35.2849, GNorm = 0.5003, lr_0 = 7.7500e-04
Loss = 1.1956e-03, PNorm = 35.2869, GNorm = 0.4980, lr_0 = 7.7316e-04
Loss = 2.0204e-03, PNorm = 35.2888, GNorm = 0.3099, lr_0 = 7.7133e-04
Validation mae = nan
Epoch 13
Loss = 1.7706e-03, PNorm = 35.2902, GNorm = 0.4790, lr_0 = 7.6950e-04
Loss = 1.3835e-03, PNorm = 35.2921, GNorm = 0.1358, lr_0 = 7.6768e-04
Loss = 9.9905e-04, PNorm = 35.2939, GNorm = 0.3523, lr_0 = 7.6586e-04
Loss = 7.7919e-04, PNorm = 35.2957, GNorm = 0.1089, lr_0 = 7.6404e-04
Loss = 1.1444e-03, PNorm = 35.2971, GNorm = 0.5405, lr_0 = 7.6223e-04
Loss = 1.2106e-03, PNorm = 35.2981, GNorm = 0.5303, lr_0 = 7.6042e-04
Loss = 8.7443e-04, PNorm = 35.2989, GNorm = 0.1968, lr_0 = 7.5862e-04
Loss = 6.7993e-04, PNorm = 35.2997, GNorm = 0.3072, lr_0 = 7.5682e-04
Loss = 7.2787e-04, PNorm = 35.3010, GNorm = 0.1959, lr_0 = 7.5503e-04
Loss = 1.2208e-03, PNorm = 35.3023, GNorm = 0.4564, lr_0 = 7.5324e-04
Validation mae = nan
Epoch 14
Loss = 1.6438e-03, PNorm = 35.3038, GNorm = 0.4908, lr_0 = 7.5145e-04
Loss = 9.5266e-04, PNorm = 35.3056, GNorm = 0.4709, lr_0 = 7.4967e-04
Loss = 8.8984e-04, PNorm = 35.3074, GNorm = 0.1387, lr_0 = 7.4789e-04
Loss = 8.4609e-04, PNorm = 35.3092, GNorm = 0.3435, lr_0 = 7.4612e-04
Loss = 1.6324e-03, PNorm = 35.3116, GNorm = 0.5545, lr_0 = 7.4435e-04
Loss = 1.3608e-03, PNorm = 35.3135, GNorm = 0.2832, lr_0 = 7.4259e-04
Loss = 7.9650e-04, PNorm = 35.3154, GNorm = 0.2002, lr_0 = 7.4083e-04
Loss = 1.0867e-03, PNorm = 35.3175, GNorm = 0.2720, lr_0 = 7.3907e-04
Loss = 8.5477e-04, PNorm = 35.3205, GNorm = 0.1091, lr_0 = 7.3732e-04
Loss = 5.6808e-04, PNorm = 35.3237, GNorm = 0.1017, lr_0 = 7.3557e-04
Validation mae = nan
Epoch 15
Loss = 4.2901e-04, PNorm = 35.3269, GNorm = 0.1459, lr_0 = 7.3383e-04
Loss = 9.4693e-04, PNorm = 35.3285, GNorm = 0.2537, lr_0 = 7.3209e-04
Loss = 1.2251e-03, PNorm = 35.3292, GNorm = 0.3091, lr_0 = 7.3035e-04
Loss = 1.0981e-03, PNorm = 35.3309, GNorm = 0.2707, lr_0 = 7.2862e-04
Loss = 8.8636e-04, PNorm = 35.3330, GNorm = 0.2018, lr_0 = 7.2690e-04
Loss = 8.8925e-04, PNorm = 35.3342, GNorm = 0.4988, lr_0 = 7.2517e-04
Loss = 8.6596e-04, PNorm = 35.3359, GNorm = 0.1680, lr_0 = 7.2345e-04
Loss = 8.9668e-04, PNorm = 35.3380, GNorm = 0.4130, lr_0 = 7.2174e-04
Loss = 1.1206e-03, PNorm = 35.3393, GNorm = 0.2285, lr_0 = 7.2003e-04
Loss = 1.0074e-03, PNorm = 35.3407, GNorm = 0.2190, lr_0 = 7.1832e-04
Validation mae = nan
Epoch 16
Loss = 5.2637e-04, PNorm = 35.3432, GNorm = 0.2271, lr_0 = 7.1662e-04
Loss = 6.0982e-04, PNorm = 35.3449, GNorm = 0.1348, lr_0 = 7.1492e-04
Loss = 4.1691e-04, PNorm = 35.3466, GNorm = 0.0742, lr_0 = 7.1322e-04
Loss = 4.1860e-04, PNorm = 35.3480, GNorm = 0.1573, lr_0 = 7.1153e-04
Loss = 4.6987e-04, PNorm = 35.3498, GNorm = 0.2441, lr_0 = 7.0985e-04
Loss = 4.9168e-04, PNorm = 35.3519, GNorm = 0.1919, lr_0 = 7.0816e-04
Loss = 4.7150e-04, PNorm = 35.3543, GNorm = 0.1514, lr_0 = 7.0649e-04
Loss = 3.3730e-04, PNorm = 35.3567, GNorm = 0.1858, lr_0 = 7.0481e-04
Loss = 3.4546e-04, PNorm = 35.3581, GNorm = 0.1024, lr_0 = 7.0314e-04
Loss = 3.8171e-04, PNorm = 35.3598, GNorm = 0.0990, lr_0 = 7.0147e-04
Validation mae = nan
Epoch 17
Loss = 3.9378e-04, PNorm = 35.3614, GNorm = 0.1441, lr_0 = 6.9981e-04
Loss = 3.3344e-04, PNorm = 35.3634, GNorm = 0.2059, lr_0 = 6.9815e-04
Loss = 3.7783e-04, PNorm = 35.3649, GNorm = 0.1637, lr_0 = 6.9650e-04
Loss = 3.3377e-04, PNorm = 35.3663, GNorm = 0.0486, lr_0 = 6.9485e-04
Loss = 2.8827e-04, PNorm = 35.3676, GNorm = 0.1482, lr_0 = 6.9320e-04
Loss = 3.3703e-04, PNorm = 35.3686, GNorm = 0.1473, lr_0 = 6.9156e-04
Loss = 3.7751e-04, PNorm = 35.3698, GNorm = 0.1400, lr_0 = 6.8992e-04
Loss = 3.6466e-04, PNorm = 35.3720, GNorm = 0.0828, lr_0 = 6.8828e-04
Loss = 3.6654e-04, PNorm = 35.3747, GNorm = 0.2292, lr_0 = 6.8665e-04
Loss = 3.6422e-04, PNorm = 35.3762, GNorm = 0.2095, lr_0 = 6.8502e-04
Validation mae = nan
Epoch 18
Loss = 6.1420e-04, PNorm = 35.3779, GNorm = 0.2708, lr_0 = 6.8340e-04
Loss = 3.8334e-04, PNorm = 35.3794, GNorm = 0.1704, lr_0 = 6.8178e-04
Loss = 3.1236e-04, PNorm = 35.3813, GNorm = 0.0507, lr_0 = 6.8016e-04
Loss = 3.4697e-04, PNorm = 35.3827, GNorm = 0.2163, lr_0 = 6.7855e-04
Loss = 4.0472e-04, PNorm = 35.3841, GNorm = 0.0953, lr_0 = 6.7694e-04
Loss = 5.0574e-04, PNorm = 35.3859, GNorm = 0.2459, lr_0 = 6.7534e-04
Loss = 1.0489e-03, PNorm = 35.3870, GNorm = 0.4916, lr_0 = 6.7373e-04
Loss = 8.0637e-04, PNorm = 35.3870, GNorm = 0.2560, lr_0 = 6.7214e-04
Loss = 5.0632e-04, PNorm = 35.3879, GNorm = 0.2259, lr_0 = 6.7054e-04
Loss = 4.4572e-04, PNorm = 35.3895, GNorm = 0.0881, lr_0 = 6.6895e-04
Validation mae = nan
Epoch 19
Loss = 7.4527e-04, PNorm = 35.3913, GNorm = 0.2521, lr_0 = 6.6737e-04
Loss = 6.4876e-04, PNorm = 35.3929, GNorm = 0.1679, lr_0 = 6.6579e-04
Loss = 4.7309e-04, PNorm = 35.3941, GNorm = 0.0591, lr_0 = 6.6421e-04
Loss = 5.5044e-04, PNorm = 35.3949, GNorm = 0.2658, lr_0 = 6.6263e-04
Loss = 5.6008e-04, PNorm = 35.3970, GNorm = 0.2124, lr_0 = 6.6106e-04
Loss = 1.0476e-03, PNorm = 35.3989, GNorm = 0.3766, lr_0 = 6.5950e-04
Loss = 2.0206e-03, PNorm = 35.4005, GNorm = 0.2742, lr_0 = 6.5793e-04
Loss = 2.0792e-03, PNorm = 35.4028, GNorm = 0.6305, lr_0 = 6.5637e-04
Loss = 9.8731e-04, PNorm = 35.4051, GNorm = 0.2529, lr_0 = 6.5482e-04
Loss = 5.9047e-04, PNorm = 35.4070, GNorm = 0.2279, lr_0 = 6.5327e-04
Validation mae = nan
Epoch 20
Loss = 4.6367e-04, PNorm = 35.4086, GNorm = 0.1369, lr_0 = 6.5172e-04
Loss = 9.4562e-04, PNorm = 35.4115, GNorm = 0.3031, lr_0 = 6.5017e-04
Loss = 9.1001e-04, PNorm = 35.4132, GNorm = 0.1737, lr_0 = 6.4863e-04
Loss = 5.5018e-04, PNorm = 35.4156, GNorm = 0.1101, lr_0 = 6.4709e-04
Loss = 3.9475e-04, PNorm = 35.4175, GNorm = 0.2634, lr_0 = 6.4556e-04
Loss = 3.1825e-04, PNorm = 35.4192, GNorm = 0.0740, lr_0 = 6.4403e-04
Loss = 3.0997e-04, PNorm = 35.4205, GNorm = 0.0964, lr_0 = 6.4250e-04
Loss = 5.8499e-04, PNorm = 35.4216, GNorm = 0.1546, lr_0 = 6.4098e-04
Loss = 6.5855e-04, PNorm = 35.4228, GNorm = 0.2839, lr_0 = 6.3946e-04
Loss = 4.6076e-04, PNorm = 35.4238, GNorm = 0.1506, lr_0 = 6.3794e-04
Validation mae = nan
Epoch 21
Loss = 4.7457e-04, PNorm = 35.4247, GNorm = 0.2004, lr_0 = 6.3643e-04
Loss = 3.3458e-04, PNorm = 35.4259, GNorm = 0.1021, lr_0 = 6.3492e-04
Loss = 4.0912e-04, PNorm = 35.4268, GNorm = 0.2086, lr_0 = 6.3342e-04
Loss = 3.6139e-04, PNorm = 35.4277, GNorm = 0.0833, lr_0 = 6.3192e-04
Loss = 3.2743e-04, PNorm = 35.4287, GNorm = 0.3276, lr_0 = 6.3042e-04
Loss = 4.8555e-04, PNorm = 35.4306, GNorm = 0.2195, lr_0 = 6.2892e-04
Loss = 4.3771e-04, PNorm = 35.4317, GNorm = 0.2132, lr_0 = 6.2743e-04
Loss = 5.4224e-04, PNorm = 35.4336, GNorm = 0.1660, lr_0 = 6.2595e-04
Loss = 5.7229e-04, PNorm = 35.4355, GNorm = 0.0737, lr_0 = 6.2446e-04
Loss = 8.4179e-04, PNorm = 35.4370, GNorm = 0.4754, lr_0 = 6.2298e-04
Validation mae = nan
Epoch 22
Loss = 2.9225e-04, PNorm = 35.4378, GNorm = 0.1043, lr_0 = 6.2151e-04
Loss = 5.6654e-04, PNorm = 35.4389, GNorm = 0.1677, lr_0 = 6.2003e-04
Loss = 5.6340e-04, PNorm = 35.4413, GNorm = 0.3618, lr_0 = 6.1856e-04
Loss = 3.4746e-04, PNorm = 35.4434, GNorm = 0.2353, lr_0 = 6.1710e-04
Loss = 3.3930e-04, PNorm = 35.4447, GNorm = 0.1058, lr_0 = 6.1563e-04
Loss = 2.7928e-04, PNorm = 35.4458, GNorm = 0.0766, lr_0 = 6.1417e-04
Loss = 3.8038e-04, PNorm = 35.4476, GNorm = 0.2323, lr_0 = 6.1272e-04
Loss = 2.9910e-04, PNorm = 35.4481, GNorm = 0.1387, lr_0 = 6.1127e-04
Loss = 3.6840e-04, PNorm = 35.4490, GNorm = 0.0581, lr_0 = 6.0982e-04
Loss = 5.3302e-04, PNorm = 35.4503, GNorm = 0.2221, lr_0 = 6.0837e-04
Validation mae = nan
Epoch 23
Loss = 5.9544e-04, PNorm = 35.4523, GNorm = 0.2144, lr_0 = 6.0693e-04
Loss = 6.1420e-04, PNorm = 35.4534, GNorm = 0.3955, lr_0 = 6.0549e-04
Loss = 4.9035e-04, PNorm = 35.4551, GNorm = 0.1516, lr_0 = 6.0405e-04
Loss = 3.3983e-04, PNorm = 35.4566, GNorm = 0.0688, lr_0 = 6.0262e-04
Loss = 4.7417e-04, PNorm = 35.4570, GNorm = 0.1243, lr_0 = 6.0119e-04
Loss = 3.3194e-04, PNorm = 35.4578, GNorm = 0.1790, lr_0 = 5.9977e-04
Loss = 2.4729e-04, PNorm = 35.4584, GNorm = 0.1031, lr_0 = 5.9835e-04
Loss = 2.1413e-04, PNorm = 35.4595, GNorm = 0.0512, lr_0 = 5.9693e-04
Loss = 2.1473e-04, PNorm = 35.4609, GNorm = 0.1752, lr_0 = 5.9551e-04
Loss = 2.6717e-04, PNorm = 35.4622, GNorm = 0.0909, lr_0 = 5.9410e-04
Validation mae = nan
Epoch 24
Loss = 2.2257e-04, PNorm = 35.4634, GNorm = 0.1433, lr_0 = 5.9269e-04
Loss = 2.9431e-04, PNorm = 35.4645, GNorm = 0.2826, lr_0 = 5.9129e-04
Loss = 3.2951e-04, PNorm = 35.4656, GNorm = 0.2145, lr_0 = 5.8989e-04
Loss = 2.9452e-04, PNorm = 35.4669, GNorm = 0.0636, lr_0 = 5.8849e-04
Loss = 4.6482e-04, PNorm = 35.4685, GNorm = 0.1992, lr_0 = 5.8709e-04
Loss = 5.8517e-04, PNorm = 35.4710, GNorm = 0.2006, lr_0 = 5.8570e-04
Loss = 4.4982e-04, PNorm = 35.4723, GNorm = 0.2393, lr_0 = 5.8431e-04
Loss = 4.7903e-04, PNorm = 35.4733, GNorm = 0.0812, lr_0 = 5.8293e-04
Loss = 3.3023e-04, PNorm = 35.4743, GNorm = 0.1394, lr_0 = 5.8155e-04
Loss = 2.9607e-04, PNorm = 35.4750, GNorm = 0.2798, lr_0 = 5.8017e-04
Validation mae = nan
Epoch 25
Loss = 2.0464e-04, PNorm = 35.4756, GNorm = 0.0471, lr_0 = 5.7879e-04
Loss = 1.2259e-03, PNorm = 35.4772, GNorm = 0.4511, lr_0 = 5.7742e-04
Loss = 7.6292e-04, PNorm = 35.4797, GNorm = 0.3139, lr_0 = 5.7605e-04
Loss = 1.2814e-03, PNorm = 35.4788, GNorm = 0.6194, lr_0 = 5.7469e-04
Loss = 1.1633e-03, PNorm = 35.4797, GNorm = 0.0792, lr_0 = 5.7332e-04
Loss = 5.6743e-04, PNorm = 35.4813, GNorm = 0.0956, lr_0 = 5.7197e-04
Loss = 3.8947e-04, PNorm = 35.4832, GNorm = 0.0735, lr_0 = 5.7061e-04
Loss = 3.5435e-04, PNorm = 35.4845, GNorm = 0.2263, lr_0 = 5.6926e-04
Loss = 2.8687e-04, PNorm = 35.4854, GNorm = 0.1149, lr_0 = 5.6791e-04
Loss = 2.5734e-04, PNorm = 35.4863, GNorm = 0.0740, lr_0 = 5.6656e-04
Validation mae = nan
Epoch 26
Loss = 5.3339e-04, PNorm = 35.4876, GNorm = 0.1614, lr_0 = 5.6508e-04
Loss = 3.0328e-04, PNorm = 35.4889, GNorm = 0.0623, lr_0 = 5.6374e-04
Loss = 2.4169e-04, PNorm = 35.4895, GNorm = 0.0212, lr_0 = 5.6241e-04
Loss = 2.5772e-04, PNorm = 35.4904, GNorm = 0.0670, lr_0 = 5.6107e-04
Loss = 1.7169e-04, PNorm = 35.4918, GNorm = 0.0949, lr_0 = 5.5974e-04
Loss = 1.9442e-04, PNorm = 35.4935, GNorm = 0.1075, lr_0 = 5.5842e-04
Loss = 2.5285e-04, PNorm = 35.4950, GNorm = 0.2218, lr_0 = 5.5709e-04
Loss = 4.0543e-04, PNorm = 35.4965, GNorm = 0.2170, lr_0 = 5.5577e-04
Loss = 4.4755e-04, PNorm = 35.4963, GNorm = 0.0783, lr_0 = 5.5446e-04
Loss = 5.0421e-04, PNorm = 35.4972, GNorm = 0.3042, lr_0 = 5.5314e-04
Validation mae = nan
Epoch 27
Loss = 3.6189e-04, PNorm = 35.4986, GNorm = 0.0738, lr_0 = 5.5183e-04
Loss = 2.1498e-04, PNorm = 35.4997, GNorm = 0.1033, lr_0 = 5.5052e-04
Loss = 2.7660e-04, PNorm = 35.5012, GNorm = 0.1827, lr_0 = 5.4922e-04
Loss = 2.8393e-04, PNorm = 35.5023, GNorm = 0.0927, lr_0 = 5.4792e-04
Loss = 3.2596e-04, PNorm = 35.5031, GNorm = 0.1750, lr_0 = 5.4662e-04
Loss = 3.6413e-04, PNorm = 35.5039, GNorm = 0.1696, lr_0 = 5.4532e-04
Loss = 2.4237e-04, PNorm = 35.5055, GNorm = 0.1142, lr_0 = 5.4403e-04
Loss = 5.0274e-04, PNorm = 35.5062, GNorm = 0.2182, lr_0 = 5.4274e-04
Loss = 4.3853e-04, PNorm = 35.5069, GNorm = 0.0813, lr_0 = 5.4145e-04
Loss = 2.6449e-04, PNorm = 35.5080, GNorm = 0.0735, lr_0 = 5.4017e-04
Validation mae = nan
Epoch 28
Loss = 2.5125e-04, PNorm = 35.5087, GNorm = 0.1262, lr_0 = 5.3889e-04
Loss = 6.4505e-04, PNorm = 35.5095, GNorm = 0.0575, lr_0 = 5.3761e-04
Loss = 7.4507e-04, PNorm = 35.5113, GNorm = 0.1475, lr_0 = 5.3634e-04
Loss = 5.0628e-04, PNorm = 35.5123, GNorm = 0.2776, lr_0 = 5.3506e-04
Loss = 7.5342e-04, PNorm = 35.5139, GNorm = 0.4163, lr_0 = 5.3380e-04
Loss = 5.8446e-04, PNorm = 35.5158, GNorm = 0.1247, lr_0 = 5.3253e-04
Loss = 3.6887e-04, PNorm = 35.5176, GNorm = 0.1613, lr_0 = 5.3127e-04
Loss = 7.9111e-04, PNorm = 35.5184, GNorm = 0.4795, lr_0 = 5.3001e-04
Loss = 6.4221e-04, PNorm = 35.5197, GNorm = 0.2494, lr_0 = 5.2875e-04
Loss = 4.0285e-04, PNorm = 35.5208, GNorm = 0.0667, lr_0 = 5.2750e-04
Validation mae = nan
Epoch 29
Loss = 4.3595e-04, PNorm = 35.5216, GNorm = 0.2599, lr_0 = 5.2625e-04
Loss = 5.5879e-04, PNorm = 35.5223, GNorm = 0.2544, lr_0 = 5.2500e-04
Loss = 4.6209e-04, PNorm = 35.5241, GNorm = 0.1051, lr_0 = 5.2376e-04
Loss = 3.0956e-04, PNorm = 35.5255, GNorm = 0.2041, lr_0 = 5.2252e-04
Loss = 4.0185e-04, PNorm = 35.5268, GNorm = 0.0556, lr_0 = 5.2128e-04
Loss = 4.0592e-04, PNorm = 35.5280, GNorm = 0.0466, lr_0 = 5.2004e-04
Loss = 3.3488e-04, PNorm = 35.5283, GNorm = 0.0811, lr_0 = 5.1881e-04
Loss = 2.5469e-04, PNorm = 35.5296, GNorm = 0.0445, lr_0 = 5.1758e-04
Loss = 2.8574e-04, PNorm = 35.5307, GNorm = 0.1268, lr_0 = 5.1635e-04
Loss = 3.2453e-04, PNorm = 35.5312, GNorm = 0.1614, lr_0 = 5.1513e-04
Validation mae = nan
Epoch 30
Loss = 2.2115e-04, PNorm = 35.5314, GNorm = 0.1490, lr_0 = 5.1391e-04
Loss = 2.0054e-04, PNorm = 35.5321, GNorm = 0.0832, lr_0 = 5.1269e-04
Loss = 1.8739e-04, PNorm = 35.5335, GNorm = 0.0806, lr_0 = 5.1147e-04
Loss = 2.6951e-04, PNorm = 35.5338, GNorm = 0.1689, lr_0 = 5.1026e-04
Loss = 2.2604e-04, PNorm = 35.5344, GNorm = 0.0486, lr_0 = 5.0905e-04
Loss = 1.8228e-04, PNorm = 35.5351, GNorm = 0.1294, lr_0 = 5.0784e-04
Loss = 2.4009e-04, PNorm = 35.5359, GNorm = 0.1216, lr_0 = 5.0664e-04
Loss = 2.2238e-04, PNorm = 35.5361, GNorm = 0.0990, lr_0 = 5.0544e-04
Loss = 1.9450e-04, PNorm = 35.5368, GNorm = 0.1260, lr_0 = 5.0424e-04
Loss = 2.1460e-04, PNorm = 35.5370, GNorm = 0.1491, lr_0 = 5.0305e-04
Validation mae = nan
Epoch 31
Loss = 4.4692e-04, PNorm = 35.5378, GNorm = 0.2899, lr_0 = 5.0185e-04
Loss = 2.7806e-04, PNorm = 35.5387, GNorm = 0.0494, lr_0 = 5.0066e-04
Loss = 1.9661e-04, PNorm = 35.5394, GNorm = 0.0992, lr_0 = 4.9948e-04
Loss = 1.7795e-04, PNorm = 35.5403, GNorm = 0.0951, lr_0 = 4.9829e-04
Loss = 1.7832e-04, PNorm = 35.5409, GNorm = 0.0511, lr_0 = 4.9711e-04
Loss = 1.9608e-04, PNorm = 35.5413, GNorm = 0.1269, lr_0 = 4.9593e-04
Loss = 1.7458e-04, PNorm = 35.5426, GNorm = 0.0834, lr_0 = 4.9476e-04
Loss = 1.7141e-04, PNorm = 35.5432, GNorm = 0.0619, lr_0 = 4.9359e-04
Loss = 2.3860e-04, PNorm = 35.5434, GNorm = 0.2221, lr_0 = 4.9242e-04
Loss = 4.6931e-04, PNorm = 35.5431, GNorm = 0.3031, lr_0 = 4.9125e-04
Validation mae = nan
Epoch 32
Loss = 2.4776e-04, PNorm = 35.5439, GNorm = 0.1118, lr_0 = 4.9008e-04
Loss = 2.9808e-04, PNorm = 35.5445, GNorm = 0.1702, lr_0 = 4.8892e-04
Loss = 2.2256e-04, PNorm = 35.5447, GNorm = 0.0987, lr_0 = 4.8776e-04
Loss = 2.3551e-04, PNorm = 35.5458, GNorm = 0.0308, lr_0 = 4.8661e-04
Loss = 2.4244e-04, PNorm = 35.5469, GNorm = 0.1590, lr_0 = 4.8545e-04
Loss = 2.6921e-04, PNorm = 35.5478, GNorm = 0.1724, lr_0 = 4.8430e-04
Loss = 2.6693e-04, PNorm = 35.5489, GNorm = 0.1451, lr_0 = 4.8315e-04
Loss = 2.2393e-04, PNorm = 35.5503, GNorm = 0.0924, lr_0 = 4.8201e-04
Loss = 3.3931e-04, PNorm = 35.5516, GNorm = 0.3037, lr_0 = 4.8087e-04
Loss = 5.0419e-04, PNorm = 35.5533, GNorm = 0.2750, lr_0 = 4.7973e-04
Validation mae = nan
Epoch 33
Loss = 3.5562e-04, PNorm = 35.5553, GNorm = 0.0909, lr_0 = 4.7859e-04
Loss = 4.7977e-04, PNorm = 35.5570, GNorm = 0.1509, lr_0 = 4.7745e-04
Loss = 3.6929e-04, PNorm = 35.5579, GNorm = 0.2899, lr_0 = 4.7632e-04
Loss = 5.5494e-04, PNorm = 35.5582, GNorm = 0.1949, lr_0 = 4.7519e-04
Loss = 4.8663e-04, PNorm = 35.5596, GNorm = 0.2101, lr_0 = 4.7407e-04
Loss = 5.4135e-04, PNorm = 35.5609, GNorm = 0.3834, lr_0 = 4.7294e-04
Loss = 8.9964e-04, PNorm = 35.5615, GNorm = 0.1903, lr_0 = 4.7182e-04
Loss = 1.1177e-03, PNorm = 35.5626, GNorm = 0.5188, lr_0 = 4.7070e-04
Loss = 1.1097e-03, PNorm = 35.5639, GNorm = 0.0662, lr_0 = 4.6959e-04
Loss = 9.3209e-04, PNorm = 35.5645, GNorm = 0.1662, lr_0 = 4.6848e-04
Validation mae = nan
Epoch 34
Loss = 5.8643e-04, PNorm = 35.5658, GNorm = 0.1576, lr_0 = 4.6736e-04
Loss = 5.2882e-04, PNorm = 35.5686, GNorm = 0.1529, lr_0 = 4.6626e-04
Loss = 4.9661e-04, PNorm = 35.5710, GNorm = 0.3664, lr_0 = 4.6515e-04
Loss = 7.8822e-04, PNorm = 35.5718, GNorm = 0.3493, lr_0 = 4.6405e-04
Loss = 7.6497e-04, PNorm = 35.5725, GNorm = 0.1084, lr_0 = 4.6295e-04
Loss = 5.8478e-04, PNorm = 35.5739, GNorm = 0.1940, lr_0 = 4.6185e-04
Loss = 2.4752e-04, PNorm = 35.5749, GNorm = 0.2213, lr_0 = 4.6076e-04
Loss = 3.2068e-04, PNorm = 35.5759, GNorm = 0.0884, lr_0 = 4.5966e-04
Loss = 4.6866e-04, PNorm = 35.5762, GNorm = 0.1820, lr_0 = 4.5857e-04
Loss = 7.0132e-04, PNorm = 35.5768, GNorm = 0.2441, lr_0 = 4.5749e-04
Validation mae = nan
Epoch 35
Loss = 6.7993e-04, PNorm = 35.5779, GNorm = 0.2822, lr_0 = 4.5640e-04
Loss = 5.8736e-04, PNorm = 35.5791, GNorm = 0.1639, lr_0 = 4.5532e-04
Loss = 3.6540e-04, PNorm = 35.5808, GNorm = 0.0437, lr_0 = 4.5424e-04
Loss = 2.4045e-04, PNorm = 35.5821, GNorm = 0.0917, lr_0 = 4.5317e-04
Loss = 2.9336e-04, PNorm = 35.5831, GNorm = 0.0796, lr_0 = 4.5209e-04
Loss = 2.9198e-04, PNorm = 35.5839, GNorm = 0.0799, lr_0 = 4.5102e-04
Loss = 2.6380e-04, PNorm = 35.5846, GNorm = 0.0915, lr_0 = 4.4995e-04
Loss = 1.8468e-04, PNorm = 35.5852, GNorm = 0.0502, lr_0 = 4.4888e-04
Loss = 1.7677e-04, PNorm = 35.5857, GNorm = 0.1081, lr_0 = 4.4782e-04
Loss = 2.6410e-04, PNorm = 35.5864, GNorm = 0.1801, lr_0 = 4.4676e-04
Validation mae = nan
Epoch 36
Loss = 1.7977e-04, PNorm = 35.5872, GNorm = 0.0552, lr_0 = 4.4570e-04
Loss = 5.1411e-04, PNorm = 35.5879, GNorm = 0.2897, lr_0 = 4.4464e-04
Loss = 5.5295e-04, PNorm = 35.5887, GNorm = 0.1857, lr_0 = 4.4359e-04
Loss = 3.7656e-04, PNorm = 35.5897, GNorm = 0.0484, lr_0 = 4.4254e-04
Loss = 4.2678e-04, PNorm = 35.5902, GNorm = 0.2142, lr_0 = 4.4149e-04
Loss = 3.5810e-04, PNorm = 35.5914, GNorm = 0.1295, lr_0 = 4.4044e-04
Loss = 3.2582e-04, PNorm = 35.5926, GNorm = 0.2665, lr_0 = 4.3940e-04
Loss = 2.8532e-04, PNorm = 35.5930, GNorm = 0.3899, lr_0 = 4.3836e-04
Loss = 3.5182e-04, PNorm = 35.5933, GNorm = 0.1511, lr_0 = 4.3732e-04
Loss = 5.2196e-04, PNorm = 35.5942, GNorm = 0.1577, lr_0 = 4.3628e-04
Validation mae = nan
Epoch 37
Loss = 7.0438e-04, PNorm = 35.5954, GNorm = 0.2209, lr_0 = 4.3525e-04
Loss = 4.0423e-04, PNorm = 35.5970, GNorm = 0.2446, lr_0 = 4.3421e-04
Loss = 2.8683e-04, PNorm = 35.5978, GNorm = 0.1022, lr_0 = 4.3318e-04
Loss = 1.9189e-04, PNorm = 35.5987, GNorm = 0.0970, lr_0 = 4.3216e-04
Loss = 2.2771e-04, PNorm = 35.5994, GNorm = 0.1103, lr_0 = 4.3113e-04
Loss = 2.2812e-04, PNorm = 35.6001, GNorm = 0.1795, lr_0 = 4.3011e-04
Loss = 1.9406e-04, PNorm = 35.6007, GNorm = 0.0324, lr_0 = 4.2909e-04
Loss = 2.5841e-04, PNorm = 35.6013, GNorm = 0.1788, lr_0 = 4.2807e-04
Loss = 2.3090e-04, PNorm = 35.6027, GNorm = 0.1638, lr_0 = 4.2706e-04
Loss = 2.7878e-04, PNorm = 35.6034, GNorm = 0.0806, lr_0 = 4.2605e-04
Validation mae = nan
Epoch 38
Loss = 4.5610e-04, PNorm = 35.6042, GNorm = 0.2479, lr_0 = 4.2504e-04
Loss = 2.6892e-04, PNorm = 35.6044, GNorm = 0.0818, lr_0 = 4.2403e-04
Loss = 1.7415e-04, PNorm = 35.6053, GNorm = 0.0662, lr_0 = 4.2302e-04
Loss = 1.6039e-04, PNorm = 35.6063, GNorm = 0.0958, lr_0 = 4.2202e-04
Loss = 2.7263e-04, PNorm = 35.6064, GNorm = 0.1872, lr_0 = 4.2102e-04
Loss = 2.5148e-04, PNorm = 35.6067, GNorm = 0.1103, lr_0 = 4.2002e-04
Loss = 2.7856e-04, PNorm = 35.6070, GNorm = 0.2004, lr_0 = 4.1903e-04
Loss = 2.6773e-04, PNorm = 35.6075, GNorm = 0.1783, lr_0 = 4.1803e-04
Loss = 2.3695e-04, PNorm = 35.6086, GNorm = 0.2260, lr_0 = 4.1704e-04
Loss = 2.9955e-04, PNorm = 35.6099, GNorm = 0.0589, lr_0 = 4.1605e-04
Validation mae = nan
Epoch 39
Loss = 3.0093e-04, PNorm = 35.6097, GNorm = 0.2168, lr_0 = 4.1507e-04
Loss = 3.5785e-04, PNorm = 35.6103, GNorm = 0.1601, lr_0 = 4.1408e-04
Loss = 2.7527e-04, PNorm = 35.6117, GNorm = 0.1125, lr_0 = 4.1310e-04
Loss = 3.7357e-04, PNorm = 35.6123, GNorm = 0.1761, lr_0 = 4.1212e-04
Loss = 3.2650e-04, PNorm = 35.6132, GNorm = 0.0390, lr_0 = 4.1115e-04
Loss = 4.2550e-04, PNorm = 35.6143, GNorm = 0.2582, lr_0 = 4.1017e-04
Loss = 3.8077e-04, PNorm = 35.6152, GNorm = 0.0831, lr_0 = 4.0920e-04
Loss = 2.5943e-04, PNorm = 35.6165, GNorm = 0.0406, lr_0 = 4.0823e-04
Loss = 3.3766e-04, PNorm = 35.6177, GNorm = 0.1585, lr_0 = 4.0726e-04
Loss = 3.1769e-04, PNorm = 35.6185, GNorm = 0.1899, lr_0 = 4.0630e-04
Validation mae = nan
Epoch 40
Loss = 2.2996e-04, PNorm = 35.6182, GNorm = 0.0696, lr_0 = 4.0533e-04
Loss = 2.0479e-04, PNorm = 35.6187, GNorm = 0.0354, lr_0 = 4.0437e-04
Loss = 1.6188e-04, PNorm = 35.6193, GNorm = 0.1073, lr_0 = 4.0341e-04
Loss = 2.1775e-04, PNorm = 35.6198, GNorm = 0.1150, lr_0 = 4.0246e-04
Loss = 1.9598e-04, PNorm = 35.6202, GNorm = 0.1227, lr_0 = 4.0150e-04
Loss = 1.9688e-04, PNorm = 35.6209, GNorm = 0.1235, lr_0 = 4.0055e-04
Loss = 1.7047e-04, PNorm = 35.6212, GNorm = 0.1369, lr_0 = 3.9960e-04
Loss = 2.1509e-04, PNorm = 35.6218, GNorm = 0.1848, lr_0 = 3.9866e-04
Loss = 5.5090e-04, PNorm = 35.6221, GNorm = 0.3736, lr_0 = 3.9771e-04
Loss = 4.1203e-04, PNorm = 35.6228, GNorm = 0.2478, lr_0 = 3.9677e-04
Validation mae = nan
Epoch 41
Loss = 2.6930e-04, PNorm = 35.6242, GNorm = 0.1268, lr_0 = 3.9583e-04
Loss = 6.8339e-04, PNorm = 35.6249, GNorm = 0.1683, lr_0 = 3.9489e-04
Loss = 3.3790e-04, PNorm = 35.6258, GNorm = 0.0767, lr_0 = 3.9395e-04
Loss = 3.2979e-04, PNorm = 35.6266, GNorm = 0.1960, lr_0 = 3.9302e-04
Loss = 2.1622e-04, PNorm = 35.6264, GNorm = 0.0390, lr_0 = 3.9209e-04
Loss = 2.0787e-04, PNorm = 35.6271, GNorm = 0.0725, lr_0 = 3.9116e-04
Loss = 2.0906e-04, PNorm = 35.6281, GNorm = 0.1062, lr_0 = 3.9023e-04
Loss = 1.2896e-04, PNorm = 35.6282, GNorm = 0.0612, lr_0 = 3.8931e-04
Loss = 1.2722e-04, PNorm = 35.6283, GNorm = 0.1138, lr_0 = 3.8838e-04
Loss = 2.1888e-04, PNorm = 35.6292, GNorm = 0.0653, lr_0 = 3.8746e-04
Validation mae = nan
Epoch 42
Loss = 1.5514e-04, PNorm = 35.6303, GNorm = 0.0562, lr_0 = 3.8654e-04
Loss = 1.2331e-04, PNorm = 35.6306, GNorm = 0.0577, lr_0 = 3.8563e-04
Loss = 1.5376e-04, PNorm = 35.6314, GNorm = 0.0591, lr_0 = 3.8471e-04
Loss = 1.2381e-04, PNorm = 35.6315, GNorm = 0.0637, lr_0 = 3.8380e-04
Loss = 1.2857e-04, PNorm = 35.6319, GNorm = 0.0923, lr_0 = 3.8289e-04
Loss = 1.7196e-04, PNorm = 35.6324, GNorm = 0.1677, lr_0 = 3.8198e-04
Loss = 1.6105e-04, PNorm = 35.6331, GNorm = 0.1101, lr_0 = 3.8108e-04
Loss = 1.1339e-04, PNorm = 35.6341, GNorm = 0.0530, lr_0 = 3.8017e-04
Loss = 1.6290e-04, PNorm = 35.6349, GNorm = 0.0293, lr_0 = 3.7927e-04
Loss = 1.3661e-04, PNorm = 35.6354, GNorm = 0.0545, lr_0 = 3.7837e-04
Validation mae = nan
Epoch 43
Loss = 1.1593e-04, PNorm = 35.6364, GNorm = 0.0596, lr_0 = 3.7748e-04
Loss = 1.5640e-04, PNorm = 35.6370, GNorm = 0.0751, lr_0 = 3.7658e-04
Loss = 1.7644e-04, PNorm = 35.6377, GNorm = 0.0567, lr_0 = 3.7569e-04
Loss = 1.9913e-04, PNorm = 35.6383, GNorm = 0.0532, lr_0 = 3.7480e-04
Loss = 1.2501e-04, PNorm = 35.6387, GNorm = 0.0383, lr_0 = 3.7391e-04
Loss = 1.1523e-04, PNorm = 35.6391, GNorm = 0.0463, lr_0 = 3.7302e-04
Loss = 1.7284e-04, PNorm = 35.6396, GNorm = 0.0614, lr_0 = 3.7214e-04
Loss = 2.4777e-04, PNorm = 35.6404, GNorm = 0.0596, lr_0 = 3.7126e-04
Loss = 2.4491e-04, PNorm = 35.6395, GNorm = 0.1117, lr_0 = 3.7038e-04
Loss = 2.3677e-04, PNorm = 35.6394, GNorm = 0.1721, lr_0 = 3.6950e-04
Validation mae = nan
Epoch 44
Loss = 3.6252e-04, PNorm = 35.6401, GNorm = 0.1655, lr_0 = 3.6862e-04
Loss = 2.7929e-04, PNorm = 35.6406, GNorm = 0.0874, lr_0 = 3.6775e-04
Loss = 3.6149e-04, PNorm = 35.6409, GNorm = 0.1503, lr_0 = 3.6688e-04
Loss = 4.5010e-04, PNorm = 35.6408, GNorm = 0.3851, lr_0 = 3.6601e-04
Loss = 5.4690e-04, PNorm = 35.6423, GNorm = 0.0768, lr_0 = 3.6514e-04
Loss = 3.6046e-04, PNorm = 35.6431, GNorm = 0.1396, lr_0 = 3.6428e-04
Loss = 2.6613e-04, PNorm = 35.6438, GNorm = 0.0893, lr_0 = 3.6341e-04
Loss = 3.3426e-04, PNorm = 35.6450, GNorm = 0.1250, lr_0 = 3.6255e-04
Loss = 2.4448e-04, PNorm = 35.6461, GNorm = 0.1654, lr_0 = 3.6169e-04
Loss = 1.9611e-04, PNorm = 35.6463, GNorm = 0.1400, lr_0 = 3.6083e-04
Validation mae = nan
Epoch 45
Loss = 1.1390e-04, PNorm = 35.6473, GNorm = 0.0340, lr_0 = 3.5998e-04
Loss = 1.7038e-04, PNorm = 35.6484, GNorm = 0.0792, lr_0 = 3.5913e-04
Loss = 3.3386e-04, PNorm = 35.6489, GNorm = 0.1418, lr_0 = 3.5827e-04
Loss = 5.7944e-04, PNorm = 35.6494, GNorm = 0.5569, lr_0 = 3.5742e-04
Loss = 6.5145e-04, PNorm = 35.6493, GNorm = 0.1551, lr_0 = 3.5658e-04
Loss = 4.1067e-04, PNorm = 35.6504, GNorm = 0.1660, lr_0 = 3.5573e-04
Loss = 1.9070e-04, PNorm = 35.6514, GNorm = 0.0546, lr_0 = 3.5489e-04
Loss = 1.7620e-04, PNorm = 35.6527, GNorm = 0.1356, lr_0 = 3.5405e-04
Loss = 2.0289e-04, PNorm = 35.6544, GNorm = 0.2265, lr_0 = 3.5321e-04
Loss = 2.3727e-04, PNorm = 35.6549, GNorm = 0.1038, lr_0 = 3.5237e-04
Validation mae = nan
Epoch 46
Loss = 1.7185e-04, PNorm = 35.6552, GNorm = 0.1162, lr_0 = 3.5154e-04
Loss = 1.7951e-04, PNorm = 35.6564, GNorm = 0.0729, lr_0 = 3.5070e-04
Loss = 1.7618e-04, PNorm = 35.6571, GNorm = 0.1315, lr_0 = 3.4987e-04
Loss = 1.5312e-04, PNorm = 35.6577, GNorm = 0.0437, lr_0 = 3.4904e-04
Loss = 1.0779e-04, PNorm = 35.6578, GNorm = 0.0326, lr_0 = 3.4821e-04
Loss = 1.9532e-04, PNorm = 35.6582, GNorm = 0.1356, lr_0 = 3.4739e-04
Loss = 5.1348e-04, PNorm = 35.6595, GNorm = 0.4227, lr_0 = 3.4657e-04
Loss = 3.4418e-04, PNorm = 35.6611, GNorm = 0.1017, lr_0 = 3.4574e-04
Loss = 2.7576e-04, PNorm = 35.6618, GNorm = 0.1185, lr_0 = 3.4492e-04
Loss = 2.0547e-04, PNorm = 35.6634, GNorm = 0.1178, lr_0 = 3.4411e-04
Validation mae = nan
Epoch 47
Loss = 1.6112e-04, PNorm = 35.6637, GNorm = 0.1100, lr_0 = 3.4329e-04
Loss = 1.4042e-04, PNorm = 35.6646, GNorm = 0.1009, lr_0 = 3.4248e-04
Loss = 1.7842e-04, PNorm = 35.6653, GNorm = 0.0934, lr_0 = 3.4167e-04
Loss = 1.1126e-04, PNorm = 35.6655, GNorm = 0.0236, lr_0 = 3.4086e-04
Loss = 1.1823e-04, PNorm = 35.6658, GNorm = 0.0191, lr_0 = 3.4005e-04
Loss = 2.1182e-04, PNorm = 35.6657, GNorm = 0.1131, lr_0 = 3.3924e-04
Loss = 2.3296e-04, PNorm = 35.6664, GNorm = 0.1663, lr_0 = 3.3844e-04
Loss = 1.8305e-04, PNorm = 35.6676, GNorm = 0.0663, lr_0 = 3.3764e-04
Loss = 1.3394e-04, PNorm = 35.6684, GNorm = 0.0628, lr_0 = 3.3683e-04
Loss = 1.2044e-04, PNorm = 35.6694, GNorm = 0.0706, lr_0 = 3.3604e-04
Validation mae = nan
Epoch 48
Loss = 1.0758e-04, PNorm = 35.6699, GNorm = 0.0580, lr_0 = 3.3524e-04
Loss = 1.4146e-04, PNorm = 35.6704, GNorm = 0.1143, lr_0 = 3.3445e-04
Loss = 1.6638e-04, PNorm = 35.6708, GNorm = 0.1456, lr_0 = 3.3365e-04
Loss = 1.6898e-04, PNorm = 35.6707, GNorm = 0.0302, lr_0 = 3.3286e-04
Loss = 1.0244e-04, PNorm = 35.6711, GNorm = 0.0534, lr_0 = 3.3207e-04
Loss = 1.2468e-04, PNorm = 35.6715, GNorm = 0.0420, lr_0 = 3.3129e-04
Loss = 1.9374e-04, PNorm = 35.6716, GNorm = 0.1311, lr_0 = 3.3050e-04
Loss = 1.9010e-04, PNorm = 35.6723, GNorm = 0.0693, lr_0 = 3.2972e-04
Loss = 2.9790e-04, PNorm = 35.6732, GNorm = 0.1592, lr_0 = 3.2893e-04
Loss = 2.7573e-04, PNorm = 35.6743, GNorm = 0.0600, lr_0 = 3.2816e-04
Validation mae = nan
Epoch 49
Loss = 2.2927e-04, PNorm = 35.6756, GNorm = 0.2072, lr_0 = 3.2738e-04
Loss = 1.9271e-04, PNorm = 35.6761, GNorm = 0.1633, lr_0 = 3.2660e-04
Loss = 2.3109e-04, PNorm = 35.6767, GNorm = 0.1262, lr_0 = 3.2583e-04
Loss = 2.5098e-04, PNorm = 35.6764, GNorm = 0.1537, lr_0 = 3.2505e-04
Loss = 2.6947e-04, PNorm = 35.6761, GNorm = 0.1972, lr_0 = 3.2428e-04
Loss = 3.9402e-04, PNorm = 35.6768, GNorm = 0.1741, lr_0 = 3.2352e-04
Loss = 2.9544e-04, PNorm = 35.6781, GNorm = 0.0351, lr_0 = 3.2275e-04
Loss = 2.6015e-04, PNorm = 35.6787, GNorm = 0.0369, lr_0 = 3.2198e-04
Loss = 2.8107e-04, PNorm = 35.6798, GNorm = 0.1313, lr_0 = 3.2122e-04
Loss = 2.4484e-04, PNorm = 35.6804, GNorm = 0.1396, lr_0 = 3.2046e-04
Validation mae = nan
Epoch 50
Loss = 2.5446e-04, PNorm = 35.6810, GNorm = 0.1173, lr_0 = 3.1970e-04
Loss = 2.1742e-04, PNorm = 35.6815, GNorm = 0.1484, lr_0 = 3.1894e-04
Loss = 3.5702e-04, PNorm = 35.6819, GNorm = 0.1519, lr_0 = 3.1819e-04
Loss = 2.0809e-04, PNorm = 35.6819, GNorm = 0.0583, lr_0 = 3.1743e-04
Loss = 1.8616e-04, PNorm = 35.6826, GNorm = 0.0505, lr_0 = 3.1668e-04
Loss = 1.6710e-04, PNorm = 35.6828, GNorm = 0.0790, lr_0 = 3.1593e-04
Loss = 1.4578e-04, PNorm = 35.6832, GNorm = 0.0837, lr_0 = 3.1518e-04
Loss = 1.3020e-04, PNorm = 35.6838, GNorm = 0.0598, lr_0 = 3.1443e-04
Loss = 1.7604e-04, PNorm = 35.6842, GNorm = 0.1560, lr_0 = 3.1369e-04
Loss = 1.8308e-04, PNorm = 35.6844, GNorm = 0.1169, lr_0 = 3.1294e-04
Validation mae = nan
Epoch 51
Loss = 1.2994e-04, PNorm = 35.6844, GNorm = 0.1006, lr_0 = 3.1213e-04
Loss = 1.1270e-04, PNorm = 35.6849, GNorm = 0.0642, lr_0 = 3.1139e-04
Loss = 1.5483e-04, PNorm = 35.6856, GNorm = 0.1314, lr_0 = 3.1065e-04
Loss = 1.7383e-04, PNorm = 35.6861, GNorm = 0.0664, lr_0 = 3.0991e-04
Loss = 1.5044e-04, PNorm = 35.6868, GNorm = 0.0247, lr_0 = 3.0918e-04
Loss = 1.1232e-04, PNorm = 35.6874, GNorm = 0.0509, lr_0 = 3.0844e-04
Loss = 1.1785e-04, PNorm = 35.6882, GNorm = 0.1501, lr_0 = 3.0771e-04
Loss = 1.6059e-04, PNorm = 35.6892, GNorm = 0.0593, lr_0 = 3.0698e-04
Loss = 1.7344e-04, PNorm = 35.6897, GNorm = 0.0740, lr_0 = 3.0626e-04
Loss = 1.5565e-04, PNorm = 35.6904, GNorm = 0.1320, lr_0 = 3.0553e-04
Validation mae = nan
Epoch 52
Loss = 1.9832e-04, PNorm = 35.6909, GNorm = 0.0879, lr_0 = 3.0481e-04
Loss = 2.1263e-04, PNorm = 35.6912, GNorm = 0.1466, lr_0 = 3.0408e-04
Loss = 3.2532e-04, PNorm = 35.6918, GNorm = 0.2294, lr_0 = 3.0336e-04
Loss = 5.3568e-04, PNorm = 35.6913, GNorm = 0.0786, lr_0 = 3.0264e-04
Loss = 4.0576e-04, PNorm = 35.6912, GNorm = 0.1317, lr_0 = 3.0193e-04
Loss = 3.2235e-04, PNorm = 35.6922, GNorm = 0.1423, lr_0 = 3.0121e-04
Loss = 1.5865e-04, PNorm = 35.6934, GNorm = 0.0952, lr_0 = 3.0050e-04
Loss = 1.3219e-04, PNorm = 35.6939, GNorm = 0.1056, lr_0 = 2.9978e-04
Loss = 1.2080e-04, PNorm = 35.6943, GNorm = 0.0888, lr_0 = 2.9907e-04
Loss = 1.2890e-04, PNorm = 35.6945, GNorm = 0.0416, lr_0 = 2.9836e-04
Validation mae = nan
Epoch 53
Loss = 9.1815e-05, PNorm = 35.6954, GNorm = 0.0518, lr_0 = 2.9766e-04
Loss = 2.1432e-04, PNorm = 35.6957, GNorm = 0.1778, lr_0 = 2.9695e-04
Loss = 2.6389e-04, PNorm = 35.6961, GNorm = 0.0552, lr_0 = 2.9625e-04
Loss = 2.3506e-04, PNorm = 35.6969, GNorm = 0.0725, lr_0 = 2.9555e-04
Loss = 3.0314e-04, PNorm = 35.6980, GNorm = 0.2131, lr_0 = 2.9485e-04
Loss = 3.1589e-04, PNorm = 35.6989, GNorm = 0.1691, lr_0 = 2.9415e-04
Loss = 2.8560e-04, PNorm = 35.6998, GNorm = 0.0499, lr_0 = 2.9345e-04
Loss = 1.4629e-04, PNorm = 35.7006, GNorm = 0.1056, lr_0 = 2.9275e-04
Loss = 1.5842e-04, PNorm = 35.7008, GNorm = 0.1576, lr_0 = 2.9206e-04
Loss = 1.4149e-04, PNorm = 35.7013, GNorm = 0.0475, lr_0 = 2.9137e-04
Validation mae = nan
Epoch 54
Loss = 1.3398e-04, PNorm = 35.7019, GNorm = 0.0457, lr_0 = 2.9068e-04
Loss = 1.2184e-04, PNorm = 35.7022, GNorm = 0.0768, lr_0 = 2.8999e-04
Loss = 1.3248e-04, PNorm = 35.7027, GNorm = 0.0694, lr_0 = 2.8930e-04
Loss = 2.0573e-04, PNorm = 35.7033, GNorm = 0.1597, lr_0 = 2.8861e-04
Loss = 1.1869e-04, PNorm = 35.7039, GNorm = 0.0275, lr_0 = 2.8793e-04
Loss = 1.4333e-04, PNorm = 35.7046, GNorm = 0.0682, lr_0 = 2.8725e-04
Loss = 1.2215e-04, PNorm = 35.7053, GNorm = 0.0491, lr_0 = 2.8657e-04
Loss = 9.7603e-05, PNorm = 35.7056, GNorm = 0.0660, lr_0 = 2.8589e-04
Loss = 1.0242e-04, PNorm = 35.7057, GNorm = 0.0265, lr_0 = 2.8521e-04
Loss = 1.2336e-04, PNorm = 35.7060, GNorm = 0.0595, lr_0 = 2.8453e-04
Validation mae = nan
Epoch 55
Loss = 1.0765e-04, PNorm = 35.7062, GNorm = 0.0974, lr_0 = 2.8386e-04
Loss = 1.0837e-04, PNorm = 35.7066, GNorm = 0.1104, lr_0 = 2.8319e-04
Loss = 9.6344e-05, PNorm = 35.7071, GNorm = 0.0540, lr_0 = 2.8251e-04
Loss = 1.0236e-04, PNorm = 35.7075, GNorm = 0.0603, lr_0 = 2.8184e-04
Loss = 1.1412e-04, PNorm = 35.7079, GNorm = 0.1121, lr_0 = 2.8118e-04
Loss = 1.6533e-04, PNorm = 35.7083, GNorm = 0.0685, lr_0 = 2.8051e-04
Loss = 1.7008e-04, PNorm = 35.7088, GNorm = 0.0826, lr_0 = 2.7985e-04
Loss = 1.3374e-04, PNorm = 35.7097, GNorm = 0.0771, lr_0 = 2.7918e-04
Loss = 1.3288e-04, PNorm = 35.7100, GNorm = 0.0664, lr_0 = 2.7852e-04
Loss = 1.2293e-04, PNorm = 35.7104, GNorm = 0.0531, lr_0 = 2.7786e-04
Validation mae = nan
Epoch 56
Loss = 8.2762e-05, PNorm = 35.7112, GNorm = 0.0434, lr_0 = 2.7720e-04
Loss = 1.0729e-04, PNorm = 35.7113, GNorm = 0.1414, lr_0 = 2.7654e-04
Loss = 1.2185e-04, PNorm = 35.7111, GNorm = 0.1470, lr_0 = 2.7589e-04
Loss = 1.6347e-04, PNorm = 35.7112, GNorm = 0.0332, lr_0 = 2.7523e-04
Loss = 3.9272e-04, PNorm = 35.7119, GNorm = 0.1606, lr_0 = 2.7458e-04
Loss = 4.0729e-04, PNorm = 35.7124, GNorm = 0.1051, lr_0 = 2.7393e-04
Loss = 4.7482e-04, PNorm = 35.7128, GNorm = 0.1348, lr_0 = 2.7328e-04
Loss = 3.2221e-04, PNorm = 35.7143, GNorm = 0.1902, lr_0 = 2.7263e-04
Loss = 2.1175e-04, PNorm = 35.7154, GNorm = 0.0768, lr_0 = 2.7199e-04
Loss = 1.9677e-04, PNorm = 35.7159, GNorm = 0.0643, lr_0 = 2.7134e-04
Validation mae = nan
Epoch 57
Loss = 3.5350e-04, PNorm = 35.7166, GNorm = 0.1331, lr_0 = 2.7070e-04
Loss = 3.0807e-04, PNorm = 35.7166, GNorm = 0.2772, lr_0 = 2.7006e-04
Loss = 2.7359e-04, PNorm = 35.7176, GNorm = 0.1489, lr_0 = 2.6942e-04
Loss = 1.8205e-04, PNorm = 35.7183, GNorm = 0.1001, lr_0 = 2.6878e-04
Loss = 1.5272e-04, PNorm = 35.7186, GNorm = 0.0536, lr_0 = 2.6814e-04
Loss = 1.4119e-04, PNorm = 35.7192, GNorm = 0.0524, lr_0 = 2.6751e-04
Loss = 1.6917e-04, PNorm = 35.7202, GNorm = 0.0725, lr_0 = 2.6687e-04
Loss = 1.3740e-04, PNorm = 35.7213, GNorm = 0.0399, lr_0 = 2.6624e-04
Loss = 9.4129e-05, PNorm = 35.7227, GNorm = 0.0717, lr_0 = 2.6561e-04
Loss = 8.2083e-05, PNorm = 35.7235, GNorm = 0.0275, lr_0 = 2.6498e-04
Validation mae = nan
Epoch 58
Loss = 8.3969e-05, PNorm = 35.7238, GNorm = 0.0245, lr_0 = 2.6435e-04
Loss = 1.1133e-04, PNorm = 35.7242, GNorm = 0.0583, lr_0 = 2.6372e-04
Loss = 9.4679e-05, PNorm = 35.7245, GNorm = 0.1086, lr_0 = 2.6310e-04
Loss = 1.0754e-04, PNorm = 35.7247, GNorm = 0.1039, lr_0 = 2.6248e-04
Loss = 1.2337e-04, PNorm = 35.7250, GNorm = 0.0939, lr_0 = 2.6185e-04
Loss = 9.9029e-05, PNorm = 35.7250, GNorm = 0.1330, lr_0 = 2.6123e-04
Loss = 1.1040e-04, PNorm = 35.7254, GNorm = 0.1160, lr_0 = 2.6061e-04
Loss = 1.2055e-04, PNorm = 35.7260, GNorm = 0.1093, lr_0 = 2.6000e-04
Loss = 1.1891e-04, PNorm = 35.7260, GNorm = 0.0634, lr_0 = 2.5938e-04
Loss = 1.3039e-04, PNorm = 35.7264, GNorm = 0.0494, lr_0 = 2.5876e-04
Validation mae = nan
Epoch 59
Loss = 1.3761e-04, PNorm = 35.7269, GNorm = 0.1084, lr_0 = 2.5815e-04
Loss = 1.2481e-04, PNorm = 35.7273, GNorm = 0.0504, lr_0 = 2.5754e-04
Loss = 9.9951e-05, PNorm = 35.7284, GNorm = 0.0391, lr_0 = 2.5693e-04
Loss = 1.2183e-04, PNorm = 35.7287, GNorm = 0.0387, lr_0 = 2.5632e-04
Loss = 9.9346e-05, PNorm = 35.7285, GNorm = 0.0850, lr_0 = 2.5571e-04
Loss = 1.2728e-04, PNorm = 35.7284, GNorm = 0.0537, lr_0 = 2.5511e-04
Loss = 1.7645e-04, PNorm = 35.7288, GNorm = 0.0354, lr_0 = 2.5450e-04
Loss = 3.1300e-04, PNorm = 35.7298, GNorm = 0.2173, lr_0 = 2.5390e-04
Loss = 5.6581e-04, PNorm = 35.7310, GNorm = 0.2471, lr_0 = 2.5330e-04
Loss = 2.9587e-04, PNorm = 35.7325, GNorm = 0.2258, lr_0 = 2.5270e-04
Validation mae = nan
Epoch 60
Loss = 2.3175e-04, PNorm = 35.7335, GNorm = 0.1436, lr_0 = 2.5210e-04
Loss = 2.2315e-04, PNorm = 35.7340, GNorm = 0.1068, lr_0 = 2.5150e-04
Loss = 1.7005e-04, PNorm = 35.7344, GNorm = 0.0285, lr_0 = 2.5090e-04
Loss = 1.7542e-04, PNorm = 35.7351, GNorm = 0.0380, lr_0 = 2.5031e-04
Loss = 1.8971e-04, PNorm = 35.7352, GNorm = 0.0936, lr_0 = 2.4971e-04
Loss = 1.5619e-04, PNorm = 35.7354, GNorm = 0.0776, lr_0 = 2.4912e-04
Loss = 1.1166e-04, PNorm = 35.7356, GNorm = 0.0634, lr_0 = 2.4853e-04
Loss = 1.2203e-04, PNorm = 35.7357, GNorm = 0.0754, lr_0 = 2.4794e-04
Loss = 8.7833e-05, PNorm = 35.7360, GNorm = 0.0264, lr_0 = 2.4736e-04
Loss = 1.0311e-04, PNorm = 35.7364, GNorm = 0.0400, lr_0 = 2.4677e-04
Validation mae = nan
Epoch 61
Loss = 9.5898e-05, PNorm = 35.7373, GNorm = 0.0623, lr_0 = 2.4618e-04
Loss = 1.0241e-04, PNorm = 35.7379, GNorm = 0.0659, lr_0 = 2.4560e-04
Loss = 1.5202e-04, PNorm = 35.7387, GNorm = 0.1229, lr_0 = 2.4502e-04
Loss = 1.4609e-04, PNorm = 35.7390, GNorm = 0.0540, lr_0 = 2.4444e-04
Loss = 2.1358e-04, PNorm = 35.7395, GNorm = 0.1588, lr_0 = 2.4386e-04
Loss = 1.1816e-04, PNorm = 35.7405, GNorm = 0.0744, lr_0 = 2.4328e-04
Loss = 1.0887e-04, PNorm = 35.7409, GNorm = 0.0504, lr_0 = 2.4270e-04
Loss = 1.2290e-04, PNorm = 35.7410, GNorm = 0.1399, lr_0 = 2.4213e-04
Loss = 1.0205e-04, PNorm = 35.7412, GNorm = 0.0484, lr_0 = 2.4155e-04
Loss = 1.2438e-04, PNorm = 35.7413, GNorm = 0.0525, lr_0 = 2.4098e-04
Validation mae = nan
Epoch 62
Loss = 1.1394e-04, PNorm = 35.7414, GNorm = 0.1054, lr_0 = 2.4041e-04
Loss = 1.0415e-04, PNorm = 35.7418, GNorm = 0.0257, lr_0 = 2.3984e-04
Loss = 8.6218e-05, PNorm = 35.7422, GNorm = 0.0533, lr_0 = 2.3927e-04
Loss = 1.2446e-04, PNorm = 35.7426, GNorm = 0.0844, lr_0 = 2.3870e-04
Loss = 9.9903e-05, PNorm = 35.7432, GNorm = 0.0917, lr_0 = 2.3814e-04
Loss = 9.9767e-05, PNorm = 35.7434, GNorm = 0.0590, lr_0 = 2.3757e-04
Loss = 1.3164e-04, PNorm = 35.7438, GNorm = 0.1094, lr_0 = 2.3701e-04
Loss = 1.0207e-04, PNorm = 35.7436, GNorm = 0.0666, lr_0 = 2.3645e-04
Loss = 1.0691e-04, PNorm = 35.7440, GNorm = 0.0554, lr_0 = 2.3589e-04
Loss = 1.6888e-04, PNorm = 35.7446, GNorm = 0.0654, lr_0 = 2.3533e-04
Validation mae = nan
Epoch 63
Loss = 1.6585e-04, PNorm = 35.7449, GNorm = 0.1350, lr_0 = 2.3477e-04
Loss = 1.3500e-04, PNorm = 35.7452, GNorm = 0.0979, lr_0 = 2.3421e-04
Loss = 2.2963e-04, PNorm = 35.7458, GNorm = 0.2068, lr_0 = 2.3366e-04
Loss = 2.4250e-04, PNorm = 35.7469, GNorm = 0.0674, lr_0 = 2.3311e-04
Loss = 3.3981e-04, PNorm = 35.7478, GNorm = 0.1851, lr_0 = 2.3255e-04
Loss = 1.8777e-04, PNorm = 35.7472, GNorm = 0.0768, lr_0 = 2.3200e-04
Loss = 1.5456e-04, PNorm = 35.7473, GNorm = 0.0953, lr_0 = 2.3145e-04
Loss = 2.5797e-04, PNorm = 35.7480, GNorm = 0.0908, lr_0 = 2.3090e-04
Loss = 2.7755e-04, PNorm = 35.7481, GNorm = 0.1945, lr_0 = 2.3036e-04
Loss = 2.0717e-04, PNorm = 35.7483, GNorm = 0.1826, lr_0 = 2.2981e-04
Validation mae = nan
Epoch 64
Loss = 5.2066e-04, PNorm = 35.7487, GNorm = 0.2779, lr_0 = 2.2927e-04
Loss = 2.8999e-04, PNorm = 35.7489, GNorm = 0.1506, lr_0 = 2.2872e-04
Loss = 2.0497e-04, PNorm = 35.7496, GNorm = 0.1163, lr_0 = 2.2818e-04
Loss = 2.1289e-04, PNorm = 35.7504, GNorm = 0.1114, lr_0 = 2.2764e-04
Loss = 1.6018e-04, PNorm = 35.7507, GNorm = 0.1279, lr_0 = 2.2710e-04
Loss = 1.8731e-04, PNorm = 35.7515, GNorm = 0.1073, lr_0 = 2.2656e-04
Loss = 1.4153e-04, PNorm = 35.7523, GNorm = 0.0820, lr_0 = 2.2602e-04
Loss = 1.3070e-04, PNorm = 35.7534, GNorm = 0.1116, lr_0 = 2.2549e-04
Loss = 1.1201e-04, PNorm = 35.7540, GNorm = 0.0193, lr_0 = 2.2495e-04
Loss = 1.0844e-04, PNorm = 35.7544, GNorm = 0.0627, lr_0 = 2.2442e-04
Validation mae = nan
Epoch 65
Loss = 1.7128e-04, PNorm = 35.7552, GNorm = 0.2002, lr_0 = 2.2389e-04
Loss = 1.2302e-04, PNorm = 35.7555, GNorm = 0.1431, lr_0 = 2.2336e-04
Loss = 1.0491e-04, PNorm = 35.7556, GNorm = 0.0734, lr_0 = 2.2283e-04
Loss = 8.2091e-05, PNorm = 35.7562, GNorm = 0.0323, lr_0 = 2.2230e-04
Loss = 8.3988e-05, PNorm = 35.7566, GNorm = 0.0425, lr_0 = 2.2177e-04
Loss = 7.1422e-05, PNorm = 35.7571, GNorm = 0.0720, lr_0 = 2.2125e-04
Loss = 7.9348e-05, PNorm = 35.7575, GNorm = 0.0616, lr_0 = 2.2072e-04
Loss = 9.4468e-05, PNorm = 35.7578, GNorm = 0.0598, lr_0 = 2.2020e-04
Loss = 9.7687e-05, PNorm = 35.7580, GNorm = 0.1086, lr_0 = 2.1968e-04
Loss = 8.3356e-05, PNorm = 35.7580, GNorm = 0.0378, lr_0 = 2.1916e-04
Validation mae = nan
Epoch 66
Loss = 1.0557e-04, PNorm = 35.7582, GNorm = 0.0569, lr_0 = 2.1864e-04
Loss = 7.9333e-05, PNorm = 35.7586, GNorm = 0.0518, lr_0 = 2.1812e-04
Loss = 1.0406e-04, PNorm = 35.7591, GNorm = 0.0971, lr_0 = 2.1760e-04
Loss = 1.2071e-04, PNorm = 35.7599, GNorm = 0.0851, lr_0 = 2.1709e-04
Loss = 1.1407e-04, PNorm = 35.7603, GNorm = 0.0532, lr_0 = 2.1657e-04
Loss = 1.1470e-04, PNorm = 35.7605, GNorm = 0.0344, lr_0 = 2.1606e-04
Loss = 1.7768e-04, PNorm = 35.7613, GNorm = 0.0442, lr_0 = 2.1555e-04
Loss = 1.5409e-04, PNorm = 35.7615, GNorm = 0.1536, lr_0 = 2.1503e-04
Loss = 1.3680e-04, PNorm = 35.7617, GNorm = 0.1247, lr_0 = 2.1453e-04
Loss = 1.5658e-04, PNorm = 35.7618, GNorm = 0.0729, lr_0 = 2.1402e-04
Validation mae = nan
Epoch 67
Loss = 8.7744e-05, PNorm = 35.7621, GNorm = 0.0215, lr_0 = 2.1351e-04
Loss = 6.9454e-05, PNorm = 35.7624, GNorm = 0.0681, lr_0 = 2.1300e-04
Loss = 7.4069e-05, PNorm = 35.7629, GNorm = 0.0390, lr_0 = 2.1250e-04
Loss = 1.0115e-04, PNorm = 35.7637, GNorm = 0.0683, lr_0 = 2.1199e-04
Loss = 7.4620e-05, PNorm = 35.7644, GNorm = 0.0589, lr_0 = 2.1149e-04
Loss = 8.0032e-05, PNorm = 35.7645, GNorm = 0.0564, lr_0 = 2.1099e-04
Loss = 1.0275e-04, PNorm = 35.7646, GNorm = 0.0383, lr_0 = 2.1049e-04
Loss = 1.1026e-04, PNorm = 35.7648, GNorm = 0.0506, lr_0 = 2.0999e-04
Loss = 1.4682e-04, PNorm = 35.7651, GNorm = 0.1498, lr_0 = 2.0949e-04
Loss = 1.4006e-04, PNorm = 35.7660, GNorm = 0.0567, lr_0 = 2.0900e-04
Validation mae = nan
Epoch 68
Loss = 1.9641e-04, PNorm = 35.7659, GNorm = 0.1810, lr_0 = 2.0850e-04
Loss = 8.9860e-05, PNorm = 35.7665, GNorm = 0.0681, lr_0 = 2.0801e-04
Loss = 8.2875e-05, PNorm = 35.7669, GNorm = 0.0529, lr_0 = 2.0751e-04
Loss = 7.0305e-05, PNorm = 35.7672, GNorm = 0.0343, lr_0 = 2.0702e-04
Loss = 5.8230e-05, PNorm = 35.7679, GNorm = 0.0582, lr_0 = 2.0653e-04
Loss = 6.2052e-05, PNorm = 35.7682, GNorm = 0.0376, lr_0 = 2.0604e-04
Loss = 8.5806e-05, PNorm = 35.7681, GNorm = 0.0646, lr_0 = 2.0555e-04
Loss = 1.0781e-04, PNorm = 35.7680, GNorm = 0.1279, lr_0 = 2.0507e-04
Loss = 1.1789e-04, PNorm = 35.7683, GNorm = 0.0682, lr_0 = 2.0458e-04
Loss = 9.0683e-05, PNorm = 35.7686, GNorm = 0.0606, lr_0 = 2.0410e-04
Validation mae = nan
Epoch 69
Loss = 9.3776e-05, PNorm = 35.7691, GNorm = 0.0720, lr_0 = 2.0361e-04
Loss = 1.4048e-04, PNorm = 35.7696, GNorm = 0.1367, lr_0 = 2.0313e-04
Loss = 1.0054e-04, PNorm = 35.7700, GNorm = 0.0215, lr_0 = 2.0265e-04
Loss = 8.3844e-05, PNorm = 35.7703, GNorm = 0.0452, lr_0 = 2.0217e-04
Loss = 7.4765e-05, PNorm = 35.7710, GNorm = 0.0698, lr_0 = 2.0169e-04
Loss = 6.3136e-05, PNorm = 35.7713, GNorm = 0.0280, lr_0 = 2.0121e-04
Loss = 9.4341e-05, PNorm = 35.7717, GNorm = 0.0870, lr_0 = 2.0073e-04
Loss = 8.8111e-05, PNorm = 35.7722, GNorm = 0.0379, lr_0 = 2.0026e-04
Loss = 8.8047e-05, PNorm = 35.7722, GNorm = 0.0963, lr_0 = 1.9978e-04
Loss = 8.2553e-05, PNorm = 35.7726, GNorm = 0.1044, lr_0 = 1.9931e-04
Validation mae = nan
Epoch 70
Loss = 1.0601e-04, PNorm = 35.7733, GNorm = 0.0758, lr_0 = 1.9884e-04
Loss = 8.6290e-05, PNorm = 35.7737, GNorm = 0.0215, lr_0 = 1.9836e-04
Loss = 8.3499e-05, PNorm = 35.7742, GNorm = 0.0426, lr_0 = 1.9789e-04
Loss = 7.9716e-05, PNorm = 35.7748, GNorm = 0.0645, lr_0 = 1.9743e-04
Loss = 8.2948e-05, PNorm = 35.7751, GNorm = 0.1320, lr_0 = 1.9696e-04
Loss = 1.2867e-04, PNorm = 35.7755, GNorm = 0.0595, lr_0 = 1.9649e-04
Loss = 1.2767e-04, PNorm = 35.7755, GNorm = 0.0785, lr_0 = 1.9602e-04
Loss = 1.6636e-04, PNorm = 35.7756, GNorm = 0.0951, lr_0 = 1.9556e-04
Loss = 2.5428e-04, PNorm = 35.7758, GNorm = 0.2095, lr_0 = 1.9510e-04
Loss = 2.1939e-04, PNorm = 35.7758, GNorm = 0.2476, lr_0 = 1.9463e-04
Validation mae = nan
Epoch 71
Loss = 3.1519e-04, PNorm = 35.7763, GNorm = 0.1303, lr_0 = 1.9417e-04
Loss = 2.2182e-04, PNorm = 35.7778, GNorm = 0.1494, lr_0 = 1.9371e-04
Loss = 1.3424e-04, PNorm = 35.7786, GNorm = 0.1621, lr_0 = 1.9325e-04
Loss = 2.7721e-04, PNorm = 35.7790, GNorm = 0.0880, lr_0 = 1.9280e-04
Loss = 2.5298e-04, PNorm = 35.7800, GNorm = 0.0722, lr_0 = 1.9234e-04
Loss = 2.3051e-04, PNorm = 35.7816, GNorm = 0.0454, lr_0 = 1.9188e-04
Loss = 1.2787e-04, PNorm = 35.7830, GNorm = 0.1037, lr_0 = 1.9143e-04
Loss = 1.0928e-04, PNorm = 35.7834, GNorm = 0.0855, lr_0 = 1.9097e-04
Loss = 9.8096e-05, PNorm = 35.7830, GNorm = 0.0561, lr_0 = 1.9052e-04
Loss = 8.3467e-05, PNorm = 35.7833, GNorm = 0.0569, lr_0 = 1.9007e-04
Validation mae = nan
Epoch 72
Loss = 1.3898e-04, PNorm = 35.7835, GNorm = 0.1499, lr_0 = 1.8962e-04
Loss = 1.1297e-04, PNorm = 35.7841, GNorm = 0.0960, lr_0 = 1.8917e-04
Loss = 8.4785e-05, PNorm = 35.7846, GNorm = 0.0571, lr_0 = 1.8872e-04
Loss = 6.5621e-05, PNorm = 35.7849, GNorm = 0.0281, lr_0 = 1.8827e-04
Loss = 7.4221e-05, PNorm = 35.7851, GNorm = 0.0329, lr_0 = 1.8783e-04
Loss = 6.5376e-05, PNorm = 35.7854, GNorm = 0.0470, lr_0 = 1.8738e-04
Loss = 1.0375e-04, PNorm = 35.7859, GNorm = 0.0508, lr_0 = 1.8694e-04
Loss = 8.6342e-05, PNorm = 35.7862, GNorm = 0.0415, lr_0 = 1.8649e-04
Loss = 9.3948e-05, PNorm = 35.7861, GNorm = 0.0920, lr_0 = 1.8605e-04
Loss = 1.1970e-04, PNorm = 35.7865, GNorm = 0.0646, lr_0 = 1.8561e-04
Validation mae = nan
Epoch 73
Loss = 8.3506e-05, PNorm = 35.7871, GNorm = 0.0472, lr_0 = 1.8517e-04
Loss = 8.8271e-05, PNorm = 35.7878, GNorm = 0.0284, lr_0 = 1.8473e-04
Loss = 7.9091e-05, PNorm = 35.7884, GNorm = 0.0357, lr_0 = 1.8429e-04
Loss = 8.0964e-05, PNorm = 35.7887, GNorm = 0.0954, lr_0 = 1.8386e-04
Loss = 8.3350e-05, PNorm = 35.7886, GNorm = 0.0775, lr_0 = 1.8342e-04
Loss = 6.1556e-05, PNorm = 35.7888, GNorm = 0.0484, lr_0 = 1.8299e-04
Loss = 6.4639e-05, PNorm = 35.7895, GNorm = 0.0307, lr_0 = 1.8255e-04
Loss = 6.3620e-05, PNorm = 35.7898, GNorm = 0.0742, lr_0 = 1.8212e-04
Loss = 6.1483e-05, PNorm = 35.7901, GNorm = 0.0686, lr_0 = 1.8169e-04
Loss = 4.6316e-05, PNorm = 35.7903, GNorm = 0.0152, lr_0 = 1.8126e-04
Validation mae = nan
Epoch 74
Loss = 5.9408e-05, PNorm = 35.7906, GNorm = 0.0374, lr_0 = 1.8083e-04
Loss = 5.7444e-05, PNorm = 35.7910, GNorm = 0.0735, lr_0 = 1.8040e-04
Loss = 6.9235e-05, PNorm = 35.7912, GNorm = 0.0897, lr_0 = 1.7997e-04
Loss = 8.1440e-05, PNorm = 35.7914, GNorm = 0.0397, lr_0 = 1.7955e-04
Loss = 8.9211e-05, PNorm = 35.7921, GNorm = 0.0284, lr_0 = 1.7912e-04
Loss = 9.2557e-05, PNorm = 35.7926, GNorm = 0.1325, lr_0 = 1.7870e-04
Loss = 1.5233e-04, PNorm = 35.7929, GNorm = 0.1993, lr_0 = 1.7827e-04
Loss = 1.4699e-04, PNorm = 35.7932, GNorm = 0.0891, lr_0 = 1.7785e-04
Loss = 1.1405e-04, PNorm = 35.7938, GNorm = 0.0615, lr_0 = 1.7743e-04
Loss = 1.2684e-04, PNorm = 35.7943, GNorm = 0.0384, lr_0 = 1.7701e-04
Validation mae = nan
Epoch 75
Loss = 1.7317e-04, PNorm = 35.7948, GNorm = 0.0609, lr_0 = 1.7659e-04
Loss = 1.2524e-04, PNorm = 35.7956, GNorm = 0.1129, lr_0 = 1.7617e-04
Loss = 1.5920e-04, PNorm = 35.7965, GNorm = 0.0315, lr_0 = 1.7575e-04
Loss = 9.9764e-05, PNorm = 35.7969, GNorm = 0.0482, lr_0 = 1.7533e-04
Loss = 1.0541e-04, PNorm = 35.7974, GNorm = 0.0286, lr_0 = 1.7492e-04
Loss = 1.2007e-04, PNorm = 35.7978, GNorm = 0.0640, lr_0 = 1.7450e-04
Loss = 2.0116e-04, PNorm = 35.7978, GNorm = 0.0749, lr_0 = 1.7409e-04
Loss = 1.3039e-04, PNorm = 35.7981, GNorm = 0.0406, lr_0 = 1.7368e-04
Loss = 8.1395e-05, PNorm = 35.7986, GNorm = 0.0372, lr_0 = 1.7327e-04
Loss = 6.1026e-05, PNorm = 35.7988, GNorm = 0.0381, lr_0 = 1.7286e-04
Validation mae = nan
Epoch 76
Loss = 8.9171e-05, PNorm = 35.7989, GNorm = 0.0919, lr_0 = 1.7240e-04
Loss = 5.7654e-05, PNorm = 35.7992, GNorm = 0.0515, lr_0 = 1.7200e-04
Loss = 7.7080e-05, PNorm = 35.7991, GNorm = 0.0599, lr_0 = 1.7159e-04
Loss = 6.5071e-05, PNorm = 35.7994, GNorm = 0.0266, lr_0 = 1.7118e-04
Loss = 6.7911e-05, PNorm = 35.7998, GNorm = 0.0473, lr_0 = 1.7078e-04
Loss = 7.0303e-05, PNorm = 35.8004, GNorm = 0.0710, lr_0 = 1.7037e-04
Loss = 7.5492e-05, PNorm = 35.8008, GNorm = 0.0436, lr_0 = 1.6997e-04
Loss = 1.2068e-04, PNorm = 35.8007, GNorm = 0.0835, lr_0 = 1.6956e-04
Loss = 1.5514e-04, PNorm = 35.8004, GNorm = 0.0693, lr_0 = 1.6916e-04
Loss = 2.4987e-04, PNorm = 35.8008, GNorm = 0.1322, lr_0 = 1.6876e-04
Validation mae = nan
Epoch 77
Loss = 9.7348e-05, PNorm = 35.8011, GNorm = 0.0678, lr_0 = 1.6836e-04
Loss = 1.0357e-04, PNorm = 35.8012, GNorm = 0.0469, lr_0 = 1.6796e-04
Loss = 7.3901e-05, PNorm = 35.8014, GNorm = 0.0185, lr_0 = 1.6756e-04
Loss = 7.3308e-05, PNorm = 35.8020, GNorm = 0.0290, lr_0 = 1.6717e-04
Loss = 7.2864e-05, PNorm = 35.8024, GNorm = 0.0290, lr_0 = 1.6677e-04
Loss = 6.8157e-05, PNorm = 35.8027, GNorm = 0.0796, lr_0 = 1.6638e-04
Loss = 9.8126e-05, PNorm = 35.8028, GNorm = 0.0380, lr_0 = 1.6598e-04
Loss = 8.4572e-05, PNorm = 35.8031, GNorm = 0.0518, lr_0 = 1.6559e-04
Loss = 6.4986e-05, PNorm = 35.8040, GNorm = 0.0536, lr_0 = 1.6519e-04
Loss = 7.9776e-05, PNorm = 35.8044, GNorm = 0.0587, lr_0 = 1.6480e-04
Validation mae = nan
Epoch 78
Loss = 7.3067e-05, PNorm = 35.8047, GNorm = 0.0723, lr_0 = 1.6441e-04
Loss = 7.1872e-05, PNorm = 35.8047, GNorm = 0.0303, lr_0 = 1.6402e-04
Loss = 7.5469e-05, PNorm = 35.8049, GNorm = 0.0380, lr_0 = 1.6363e-04
Loss = 1.3145e-04, PNorm = 35.8053, GNorm = 0.0960, lr_0 = 1.6325e-04
Loss = 1.4649e-04, PNorm = 35.8058, GNorm = 0.1122, lr_0 = 1.6286e-04
Loss = 1.0728e-04, PNorm = 35.8061, GNorm = 0.0896, lr_0 = 1.6247e-04
Loss = 8.1867e-05, PNorm = 35.8065, GNorm = 0.0406, lr_0 = 1.6209e-04
Loss = 1.0022e-04, PNorm = 35.8070, GNorm = 0.0553, lr_0 = 1.6170e-04
Loss = 9.3198e-05, PNorm = 35.8077, GNorm = 0.1019, lr_0 = 1.6132e-04
Loss = 8.4141e-05, PNorm = 35.8084, GNorm = 0.0845, lr_0 = 1.6094e-04
Validation mae = nan
Epoch 79
Loss = 7.6331e-05, PNorm = 35.8086, GNorm = 0.0172, lr_0 = 1.6056e-04
Loss = 8.5396e-05, PNorm = 35.8094, GNorm = 0.0868, lr_0 = 1.6018e-04
Loss = 1.1726e-04, PNorm = 35.8101, GNorm = 0.0807, lr_0 = 1.5980e-04
Loss = 2.1134e-04, PNorm = 35.8105, GNorm = 0.1132, lr_0 = 1.5942e-04
Loss = 2.5906e-04, PNorm = 35.8105, GNorm = 0.0893, lr_0 = 1.5904e-04
Loss = 2.1024e-04, PNorm = 35.8104, GNorm = 0.0969, lr_0 = 1.5866e-04
Loss = 1.2703e-04, PNorm = 35.8108, GNorm = 0.0871, lr_0 = 1.5829e-04
Loss = 1.3382e-04, PNorm = 35.8112, GNorm = 0.0571, lr_0 = 1.5791e-04
Loss = 1.3420e-04, PNorm = 35.8115, GNorm = 0.0188, lr_0 = 1.5754e-04
Loss = 1.4307e-04, PNorm = 35.8118, GNorm = 0.1015, lr_0 = 1.5716e-04
Validation mae = nan
Epoch 80
Loss = 1.1637e-04, PNorm = 35.8125, GNorm = 0.1278, lr_0 = 1.5679e-04
Loss = 1.0363e-04, PNorm = 35.8131, GNorm = 0.1219, lr_0 = 1.5642e-04
Loss = 1.1438e-04, PNorm = 35.8137, GNorm = 0.0330, lr_0 = 1.5605e-04
Loss = 1.0093e-04, PNorm = 35.8143, GNorm = 0.0795, lr_0 = 1.5568e-04
Loss = 1.2114e-04, PNorm = 35.8146, GNorm = 0.0556, lr_0 = 1.5531e-04
Loss = 1.0229e-04, PNorm = 35.8148, GNorm = 0.0962, lr_0 = 1.5494e-04
Loss = 1.0608e-04, PNorm = 35.8149, GNorm = 0.0800, lr_0 = 1.5457e-04
Loss = 1.0089e-04, PNorm = 35.8154, GNorm = 0.0344, lr_0 = 1.5421e-04
Loss = 8.1256e-05, PNorm = 35.8158, GNorm = 0.1390, lr_0 = 1.5384e-04
Loss = 1.1570e-04, PNorm = 35.8162, GNorm = 0.1344, lr_0 = 1.5348e-04
Validation mae = nan
Epoch 81
Loss = 7.5816e-05, PNorm = 35.8169, GNorm = 0.0359, lr_0 = 1.5311e-04
Loss = 6.5114e-05, PNorm = 35.8172, GNorm = 0.0241, lr_0 = 1.5275e-04
Loss = 5.6439e-05, PNorm = 35.8174, GNorm = 0.0330, lr_0 = 1.5239e-04
Loss = 1.2287e-04, PNorm = 35.8178, GNorm = 0.1785, lr_0 = 1.5203e-04
Loss = 1.1675e-04, PNorm = 35.8179, GNorm = 0.0565, lr_0 = 1.5167e-04
Loss = 1.3846e-04, PNorm = 35.8182, GNorm = 0.0508, lr_0 = 1.5131e-04
Loss = 8.9622e-05, PNorm = 35.8183, GNorm = 0.0361, lr_0 = 1.5095e-04
Loss = 1.1927e-04, PNorm = 35.8190, GNorm = 0.1407, lr_0 = 1.5059e-04
Loss = 2.5378e-04, PNorm = 35.8197, GNorm = 0.2996, lr_0 = 1.5023e-04
Loss = 2.3008e-04, PNorm = 35.8197, GNorm = 0.1246, lr_0 = 1.4988e-04
Validation mae = nan
Epoch 82
Loss = 2.3850e-04, PNorm = 35.8195, GNorm = 0.1712, lr_0 = 1.4952e-04
Loss = 1.8939e-04, PNorm = 35.8196, GNorm = 0.1147, lr_0 = 1.4917e-04
Loss = 1.0027e-04, PNorm = 35.8203, GNorm = 0.0256, lr_0 = 1.4881e-04
Loss = 9.4643e-05, PNorm = 35.8206, GNorm = 0.0791, lr_0 = 1.4846e-04
Loss = 1.0651e-04, PNorm = 35.8211, GNorm = 0.1075, lr_0 = 1.4811e-04
Loss = 1.0951e-04, PNorm = 35.8218, GNorm = 0.1116, lr_0 = 1.4776e-04
Loss = 9.7993e-05, PNorm = 35.8220, GNorm = 0.0951, lr_0 = 1.4741e-04
Loss = 9.3428e-05, PNorm = 35.8222, GNorm = 0.0232, lr_0 = 1.4706e-04
Loss = 5.9566e-05, PNorm = 35.8224, GNorm = 0.0236, lr_0 = 1.4671e-04
Loss = 5.9971e-05, PNorm = 35.8228, GNorm = 0.0585, lr_0 = 1.4636e-04
Validation mae = nan
Epoch 83
Loss = 6.9884e-05, PNorm = 35.8234, GNorm = 0.0684, lr_0 = 1.4602e-04
Loss = 6.2461e-05, PNorm = 35.8236, GNorm = 0.0432, lr_0 = 1.4567e-04
Loss = 9.5387e-05, PNorm = 35.8239, GNorm = 0.0421, lr_0 = 1.4532e-04
Loss = 7.8226e-05, PNorm = 35.8245, GNorm = 0.0394, lr_0 = 1.4498e-04
Loss = 6.1484e-05, PNorm = 35.8248, GNorm = 0.0352, lr_0 = 1.4464e-04
Loss = 6.6869e-05, PNorm = 35.8249, GNorm = 0.0991, lr_0 = 1.4429e-04
Loss = 1.0718e-04, PNorm = 35.8251, GNorm = 0.1093, lr_0 = 1.4395e-04
Loss = 8.1078e-05, PNorm = 35.8254, GNorm = 0.1072, lr_0 = 1.4361e-04
Loss = 8.3606e-05, PNorm = 35.8258, GNorm = 0.1115, lr_0 = 1.4327e-04
Loss = 9.2716e-05, PNorm = 35.8262, GNorm = 0.0585, lr_0 = 1.4293e-04
Validation mae = nan
Epoch 84
Loss = 1.1361e-04, PNorm = 35.8265, GNorm = 0.0652, lr_0 = 1.4259e-04
Loss = 1.0921e-04, PNorm = 35.8268, GNorm = 0.0975, lr_0 = 1.4225e-04
Loss = 1.1350e-04, PNorm = 35.8268, GNorm = 0.1427, lr_0 = 1.4192e-04
Loss = 1.2696e-04, PNorm = 35.8269, GNorm = 0.1138, lr_0 = 1.4158e-04
Loss = 7.4493e-05, PNorm = 35.8271, GNorm = 0.0502, lr_0 = 1.4124e-04
Loss = 5.1591e-05, PNorm = 35.8274, GNorm = 0.0459, lr_0 = 1.4091e-04
Loss = 6.8807e-05, PNorm = 35.8278, GNorm = 0.0591, lr_0 = 1.4057e-04
Loss = 6.5164e-05, PNorm = 35.8281, GNorm = 0.0214, lr_0 = 1.4024e-04
Loss = 1.0382e-04, PNorm = 35.8287, GNorm = 0.0522, lr_0 = 1.3991e-04
Loss = 1.3000e-04, PNorm = 35.8286, GNorm = 0.1898, lr_0 = 1.3958e-04
Validation mae = nan
Epoch 85
Loss = 1.4833e-04, PNorm = 35.8287, GNorm = 0.1314, lr_0 = 1.3925e-04
Loss = 6.5515e-05, PNorm = 35.8289, GNorm = 0.0391, lr_0 = 1.3892e-04
Loss = 5.2920e-05, PNorm = 35.8294, GNorm = 0.0339, lr_0 = 1.3859e-04
Loss = 5.9544e-05, PNorm = 35.8295, GNorm = 0.0471, lr_0 = 1.3826e-04
Loss = 6.0674e-05, PNorm = 35.8298, GNorm = 0.0252, lr_0 = 1.3793e-04
Loss = 4.9708e-05, PNorm = 35.8298, GNorm = 0.0647, lr_0 = 1.3760e-04
Loss = 9.0161e-05, PNorm = 35.8300, GNorm = 0.1030, lr_0 = 1.3728e-04
Loss = 1.0935e-04, PNorm = 35.8303, GNorm = 0.0545, lr_0 = 1.3695e-04
Loss = 1.1387e-04, PNorm = 35.8309, GNorm = 0.1242, lr_0 = 1.3663e-04
Loss = 1.1399e-04, PNorm = 35.8312, GNorm = 0.0860, lr_0 = 1.3630e-04
Validation mae = nan
Epoch 86
Loss = 7.1954e-05, PNorm = 35.8318, GNorm = 0.0315, lr_0 = 1.3598e-04
Loss = 6.6903e-05, PNorm = 35.8318, GNorm = 0.0481, lr_0 = 1.3566e-04
Loss = 5.5663e-05, PNorm = 35.8319, GNorm = 0.0344, lr_0 = 1.3534e-04
Loss = 6.8580e-05, PNorm = 35.8321, GNorm = 0.0694, lr_0 = 1.3502e-04
Loss = 5.6367e-05, PNorm = 35.8326, GNorm = 0.0595, lr_0 = 1.3470e-04
Loss = 7.3352e-05, PNorm = 35.8329, GNorm = 0.0484, lr_0 = 1.3438e-04
Loss = 5.4808e-05, PNorm = 35.8331, GNorm = 0.0162, lr_0 = 1.3406e-04
Loss = 7.5001e-05, PNorm = 35.8334, GNorm = 0.0561, lr_0 = 1.3374e-04
Loss = 6.2410e-05, PNorm = 35.8337, GNorm = 0.0563, lr_0 = 1.3342e-04
Loss = 6.2343e-05, PNorm = 35.8340, GNorm = 0.0779, lr_0 = 1.3311e-04
Validation mae = nan
Epoch 87
Loss = 6.8159e-05, PNorm = 35.8345, GNorm = 0.0614, lr_0 = 1.3279e-04
Loss = 5.4612e-05, PNorm = 35.8347, GNorm = 0.0220, lr_0 = 1.3248e-04
Loss = 6.1991e-05, PNorm = 35.8346, GNorm = 0.0571, lr_0 = 1.3216e-04
Loss = 5.8158e-05, PNorm = 35.8352, GNorm = 0.0303, lr_0 = 1.3185e-04
Loss = 4.8664e-05, PNorm = 35.8358, GNorm = 0.0272, lr_0 = 1.3154e-04
Loss = 4.2075e-05, PNorm = 35.8359, GNorm = 0.0184, lr_0 = 1.3123e-04
Loss = 4.8939e-05, PNorm = 35.8362, GNorm = 0.0307, lr_0 = 1.3091e-04
Loss = 4.2569e-05, PNorm = 35.8362, GNorm = 0.0154, lr_0 = 1.3060e-04
Loss = 5.2864e-05, PNorm = 35.8361, GNorm = 0.0617, lr_0 = 1.3029e-04
Loss = 6.0030e-05, PNorm = 35.8365, GNorm = 0.0645, lr_0 = 1.2999e-04
Validation mae = nan
Epoch 88
Loss = 4.5487e-05, PNorm = 35.8369, GNorm = 0.0185, lr_0 = 1.2968e-04
Loss = 5.6842e-05, PNorm = 35.8372, GNorm = 0.0854, lr_0 = 1.2937e-04
Loss = 6.8818e-05, PNorm = 35.8375, GNorm = 0.0463, lr_0 = 1.2906e-04
Loss = 7.1675e-05, PNorm = 35.8377, GNorm = 0.0834, lr_0 = 1.2876e-04
Loss = 7.2197e-05, PNorm = 35.8377, GNorm = 0.0624, lr_0 = 1.2845e-04
Loss = 6.2100e-05, PNorm = 35.8378, GNorm = 0.0481, lr_0 = 1.2815e-04
Loss = 5.1729e-05, PNorm = 35.8381, GNorm = 0.0224, lr_0 = 1.2784e-04
Loss = 5.1351e-05, PNorm = 35.8387, GNorm = 0.0382, lr_0 = 1.2754e-04
Loss = 5.5097e-05, PNorm = 35.8389, GNorm = 0.0756, lr_0 = 1.2724e-04
Loss = 7.1841e-05, PNorm = 35.8391, GNorm = 0.1175, lr_0 = 1.2694e-04
Validation mae = nan
Epoch 89
Loss = 7.2065e-05, PNorm = 35.8394, GNorm = 0.1098, lr_0 = 1.2664e-04
Loss = 6.7794e-05, PNorm = 35.8394, GNorm = 0.0754, lr_0 = 1.2634e-04
Loss = 9.3391e-05, PNorm = 35.8394, GNorm = 0.0998, lr_0 = 1.2604e-04
Loss = 9.2996e-05, PNorm = 35.8395, GNorm = 0.1479, lr_0 = 1.2574e-04
Loss = 1.4481e-04, PNorm = 35.8395, GNorm = 0.0965, lr_0 = 1.2544e-04
Loss = 9.2770e-05, PNorm = 35.8398, GNorm = 0.0849, lr_0 = 1.2514e-04
Loss = 6.4936e-05, PNorm = 35.8399, GNorm = 0.0578, lr_0 = 1.2485e-04
Loss = 6.2082e-05, PNorm = 35.8405, GNorm = 0.0351, lr_0 = 1.2455e-04
Loss = 4.1114e-05, PNorm = 35.8409, GNorm = 0.0632, lr_0 = 1.2425e-04
Loss = 6.3379e-05, PNorm = 35.8412, GNorm = 0.0459, lr_0 = 1.2396e-04
Validation mae = nan
Epoch 90
Loss = 4.6511e-05, PNorm = 35.8416, GNorm = 0.0384, lr_0 = 1.2367e-04
Loss = 6.5714e-05, PNorm = 35.8416, GNorm = 0.0320, lr_0 = 1.2337e-04
Loss = 7.1609e-05, PNorm = 35.8420, GNorm = 0.0675, lr_0 = 1.2308e-04
Loss = 7.3684e-05, PNorm = 35.8422, GNorm = 0.0416, lr_0 = 1.2279e-04
Loss = 8.3755e-05, PNorm = 35.8422, GNorm = 0.0658, lr_0 = 1.2250e-04
Loss = 7.3296e-05, PNorm = 35.8420, GNorm = 0.0279, lr_0 = 1.2221e-04
Loss = 6.4395e-05, PNorm = 35.8424, GNorm = 0.0271, lr_0 = 1.2192e-04
Loss = 5.2798e-05, PNorm = 35.8428, GNorm = 0.0937, lr_0 = 1.2163e-04
Loss = 7.2283e-05, PNorm = 35.8431, GNorm = 0.0590, lr_0 = 1.2134e-04
Loss = 6.0643e-05, PNorm = 35.8436, GNorm = 0.0355, lr_0 = 1.2105e-04
Validation mae = nan
Epoch 91
Loss = 4.8875e-05, PNorm = 35.8441, GNorm = 0.0384, lr_0 = 1.2077e-04
Loss = 5.2519e-05, PNorm = 35.8442, GNorm = 0.0274, lr_0 = 1.2048e-04
Loss = 3.6901e-05, PNorm = 35.8444, GNorm = 0.0187, lr_0 = 1.2019e-04
Loss = 5.6639e-05, PNorm = 35.8446, GNorm = 0.0149, lr_0 = 1.1991e-04
Loss = 7.9573e-05, PNorm = 35.8446, GNorm = 0.0172, lr_0 = 1.1962e-04
Loss = 8.1162e-05, PNorm = 35.8450, GNorm = 0.0708, lr_0 = 1.1934e-04
Loss = 6.3924e-05, PNorm = 35.8456, GNorm = 0.0733, lr_0 = 1.1906e-04
Loss = 6.7604e-05, PNorm = 35.8461, GNorm = 0.0470, lr_0 = 1.1878e-04
Loss = 8.0452e-05, PNorm = 35.8461, GNorm = 0.0821, lr_0 = 1.1849e-04
Loss = 5.1239e-05, PNorm = 35.8464, GNorm = 0.0356, lr_0 = 1.1821e-04
Validation mae = nan
Epoch 92
Loss = 7.0380e-05, PNorm = 35.8466, GNorm = 0.0756, lr_0 = 1.1793e-04
Loss = 8.5004e-05, PNorm = 35.8469, GNorm = 0.1671, lr_0 = 1.1765e-04
Loss = 9.0500e-05, PNorm = 35.8471, GNorm = 0.1073, lr_0 = 1.1737e-04
Loss = 7.5669e-05, PNorm = 35.8476, GNorm = 0.0756, lr_0 = 1.1710e-04
Loss = 6.8396e-05, PNorm = 35.8480, GNorm = 0.0918, lr_0 = 1.1682e-04
Loss = 6.8692e-05, PNorm = 35.8485, GNorm = 0.0844, lr_0 = 1.1654e-04
Loss = 5.6970e-05, PNorm = 35.8489, GNorm = 0.0264, lr_0 = 1.1627e-04
Loss = 4.9493e-05, PNorm = 35.8492, GNorm = 0.0614, lr_0 = 1.1599e-04
Loss = 4.9277e-05, PNorm = 35.8495, GNorm = 0.0376, lr_0 = 1.1571e-04
Loss = 4.1174e-05, PNorm = 35.8497, GNorm = 0.0169, lr_0 = 1.1544e-04
Validation mae = nan
Epoch 93
Loss = 3.1518e-05, PNorm = 35.8500, GNorm = 0.0294, lr_0 = 1.1517e-04
Loss = 4.4260e-05, PNorm = 35.8504, GNorm = 0.0220, lr_0 = 1.1489e-04
Loss = 4.8181e-05, PNorm = 35.8507, GNorm = 0.0476, lr_0 = 1.1462e-04
Loss = 5.3523e-05, PNorm = 35.8507, GNorm = 0.0470, lr_0 = 1.1435e-04
Loss = 6.4979e-05, PNorm = 35.8507, GNorm = 0.0717, lr_0 = 1.1408e-04
Loss = 8.3056e-05, PNorm = 35.8512, GNorm = 0.1151, lr_0 = 1.1381e-04
Loss = 7.7931e-05, PNorm = 35.8512, GNorm = 0.0537, lr_0 = 1.1354e-04
Loss = 7.0824e-05, PNorm = 35.8516, GNorm = 0.0601, lr_0 = 1.1327e-04
Loss = 5.0682e-05, PNorm = 35.8520, GNorm = 0.0299, lr_0 = 1.1300e-04
Loss = 6.1412e-05, PNorm = 35.8523, GNorm = 0.0811, lr_0 = 1.1273e-04
Validation mae = nan
Epoch 94
Loss = 8.1414e-05, PNorm = 35.8526, GNorm = 0.1008, lr_0 = 1.1247e-04
Loss = 7.4368e-05, PNorm = 35.8528, GNorm = 0.0407, lr_0 = 1.1220e-04
Loss = 8.5179e-05, PNorm = 35.8530, GNorm = 0.0896, lr_0 = 1.1193e-04
Loss = 6.0405e-05, PNorm = 35.8530, GNorm = 0.0261, lr_0 = 1.1167e-04
Loss = 8.1354e-05, PNorm = 35.8533, GNorm = 0.0850, lr_0 = 1.1140e-04
Loss = 7.8283e-05, PNorm = 35.8537, GNorm = 0.0203, lr_0 = 1.1114e-04
Loss = 6.9389e-05, PNorm = 35.8540, GNorm = 0.0240, lr_0 = 1.1088e-04
Loss = 6.3888e-05, PNorm = 35.8542, GNorm = 0.0444, lr_0 = 1.1061e-04
Loss = 5.0089e-05, PNorm = 35.8546, GNorm = 0.0714, lr_0 = 1.1035e-04
Loss = 4.6477e-05, PNorm = 35.8547, GNorm = 0.0170, lr_0 = 1.1009e-04
Validation mae = nan
Epoch 95
Loss = 3.8812e-05, PNorm = 35.8549, GNorm = 0.0171, lr_0 = 1.0983e-04
Loss = 3.3698e-05, PNorm = 35.8551, GNorm = 0.0086, lr_0 = 1.0957e-04
Loss = 4.4556e-05, PNorm = 35.8552, GNorm = 0.0316, lr_0 = 1.0931e-04
Loss = 4.3717e-05, PNorm = 35.8552, GNorm = 0.0186, lr_0 = 1.0905e-04
Loss = 3.7397e-05, PNorm = 35.8553, GNorm = 0.0194, lr_0 = 1.0879e-04
Loss = 4.8228e-05, PNorm = 35.8557, GNorm = 0.0320, lr_0 = 1.0853e-04
Loss = 5.6761e-05, PNorm = 35.8560, GNorm = 0.1087, lr_0 = 1.0828e-04
Loss = 1.2233e-04, PNorm = 35.8561, GNorm = 0.1167, lr_0 = 1.0802e-04
Loss = 2.0597e-04, PNorm = 35.8569, GNorm = 0.0439, lr_0 = 1.0776e-04
Loss = 1.9749e-04, PNorm = 35.8576, GNorm = 0.1551, lr_0 = 1.0751e-04
Validation mae = nan
Epoch 96
Loss = 1.2721e-04, PNorm = 35.8582, GNorm = 0.1171, lr_0 = 1.0725e-04
Loss = 9.5020e-05, PNorm = 35.8587, GNorm = 0.0239, lr_0 = 1.0700e-04
Loss = 6.5952e-05, PNorm = 35.8592, GNorm = 0.0612, lr_0 = 1.0674e-04
Loss = 5.0749e-05, PNorm = 35.8595, GNorm = 0.0654, lr_0 = 1.0649e-04
Loss = 7.7729e-05, PNorm = 35.8597, GNorm = 0.0793, lr_0 = 1.0624e-04
Loss = 6.2293e-05, PNorm = 35.8600, GNorm = 0.0614, lr_0 = 1.0599e-04
Loss = 4.6540e-05, PNorm = 35.8602, GNorm = 0.0444, lr_0 = 1.0574e-04
Loss = 3.9716e-05, PNorm = 35.8604, GNorm = 0.0278, lr_0 = 1.0549e-04
Loss = 4.2592e-05, PNorm = 35.8603, GNorm = 0.0521, lr_0 = 1.0524e-04
Loss = 5.2019e-05, PNorm = 35.8605, GNorm = 0.0162, lr_0 = 1.0499e-04
Validation mae = nan
Epoch 97
Loss = 4.5004e-05, PNorm = 35.8607, GNorm = 0.0154, lr_0 = 1.0474e-04
Loss = 3.4222e-05, PNorm = 35.8609, GNorm = 0.0307, lr_0 = 1.0449e-04
Loss = 4.7572e-05, PNorm = 35.8611, GNorm = 0.0149, lr_0 = 1.0424e-04
Loss = 4.0519e-05, PNorm = 35.8615, GNorm = 0.0115, lr_0 = 1.0399e-04
Loss = 4.2861e-05, PNorm = 35.8615, GNorm = 0.0387, lr_0 = 1.0375e-04
Loss = 6.1842e-05, PNorm = 35.8619, GNorm = 0.0319, lr_0 = 1.0350e-04
Loss = 6.0988e-05, PNorm = 35.8621, GNorm = 0.0638, lr_0 = 1.0326e-04
Loss = 5.7126e-05, PNorm = 35.8622, GNorm = 0.0471, lr_0 = 1.0301e-04
Loss = 4.0585e-05, PNorm = 35.8624, GNorm = 0.0298, lr_0 = 1.0277e-04
Loss = 3.8934e-05, PNorm = 35.8624, GNorm = 0.0260, lr_0 = 1.0252e-04
Validation mae = nan
Epoch 98
Loss = 6.2269e-05, PNorm = 35.8626, GNorm = 0.0436, lr_0 = 1.0228e-04
Loss = 5.6502e-05, PNorm = 35.8627, GNorm = 0.0616, lr_0 = 1.0204e-04
Loss = 5.6180e-05, PNorm = 35.8633, GNorm = 0.0412, lr_0 = 1.0180e-04
Loss = 6.7870e-05, PNorm = 35.8635, GNorm = 0.1079, lr_0 = 1.0155e-04
Loss = 5.5705e-05, PNorm = 35.8635, GNorm = 0.0293, lr_0 = 1.0131e-04
Loss = 4.8914e-05, PNorm = 35.8638, GNorm = 0.0207, lr_0 = 1.0107e-04
Loss = 5.6602e-05, PNorm = 35.8640, GNorm = 0.0563, lr_0 = 1.0083e-04
Loss = 5.1502e-05, PNorm = 35.8643, GNorm = 0.0617, lr_0 = 1.0060e-04
Loss = 5.2613e-05, PNorm = 35.8646, GNorm = 0.0208, lr_0 = 1.0036e-04
Loss = 4.9951e-05, PNorm = 35.8647, GNorm = 0.0582, lr_0 = 1.0012e-04
Validation mae = nan
Epoch 99
Loss = 4.0756e-05, PNorm = 35.8647, GNorm = 0.0359, lr_0 = 1.0000e-04
Loss = 4.5555e-05, PNorm = 35.8651, GNorm = 0.0643, lr_0 = 1.0000e-04
Loss = 7.2238e-05, PNorm = 35.8654, GNorm = 0.0436, lr_0 = 1.0000e-04
Loss = 6.4373e-05, PNorm = 35.8655, GNorm = 0.0548, lr_0 = 1.0000e-04
Loss = 4.6929e-05, PNorm = 35.8657, GNorm = 0.0169, lr_0 = 1.0000e-04
Loss = 5.6906e-05, PNorm = 35.8660, GNorm = 0.0288, lr_0 = 1.0000e-04
Loss = 3.9708e-05, PNorm = 35.8661, GNorm = 0.0342, lr_0 = 1.0000e-04
Loss = 4.2121e-05, PNorm = 35.8662, GNorm = 0.0163, lr_0 = 1.0000e-04
Loss = 6.2671e-05, PNorm = 35.8665, GNorm = 0.1049, lr_0 = 1.0000e-04
Loss = 5.7106e-05, PNorm = 35.8667, GNorm = 0.0816, lr_0 = 1.0000e-04
Validation mae = nan
Model 0 best validation mae = inf on epoch 0
Loading pretrained parameter "encoder.encoder.0.cached_zero_vector".
Loading pretrained parameter "encoder.encoder.0.W_i.weight".
Loading pretrained parameter "encoder.encoder.0.W_h.weight".
Loading pretrained parameter "encoder.encoder.0.W_o.weight".
Loading pretrained parameter "encoder.encoder.0.W_o.bias".
Loading pretrained parameter "ffn.1.weight".
Loading pretrained parameter "ffn.1.bias".
Loading pretrained parameter "ffn.4.weight".
Loading pretrained parameter "ffn.4.bias".
Moving model to cuda
Model 0 test mae = nan
Ensemble test mae = nan
1-fold cross validation
	Seed 0 ==> test mae = nan
Overall test mae = nan +/- nan
Elapsed time = 0:07:17
