Command line
python train.py --data_path data/data_0.5_1/cp.csv --smiles_columns smiles --target_columns cp --dataset_type regression --split_sizes 1.0 0.0 0.0 --features_generator rdkit_2d --features_columns T --save_dir data/data_0.5_1/cp --save_preds --epochs 100 --metric mae
Args
{'activation': 'ReLU',
 'aggregation': 'mean',
 'aggregation_norm': 100,
 'atom_descriptor_scaling': True,
 'atom_descriptors': None,
 'atom_descriptors_path': None,
 'atom_descriptors_size': 0,
 'atom_features_size': 0,
 'atom_messages': False,
 'batch_size': 50,
 'bias': False,
 'bond_feature_scaling': True,
 'bond_features_path': None,
 'bond_features_size': 0,
 'cache_cutoff': 10000,
 'checkpoint_dir': None,
 'checkpoint_path': None,
 'checkpoint_paths': None,
 'class_balance': False,
 'config_path': None,
 'crossval_index_dir': None,
 'crossval_index_file': None,
 'crossval_index_sets': None,
 'cuda': True,
 'data_path': 'data/data_0.5_1/cp.csv',
 'dataset_type': 'regression',
 'depth': 3,
 'device': device(type='cuda'),
 'dropout': 0.0,
 'empty_cache': False,
 'ensemble_size': 1,
 'epochs': 100,
 'explicit_h': False,
 'extra_metrics': [],
 'features_columns': ['T'],
 'features_generator': ['rdkit_2d'],
 'features_only': False,
 'features_path': None,
 'features_scaling': True,
 'features_size': None,
 'ffn_hidden_size': 300,
 'ffn_num_layers': 2,
 'final_lr': 0.0001,
 'folds_file': None,
 'gpu': None,
 'grad_clip': None,
 'hidden_size': 300,
 'ignore_columns': None,
 'init_lr': 0.0001,
 'log_frequency': 10,
 'max_data_size': None,
 'max_lr': 0.001,
 'metric': 'mae',
 'metrics': ['mae'],
 'minimize_score': True,
 'mpn_shared': False,
 'multiclass_num_classes': 3,
 'no_atom_descriptor_scaling': False,
 'no_bond_features_scaling': False,
 'no_cache_mol': False,
 'no_cuda': False,
 'no_features_scaling': False,
 'num_folds': 1,
 'num_lrs': 1,
 'num_tasks': 1,
 'num_workers': 8,
 'number_of_molecules': 1,
 'overwrite_default_atom_features': False,
 'overwrite_default_bond_features': False,
 'pytorch_seed': 0,
 'quiet': False,
 'reaction': False,
 'reaction_mode': 'reac_diff',
 'resume_experiment': False,
 'save_dir': 'data/data_0.5_1/cp',
 'save_preds': True,
 'save_smiles_splits': False,
 'seed': 0,
 'separate_test_atom_descriptors_path': None,
 'separate_test_bond_features_path': None,
 'separate_test_features_path': None,
 'separate_test_path': None,
 'separate_val_atom_descriptors_path': None,
 'separate_val_bond_features_path': None,
 'separate_val_features_path': None,
 'separate_val_path': None,
 'show_individual_scores': False,
 'smiles_columns': ['smiles'],
 'split_sizes': (1.0, 0.0, 0.0),
 'split_type': 'random',
 'target_columns': ['cp'],
 'task_names': ['cp'],
 'test': False,
 'test_fold_index': None,
 'train_data_size': None,
 'undirected': False,
 'use_input_features': True,
 'val_fold_index': None,
 'warmup_epochs': 2.0}
Loading data
Number of tasks = 1
Fold 0
Splitting data with seed 0
Total size = 4,802 | train size = 4,802 | val size = 0 | test size = 0
Fitting scaler
Building model 0
MoleculeModel(
  (encoder): MPN(
    (encoder): ModuleList(
      (0): MPNEncoder(
        (dropout_layer): Dropout(p=0.0, inplace=False)
        (act_func): ReLU()
        (W_i): Linear(in_features=147, out_features=300, bias=False)
        (W_h): Linear(in_features=300, out_features=300, bias=False)
        (W_o): Linear(in_features=433, out_features=300, bias=True)
      )
    )
  )
  (ffn): Sequential(
    (0): Dropout(p=0.0, inplace=False)
    (1): Linear(in_features=501, out_features=300, bias=True)
    (2): ReLU()
    (3): Dropout(p=0.0, inplace=False)
    (4): Linear(in_features=300, out_features=1, bias=True)
  )
)
Number of parameters = 415,201
Moving model to cuda
Epoch 0
Loss = 8.4165e-01, PNorm = 35.0926, GNorm = 3.9006, lr_0 = 1.5156e-04
Loss = 3.0532e-01, PNorm = 35.0961, GNorm = 3.1866, lr_0 = 1.9844e-04
Loss = 2.7762e-01, PNorm = 35.0953, GNorm = 0.9647, lr_0 = 2.4531e-04
Loss = 1.7336e-01, PNorm = 35.0977, GNorm = 1.2864, lr_0 = 2.9219e-04
Loss = 1.3323e-01, PNorm = 35.1018, GNorm = 1.6257, lr_0 = 3.3906e-04
Loss = 1.0042e-01, PNorm = 35.1051, GNorm = 1.5757, lr_0 = 3.8594e-04
Loss = 6.7664e-02, PNorm = 35.1097, GNorm = 1.9808, lr_0 = 4.3281e-04
Loss = 5.2909e-02, PNorm = 35.1128, GNorm = 1.3879, lr_0 = 4.7969e-04
Loss = 3.9043e-02, PNorm = 35.1148, GNorm = 2.2552, lr_0 = 5.2656e-04
Validation mae = nan
Epoch 1
Loss = 2.9811e-02, PNorm = 35.1163, GNorm = 2.4626, lr_0 = 5.7812e-04
Loss = 1.2728e-02, PNorm = 35.1177, GNorm = 0.3657, lr_0 = 6.2500e-04
Loss = 8.0627e-03, PNorm = 35.1195, GNorm = 1.1044, lr_0 = 6.7187e-04
Loss = 6.3030e-03, PNorm = 35.1204, GNorm = 0.3272, lr_0 = 7.1875e-04
Loss = 5.3423e-03, PNorm = 35.1213, GNorm = 0.1922, lr_0 = 7.6563e-04
Loss = 5.0927e-03, PNorm = 35.1222, GNorm = 0.3158, lr_0 = 8.1250e-04
Loss = 4.4750e-03, PNorm = 35.1228, GNorm = 0.4108, lr_0 = 8.5938e-04
Loss = 5.0184e-03, PNorm = 35.1232, GNorm = 0.8435, lr_0 = 9.0625e-04
Loss = 5.7858e-03, PNorm = 35.1239, GNorm = 1.4146, lr_0 = 9.5312e-04
Loss = 3.7690e-03, PNorm = 35.1251, GNorm = 0.1752, lr_0 = 1.0000e-03
Validation mae = nan
Epoch 2
Loss = 3.2416e-03, PNorm = 35.1265, GNorm = 0.4259, lr_0 = 9.9731e-04
Loss = 3.5691e-03, PNorm = 35.1269, GNorm = 0.2539, lr_0 = 9.9487e-04
Loss = 3.4659e-03, PNorm = 35.1274, GNorm = 0.1591, lr_0 = 9.9244e-04
Loss = 3.1235e-03, PNorm = 35.1285, GNorm = 0.2228, lr_0 = 9.9002e-04
Loss = 3.1972e-03, PNorm = 35.1290, GNorm = 0.3517, lr_0 = 9.8760e-04
Loss = 3.3171e-03, PNorm = 35.1291, GNorm = 0.5119, lr_0 = 9.8518e-04
Loss = 5.3784e-03, PNorm = 35.1286, GNorm = 1.2711, lr_0 = 9.8277e-04
Loss = 3.6213e-03, PNorm = 35.1288, GNorm = 0.2271, lr_0 = 9.8037e-04
Loss = 3.0682e-03, PNorm = 35.1298, GNorm = 0.6819, lr_0 = 9.7797e-04
Validation mae = nan
Epoch 3
Loss = 3.3068e-03, PNorm = 35.1306, GNorm = 0.4124, lr_0 = 9.7534e-04
Loss = 3.4856e-03, PNorm = 35.1307, GNorm = 0.2782, lr_0 = 9.7296e-04
Loss = 2.4276e-03, PNorm = 35.1310, GNorm = 0.4473, lr_0 = 9.7058e-04
Loss = 3.2425e-03, PNorm = 35.1317, GNorm = 0.4688, lr_0 = 9.6821e-04
Loss = 3.0298e-03, PNorm = 35.1317, GNorm = 0.7315, lr_0 = 9.6584e-04
Loss = 2.7229e-03, PNorm = 35.1322, GNorm = 0.3223, lr_0 = 9.6348e-04
Loss = 2.1940e-03, PNorm = 35.1333, GNorm = 0.1335, lr_0 = 9.6113e-04
Loss = 3.6794e-03, PNorm = 35.1339, GNorm = 0.2335, lr_0 = 9.5878e-04
Loss = 3.3651e-03, PNorm = 35.1344, GNorm = 0.7276, lr_0 = 9.5643e-04
Loss = 2.7277e-03, PNorm = 35.1353, GNorm = 0.1922, lr_0 = 9.5410e-04
Validation mae = nan
Epoch 4
Loss = 2.8184e-03, PNorm = 35.1364, GNorm = 0.3134, lr_0 = 9.5153e-04
Loss = 3.2458e-03, PNorm = 35.1371, GNorm = 0.5376, lr_0 = 9.4920e-04
Loss = 2.3677e-03, PNorm = 35.1369, GNorm = 0.4497, lr_0 = 9.4688e-04
Loss = 2.0213e-03, PNorm = 35.1374, GNorm = 0.1699, lr_0 = 9.4457e-04
Loss = 2.4535e-03, PNorm = 35.1384, GNorm = 0.7156, lr_0 = 9.4226e-04
Loss = 3.1080e-03, PNorm = 35.1389, GNorm = 0.6591, lr_0 = 9.3996e-04
Loss = 2.1293e-03, PNorm = 35.1395, GNorm = 0.3107, lr_0 = 9.3766e-04
Loss = 2.8535e-03, PNorm = 35.1408, GNorm = 0.6161, lr_0 = 9.3537e-04
Loss = 2.8863e-03, PNorm = 35.1414, GNorm = 0.0968, lr_0 = 9.3308e-04
Loss = 1.6354e-03, PNorm = 35.1420, GNorm = 0.2264, lr_0 = 9.3080e-04
Loss = 1.6678e-03, PNorm = 35.1421, GNorm = 0.7415, lr_0 = 9.3057e-04
Validation mae = nan
Epoch 5
Loss = 5.0666e-03, PNorm = 35.1424, GNorm = 0.5313, lr_0 = 9.2830e-04
Loss = 4.4180e-03, PNorm = 35.1420, GNorm = 1.0641, lr_0 = 9.2603e-04
Loss = 2.3585e-03, PNorm = 35.1426, GNorm = 0.2750, lr_0 = 9.2376e-04
Loss = 2.0496e-03, PNorm = 35.1440, GNorm = 0.1296, lr_0 = 9.2151e-04
Loss = 1.6898e-03, PNorm = 35.1452, GNorm = 0.1593, lr_0 = 9.1925e-04
Loss = 1.6269e-03, PNorm = 35.1459, GNorm = 0.2374, lr_0 = 9.1701e-04
Loss = 1.7593e-03, PNorm = 35.1466, GNorm = 0.2470, lr_0 = 9.1476e-04
Loss = 1.6308e-03, PNorm = 35.1472, GNorm = 0.1358, lr_0 = 9.1253e-04
Loss = 1.6320e-03, PNorm = 35.1481, GNorm = 0.3320, lr_0 = 9.1030e-04
Validation mae = nan
Epoch 6
Loss = 2.4428e-03, PNorm = 35.1491, GNorm = 0.5602, lr_0 = 9.0785e-04
Loss = 2.3245e-03, PNorm = 35.1491, GNorm = 0.4498, lr_0 = 9.0563e-04
Loss = 1.3981e-03, PNorm = 35.1495, GNorm = 0.1840, lr_0 = 9.0342e-04
Loss = 1.5964e-03, PNorm = 35.1505, GNorm = 0.2116, lr_0 = 9.0121e-04
Loss = 1.3074e-03, PNorm = 35.1510, GNorm = 0.1157, lr_0 = 8.9901e-04
Loss = 1.3356e-03, PNorm = 35.1515, GNorm = 0.1685, lr_0 = 8.9681e-04
Loss = 1.4876e-03, PNorm = 35.1517, GNorm = 0.2302, lr_0 = 8.9462e-04
Loss = 1.4128e-03, PNorm = 35.1521, GNorm = 0.0769, lr_0 = 8.9243e-04
Loss = 1.2720e-03, PNorm = 35.1528, GNorm = 0.2787, lr_0 = 8.9025e-04
Loss = 1.4551e-03, PNorm = 35.1537, GNorm = 0.1391, lr_0 = 8.8807e-04
Validation mae = nan
Epoch 7
Loss = 2.5183e-03, PNorm = 35.1549, GNorm = 0.1693, lr_0 = 8.8568e-04
Loss = 1.9734e-03, PNorm = 35.1557, GNorm = 0.2042, lr_0 = 8.8352e-04
Loss = 1.4582e-03, PNorm = 35.1562, GNorm = 0.2175, lr_0 = 8.8136e-04
Loss = 1.3416e-03, PNorm = 35.1575, GNorm = 0.1976, lr_0 = 8.7920e-04
Loss = 1.3933e-03, PNorm = 35.1595, GNorm = 0.1628, lr_0 = 8.7706e-04
Loss = 1.3633e-03, PNorm = 35.1608, GNorm = 0.1743, lr_0 = 8.7491e-04
Loss = 1.1884e-03, PNorm = 35.1621, GNorm = 0.0924, lr_0 = 8.7277e-04
Loss = 1.2001e-03, PNorm = 35.1631, GNorm = 0.2150, lr_0 = 8.7064e-04
Loss = 1.3111e-03, PNorm = 35.1637, GNorm = 0.2910, lr_0 = 8.6851e-04
Validation mae = nan
Epoch 8
Loss = 4.8155e-03, PNorm = 35.1640, GNorm = 1.0585, lr_0 = 8.6618e-04
Loss = 3.3861e-03, PNorm = 35.1640, GNorm = 0.4121, lr_0 = 8.6406e-04
Loss = 2.1681e-03, PNorm = 35.1659, GNorm = 0.2175, lr_0 = 8.6195e-04
Loss = 1.4594e-03, PNorm = 35.1678, GNorm = 0.2996, lr_0 = 8.5984e-04
Loss = 1.5132e-03, PNorm = 35.1689, GNorm = 0.3473, lr_0 = 8.5774e-04
Loss = 1.1676e-03, PNorm = 35.1700, GNorm = 0.2425, lr_0 = 8.5564e-04
Loss = 1.3115e-03, PNorm = 35.1710, GNorm = 0.2520, lr_0 = 8.5355e-04
Loss = 1.2972e-03, PNorm = 35.1719, GNorm = 0.2224, lr_0 = 8.5146e-04
Loss = 1.2270e-03, PNorm = 35.1732, GNorm = 0.3693, lr_0 = 8.4938e-04
Loss = 1.1016e-03, PNorm = 35.1740, GNorm = 0.3520, lr_0 = 8.4731e-04
Validation mae = nan
Epoch 9
Loss = 1.3986e-03, PNorm = 35.1750, GNorm = 0.2175, lr_0 = 8.4503e-04
Loss = 2.0571e-03, PNorm = 35.1758, GNorm = 0.2148, lr_0 = 8.4296e-04
Loss = 1.7244e-03, PNorm = 35.1768, GNorm = 0.5738, lr_0 = 8.4090e-04
Loss = 1.6563e-03, PNorm = 35.1776, GNorm = 0.3813, lr_0 = 8.3885e-04
Loss = 1.4325e-03, PNorm = 35.1786, GNorm = 0.0975, lr_0 = 8.3679e-04
Loss = 9.4004e-04, PNorm = 35.1796, GNorm = 0.3111, lr_0 = 8.3475e-04
Loss = 1.1360e-03, PNorm = 35.1803, GNorm = 0.1938, lr_0 = 8.3271e-04
Loss = 1.2624e-03, PNorm = 35.1812, GNorm = 0.2182, lr_0 = 8.3067e-04
Loss = 1.1897e-03, PNorm = 35.1818, GNorm = 0.1264, lr_0 = 8.2864e-04
Loss = 9.3105e-04, PNorm = 35.1830, GNorm = 0.1719, lr_0 = 8.2662e-04
Loss = 7.0817e-05, PNorm = 35.1831, GNorm = 0.1212, lr_0 = 8.2641e-04
Validation mae = nan
Epoch 10
Loss = 7.4435e-04, PNorm = 35.1841, GNorm = 0.0893, lr_0 = 8.2439e-04
Loss = 1.0801e-03, PNorm = 35.1853, GNorm = 0.4278, lr_0 = 8.2238e-04
Loss = 1.0812e-03, PNorm = 35.1866, GNorm = 0.1340, lr_0 = 8.2037e-04
Loss = 9.3982e-04, PNorm = 35.1880, GNorm = 0.4411, lr_0 = 8.1836e-04
Loss = 9.8445e-04, PNorm = 35.1886, GNorm = 0.1608, lr_0 = 8.1636e-04
Loss = 8.9516e-04, PNorm = 35.1892, GNorm = 0.1867, lr_0 = 8.1437e-04
Loss = 7.0708e-04, PNorm = 35.1902, GNorm = 0.1946, lr_0 = 8.1238e-04
Loss = 6.8022e-04, PNorm = 35.1912, GNorm = 0.2201, lr_0 = 8.1039e-04
Loss = 7.0693e-04, PNorm = 35.1920, GNorm = 0.1233, lr_0 = 8.0841e-04
Validation mae = nan
Epoch 11
Loss = 7.3974e-04, PNorm = 35.1929, GNorm = 0.1352, lr_0 = 8.0624e-04
Loss = 8.6968e-04, PNorm = 35.1938, GNorm = 0.0993, lr_0 = 8.0427e-04
Loss = 9.3864e-04, PNorm = 35.1946, GNorm = 0.4862, lr_0 = 8.0230e-04
Loss = 8.3241e-04, PNorm = 35.1956, GNorm = 0.0875, lr_0 = 8.0034e-04
Loss = 7.2309e-04, PNorm = 35.1967, GNorm = 0.1320, lr_0 = 7.9838e-04
Loss = 9.2372e-04, PNorm = 35.1982, GNorm = 0.2502, lr_0 = 7.9643e-04
Loss = 9.0419e-04, PNorm = 35.2000, GNorm = 0.1771, lr_0 = 7.9448e-04
Loss = 7.9607e-04, PNorm = 35.2017, GNorm = 0.1237, lr_0 = 7.9254e-04
Loss = 7.2639e-04, PNorm = 35.2032, GNorm = 0.0661, lr_0 = 7.9060e-04
Loss = 9.2459e-04, PNorm = 35.2045, GNorm = 0.1762, lr_0 = 7.8867e-04
Validation mae = nan
Epoch 12
Loss = 8.3937e-04, PNorm = 35.2059, GNorm = 0.3337, lr_0 = 7.8655e-04
Loss = 1.3553e-03, PNorm = 35.2068, GNorm = 0.2138, lr_0 = 7.8463e-04
Loss = 8.0783e-04, PNorm = 35.2080, GNorm = 0.0896, lr_0 = 7.8271e-04
Loss = 8.2166e-04, PNorm = 35.2092, GNorm = 0.3228, lr_0 = 7.8080e-04
Loss = 7.8424e-04, PNorm = 35.2104, GNorm = 0.2254, lr_0 = 7.7889e-04
Loss = 7.4908e-04, PNorm = 35.2118, GNorm = 0.2107, lr_0 = 7.7698e-04
Loss = 5.5401e-04, PNorm = 35.2133, GNorm = 0.0915, lr_0 = 7.7509e-04
Loss = 5.9548e-04, PNorm = 35.2150, GNorm = 0.0520, lr_0 = 7.7319e-04
Loss = 5.8788e-04, PNorm = 35.2168, GNorm = 0.1637, lr_0 = 7.7130e-04
Validation mae = nan
Epoch 13
Loss = 7.7284e-04, PNorm = 35.2182, GNorm = 0.1527, lr_0 = 7.6923e-04
Loss = 6.7587e-04, PNorm = 35.2192, GNorm = 0.1521, lr_0 = 7.6735e-04
Loss = 8.0505e-04, PNorm = 35.2206, GNorm = 0.1441, lr_0 = 7.6547e-04
Loss = 7.8639e-04, PNorm = 35.2217, GNorm = 0.3437, lr_0 = 7.6360e-04
Loss = 9.3449e-04, PNorm = 35.2229, GNorm = 0.2415, lr_0 = 7.6173e-04
Loss = 8.9420e-04, PNorm = 35.2240, GNorm = 0.2203, lr_0 = 7.5987e-04
Loss = 6.7440e-04, PNorm = 35.2253, GNorm = 0.1022, lr_0 = 7.5801e-04
Loss = 7.7860e-04, PNorm = 35.2261, GNorm = 0.1996, lr_0 = 7.5616e-04
Loss = 7.4885e-04, PNorm = 35.2285, GNorm = 0.1632, lr_0 = 7.5431e-04
Loss = 5.2199e-04, PNorm = 35.2310, GNorm = 0.0459, lr_0 = 7.5247e-04
Validation mae = nan
Epoch 14
Loss = 6.2173e-04, PNorm = 35.2333, GNorm = 0.0609, lr_0 = 7.5045e-04
Loss = 7.7125e-04, PNorm = 35.2345, GNorm = 0.0649, lr_0 = 7.4861e-04
Loss = 6.8310e-04, PNorm = 35.2362, GNorm = 0.2932, lr_0 = 7.4678e-04
Loss = 5.6243e-04, PNorm = 35.2376, GNorm = 0.0634, lr_0 = 7.4496e-04
Loss = 4.6606e-04, PNorm = 35.2387, GNorm = 0.0844, lr_0 = 7.4313e-04
Loss = 5.1710e-04, PNorm = 35.2404, GNorm = 0.0482, lr_0 = 7.4132e-04
Loss = 4.4777e-04, PNorm = 35.2417, GNorm = 0.1409, lr_0 = 7.3951e-04
Loss = 6.4304e-04, PNorm = 35.2425, GNorm = 0.1396, lr_0 = 7.3770e-04
Loss = 6.0552e-04, PNorm = 35.2439, GNorm = 0.1137, lr_0 = 7.3589e-04
Loss = 4.5097e-04, PNorm = 35.2454, GNorm = 0.1363, lr_0 = 7.3410e-04
Loss = 1.5350e-04, PNorm = 35.2454, GNorm = 0.1775, lr_0 = 7.3392e-04
Validation mae = nan
Epoch 15
Loss = 5.6090e-04, PNorm = 35.2466, GNorm = 0.2091, lr_0 = 7.3212e-04
Loss = 4.1334e-04, PNorm = 35.2478, GNorm = 0.0816, lr_0 = 7.3033e-04
Loss = 4.9444e-04, PNorm = 35.2488, GNorm = 0.2476, lr_0 = 7.2855e-04
Loss = 5.8356e-04, PNorm = 35.2506, GNorm = 0.0666, lr_0 = 7.2677e-04
Loss = 7.3076e-04, PNorm = 35.2518, GNorm = 0.1931, lr_0 = 7.2499e-04
Loss = 7.1568e-04, PNorm = 35.2533, GNorm = 0.1232, lr_0 = 7.2322e-04
Loss = 4.8356e-04, PNorm = 35.2549, GNorm = 0.0790, lr_0 = 7.2145e-04
Loss = 6.3816e-04, PNorm = 35.2564, GNorm = 0.0792, lr_0 = 7.1969e-04
Loss = 4.7687e-04, PNorm = 35.2580, GNorm = 0.0772, lr_0 = 7.1793e-04
Validation mae = nan
Epoch 16
Loss = 7.1080e-04, PNorm = 35.2591, GNorm = 0.1245, lr_0 = 7.1600e-04
Loss = 9.3434e-04, PNorm = 35.2596, GNorm = 0.2720, lr_0 = 7.1425e-04
Loss = 1.0904e-03, PNorm = 35.2603, GNorm = 0.3412, lr_0 = 7.1250e-04
Loss = 8.5315e-04, PNorm = 35.2618, GNorm = 0.1263, lr_0 = 7.1076e-04
Loss = 1.0063e-03, PNorm = 35.2637, GNorm = 0.2492, lr_0 = 7.0902e-04
Loss = 8.4172e-04, PNorm = 35.2646, GNorm = 0.2447, lr_0 = 7.0729e-04
Loss = 8.2707e-04, PNorm = 35.2655, GNorm = 0.2319, lr_0 = 7.0556e-04
Loss = 1.1965e-03, PNorm = 35.2667, GNorm = 0.3568, lr_0 = 7.0383e-04
Loss = 7.2646e-04, PNorm = 35.2679, GNorm = 0.1129, lr_0 = 7.0211e-04
Loss = 6.4843e-04, PNorm = 35.2693, GNorm = 0.1985, lr_0 = 7.0040e-04
Validation mae = nan
Epoch 17
Loss = 6.7691e-04, PNorm = 35.2706, GNorm = 0.1966, lr_0 = 6.9851e-04
Loss = 5.4273e-04, PNorm = 35.2720, GNorm = 0.0851, lr_0 = 6.9681e-04
Loss = 7.4786e-04, PNorm = 35.2733, GNorm = 0.4656, lr_0 = 6.9510e-04
Loss = 8.0246e-04, PNorm = 35.2746, GNorm = 0.1383, lr_0 = 6.9340e-04
Loss = 9.0772e-04, PNorm = 35.2769, GNorm = 0.1933, lr_0 = 6.9171e-04
Loss = 8.0707e-04, PNorm = 35.2791, GNorm = 0.1464, lr_0 = 6.9002e-04
Loss = 7.0378e-04, PNorm = 35.2803, GNorm = 0.1141, lr_0 = 6.8833e-04
Loss = 5.9458e-04, PNorm = 35.2809, GNorm = 0.2376, lr_0 = 6.8665e-04
Loss = 4.1793e-04, PNorm = 35.2819, GNorm = 0.0793, lr_0 = 6.8497e-04
Validation mae = nan
Epoch 18
Loss = 5.8059e-04, PNorm = 35.2836, GNorm = 0.1826, lr_0 = 6.8313e-04
Loss = 5.4931e-04, PNorm = 35.2851, GNorm = 0.2107, lr_0 = 6.8146e-04
Loss = 9.2232e-04, PNorm = 35.2859, GNorm = 0.5918, lr_0 = 6.7979e-04
Loss = 1.5219e-03, PNorm = 35.2865, GNorm = 0.5300, lr_0 = 6.7813e-04
Loss = 1.5399e-03, PNorm = 35.2875, GNorm = 0.2448, lr_0 = 6.7647e-04
Loss = 1.2778e-03, PNorm = 35.2893, GNorm = 0.1446, lr_0 = 6.7482e-04
Loss = 7.2134e-04, PNorm = 35.2906, GNorm = 0.2395, lr_0 = 6.7317e-04
Loss = 8.1293e-04, PNorm = 35.2921, GNorm = 0.1597, lr_0 = 6.7152e-04
Loss = 9.1070e-04, PNorm = 35.2943, GNorm = 0.1574, lr_0 = 6.6988e-04
Loss = 7.7309e-04, PNorm = 35.2965, GNorm = 0.1021, lr_0 = 6.6825e-04
Validation mae = nan
Epoch 19
Loss = 1.3265e-03, PNorm = 35.2984, GNorm = 0.3713, lr_0 = 6.6645e-04
Loss = 1.1402e-03, PNorm = 35.3002, GNorm = 0.2822, lr_0 = 6.6482e-04
Loss = 7.7901e-04, PNorm = 35.3026, GNorm = 0.1559, lr_0 = 6.6319e-04
Loss = 8.4084e-04, PNorm = 35.3043, GNorm = 0.1764, lr_0 = 6.6157e-04
Loss = 5.0219e-04, PNorm = 35.3056, GNorm = 0.1200, lr_0 = 6.5996e-04
Loss = 4.9315e-04, PNorm = 35.3075, GNorm = 0.1653, lr_0 = 6.5834e-04
Loss = 4.4242e-04, PNorm = 35.3089, GNorm = 0.1733, lr_0 = 6.5673e-04
Loss = 4.7326e-04, PNorm = 35.3106, GNorm = 0.1153, lr_0 = 6.5513e-04
Loss = 4.8256e-04, PNorm = 35.3118, GNorm = 0.1088, lr_0 = 6.5353e-04
Loss = 4.2961e-04, PNorm = 35.3135, GNorm = 0.0795, lr_0 = 6.5193e-04
Loss = 5.4714e-04, PNorm = 35.3139, GNorm = 0.1986, lr_0 = 6.5177e-04
Validation mae = nan
Epoch 20
Loss = 6.0093e-04, PNorm = 35.3162, GNorm = 0.1554, lr_0 = 6.5018e-04
Loss = 5.1591e-04, PNorm = 35.3179, GNorm = 0.1030, lr_0 = 6.4859e-04
Loss = 4.4662e-04, PNorm = 35.3195, GNorm = 0.0557, lr_0 = 6.4700e-04
Loss = 4.4171e-04, PNorm = 35.3216, GNorm = 0.0575, lr_0 = 6.4542e-04
Loss = 2.9238e-04, PNorm = 35.3232, GNorm = 0.0308, lr_0 = 6.4384e-04
Loss = 3.6909e-04, PNorm = 35.3242, GNorm = 0.0404, lr_0 = 6.4227e-04
Loss = 3.7531e-04, PNorm = 35.3248, GNorm = 0.0433, lr_0 = 6.4070e-04
Loss = 4.0991e-04, PNorm = 35.3257, GNorm = 0.0510, lr_0 = 6.3913e-04
Loss = 5.0086e-04, PNorm = 35.3273, GNorm = 0.1528, lr_0 = 6.3757e-04
Validation mae = nan
Epoch 21
Loss = 3.9240e-04, PNorm = 35.3299, GNorm = 0.1583, lr_0 = 6.3586e-04
Loss = 5.0824e-04, PNorm = 35.3322, GNorm = 0.1522, lr_0 = 6.3430e-04
Loss = 5.2532e-04, PNorm = 35.3343, GNorm = 0.1893, lr_0 = 6.3275e-04
Loss = 4.4836e-04, PNorm = 35.3354, GNorm = 0.1298, lr_0 = 6.3120e-04
Loss = 5.1789e-04, PNorm = 35.3370, GNorm = 0.0577, lr_0 = 6.2966e-04
Loss = 4.1032e-04, PNorm = 35.3389, GNorm = 0.0677, lr_0 = 6.2812e-04
Loss = 4.1299e-04, PNorm = 35.3402, GNorm = 0.1358, lr_0 = 6.2659e-04
Loss = 5.8106e-04, PNorm = 35.3415, GNorm = 0.3124, lr_0 = 6.2506e-04
Loss = 4.9410e-04, PNorm = 35.3430, GNorm = 0.1927, lr_0 = 6.2353e-04
Loss = 6.1711e-04, PNorm = 35.3447, GNorm = 0.1962, lr_0 = 6.2200e-04
Validation mae = nan
Epoch 22
Loss = 5.1646e-04, PNorm = 35.3458, GNorm = 0.1345, lr_0 = 6.2033e-04
Loss = 6.7946e-04, PNorm = 35.3471, GNorm = 0.1283, lr_0 = 6.1881e-04
Loss = 7.9669e-04, PNorm = 35.3489, GNorm = 0.1739, lr_0 = 6.1730e-04
Loss = 5.3585e-04, PNorm = 35.3507, GNorm = 0.1078, lr_0 = 6.1579e-04
Loss = 3.2805e-04, PNorm = 35.3522, GNorm = 0.0920, lr_0 = 6.1429e-04
Loss = 3.8188e-04, PNorm = 35.3537, GNorm = 0.0605, lr_0 = 6.1279e-04
Loss = 3.3533e-04, PNorm = 35.3554, GNorm = 0.1229, lr_0 = 6.1129e-04
Loss = 3.2491e-04, PNorm = 35.3566, GNorm = 0.0918, lr_0 = 6.0979e-04
Loss = 3.6265e-04, PNorm = 35.3579, GNorm = 0.1198, lr_0 = 6.0830e-04
Validation mae = nan
Epoch 23
Loss = 6.9957e-04, PNorm = 35.3594, GNorm = 0.2592, lr_0 = 6.0667e-04
Loss = 4.6427e-04, PNorm = 35.3609, GNorm = 0.1360, lr_0 = 6.0518e-04
Loss = 3.5578e-04, PNorm = 35.3630, GNorm = 0.1369, lr_0 = 6.0371e-04
Loss = 4.0808e-04, PNorm = 35.3651, GNorm = 0.2113, lr_0 = 6.0223e-04
Loss = 4.4750e-04, PNorm = 35.3663, GNorm = 0.1840, lr_0 = 6.0076e-04
Loss = 5.2509e-04, PNorm = 35.3671, GNorm = 0.1127, lr_0 = 5.9929e-04
Loss = 6.8462e-04, PNorm = 35.3685, GNorm = 0.2716, lr_0 = 5.9782e-04
Loss = 3.6657e-04, PNorm = 35.3695, GNorm = 0.0807, lr_0 = 5.9636e-04
Loss = 3.4910e-04, PNorm = 35.3708, GNorm = 0.0553, lr_0 = 5.9490e-04
Loss = 2.4085e-04, PNorm = 35.3728, GNorm = 0.1738, lr_0 = 5.9345e-04
Validation mae = nan
Epoch 24
Loss = 8.2535e-04, PNorm = 35.3749, GNorm = 0.1783, lr_0 = 5.9185e-04
Loss = 4.6708e-04, PNorm = 35.3766, GNorm = 0.1707, lr_0 = 5.9041e-04
Loss = 6.8697e-04, PNorm = 35.3784, GNorm = 0.2448, lr_0 = 5.8896e-04
Loss = 7.7017e-04, PNorm = 35.3799, GNorm = 0.2159, lr_0 = 5.8753e-04
Loss = 7.0573e-04, PNorm = 35.3823, GNorm = 0.2427, lr_0 = 5.8609e-04
Loss = 4.9162e-04, PNorm = 35.3837, GNorm = 0.2241, lr_0 = 5.8466e-04
Loss = 7.0449e-04, PNorm = 35.3854, GNorm = 0.1693, lr_0 = 5.8323e-04
Loss = 7.6374e-04, PNorm = 35.3871, GNorm = 0.1125, lr_0 = 5.8180e-04
Loss = 8.0673e-04, PNorm = 35.3896, GNorm = 0.2438, lr_0 = 5.8038e-04
Loss = 1.4599e-03, PNorm = 35.3914, GNorm = 0.2487, lr_0 = 5.7896e-04
Validation mae = nan
Epoch 25
Loss = 1.0028e-03, PNorm = 35.3933, GNorm = 0.1553, lr_0 = 5.7755e-04
Loss = 6.6628e-04, PNorm = 35.3956, GNorm = 0.0984, lr_0 = 5.7613e-04
Loss = 4.2590e-04, PNorm = 35.3980, GNorm = 0.0789, lr_0 = 5.7472e-04
Loss = 4.5371e-04, PNorm = 35.4003, GNorm = 0.1568, lr_0 = 5.7332e-04
Loss = 5.3985e-04, PNorm = 35.4020, GNorm = 0.1530, lr_0 = 5.7192e-04
Loss = 3.2240e-04, PNorm = 35.4035, GNorm = 0.0982, lr_0 = 5.7052e-04
Loss = 4.6396e-04, PNorm = 35.4053, GNorm = 0.1190, lr_0 = 5.6913e-04
Loss = 4.0529e-04, PNorm = 35.4071, GNorm = 0.1795, lr_0 = 5.6773e-04
Loss = 6.2105e-04, PNorm = 35.4084, GNorm = 0.3156, lr_0 = 5.6635e-04
Validation mae = nan
Epoch 26
Loss = 2.9901e-03, PNorm = 35.4099, GNorm = 0.5518, lr_0 = 5.6482e-04
Loss = 2.1582e-03, PNorm = 35.4129, GNorm = 0.3117, lr_0 = 5.6344e-04
Loss = 1.7163e-03, PNorm = 35.4161, GNorm = 0.3901, lr_0 = 5.6207e-04
Loss = 1.4066e-03, PNorm = 35.4185, GNorm = 0.2571, lr_0 = 5.6069e-04
Loss = 7.8302e-04, PNorm = 35.4206, GNorm = 0.1189, lr_0 = 5.5932e-04
Loss = 8.1766e-04, PNorm = 35.4227, GNorm = 0.1312, lr_0 = 5.5795e-04
Loss = 5.9512e-04, PNorm = 35.4243, GNorm = 0.2252, lr_0 = 5.5659e-04
Loss = 5.0787e-04, PNorm = 35.4258, GNorm = 0.1412, lr_0 = 5.5523e-04
Loss = 6.3218e-04, PNorm = 35.4275, GNorm = 0.1174, lr_0 = 5.5387e-04
Loss = 6.2598e-04, PNorm = 35.4289, GNorm = 0.1550, lr_0 = 5.5252e-04
Validation mae = nan
Epoch 27
Loss = 6.7985e-04, PNorm = 35.4302, GNorm = 0.1237, lr_0 = 5.5103e-04
Loss = 6.7908e-04, PNorm = 35.4311, GNorm = 0.0933, lr_0 = 5.4969e-04
Loss = 4.8280e-04, PNorm = 35.4320, GNorm = 0.0820, lr_0 = 5.4834e-04
Loss = 3.4488e-04, PNorm = 35.4326, GNorm = 0.1294, lr_0 = 5.4700e-04
Loss = 4.0329e-04, PNorm = 35.4346, GNorm = 0.0941, lr_0 = 5.4566e-04
Loss = 3.4224e-04, PNorm = 35.4365, GNorm = 0.1427, lr_0 = 5.4433e-04
Loss = 2.6342e-04, PNorm = 35.4379, GNorm = 0.1147, lr_0 = 5.4300e-04
Loss = 3.0987e-04, PNorm = 35.4395, GNorm = 0.1155, lr_0 = 5.4167e-04
Loss = 2.8743e-04, PNorm = 35.4409, GNorm = 0.0610, lr_0 = 5.4035e-04
Validation mae = nan
Epoch 28
Loss = 3.7590e-04, PNorm = 35.4429, GNorm = 0.1641, lr_0 = 5.3890e-04
Loss = 3.8431e-04, PNorm = 35.4447, GNorm = 0.1059, lr_0 = 5.3758e-04
Loss = 4.4488e-04, PNorm = 35.4461, GNorm = 0.1146, lr_0 = 5.3626e-04
Loss = 3.2558e-04, PNorm = 35.4476, GNorm = 0.0545, lr_0 = 5.3495e-04
Loss = 2.2895e-04, PNorm = 35.4488, GNorm = 0.0451, lr_0 = 5.3365e-04
Loss = 2.0323e-04, PNorm = 35.4496, GNorm = 0.0724, lr_0 = 5.3234e-04
Loss = 2.7711e-04, PNorm = 35.4508, GNorm = 0.0660, lr_0 = 5.3104e-04
Loss = 2.6464e-04, PNorm = 35.4522, GNorm = 0.0872, lr_0 = 5.2974e-04
Loss = 2.3968e-04, PNorm = 35.4535, GNorm = 0.0529, lr_0 = 5.2845e-04
Loss = 2.8430e-04, PNorm = 35.4550, GNorm = 0.0998, lr_0 = 5.2716e-04
Validation mae = nan
Epoch 29
Loss = 1.3501e-03, PNorm = 35.4566, GNorm = 0.2496, lr_0 = 5.2574e-04
Loss = 7.4763e-04, PNorm = 35.4573, GNorm = 0.1349, lr_0 = 5.2445e-04
Loss = 5.7154e-04, PNorm = 35.4589, GNorm = 0.0452, lr_0 = 5.2317e-04
Loss = 5.6328e-04, PNorm = 35.4617, GNorm = 0.1634, lr_0 = 5.2189e-04
Loss = 6.6600e-04, PNorm = 35.4632, GNorm = 0.2198, lr_0 = 5.2062e-04
Loss = 5.2777e-04, PNorm = 35.4652, GNorm = 0.1962, lr_0 = 5.1934e-04
Loss = 3.8400e-04, PNorm = 35.4672, GNorm = 0.1674, lr_0 = 5.1807e-04
Loss = 4.0127e-04, PNorm = 35.4691, GNorm = 0.1576, lr_0 = 5.1681e-04
Loss = 6.3126e-04, PNorm = 35.4707, GNorm = 0.1227, lr_0 = 5.1554e-04
Loss = 3.2033e-04, PNorm = 35.4729, GNorm = 0.0569, lr_0 = 5.1428e-04
Validation mae = nan
Epoch 30
Loss = 4.2106e-04, PNorm = 35.4743, GNorm = 0.1192, lr_0 = 5.1290e-04
Loss = 3.4639e-04, PNorm = 35.4753, GNorm = 0.1504, lr_0 = 5.1165e-04
Loss = 2.9007e-04, PNorm = 35.4769, GNorm = 0.1200, lr_0 = 5.1040e-04
Loss = 3.7689e-04, PNorm = 35.4784, GNorm = 0.2526, lr_0 = 5.0915e-04
Loss = 4.4952e-04, PNorm = 35.4795, GNorm = 0.0585, lr_0 = 5.0790e-04
Loss = 3.3915e-04, PNorm = 35.4813, GNorm = 0.0634, lr_0 = 5.0666e-04
Loss = 3.2546e-04, PNorm = 35.4830, GNorm = 0.0440, lr_0 = 5.0542e-04
Loss = 2.9511e-04, PNorm = 35.4844, GNorm = 0.1107, lr_0 = 5.0419e-04
Loss = 3.6229e-04, PNorm = 35.4856, GNorm = 0.1341, lr_0 = 5.0296e-04
Validation mae = nan
Epoch 31
Loss = 3.9617e-04, PNorm = 35.4872, GNorm = 0.0836, lr_0 = 5.0160e-04
Loss = 2.7834e-04, PNorm = 35.4883, GNorm = 0.0403, lr_0 = 5.0038e-04
Loss = 1.9487e-04, PNorm = 35.4896, GNorm = 0.0834, lr_0 = 4.9916e-04
Loss = 2.9146e-04, PNorm = 35.4909, GNorm = 0.1176, lr_0 = 4.9793e-04
Loss = 3.4736e-04, PNorm = 35.4917, GNorm = 0.0815, lr_0 = 4.9672e-04
Loss = 4.3762e-04, PNorm = 35.4936, GNorm = 0.0915, lr_0 = 4.9550e-04
Loss = 4.7486e-04, PNorm = 35.4963, GNorm = 0.2737, lr_0 = 4.9429e-04
Loss = 4.0220e-04, PNorm = 35.4983, GNorm = 0.0705, lr_0 = 4.9308e-04
Loss = 2.4011e-04, PNorm = 35.4996, GNorm = 0.1322, lr_0 = 4.9188e-04
Loss = 2.8880e-04, PNorm = 35.5012, GNorm = 0.1601, lr_0 = 4.9068e-04
Validation mae = nan
Epoch 32
Loss = 1.3658e-03, PNorm = 35.5026, GNorm = 0.4718, lr_0 = 4.8936e-04
Loss = 1.8733e-03, PNorm = 35.5048, GNorm = 0.4088, lr_0 = 4.8816e-04
Loss = 8.8744e-04, PNorm = 35.5088, GNorm = 0.1936, lr_0 = 4.8697e-04
Loss = 5.7043e-04, PNorm = 35.5107, GNorm = 0.1223, lr_0 = 4.8578e-04
Loss = 7.1322e-04, PNorm = 35.5124, GNorm = 0.2211, lr_0 = 4.8459e-04
Loss = 8.8014e-04, PNorm = 35.5132, GNorm = 0.1383, lr_0 = 4.8341e-04
Loss = 5.7443e-04, PNorm = 35.5139, GNorm = 0.1719, lr_0 = 4.8222e-04
Loss = 6.4766e-04, PNorm = 35.5148, GNorm = 0.0899, lr_0 = 4.8104e-04
Loss = 3.6678e-04, PNorm = 35.5163, GNorm = 0.0683, lr_0 = 4.7987e-04
Validation mae = nan
Epoch 33
Loss = 6.7239e-04, PNorm = 35.5174, GNorm = 0.2264, lr_0 = 4.7858e-04
Loss = 4.5031e-04, PNorm = 35.5182, GNorm = 0.0619, lr_0 = 4.7741e-04
Loss = 3.3812e-04, PNorm = 35.5200, GNorm = 0.1710, lr_0 = 4.7624e-04
Loss = 2.8446e-04, PNorm = 35.5212, GNorm = 0.1228, lr_0 = 4.7508e-04
Loss = 3.1219e-04, PNorm = 35.5223, GNorm = 0.0452, lr_0 = 4.7392e-04
Loss = 2.7530e-04, PNorm = 35.5243, GNorm = 0.0994, lr_0 = 4.7276e-04
Loss = 2.2128e-04, PNorm = 35.5259, GNorm = 0.0353, lr_0 = 4.7160e-04
Loss = 1.8155e-04, PNorm = 35.5273, GNorm = 0.0584, lr_0 = 4.7045e-04
Loss = 2.2163e-04, PNorm = 35.5286, GNorm = 0.0572, lr_0 = 4.6930e-04
Loss = 2.1639e-04, PNorm = 35.5296, GNorm = 0.1175, lr_0 = 4.6815e-04
Validation mae = nan
Epoch 34
Loss = 2.2447e-04, PNorm = 35.5303, GNorm = 0.0230, lr_0 = 4.6689e-04
Loss = 2.1771e-04, PNorm = 35.5314, GNorm = 0.0384, lr_0 = 4.6575e-04
Loss = 1.8953e-04, PNorm = 35.5333, GNorm = 0.1244, lr_0 = 4.6461e-04
Loss = 2.2986e-04, PNorm = 35.5344, GNorm = 0.0540, lr_0 = 4.6348e-04
Loss = 2.5770e-04, PNorm = 35.5353, GNorm = 0.1630, lr_0 = 4.6234e-04
Loss = 2.0108e-04, PNorm = 35.5367, GNorm = 0.0259, lr_0 = 4.6121e-04
Loss = 2.6064e-04, PNorm = 35.5380, GNorm = 0.0435, lr_0 = 4.6009e-04
Loss = 2.2469e-04, PNorm = 35.5395, GNorm = 0.0905, lr_0 = 4.5896e-04
Loss = 2.6122e-04, PNorm = 35.5406, GNorm = 0.1145, lr_0 = 4.5784e-04
Loss = 2.9975e-04, PNorm = 35.5414, GNorm = 0.1822, lr_0 = 4.5672e-04
Validation mae = nan
Epoch 35
Loss = 7.2915e-04, PNorm = 35.5422, GNorm = 0.2737, lr_0 = 4.5549e-04
Loss = 7.7166e-04, PNorm = 35.5432, GNorm = 0.0842, lr_0 = 4.5438e-04
Loss = 5.2031e-04, PNorm = 35.5456, GNorm = 0.0900, lr_0 = 4.5327e-04
Loss = 3.0896e-04, PNorm = 35.5476, GNorm = 0.1757, lr_0 = 4.5216e-04
Loss = 2.3241e-04, PNorm = 35.5490, GNorm = 0.1090, lr_0 = 4.5106e-04
Loss = 3.1042e-04, PNorm = 35.5506, GNorm = 0.1613, lr_0 = 4.4995e-04
Loss = 3.2801e-04, PNorm = 35.5521, GNorm = 0.1090, lr_0 = 4.4885e-04
Loss = 2.9343e-04, PNorm = 35.5533, GNorm = 0.1107, lr_0 = 4.4776e-04
Loss = 3.0269e-04, PNorm = 35.5547, GNorm = 0.1925, lr_0 = 4.4666e-04
Validation mae = nan
Epoch 36
Loss = 3.6152e-04, PNorm = 35.5562, GNorm = 0.1662, lr_0 = 4.4546e-04
Loss = 2.4213e-04, PNorm = 35.5572, GNorm = 0.0680, lr_0 = 4.4437e-04
Loss = 1.6200e-04, PNorm = 35.5585, GNorm = 0.0445, lr_0 = 4.4329e-04
Loss = 1.6854e-04, PNorm = 35.5597, GNorm = 0.0945, lr_0 = 4.4220e-04
Loss = 2.6443e-04, PNorm = 35.5613, GNorm = 0.1002, lr_0 = 4.4112e-04
Loss = 2.1088e-04, PNorm = 35.5622, GNorm = 0.0912, lr_0 = 4.4004e-04
Loss = 2.1337e-04, PNorm = 35.5630, GNorm = 0.0686, lr_0 = 4.3897e-04
Loss = 2.4183e-04, PNorm = 35.5642, GNorm = 0.0946, lr_0 = 4.3789e-04
Loss = 2.0552e-04, PNorm = 35.5659, GNorm = 0.0448, lr_0 = 4.3682e-04
Loss = 2.2952e-04, PNorm = 35.5678, GNorm = 0.0772, lr_0 = 4.3576e-04
Validation mae = nan
Epoch 37
Loss = 3.7517e-04, PNorm = 35.5694, GNorm = 0.1309, lr_0 = 4.3458e-04
Loss = 2.9248e-04, PNorm = 35.5703, GNorm = 0.0878, lr_0 = 4.3352e-04
Loss = 2.2835e-04, PNorm = 35.5714, GNorm = 0.1243, lr_0 = 4.3246e-04
Loss = 2.1140e-04, PNorm = 35.5723, GNorm = 0.1383, lr_0 = 4.3141e-04
Loss = 2.1491e-04, PNorm = 35.5737, GNorm = 0.1371, lr_0 = 4.3035e-04
Loss = 2.5339e-04, PNorm = 35.5747, GNorm = 0.0685, lr_0 = 4.2930e-04
Loss = 2.8441e-04, PNorm = 35.5762, GNorm = 0.1045, lr_0 = 4.2825e-04
Loss = 2.0194e-04, PNorm = 35.5772, GNorm = 0.0847, lr_0 = 4.2720e-04
Loss = 3.2692e-04, PNorm = 35.5786, GNorm = 0.1231, lr_0 = 4.2616e-04
Validation mae = nan
Epoch 38
Loss = 7.8672e-04, PNorm = 35.5797, GNorm = 0.2744, lr_0 = 4.2501e-04
Loss = 4.5499e-04, PNorm = 35.5805, GNorm = 0.1342, lr_0 = 4.2397e-04
Loss = 3.8158e-04, PNorm = 35.5815, GNorm = 0.1409, lr_0 = 4.2294e-04
Loss = 1.9551e-04, PNorm = 35.5827, GNorm = 0.1070, lr_0 = 4.2190e-04
Loss = 2.4239e-04, PNorm = 35.5837, GNorm = 0.1153, lr_0 = 4.2087e-04
Loss = 3.1485e-04, PNorm = 35.5853, GNorm = 0.0625, lr_0 = 4.1984e-04
Loss = 3.3754e-04, PNorm = 35.5869, GNorm = 0.2251, lr_0 = 4.1882e-04
Loss = 3.9160e-04, PNorm = 35.5888, GNorm = 0.0511, lr_0 = 4.1779e-04
Loss = 2.6058e-04, PNorm = 35.5901, GNorm = 0.0985, lr_0 = 4.1677e-04
Loss = 1.8537e-04, PNorm = 35.5912, GNorm = 0.0732, lr_0 = 4.1575e-04
Validation mae = nan
Epoch 39
Loss = 1.1498e-03, PNorm = 35.5933, GNorm = 0.2233, lr_0 = 4.1463e-04
Loss = 7.9128e-04, PNorm = 35.5942, GNorm = 0.3330, lr_0 = 4.1362e-04
Loss = 5.2927e-04, PNorm = 35.5947, GNorm = 0.1074, lr_0 = 4.1261e-04
Loss = 3.7322e-04, PNorm = 35.5962, GNorm = 0.0754, lr_0 = 4.1160e-04
Loss = 3.3401e-04, PNorm = 35.5973, GNorm = 0.1352, lr_0 = 4.1060e-04
Loss = 3.3449e-04, PNorm = 35.5992, GNorm = 0.1403, lr_0 = 4.0959e-04
Loss = 2.9777e-04, PNorm = 35.6009, GNorm = 0.1070, lr_0 = 4.0859e-04
Loss = 2.1560e-04, PNorm = 35.6026, GNorm = 0.1051, lr_0 = 4.0759e-04
Loss = 2.6415e-04, PNorm = 35.6040, GNorm = 0.0633, lr_0 = 4.0660e-04
Loss = 3.0665e-04, PNorm = 35.6049, GNorm = 0.0997, lr_0 = 4.0560e-04
Validation mae = nan
Epoch 40
Loss = 2.3133e-04, PNorm = 35.6059, GNorm = 0.1453, lr_0 = 4.0451e-04
Loss = 2.5939e-04, PNorm = 35.6067, GNorm = 0.1034, lr_0 = 4.0352e-04
Loss = 2.2203e-04, PNorm = 35.6079, GNorm = 0.0619, lr_0 = 4.0254e-04
Loss = 3.1062e-04, PNorm = 35.6095, GNorm = 0.0766, lr_0 = 4.0155e-04
Loss = 3.5315e-04, PNorm = 35.6110, GNorm = 0.0901, lr_0 = 4.0057e-04
Loss = 4.0247e-04, PNorm = 35.6124, GNorm = 0.1977, lr_0 = 3.9959e-04
Loss = 2.6500e-04, PNorm = 35.6141, GNorm = 0.1418, lr_0 = 3.9861e-04
Loss = 2.0284e-04, PNorm = 35.6156, GNorm = 0.0739, lr_0 = 3.9764e-04
Loss = 2.0343e-04, PNorm = 35.6162, GNorm = 0.0280, lr_0 = 3.9667e-04
Validation mae = nan
Epoch 41
Loss = 2.7625e-04, PNorm = 35.6173, GNorm = 0.0996, lr_0 = 3.9560e-04
Loss = 2.6700e-04, PNorm = 35.6181, GNorm = 0.1519, lr_0 = 3.9463e-04
Loss = 2.9672e-04, PNorm = 35.6189, GNorm = 0.1178, lr_0 = 3.9367e-04
Loss = 3.1059e-04, PNorm = 35.6198, GNorm = 0.0779, lr_0 = 3.9271e-04
Loss = 3.2149e-04, PNorm = 35.6205, GNorm = 0.0959, lr_0 = 3.9175e-04
Loss = 4.6808e-04, PNorm = 35.6214, GNorm = 0.1433, lr_0 = 3.9079e-04
Loss = 2.5740e-04, PNorm = 35.6225, GNorm = 0.0892, lr_0 = 3.8983e-04
Loss = 2.6527e-04, PNorm = 35.6237, GNorm = 0.1227, lr_0 = 3.8888e-04
Loss = 2.6667e-04, PNorm = 35.6255, GNorm = 0.1430, lr_0 = 3.8793e-04
Loss = 2.3058e-04, PNorm = 35.6272, GNorm = 0.0393, lr_0 = 3.8698e-04
Validation mae = nan
Epoch 42
Loss = 3.1531e-04, PNorm = 35.6292, GNorm = 0.1356, lr_0 = 3.8594e-04
Loss = 1.9153e-04, PNorm = 35.6304, GNorm = 0.1200, lr_0 = 3.8500e-04
Loss = 1.8152e-04, PNorm = 35.6318, GNorm = 0.0656, lr_0 = 3.8406e-04
Loss = 2.0410e-04, PNorm = 35.6327, GNorm = 0.0650, lr_0 = 3.8312e-04
Loss = 1.9623e-04, PNorm = 35.6336, GNorm = 0.0450, lr_0 = 3.8218e-04
Loss = 1.7352e-04, PNorm = 35.6351, GNorm = 0.0420, lr_0 = 3.8125e-04
Loss = 1.9096e-04, PNorm = 35.6361, GNorm = 0.0921, lr_0 = 3.8032e-04
Loss = 2.7957e-04, PNorm = 35.6374, GNorm = 0.0725, lr_0 = 3.7939e-04
Loss = 2.8142e-04, PNorm = 35.6387, GNorm = 0.1110, lr_0 = 3.7846e-04
Validation mae = nan
Epoch 43
Loss = 5.4708e-04, PNorm = 35.6409, GNorm = 0.2229, lr_0 = 3.7744e-04
Loss = 4.0635e-04, PNorm = 35.6431, GNorm = 0.0735, lr_0 = 3.7652e-04
Loss = 3.1502e-04, PNorm = 35.6449, GNorm = 0.1105, lr_0 = 3.7560e-04
Loss = 4.2432e-04, PNorm = 35.6461, GNorm = 0.1202, lr_0 = 3.7468e-04
Loss = 3.6550e-04, PNorm = 35.6476, GNorm = 0.1376, lr_0 = 3.7376e-04
Loss = 3.5722e-04, PNorm = 35.6490, GNorm = 0.0796, lr_0 = 3.7285e-04
Loss = 2.8114e-04, PNorm = 35.6502, GNorm = 0.1499, lr_0 = 3.7194e-04
Loss = 3.4826e-04, PNorm = 35.6514, GNorm = 0.1251, lr_0 = 3.7103e-04
Loss = 3.2123e-04, PNorm = 35.6523, GNorm = 0.0341, lr_0 = 3.7012e-04
Loss = 2.6589e-04, PNorm = 35.6537, GNorm = 0.1277, lr_0 = 3.6922e-04
Validation mae = nan
Epoch 44
Loss = 2.5775e-04, PNorm = 35.6545, GNorm = 0.1575, lr_0 = 3.6823e-04
Loss = 3.0170e-04, PNorm = 35.6549, GNorm = 0.1571, lr_0 = 3.6733e-04
Loss = 3.6148e-04, PNorm = 35.6560, GNorm = 0.0674, lr_0 = 3.6643e-04
Loss = 3.8116e-04, PNorm = 35.6573, GNorm = 0.2243, lr_0 = 3.6553e-04
Loss = 2.1803e-04, PNorm = 35.6587, GNorm = 0.0335, lr_0 = 3.6464e-04
Loss = 2.1245e-04, PNorm = 35.6600, GNorm = 0.0415, lr_0 = 3.6375e-04
Loss = 2.2532e-04, PNorm = 35.6612, GNorm = 0.1276, lr_0 = 3.6286e-04
Loss = 1.8140e-04, PNorm = 35.6624, GNorm = 0.0266, lr_0 = 3.6197e-04
Loss = 2.4637e-04, PNorm = 35.6633, GNorm = 0.0618, lr_0 = 3.6109e-04
Loss = 2.5346e-04, PNorm = 35.6639, GNorm = 0.0960, lr_0 = 3.6020e-04
Validation mae = nan
Epoch 45
Loss = 1.9155e-04, PNorm = 35.6651, GNorm = 0.0772, lr_0 = 3.5923e-04
Loss = 1.6811e-04, PNorm = 35.6665, GNorm = 0.0743, lr_0 = 3.5836e-04
Loss = 1.6728e-04, PNorm = 35.6677, GNorm = 0.1032, lr_0 = 3.5748e-04
Loss = 1.5739e-04, PNorm = 35.6683, GNorm = 0.0594, lr_0 = 3.5661e-04
Loss = 1.8828e-04, PNorm = 35.6691, GNorm = 0.0648, lr_0 = 3.5574e-04
Loss = 1.3995e-04, PNorm = 35.6701, GNorm = 0.0435, lr_0 = 3.5487e-04
Loss = 1.2823e-04, PNorm = 35.6707, GNorm = 0.0514, lr_0 = 3.5400e-04
Loss = 1.7591e-04, PNorm = 35.6718, GNorm = 0.0594, lr_0 = 3.5313e-04
Loss = 1.3096e-04, PNorm = 35.6730, GNorm = 0.0490, lr_0 = 3.5227e-04
Validation mae = nan
Epoch 46
Loss = 2.3479e-04, PNorm = 35.6746, GNorm = 0.0983, lr_0 = 3.5132e-04
Loss = 2.0838e-04, PNorm = 35.6757, GNorm = 0.0881, lr_0 = 3.5046e-04
Loss = 1.1764e-04, PNorm = 35.6766, GNorm = 0.0529, lr_0 = 3.4961e-04
Loss = 1.7201e-04, PNorm = 35.6774, GNorm = 0.0657, lr_0 = 3.4875e-04
Loss = 1.9832e-04, PNorm = 35.6782, GNorm = 0.0913, lr_0 = 3.4790e-04
Loss = 2.2744e-04, PNorm = 35.6793, GNorm = 0.0410, lr_0 = 3.4705e-04
Loss = 1.7459e-04, PNorm = 35.6802, GNorm = 0.0744, lr_0 = 3.4620e-04
Loss = 1.5547e-04, PNorm = 35.6818, GNorm = 0.0613, lr_0 = 3.4535e-04
Loss = 2.7409e-04, PNorm = 35.6832, GNorm = 0.1336, lr_0 = 3.4451e-04
Loss = 1.6231e-04, PNorm = 35.6844, GNorm = 0.0483, lr_0 = 3.4367e-04
Validation mae = nan
Epoch 47
Loss = 1.9214e-04, PNorm = 35.6850, GNorm = 0.0389, lr_0 = 3.4274e-04
Loss = 1.6936e-04, PNorm = 35.6861, GNorm = 0.0707, lr_0 = 3.4191e-04
Loss = 1.7462e-04, PNorm = 35.6873, GNorm = 0.0518, lr_0 = 3.4107e-04
Loss = 1.4184e-04, PNorm = 35.6887, GNorm = 0.0644, lr_0 = 3.4024e-04
Loss = 1.4907e-04, PNorm = 35.6897, GNorm = 0.0884, lr_0 = 3.3941e-04
Loss = 1.5654e-04, PNorm = 35.6907, GNorm = 0.0625, lr_0 = 3.3858e-04
Loss = 1.6829e-04, PNorm = 35.6919, GNorm = 0.0975, lr_0 = 3.3775e-04
Loss = 1.6850e-04, PNorm = 35.6931, GNorm = 0.0723, lr_0 = 3.3692e-04
Loss = 1.1919e-04, PNorm = 35.6941, GNorm = 0.0729, lr_0 = 3.3610e-04
Validation mae = nan
Epoch 48
Loss = 3.5060e-04, PNorm = 35.6954, GNorm = 0.1650, lr_0 = 3.3520e-04
Loss = 2.5427e-04, PNorm = 35.6965, GNorm = 0.0241, lr_0 = 3.3438e-04
Loss = 1.8962e-04, PNorm = 35.6972, GNorm = 0.0665, lr_0 = 3.3356e-04
Loss = 1.3539e-04, PNorm = 35.6979, GNorm = 0.0275, lr_0 = 3.3274e-04
Loss = 1.2951e-04, PNorm = 35.6986, GNorm = 0.1055, lr_0 = 3.3193e-04
Loss = 1.6537e-04, PNorm = 35.6996, GNorm = 0.0623, lr_0 = 3.3112e-04
Loss = 1.3524e-04, PNorm = 35.7002, GNorm = 0.0518, lr_0 = 3.3031e-04
Loss = 1.4615e-04, PNorm = 35.7010, GNorm = 0.1067, lr_0 = 3.2950e-04
Loss = 1.9371e-04, PNorm = 35.7016, GNorm = 0.0832, lr_0 = 3.2870e-04
Loss = 1.7797e-04, PNorm = 35.7030, GNorm = 0.1074, lr_0 = 3.2789e-04
Validation mae = nan
Epoch 49
Loss = 2.3575e-04, PNorm = 35.7046, GNorm = 0.0696, lr_0 = 3.2701e-04
Loss = 2.6687e-04, PNorm = 35.7054, GNorm = 0.0518, lr_0 = 3.2621e-04
Loss = 1.8390e-04, PNorm = 35.7061, GNorm = 0.0294, lr_0 = 3.2541e-04
Loss = 1.6422e-04, PNorm = 35.7074, GNorm = 0.0467, lr_0 = 3.2462e-04
Loss = 1.3524e-04, PNorm = 35.7084, GNorm = 0.0883, lr_0 = 3.2382e-04
Loss = 1.2830e-04, PNorm = 35.7097, GNorm = 0.0422, lr_0 = 3.2303e-04
Loss = 8.9143e-05, PNorm = 35.7105, GNorm = 0.0322, lr_0 = 3.2224e-04
Loss = 1.2568e-04, PNorm = 35.7112, GNorm = 0.0455, lr_0 = 3.2146e-04
Loss = 1.3765e-04, PNorm = 35.7122, GNorm = 0.0528, lr_0 = 3.2067e-04
Loss = 2.0330e-04, PNorm = 35.7130, GNorm = 0.1076, lr_0 = 3.1989e-04
Validation mae = nan
Epoch 50
Loss = 3.3969e-04, PNorm = 35.7133, GNorm = 0.2070, lr_0 = 3.1910e-04
Loss = 2.5609e-04, PNorm = 35.7134, GNorm = 0.0864, lr_0 = 3.1832e-04
Loss = 1.6047e-04, PNorm = 35.7145, GNorm = 0.0431, lr_0 = 3.1755e-04
Loss = 1.6209e-04, PNorm = 35.7161, GNorm = 0.0513, lr_0 = 3.1677e-04
Loss = 1.2811e-04, PNorm = 35.7173, GNorm = 0.0557, lr_0 = 3.1600e-04
Loss = 1.7701e-04, PNorm = 35.7180, GNorm = 0.0655, lr_0 = 3.1522e-04
Loss = 1.3769e-04, PNorm = 35.7191, GNorm = 0.0422, lr_0 = 3.1445e-04
Loss = 1.4512e-04, PNorm = 35.7200, GNorm = 0.0394, lr_0 = 3.1368e-04
Loss = 1.6328e-04, PNorm = 35.7212, GNorm = 0.1029, lr_0 = 3.1292e-04
Validation mae = nan
Epoch 51
Loss = 5.2665e-04, PNorm = 35.7221, GNorm = 0.1626, lr_0 = 3.1208e-04
Loss = 7.9668e-04, PNorm = 35.7236, GNorm = 0.2284, lr_0 = 3.1131e-04
Loss = 5.8930e-04, PNorm = 35.7244, GNorm = 0.1070, lr_0 = 3.1055e-04
Loss = 3.4484e-04, PNorm = 35.7256, GNorm = 0.1793, lr_0 = 3.0979e-04
Loss = 4.1161e-04, PNorm = 35.7263, GNorm = 0.0928, lr_0 = 3.0904e-04
Loss = 3.0107e-04, PNorm = 35.7272, GNorm = 0.1797, lr_0 = 3.0828e-04
Loss = 2.1995e-04, PNorm = 35.7282, GNorm = 0.0762, lr_0 = 3.0753e-04
Loss = 2.5786e-04, PNorm = 35.7295, GNorm = 0.1154, lr_0 = 3.0677e-04
Loss = 2.2751e-04, PNorm = 35.7304, GNorm = 0.0997, lr_0 = 3.0602e-04
Loss = 1.9079e-04, PNorm = 35.7319, GNorm = 0.0601, lr_0 = 3.0528e-04
Validation mae = nan
Epoch 52
Loss = 1.2499e-04, PNorm = 35.7324, GNorm = 0.0889, lr_0 = 3.0446e-04
Loss = 1.6717e-04, PNorm = 35.7328, GNorm = 0.1361, lr_0 = 3.0371e-04
Loss = 3.0590e-04, PNorm = 35.7341, GNorm = 0.2183, lr_0 = 3.0297e-04
Loss = 2.4061e-04, PNorm = 35.7346, GNorm = 0.0421, lr_0 = 3.0223e-04
Loss = 3.0813e-04, PNorm = 35.7358, GNorm = 0.1220, lr_0 = 3.0149e-04
Loss = 1.7334e-04, PNorm = 35.7370, GNorm = 0.0263, lr_0 = 3.0075e-04
Loss = 1.4725e-04, PNorm = 35.7379, GNorm = 0.0500, lr_0 = 3.0002e-04
Loss = 1.1921e-04, PNorm = 35.7393, GNorm = 0.0491, lr_0 = 2.9928e-04
Loss = 1.2815e-04, PNorm = 35.7401, GNorm = 0.0429, lr_0 = 2.9855e-04
Loss = 1.6772e-04, PNorm = 35.7409, GNorm = 0.0456, lr_0 = 2.9782e-04
Loss = 1.0356e-04, PNorm = 35.7410, GNorm = 0.1420, lr_0 = 2.9775e-04
Validation mae = nan
Epoch 53
Loss = 2.1295e-04, PNorm = 35.7416, GNorm = 0.1313, lr_0 = 2.9702e-04
Loss = 2.0618e-04, PNorm = 35.7420, GNorm = 0.0900, lr_0 = 2.9630e-04
Loss = 1.6844e-04, PNorm = 35.7433, GNorm = 0.0461, lr_0 = 2.9557e-04
Loss = 1.3783e-04, PNorm = 35.7444, GNorm = 0.0325, lr_0 = 2.9485e-04
Loss = 1.0642e-04, PNorm = 35.7454, GNorm = 0.0237, lr_0 = 2.9413e-04
Loss = 1.1055e-04, PNorm = 35.7462, GNorm = 0.0462, lr_0 = 2.9341e-04
Loss = 1.0813e-04, PNorm = 35.7470, GNorm = 0.0333, lr_0 = 2.9269e-04
Loss = 1.1500e-04, PNorm = 35.7478, GNorm = 0.0455, lr_0 = 2.9198e-04
Loss = 1.1719e-04, PNorm = 35.7482, GNorm = 0.0668, lr_0 = 2.9126e-04
Validation mae = nan
Epoch 54
Loss = 2.0544e-04, PNorm = 35.7490, GNorm = 0.1291, lr_0 = 2.9048e-04
Loss = 1.7304e-04, PNorm = 35.7499, GNorm = 0.0723, lr_0 = 2.8977e-04
Loss = 1.6287e-04, PNorm = 35.7504, GNorm = 0.0432, lr_0 = 2.8906e-04
Loss = 1.8220e-04, PNorm = 35.7511, GNorm = 0.1436, lr_0 = 2.8836e-04
Loss = 1.5468e-04, PNorm = 35.7523, GNorm = 0.0724, lr_0 = 2.8765e-04
Loss = 1.5494e-04, PNorm = 35.7531, GNorm = 0.1008, lr_0 = 2.8695e-04
Loss = 1.3767e-04, PNorm = 35.7539, GNorm = 0.0546, lr_0 = 2.8625e-04
Loss = 1.5766e-04, PNorm = 35.7552, GNorm = 0.1098, lr_0 = 2.8555e-04
Loss = 1.6394e-04, PNorm = 35.7564, GNorm = 0.0896, lr_0 = 2.8485e-04
Loss = 1.1996e-04, PNorm = 35.7574, GNorm = 0.0388, lr_0 = 2.8415e-04
Validation mae = nan
Epoch 55
Loss = 2.3220e-04, PNorm = 35.7579, GNorm = 0.0685, lr_0 = 2.8339e-04
Loss = 1.5395e-04, PNorm = 35.7587, GNorm = 0.0291, lr_0 = 2.8269e-04
Loss = 1.2392e-04, PNorm = 35.7596, GNorm = 0.0507, lr_0 = 2.8200e-04
Loss = 1.0465e-04, PNorm = 35.7604, GNorm = 0.0732, lr_0 = 2.8131e-04
Loss = 1.0796e-04, PNorm = 35.7611, GNorm = 0.0486, lr_0 = 2.8063e-04
Loss = 8.7449e-05, PNorm = 35.7622, GNorm = 0.0316, lr_0 = 2.7994e-04
Loss = 8.7127e-05, PNorm = 35.7629, GNorm = 0.0321, lr_0 = 2.7926e-04
Loss = 8.5941e-05, PNorm = 35.7637, GNorm = 0.0282, lr_0 = 2.7857e-04
Loss = 9.8794e-05, PNorm = 35.7645, GNorm = 0.0472, lr_0 = 2.7789e-04
Validation mae = nan
Epoch 56
Loss = 1.5338e-04, PNorm = 35.7652, GNorm = 0.0442, lr_0 = 2.7715e-04
Loss = 1.2476e-04, PNorm = 35.7661, GNorm = 0.0693, lr_0 = 2.7647e-04
Loss = 1.4829e-04, PNorm = 35.7666, GNorm = 0.1053, lr_0 = 2.7579e-04
Loss = 2.0734e-04, PNorm = 35.7673, GNorm = 0.1016, lr_0 = 2.7512e-04
Loss = 2.5514e-04, PNorm = 35.7677, GNorm = 0.1465, lr_0 = 2.7445e-04
Loss = 2.4440e-04, PNorm = 35.7679, GNorm = 0.0567, lr_0 = 2.7377e-04
Loss = 2.2187e-04, PNorm = 35.7688, GNorm = 0.1126, lr_0 = 2.7311e-04
Loss = 1.4906e-04, PNorm = 35.7698, GNorm = 0.0795, lr_0 = 2.7244e-04
Loss = 1.4265e-04, PNorm = 35.7709, GNorm = 0.0838, lr_0 = 2.7177e-04
Loss = 2.1928e-04, PNorm = 35.7714, GNorm = 0.1536, lr_0 = 2.7111e-04
Validation mae = nan
Epoch 57
Loss = 3.8342e-04, PNorm = 35.7720, GNorm = 0.1088, lr_0 = 2.7038e-04
Loss = 6.3086e-04, PNorm = 35.7735, GNorm = 0.2253, lr_0 = 2.6972e-04
Loss = 5.7639e-04, PNorm = 35.7751, GNorm = 0.2512, lr_0 = 2.6906e-04
Loss = 7.7753e-04, PNorm = 35.7753, GNorm = 0.1206, lr_0 = 2.6840e-04
Loss = 5.3459e-04, PNorm = 35.7758, GNorm = 0.0882, lr_0 = 2.6774e-04
Loss = 6.1774e-04, PNorm = 35.7775, GNorm = 0.0564, lr_0 = 2.6709e-04
Loss = 3.3315e-04, PNorm = 35.7791, GNorm = 0.0895, lr_0 = 2.6644e-04
Loss = 4.1918e-04, PNorm = 35.7804, GNorm = 0.1841, lr_0 = 2.6579e-04
Loss = 3.2348e-04, PNorm = 35.7819, GNorm = 0.2012, lr_0 = 2.6514e-04
Loss = 2.6729e-04, PNorm = 35.7831, GNorm = 0.1118, lr_0 = 2.6449e-04
Loss = 4.0545e-04, PNorm = 35.7832, GNorm = 0.1992, lr_0 = 2.6442e-04
Validation mae = nan
Epoch 58
Loss = 2.6621e-04, PNorm = 35.7838, GNorm = 0.0529, lr_0 = 2.6378e-04
Loss = 1.5627e-04, PNorm = 35.7845, GNorm = 0.0442, lr_0 = 2.6313e-04
Loss = 1.4311e-04, PNorm = 35.7858, GNorm = 0.0629, lr_0 = 2.6249e-04
Loss = 1.9455e-04, PNorm = 35.7871, GNorm = 0.0377, lr_0 = 2.6185e-04
Loss = 1.6003e-04, PNorm = 35.7881, GNorm = 0.0564, lr_0 = 2.6121e-04
Loss = 1.0711e-04, PNorm = 35.7888, GNorm = 0.0313, lr_0 = 2.6057e-04
Loss = 1.3340e-04, PNorm = 35.7890, GNorm = 0.0362, lr_0 = 2.5993e-04
Loss = 1.5062e-04, PNorm = 35.7896, GNorm = 0.0711, lr_0 = 2.5930e-04
Loss = 1.0881e-04, PNorm = 35.7908, GNorm = 0.0607, lr_0 = 2.5866e-04
Validation mae = nan
Epoch 59
Loss = 5.2957e-04, PNorm = 35.7923, GNorm = 0.2194, lr_0 = 2.5797e-04
Loss = 3.1834e-04, PNorm = 35.7927, GNorm = 0.0815, lr_0 = 2.5734e-04
Loss = 1.9675e-04, PNorm = 35.7931, GNorm = 0.0532, lr_0 = 2.5671e-04
Loss = 1.5412e-04, PNorm = 35.7942, GNorm = 0.0206, lr_0 = 2.5608e-04
Loss = 1.3566e-04, PNorm = 35.7953, GNorm = 0.0681, lr_0 = 2.5545e-04
Loss = 1.4531e-04, PNorm = 35.7962, GNorm = 0.0784, lr_0 = 2.5483e-04
Loss = 1.2499e-04, PNorm = 35.7977, GNorm = 0.0875, lr_0 = 2.5421e-04
Loss = 1.1421e-04, PNorm = 35.7985, GNorm = 0.0321, lr_0 = 2.5359e-04
Loss = 8.3362e-05, PNorm = 35.7990, GNorm = 0.0364, lr_0 = 2.5297e-04
Loss = 8.4398e-05, PNorm = 35.7995, GNorm = 0.0407, lr_0 = 2.5235e-04
Validation mae = nan
Epoch 60
Loss = 1.3789e-04, PNorm = 35.8001, GNorm = 0.1343, lr_0 = 2.5167e-04
Loss = 1.0746e-04, PNorm = 35.8006, GNorm = 0.0537, lr_0 = 2.5105e-04
Loss = 9.1853e-05, PNorm = 35.8012, GNorm = 0.0474, lr_0 = 2.5044e-04
Loss = 1.2257e-04, PNorm = 35.8022, GNorm = 0.0262, lr_0 = 2.4983e-04
Loss = 1.1250e-04, PNorm = 35.8030, GNorm = 0.0452, lr_0 = 2.4922e-04
Loss = 7.5674e-05, PNorm = 35.8037, GNorm = 0.0139, lr_0 = 2.4861e-04
Loss = 9.5183e-05, PNorm = 35.8045, GNorm = 0.0617, lr_0 = 2.4800e-04
Loss = 8.8714e-05, PNorm = 35.8051, GNorm = 0.0296, lr_0 = 2.4739e-04
Loss = 1.1087e-04, PNorm = 35.8054, GNorm = 0.1158, lr_0 = 2.4679e-04
Validation mae = nan
Epoch 61
Loss = 2.7889e-04, PNorm = 35.8059, GNorm = 0.1397, lr_0 = 2.4613e-04
Loss = 1.7185e-04, PNorm = 35.8065, GNorm = 0.0775, lr_0 = 2.4552e-04
Loss = 1.3789e-04, PNorm = 35.8073, GNorm = 0.0627, lr_0 = 2.4492e-04
Loss = 1.2703e-04, PNorm = 35.8074, GNorm = 0.0647, lr_0 = 2.4432e-04
Loss = 1.3674e-04, PNorm = 35.8080, GNorm = 0.0188, lr_0 = 2.4373e-04
Loss = 1.1263e-04, PNorm = 35.8089, GNorm = 0.0729, lr_0 = 2.4313e-04
Loss = 1.0108e-04, PNorm = 35.8094, GNorm = 0.0303, lr_0 = 2.4254e-04
Loss = 9.8738e-05, PNorm = 35.8103, GNorm = 0.0746, lr_0 = 2.4194e-04
Loss = 6.9477e-05, PNorm = 35.8110, GNorm = 0.0386, lr_0 = 2.4135e-04
Loss = 1.1483e-04, PNorm = 35.8116, GNorm = 0.0681, lr_0 = 2.4076e-04
Validation mae = nan
Epoch 62
Loss = 9.0546e-05, PNorm = 35.8121, GNorm = 0.0766, lr_0 = 2.4012e-04
Loss = 9.9045e-05, PNorm = 35.8129, GNorm = 0.0174, lr_0 = 2.3953e-04
Loss = 8.0396e-05, PNorm = 35.8138, GNorm = 0.0604, lr_0 = 2.3894e-04
Loss = 8.3503e-05, PNorm = 35.8143, GNorm = 0.0385, lr_0 = 2.3836e-04
Loss = 9.5084e-05, PNorm = 35.8148, GNorm = 0.0222, lr_0 = 2.3778e-04
Loss = 9.8319e-05, PNorm = 35.8158, GNorm = 0.0189, lr_0 = 2.3720e-04
Loss = 9.6370e-05, PNorm = 35.8163, GNorm = 0.0753, lr_0 = 2.3662e-04
Loss = 7.1079e-05, PNorm = 35.8166, GNorm = 0.0499, lr_0 = 2.3604e-04
Loss = 1.1899e-04, PNorm = 35.8171, GNorm = 0.0605, lr_0 = 2.3546e-04
Loss = 1.0767e-04, PNorm = 35.8183, GNorm = 0.0271, lr_0 = 2.3488e-04
Loss = 7.2835e-05, PNorm = 35.8184, GNorm = 0.0997, lr_0 = 2.3483e-04
Validation mae = nan
Epoch 63
Loss = 1.2603e-04, PNorm = 35.8194, GNorm = 0.0926, lr_0 = 2.3425e-04
Loss = 1.0685e-04, PNorm = 35.8206, GNorm = 0.0728, lr_0 = 2.3368e-04
Loss = 7.0204e-05, PNorm = 35.8213, GNorm = 0.0310, lr_0 = 2.3311e-04
Loss = 6.9848e-05, PNorm = 35.8217, GNorm = 0.0357, lr_0 = 2.3254e-04
Loss = 8.9436e-05, PNorm = 35.8221, GNorm = 0.0643, lr_0 = 2.3197e-04
Loss = 6.6549e-05, PNorm = 35.8225, GNorm = 0.0474, lr_0 = 2.3140e-04
Loss = 6.5106e-05, PNorm = 35.8232, GNorm = 0.0173, lr_0 = 2.3084e-04
Loss = 7.6964e-05, PNorm = 35.8238, GNorm = 0.0261, lr_0 = 2.3027e-04
Loss = 7.3057e-05, PNorm = 35.8243, GNorm = 0.0464, lr_0 = 2.2971e-04
Validation mae = nan
Epoch 64
Loss = 6.1364e-05, PNorm = 35.8251, GNorm = 0.0400, lr_0 = 2.2909e-04
Loss = 7.5142e-05, PNorm = 35.8259, GNorm = 0.0640, lr_0 = 2.2853e-04
Loss = 9.6929e-05, PNorm = 35.8268, GNorm = 0.0376, lr_0 = 2.2797e-04
Loss = 9.4045e-05, PNorm = 35.8274, GNorm = 0.0483, lr_0 = 2.2742e-04
Loss = 8.7112e-05, PNorm = 35.8279, GNorm = 0.0510, lr_0 = 2.2686e-04
Loss = 8.3112e-05, PNorm = 35.8283, GNorm = 0.0571, lr_0 = 2.2631e-04
Loss = 7.0243e-05, PNorm = 35.8288, GNorm = 0.0342, lr_0 = 2.2575e-04
Loss = 6.1531e-05, PNorm = 35.8293, GNorm = 0.0412, lr_0 = 2.2520e-04
Loss = 9.1279e-05, PNorm = 35.8301, GNorm = 0.1122, lr_0 = 2.2465e-04
Loss = 2.3401e-04, PNorm = 35.8308, GNorm = 0.0398, lr_0 = 2.2410e-04
Validation mae = nan
Epoch 65
Loss = 4.9590e-04, PNorm = 35.8317, GNorm = 0.1196, lr_0 = 2.2350e-04
Loss = 5.0153e-04, PNorm = 35.8336, GNorm = 0.1904, lr_0 = 2.2295e-04
Loss = 4.3659e-04, PNorm = 35.8342, GNorm = 0.1112, lr_0 = 2.2241e-04
Loss = 3.1950e-04, PNorm = 35.8345, GNorm = 0.0719, lr_0 = 2.2186e-04
Loss = 2.8683e-04, PNorm = 35.8353, GNorm = 0.0946, lr_0 = 2.2132e-04
Loss = 2.1175e-04, PNorm = 35.8358, GNorm = 0.0742, lr_0 = 2.2078e-04
Loss = 1.6474e-04, PNorm = 35.8369, GNorm = 0.1630, lr_0 = 2.2024e-04
Loss = 1.1947e-04, PNorm = 35.8376, GNorm = 0.0719, lr_0 = 2.1970e-04
Loss = 1.0651e-04, PNorm = 35.8385, GNorm = 0.0610, lr_0 = 2.1917e-04
Validation mae = nan
Epoch 66
Loss = 1.0210e-04, PNorm = 35.8392, GNorm = 0.0489, lr_0 = 2.1858e-04
Loss = 1.4690e-04, PNorm = 35.8398, GNorm = 0.0879, lr_0 = 2.1804e-04
Loss = 1.2486e-04, PNorm = 35.8404, GNorm = 0.1069, lr_0 = 2.1751e-04
Loss = 1.3574e-04, PNorm = 35.8408, GNorm = 0.0904, lr_0 = 2.1698e-04
Loss = 1.1134e-04, PNorm = 35.8414, GNorm = 0.0496, lr_0 = 2.1645e-04
Loss = 1.5894e-04, PNorm = 35.8423, GNorm = 0.1029, lr_0 = 2.1592e-04
Loss = 2.2996e-04, PNorm = 35.8434, GNorm = 0.0838, lr_0 = 2.1539e-04
Loss = 2.7137e-04, PNorm = 35.8444, GNorm = 0.1649, lr_0 = 2.1486e-04
Loss = 2.2648e-04, PNorm = 35.8462, GNorm = 0.0383, lr_0 = 2.1434e-04
Loss = 1.5171e-04, PNorm = 35.8471, GNorm = 0.0538, lr_0 = 2.1382e-04
Validation mae = nan
Epoch 67
Loss = 1.3058e-04, PNorm = 35.8478, GNorm = 0.0371, lr_0 = 2.1324e-04
Loss = 1.2501e-04, PNorm = 35.8486, GNorm = 0.1261, lr_0 = 2.1272e-04
Loss = 1.8489e-04, PNorm = 35.8487, GNorm = 0.0755, lr_0 = 2.1220e-04
Loss = 1.1949e-04, PNorm = 35.8494, GNorm = 0.0451, lr_0 = 2.1168e-04
Loss = 1.2077e-04, PNorm = 35.8499, GNorm = 0.0770, lr_0 = 2.1116e-04
Loss = 1.0188e-04, PNorm = 35.8501, GNorm = 0.0363, lr_0 = 2.1065e-04
Loss = 1.0278e-04, PNorm = 35.8508, GNorm = 0.0672, lr_0 = 2.1013e-04
Loss = 1.0714e-04, PNorm = 35.8519, GNorm = 0.0312, lr_0 = 2.0962e-04
Loss = 9.6227e-05, PNorm = 35.8528, GNorm = 0.0255, lr_0 = 2.0911e-04
Loss = 7.1765e-05, PNorm = 35.8531, GNorm = 0.0515, lr_0 = 2.0859e-04
Loss = 2.2869e-04, PNorm = 35.8533, GNorm = 0.2624, lr_0 = 2.0854e-04
Validation mae = nan
Epoch 68
Loss = 3.6618e-04, PNorm = 35.8540, GNorm = 0.1433, lr_0 = 2.0803e-04
Loss = 1.8338e-04, PNorm = 35.8549, GNorm = 0.0526, lr_0 = 2.0753e-04
Loss = 1.5177e-04, PNorm = 35.8562, GNorm = 0.0754, lr_0 = 2.0702e-04
Loss = 8.6223e-05, PNorm = 35.8570, GNorm = 0.0429, lr_0 = 2.0651e-04
Loss = 9.3102e-05, PNorm = 35.8574, GNorm = 0.0572, lr_0 = 2.0601e-04
Loss = 7.3640e-05, PNorm = 35.8577, GNorm = 0.0355, lr_0 = 2.0550e-04
Loss = 9.4914e-05, PNorm = 35.8585, GNorm = 0.0331, lr_0 = 2.0500e-04
Loss = 6.3901e-05, PNorm = 35.8590, GNorm = 0.0225, lr_0 = 2.0450e-04
Loss = 6.7133e-05, PNorm = 35.8598, GNorm = 0.0765, lr_0 = 2.0400e-04
Validation mae = nan
Epoch 69
Loss = 1.8504e-04, PNorm = 35.8601, GNorm = 0.1777, lr_0 = 2.0345e-04
Loss = 1.2437e-04, PNorm = 35.8609, GNorm = 0.0521, lr_0 = 2.0295e-04
Loss = 6.0369e-05, PNorm = 35.8615, GNorm = 0.0200, lr_0 = 2.0246e-04
Loss = 7.2219e-05, PNorm = 35.8623, GNorm = 0.0787, lr_0 = 2.0196e-04
Loss = 5.1645e-05, PNorm = 35.8626, GNorm = 0.0447, lr_0 = 2.0147e-04
Loss = 8.4201e-05, PNorm = 35.8632, GNorm = 0.0860, lr_0 = 2.0098e-04
Loss = 6.0455e-05, PNorm = 35.8638, GNorm = 0.0543, lr_0 = 2.0049e-04
Loss = 7.0373e-05, PNorm = 35.8641, GNorm = 0.0657, lr_0 = 2.0000e-04
Loss = 6.3995e-05, PNorm = 35.8643, GNorm = 0.0196, lr_0 = 1.9951e-04
Loss = 7.4553e-05, PNorm = 35.8649, GNorm = 0.0459, lr_0 = 1.9902e-04
Validation mae = nan
Epoch 70
Loss = 1.9731e-04, PNorm = 35.8652, GNorm = 0.0597, lr_0 = 1.9848e-04
Loss = 1.1726e-04, PNorm = 35.8648, GNorm = 0.0891, lr_0 = 1.9800e-04
Loss = 1.1096e-04, PNorm = 35.8654, GNorm = 0.0438, lr_0 = 1.9751e-04
Loss = 9.5291e-05, PNorm = 35.8661, GNorm = 0.0356, lr_0 = 1.9703e-04
Loss = 8.8878e-05, PNorm = 35.8668, GNorm = 0.0359, lr_0 = 1.9655e-04
Loss = 7.3801e-05, PNorm = 35.8678, GNorm = 0.0329, lr_0 = 1.9607e-04
Loss = 6.9170e-05, PNorm = 35.8682, GNorm = 0.0246, lr_0 = 1.9559e-04
Loss = 8.8786e-05, PNorm = 35.8687, GNorm = 0.0578, lr_0 = 1.9511e-04
Loss = 9.2470e-05, PNorm = 35.8689, GNorm = 0.0453, lr_0 = 1.9464e-04
Validation mae = nan
Epoch 71
Loss = 2.4038e-04, PNorm = 35.8690, GNorm = 0.0888, lr_0 = 1.9411e-04
Loss = 1.4256e-04, PNorm = 35.8694, GNorm = 0.0849, lr_0 = 1.9364e-04
Loss = 7.8382e-05, PNorm = 35.8703, GNorm = 0.0501, lr_0 = 1.9316e-04
Loss = 7.3123e-05, PNorm = 35.8712, GNorm = 0.0356, lr_0 = 1.9269e-04
Loss = 8.8444e-05, PNorm = 35.8717, GNorm = 0.0486, lr_0 = 1.9222e-04
Loss = 7.1642e-05, PNorm = 35.8721, GNorm = 0.0395, lr_0 = 1.9175e-04
Loss = 6.4275e-05, PNorm = 35.8726, GNorm = 0.0747, lr_0 = 1.9128e-04
Loss = 7.5178e-05, PNorm = 35.8728, GNorm = 0.0759, lr_0 = 1.9081e-04
Loss = 5.1009e-05, PNorm = 35.8733, GNorm = 0.0250, lr_0 = 1.9035e-04
Loss = 6.5643e-05, PNorm = 35.8738, GNorm = 0.0211, lr_0 = 1.8988e-04
Validation mae = nan
Epoch 72
Loss = 2.7620e-04, PNorm = 35.8744, GNorm = 0.1129, lr_0 = 1.8937e-04
Loss = 1.7474e-04, PNorm = 35.8750, GNorm = 0.1063, lr_0 = 1.8891e-04
Loss = 1.1102e-04, PNorm = 35.8753, GNorm = 0.0518, lr_0 = 1.8845e-04
Loss = 7.5768e-05, PNorm = 35.8754, GNorm = 0.0314, lr_0 = 1.8799e-04
Loss = 8.4541e-05, PNorm = 35.8761, GNorm = 0.0461, lr_0 = 1.8753e-04
Loss = 1.2076e-04, PNorm = 35.8763, GNorm = 0.0890, lr_0 = 1.8707e-04
Loss = 8.6966e-05, PNorm = 35.8771, GNorm = 0.0291, lr_0 = 1.8661e-04
Loss = 7.2814e-05, PNorm = 35.8779, GNorm = 0.0623, lr_0 = 1.8616e-04
Loss = 9.7190e-05, PNorm = 35.8784, GNorm = 0.0852, lr_0 = 1.8570e-04
Loss = 8.7318e-05, PNorm = 35.8789, GNorm = 0.0481, lr_0 = 1.8525e-04
Loss = 6.2341e-05, PNorm = 35.8789, GNorm = 0.1309, lr_0 = 1.8520e-04
Validation mae = nan
Epoch 73
Loss = 1.3936e-04, PNorm = 35.8796, GNorm = 0.0522, lr_0 = 1.8475e-04
Loss = 1.2888e-04, PNorm = 35.8798, GNorm = 0.1091, lr_0 = 1.8430e-04
Loss = 1.0644e-04, PNorm = 35.8804, GNorm = 0.0696, lr_0 = 1.8385e-04
Loss = 1.6356e-04, PNorm = 35.8812, GNorm = 0.0710, lr_0 = 1.8340e-04
Loss = 2.3312e-04, PNorm = 35.8820, GNorm = 0.1348, lr_0 = 1.8295e-04
Loss = 1.8047e-04, PNorm = 35.8826, GNorm = 0.0967, lr_0 = 1.8250e-04
Loss = 2.1797e-04, PNorm = 35.8835, GNorm = 0.1861, lr_0 = 1.8206e-04
Loss = 1.5956e-04, PNorm = 35.8840, GNorm = 0.0803, lr_0 = 1.8161e-04
Loss = 1.2029e-04, PNorm = 35.8842, GNorm = 0.0468, lr_0 = 1.8117e-04
Validation mae = nan
Epoch 74
Loss = 4.7207e-04, PNorm = 35.8847, GNorm = 0.1800, lr_0 = 1.8068e-04
Loss = 3.3780e-04, PNorm = 35.8849, GNorm = 0.0621, lr_0 = 1.8024e-04
Loss = 3.5217e-04, PNorm = 35.8856, GNorm = 0.1627, lr_0 = 1.7980e-04
Loss = 2.0511e-04, PNorm = 35.8868, GNorm = 0.0658, lr_0 = 1.7936e-04
Loss = 1.5828e-04, PNorm = 35.8870, GNorm = 0.0766, lr_0 = 1.7892e-04
Loss = 1.2580e-04, PNorm = 35.8878, GNorm = 0.0196, lr_0 = 1.7848e-04
Loss = 8.2430e-05, PNorm = 35.8883, GNorm = 0.0487, lr_0 = 1.7805e-04
Loss = 8.3064e-05, PNorm = 35.8888, GNorm = 0.0576, lr_0 = 1.7761e-04
Loss = 7.9258e-05, PNorm = 35.8894, GNorm = 0.0643, lr_0 = 1.7718e-04
Loss = 6.6074e-05, PNorm = 35.8899, GNorm = 0.0173, lr_0 = 1.7674e-04
Validation mae = nan
Epoch 75
Loss = 5.0049e-05, PNorm = 35.8901, GNorm = 0.0321, lr_0 = 1.7631e-04
Loss = 6.1328e-05, PNorm = 35.8906, GNorm = 0.0182, lr_0 = 1.7588e-04
Loss = 6.7893e-05, PNorm = 35.8912, GNorm = 0.0342, lr_0 = 1.7545e-04
Loss = 5.4856e-05, PNorm = 35.8922, GNorm = 0.0350, lr_0 = 1.7502e-04
Loss = 4.2446e-05, PNorm = 35.8927, GNorm = 0.0155, lr_0 = 1.7459e-04
Loss = 5.1863e-05, PNorm = 35.8932, GNorm = 0.0270, lr_0 = 1.7417e-04
Loss = 5.3622e-05, PNorm = 35.8935, GNorm = 0.0430, lr_0 = 1.7374e-04
Loss = 7.0621e-05, PNorm = 35.8939, GNorm = 0.0989, lr_0 = 1.7332e-04
Loss = 8.2629e-05, PNorm = 35.8944, GNorm = 0.0483, lr_0 = 1.7289e-04
Validation mae = nan
Epoch 76
Loss = 4.3951e-05, PNorm = 35.8946, GNorm = 0.0126, lr_0 = 1.7243e-04
Loss = 1.0684e-04, PNorm = 35.8952, GNorm = 0.0839, lr_0 = 1.7201e-04
Loss = 8.4924e-05, PNorm = 35.8956, GNorm = 0.0411, lr_0 = 1.7159e-04
Loss = 8.8890e-05, PNorm = 35.8961, GNorm = 0.1199, lr_0 = 1.7117e-04
Loss = 5.1880e-05, PNorm = 35.8965, GNorm = 0.0227, lr_0 = 1.7075e-04
Loss = 5.5275e-05, PNorm = 35.8970, GNorm = 0.0473, lr_0 = 1.7033e-04
Loss = 6.2790e-05, PNorm = 35.8973, GNorm = 0.0361, lr_0 = 1.6991e-04
Loss = 7.1982e-05, PNorm = 35.8978, GNorm = 0.0810, lr_0 = 1.6950e-04
Loss = 8.1625e-05, PNorm = 35.8982, GNorm = 0.0872, lr_0 = 1.6908e-04
Loss = 6.8609e-05, PNorm = 35.8987, GNorm = 0.0270, lr_0 = 1.6867e-04
Validation mae = nan
Epoch 77
Loss = 2.2172e-04, PNorm = 35.8988, GNorm = 0.1694, lr_0 = 1.6822e-04
Loss = 1.6663e-04, PNorm = 35.8994, GNorm = 0.0274, lr_0 = 1.6781e-04
Loss = 1.0604e-04, PNorm = 35.9002, GNorm = 0.1139, lr_0 = 1.6740e-04
Loss = 8.0227e-05, PNorm = 35.9006, GNorm = 0.0184, lr_0 = 1.6699e-04
Loss = 8.8635e-05, PNorm = 35.9007, GNorm = 0.1151, lr_0 = 1.6658e-04
Loss = 8.9157e-05, PNorm = 35.9009, GNorm = 0.0264, lr_0 = 1.6617e-04
Loss = 7.1203e-05, PNorm = 35.9013, GNorm = 0.0311, lr_0 = 1.6577e-04
Loss = 5.2782e-05, PNorm = 35.9016, GNorm = 0.0232, lr_0 = 1.6536e-04
Loss = 6.5420e-05, PNorm = 35.9021, GNorm = 0.0199, lr_0 = 1.6496e-04
Loss = 5.4225e-05, PNorm = 35.9027, GNorm = 0.0126, lr_0 = 1.6455e-04
Validation mae = nan
Epoch 78
Loss = 6.8523e-05, PNorm = 35.9031, GNorm = 0.0503, lr_0 = 1.6411e-04
Loss = 5.8945e-05, PNorm = 35.9037, GNorm = 0.0372, lr_0 = 1.6371e-04
Loss = 4.7366e-05, PNorm = 35.9041, GNorm = 0.0385, lr_0 = 1.6331e-04
Loss = 4.6290e-05, PNorm = 35.9042, GNorm = 0.0595, lr_0 = 1.6291e-04
Loss = 6.3229e-05, PNorm = 35.9048, GNorm = 0.0226, lr_0 = 1.6251e-04
Loss = 4.8893e-05, PNorm = 35.9050, GNorm = 0.0329, lr_0 = 1.6211e-04
Loss = 6.0885e-05, PNorm = 35.9056, GNorm = 0.0266, lr_0 = 1.6172e-04
Loss = 6.0314e-05, PNorm = 35.9062, GNorm = 0.0818, lr_0 = 1.6132e-04
Loss = 6.7297e-05, PNorm = 35.9066, GNorm = 0.0553, lr_0 = 1.6093e-04
Validation mae = nan
Epoch 79
Loss = 2.4848e-04, PNorm = 35.9069, GNorm = 0.0658, lr_0 = 1.6050e-04
Loss = 2.0516e-04, PNorm = 35.9071, GNorm = 0.0743, lr_0 = 1.6010e-04
Loss = 1.7080e-04, PNorm = 35.9077, GNorm = 0.1297, lr_0 = 1.5971e-04
Loss = 1.0206e-04, PNorm = 35.9085, GNorm = 0.0276, lr_0 = 1.5932e-04
Loss = 6.4729e-05, PNorm = 35.9091, GNorm = 0.0585, lr_0 = 1.5893e-04
Loss = 4.9108e-05, PNorm = 35.9094, GNorm = 0.0104, lr_0 = 1.5854e-04
Loss = 3.7069e-05, PNorm = 35.9096, GNorm = 0.0453, lr_0 = 1.5816e-04
Loss = 4.5154e-05, PNorm = 35.9100, GNorm = 0.0287, lr_0 = 1.5777e-04
Loss = 6.0253e-05, PNorm = 35.9107, GNorm = 0.0768, lr_0 = 1.5738e-04
Loss = 4.6606e-05, PNorm = 35.9113, GNorm = 0.0543, lr_0 = 1.5700e-04
Validation mae = nan
Epoch 80
Loss = 7.9673e-05, PNorm = 35.9118, GNorm = 0.0490, lr_0 = 1.5658e-04
Loss = 7.6357e-05, PNorm = 35.9120, GNorm = 0.0522, lr_0 = 1.5619e-04
Loss = 5.5460e-05, PNorm = 35.9124, GNorm = 0.0259, lr_0 = 1.5581e-04
Loss = 4.7011e-05, PNorm = 35.9127, GNorm = 0.0220, lr_0 = 1.5543e-04
Loss = 4.1744e-05, PNorm = 35.9131, GNorm = 0.0233, lr_0 = 1.5505e-04
Loss = 5.3182e-05, PNorm = 35.9133, GNorm = 0.0382, lr_0 = 1.5467e-04
Loss = 4.5439e-05, PNorm = 35.9138, GNorm = 0.0327, lr_0 = 1.5429e-04
Loss = 4.6188e-05, PNorm = 35.9145, GNorm = 0.0326, lr_0 = 1.5392e-04
Loss = 4.7848e-05, PNorm = 35.9149, GNorm = 0.0282, lr_0 = 1.5354e-04
Validation mae = nan
Epoch 81
Loss = 5.3745e-05, PNorm = 35.9152, GNorm = 0.0402, lr_0 = 1.5313e-04
Loss = 7.5287e-05, PNorm = 35.9154, GNorm = 0.0448, lr_0 = 1.5275e-04
Loss = 7.3498e-05, PNorm = 35.9161, GNorm = 0.0423, lr_0 = 1.5238e-04
Loss = 7.9591e-05, PNorm = 35.9166, GNorm = 0.0611, lr_0 = 1.5201e-04
Loss = 9.6054e-05, PNorm = 35.9173, GNorm = 0.0709, lr_0 = 1.5164e-04
Loss = 6.1803e-05, PNorm = 35.9180, GNorm = 0.0247, lr_0 = 1.5127e-04
Loss = 5.1480e-05, PNorm = 35.9184, GNorm = 0.0272, lr_0 = 1.5090e-04
Loss = 5.5578e-05, PNorm = 35.9191, GNorm = 0.0534, lr_0 = 1.5053e-04
Loss = 4.9051e-05, PNorm = 35.9196, GNorm = 0.0532, lr_0 = 1.5016e-04
Loss = 4.3851e-05, PNorm = 35.9199, GNorm = 0.0352, lr_0 = 1.4979e-04
Validation mae = nan
Epoch 82
Loss = 4.4920e-05, PNorm = 35.9203, GNorm = 0.0218, lr_0 = 1.4939e-04
Loss = 6.3306e-05, PNorm = 35.9206, GNorm = 0.0585, lr_0 = 1.4902e-04
Loss = 5.7807e-05, PNorm = 35.9211, GNorm = 0.0340, lr_0 = 1.4866e-04
Loss = 3.9344e-05, PNorm = 35.9217, GNorm = 0.0240, lr_0 = 1.4830e-04
Loss = 4.4278e-05, PNorm = 35.9219, GNorm = 0.0379, lr_0 = 1.4793e-04
Loss = 3.6052e-05, PNorm = 35.9223, GNorm = 0.0134, lr_0 = 1.4757e-04
Loss = 4.4584e-05, PNorm = 35.9228, GNorm = 0.0125, lr_0 = 1.4721e-04
Loss = 4.7281e-05, PNorm = 35.9231, GNorm = 0.0477, lr_0 = 1.4685e-04
Loss = 4.8103e-05, PNorm = 35.9237, GNorm = 0.0310, lr_0 = 1.4649e-04
Loss = 3.7381e-05, PNorm = 35.9241, GNorm = 0.0077, lr_0 = 1.4613e-04
Validation mae = nan
Epoch 83
Loss = 1.4250e-04, PNorm = 35.9244, GNorm = 0.0816, lr_0 = 1.4574e-04
Loss = 1.0435e-04, PNorm = 35.9251, GNorm = 0.0919, lr_0 = 1.4539e-04
Loss = 8.1211e-05, PNorm = 35.9256, GNorm = 0.0381, lr_0 = 1.4503e-04
Loss = 5.7610e-05, PNorm = 35.9260, GNorm = 0.0147, lr_0 = 1.4468e-04
Loss = 4.9712e-05, PNorm = 35.9264, GNorm = 0.0445, lr_0 = 1.4432e-04
Loss = 5.6344e-05, PNorm = 35.9267, GNorm = 0.0376, lr_0 = 1.4397e-04
Loss = 5.7955e-05, PNorm = 35.9271, GNorm = 0.0648, lr_0 = 1.4362e-04
Loss = 4.8921e-05, PNorm = 35.9273, GNorm = 0.0334, lr_0 = 1.4327e-04
Loss = 5.8012e-05, PNorm = 35.9278, GNorm = 0.0311, lr_0 = 1.4292e-04
Validation mae = nan
Epoch 84
Loss = 1.1032e-04, PNorm = 35.9283, GNorm = 0.0735, lr_0 = 1.4253e-04
Loss = 1.0152e-04, PNorm = 35.9291, GNorm = 0.0426, lr_0 = 1.4218e-04
Loss = 9.7319e-05, PNorm = 35.9299, GNorm = 0.0308, lr_0 = 1.4184e-04
Loss = 1.0369e-04, PNorm = 35.9307, GNorm = 0.0528, lr_0 = 1.4149e-04
Loss = 6.6854e-05, PNorm = 35.9314, GNorm = 0.0685, lr_0 = 1.4114e-04
Loss = 5.4808e-05, PNorm = 35.9315, GNorm = 0.0207, lr_0 = 1.4080e-04
Loss = 4.9525e-05, PNorm = 35.9318, GNorm = 0.0263, lr_0 = 1.4045e-04
Loss = 4.3454e-05, PNorm = 35.9321, GNorm = 0.0413, lr_0 = 1.4011e-04
Loss = 4.1894e-05, PNorm = 35.9325, GNorm = 0.0365, lr_0 = 1.3977e-04
Loss = 7.2561e-05, PNorm = 35.9327, GNorm = 0.0575, lr_0 = 1.3943e-04
Validation mae = nan
Epoch 85
Loss = 8.6406e-05, PNorm = 35.9329, GNorm = 0.0645, lr_0 = 1.3905e-04
Loss = 6.4793e-05, PNorm = 35.9332, GNorm = 0.0144, lr_0 = 1.3871e-04
Loss = 5.5556e-05, PNorm = 35.9333, GNorm = 0.0453, lr_0 = 1.3837e-04
Loss = 5.8260e-05, PNorm = 35.9335, GNorm = 0.0997, lr_0 = 1.3803e-04
Loss = 5.1727e-05, PNorm = 35.9338, GNorm = 0.0307, lr_0 = 1.3770e-04
Loss = 7.2462e-05, PNorm = 35.9339, GNorm = 0.0823, lr_0 = 1.3736e-04
Loss = 9.3222e-05, PNorm = 35.9340, GNorm = 0.0352, lr_0 = 1.3702e-04
Loss = 7.2908e-05, PNorm = 35.9345, GNorm = 0.0490, lr_0 = 1.3669e-04
Loss = 7.3318e-05, PNorm = 35.9348, GNorm = 0.0343, lr_0 = 1.3636e-04
Validation mae = nan
Epoch 86
Loss = 9.9667e-05, PNorm = 35.9355, GNorm = 0.1020, lr_0 = 1.3599e-04
Loss = 5.2880e-05, PNorm = 35.9362, GNorm = 0.0186, lr_0 = 1.3566e-04
Loss = 7.2188e-05, PNorm = 35.9367, GNorm = 0.0739, lr_0 = 1.3532e-04
Loss = 5.5934e-05, PNorm = 35.9371, GNorm = 0.0123, lr_0 = 1.3499e-04
Loss = 4.3425e-05, PNorm = 35.9377, GNorm = 0.0289, lr_0 = 1.3466e-04
Loss = 4.9458e-05, PNorm = 35.9378, GNorm = 0.0345, lr_0 = 1.3433e-04
Loss = 4.7997e-05, PNorm = 35.9385, GNorm = 0.0226, lr_0 = 1.3401e-04
Loss = 4.5625e-05, PNorm = 35.9387, GNorm = 0.0286, lr_0 = 1.3368e-04
Loss = 6.4120e-05, PNorm = 35.9390, GNorm = 0.0352, lr_0 = 1.3335e-04
Loss = 7.8249e-05, PNorm = 35.9391, GNorm = 0.0955, lr_0 = 1.3303e-04
Validation mae = nan
Epoch 87
Loss = 1.0520e-04, PNorm = 35.9392, GNorm = 0.0627, lr_0 = 1.3267e-04
Loss = 8.9323e-05, PNorm = 35.9392, GNorm = 0.0585, lr_0 = 1.3234e-04
Loss = 6.9764e-05, PNorm = 35.9397, GNorm = 0.0319, lr_0 = 1.3202e-04
Loss = 6.8249e-05, PNorm = 35.9403, GNorm = 0.0411, lr_0 = 1.3170e-04
Loss = 5.1479e-05, PNorm = 35.9405, GNorm = 0.0322, lr_0 = 1.3138e-04
Loss = 5.3151e-05, PNorm = 35.9411, GNorm = 0.0217, lr_0 = 1.3105e-04
Loss = 5.5886e-05, PNorm = 35.9418, GNorm = 0.0505, lr_0 = 1.3073e-04
Loss = 5.6935e-05, PNorm = 35.9423, GNorm = 0.0478, lr_0 = 1.3041e-04
Loss = 4.4995e-05, PNorm = 35.9426, GNorm = 0.0580, lr_0 = 1.3010e-04
Loss = 3.5527e-05, PNorm = 35.9428, GNorm = 0.0171, lr_0 = 1.2978e-04
Validation mae = nan
Epoch 88
Loss = 3.2990e-05, PNorm = 35.9431, GNorm = 0.0296, lr_0 = 1.2943e-04
Loss = 3.5806e-05, PNorm = 35.9433, GNorm = 0.0261, lr_0 = 1.2911e-04
Loss = 3.6940e-05, PNorm = 35.9439, GNorm = 0.0287, lr_0 = 1.2880e-04
Loss = 6.3690e-05, PNorm = 35.9441, GNorm = 0.0567, lr_0 = 1.2848e-04
Loss = 9.6217e-05, PNorm = 35.9443, GNorm = 0.0945, lr_0 = 1.2817e-04
Loss = 1.7103e-04, PNorm = 35.9449, GNorm = 0.0575, lr_0 = 1.2785e-04
Loss = 1.2182e-04, PNorm = 35.9452, GNorm = 0.0464, lr_0 = 1.2754e-04
Loss = 1.1599e-04, PNorm = 35.9453, GNorm = 0.1059, lr_0 = 1.2723e-04
Loss = 1.1935e-04, PNorm = 35.9460, GNorm = 0.0306, lr_0 = 1.2692e-04
Validation mae = nan
Epoch 89
Loss = 2.8556e-04, PNorm = 35.9469, GNorm = 0.1038, lr_0 = 1.2658e-04
Loss = 1.9377e-04, PNorm = 35.9476, GNorm = 0.0551, lr_0 = 1.2627e-04
Loss = 1.3699e-04, PNorm = 35.9480, GNorm = 0.1124, lr_0 = 1.2596e-04
Loss = 1.2194e-04, PNorm = 35.9483, GNorm = 0.1088, lr_0 = 1.2565e-04
Loss = 1.6709e-04, PNorm = 35.9487, GNorm = 0.1018, lr_0 = 1.2535e-04
Loss = 1.4333e-04, PNorm = 35.9494, GNorm = 0.0734, lr_0 = 1.2504e-04
Loss = 1.4161e-04, PNorm = 35.9494, GNorm = 0.0700, lr_0 = 1.2473e-04
Loss = 9.0960e-05, PNorm = 35.9494, GNorm = 0.0450, lr_0 = 1.2443e-04
Loss = 6.1299e-05, PNorm = 35.9498, GNorm = 0.0236, lr_0 = 1.2412e-04
Loss = 5.3494e-05, PNorm = 35.9503, GNorm = 0.0335, lr_0 = 1.2382e-04
Validation mae = nan
Epoch 90
Loss = 6.1042e-05, PNorm = 35.9506, GNorm = 0.0310, lr_0 = 1.2349e-04
Loss = 7.4003e-05, PNorm = 35.9508, GNorm = 0.0107, lr_0 = 1.2319e-04
Loss = 6.4943e-05, PNorm = 35.9512, GNorm = 0.0232, lr_0 = 1.2288e-04
Loss = 6.0755e-05, PNorm = 35.9517, GNorm = 0.0405, lr_0 = 1.2258e-04
Loss = 7.7448e-05, PNorm = 35.9521, GNorm = 0.0747, lr_0 = 1.2228e-04
Loss = 7.2535e-05, PNorm = 35.9523, GNorm = 0.0499, lr_0 = 1.2199e-04
Loss = 6.5554e-05, PNorm = 35.9525, GNorm = 0.0290, lr_0 = 1.2169e-04
Loss = 4.7124e-05, PNorm = 35.9527, GNorm = 0.0286, lr_0 = 1.2139e-04
Loss = 4.3320e-05, PNorm = 35.9531, GNorm = 0.0407, lr_0 = 1.2109e-04
Validation mae = nan
Epoch 91
Loss = 8.6330e-05, PNorm = 35.9536, GNorm = 0.0767, lr_0 = 1.2077e-04
Loss = 6.2343e-05, PNorm = 35.9541, GNorm = 0.0445, lr_0 = 1.2047e-04
Loss = 5.2885e-05, PNorm = 35.9544, GNorm = 0.0324, lr_0 = 1.2018e-04
Loss = 4.0187e-05, PNorm = 35.9546, GNorm = 0.0171, lr_0 = 1.1988e-04
Loss = 4.2768e-05, PNorm = 35.9551, GNorm = 0.0576, lr_0 = 1.1959e-04
Loss = 5.8614e-05, PNorm = 35.9555, GNorm = 0.0230, lr_0 = 1.1930e-04
Loss = 4.0834e-05, PNorm = 35.9558, GNorm = 0.0090, lr_0 = 1.1901e-04
Loss = 3.8215e-05, PNorm = 35.9557, GNorm = 0.0413, lr_0 = 1.1872e-04
Loss = 4.7064e-05, PNorm = 35.9559, GNorm = 0.0137, lr_0 = 1.1843e-04
Loss = 4.7533e-05, PNorm = 35.9561, GNorm = 0.0691, lr_0 = 1.1814e-04
Validation mae = nan
Epoch 92
Loss = 1.8108e-04, PNorm = 35.9567, GNorm = 0.0833, lr_0 = 1.1782e-04
Loss = 1.8556e-04, PNorm = 35.9573, GNorm = 0.0895, lr_0 = 1.1753e-04
Loss = 1.3269e-04, PNorm = 35.9577, GNorm = 0.0678, lr_0 = 1.1724e-04
Loss = 9.8212e-05, PNorm = 35.9581, GNorm = 0.0671, lr_0 = 1.1696e-04
Loss = 1.3613e-04, PNorm = 35.9579, GNorm = 0.1017, lr_0 = 1.1667e-04
Loss = 1.3978e-04, PNorm = 35.9583, GNorm = 0.1120, lr_0 = 1.1639e-04
Loss = 1.1064e-04, PNorm = 35.9588, GNorm = 0.0440, lr_0 = 1.1610e-04
Loss = 1.4289e-04, PNorm = 35.9590, GNorm = 0.1495, lr_0 = 1.1582e-04
Loss = 1.6565e-04, PNorm = 35.9595, GNorm = 0.0548, lr_0 = 1.1553e-04
Loss = 1.1344e-04, PNorm = 35.9601, GNorm = 0.0486, lr_0 = 1.1525e-04
Validation mae = nan
Epoch 93
Loss = 1.4105e-04, PNorm = 35.9607, GNorm = 0.0761, lr_0 = 1.1494e-04
Loss = 1.4674e-04, PNorm = 35.9611, GNorm = 0.0504, lr_0 = 1.1466e-04
Loss = 8.8725e-05, PNorm = 35.9618, GNorm = 0.0397, lr_0 = 1.1438e-04
Loss = 6.3236e-05, PNorm = 35.9624, GNorm = 0.0364, lr_0 = 1.1410e-04
Loss = 4.4274e-05, PNorm = 35.9628, GNorm = 0.0297, lr_0 = 1.1382e-04
Loss = 4.1922e-05, PNorm = 35.9633, GNorm = 0.0215, lr_0 = 1.1354e-04
Loss = 3.9394e-05, PNorm = 35.9635, GNorm = 0.0361, lr_0 = 1.1327e-04
Loss = 4.1340e-05, PNorm = 35.9637, GNorm = 0.0508, lr_0 = 1.1299e-04
Loss = 3.4083e-05, PNorm = 35.9639, GNorm = 0.0331, lr_0 = 1.1271e-04
Validation mae = nan
Epoch 94
Loss = 5.2074e-05, PNorm = 35.9640, GNorm = 0.0508, lr_0 = 1.1241e-04
Loss = 5.7370e-05, PNorm = 35.9645, GNorm = 0.0286, lr_0 = 1.1214e-04
Loss = 4.3108e-05, PNorm = 35.9648, GNorm = 0.0424, lr_0 = 1.1186e-04
Loss = 3.5195e-05, PNorm = 35.9648, GNorm = 0.0137, lr_0 = 1.1159e-04
Loss = 2.6168e-05, PNorm = 35.9648, GNorm = 0.0102, lr_0 = 1.1132e-04
Loss = 3.2589e-05, PNorm = 35.9652, GNorm = 0.0257, lr_0 = 1.1104e-04
Loss = 2.8718e-05, PNorm = 35.9655, GNorm = 0.0277, lr_0 = 1.1077e-04
Loss = 3.4046e-05, PNorm = 35.9657, GNorm = 0.0113, lr_0 = 1.1050e-04
Loss = 2.9613e-05, PNorm = 35.9659, GNorm = 0.0193, lr_0 = 1.1023e-04
Loss = 2.9047e-05, PNorm = 35.9662, GNorm = 0.0242, lr_0 = 1.0996e-04
Validation mae = nan
Epoch 95
Loss = 3.0907e-05, PNorm = 35.9663, GNorm = 0.0281, lr_0 = 1.0967e-04
Loss = 2.8839e-05, PNorm = 35.9664, GNorm = 0.0164, lr_0 = 1.0940e-04
Loss = 3.4498e-05, PNorm = 35.9665, GNorm = 0.0468, lr_0 = 1.0913e-04
Loss = 3.1033e-05, PNorm = 35.9668, GNorm = 0.0330, lr_0 = 1.0886e-04
Loss = 3.4979e-05, PNorm = 35.9672, GNorm = 0.0455, lr_0 = 1.0860e-04
Loss = 4.3311e-05, PNorm = 35.9675, GNorm = 0.0464, lr_0 = 1.0833e-04
Loss = 4.2494e-05, PNorm = 35.9677, GNorm = 0.0268, lr_0 = 1.0807e-04
Loss = 4.6012e-05, PNorm = 35.9681, GNorm = 0.0510, lr_0 = 1.0780e-04
Loss = 4.5474e-05, PNorm = 35.9683, GNorm = 0.0227, lr_0 = 1.0754e-04
Validation mae = nan
Epoch 96
Loss = 4.7317e-05, PNorm = 35.9686, GNorm = 0.0397, lr_0 = 1.0725e-04
Loss = 3.4915e-05, PNorm = 35.9692, GNorm = 0.0247, lr_0 = 1.0699e-04
Loss = 4.1284e-05, PNorm = 35.9693, GNorm = 0.0134, lr_0 = 1.0673e-04
Loss = 4.3078e-05, PNorm = 35.9695, GNorm = 0.0119, lr_0 = 1.0647e-04
Loss = 2.8931e-05, PNorm = 35.9698, GNorm = 0.0093, lr_0 = 1.0621e-04
Loss = 3.2289e-05, PNorm = 35.9701, GNorm = 0.0198, lr_0 = 1.0595e-04
Loss = 2.8958e-05, PNorm = 35.9703, GNorm = 0.0335, lr_0 = 1.0569e-04
Loss = 3.2528e-05, PNorm = 35.9704, GNorm = 0.0352, lr_0 = 1.0543e-04
Loss = 2.5765e-05, PNorm = 35.9706, GNorm = 0.0160, lr_0 = 1.0517e-04
Loss = 2.7187e-05, PNorm = 35.9709, GNorm = 0.0265, lr_0 = 1.0491e-04
Validation mae = nan
Epoch 97
Loss = 6.9738e-05, PNorm = 35.9712, GNorm = 0.0795, lr_0 = 1.0463e-04
Loss = 5.8040e-05, PNorm = 35.9716, GNorm = 0.0310, lr_0 = 1.0438e-04
Loss = 4.7101e-05, PNorm = 35.9716, GNorm = 0.0110, lr_0 = 1.0412e-04
Loss = 4.1004e-05, PNorm = 35.9718, GNorm = 0.0191, lr_0 = 1.0387e-04
Loss = 4.0933e-05, PNorm = 35.9721, GNorm = 0.0328, lr_0 = 1.0361e-04
Loss = 4.6932e-05, PNorm = 35.9721, GNorm = 0.0356, lr_0 = 1.0336e-04
Loss = 7.9738e-05, PNorm = 35.9724, GNorm = 0.0698, lr_0 = 1.0311e-04
Loss = 6.5523e-05, PNorm = 35.9728, GNorm = 0.0617, lr_0 = 1.0285e-04
Loss = 3.4523e-05, PNorm = 35.9731, GNorm = 0.0215, lr_0 = 1.0260e-04
Loss = 3.2086e-05, PNorm = 35.9732, GNorm = 0.0192, lr_0 = 1.0235e-04
Validation mae = nan
Epoch 98
Loss = 3.4394e-05, PNorm = 35.9734, GNorm = 0.0244, lr_0 = 1.0208e-04
Loss = 3.7469e-05, PNorm = 35.9738, GNorm = 0.0216, lr_0 = 1.0183e-04
Loss = 3.0868e-05, PNorm = 35.9740, GNorm = 0.0226, lr_0 = 1.0158e-04
Loss = 3.4502e-05, PNorm = 35.9741, GNorm = 0.0454, lr_0 = 1.0133e-04
Loss = 3.0623e-05, PNorm = 35.9741, GNorm = 0.0244, lr_0 = 1.0108e-04
Loss = 3.1025e-05, PNorm = 35.9743, GNorm = 0.0328, lr_0 = 1.0084e-04
Loss = 3.3229e-05, PNorm = 35.9745, GNorm = 0.0164, lr_0 = 1.0059e-04
Loss = 2.7052e-05, PNorm = 35.9746, GNorm = 0.0167, lr_0 = 1.0034e-04
Loss = 3.1398e-05, PNorm = 35.9749, GNorm = 0.0286, lr_0 = 1.0010e-04
Validation mae = nan
Epoch 99
Loss = 2.2726e-04, PNorm = 35.9754, GNorm = 0.0810, lr_0 = 1.0000e-04
Loss = 1.5914e-04, PNorm = 35.9761, GNorm = 0.0764, lr_0 = 1.0000e-04
Loss = 1.1675e-04, PNorm = 35.9765, GNorm = 0.0603, lr_0 = 1.0000e-04
Loss = 6.3405e-05, PNorm = 35.9766, GNorm = 0.0325, lr_0 = 1.0000e-04
Loss = 5.5089e-05, PNorm = 35.9768, GNorm = 0.0328, lr_0 = 1.0000e-04
Loss = 4.4881e-05, PNorm = 35.9773, GNorm = 0.0480, lr_0 = 1.0000e-04
Loss = 5.2621e-05, PNorm = 35.9774, GNorm = 0.0584, lr_0 = 1.0000e-04
Loss = 4.3821e-05, PNorm = 35.9776, GNorm = 0.0398, lr_0 = 1.0000e-04
Loss = 3.9315e-05, PNorm = 35.9778, GNorm = 0.0195, lr_0 = 1.0000e-04
Loss = 4.3016e-05, PNorm = 35.9781, GNorm = 0.0363, lr_0 = 1.0000e-04
Validation mae = nan
Model 0 best validation mae = inf on epoch 0
Loading pretrained parameter "encoder.encoder.0.cached_zero_vector".
Loading pretrained parameter "encoder.encoder.0.W_i.weight".
Loading pretrained parameter "encoder.encoder.0.W_h.weight".
Loading pretrained parameter "encoder.encoder.0.W_o.weight".
Loading pretrained parameter "encoder.encoder.0.W_o.bias".
Loading pretrained parameter "ffn.1.weight".
Loading pretrained parameter "ffn.1.bias".
Loading pretrained parameter "ffn.4.weight".
Loading pretrained parameter "ffn.4.bias".
Moving model to cuda
Model 0 test mae = nan
Ensemble test mae = nan
1-fold cross validation
	Seed 0 ==> test mae = nan
Overall test mae = nan +/- nan
Elapsed time = 0:06:25
