Command line
python train.py --data_path data/data_0.5_1/density.csv --smiles_columns smiles --target_columns density --dataset_type regression --split_sizes 1.0 0.0 0.0 --features_generator rdkit_2d --features_columns T --save_dir data/data_0.5_1/density --save_preds --epochs 100 --metric mae
Args
{'activation': 'ReLU',
 'aggregation': 'mean',
 'aggregation_norm': 100,
 'atom_descriptor_scaling': True,
 'atom_descriptors': None,
 'atom_descriptors_path': None,
 'atom_descriptors_size': 0,
 'atom_features_size': 0,
 'atom_messages': False,
 'batch_size': 50,
 'bias': False,
 'bond_feature_scaling': True,
 'bond_features_path': None,
 'bond_features_size': 0,
 'cache_cutoff': 10000,
 'checkpoint_dir': None,
 'checkpoint_path': None,
 'checkpoint_paths': None,
 'class_balance': False,
 'config_path': None,
 'crossval_index_dir': None,
 'crossval_index_file': None,
 'crossval_index_sets': None,
 'cuda': True,
 'data_path': 'data/data_0.5_1/density.csv',
 'dataset_type': 'regression',
 'depth': 3,
 'device': device(type='cuda'),
 'dropout': 0.0,
 'empty_cache': False,
 'ensemble_size': 1,
 'epochs': 100,
 'explicit_h': False,
 'extra_metrics': [],
 'features_columns': ['T'],
 'features_generator': ['rdkit_2d'],
 'features_only': False,
 'features_path': None,
 'features_scaling': True,
 'features_size': None,
 'ffn_hidden_size': 300,
 'ffn_num_layers': 2,
 'final_lr': 0.0001,
 'folds_file': None,
 'gpu': None,
 'grad_clip': None,
 'hidden_size': 300,
 'ignore_columns': None,
 'init_lr': 0.0001,
 'log_frequency': 10,
 'max_data_size': None,
 'max_lr': 0.001,
 'metric': 'mae',
 'metrics': ['mae'],
 'minimize_score': True,
 'mpn_shared': False,
 'multiclass_num_classes': 3,
 'no_atom_descriptor_scaling': False,
 'no_bond_features_scaling': False,
 'no_cache_mol': False,
 'no_cuda': False,
 'no_features_scaling': False,
 'num_folds': 1,
 'num_lrs': 1,
 'num_tasks': 1,
 'num_workers': 8,
 'number_of_molecules': 1,
 'overwrite_default_atom_features': False,
 'overwrite_default_bond_features': False,
 'pytorch_seed': 0,
 'quiet': False,
 'reaction': False,
 'reaction_mode': 'reac_diff',
 'resume_experiment': False,
 'save_dir': 'data/data_0.5_1/density',
 'save_preds': True,
 'save_smiles_splits': False,
 'seed': 0,
 'separate_test_atom_descriptors_path': None,
 'separate_test_bond_features_path': None,
 'separate_test_features_path': None,
 'separate_test_path': None,
 'separate_val_atom_descriptors_path': None,
 'separate_val_bond_features_path': None,
 'separate_val_features_path': None,
 'separate_val_path': None,
 'show_individual_scores': False,
 'smiles_columns': ['smiles'],
 'split_sizes': (1.0, 0.0, 0.0),
 'split_type': 'random',
 'target_columns': ['density'],
 'task_names': ['density'],
 'test': False,
 'test_fold_index': None,
 'train_data_size': None,
 'undirected': False,
 'use_input_features': True,
 'val_fold_index': None,
 'warmup_epochs': 2.0}
Loading data
Number of tasks = 1
Fold 0
Splitting data with seed 0
Total size = 4,804 | train size = 4,804 | val size = 0 | test size = 0
Fitting scaler
Building model 0
MoleculeModel(
  (encoder): MPN(
    (encoder): ModuleList(
      (0): MPNEncoder(
        (dropout_layer): Dropout(p=0.0, inplace=False)
        (act_func): ReLU()
        (W_i): Linear(in_features=147, out_features=300, bias=False)
        (W_h): Linear(in_features=300, out_features=300, bias=False)
        (W_o): Linear(in_features=433, out_features=300, bias=True)
      )
    )
  )
  (ffn): Sequential(
    (0): Dropout(p=0.0, inplace=False)
    (1): Linear(in_features=501, out_features=300, bias=True)
    (2): ReLU()
    (3): Dropout(p=0.0, inplace=False)
    (4): Linear(in_features=300, out_features=1, bias=True)
  )
)
Number of parameters = 415,201
Moving model to cuda
Epoch 0
Loss = 9.5695e-01, PNorm = 35.0912, GNorm = 5.1762, lr_0 = 1.5156e-04
Loss = 6.8688e-01, PNorm = 35.0925, GNorm = 4.2667, lr_0 = 1.9844e-04
Loss = 6.0462e-01, PNorm = 35.0945, GNorm = 4.1333, lr_0 = 2.4531e-04
Loss = 4.5581e-01, PNorm = 35.1006, GNorm = 1.8351, lr_0 = 2.9219e-04
Loss = 3.8936e-01, PNorm = 35.1069, GNorm = 4.3787, lr_0 = 3.3906e-04
Loss = 2.9665e-01, PNorm = 35.1123, GNorm = 2.7214, lr_0 = 3.8594e-04
Loss = 2.3542e-01, PNorm = 35.1166, GNorm = 2.6768, lr_0 = 4.3281e-04
Loss = 1.8673e-01, PNorm = 35.1214, GNorm = 2.7557, lr_0 = 4.7969e-04
Loss = 1.2715e-01, PNorm = 35.1262, GNorm = 1.8751, lr_0 = 5.2656e-04
Validation mae = nan
Epoch 1
Loss = 9.8316e-02, PNorm = 35.1311, GNorm = 1.6788, lr_0 = 5.7812e-04
Loss = 7.9977e-02, PNorm = 35.1332, GNorm = 1.6403, lr_0 = 6.2500e-04
Loss = 4.8377e-02, PNorm = 35.1357, GNorm = 1.2982, lr_0 = 6.7187e-04
Loss = 4.5529e-02, PNorm = 35.1372, GNorm = 1.6996, lr_0 = 7.1875e-04
Loss = 4.4255e-02, PNorm = 35.1379, GNorm = 1.3142, lr_0 = 7.6563e-04
Loss = 4.7954e-02, PNorm = 35.1365, GNorm = 3.4586, lr_0 = 8.1250e-04
Loss = 4.4569e-02, PNorm = 35.1359, GNorm = 2.4953, lr_0 = 8.5938e-04
Loss = 3.2968e-02, PNorm = 35.1365, GNorm = 0.8453, lr_0 = 9.0625e-04
Loss = 3.7555e-02, PNorm = 35.1385, GNorm = 2.1537, lr_0 = 9.5312e-04
Loss = 2.9681e-02, PNorm = 35.1412, GNorm = 2.2870, lr_0 = 1.0000e-03
Validation mae = nan
Epoch 2
Loss = 3.5094e-02, PNorm = 35.1431, GNorm = 3.0254, lr_0 = 9.9731e-04
Loss = 2.0843e-02, PNorm = 35.1450, GNorm = 1.2132, lr_0 = 9.9487e-04
Loss = 1.8648e-02, PNorm = 35.1480, GNorm = 0.4307, lr_0 = 9.9244e-04
Loss = 1.4758e-02, PNorm = 35.1509, GNorm = 0.4214, lr_0 = 9.9002e-04
Loss = 1.5030e-02, PNorm = 35.1526, GNorm = 0.7909, lr_0 = 9.8760e-04
Loss = 1.7684e-02, PNorm = 35.1546, GNorm = 0.4144, lr_0 = 9.8518e-04
Loss = 1.5802e-02, PNorm = 35.1569, GNorm = 0.8349, lr_0 = 9.8277e-04
Loss = 1.5771e-02, PNorm = 35.1582, GNorm = 1.1357, lr_0 = 9.8037e-04
Loss = 1.2832e-02, PNorm = 35.1602, GNorm = 1.1554, lr_0 = 9.7797e-04
Validation mae = nan
Epoch 3
Loss = 1.0524e-02, PNorm = 35.1621, GNorm = 0.9285, lr_0 = 9.7534e-04
Loss = 1.2566e-02, PNorm = 35.1643, GNorm = 1.2532, lr_0 = 9.7296e-04
Loss = 1.5402e-02, PNorm = 35.1666, GNorm = 1.7148, lr_0 = 9.7058e-04
Loss = 1.1853e-02, PNorm = 35.1689, GNorm = 0.9391, lr_0 = 9.6821e-04
Loss = 1.4883e-02, PNorm = 35.1706, GNorm = 0.8375, lr_0 = 9.6584e-04
Loss = 1.3881e-02, PNorm = 35.1728, GNorm = 0.5982, lr_0 = 9.6348e-04
Loss = 9.8732e-03, PNorm = 35.1741, GNorm = 0.4727, lr_0 = 9.6113e-04
Loss = 1.2715e-02, PNorm = 35.1755, GNorm = 0.8441, lr_0 = 9.5878e-04
Loss = 1.1473e-02, PNorm = 35.1770, GNorm = 0.4540, lr_0 = 9.5643e-04
Loss = 1.2590e-02, PNorm = 35.1780, GNorm = 1.2549, lr_0 = 9.5410e-04
Validation mae = nan
Epoch 4
Loss = 1.3573e-02, PNorm = 35.1793, GNorm = 0.7855, lr_0 = 9.5153e-04
Loss = 1.1105e-02, PNorm = 35.1818, GNorm = 1.1374, lr_0 = 9.4920e-04
Loss = 1.0666e-02, PNorm = 35.1850, GNorm = 1.2392, lr_0 = 9.4688e-04
Loss = 9.1174e-03, PNorm = 35.1874, GNorm = 0.7788, lr_0 = 9.4457e-04
Loss = 1.1171e-02, PNorm = 35.1902, GNorm = 0.9249, lr_0 = 9.4226e-04
Loss = 9.0127e-03, PNorm = 35.1929, GNorm = 0.8576, lr_0 = 9.3996e-04
Loss = 6.6543e-03, PNorm = 35.1950, GNorm = 0.2560, lr_0 = 9.3766e-04
Loss = 7.1359e-03, PNorm = 35.1974, GNorm = 0.9280, lr_0 = 9.3537e-04
Loss = 1.0284e-02, PNorm = 35.2005, GNorm = 0.9358, lr_0 = 9.3308e-04
Loss = 1.0696e-02, PNorm = 35.2038, GNorm = 0.7036, lr_0 = 9.3080e-04
Loss = 1.3572e-02, PNorm = 35.2044, GNorm = 1.3912, lr_0 = 9.3057e-04
Validation mae = nan
Epoch 5
Loss = 1.1015e-02, PNorm = 35.2082, GNorm = 0.3505, lr_0 = 9.2830e-04
Loss = 1.1222e-02, PNorm = 35.2098, GNorm = 0.6017, lr_0 = 9.2603e-04
Loss = 9.7747e-03, PNorm = 35.2123, GNorm = 0.7693, lr_0 = 9.2376e-04
Loss = 8.5533e-03, PNorm = 35.2142, GNorm = 0.4006, lr_0 = 9.2151e-04
Loss = 9.0238e-03, PNorm = 35.2170, GNorm = 0.6998, lr_0 = 9.1925e-04
Loss = 5.4968e-03, PNorm = 35.2194, GNorm = 0.2649, lr_0 = 9.1701e-04
Loss = 3.9830e-03, PNorm = 35.2220, GNorm = 0.4909, lr_0 = 9.1476e-04
Loss = 4.8895e-03, PNorm = 35.2258, GNorm = 0.2961, lr_0 = 9.1253e-04
Loss = 5.7908e-03, PNorm = 35.2290, GNorm = 1.1774, lr_0 = 9.1030e-04
Validation mae = nan
Epoch 6
Loss = 2.4737e-02, PNorm = 35.2326, GNorm = 1.2325, lr_0 = 9.0785e-04
Loss = 2.5520e-02, PNorm = 35.2369, GNorm = 1.8709, lr_0 = 9.0563e-04
Loss = 1.8903e-02, PNorm = 35.2420, GNorm = 0.3565, lr_0 = 9.0342e-04
Loss = 9.9449e-03, PNorm = 35.2481, GNorm = 0.8927, lr_0 = 9.0121e-04
Loss = 6.1402e-03, PNorm = 35.2533, GNorm = 0.2764, lr_0 = 8.9901e-04
Loss = 4.4869e-03, PNorm = 35.2577, GNorm = 0.6013, lr_0 = 8.9681e-04
Loss = 5.6533e-03, PNorm = 35.2613, GNorm = 0.4370, lr_0 = 8.9462e-04
Loss = 5.0192e-03, PNorm = 35.2651, GNorm = 0.4873, lr_0 = 8.9243e-04
Loss = 3.5005e-03, PNorm = 35.2691, GNorm = 0.3243, lr_0 = 8.9025e-04
Loss = 3.9765e-03, PNorm = 35.2738, GNorm = 0.2477, lr_0 = 8.8807e-04
Validation mae = nan
Epoch 7
Loss = 5.6019e-03, PNorm = 35.2787, GNorm = 0.6366, lr_0 = 8.8568e-04
Loss = 3.4631e-03, PNorm = 35.2815, GNorm = 0.5577, lr_0 = 8.8352e-04
Loss = 4.6598e-03, PNorm = 35.2843, GNorm = 0.4743, lr_0 = 8.8136e-04
Loss = 3.9332e-03, PNorm = 35.2873, GNorm = 0.8094, lr_0 = 8.7920e-04
Loss = 3.5480e-03, PNorm = 35.2888, GNorm = 0.4998, lr_0 = 8.7706e-04
Loss = 4.7370e-03, PNorm = 35.2913, GNorm = 0.6493, lr_0 = 8.7491e-04
Loss = 4.6796e-03, PNorm = 35.2947, GNorm = 0.4037, lr_0 = 8.7277e-04
Loss = 3.7176e-03, PNorm = 35.2982, GNorm = 0.4275, lr_0 = 8.7064e-04
Loss = 3.5202e-03, PNorm = 35.3022, GNorm = 0.2045, lr_0 = 8.6851e-04
Validation mae = nan
Epoch 8
Loss = 2.2542e-03, PNorm = 35.3056, GNorm = 0.1593, lr_0 = 8.6618e-04
Loss = 2.3278e-03, PNorm = 35.3081, GNorm = 0.1362, lr_0 = 8.6406e-04
Loss = 2.9718e-03, PNorm = 35.3114, GNorm = 0.3252, lr_0 = 8.6195e-04
Loss = 2.8663e-03, PNorm = 35.3142, GNorm = 0.4160, lr_0 = 8.5984e-04
Loss = 3.2779e-03, PNorm = 35.3166, GNorm = 0.5058, lr_0 = 8.5774e-04
Loss = 3.2870e-03, PNorm = 35.3199, GNorm = 0.3061, lr_0 = 8.5564e-04
Loss = 2.9836e-03, PNorm = 35.3234, GNorm = 0.2584, lr_0 = 8.5355e-04
Loss = 2.8371e-03, PNorm = 35.3274, GNorm = 0.2885, lr_0 = 8.5146e-04
Loss = 2.8000e-03, PNorm = 35.3298, GNorm = 0.3392, lr_0 = 8.4938e-04
Loss = 3.1748e-03, PNorm = 35.3326, GNorm = 0.7179, lr_0 = 8.4731e-04
Validation mae = nan
Epoch 9
Loss = 3.9205e-03, PNorm = 35.3372, GNorm = 0.4454, lr_0 = 8.4503e-04
Loss = 2.6867e-03, PNorm = 35.3394, GNorm = 0.4061, lr_0 = 8.4296e-04
Loss = 2.4093e-03, PNorm = 35.3409, GNorm = 0.1028, lr_0 = 8.4090e-04
Loss = 2.8607e-03, PNorm = 35.3430, GNorm = 0.2096, lr_0 = 8.3885e-04
Loss = 2.8166e-03, PNorm = 35.3452, GNorm = 0.2127, lr_0 = 8.3679e-04
Loss = 2.8779e-03, PNorm = 35.3484, GNorm = 0.5442, lr_0 = 8.3475e-04
Loss = 2.9794e-03, PNorm = 35.3520, GNorm = 0.5046, lr_0 = 8.3271e-04
Loss = 2.8551e-03, PNorm = 35.3551, GNorm = 0.6084, lr_0 = 8.3067e-04
Loss = 2.6345e-03, PNorm = 35.3583, GNorm = 0.2466, lr_0 = 8.2864e-04
Loss = 2.6270e-03, PNorm = 35.3599, GNorm = 0.2000, lr_0 = 8.2662e-04
Loss = 2.9547e-03, PNorm = 35.3599, GNorm = 0.9749, lr_0 = 8.2641e-04
Validation mae = nan
Epoch 10
Loss = 2.2342e-03, PNorm = 35.3621, GNorm = 0.0799, lr_0 = 8.2439e-04
Loss = 3.1070e-03, PNorm = 35.3636, GNorm = 0.2847, lr_0 = 8.2238e-04
Loss = 2.1631e-03, PNorm = 35.3665, GNorm = 0.1925, lr_0 = 8.2037e-04
Loss = 2.1951e-03, PNorm = 35.3699, GNorm = 0.2957, lr_0 = 8.1836e-04
Loss = 2.2473e-03, PNorm = 35.3737, GNorm = 0.3686, lr_0 = 8.1636e-04
Loss = 2.7314e-03, PNorm = 35.3768, GNorm = 0.3857, lr_0 = 8.1437e-04
Loss = 2.3391e-03, PNorm = 35.3783, GNorm = 0.2036, lr_0 = 8.1238e-04
Loss = 2.0180e-03, PNorm = 35.3805, GNorm = 0.4436, lr_0 = 8.1039e-04
Loss = 1.9548e-03, PNorm = 35.3829, GNorm = 0.1801, lr_0 = 8.0841e-04
Validation mae = nan
Epoch 11
Loss = 2.4308e-03, PNorm = 35.3869, GNorm = 0.5430, lr_0 = 8.0624e-04
Loss = 2.0222e-03, PNorm = 35.3894, GNorm = 0.1965, lr_0 = 8.0427e-04
Loss = 1.6494e-03, PNorm = 35.3916, GNorm = 0.3996, lr_0 = 8.0230e-04
Loss = 1.4933e-03, PNorm = 35.3952, GNorm = 0.1086, lr_0 = 8.0034e-04
Loss = 2.3958e-03, PNorm = 35.3979, GNorm = 0.4131, lr_0 = 7.9838e-04
Loss = 1.8121e-03, PNorm = 35.4003, GNorm = 0.1796, lr_0 = 7.9643e-04
Loss = 3.6199e-03, PNorm = 35.4028, GNorm = 0.6518, lr_0 = 7.9448e-04
Loss = 3.6376e-03, PNorm = 35.4057, GNorm = 0.3899, lr_0 = 7.9254e-04
Loss = 2.2075e-03, PNorm = 35.4099, GNorm = 0.3681, lr_0 = 7.9060e-04
Loss = 2.5570e-03, PNorm = 35.4125, GNorm = 0.3699, lr_0 = 7.8867e-04
Validation mae = nan
Epoch 12
Loss = 4.9827e-03, PNorm = 35.4153, GNorm = 0.8239, lr_0 = 7.8655e-04
Loss = 4.1958e-03, PNorm = 35.4172, GNorm = 0.4928, lr_0 = 7.8463e-04
Loss = 2.8743e-03, PNorm = 35.4194, GNorm = 0.4768, lr_0 = 7.8271e-04
Loss = 3.3570e-03, PNorm = 35.4225, GNorm = 0.5085, lr_0 = 7.8080e-04
Loss = 2.1398e-03, PNorm = 35.4252, GNorm = 0.3742, lr_0 = 7.7889e-04
Loss = 1.9261e-03, PNorm = 35.4284, GNorm = 0.3478, lr_0 = 7.7698e-04
Loss = 1.8802e-03, PNorm = 35.4305, GNorm = 0.4956, lr_0 = 7.7509e-04
Loss = 2.1234e-03, PNorm = 35.4326, GNorm = 0.0893, lr_0 = 7.7319e-04
Loss = 2.0543e-03, PNorm = 35.4363, GNorm = 0.4057, lr_0 = 7.7130e-04
Validation mae = nan
Epoch 13
Loss = 4.3545e-03, PNorm = 35.4390, GNorm = 0.7024, lr_0 = 7.6942e-04
Loss = 4.8259e-03, PNorm = 35.4424, GNorm = 0.5444, lr_0 = 7.6753e-04
Loss = 3.5918e-03, PNorm = 35.4458, GNorm = 0.3493, lr_0 = 7.6566e-04
Loss = 2.5774e-03, PNorm = 35.4485, GNorm = 0.2787, lr_0 = 7.6379e-04
Loss = 2.3992e-03, PNorm = 35.4519, GNorm = 0.1937, lr_0 = 7.6192e-04
Loss = 2.2600e-03, PNorm = 35.4538, GNorm = 0.2998, lr_0 = 7.6006e-04
Loss = 3.4017e-03, PNorm = 35.4567, GNorm = 0.4340, lr_0 = 7.5820e-04
Loss = 3.8263e-03, PNorm = 35.4594, GNorm = 0.3009, lr_0 = 7.5635e-04
Loss = 2.8653e-03, PNorm = 35.4634, GNorm = 0.3885, lr_0 = 7.5450e-04
Loss = 1.8327e-03, PNorm = 35.4670, GNorm = 0.1141, lr_0 = 7.5265e-04
Validation mae = nan
Epoch 14
Loss = 2.6184e-03, PNorm = 35.4697, GNorm = 0.3148, lr_0 = 7.5063e-04
Loss = 1.9548e-03, PNorm = 35.4725, GNorm = 0.2447, lr_0 = 7.4879e-04
Loss = 1.7475e-03, PNorm = 35.4748, GNorm = 0.2827, lr_0 = 7.4696e-04
Loss = 1.6367e-03, PNorm = 35.4769, GNorm = 0.1172, lr_0 = 7.4514e-04
Loss = 1.4511e-03, PNorm = 35.4789, GNorm = 0.1423, lr_0 = 7.4332e-04
Loss = 1.2343e-03, PNorm = 35.4806, GNorm = 0.2155, lr_0 = 7.4150e-04
Loss = 1.2782e-03, PNorm = 35.4824, GNorm = 0.1379, lr_0 = 7.3969e-04
Loss = 1.3023e-03, PNorm = 35.4842, GNorm = 0.1673, lr_0 = 7.3788e-04
Loss = 1.2786e-03, PNorm = 35.4873, GNorm = 0.2835, lr_0 = 7.3607e-04
Loss = 1.2802e-03, PNorm = 35.4901, GNorm = 0.1611, lr_0 = 7.3428e-04
Validation mae = nan
Epoch 15
Loss = 3.9911e-03, PNorm = 35.4941, GNorm = 0.5315, lr_0 = 7.3230e-04
Loss = 3.1207e-03, PNorm = 35.4992, GNorm = 0.3171, lr_0 = 7.3051e-04
Loss = 2.4803e-03, PNorm = 35.5034, GNorm = 0.4227, lr_0 = 7.2873e-04
Loss = 2.3717e-03, PNorm = 35.5056, GNorm = 0.3448, lr_0 = 7.2694e-04
Loss = 1.9017e-03, PNorm = 35.5070, GNorm = 0.4138, lr_0 = 7.2517e-04
Loss = 1.8937e-03, PNorm = 35.5094, GNorm = 0.2396, lr_0 = 7.2339e-04
Loss = 1.8586e-03, PNorm = 35.5127, GNorm = 0.3725, lr_0 = 7.2163e-04
Loss = 1.6572e-03, PNorm = 35.5154, GNorm = 0.3500, lr_0 = 7.1986e-04
Loss = 1.5738e-03, PNorm = 35.5178, GNorm = 0.3810, lr_0 = 7.1810e-04
Validation mae = nan
Epoch 16
Loss = 4.9051e-03, PNorm = 35.5223, GNorm = 0.5291, lr_0 = 7.1617e-04
Loss = 5.3233e-03, PNorm = 35.5240, GNorm = 0.5907, lr_0 = 7.1442e-04
Loss = 4.0464e-03, PNorm = 35.5245, GNorm = 0.3757, lr_0 = 7.1267e-04
Loss = 3.3849e-03, PNorm = 35.5260, GNorm = 0.4049, lr_0 = 7.1093e-04
Loss = 2.4012e-03, PNorm = 35.5286, GNorm = 0.4320, lr_0 = 7.0919e-04
Loss = 2.4747e-03, PNorm = 35.5305, GNorm = 0.3832, lr_0 = 7.0746e-04
Loss = 2.0949e-03, PNorm = 35.5334, GNorm = 0.0893, lr_0 = 7.0573e-04
Loss = 1.8628e-03, PNorm = 35.5364, GNorm = 0.2043, lr_0 = 7.0401e-04
Loss = 1.9986e-03, PNorm = 35.5389, GNorm = 0.5307, lr_0 = 7.0229e-04
Loss = 1.9070e-03, PNorm = 35.5419, GNorm = 0.5301, lr_0 = 7.0057e-04
Validation mae = nan
Epoch 17
Loss = 2.0558e-03, PNorm = 35.5449, GNorm = 0.4349, lr_0 = 6.9869e-04
Loss = 2.1823e-03, PNorm = 35.5469, GNorm = 0.1557, lr_0 = 6.9698e-04
Loss = 1.5155e-03, PNorm = 35.5486, GNorm = 0.2784, lr_0 = 6.9527e-04
Loss = 1.8944e-03, PNorm = 35.5501, GNorm = 0.1567, lr_0 = 6.9357e-04
Loss = 1.2150e-03, PNorm = 35.5534, GNorm = 0.2612, lr_0 = 6.9188e-04
Loss = 1.7849e-03, PNorm = 35.5557, GNorm = 0.3702, lr_0 = 6.9019e-04
Loss = 1.6155e-03, PNorm = 35.5590, GNorm = 0.4045, lr_0 = 6.8850e-04
Loss = 2.1671e-03, PNorm = 35.5614, GNorm = 0.4320, lr_0 = 6.8682e-04
Loss = 1.5831e-03, PNorm = 35.5638, GNorm = 0.3705, lr_0 = 6.8514e-04
Validation mae = nan
Epoch 18
Loss = 6.0602e-04, PNorm = 35.5687, GNorm = 0.1737, lr_0 = 6.8330e-04
Loss = 2.4175e-03, PNorm = 35.5720, GNorm = 0.1739, lr_0 = 6.8163e-04
Loss = 1.8193e-03, PNorm = 35.5746, GNorm = 0.2115, lr_0 = 6.7996e-04
Loss = 1.7936e-03, PNorm = 35.5763, GNorm = 0.1956, lr_0 = 6.7830e-04
Loss = 1.8280e-03, PNorm = 35.5788, GNorm = 0.3069, lr_0 = 6.7664e-04
Loss = 1.2306e-03, PNorm = 35.5810, GNorm = 0.2433, lr_0 = 6.7499e-04
Loss = 2.0959e-03, PNorm = 35.5833, GNorm = 0.8910, lr_0 = 6.7334e-04
Loss = 3.2628e-03, PNorm = 35.5867, GNorm = 0.4044, lr_0 = 6.7169e-04
Loss = 4.5507e-03, PNorm = 35.5891, GNorm = 0.0807, lr_0 = 6.7005e-04
Loss = 3.1181e-03, PNorm = 35.5900, GNorm = 0.2203, lr_0 = 6.6841e-04
Validation mae = nan
Epoch 19
Loss = 2.8497e-03, PNorm = 35.5934, GNorm = 0.3853, lr_0 = 6.6661e-04
Loss = 2.7394e-03, PNorm = 35.5959, GNorm = 0.6136, lr_0 = 6.6498e-04
Loss = 2.6725e-03, PNorm = 35.5976, GNorm = 0.5428, lr_0 = 6.6336e-04
Loss = 2.9322e-03, PNorm = 35.5988, GNorm = 0.4693, lr_0 = 6.6174e-04
Loss = 1.6637e-03, PNorm = 35.6000, GNorm = 0.4450, lr_0 = 6.6012e-04
Loss = 1.3146e-03, PNorm = 35.6017, GNorm = 0.1688, lr_0 = 6.5850e-04
Loss = 1.2986e-03, PNorm = 35.6051, GNorm = 0.2996, lr_0 = 6.5689e-04
Loss = 1.5867e-03, PNorm = 35.6080, GNorm = 0.3462, lr_0 = 6.5529e-04
Loss = 1.7675e-03, PNorm = 35.6106, GNorm = 0.2052, lr_0 = 6.5369e-04
Loss = 1.5663e-03, PNorm = 35.6132, GNorm = 0.1294, lr_0 = 6.5209e-04
Validation mae = nan
Epoch 20
Loss = 2.7109e-03, PNorm = 35.6171, GNorm = 0.4672, lr_0 = 6.5034e-04
Loss = 2.6547e-03, PNorm = 35.6203, GNorm = 0.4453, lr_0 = 6.4875e-04
Loss = 1.8520e-03, PNorm = 35.6247, GNorm = 0.2405, lr_0 = 6.4716e-04
Loss = 2.3888e-03, PNorm = 35.6277, GNorm = 0.5788, lr_0 = 6.4558e-04
Loss = 3.3582e-03, PNorm = 35.6301, GNorm = 0.3127, lr_0 = 6.4400e-04
Loss = 1.5623e-03, PNorm = 35.6337, GNorm = 0.3306, lr_0 = 6.4243e-04
Loss = 1.5379e-03, PNorm = 35.6355, GNorm = 0.2425, lr_0 = 6.4086e-04
Loss = 9.9727e-04, PNorm = 35.6379, GNorm = 0.2309, lr_0 = 6.3929e-04
Loss = 1.1542e-03, PNorm = 35.6396, GNorm = 0.1864, lr_0 = 6.3773e-04
Validation mae = nan
Epoch 21
Loss = 2.5386e-03, PNorm = 35.6408, GNorm = 0.2508, lr_0 = 6.3601e-04
Loss = 3.5193e-03, PNorm = 35.6431, GNorm = 0.5263, lr_0 = 6.3446e-04
Loss = 1.9113e-03, PNorm = 35.6473, GNorm = 0.2635, lr_0 = 6.3291e-04
Loss = 1.9552e-03, PNorm = 35.6515, GNorm = 0.2928, lr_0 = 6.3136e-04
Loss = 1.2182e-03, PNorm = 35.6546, GNorm = 0.0987, lr_0 = 6.2982e-04
Loss = 9.7607e-04, PNorm = 35.6562, GNorm = 0.1212, lr_0 = 6.2828e-04
Loss = 1.1484e-03, PNorm = 35.6594, GNorm = 0.2390, lr_0 = 6.2674e-04
Loss = 1.2253e-03, PNorm = 35.6619, GNorm = 0.2190, lr_0 = 6.2521e-04
Loss = 9.2232e-04, PNorm = 35.6644, GNorm = 0.0824, lr_0 = 6.2368e-04
Loss = 1.0820e-03, PNorm = 35.6670, GNorm = 0.2378, lr_0 = 6.2216e-04
Validation mae = nan
Epoch 22
Loss = 1.3263e-03, PNorm = 35.6695, GNorm = 0.2076, lr_0 = 6.2048e-04
Loss = 1.2749e-03, PNorm = 35.6713, GNorm = 0.2538, lr_0 = 6.1897e-04
Loss = 1.3377e-03, PNorm = 35.6736, GNorm = 0.1886, lr_0 = 6.1745e-04
Loss = 1.1274e-03, PNorm = 35.6763, GNorm = 0.1864, lr_0 = 6.1594e-04
Loss = 7.5774e-04, PNorm = 35.6784, GNorm = 0.1804, lr_0 = 6.1444e-04
Loss = 1.0153e-03, PNorm = 35.6799, GNorm = 0.3004, lr_0 = 6.1294e-04
Loss = 1.0741e-03, PNorm = 35.6817, GNorm = 0.0934, lr_0 = 6.1144e-04
Loss = 1.5989e-03, PNorm = 35.6834, GNorm = 0.3904, lr_0 = 6.0994e-04
Loss = 1.7915e-03, PNorm = 35.6856, GNorm = 0.3787, lr_0 = 6.0845e-04
Validation mae = nan
Epoch 23
Loss = 4.1045e-03, PNorm = 35.6882, GNorm = 0.8207, lr_0 = 6.0682e-04
Loss = 1.8761e-03, PNorm = 35.6904, GNorm = 0.4492, lr_0 = 6.0533e-04
Loss = 1.0256e-03, PNorm = 35.6916, GNorm = 0.1518, lr_0 = 6.0385e-04
Loss = 1.1363e-03, PNorm = 35.6934, GNorm = 0.1275, lr_0 = 6.0238e-04
Loss = 9.6694e-04, PNorm = 35.6956, GNorm = 0.5455, lr_0 = 6.0090e-04
Loss = 1.4165e-03, PNorm = 35.6979, GNorm = 0.1397, lr_0 = 5.9944e-04
Loss = 1.5545e-03, PNorm = 35.7004, GNorm = 0.2675, lr_0 = 5.9797e-04
Loss = 1.1149e-03, PNorm = 35.7027, GNorm = 0.1869, lr_0 = 5.9651e-04
Loss = 1.1129e-03, PNorm = 35.7058, GNorm = 0.3003, lr_0 = 5.9505e-04
Loss = 1.3054e-03, PNorm = 35.7076, GNorm = 0.1637, lr_0 = 5.9360e-04
Validation mae = nan
Epoch 24
Loss = 2.5276e-03, PNorm = 35.7086, GNorm = 0.3946, lr_0 = 5.9200e-04
Loss = 1.6518e-03, PNorm = 35.7113, GNorm = 0.2400, lr_0 = 5.9055e-04
Loss = 1.3751e-03, PNorm = 35.7143, GNorm = 0.1694, lr_0 = 5.8911e-04
Loss = 1.8097e-03, PNorm = 35.7173, GNorm = 0.3196, lr_0 = 5.8767e-04
Loss = 1.7501e-03, PNorm = 35.7191, GNorm = 0.4110, lr_0 = 5.8623e-04
Loss = 1.7404e-03, PNorm = 35.7209, GNorm = 0.3703, lr_0 = 5.8480e-04
Loss = 1.4851e-03, PNorm = 35.7222, GNorm = 0.2922, lr_0 = 5.8337e-04
Loss = 1.7574e-03, PNorm = 35.7238, GNorm = 0.2237, lr_0 = 5.8194e-04
Loss = 1.4198e-03, PNorm = 35.7268, GNorm = 0.3021, lr_0 = 5.8052e-04
Loss = 9.5965e-04, PNorm = 35.7291, GNorm = 0.4041, lr_0 = 5.7910e-04
Validation mae = nan
Epoch 25
Loss = 1.1196e-03, PNorm = 35.7292, GNorm = 0.1521, lr_0 = 5.7769e-04
Loss = 1.1678e-03, PNorm = 35.7313, GNorm = 0.3825, lr_0 = 5.7627e-04
Loss = 7.9570e-04, PNorm = 35.7334, GNorm = 0.1183, lr_0 = 5.7487e-04
Loss = 8.4233e-04, PNorm = 35.7360, GNorm = 0.0702, lr_0 = 5.7346e-04
Loss = 9.6201e-04, PNorm = 35.7380, GNorm = 0.2567, lr_0 = 5.7206e-04
Loss = 1.0568e-03, PNorm = 35.7395, GNorm = 0.1300, lr_0 = 5.7066e-04
Loss = 7.4999e-04, PNorm = 35.7415, GNorm = 0.0722, lr_0 = 5.6927e-04
Loss = 8.0704e-04, PNorm = 35.7426, GNorm = 0.0884, lr_0 = 5.6787e-04
Loss = 8.8720e-04, PNorm = 35.7449, GNorm = 0.1374, lr_0 = 5.6649e-04
Validation mae = nan
Epoch 26
Loss = 1.6954e-03, PNorm = 35.7469, GNorm = 0.3544, lr_0 = 5.6496e-04
Loss = 1.5702e-03, PNorm = 35.7486, GNorm = 0.4557, lr_0 = 5.6358e-04
Loss = 1.4945e-03, PNorm = 35.7507, GNorm = 0.2260, lr_0 = 5.6220e-04
Loss = 1.3873e-03, PNorm = 35.7546, GNorm = 0.1690, lr_0 = 5.6083e-04
Loss = 1.1744e-03, PNorm = 35.7576, GNorm = 0.1476, lr_0 = 5.5946e-04
Loss = 1.1240e-03, PNorm = 35.7605, GNorm = 0.0931, lr_0 = 5.5809e-04
Loss = 9.0423e-04, PNorm = 35.7615, GNorm = 0.1438, lr_0 = 5.5673e-04
Loss = 8.3076e-04, PNorm = 35.7631, GNorm = 0.0812, lr_0 = 5.5537e-04
Loss = 1.0137e-03, PNorm = 35.7645, GNorm = 0.1684, lr_0 = 5.5401e-04
Loss = 8.4244e-04, PNorm = 35.7671, GNorm = 0.2884, lr_0 = 5.5265e-04
Validation mae = nan
Epoch 27
Loss = 1.2036e-03, PNorm = 35.7691, GNorm = 0.1063, lr_0 = 5.5117e-04
Loss = 1.1457e-03, PNorm = 35.7711, GNorm = 0.1982, lr_0 = 5.4982e-04
Loss = 1.0476e-03, PNorm = 35.7727, GNorm = 0.1452, lr_0 = 5.4848e-04
Loss = 1.0567e-03, PNorm = 35.7744, GNorm = 0.1208, lr_0 = 5.4714e-04
Loss = 1.2188e-03, PNorm = 35.7770, GNorm = 0.3420, lr_0 = 5.4580e-04
Loss = 7.6880e-04, PNorm = 35.7777, GNorm = 0.1652, lr_0 = 5.4446e-04
Loss = 4.8053e-04, PNorm = 35.7790, GNorm = 0.2017, lr_0 = 5.4313e-04
Loss = 9.8788e-04, PNorm = 35.7806, GNorm = 0.1495, lr_0 = 5.4181e-04
Loss = 1.2558e-03, PNorm = 35.7823, GNorm = 0.7753, lr_0 = 5.4048e-04
Loss = 9.2535e-04, PNorm = 35.7853, GNorm = 0.2573, lr_0 = 5.3916e-04
Loss = 4.5385e-04, PNorm = 35.7855, GNorm = 0.3526, lr_0 = 5.3903e-04
Validation mae = nan
Epoch 28
Loss = 8.2344e-04, PNorm = 35.7879, GNorm = 0.1459, lr_0 = 5.3771e-04
Loss = 6.2879e-04, PNorm = 35.7896, GNorm = 0.2145, lr_0 = 5.3640e-04
Loss = 8.5176e-04, PNorm = 35.7908, GNorm = 0.1217, lr_0 = 5.3508e-04
Loss = 8.4873e-04, PNorm = 35.7923, GNorm = 0.1723, lr_0 = 5.3378e-04
Loss = 1.1547e-03, PNorm = 35.7945, GNorm = 0.1388, lr_0 = 5.3247e-04
Loss = 1.2631e-03, PNorm = 35.7962, GNorm = 0.1918, lr_0 = 5.3117e-04
Loss = 9.5146e-04, PNorm = 35.7980, GNorm = 0.3218, lr_0 = 5.2987e-04
Loss = 1.4391e-03, PNorm = 35.8002, GNorm = 0.1257, lr_0 = 5.2858e-04
Loss = 2.1253e-03, PNorm = 35.8022, GNorm = 0.4094, lr_0 = 5.2728e-04
Validation mae = nan
Epoch 29
Loss = 3.3447e-03, PNorm = 35.8043, GNorm = 0.9042, lr_0 = 5.2587e-04
Loss = 2.6822e-03, PNorm = 35.8069, GNorm = 0.7844, lr_0 = 5.2458e-04
Loss = 2.5512e-03, PNorm = 35.8091, GNorm = 0.2213, lr_0 = 5.2330e-04
Loss = 1.9170e-03, PNorm = 35.8120, GNorm = 0.1698, lr_0 = 5.2202e-04
Loss = 1.2235e-03, PNorm = 35.8136, GNorm = 0.3750, lr_0 = 5.2074e-04
Loss = 1.9424e-03, PNorm = 35.8169, GNorm = 0.3557, lr_0 = 5.1947e-04
Loss = 1.1471e-03, PNorm = 35.8192, GNorm = 0.2976, lr_0 = 5.1820e-04
Loss = 1.0586e-03, PNorm = 35.8218, GNorm = 0.1898, lr_0 = 5.1693e-04
Loss = 1.5307e-03, PNorm = 35.8238, GNorm = 0.1450, lr_0 = 5.1567e-04
Loss = 2.5187e-03, PNorm = 35.8264, GNorm = 0.7770, lr_0 = 5.1441e-04
Validation mae = nan
Epoch 30
Loss = 2.1244e-03, PNorm = 35.8279, GNorm = 0.3246, lr_0 = 5.1303e-04
Loss = 9.2345e-04, PNorm = 35.8306, GNorm = 0.1210, lr_0 = 5.1177e-04
Loss = 1.2790e-03, PNorm = 35.8333, GNorm = 0.1937, lr_0 = 5.1052e-04
Loss = 1.1509e-03, PNorm = 35.8360, GNorm = 0.2497, lr_0 = 5.0927e-04
Loss = 8.8856e-04, PNorm = 35.8382, GNorm = 0.0900, lr_0 = 5.0803e-04
Loss = 7.8835e-04, PNorm = 35.8409, GNorm = 0.1183, lr_0 = 5.0679e-04
Loss = 6.2491e-04, PNorm = 35.8427, GNorm = 0.1718, lr_0 = 5.0555e-04
Loss = 7.4304e-04, PNorm = 35.8430, GNorm = 0.1267, lr_0 = 5.0431e-04
Loss = 7.8786e-04, PNorm = 35.8446, GNorm = 0.1160, lr_0 = 5.0308e-04
Validation mae = nan
Epoch 31
Loss = 9.2161e-04, PNorm = 35.8460, GNorm = 0.3294, lr_0 = 5.0173e-04
Loss = 1.1782e-03, PNorm = 35.8478, GNorm = 0.2053, lr_0 = 5.0050e-04
Loss = 6.9395e-04, PNorm = 35.8508, GNorm = 0.1597, lr_0 = 4.9928e-04
Loss = 7.5699e-04, PNorm = 35.8527, GNorm = 0.1367, lr_0 = 4.9806e-04
Loss = 8.2383e-04, PNorm = 35.8544, GNorm = 0.2090, lr_0 = 4.9684e-04
Loss = 1.0028e-03, PNorm = 35.8569, GNorm = 0.1906, lr_0 = 4.9562e-04
Loss = 7.2390e-04, PNorm = 35.8597, GNorm = 0.1065, lr_0 = 4.9441e-04
Loss = 5.7033e-04, PNorm = 35.8623, GNorm = 0.1039, lr_0 = 4.9320e-04
Loss = 7.2949e-04, PNorm = 35.8637, GNorm = 0.2881, lr_0 = 4.9200e-04
Loss = 8.4133e-04, PNorm = 35.8644, GNorm = 0.2074, lr_0 = 4.9080e-04
Validation mae = nan
Epoch 32
Loss = 7.0379e-04, PNorm = 35.8655, GNorm = 0.1562, lr_0 = 4.8948e-04
Loss = 9.5301e-04, PNorm = 35.8678, GNorm = 0.0819, lr_0 = 4.8828e-04
Loss = 6.8658e-04, PNorm = 35.8687, GNorm = 0.1087, lr_0 = 4.8709e-04
Loss = 5.2050e-04, PNorm = 35.8697, GNorm = 0.2391, lr_0 = 4.8590e-04
Loss = 6.6236e-04, PNorm = 35.8711, GNorm = 0.0839, lr_0 = 4.8471e-04
Loss = 7.2731e-04, PNorm = 35.8737, GNorm = 0.1102, lr_0 = 4.8352e-04
Loss = 8.6952e-04, PNorm = 35.8756, GNorm = 0.1813, lr_0 = 4.8234e-04
Loss = 9.4451e-04, PNorm = 35.8774, GNorm = 0.1568, lr_0 = 4.8116e-04
Loss = 7.0117e-04, PNorm = 35.8784, GNorm = 0.3037, lr_0 = 4.7999e-04
Loss = 9.7528e-04, PNorm = 35.8799, GNorm = 0.1542, lr_0 = 4.7881e-04
Loss = 1.0532e-03, PNorm = 35.8798, GNorm = 0.4031, lr_0 = 4.7870e-04
Validation mae = nan
Epoch 33
Loss = 2.0162e-03, PNorm = 35.8812, GNorm = 0.2665, lr_0 = 4.7753e-04
Loss = 1.6203e-03, PNorm = 35.8831, GNorm = 0.3785, lr_0 = 4.7636e-04
Loss = 1.3697e-03, PNorm = 35.8854, GNorm = 0.1865, lr_0 = 4.7519e-04
Loss = 6.9393e-04, PNorm = 35.8874, GNorm = 0.1305, lr_0 = 4.7403e-04
Loss = 1.0350e-03, PNorm = 35.8891, GNorm = 0.0660, lr_0 = 4.7287e-04
Loss = 5.4961e-04, PNorm = 35.8912, GNorm = 0.1366, lr_0 = 4.7172e-04
Loss = 7.3108e-04, PNorm = 35.8935, GNorm = 0.2678, lr_0 = 4.7056e-04
Loss = 1.1765e-03, PNorm = 35.8946, GNorm = 0.3708, lr_0 = 4.6941e-04
Loss = 1.4079e-03, PNorm = 35.8968, GNorm = 0.2750, lr_0 = 4.6827e-04
Validation mae = nan
Epoch 34
Loss = 1.4154e-03, PNorm = 35.9001, GNorm = 0.4191, lr_0 = 4.6701e-04
Loss = 1.0792e-03, PNorm = 35.9030, GNorm = 0.3591, lr_0 = 4.6587e-04
Loss = 1.3241e-03, PNorm = 35.9053, GNorm = 0.1407, lr_0 = 4.6473e-04
Loss = 9.0485e-04, PNorm = 35.9063, GNorm = 0.1068, lr_0 = 4.6359e-04
Loss = 5.4781e-04, PNorm = 35.9077, GNorm = 0.0939, lr_0 = 4.6246e-04
Loss = 1.0911e-03, PNorm = 35.9083, GNorm = 0.5655, lr_0 = 4.6133e-04
Loss = 1.0352e-03, PNorm = 35.9091, GNorm = 0.2202, lr_0 = 4.6020e-04
Loss = 9.0998e-04, PNorm = 35.9124, GNorm = 0.1891, lr_0 = 4.5907e-04
Loss = 8.1731e-04, PNorm = 35.9138, GNorm = 0.1769, lr_0 = 4.5795e-04
Loss = 8.4850e-04, PNorm = 35.9154, GNorm = 0.0961, lr_0 = 4.5683e-04
Validation mae = nan
Epoch 35
Loss = 3.7164e-03, PNorm = 35.9171, GNorm = 0.4885, lr_0 = 4.5560e-04
Loss = 2.0179e-03, PNorm = 35.9190, GNorm = 0.2895, lr_0 = 4.5449e-04
Loss = 1.6533e-03, PNorm = 35.9210, GNorm = 0.2978, lr_0 = 4.5338e-04
Loss = 1.7347e-03, PNorm = 35.9236, GNorm = 0.2333, lr_0 = 4.5227e-04
Loss = 1.4214e-03, PNorm = 35.9260, GNorm = 0.1993, lr_0 = 4.5117e-04
Loss = 1.3570e-03, PNorm = 35.9292, GNorm = 0.4490, lr_0 = 4.5006e-04
Loss = 1.2525e-03, PNorm = 35.9320, GNorm = 0.2085, lr_0 = 4.4896e-04
Loss = 1.2116e-03, PNorm = 35.9347, GNorm = 0.1351, lr_0 = 4.4787e-04
Loss = 8.9898e-04, PNorm = 35.9371, GNorm = 0.2762, lr_0 = 4.4677e-04
Validation mae = nan
Epoch 36
Loss = 1.7019e-03, PNorm = 35.9384, GNorm = 0.4172, lr_0 = 4.4557e-04
Loss = 9.9510e-04, PNorm = 35.9405, GNorm = 0.1982, lr_0 = 4.4448e-04
Loss = 6.0309e-04, PNorm = 35.9423, GNorm = 0.0776, lr_0 = 4.4339e-04
Loss = 1.0418e-03, PNorm = 35.9439, GNorm = 0.2314, lr_0 = 4.4231e-04
Loss = 9.2094e-04, PNorm = 35.9452, GNorm = 0.0991, lr_0 = 4.4123e-04
Loss = 6.4393e-04, PNorm = 35.9456, GNorm = 0.0919, lr_0 = 4.4015e-04
Loss = 7.7182e-04, PNorm = 35.9475, GNorm = 0.1179, lr_0 = 4.3907e-04
Loss = 5.7964e-04, PNorm = 35.9494, GNorm = 0.1816, lr_0 = 4.3800e-04
Loss = 6.9353e-04, PNorm = 35.9504, GNorm = 0.1308, lr_0 = 4.3693e-04
Loss = 8.2220e-04, PNorm = 35.9524, GNorm = 0.2817, lr_0 = 4.3586e-04
Validation mae = nan
Epoch 37
Loss = 4.2951e-03, PNorm = 35.9555, GNorm = 0.7581, lr_0 = 4.3469e-04
Loss = 5.1702e-03, PNorm = 35.9585, GNorm = 0.7249, lr_0 = 4.3363e-04
Loss = 4.7029e-03, PNorm = 35.9629, GNorm = 0.5711, lr_0 = 4.3257e-04
Loss = 4.2463e-03, PNorm = 35.9655, GNorm = 0.4068, lr_0 = 4.3151e-04
Loss = 2.5695e-03, PNorm = 35.9672, GNorm = 0.5616, lr_0 = 4.3046e-04
Loss = 2.5793e-03, PNorm = 35.9698, GNorm = 0.3278, lr_0 = 4.2940e-04
Loss = 2.2532e-03, PNorm = 35.9714, GNorm = 0.3118, lr_0 = 4.2835e-04
Loss = 1.4500e-03, PNorm = 35.9734, GNorm = 0.2198, lr_0 = 4.2731e-04
Loss = 1.0760e-03, PNorm = 35.9759, GNorm = 0.2291, lr_0 = 4.2626e-04
Loss = 7.5669e-04, PNorm = 35.9784, GNorm = 0.1532, lr_0 = 4.2522e-04
Validation mae = nan
Epoch 38
Loss = 6.1866e-04, PNorm = 35.9799, GNorm = 0.0801, lr_0 = 4.2418e-04
Loss = 5.4055e-04, PNorm = 35.9815, GNorm = 0.0740, lr_0 = 4.2314e-04
Loss = 7.0722e-04, PNorm = 35.9834, GNorm = 0.1013, lr_0 = 4.2211e-04
Loss = 5.9579e-04, PNorm = 35.9848, GNorm = 0.1517, lr_0 = 4.2108e-04
Loss = 6.8971e-04, PNorm = 35.9862, GNorm = 0.2020, lr_0 = 4.2005e-04
Loss = 6.5376e-04, PNorm = 35.9877, GNorm = 0.2562, lr_0 = 4.1902e-04
Loss = 1.0821e-03, PNorm = 35.9890, GNorm = 0.2402, lr_0 = 4.1800e-04
Loss = 9.4459e-04, PNorm = 35.9909, GNorm = 0.2441, lr_0 = 4.1698e-04
Loss = 5.3930e-04, PNorm = 35.9915, GNorm = 0.0468, lr_0 = 4.1596e-04
Validation mae = nan
Epoch 39
Loss = 3.7392e-04, PNorm = 35.9927, GNorm = 0.0957, lr_0 = 4.1484e-04
Loss = 8.7696e-04, PNorm = 35.9936, GNorm = 0.2738, lr_0 = 4.1382e-04
Loss = 7.3890e-04, PNorm = 35.9954, GNorm = 0.5146, lr_0 = 4.1281e-04
Loss = 1.1115e-03, PNorm = 35.9970, GNorm = 0.1953, lr_0 = 4.1180e-04
Loss = 1.0460e-03, PNorm = 35.9987, GNorm = 0.1169, lr_0 = 4.1080e-04
Loss = 1.0812e-03, PNorm = 36.0002, GNorm = 0.3046, lr_0 = 4.0979e-04
Loss = 8.6340e-04, PNorm = 36.0027, GNorm = 0.1939, lr_0 = 4.0879e-04
Loss = 9.1223e-04, PNorm = 36.0048, GNorm = 0.1666, lr_0 = 4.0779e-04
Loss = 8.6142e-04, PNorm = 36.0056, GNorm = 0.2380, lr_0 = 4.0679e-04
Loss = 8.8783e-04, PNorm = 36.0066, GNorm = 0.1397, lr_0 = 4.0580e-04
Validation mae = nan
Epoch 40
Loss = 1.2368e-03, PNorm = 36.0089, GNorm = 0.2302, lr_0 = 4.0471e-04
Loss = 9.0682e-04, PNorm = 36.0103, GNorm = 0.1190, lr_0 = 4.0372e-04
Loss = 6.6318e-04, PNorm = 36.0123, GNorm = 0.1252, lr_0 = 4.0273e-04
Loss = 7.3770e-04, PNorm = 36.0124, GNorm = 0.1267, lr_0 = 4.0175e-04
Loss = 6.3965e-04, PNorm = 36.0139, GNorm = 0.1988, lr_0 = 4.0077e-04
Loss = 6.7001e-04, PNorm = 36.0159, GNorm = 0.2059, lr_0 = 3.9979e-04
Loss = 6.1029e-04, PNorm = 36.0164, GNorm = 0.0840, lr_0 = 3.9881e-04
Loss = 3.9562e-04, PNorm = 36.0170, GNorm = 0.0990, lr_0 = 3.9783e-04
Loss = 6.3585e-04, PNorm = 36.0185, GNorm = 0.1459, lr_0 = 3.9686e-04
Validation mae = nan
Epoch 41
Loss = 8.8655e-04, PNorm = 36.0199, GNorm = 0.3077, lr_0 = 3.9579e-04
Loss = 7.3246e-04, PNorm = 36.0214, GNorm = 0.1520, lr_0 = 3.9483e-04
Loss = 3.9725e-04, PNorm = 36.0225, GNorm = 0.1207, lr_0 = 3.9386e-04
Loss = 8.0995e-04, PNorm = 36.0246, GNorm = 0.1940, lr_0 = 3.9290e-04
Loss = 8.9881e-04, PNorm = 36.0272, GNorm = 0.3161, lr_0 = 3.9194e-04
Loss = 9.7448e-04, PNorm = 36.0284, GNorm = 0.1626, lr_0 = 3.9098e-04
Loss = 7.9063e-04, PNorm = 36.0306, GNorm = 0.2748, lr_0 = 3.9003e-04
Loss = 6.8470e-04, PNorm = 36.0317, GNorm = 0.2979, lr_0 = 3.8907e-04
Loss = 8.1838e-04, PNorm = 36.0329, GNorm = 0.4340, lr_0 = 3.8812e-04
Loss = 8.0028e-04, PNorm = 36.0340, GNorm = 0.1317, lr_0 = 3.8717e-04
Validation mae = nan
Epoch 42
Loss = 1.8883e-03, PNorm = 36.0355, GNorm = 0.5387, lr_0 = 3.8613e-04
Loss = 1.1377e-03, PNorm = 36.0364, GNorm = 0.1530, lr_0 = 3.8519e-04
Loss = 8.8793e-04, PNorm = 36.0387, GNorm = 0.1904, lr_0 = 3.8425e-04
Loss = 8.4579e-04, PNorm = 36.0408, GNorm = 0.1311, lr_0 = 3.8331e-04
Loss = 6.6670e-04, PNorm = 36.0424, GNorm = 0.1879, lr_0 = 3.8237e-04
Loss = 6.6387e-04, PNorm = 36.0440, GNorm = 0.1944, lr_0 = 3.8143e-04
Loss = 5.1163e-04, PNorm = 36.0460, GNorm = 0.0472, lr_0 = 3.8050e-04
Loss = 6.1075e-04, PNorm = 36.0469, GNorm = 0.2051, lr_0 = 3.7957e-04
Loss = 5.1998e-04, PNorm = 36.0474, GNorm = 0.0790, lr_0 = 3.7864e-04
Loss = 4.1515e-04, PNorm = 36.0489, GNorm = 0.1228, lr_0 = 3.7772e-04
Validation mae = nan
Epoch 43
Loss = 3.6946e-04, PNorm = 36.0506, GNorm = 0.0724, lr_0 = 3.7670e-04
Loss = 3.9370e-04, PNorm = 36.0518, GNorm = 0.0460, lr_0 = 3.7578e-04
Loss = 4.4751e-04, PNorm = 36.0528, GNorm = 0.1801, lr_0 = 3.7486e-04
Loss = 7.9488e-04, PNorm = 36.0544, GNorm = 0.1114, lr_0 = 3.7395e-04
Loss = 3.9448e-04, PNorm = 36.0555, GNorm = 0.1257, lr_0 = 3.7303e-04
Loss = 3.9252e-04, PNorm = 36.0566, GNorm = 0.1616, lr_0 = 3.7212e-04
Loss = 4.2862e-04, PNorm = 36.0574, GNorm = 0.1110, lr_0 = 3.7121e-04
Loss = 3.4421e-04, PNorm = 36.0586, GNorm = 0.0381, lr_0 = 3.7030e-04
Loss = 4.8082e-04, PNorm = 36.0597, GNorm = 0.1093, lr_0 = 3.6940e-04
Validation mae = nan
Epoch 44
Loss = 6.6313e-04, PNorm = 36.0609, GNorm = 0.2467, lr_0 = 3.6841e-04
Loss = 5.5407e-04, PNorm = 36.0614, GNorm = 0.1735, lr_0 = 3.6751e-04
Loss = 4.4647e-04, PNorm = 36.0623, GNorm = 0.2237, lr_0 = 3.6661e-04
Loss = 4.3962e-04, PNorm = 36.0633, GNorm = 0.1503, lr_0 = 3.6571e-04
Loss = 5.5767e-04, PNorm = 36.0646, GNorm = 0.2523, lr_0 = 3.6482e-04
Loss = 6.4664e-04, PNorm = 36.0657, GNorm = 0.1227, lr_0 = 3.6393e-04
Loss = 5.3918e-04, PNorm = 36.0673, GNorm = 0.1013, lr_0 = 3.6304e-04
Loss = 4.8736e-04, PNorm = 36.0692, GNorm = 0.0898, lr_0 = 3.6215e-04
Loss = 6.1065e-04, PNorm = 36.0712, GNorm = 0.2540, lr_0 = 3.6126e-04
Loss = 8.5401e-04, PNorm = 36.0715, GNorm = 0.2733, lr_0 = 3.6038e-04
Validation mae = nan
Epoch 45
Loss = 1.6362e-03, PNorm = 36.0739, GNorm = 0.1608, lr_0 = 3.5941e-04
Loss = 9.5479e-04, PNorm = 36.0749, GNorm = 0.1629, lr_0 = 3.5853e-04
Loss = 1.2324e-03, PNorm = 36.0764, GNorm = 0.1386, lr_0 = 3.5766e-04
Loss = 1.2102e-03, PNorm = 36.0773, GNorm = 0.1509, lr_0 = 3.5678e-04
Loss = 8.3219e-04, PNorm = 36.0788, GNorm = 0.1324, lr_0 = 3.5591e-04
Loss = 1.2356e-03, PNorm = 36.0808, GNorm = 0.3843, lr_0 = 3.5504e-04
Loss = 7.1949e-04, PNorm = 36.0829, GNorm = 0.2220, lr_0 = 3.5417e-04
Loss = 6.0703e-04, PNorm = 36.0846, GNorm = 0.1948, lr_0 = 3.5331e-04
Loss = 4.5488e-04, PNorm = 36.0859, GNorm = 0.0897, lr_0 = 3.5244e-04
Validation mae = nan
Epoch 46
Loss = 3.7921e-04, PNorm = 36.0874, GNorm = 0.1385, lr_0 = 3.5149e-04
Loss = 5.3688e-04, PNorm = 36.0889, GNorm = 0.0778, lr_0 = 3.5064e-04
Loss = 5.3199e-04, PNorm = 36.0901, GNorm = 0.1523, lr_0 = 3.4978e-04
Loss = 5.8011e-04, PNorm = 36.0910, GNorm = 0.2488, lr_0 = 3.4892e-04
Loss = 4.6034e-04, PNorm = 36.0920, GNorm = 0.1264, lr_0 = 3.4807e-04
Loss = 4.7186e-04, PNorm = 36.0928, GNorm = 0.0849, lr_0 = 3.4722e-04
Loss = 3.8486e-04, PNorm = 36.0940, GNorm = 0.0947, lr_0 = 3.4637e-04
Loss = 4.0674e-04, PNorm = 36.0948, GNorm = 0.1187, lr_0 = 3.4552e-04
Loss = 4.1958e-04, PNorm = 36.0963, GNorm = 0.0668, lr_0 = 3.4468e-04
Loss = 5.6405e-04, PNorm = 36.0979, GNorm = 0.0728, lr_0 = 3.4384e-04
Validation mae = nan
Epoch 47
Loss = 4.2781e-04, PNorm = 36.0991, GNorm = 0.1989, lr_0 = 3.4291e-04
Loss = 3.4010e-04, PNorm = 36.1006, GNorm = 0.0882, lr_0 = 3.4207e-04
Loss = 2.8850e-04, PNorm = 36.1018, GNorm = 0.0514, lr_0 = 3.4124e-04
Loss = 3.3236e-04, PNorm = 36.1020, GNorm = 0.1725, lr_0 = 3.4040e-04
Loss = 4.8793e-04, PNorm = 36.1027, GNorm = 0.1791, lr_0 = 3.3957e-04
Loss = 5.6146e-04, PNorm = 36.1031, GNorm = 0.0922, lr_0 = 3.3874e-04
Loss = 4.9198e-04, PNorm = 36.1039, GNorm = 0.0910, lr_0 = 3.3791e-04
Loss = 5.8890e-04, PNorm = 36.1057, GNorm = 0.1400, lr_0 = 3.3709e-04
Loss = 5.7021e-04, PNorm = 36.1071, GNorm = 0.3212, lr_0 = 3.3626e-04
Loss = 5.6029e-04, PNorm = 36.1079, GNorm = 0.1550, lr_0 = 3.3544e-04
Validation mae = nan
Epoch 48
Loss = 9.4941e-04, PNorm = 36.1102, GNorm = 0.3373, lr_0 = 3.3454e-04
Loss = 6.9670e-04, PNorm = 36.1117, GNorm = 0.2649, lr_0 = 3.3372e-04
Loss = 5.5943e-04, PNorm = 36.1128, GNorm = 0.0679, lr_0 = 3.3291e-04
Loss = 3.8264e-04, PNorm = 36.1144, GNorm = 0.1299, lr_0 = 3.3209e-04
Loss = 3.4341e-04, PNorm = 36.1156, GNorm = 0.1289, lr_0 = 3.3128e-04
Loss = 4.8533e-04, PNorm = 36.1167, GNorm = 0.1499, lr_0 = 3.3047e-04
Loss = 4.3576e-04, PNorm = 36.1189, GNorm = 0.1071, lr_0 = 3.2966e-04
Loss = 4.7212e-04, PNorm = 36.1207, GNorm = 0.0983, lr_0 = 3.2886e-04
Loss = 7.4132e-04, PNorm = 36.1219, GNorm = 0.1690, lr_0 = 3.2805e-04
Validation mae = nan
Epoch 49
Loss = 1.3088e-03, PNorm = 36.1243, GNorm = 0.1968, lr_0 = 3.2717e-04
Loss = 7.8585e-04, PNorm = 36.1274, GNorm = 0.1274, lr_0 = 3.2637e-04
Loss = 7.8331e-04, PNorm = 36.1289, GNorm = 0.1688, lr_0 = 3.2557e-04
Loss = 7.9295e-04, PNorm = 36.1306, GNorm = 0.2713, lr_0 = 3.2478e-04
Loss = 5.5332e-04, PNorm = 36.1325, GNorm = 0.2611, lr_0 = 3.2398e-04
Loss = 6.4320e-04, PNorm = 36.1329, GNorm = 0.0984, lr_0 = 3.2319e-04
Loss = 4.9402e-04, PNorm = 36.1339, GNorm = 0.0685, lr_0 = 3.2240e-04
Loss = 4.7745e-04, PNorm = 36.1350, GNorm = 0.2899, lr_0 = 3.2161e-04
Loss = 6.5539e-04, PNorm = 36.1359, GNorm = 0.3997, lr_0 = 3.2083e-04
Loss = 7.7741e-04, PNorm = 36.1375, GNorm = 0.3223, lr_0 = 3.2004e-04
Validation mae = nan
Epoch 50
Loss = 1.2338e-03, PNorm = 36.1388, GNorm = 0.3870, lr_0 = 3.1926e-04
Loss = 5.9795e-04, PNorm = 36.1389, GNorm = 0.0988, lr_0 = 3.1848e-04
Loss = 7.6632e-04, PNorm = 36.1400, GNorm = 0.1635, lr_0 = 3.1770e-04
Loss = 9.6086e-04, PNorm = 36.1414, GNorm = 0.1890, lr_0 = 3.1693e-04
Loss = 9.5209e-04, PNorm = 36.1428, GNorm = 0.1814, lr_0 = 3.1615e-04
Loss = 8.9864e-04, PNorm = 36.1427, GNorm = 0.2303, lr_0 = 3.1538e-04
Loss = 5.3934e-04, PNorm = 36.1434, GNorm = 0.1355, lr_0 = 3.1461e-04
Loss = 5.2408e-04, PNorm = 36.1436, GNorm = 0.1734, lr_0 = 3.1384e-04
Loss = 5.8173e-04, PNorm = 36.1447, GNorm = 0.0855, lr_0 = 3.1307e-04
Loss = 4.2505e-04, PNorm = 36.1462, GNorm = 0.0809, lr_0 = 3.1231e-04
Loss = 1.9462e-04, PNorm = 36.1463, GNorm = 0.1745, lr_0 = 3.1223e-04
Validation mae = nan
Epoch 51
Loss = 4.9806e-04, PNorm = 36.1481, GNorm = 0.1664, lr_0 = 3.1147e-04
Loss = 3.9154e-04, PNorm = 36.1493, GNorm = 0.0655, lr_0 = 3.1070e-04
Loss = 3.9361e-04, PNorm = 36.1496, GNorm = 0.0839, lr_0 = 3.0994e-04
Loss = 3.1295e-04, PNorm = 36.1507, GNorm = 0.0539, lr_0 = 3.0919e-04
Loss = 3.7076e-04, PNorm = 36.1517, GNorm = 0.0958, lr_0 = 3.0843e-04
Loss = 3.4711e-04, PNorm = 36.1533, GNorm = 0.0883, lr_0 = 3.0768e-04
Loss = 4.3656e-04, PNorm = 36.1543, GNorm = 0.0909, lr_0 = 3.0693e-04
Loss = 5.6384e-04, PNorm = 36.1561, GNorm = 0.1914, lr_0 = 3.0617e-04
Loss = 3.9661e-04, PNorm = 36.1576, GNorm = 0.1510, lr_0 = 3.0543e-04
Validation mae = nan
Epoch 52
Loss = 4.7576e-04, PNorm = 36.1585, GNorm = 0.1430, lr_0 = 3.0461e-04
Loss = 4.6829e-04, PNorm = 36.1591, GNorm = 0.0683, lr_0 = 3.0386e-04
Loss = 3.7576e-04, PNorm = 36.1607, GNorm = 0.1716, lr_0 = 3.0312e-04
Loss = 3.2305e-04, PNorm = 36.1613, GNorm = 0.0627, lr_0 = 3.0238e-04
Loss = 4.6171e-04, PNorm = 36.1622, GNorm = 0.3659, lr_0 = 3.0164e-04
Loss = 7.2435e-04, PNorm = 36.1630, GNorm = 0.1520, lr_0 = 3.0090e-04
Loss = 8.3363e-04, PNorm = 36.1641, GNorm = 0.3188, lr_0 = 3.0016e-04
Loss = 7.0312e-04, PNorm = 36.1647, GNorm = 0.1893, lr_0 = 2.9943e-04
Loss = 5.8111e-04, PNorm = 36.1663, GNorm = 0.3736, lr_0 = 2.9870e-04
Loss = 5.3388e-04, PNorm = 36.1673, GNorm = 0.1358, lr_0 = 2.9797e-04
Validation mae = nan
Epoch 53
Loss = 5.2898e-04, PNorm = 36.1691, GNorm = 0.0854, lr_0 = 2.9717e-04
Loss = 3.9161e-04, PNorm = 36.1705, GNorm = 0.0798, lr_0 = 2.9644e-04
Loss = 3.2373e-04, PNorm = 36.1710, GNorm = 0.0899, lr_0 = 2.9572e-04
Loss = 3.1448e-04, PNorm = 36.1719, GNorm = 0.0602, lr_0 = 2.9499e-04
Loss = 3.0817e-04, PNorm = 36.1725, GNorm = 0.0566, lr_0 = 2.9427e-04
Loss = 2.8686e-04, PNorm = 36.1733, GNorm = 0.0493, lr_0 = 2.9355e-04
Loss = 3.1399e-04, PNorm = 36.1748, GNorm = 0.0899, lr_0 = 2.9284e-04
Loss = 3.2025e-04, PNorm = 36.1757, GNorm = 0.1045, lr_0 = 2.9212e-04
Loss = 2.9979e-04, PNorm = 36.1771, GNorm = 0.1469, lr_0 = 2.9141e-04
Validation mae = nan
Epoch 54
Loss = 7.4950e-04, PNorm = 36.1785, GNorm = 0.3119, lr_0 = 2.9062e-04
Loss = 5.7694e-04, PNorm = 36.1792, GNorm = 0.1745, lr_0 = 2.8991e-04
Loss = 4.9037e-04, PNorm = 36.1800, GNorm = 0.0781, lr_0 = 2.8920e-04
Loss = 5.5312e-04, PNorm = 36.1812, GNorm = 0.2795, lr_0 = 2.8850e-04
Loss = 4.4442e-04, PNorm = 36.1821, GNorm = 0.2033, lr_0 = 2.8779e-04
Loss = 4.8402e-04, PNorm = 36.1827, GNorm = 0.1011, lr_0 = 2.8709e-04
Loss = 4.0150e-04, PNorm = 36.1842, GNorm = 0.1098, lr_0 = 2.8639e-04
Loss = 4.5460e-04, PNorm = 36.1853, GNorm = 0.0675, lr_0 = 2.8569e-04
Loss = 3.6188e-04, PNorm = 36.1868, GNorm = 0.1454, lr_0 = 2.8499e-04
Loss = 2.5367e-04, PNorm = 36.1877, GNorm = 0.0550, lr_0 = 2.8429e-04
Validation mae = nan
Epoch 55
Loss = 2.4866e-04, PNorm = 36.1891, GNorm = 0.1295, lr_0 = 2.8353e-04
Loss = 3.7639e-04, PNorm = 36.1903, GNorm = 0.0940, lr_0 = 2.8283e-04
Loss = 2.5167e-04, PNorm = 36.1910, GNorm = 0.0919, lr_0 = 2.8214e-04
Loss = 2.3942e-04, PNorm = 36.1919, GNorm = 0.0982, lr_0 = 2.8145e-04
Loss = 5.3855e-04, PNorm = 36.1936, GNorm = 0.2114, lr_0 = 2.8076e-04
Loss = 6.2859e-04, PNorm = 36.1944, GNorm = 0.1798, lr_0 = 2.8008e-04
Loss = 1.1955e-03, PNorm = 36.1952, GNorm = 0.5618, lr_0 = 2.7939e-04
Loss = 1.3978e-03, PNorm = 36.1960, GNorm = 0.1872, lr_0 = 2.7871e-04
Loss = 9.8097e-04, PNorm = 36.1966, GNorm = 0.2144, lr_0 = 2.7803e-04
Loss = 8.5399e-04, PNorm = 36.1978, GNorm = 0.2048, lr_0 = 2.7735e-04
Loss = 3.5303e-04, PNorm = 36.1979, GNorm = 0.2088, lr_0 = 2.7728e-04
Validation mae = nan
Epoch 56
Loss = 5.3852e-04, PNorm = 36.1984, GNorm = 0.1195, lr_0 = 2.7660e-04
Loss = 4.5134e-04, PNorm = 36.2000, GNorm = 0.3527, lr_0 = 2.7593e-04
Loss = 5.0440e-04, PNorm = 36.2006, GNorm = 0.1442, lr_0 = 2.7525e-04
Loss = 5.0495e-04, PNorm = 36.2019, GNorm = 0.0454, lr_0 = 2.7458e-04
Loss = 3.6145e-04, PNorm = 36.2025, GNorm = 0.1167, lr_0 = 2.7391e-04
Loss = 2.6796e-04, PNorm = 36.2038, GNorm = 0.0806, lr_0 = 2.7324e-04
Loss = 7.9282e-04, PNorm = 36.2057, GNorm = 0.4119, lr_0 = 2.7257e-04
Loss = 6.3561e-04, PNorm = 36.2067, GNorm = 0.1901, lr_0 = 2.7191e-04
Loss = 3.5257e-04, PNorm = 36.2074, GNorm = 0.0774, lr_0 = 2.7124e-04
Validation mae = nan
Epoch 57
Loss = 3.0519e-04, PNorm = 36.2090, GNorm = 0.0790, lr_0 = 2.7051e-04
Loss = 5.0991e-04, PNorm = 36.2100, GNorm = 0.0964, lr_0 = 2.6985e-04
Loss = 8.8164e-04, PNorm = 36.2118, GNorm = 0.3052, lr_0 = 2.6919e-04
Loss = 1.0212e-03, PNorm = 36.2132, GNorm = 0.2889, lr_0 = 2.6853e-04
Loss = 6.0098e-04, PNorm = 36.2141, GNorm = 0.2559, lr_0 = 2.6788e-04
Loss = 4.3729e-04, PNorm = 36.2148, GNorm = 0.1536, lr_0 = 2.6722e-04
Loss = 4.2135e-04, PNorm = 36.2154, GNorm = 0.0925, lr_0 = 2.6657e-04
Loss = 3.9274e-04, PNorm = 36.2167, GNorm = 0.1011, lr_0 = 2.6592e-04
Loss = 4.0568e-04, PNorm = 36.2177, GNorm = 0.0610, lr_0 = 2.6527e-04
Loss = 4.6061e-04, PNorm = 36.2191, GNorm = 0.1379, lr_0 = 2.6462e-04
Validation mae = nan
Epoch 58
Loss = 3.8480e-04, PNorm = 36.2212, GNorm = 0.0596, lr_0 = 2.6391e-04
Loss = 6.6825e-04, PNorm = 36.2226, GNorm = 0.1331, lr_0 = 2.6326e-04
Loss = 3.5084e-04, PNorm = 36.2238, GNorm = 0.0602, lr_0 = 2.6262e-04
Loss = 2.8971e-04, PNorm = 36.2248, GNorm = 0.1420, lr_0 = 2.6198e-04
Loss = 3.8893e-04, PNorm = 36.2247, GNorm = 0.0843, lr_0 = 2.6134e-04
Loss = 3.4047e-04, PNorm = 36.2254, GNorm = 0.1066, lr_0 = 2.6070e-04
Loss = 4.3088e-04, PNorm = 36.2260, GNorm = 0.2043, lr_0 = 2.6006e-04
Loss = 3.1194e-04, PNorm = 36.2267, GNorm = 0.0910, lr_0 = 2.5942e-04
Loss = 1.9579e-04, PNorm = 36.2270, GNorm = 0.0563, lr_0 = 2.5879e-04
Validation mae = nan
Epoch 59
Loss = 1.7100e-04, PNorm = 36.2283, GNorm = 0.1039, lr_0 = 2.5809e-04
Loss = 1.8514e-04, PNorm = 36.2290, GNorm = 0.0931, lr_0 = 2.5746e-04
Loss = 1.7074e-04, PNorm = 36.2299, GNorm = 0.0654, lr_0 = 2.5683e-04
Loss = 2.9666e-04, PNorm = 36.2309, GNorm = 0.0608, lr_0 = 2.5621e-04
Loss = 5.2952e-04, PNorm = 36.2320, GNorm = 0.0981, lr_0 = 2.5558e-04
Loss = 3.5522e-04, PNorm = 36.2329, GNorm = 0.1085, lr_0 = 2.5495e-04
Loss = 3.2975e-04, PNorm = 36.2337, GNorm = 0.0814, lr_0 = 2.5433e-04
Loss = 3.5851e-04, PNorm = 36.2341, GNorm = 0.0746, lr_0 = 2.5371e-04
Loss = 2.5163e-04, PNorm = 36.2353, GNorm = 0.0599, lr_0 = 2.5309e-04
Loss = 4.1925e-04, PNorm = 36.2364, GNorm = 0.1003, lr_0 = 2.5247e-04
Validation mae = nan
Epoch 60
Loss = 5.5660e-04, PNorm = 36.2378, GNorm = 0.2053, lr_0 = 2.5179e-04
Loss = 2.6622e-04, PNorm = 36.2389, GNorm = 0.0796, lr_0 = 2.5118e-04
Loss = 2.7965e-04, PNorm = 36.2391, GNorm = 0.0701, lr_0 = 2.5056e-04
Loss = 2.3408e-04, PNorm = 36.2396, GNorm = 0.0568, lr_0 = 2.4995e-04
Loss = 4.9142e-04, PNorm = 36.2408, GNorm = 0.1131, lr_0 = 2.4934e-04
Loss = 5.8945e-04, PNorm = 36.2413, GNorm = 0.2310, lr_0 = 2.4873e-04
Loss = 5.9513e-04, PNorm = 36.2428, GNorm = 0.1933, lr_0 = 2.4812e-04
Loss = 4.5964e-04, PNorm = 36.2443, GNorm = 0.0775, lr_0 = 2.4751e-04
Loss = 4.1448e-04, PNorm = 36.2460, GNorm = 0.1035, lr_0 = 2.4691e-04
Loss = 2.9473e-04, PNorm = 36.2471, GNorm = 0.0437, lr_0 = 2.4631e-04
Loss = 9.7884e-05, PNorm = 36.2471, GNorm = 0.1598, lr_0 = 2.4625e-04
Validation mae = nan
Epoch 61
Loss = 3.3716e-04, PNorm = 36.2477, GNorm = 0.1806, lr_0 = 2.4564e-04
Loss = 2.3059e-04, PNorm = 36.2485, GNorm = 0.1116, lr_0 = 2.4504e-04
Loss = 2.7193e-04, PNorm = 36.2497, GNorm = 0.0633, lr_0 = 2.4444e-04
Loss = 4.5005e-04, PNorm = 36.2509, GNorm = 0.1061, lr_0 = 2.4385e-04
Loss = 2.6495e-04, PNorm = 36.2517, GNorm = 0.0717, lr_0 = 2.4325e-04
Loss = 2.2970e-04, PNorm = 36.2528, GNorm = 0.0687, lr_0 = 2.4266e-04
Loss = 2.7058e-04, PNorm = 36.2537, GNorm = 0.2085, lr_0 = 2.4206e-04
Loss = 2.8625e-04, PNorm = 36.2549, GNorm = 0.1238, lr_0 = 2.4147e-04
Loss = 3.0915e-04, PNorm = 36.2554, GNorm = 0.1167, lr_0 = 2.4088e-04
Validation mae = nan
Epoch 62
Loss = 9.5499e-04, PNorm = 36.2568, GNorm = 0.2863, lr_0 = 2.4023e-04
Loss = 1.2869e-03, PNorm = 36.2567, GNorm = 0.2663, lr_0 = 2.3965e-04
Loss = 9.4892e-04, PNorm = 36.2577, GNorm = 0.3158, lr_0 = 2.3906e-04
Loss = 9.0679e-04, PNorm = 36.2586, GNorm = 0.1223, lr_0 = 2.3848e-04
Loss = 6.8557e-04, PNorm = 36.2607, GNorm = 0.1460, lr_0 = 2.3789e-04
Loss = 7.6003e-04, PNorm = 36.2614, GNorm = 0.2159, lr_0 = 2.3731e-04
Loss = 7.0804e-04, PNorm = 36.2633, GNorm = 0.1306, lr_0 = 2.3673e-04
Loss = 4.9159e-04, PNorm = 36.2641, GNorm = 0.1008, lr_0 = 2.3615e-04
Loss = 4.3565e-04, PNorm = 36.2650, GNorm = 0.0816, lr_0 = 2.3558e-04
Loss = 4.6589e-04, PNorm = 36.2662, GNorm = 0.0884, lr_0 = 2.3500e-04
Validation mae = nan
Epoch 63
Loss = 2.9749e-04, PNorm = 36.2675, GNorm = 0.1036, lr_0 = 2.3443e-04
Loss = 3.8763e-04, PNorm = 36.2681, GNorm = 0.1315, lr_0 = 2.3385e-04
Loss = 3.3903e-04, PNorm = 36.2690, GNorm = 0.0502, lr_0 = 2.3328e-04
Loss = 4.3864e-04, PNorm = 36.2697, GNorm = 0.1568, lr_0 = 2.3271e-04
Loss = 4.8360e-04, PNorm = 36.2704, GNorm = 0.1153, lr_0 = 2.3214e-04
Loss = 5.3849e-04, PNorm = 36.2714, GNorm = 0.1081, lr_0 = 2.3157e-04
Loss = 3.0718e-04, PNorm = 36.2723, GNorm = 0.0763, lr_0 = 2.3101e-04
Loss = 3.4963e-04, PNorm = 36.2730, GNorm = 0.1607, lr_0 = 2.3044e-04
Loss = 3.1014e-04, PNorm = 36.2742, GNorm = 0.1644, lr_0 = 2.2988e-04
Validation mae = nan
Epoch 64
Loss = 2.5359e-04, PNorm = 36.2756, GNorm = 0.1296, lr_0 = 2.2926e-04
Loss = 6.3383e-04, PNorm = 36.2764, GNorm = 0.2903, lr_0 = 2.2870e-04
Loss = 4.9047e-04, PNorm = 36.2765, GNorm = 0.1330, lr_0 = 2.2814e-04
Loss = 3.6711e-04, PNorm = 36.2780, GNorm = 0.1200, lr_0 = 2.2758e-04
Loss = 4.1942e-04, PNorm = 36.2787, GNorm = 0.1419, lr_0 = 2.2703e-04
Loss = 2.8889e-04, PNorm = 36.2798, GNorm = 0.0852, lr_0 = 2.2647e-04
Loss = 3.2562e-04, PNorm = 36.2807, GNorm = 0.1932, lr_0 = 2.2592e-04
Loss = 3.3204e-04, PNorm = 36.2812, GNorm = 0.2302, lr_0 = 2.2537e-04
Loss = 3.4195e-04, PNorm = 36.2818, GNorm = 0.1608, lr_0 = 2.2482e-04
Loss = 3.7049e-04, PNorm = 36.2825, GNorm = 0.1191, lr_0 = 2.2427e-04
Validation mae = nan
Epoch 65
Loss = 3.6372e-04, PNorm = 36.2831, GNorm = 0.1708, lr_0 = 2.2366e-04
Loss = 2.9273e-04, PNorm = 36.2842, GNorm = 0.1420, lr_0 = 2.2312e-04
Loss = 2.1191e-04, PNorm = 36.2850, GNorm = 0.1053, lr_0 = 2.2257e-04
Loss = 3.0553e-04, PNorm = 36.2860, GNorm = 0.1557, lr_0 = 2.2203e-04
Loss = 2.3667e-04, PNorm = 36.2865, GNorm = 0.0629, lr_0 = 2.2149e-04
Loss = 2.3129e-04, PNorm = 36.2871, GNorm = 0.0598, lr_0 = 2.2094e-04
Loss = 3.5015e-04, PNorm = 36.2875, GNorm = 0.1940, lr_0 = 2.2040e-04
Loss = 3.8143e-04, PNorm = 36.2885, GNorm = 0.1254, lr_0 = 2.1986e-04
Loss = 4.2333e-04, PNorm = 36.2904, GNorm = 0.1819, lr_0 = 2.1933e-04
Loss = 3.7722e-04, PNorm = 36.2915, GNorm = 0.1248, lr_0 = 2.1879e-04
Validation mae = nan
Epoch 66
Loss = 3.9379e-04, PNorm = 36.2918, GNorm = 0.1239, lr_0 = 2.1820e-04
Loss = 3.5653e-04, PNorm = 36.2930, GNorm = 0.1254, lr_0 = 2.1767e-04
Loss = 4.4253e-04, PNorm = 36.2944, GNorm = 0.1552, lr_0 = 2.1714e-04
Loss = 4.8410e-04, PNorm = 36.2951, GNorm = 0.2717, lr_0 = 2.1661e-04
Loss = 4.6260e-04, PNorm = 36.2958, GNorm = 0.1673, lr_0 = 2.1608e-04
Loss = 3.5305e-04, PNorm = 36.2964, GNorm = 0.0903, lr_0 = 2.1555e-04
Loss = 2.6580e-04, PNorm = 36.2975, GNorm = 0.0396, lr_0 = 2.1502e-04
Loss = 2.1317e-04, PNorm = 36.2981, GNorm = 0.0575, lr_0 = 2.1450e-04
Loss = 2.4645e-04, PNorm = 36.2987, GNorm = 0.1802, lr_0 = 2.1397e-04
Validation mae = nan
Epoch 67
Loss = 5.1023e-04, PNorm = 36.2999, GNorm = 0.1862, lr_0 = 2.1340e-04
Loss = 3.8813e-04, PNorm = 36.3009, GNorm = 0.1219, lr_0 = 2.1288e-04
Loss = 3.1749e-04, PNorm = 36.3016, GNorm = 0.0847, lr_0 = 2.1235e-04
Loss = 2.6021e-04, PNorm = 36.3026, GNorm = 0.0486, lr_0 = 2.1184e-04
Loss = 3.0996e-04, PNorm = 36.3036, GNorm = 0.1159, lr_0 = 2.1132e-04
Loss = 3.3413e-04, PNorm = 36.3037, GNorm = 0.0904, lr_0 = 2.1080e-04
Loss = 2.7346e-04, PNorm = 36.3041, GNorm = 0.1030, lr_0 = 2.1029e-04
Loss = 4.0318e-04, PNorm = 36.3041, GNorm = 0.1457, lr_0 = 2.0977e-04
Loss = 3.4751e-04, PNorm = 36.3042, GNorm = 0.0750, lr_0 = 2.0926e-04
Loss = 2.4740e-04, PNorm = 36.3049, GNorm = 0.0355, lr_0 = 2.0875e-04
Validation mae = nan
Epoch 68
Loss = 3.0796e-04, PNorm = 36.3060, GNorm = 0.1733, lr_0 = 2.0819e-04
Loss = 2.8152e-04, PNorm = 36.3059, GNorm = 0.1390, lr_0 = 2.0768e-04
Loss = 2.9693e-04, PNorm = 36.3070, GNorm = 0.1786, lr_0 = 2.0717e-04
Loss = 3.0194e-04, PNorm = 36.3077, GNorm = 0.0913, lr_0 = 2.0666e-04
Loss = 2.6229e-04, PNorm = 36.3090, GNorm = 0.1105, lr_0 = 2.0616e-04
Loss = 2.5690e-04, PNorm = 36.3093, GNorm = 0.1203, lr_0 = 2.0565e-04
Loss = 1.4378e-04, PNorm = 36.3097, GNorm = 0.0531, lr_0 = 2.0515e-04
Loss = 2.5059e-04, PNorm = 36.3101, GNorm = 0.0641, lr_0 = 2.0465e-04
Loss = 1.8637e-04, PNorm = 36.3103, GNorm = 0.0396, lr_0 = 2.0415e-04
Validation mae = nan
Epoch 69
Loss = 4.6707e-04, PNorm = 36.3109, GNorm = 0.1880, lr_0 = 2.0360e-04
Loss = 3.9202e-04, PNorm = 36.3116, GNorm = 0.2513, lr_0 = 2.0310e-04
Loss = 3.1989e-04, PNorm = 36.3126, GNorm = 0.1595, lr_0 = 2.0261e-04
Loss = 3.2709e-04, PNorm = 36.3133, GNorm = 0.1399, lr_0 = 2.0211e-04
Loss = 2.7233e-04, PNorm = 36.3137, GNorm = 0.0821, lr_0 = 2.0162e-04
Loss = 3.0542e-04, PNorm = 36.3147, GNorm = 0.1188, lr_0 = 2.0112e-04
Loss = 2.8680e-04, PNorm = 36.3158, GNorm = 0.1153, lr_0 = 2.0063e-04
Loss = 2.6875e-04, PNorm = 36.3163, GNorm = 0.1006, lr_0 = 2.0014e-04
Loss = 2.2650e-04, PNorm = 36.3172, GNorm = 0.1088, lr_0 = 1.9965e-04
Loss = 2.5877e-04, PNorm = 36.3180, GNorm = 0.0914, lr_0 = 1.9917e-04
Validation mae = nan
Epoch 70
Loss = 3.3307e-04, PNorm = 36.3191, GNorm = 0.1103, lr_0 = 1.9863e-04
Loss = 2.2085e-04, PNorm = 36.3199, GNorm = 0.0698, lr_0 = 1.9814e-04
Loss = 2.0796e-04, PNorm = 36.3209, GNorm = 0.0862, lr_0 = 1.9766e-04
Loss = 1.5603e-04, PNorm = 36.3220, GNorm = 0.0847, lr_0 = 1.9718e-04
Loss = 3.0692e-04, PNorm = 36.3225, GNorm = 0.0541, lr_0 = 1.9669e-04
Loss = 2.7074e-04, PNorm = 36.3231, GNorm = 0.0813, lr_0 = 1.9621e-04
Loss = 2.4175e-04, PNorm = 36.3239, GNorm = 0.0603, lr_0 = 1.9573e-04
Loss = 1.7505e-04, PNorm = 36.3245, GNorm = 0.0543, lr_0 = 1.9526e-04
Loss = 1.5494e-04, PNorm = 36.3252, GNorm = 0.0811, lr_0 = 1.9478e-04
Loss = 1.8279e-04, PNorm = 36.3257, GNorm = 0.0661, lr_0 = 1.9430e-04
Validation mae = nan
Epoch 71
Loss = 2.2653e-04, PNorm = 36.3272, GNorm = 0.0689, lr_0 = 1.9378e-04
Loss = 2.6346e-04, PNorm = 36.3281, GNorm = 0.0584, lr_0 = 1.9331e-04
Loss = 2.1113e-04, PNorm = 36.3280, GNorm = 0.0515, lr_0 = 1.9283e-04
Loss = 3.1074e-04, PNorm = 36.3285, GNorm = 0.1580, lr_0 = 1.9236e-04
Loss = 2.9896e-04, PNorm = 36.3293, GNorm = 0.1100, lr_0 = 1.9189e-04
Loss = 3.0001e-04, PNorm = 36.3303, GNorm = 0.0901, lr_0 = 1.9142e-04
Loss = 4.2772e-04, PNorm = 36.3308, GNorm = 0.2235, lr_0 = 1.9096e-04
Loss = 5.4367e-04, PNorm = 36.3313, GNorm = 0.2563, lr_0 = 1.9049e-04
Loss = 5.4769e-04, PNorm = 36.3324, GNorm = 0.1827, lr_0 = 1.9002e-04
Validation mae = nan
Epoch 72
Loss = 3.5742e-04, PNorm = 36.3330, GNorm = 0.1849, lr_0 = 1.8951e-04
Loss = 3.9715e-04, PNorm = 36.3336, GNorm = 0.1254, lr_0 = 1.8905e-04
Loss = 3.4353e-04, PNorm = 36.3342, GNorm = 0.1408, lr_0 = 1.8859e-04
Loss = 2.7814e-04, PNorm = 36.3353, GNorm = 0.0792, lr_0 = 1.8813e-04
Loss = 1.8302e-04, PNorm = 36.3365, GNorm = 0.0898, lr_0 = 1.8767e-04
Loss = 3.2084e-04, PNorm = 36.3372, GNorm = 0.0965, lr_0 = 1.8721e-04
Loss = 2.2608e-04, PNorm = 36.3382, GNorm = 0.0703, lr_0 = 1.8675e-04
Loss = 2.5057e-04, PNorm = 36.3388, GNorm = 0.1153, lr_0 = 1.8629e-04
Loss = 2.4019e-04, PNorm = 36.3396, GNorm = 0.0748, lr_0 = 1.8584e-04
Loss = 1.9198e-04, PNorm = 36.3403, GNorm = 0.0584, lr_0 = 1.8538e-04
Validation mae = nan
Epoch 73
Loss = 1.9750e-04, PNorm = 36.3405, GNorm = 0.0430, lr_0 = 1.8488e-04
Loss = 1.8344e-04, PNorm = 36.3414, GNorm = 0.0924, lr_0 = 1.8443e-04
Loss = 2.3251e-04, PNorm = 36.3414, GNorm = 0.0581, lr_0 = 1.8398e-04
Loss = 1.9082e-04, PNorm = 36.3422, GNorm = 0.0752, lr_0 = 1.8353e-04
Loss = 2.4215e-04, PNorm = 36.3431, GNorm = 0.0591, lr_0 = 1.8308e-04
Loss = 1.9328e-04, PNorm = 36.3438, GNorm = 0.1082, lr_0 = 1.8264e-04
Loss = 1.9400e-04, PNorm = 36.3440, GNorm = 0.0842, lr_0 = 1.8219e-04
Loss = 1.6617e-04, PNorm = 36.3443, GNorm = 0.0890, lr_0 = 1.8174e-04
Loss = 1.9557e-04, PNorm = 36.3448, GNorm = 0.1165, lr_0 = 1.8130e-04
Validation mae = nan
Epoch 74
Loss = 1.5436e-04, PNorm = 36.3451, GNorm = 0.0565, lr_0 = 1.8081e-04
Loss = 2.1201e-04, PNorm = 36.3457, GNorm = 0.0565, lr_0 = 1.8037e-04
Loss = 1.9583e-04, PNorm = 36.3460, GNorm = 0.0740, lr_0 = 1.7993e-04
Loss = 2.1146e-04, PNorm = 36.3464, GNorm = 0.1759, lr_0 = 1.7949e-04
Loss = 2.1742e-04, PNorm = 36.3478, GNorm = 0.1313, lr_0 = 1.7905e-04
Loss = 2.7161e-04, PNorm = 36.3485, GNorm = 0.1227, lr_0 = 1.7861e-04
Loss = 2.2390e-04, PNorm = 36.3491, GNorm = 0.1333, lr_0 = 1.7818e-04
Loss = 2.2010e-04, PNorm = 36.3495, GNorm = 0.0776, lr_0 = 1.7774e-04
Loss = 3.1309e-04, PNorm = 36.3505, GNorm = 0.1211, lr_0 = 1.7731e-04
Loss = 1.4917e-04, PNorm = 36.3509, GNorm = 0.0814, lr_0 = 1.7687e-04
Validation mae = nan
Epoch 75
Loss = 2.4815e-04, PNorm = 36.3516, GNorm = 0.0852, lr_0 = 1.7644e-04
Loss = 2.1719e-04, PNorm = 36.3522, GNorm = 0.0577, lr_0 = 1.7601e-04
Loss = 2.3463e-04, PNorm = 36.3527, GNorm = 0.1186, lr_0 = 1.7558e-04
Loss = 1.9974e-04, PNorm = 36.3533, GNorm = 0.1498, lr_0 = 1.7515e-04
Loss = 2.2447e-04, PNorm = 36.3538, GNorm = 0.1672, lr_0 = 1.7472e-04
Loss = 3.2878e-04, PNorm = 36.3547, GNorm = 0.1368, lr_0 = 1.7429e-04
Loss = 2.2362e-04, PNorm = 36.3556, GNorm = 0.0553, lr_0 = 1.7387e-04
Loss = 1.8766e-04, PNorm = 36.3562, GNorm = 0.0865, lr_0 = 1.7344e-04
Loss = 1.4153e-04, PNorm = 36.3568, GNorm = 0.0916, lr_0 = 1.7302e-04
Loss = 1.8845e-04, PNorm = 36.3570, GNorm = 0.0384, lr_0 = 1.7260e-04
Validation mae = nan
Epoch 76
Loss = 2.8108e-04, PNorm = 36.3575, GNorm = 0.1406, lr_0 = 1.7213e-04
Loss = 1.8418e-04, PNorm = 36.3582, GNorm = 0.1302, lr_0 = 1.7171e-04
Loss = 1.4739e-04, PNorm = 36.3588, GNorm = 0.0555, lr_0 = 1.7129e-04
Loss = 1.5954e-04, PNorm = 36.3591, GNorm = 0.0851, lr_0 = 1.7087e-04
Loss = 1.9912e-04, PNorm = 36.3594, GNorm = 0.0927, lr_0 = 1.7046e-04
Loss = 2.6532e-04, PNorm = 36.3596, GNorm = 0.1126, lr_0 = 1.7004e-04
Loss = 3.3310e-04, PNorm = 36.3604, GNorm = 0.1738, lr_0 = 1.6962e-04
Loss = 1.8795e-04, PNorm = 36.3614, GNorm = 0.0560, lr_0 = 1.6921e-04
Loss = 2.4254e-04, PNorm = 36.3625, GNorm = 0.1108, lr_0 = 1.6880e-04
Validation mae = nan
Epoch 77
Loss = 1.4678e-04, PNorm = 36.3638, GNorm = 0.0525, lr_0 = 1.6834e-04
Loss = 2.1564e-04, PNorm = 36.3642, GNorm = 0.0740, lr_0 = 1.6793e-04
Loss = 3.5602e-04, PNorm = 36.3646, GNorm = 0.1214, lr_0 = 1.6752e-04
Loss = 2.9640e-04, PNorm = 36.3658, GNorm = 0.0564, lr_0 = 1.6711e-04
Loss = 2.5618e-04, PNorm = 36.3662, GNorm = 0.0925, lr_0 = 1.6670e-04
Loss = 1.9969e-04, PNorm = 36.3666, GNorm = 0.1093, lr_0 = 1.6629e-04
Loss = 2.2530e-04, PNorm = 36.3676, GNorm = 0.1599, lr_0 = 1.6589e-04
Loss = 2.0941e-04, PNorm = 36.3689, GNorm = 0.0920, lr_0 = 1.6548e-04
Loss = 1.4138e-04, PNorm = 36.3697, GNorm = 0.0229, lr_0 = 1.6508e-04
Loss = 1.4811e-04, PNorm = 36.3703, GNorm = 0.0864, lr_0 = 1.6467e-04
Validation mae = nan
Epoch 78
Loss = 1.6375e-04, PNorm = 36.3701, GNorm = 0.0683, lr_0 = 1.6423e-04
Loss = 1.7322e-04, PNorm = 36.3711, GNorm = 0.0451, lr_0 = 1.6383e-04
Loss = 1.4965e-04, PNorm = 36.3709, GNorm = 0.0420, lr_0 = 1.6343e-04
Loss = 1.1435e-04, PNorm = 36.3713, GNorm = 0.0556, lr_0 = 1.6303e-04
Loss = 1.2914e-04, PNorm = 36.3721, GNorm = 0.0822, lr_0 = 1.6263e-04
Loss = 2.7821e-04, PNorm = 36.3729, GNorm = 0.0442, lr_0 = 1.6223e-04
Loss = 1.5614e-04, PNorm = 36.3732, GNorm = 0.0518, lr_0 = 1.6184e-04
Loss = 2.0032e-04, PNorm = 36.3739, GNorm = 0.1341, lr_0 = 1.6144e-04
Loss = 1.9983e-04, PNorm = 36.3741, GNorm = 0.0600, lr_0 = 1.6105e-04
Loss = 3.2626e-04, PNorm = 36.3747, GNorm = 0.1975, lr_0 = 1.6065e-04
Loss = 1.3083e-04, PNorm = 36.3747, GNorm = 0.0767, lr_0 = 1.6061e-04
Validation mae = nan
Epoch 79
Loss = 3.0434e-04, PNorm = 36.3750, GNorm = 0.1358, lr_0 = 1.6022e-04
Loss = 2.4186e-04, PNorm = 36.3756, GNorm = 0.0613, lr_0 = 1.5983e-04
Loss = 2.2799e-04, PNorm = 36.3763, GNorm = 0.0870, lr_0 = 1.5944e-04
Loss = 1.8188e-04, PNorm = 36.3770, GNorm = 0.1478, lr_0 = 1.5905e-04
Loss = 3.6349e-04, PNorm = 36.3778, GNorm = 0.1553, lr_0 = 1.5866e-04
Loss = 3.1780e-04, PNorm = 36.3785, GNorm = 0.1140, lr_0 = 1.5827e-04
Loss = 2.1137e-04, PNorm = 36.3791, GNorm = 0.0911, lr_0 = 1.5789e-04
Loss = 1.8990e-04, PNorm = 36.3799, GNorm = 0.0607, lr_0 = 1.5750e-04
Loss = 3.0743e-04, PNorm = 36.3810, GNorm = 0.2240, lr_0 = 1.5711e-04
Validation mae = nan
Epoch 80
Loss = 4.6020e-04, PNorm = 36.3815, GNorm = 0.1175, lr_0 = 1.5669e-04
Loss = 4.0624e-04, PNorm = 36.3824, GNorm = 0.1320, lr_0 = 1.5631e-04
Loss = 2.3244e-04, PNorm = 36.3839, GNorm = 0.0448, lr_0 = 1.5593e-04
Loss = 2.7832e-04, PNorm = 36.3844, GNorm = 0.1445, lr_0 = 1.5555e-04
Loss = 2.7420e-04, PNorm = 36.3852, GNorm = 0.1505, lr_0 = 1.5517e-04
Loss = 3.2139e-04, PNorm = 36.3857, GNorm = 0.2158, lr_0 = 1.5479e-04
Loss = 4.1371e-04, PNorm = 36.3859, GNorm = 0.2612, lr_0 = 1.5441e-04
Loss = 4.4731e-04, PNorm = 36.3869, GNorm = 0.2584, lr_0 = 1.5403e-04
Loss = 3.5561e-04, PNorm = 36.3877, GNorm = 0.0823, lr_0 = 1.5365e-04
Loss = 3.4576e-04, PNorm = 36.3884, GNorm = 0.0607, lr_0 = 1.5328e-04
Validation mae = nan
Epoch 81
Loss = 2.8057e-04, PNorm = 36.3887, GNorm = 0.1253, lr_0 = 1.5287e-04
Loss = 2.1443e-04, PNorm = 36.3892, GNorm = 0.0824, lr_0 = 1.5249e-04
Loss = 1.5641e-04, PNorm = 36.3899, GNorm = 0.0856, lr_0 = 1.5212e-04
Loss = 2.2692e-04, PNorm = 36.3900, GNorm = 0.0521, lr_0 = 1.5175e-04
Loss = 2.1375e-04, PNorm = 36.3905, GNorm = 0.0466, lr_0 = 1.5138e-04
Loss = 1.5006e-04, PNorm = 36.3905, GNorm = 0.0864, lr_0 = 1.5101e-04
Loss = 2.3646e-04, PNorm = 36.3915, GNorm = 0.1341, lr_0 = 1.5064e-04
Loss = 2.3373e-04, PNorm = 36.3920, GNorm = 0.0961, lr_0 = 1.5027e-04
Loss = 2.0394e-04, PNorm = 36.3928, GNorm = 0.1617, lr_0 = 1.4990e-04
Validation mae = nan
Epoch 82
Loss = 5.5690e-04, PNorm = 36.3934, GNorm = 0.1760, lr_0 = 1.4950e-04
Loss = 3.6301e-04, PNorm = 36.3938, GNorm = 0.0721, lr_0 = 1.4913e-04
Loss = 2.4191e-04, PNorm = 36.3940, GNorm = 0.0911, lr_0 = 1.4877e-04
Loss = 2.9877e-04, PNorm = 36.3945, GNorm = 0.0626, lr_0 = 1.4841e-04
Loss = 1.7956e-04, PNorm = 36.3955, GNorm = 0.0249, lr_0 = 1.4804e-04
Loss = 1.9662e-04, PNorm = 36.3959, GNorm = 0.1619, lr_0 = 1.4768e-04
Loss = 2.3743e-04, PNorm = 36.3964, GNorm = 0.1383, lr_0 = 1.4732e-04
Loss = 2.0951e-04, PNorm = 36.3971, GNorm = 0.0387, lr_0 = 1.4696e-04
Loss = 2.2989e-04, PNorm = 36.3979, GNorm = 0.1202, lr_0 = 1.4660e-04
Loss = 1.8399e-04, PNorm = 36.3987, GNorm = 0.1091, lr_0 = 1.4624e-04
Validation mae = nan
Epoch 83
Loss = 2.7827e-04, PNorm = 36.3997, GNorm = 0.0746, lr_0 = 1.4585e-04
Loss = 2.1622e-04, PNorm = 36.3998, GNorm = 0.1264, lr_0 = 1.4549e-04
Loss = 2.0097e-04, PNorm = 36.3999, GNorm = 0.0522, lr_0 = 1.4514e-04
Loss = 1.9306e-04, PNorm = 36.4008, GNorm = 0.0815, lr_0 = 1.4478e-04
Loss = 1.7276e-04, PNorm = 36.4017, GNorm = 0.0507, lr_0 = 1.4443e-04
Loss = 1.4080e-04, PNorm = 36.4020, GNorm = 0.0502, lr_0 = 1.4407e-04
Loss = 1.3177e-04, PNorm = 36.4025, GNorm = 0.0654, lr_0 = 1.4372e-04
Loss = 1.4845e-04, PNorm = 36.4031, GNorm = 0.0259, lr_0 = 1.4337e-04
Loss = 1.6198e-04, PNorm = 36.4037, GNorm = 0.0581, lr_0 = 1.4302e-04
Loss = 1.6659e-04, PNorm = 36.4046, GNorm = 0.0666, lr_0 = 1.4267e-04
Loss = 3.1994e-05, PNorm = 36.4047, GNorm = 0.0540, lr_0 = 1.4264e-04
Validation mae = nan
Epoch 84
Loss = 2.0038e-04, PNorm = 36.4048, GNorm = 0.0530, lr_0 = 1.4229e-04
Loss = 1.7818e-04, PNorm = 36.4049, GNorm = 0.0693, lr_0 = 1.4194e-04
Loss = 1.8391e-04, PNorm = 36.4052, GNorm = 0.0637, lr_0 = 1.4159e-04
Loss = 1.0071e-04, PNorm = 36.4056, GNorm = 0.0733, lr_0 = 1.4125e-04
Loss = 1.7313e-04, PNorm = 36.4059, GNorm = 0.0793, lr_0 = 1.4090e-04
Loss = 1.9227e-04, PNorm = 36.4066, GNorm = 0.0918, lr_0 = 1.4056e-04
Loss = 1.7550e-04, PNorm = 36.4072, GNorm = 0.1430, lr_0 = 1.4021e-04
Loss = 1.6201e-04, PNorm = 36.4080, GNorm = 0.0577, lr_0 = 1.3987e-04
Loss = 1.1627e-04, PNorm = 36.4084, GNorm = 0.0402, lr_0 = 1.3953e-04
Validation mae = nan
Epoch 85
Loss = 1.7517e-04, PNorm = 36.4085, GNorm = 0.0545, lr_0 = 1.3915e-04
Loss = 1.3920e-04, PNorm = 36.4094, GNorm = 0.0670, lr_0 = 1.3881e-04
Loss = 1.2771e-04, PNorm = 36.4096, GNorm = 0.0797, lr_0 = 1.3847e-04
Loss = 1.2483e-04, PNorm = 36.4104, GNorm = 0.0573, lr_0 = 1.3814e-04
Loss = 1.6413e-04, PNorm = 36.4108, GNorm = 0.1395, lr_0 = 1.3780e-04
Loss = 2.7469e-04, PNorm = 36.4117, GNorm = 0.0681, lr_0 = 1.3746e-04
Loss = 2.5343e-04, PNorm = 36.4119, GNorm = 0.1320, lr_0 = 1.3713e-04
Loss = 2.1487e-04, PNorm = 36.4127, GNorm = 0.0725, lr_0 = 1.3679e-04
Loss = 1.3955e-04, PNorm = 36.4129, GNorm = 0.0432, lr_0 = 1.3646e-04
Loss = 1.9250e-04, PNorm = 36.4134, GNorm = 0.0550, lr_0 = 1.3612e-04
Validation mae = nan
Epoch 86
Loss = 1.6203e-04, PNorm = 36.4141, GNorm = 0.0848, lr_0 = 1.3576e-04
Loss = 1.4910e-04, PNorm = 36.4147, GNorm = 0.0386, lr_0 = 1.3542e-04
Loss = 1.3270e-04, PNorm = 36.4154, GNorm = 0.0495, lr_0 = 1.3509e-04
Loss = 1.9111e-04, PNorm = 36.4155, GNorm = 0.0568, lr_0 = 1.3476e-04
Loss = 2.1228e-04, PNorm = 36.4161, GNorm = 0.0622, lr_0 = 1.3443e-04
Loss = 1.9615e-04, PNorm = 36.4169, GNorm = 0.0649, lr_0 = 1.3410e-04
Loss = 1.7741e-04, PNorm = 36.4171, GNorm = 0.0820, lr_0 = 1.3378e-04
Loss = 1.7323e-04, PNorm = 36.4176, GNorm = 0.0625, lr_0 = 1.3345e-04
Loss = 2.1560e-04, PNorm = 36.4181, GNorm = 0.1214, lr_0 = 1.3312e-04
Validation mae = nan
Epoch 87
Loss = 1.8457e-04, PNorm = 36.4185, GNorm = 0.1208, lr_0 = 1.3277e-04
Loss = 2.0383e-04, PNorm = 36.4190, GNorm = 0.0455, lr_0 = 1.3244e-04
Loss = 1.8342e-04, PNorm = 36.4193, GNorm = 0.0811, lr_0 = 1.3212e-04
Loss = 1.6984e-04, PNorm = 36.4198, GNorm = 0.0841, lr_0 = 1.3179e-04
Loss = 1.8763e-04, PNorm = 36.4201, GNorm = 0.1014, lr_0 = 1.3147e-04
Loss = 4.0930e-04, PNorm = 36.4205, GNorm = 0.2200, lr_0 = 1.3115e-04
Loss = 4.6233e-04, PNorm = 36.4212, GNorm = 0.2257, lr_0 = 1.3083e-04
Loss = 6.3748e-04, PNorm = 36.4222, GNorm = 0.3190, lr_0 = 1.3051e-04
Loss = 4.5829e-04, PNorm = 36.4228, GNorm = 0.0918, lr_0 = 1.3019e-04
Loss = 3.3818e-04, PNorm = 36.4236, GNorm = 0.0790, lr_0 = 1.2987e-04
Validation mae = nan
Epoch 88
Loss = 2.7314e-04, PNorm = 36.4239, GNorm = 0.1273, lr_0 = 1.2956e-04
Loss = 2.2270e-04, PNorm = 36.4243, GNorm = 0.0834, lr_0 = 1.2924e-04
Loss = 2.4194e-04, PNorm = 36.4252, GNorm = 0.1851, lr_0 = 1.2892e-04
Loss = 1.7968e-04, PNorm = 36.4256, GNorm = 0.1446, lr_0 = 1.2861e-04
Loss = 1.4113e-04, PNorm = 36.4263, GNorm = 0.0501, lr_0 = 1.2829e-04
Loss = 1.4035e-04, PNorm = 36.4271, GNorm = 0.0611, lr_0 = 1.2798e-04
Loss = 1.3321e-04, PNorm = 36.4274, GNorm = 0.1060, lr_0 = 1.2767e-04
Loss = 1.6851e-04, PNorm = 36.4280, GNorm = 0.1373, lr_0 = 1.2736e-04
Loss = 1.7465e-04, PNorm = 36.4285, GNorm = 0.0450, lr_0 = 1.2704e-04
Loss = 1.4559e-04, PNorm = 36.4292, GNorm = 0.0496, lr_0 = 1.2673e-04
Validation mae = nan
Epoch 89
Loss = 2.2307e-04, PNorm = 36.4293, GNorm = 0.1011, lr_0 = 1.2639e-04
Loss = 2.5666e-04, PNorm = 36.4296, GNorm = 0.1774, lr_0 = 1.2608e-04
Loss = 2.9919e-04, PNorm = 36.4301, GNorm = 0.0995, lr_0 = 1.2578e-04
Loss = 2.5609e-04, PNorm = 36.4301, GNorm = 0.0972, lr_0 = 1.2547e-04
Loss = 2.0701e-04, PNorm = 36.4303, GNorm = 0.0871, lr_0 = 1.2516e-04
Loss = 1.3001e-04, PNorm = 36.4306, GNorm = 0.0449, lr_0 = 1.2486e-04
Loss = 1.0589e-04, PNorm = 36.4311, GNorm = 0.0587, lr_0 = 1.2455e-04
Loss = 1.1536e-04, PNorm = 36.4316, GNorm = 0.0421, lr_0 = 1.2425e-04
Loss = 1.0638e-04, PNorm = 36.4321, GNorm = 0.0525, lr_0 = 1.2394e-04
Validation mae = nan
Epoch 90
Loss = 2.0428e-04, PNorm = 36.4324, GNorm = 0.0519, lr_0 = 1.2361e-04
Loss = 1.7957e-04, PNorm = 36.4329, GNorm = 0.0488, lr_0 = 1.2331e-04
Loss = 2.1363e-04, PNorm = 36.4331, GNorm = 0.0869, lr_0 = 1.2301e-04
Loss = 1.9527e-04, PNorm = 36.4332, GNorm = 0.0690, lr_0 = 1.2270e-04
Loss = 1.3600e-04, PNorm = 36.4338, GNorm = 0.0947, lr_0 = 1.2240e-04
Loss = 1.5083e-04, PNorm = 36.4341, GNorm = 0.0678, lr_0 = 1.2211e-04
Loss = 2.0365e-04, PNorm = 36.4345, GNorm = 0.0586, lr_0 = 1.2181e-04
Loss = 1.8014e-04, PNorm = 36.4353, GNorm = 0.0634, lr_0 = 1.2151e-04
Loss = 1.8502e-04, PNorm = 36.4358, GNorm = 0.1210, lr_0 = 1.2121e-04
Loss = 1.5461e-04, PNorm = 36.4364, GNorm = 0.0958, lr_0 = 1.2092e-04
Validation mae = nan
Epoch 91
Loss = 1.0766e-04, PNorm = 36.4366, GNorm = 0.0689, lr_0 = 1.2059e-04
Loss = 1.0951e-04, PNorm = 36.4370, GNorm = 0.0272, lr_0 = 1.2030e-04
Loss = 1.8147e-04, PNorm = 36.4375, GNorm = 0.0842, lr_0 = 1.2000e-04
Loss = 1.8629e-04, PNorm = 36.4381, GNorm = 0.1843, lr_0 = 1.1971e-04
Loss = 1.7418e-04, PNorm = 36.4381, GNorm = 0.0743, lr_0 = 1.1942e-04
Loss = 1.4643e-04, PNorm = 36.4387, GNorm = 0.0759, lr_0 = 1.1912e-04
Loss = 1.2344e-04, PNorm = 36.4388, GNorm = 0.0380, lr_0 = 1.1883e-04
Loss = 1.2351e-04, PNorm = 36.4391, GNorm = 0.1021, lr_0 = 1.1854e-04
Loss = 1.1743e-04, PNorm = 36.4394, GNorm = 0.0606, lr_0 = 1.1825e-04
Validation mae = nan
Epoch 92
Loss = 9.7703e-05, PNorm = 36.4401, GNorm = 0.0669, lr_0 = 1.1793e-04
Loss = 1.2919e-04, PNorm = 36.4407, GNorm = 0.0932, lr_0 = 1.1765e-04
Loss = 1.3500e-04, PNorm = 36.4413, GNorm = 0.0795, lr_0 = 1.1736e-04
Loss = 1.3160e-04, PNorm = 36.4418, GNorm = 0.0988, lr_0 = 1.1707e-04
Loss = 1.4370e-04, PNorm = 36.4420, GNorm = 0.0745, lr_0 = 1.1679e-04
Loss = 1.0923e-04, PNorm = 36.4421, GNorm = 0.0220, lr_0 = 1.1650e-04
Loss = 9.1697e-05, PNorm = 36.4425, GNorm = 0.0581, lr_0 = 1.1622e-04
Loss = 1.0356e-04, PNorm = 36.4428, GNorm = 0.0908, lr_0 = 1.1593e-04
Loss = 1.1806e-04, PNorm = 36.4430, GNorm = 0.0864, lr_0 = 1.1565e-04
Loss = 1.2991e-04, PNorm = 36.4435, GNorm = 0.0254, lr_0 = 1.1537e-04
Validation mae = nan
Epoch 93
Loss = 1.1723e-04, PNorm = 36.4441, GNorm = 0.0530, lr_0 = 1.1506e-04
Loss = 1.2835e-04, PNorm = 36.4444, GNorm = 0.0797, lr_0 = 1.1477e-04
Loss = 1.0660e-04, PNorm = 36.4449, GNorm = 0.0625, lr_0 = 1.1449e-04
Loss = 1.9630e-04, PNorm = 36.4451, GNorm = 0.0784, lr_0 = 1.1421e-04
Loss = 1.9333e-04, PNorm = 36.4459, GNorm = 0.1593, lr_0 = 1.1393e-04
Loss = 1.8808e-04, PNorm = 36.4463, GNorm = 0.0741, lr_0 = 1.1366e-04
Loss = 9.5109e-05, PNorm = 36.4467, GNorm = 0.0496, lr_0 = 1.1338e-04
Loss = 1.0014e-04, PNorm = 36.4475, GNorm = 0.0532, lr_0 = 1.1310e-04
Loss = 1.0371e-04, PNorm = 36.4481, GNorm = 0.0517, lr_0 = 1.1282e-04
Loss = 1.0547e-04, PNorm = 36.4484, GNorm = 0.0802, lr_0 = 1.1255e-04
Validation mae = nan
Epoch 94
Loss = 1.0872e-04, PNorm = 36.4489, GNorm = 0.0211, lr_0 = 1.1225e-04
Loss = 9.5526e-05, PNorm = 36.4492, GNorm = 0.0547, lr_0 = 1.1197e-04
Loss = 1.3679e-04, PNorm = 36.4494, GNorm = 0.1102, lr_0 = 1.1170e-04
Loss = 1.2576e-04, PNorm = 36.4495, GNorm = 0.0545, lr_0 = 1.1142e-04
Loss = 1.4666e-04, PNorm = 36.4497, GNorm = 0.0721, lr_0 = 1.1115e-04
Loss = 1.1375e-04, PNorm = 36.4501, GNorm = 0.0777, lr_0 = 1.1088e-04
Loss = 1.5805e-04, PNorm = 36.4503, GNorm = 0.0322, lr_0 = 1.1061e-04
Loss = 1.9700e-04, PNorm = 36.4512, GNorm = 0.1112, lr_0 = 1.1034e-04
Loss = 1.6889e-04, PNorm = 36.4517, GNorm = 0.0676, lr_0 = 1.1007e-04
Validation mae = nan
Epoch 95
Loss = 1.5028e-04, PNorm = 36.4525, GNorm = 0.0497, lr_0 = 1.0977e-04
Loss = 1.1921e-04, PNorm = 36.4529, GNorm = 0.0880, lr_0 = 1.0951e-04
Loss = 1.3608e-04, PNorm = 36.4532, GNorm = 0.0915, lr_0 = 1.0924e-04
Loss = 1.7004e-04, PNorm = 36.4536, GNorm = 0.0526, lr_0 = 1.0897e-04
Loss = 9.7328e-05, PNorm = 36.4543, GNorm = 0.0349, lr_0 = 1.0870e-04
Loss = 7.6510e-05, PNorm = 36.4545, GNorm = 0.0656, lr_0 = 1.0844e-04
Loss = 1.0217e-04, PNorm = 36.4547, GNorm = 0.0195, lr_0 = 1.0817e-04
Loss = 9.4462e-05, PNorm = 36.4549, GNorm = 0.0256, lr_0 = 1.0791e-04
Loss = 7.8855e-05, PNorm = 36.4553, GNorm = 0.0261, lr_0 = 1.0765e-04
Loss = 1.2678e-04, PNorm = 36.4557, GNorm = 0.0776, lr_0 = 1.0738e-04
Validation mae = nan
Epoch 96
Loss = 1.2242e-04, PNorm = 36.4558, GNorm = 0.0973, lr_0 = 1.0709e-04
Loss = 1.1049e-04, PNorm = 36.4563, GNorm = 0.0449, lr_0 = 1.0683e-04
Loss = 1.0438e-04, PNorm = 36.4566, GNorm = 0.0842, lr_0 = 1.0657e-04
Loss = 1.2280e-04, PNorm = 36.4571, GNorm = 0.1605, lr_0 = 1.0631e-04
Loss = 1.2694e-04, PNorm = 36.4575, GNorm = 0.0451, lr_0 = 1.0605e-04
Loss = 1.7661e-04, PNorm = 36.4580, GNorm = 0.0540, lr_0 = 1.0579e-04
Loss = 2.0083e-04, PNorm = 36.4585, GNorm = 0.1318, lr_0 = 1.0553e-04
Loss = 1.3718e-04, PNorm = 36.4590, GNorm = 0.0776, lr_0 = 1.0527e-04
Loss = 1.5927e-04, PNorm = 36.4593, GNorm = 0.1046, lr_0 = 1.0502e-04
Validation mae = nan
Epoch 97
Loss = 5.5295e-04, PNorm = 36.4596, GNorm = 0.1102, lr_0 = 1.0473e-04
Loss = 1.6858e-04, PNorm = 36.4602, GNorm = 0.0398, lr_0 = 1.0448e-04
Loss = 1.0100e-04, PNorm = 36.4603, GNorm = 0.0627, lr_0 = 1.0422e-04
Loss = 8.1594e-05, PNorm = 36.4608, GNorm = 0.0409, lr_0 = 1.0397e-04
Loss = 7.9576e-05, PNorm = 36.4610, GNorm = 0.0333, lr_0 = 1.0371e-04
Loss = 1.1100e-04, PNorm = 36.4615, GNorm = 0.0412, lr_0 = 1.0346e-04
Loss = 8.1714e-05, PNorm = 36.4619, GNorm = 0.0338, lr_0 = 1.0321e-04
Loss = 1.1113e-04, PNorm = 36.4623, GNorm = 0.0389, lr_0 = 1.0296e-04
Loss = 9.4248e-05, PNorm = 36.4629, GNorm = 0.0719, lr_0 = 1.0270e-04
Loss = 1.6238e-04, PNorm = 36.4632, GNorm = 0.1105, lr_0 = 1.0245e-04
Validation mae = nan
Epoch 98
Loss = 1.9381e-04, PNorm = 36.4641, GNorm = 0.1841, lr_0 = 1.0218e-04
Loss = 2.0467e-04, PNorm = 36.4643, GNorm = 0.1246, lr_0 = 1.0193e-04
Loss = 1.9596e-04, PNorm = 36.4649, GNorm = 0.0522, lr_0 = 1.0168e-04
Loss = 1.4280e-04, PNorm = 36.4650, GNorm = 0.0704, lr_0 = 1.0143e-04
Loss = 1.1616e-04, PNorm = 36.4653, GNorm = 0.0374, lr_0 = 1.0118e-04
Loss = 1.2646e-04, PNorm = 36.4658, GNorm = 0.1205, lr_0 = 1.0093e-04
Loss = 9.2630e-05, PNorm = 36.4664, GNorm = 0.0897, lr_0 = 1.0069e-04
Loss = 8.8205e-05, PNorm = 36.4666, GNorm = 0.0536, lr_0 = 1.0044e-04
Loss = 8.7943e-05, PNorm = 36.4669, GNorm = 0.0297, lr_0 = 1.0020e-04
Loss = 1.2714e-04, PNorm = 36.4671, GNorm = 0.0370, lr_0 = 1.0000e-04
Validation mae = nan
Epoch 99
Loss = 1.4625e-04, PNorm = 36.4675, GNorm = 0.0440, lr_0 = 1.0000e-04
Loss = 1.3002e-04, PNorm = 36.4678, GNorm = 0.0489, lr_0 = 1.0000e-04
Loss = 1.3095e-04, PNorm = 36.4678, GNorm = 0.0586, lr_0 = 1.0000e-04
Loss = 1.5145e-04, PNorm = 36.4684, GNorm = 0.0841, lr_0 = 1.0000e-04
Loss = 7.5183e-05, PNorm = 36.4690, GNorm = 0.0329, lr_0 = 1.0000e-04
Loss = 8.4193e-05, PNorm = 36.4694, GNorm = 0.0266, lr_0 = 1.0000e-04
Loss = 8.5171e-05, PNorm = 36.4697, GNorm = 0.0661, lr_0 = 1.0000e-04
Loss = 1.1898e-04, PNorm = 36.4700, GNorm = 0.0887, lr_0 = 1.0000e-04
Loss = 1.4231e-04, PNorm = 36.4698, GNorm = 0.0458, lr_0 = 1.0000e-04
Validation mae = nan
Model 0 best validation mae = inf on epoch 0
Loading pretrained parameter "encoder.encoder.0.cached_zero_vector".
Loading pretrained parameter "encoder.encoder.0.W_i.weight".
Loading pretrained parameter "encoder.encoder.0.W_h.weight".
Loading pretrained parameter "encoder.encoder.0.W_o.weight".
Loading pretrained parameter "encoder.encoder.0.W_o.bias".
Loading pretrained parameter "ffn.1.weight".
Loading pretrained parameter "ffn.1.bias".
Loading pretrained parameter "ffn.4.weight".
Loading pretrained parameter "ffn.4.bias".
Moving model to cuda
Model 0 test mae = nan
Ensemble test mae = nan
1-fold cross validation
	Seed 0 ==> test mae = nan
Overall test mae = nan +/- nan
Elapsed time = 0:06:43
