Command line
python train.py --data_path data/data_0.5_2/density.csv --smiles_columns smiles --target_columns density --dataset_type regression --split_sizes 1.0 0.0 0.0 --features_generator rdkit_2d --features_columns T --save_dir data/data_0.5_2/density --save_preds --epochs 100 --metric mae
Args
{'activation': 'ReLU',
 'aggregation': 'mean',
 'aggregation_norm': 100,
 'atom_descriptor_scaling': True,
 'atom_descriptors': None,
 'atom_descriptors_path': None,
 'atom_descriptors_size': 0,
 'atom_features_size': 0,
 'atom_messages': False,
 'batch_size': 50,
 'bias': False,
 'bond_feature_scaling': True,
 'bond_features_path': None,
 'bond_features_size': 0,
 'cache_cutoff': 10000,
 'checkpoint_dir': None,
 'checkpoint_path': None,
 'checkpoint_paths': None,
 'class_balance': False,
 'config_path': None,
 'crossval_index_dir': None,
 'crossval_index_file': None,
 'crossval_index_sets': None,
 'cuda': True,
 'data_path': 'data/data_0.5_2/density.csv',
 'dataset_type': 'regression',
 'depth': 3,
 'device': device(type='cuda'),
 'dropout': 0.0,
 'empty_cache': False,
 'ensemble_size': 1,
 'epochs': 100,
 'explicit_h': False,
 'extra_metrics': [],
 'features_columns': ['T'],
 'features_generator': ['rdkit_2d'],
 'features_only': False,
 'features_path': None,
 'features_scaling': True,
 'features_size': None,
 'ffn_hidden_size': 300,
 'ffn_num_layers': 2,
 'final_lr': 0.0001,
 'folds_file': None,
 'gpu': None,
 'grad_clip': None,
 'hidden_size': 300,
 'ignore_columns': None,
 'init_lr': 0.0001,
 'log_frequency': 10,
 'max_data_size': None,
 'max_lr': 0.001,
 'metric': 'mae',
 'metrics': ['mae'],
 'minimize_score': True,
 'mpn_shared': False,
 'multiclass_num_classes': 3,
 'no_atom_descriptor_scaling': False,
 'no_bond_features_scaling': False,
 'no_cache_mol': False,
 'no_cuda': False,
 'no_features_scaling': False,
 'num_folds': 1,
 'num_lrs': 1,
 'num_tasks': 1,
 'num_workers': 8,
 'number_of_molecules': 1,
 'overwrite_default_atom_features': False,
 'overwrite_default_bond_features': False,
 'pytorch_seed': 0,
 'quiet': False,
 'reaction': False,
 'reaction_mode': 'reac_diff',
 'resume_experiment': False,
 'save_dir': 'data/data_0.5_2/density',
 'save_preds': True,
 'save_smiles_splits': False,
 'seed': 0,
 'separate_test_atom_descriptors_path': None,
 'separate_test_bond_features_path': None,
 'separate_test_features_path': None,
 'separate_test_path': None,
 'separate_val_atom_descriptors_path': None,
 'separate_val_bond_features_path': None,
 'separate_val_features_path': None,
 'separate_val_path': None,
 'show_individual_scores': False,
 'smiles_columns': ['smiles'],
 'split_sizes': (1.0, 0.0, 0.0),
 'split_type': 'random',
 'target_columns': ['density'],
 'task_names': ['density'],
 'test': False,
 'test_fold_index': None,
 'train_data_size': None,
 'undirected': False,
 'use_input_features': True,
 'val_fold_index': None,
 'warmup_epochs': 2.0}
Loading data
Number of tasks = 1
Fold 0
Splitting data with seed 0
Total size = 4,916 | train size = 4,916 | val size = 0 | test size = 0
Fitting scaler
Building model 0
MoleculeModel(
  (encoder): MPN(
    (encoder): ModuleList(
      (0): MPNEncoder(
        (dropout_layer): Dropout(p=0.0, inplace=False)
        (act_func): ReLU()
        (W_i): Linear(in_features=147, out_features=300, bias=False)
        (W_h): Linear(in_features=300, out_features=300, bias=False)
        (W_o): Linear(in_features=433, out_features=300, bias=True)
      )
    )
  )
  (ffn): Sequential(
    (0): Dropout(p=0.0, inplace=False)
    (1): Linear(in_features=501, out_features=300, bias=True)
    (2): ReLU()
    (3): Dropout(p=0.0, inplace=False)
    (4): Linear(in_features=300, out_features=1, bias=True)
  )
)
Number of parameters = 415,201
Moving model to cuda
Epoch 0
Loss = 9.4390e-01, PNorm = 35.0910, GNorm = 5.8952, lr_0 = 1.5051e-04
Loss = 7.3924e-01, PNorm = 35.0916, GNorm = 2.8381, lr_0 = 1.9643e-04
Loss = 6.5025e-01, PNorm = 35.0945, GNorm = 3.6864, lr_0 = 2.4235e-04
Loss = 4.8205e-01, PNorm = 35.1002, GNorm = 2.0774, lr_0 = 2.8827e-04
Loss = 3.7771e-01, PNorm = 35.1070, GNorm = 2.3098, lr_0 = 3.3418e-04
Loss = 2.8821e-01, PNorm = 35.1144, GNorm = 7.8148, lr_0 = 3.8010e-04
Loss = 2.1806e-01, PNorm = 35.1202, GNorm = 2.0901, lr_0 = 4.2602e-04
Loss = 1.6057e-01, PNorm = 35.1256, GNorm = 4.0866, lr_0 = 4.7194e-04
Loss = 1.3270e-01, PNorm = 35.1307, GNorm = 4.6976, lr_0 = 5.1786e-04
Validation mae = nan
Epoch 1
Loss = 1.0825e-01, PNorm = 35.1316, GNorm = 11.1296, lr_0 = 5.6837e-04
Loss = 8.6777e-02, PNorm = 35.1306, GNorm = 1.3648, lr_0 = 6.1429e-04
Loss = 6.2404e-02, PNorm = 35.1305, GNorm = 2.2867, lr_0 = 6.6020e-04
Loss = 5.0547e-02, PNorm = 35.1326, GNorm = 3.1028, lr_0 = 7.0612e-04
Loss = 3.6457e-02, PNorm = 35.1354, GNorm = 1.7968, lr_0 = 7.5204e-04
Loss = 3.0096e-02, PNorm = 35.1370, GNorm = 0.5968, lr_0 = 7.9796e-04
Loss = 3.3948e-02, PNorm = 35.1375, GNorm = 4.2260, lr_0 = 8.4388e-04
Loss = 2.8276e-02, PNorm = 35.1388, GNorm = 1.0977, lr_0 = 8.8980e-04
Loss = 2.8560e-02, PNorm = 35.1415, GNorm = 1.9587, lr_0 = 9.3571e-04
Loss = 2.3907e-02, PNorm = 35.1426, GNorm = 0.7486, lr_0 = 9.8163e-04
Validation mae = nan
Epoch 2
Loss = 4.5859e-02, PNorm = 35.1436, GNorm = 6.3894, lr_0 = 9.9832e-04
Loss = 4.5128e-02, PNorm = 35.1431, GNorm = 2.3300, lr_0 = 9.9593e-04
Loss = 4.7230e-02, PNorm = 35.1454, GNorm = 1.1391, lr_0 = 9.9355e-04
Loss = 2.4226e-02, PNorm = 35.1495, GNorm = 1.1936, lr_0 = 9.9117e-04
Loss = 2.2709e-02, PNorm = 35.1532, GNorm = 1.2168, lr_0 = 9.8879e-04
Loss = 2.3480e-02, PNorm = 35.1554, GNorm = 0.5875, lr_0 = 9.8643e-04
Loss = 1.5659e-02, PNorm = 35.1578, GNorm = 0.4423, lr_0 = 9.8406e-04
Loss = 1.2993e-02, PNorm = 35.1592, GNorm = 0.9203, lr_0 = 9.8171e-04
Loss = 1.4485e-02, PNorm = 35.1608, GNorm = 1.2707, lr_0 = 9.7936e-04
Loss = 1.6998e-02, PNorm = 35.1632, GNorm = 1.5677, lr_0 = 9.7701e-04
Validation mae = nan
Epoch 3
Loss = 1.7458e-02, PNorm = 35.1645, GNorm = 0.4106, lr_0 = 9.7444e-04
Loss = 1.5597e-02, PNorm = 35.1673, GNorm = 1.2872, lr_0 = 9.7211e-04
Loss = 1.3175e-02, PNorm = 35.1691, GNorm = 0.7301, lr_0 = 9.6978e-04
Loss = 1.1562e-02, PNorm = 35.1710, GNorm = 0.1864, lr_0 = 9.6746e-04
Loss = 1.2507e-02, PNorm = 35.1726, GNorm = 0.6207, lr_0 = 9.6514e-04
Loss = 1.1176e-02, PNorm = 35.1744, GNorm = 0.6353, lr_0 = 9.6283e-04
Loss = 1.3280e-02, PNorm = 35.1760, GNorm = 1.3462, lr_0 = 9.6052e-04
Loss = 1.5462e-02, PNorm = 35.1785, GNorm = 0.7703, lr_0 = 9.5822e-04
Loss = 1.0355e-02, PNorm = 35.1809, GNorm = 0.4119, lr_0 = 9.5593e-04
Loss = 8.1047e-03, PNorm = 35.1826, GNorm = 0.3081, lr_0 = 9.5364e-04
Validation mae = nan
Epoch 4
Loss = 8.0263e-03, PNorm = 35.1845, GNorm = 0.3523, lr_0 = 9.5135e-04
Loss = 9.7461e-03, PNorm = 35.1870, GNorm = 0.3700, lr_0 = 9.4908e-04
Loss = 9.4503e-03, PNorm = 35.1886, GNorm = 1.1106, lr_0 = 9.4680e-04
Loss = 7.4367e-03, PNorm = 35.1899, GNorm = 0.6881, lr_0 = 9.4454e-04
Loss = 7.6855e-03, PNorm = 35.1915, GNorm = 0.4936, lr_0 = 9.4227e-04
Loss = 8.7271e-03, PNorm = 35.1935, GNorm = 0.8483, lr_0 = 9.4002e-04
Loss = 8.6219e-03, PNorm = 35.1956, GNorm = 0.4597, lr_0 = 9.3777e-04
Loss = 7.2603e-03, PNorm = 35.1971, GNorm = 0.6351, lr_0 = 9.3552e-04
Loss = 9.5614e-03, PNorm = 35.1998, GNorm = 1.2531, lr_0 = 9.3328e-04
Loss = 8.2649e-03, PNorm = 35.2027, GNorm = 0.5359, lr_0 = 9.3105e-04
Validation mae = nan
Epoch 5
Loss = 9.0048e-03, PNorm = 35.2062, GNorm = 0.9948, lr_0 = 9.2859e-04
Loss = 7.7684e-03, PNorm = 35.2083, GNorm = 0.5615, lr_0 = 9.2637e-04
Loss = 7.1424e-03, PNorm = 35.2104, GNorm = 0.7431, lr_0 = 9.2415e-04
Loss = 6.4913e-03, PNorm = 35.2118, GNorm = 0.6604, lr_0 = 9.2194e-04
Loss = 4.8796e-03, PNorm = 35.2140, GNorm = 0.9058, lr_0 = 9.1973e-04
Loss = 4.7893e-03, PNorm = 35.2165, GNorm = 0.3899, lr_0 = 9.1753e-04
Loss = 4.9522e-03, PNorm = 35.2188, GNorm = 1.0927, lr_0 = 9.1533e-04
Loss = 7.1125e-03, PNorm = 35.2210, GNorm = 0.4254, lr_0 = 9.1314e-04
Loss = 9.8130e-03, PNorm = 35.2236, GNorm = 0.7681, lr_0 = 9.1095e-04
Validation mae = nan
Epoch 6
Loss = 3.3251e-03, PNorm = 35.2267, GNorm = 0.4726, lr_0 = 9.0855e-04
Loss = 5.9993e-03, PNorm = 35.2293, GNorm = 0.5976, lr_0 = 9.0638e-04
Loss = 6.0229e-03, PNorm = 35.2320, GNorm = 0.5185, lr_0 = 9.0421e-04
Loss = 3.7689e-03, PNorm = 35.2348, GNorm = 0.1784, lr_0 = 9.0204e-04
Loss = 4.0694e-03, PNorm = 35.2376, GNorm = 0.5153, lr_0 = 8.9988e-04
Loss = 5.1156e-03, PNorm = 35.2390, GNorm = 0.7456, lr_0 = 8.9773e-04
Loss = 6.0215e-03, PNorm = 35.2420, GNorm = 0.3329, lr_0 = 8.9558e-04
Loss = 5.6990e-03, PNorm = 35.2445, GNorm = 0.8601, lr_0 = 8.9343e-04
Loss = 6.3763e-03, PNorm = 35.2474, GNorm = 0.5712, lr_0 = 8.9129e-04
Loss = 4.7719e-03, PNorm = 35.2514, GNorm = 0.4352, lr_0 = 8.8916e-04
Validation mae = nan
Epoch 7
Loss = 5.3043e-03, PNorm = 35.2543, GNorm = 0.2273, lr_0 = 8.8703e-04
Loss = 3.7760e-03, PNorm = 35.2568, GNorm = 0.2603, lr_0 = 8.8491e-04
Loss = 4.3257e-03, PNorm = 35.2595, GNorm = 0.2778, lr_0 = 8.8279e-04
Loss = 3.0191e-03, PNorm = 35.2625, GNorm = 0.4084, lr_0 = 8.8067e-04
Loss = 3.5046e-03, PNorm = 35.2651, GNorm = 0.2946, lr_0 = 8.7856e-04
Loss = 3.5768e-03, PNorm = 35.2680, GNorm = 0.6206, lr_0 = 8.7646e-04
Loss = 2.7690e-03, PNorm = 35.2704, GNorm = 0.1996, lr_0 = 8.7436e-04
Loss = 2.9883e-03, PNorm = 35.2739, GNorm = 0.3081, lr_0 = 8.7227e-04
Loss = 3.0381e-03, PNorm = 35.2773, GNorm = 0.1813, lr_0 = 8.7018e-04
Loss = 3.0300e-03, PNorm = 35.2787, GNorm = 0.2388, lr_0 = 8.6810e-04
Validation mae = nan
Epoch 8
Loss = 2.4855e-03, PNorm = 35.2809, GNorm = 0.1464, lr_0 = 8.6581e-04
Loss = 2.2895e-03, PNorm = 35.2841, GNorm = 0.1845, lr_0 = 8.6374e-04
Loss = 3.4379e-03, PNorm = 35.2870, GNorm = 0.3137, lr_0 = 8.6167e-04
Loss = 4.2711e-03, PNorm = 35.2901, GNorm = 0.5649, lr_0 = 8.5960e-04
Loss = 3.9365e-03, PNorm = 35.2919, GNorm = 0.2445, lr_0 = 8.5755e-04
Loss = 2.7227e-03, PNorm = 35.2945, GNorm = 0.2589, lr_0 = 8.5549e-04
Loss = 2.6467e-03, PNorm = 35.2976, GNorm = 0.4325, lr_0 = 8.5344e-04
Loss = 3.0706e-03, PNorm = 35.3008, GNorm = 0.3882, lr_0 = 8.5140e-04
Loss = 3.3218e-03, PNorm = 35.3038, GNorm = 0.4872, lr_0 = 8.4936e-04
Loss = 2.9220e-03, PNorm = 35.3069, GNorm = 0.3054, lr_0 = 8.4733e-04
Validation mae = nan
Epoch 9
Loss = 3.7564e-03, PNorm = 35.3116, GNorm = 0.8667, lr_0 = 8.4509e-04
Loss = 4.2656e-03, PNorm = 35.3149, GNorm = 0.7103, lr_0 = 8.4307e-04
Loss = 3.7395e-03, PNorm = 35.3193, GNorm = 0.1671, lr_0 = 8.4105e-04
Loss = 2.9320e-03, PNorm = 35.3223, GNorm = 0.2125, lr_0 = 8.3904e-04
Loss = 2.7704e-03, PNorm = 35.3248, GNorm = 0.1616, lr_0 = 8.3703e-04
Loss = 2.6133e-03, PNorm = 35.3271, GNorm = 0.1989, lr_0 = 8.3502e-04
Loss = 2.8564e-03, PNorm = 35.3297, GNorm = 0.3588, lr_0 = 8.3303e-04
Loss = 2.9665e-03, PNorm = 35.3325, GNorm = 0.8314, lr_0 = 8.3103e-04
Loss = 2.8755e-03, PNorm = 35.3351, GNorm = 0.6896, lr_0 = 8.2904e-04
Loss = 2.4862e-03, PNorm = 35.3363, GNorm = 0.8557, lr_0 = 8.2705e-04
Validation mae = nan
Epoch 10
Loss = 2.8107e-03, PNorm = 35.3370, GNorm = 0.8035, lr_0 = 8.2507e-04
Loss = 3.9185e-03, PNorm = 35.3401, GNorm = 0.6340, lr_0 = 8.2310e-04
Loss = 3.9523e-03, PNorm = 35.3432, GNorm = 0.5317, lr_0 = 8.2113e-04
Loss = 4.1854e-03, PNorm = 35.3479, GNorm = 0.4225, lr_0 = 8.1916e-04
Loss = 4.2605e-03, PNorm = 35.3509, GNorm = 0.4025, lr_0 = 8.1720e-04
Loss = 2.9669e-03, PNorm = 35.3548, GNorm = 0.2778, lr_0 = 8.1524e-04
Loss = 3.2484e-03, PNorm = 35.3578, GNorm = 0.4903, lr_0 = 8.1329e-04
Loss = 2.5758e-03, PNorm = 35.3605, GNorm = 0.2633, lr_0 = 8.1134e-04
Loss = 2.3122e-03, PNorm = 35.3629, GNorm = 0.3460, lr_0 = 8.0940e-04
Loss = 3.1802e-03, PNorm = 35.3658, GNorm = 0.3003, lr_0 = 8.0746e-04
Validation mae = nan
Epoch 11
Loss = 2.0240e-03, PNorm = 35.3687, GNorm = 0.2442, lr_0 = 8.0534e-04
Loss = 2.8336e-03, PNorm = 35.3722, GNorm = 0.5708, lr_0 = 8.0341e-04
Loss = 3.4883e-03, PNorm = 35.3751, GNorm = 0.6192, lr_0 = 8.0148e-04
Loss = 2.5983e-03, PNorm = 35.3773, GNorm = 0.4869, lr_0 = 7.9956e-04
Loss = 1.9566e-03, PNorm = 35.3794, GNorm = 0.4102, lr_0 = 7.9765e-04
Loss = 2.5129e-03, PNorm = 35.3818, GNorm = 0.3851, lr_0 = 7.9574e-04
Loss = 4.5283e-03, PNorm = 35.3861, GNorm = 0.9180, lr_0 = 7.9383e-04
Loss = 4.5931e-03, PNorm = 35.3890, GNorm = 0.6876, lr_0 = 7.9193e-04
Loss = 4.3337e-03, PNorm = 35.3893, GNorm = 0.3315, lr_0 = 7.9004e-04
Validation mae = nan
Epoch 12
Loss = 3.3358e-03, PNorm = 35.3905, GNorm = 0.5146, lr_0 = 7.8796e-04
Loss = 2.0692e-03, PNorm = 35.3929, GNorm = 0.3383, lr_0 = 7.8607e-04
Loss = 2.2174e-03, PNorm = 35.3962, GNorm = 0.2996, lr_0 = 7.8419e-04
Loss = 2.3284e-03, PNorm = 35.3986, GNorm = 0.6116, lr_0 = 7.8231e-04
Loss = 3.5142e-03, PNorm = 35.4012, GNorm = 0.5733, lr_0 = 7.8043e-04
Loss = 2.8059e-03, PNorm = 35.4050, GNorm = 0.1889, lr_0 = 7.7857e-04
Loss = 2.7225e-03, PNorm = 35.4076, GNorm = 0.3817, lr_0 = 7.7670e-04
Loss = 2.2705e-03, PNorm = 35.4101, GNorm = 0.3236, lr_0 = 7.7484e-04
Loss = 1.6627e-03, PNorm = 35.4134, GNorm = 0.1920, lr_0 = 7.7299e-04
Loss = 1.6317e-03, PNorm = 35.4164, GNorm = 0.1912, lr_0 = 7.7113e-04
Validation mae = nan
Epoch 13
Loss = 1.7787e-03, PNorm = 35.4202, GNorm = 0.5073, lr_0 = 7.6929e-04
Loss = 2.4655e-03, PNorm = 35.4231, GNorm = 0.2495, lr_0 = 7.6745e-04
Loss = 1.6784e-03, PNorm = 35.4249, GNorm = 0.1779, lr_0 = 7.6561e-04
Loss = 1.7611e-03, PNorm = 35.4276, GNorm = 0.2943, lr_0 = 7.6377e-04
Loss = 1.6601e-03, PNorm = 35.4309, GNorm = 0.5309, lr_0 = 7.6195e-04
Loss = 1.6187e-03, PNorm = 35.4331, GNorm = 0.3213, lr_0 = 7.6012e-04
Loss = 1.9378e-03, PNorm = 35.4349, GNorm = 0.2727, lr_0 = 7.5830e-04
Loss = 2.0775e-03, PNorm = 35.4369, GNorm = 0.3159, lr_0 = 7.5649e-04
Loss = 1.3227e-03, PNorm = 35.4400, GNorm = 0.2113, lr_0 = 7.5467e-04
Loss = 1.5972e-03, PNorm = 35.4426, GNorm = 0.4272, lr_0 = 7.5287e-04
Validation mae = nan
Epoch 14
Loss = 1.7717e-03, PNorm = 35.4466, GNorm = 0.2436, lr_0 = 7.5088e-04
Loss = 1.5295e-03, PNorm = 35.4483, GNorm = 0.1795, lr_0 = 7.4909e-04
Loss = 1.5176e-03, PNorm = 35.4501, GNorm = 0.3004, lr_0 = 7.4729e-04
Loss = 1.3055e-03, PNorm = 35.4517, GNorm = 0.4220, lr_0 = 7.4550e-04
Loss = 1.6708e-03, PNorm = 35.4544, GNorm = 0.0892, lr_0 = 7.4372e-04
Loss = 1.0221e-03, PNorm = 35.4555, GNorm = 0.1490, lr_0 = 7.4194e-04
Loss = 8.2227e-04, PNorm = 35.4570, GNorm = 0.1067, lr_0 = 7.4016e-04
Loss = 1.5029e-03, PNorm = 35.4593, GNorm = 0.1640, lr_0 = 7.3839e-04
Loss = 1.4980e-03, PNorm = 35.4637, GNorm = 0.1292, lr_0 = 7.3662e-04
Loss = 1.3032e-03, PNorm = 35.4676, GNorm = 0.3146, lr_0 = 7.3485e-04
Validation mae = nan
Epoch 15
Loss = 2.8904e-03, PNorm = 35.4711, GNorm = 0.3337, lr_0 = 7.3292e-04
Loss = 2.2700e-03, PNorm = 35.4726, GNorm = 0.2653, lr_0 = 7.3116e-04
Loss = 1.4637e-03, PNorm = 35.4758, GNorm = 0.2465, lr_0 = 7.2941e-04
Loss = 1.6531e-03, PNorm = 35.4782, GNorm = 0.4084, lr_0 = 7.2767e-04
Loss = 1.9352e-03, PNorm = 35.4809, GNorm = 0.3812, lr_0 = 7.2592e-04
Loss = 2.2338e-03, PNorm = 35.4833, GNorm = 0.2290, lr_0 = 7.2419e-04
Loss = 2.5921e-03, PNorm = 35.4856, GNorm = 0.4858, lr_0 = 7.2245e-04
Loss = 2.9802e-03, PNorm = 35.4891, GNorm = 0.7448, lr_0 = 7.2072e-04
Loss = 2.3741e-03, PNorm = 35.4917, GNorm = 0.7154, lr_0 = 7.1900e-04
Loss = 1.7261e-03, PNorm = 35.4953, GNorm = 0.2751, lr_0 = 7.1727e-04
Validation mae = nan
Epoch 16
Loss = 1.2563e-03, PNorm = 35.4976, GNorm = 0.2003, lr_0 = 7.1556e-04
Loss = 1.5202e-03, PNorm = 35.4985, GNorm = 0.4004, lr_0 = 7.1384e-04
Loss = 1.3998e-03, PNorm = 35.5009, GNorm = 0.2704, lr_0 = 7.1213e-04
Loss = 1.4472e-03, PNorm = 35.5030, GNorm = 0.2881, lr_0 = 7.1043e-04
Loss = 1.3488e-03, PNorm = 35.5048, GNorm = 0.1741, lr_0 = 7.0873e-04
Loss = 1.9444e-03, PNorm = 35.5079, GNorm = 0.3280, lr_0 = 7.0703e-04
Loss = 1.6934e-03, PNorm = 35.5106, GNorm = 0.2403, lr_0 = 7.0534e-04
Loss = 1.3776e-03, PNorm = 35.5134, GNorm = 0.1451, lr_0 = 7.0365e-04
Loss = 1.2289e-03, PNorm = 35.5155, GNorm = 0.4840, lr_0 = 7.0196e-04
Loss = 1.7601e-03, PNorm = 35.5178, GNorm = 0.1386, lr_0 = 7.0028e-04
Validation mae = nan
Epoch 17
Loss = 1.3978e-03, PNorm = 35.5190, GNorm = 0.2477, lr_0 = 6.9844e-04
Loss = 1.3297e-03, PNorm = 35.5204, GNorm = 0.2024, lr_0 = 6.9676e-04
Loss = 1.0924e-03, PNorm = 35.5230, GNorm = 0.1143, lr_0 = 6.9510e-04
Loss = 1.4402e-03, PNorm = 35.5256, GNorm = 0.2034, lr_0 = 6.9343e-04
Loss = 1.2653e-03, PNorm = 35.5273, GNorm = 0.1408, lr_0 = 6.9177e-04
Loss = 1.6007e-03, PNorm = 35.5299, GNorm = 0.1888, lr_0 = 6.9011e-04
Loss = 1.1738e-03, PNorm = 35.5325, GNorm = 0.1646, lr_0 = 6.8846e-04
Loss = 1.6797e-03, PNorm = 35.5335, GNorm = 0.4488, lr_0 = 6.8681e-04
Loss = 1.8746e-03, PNorm = 35.5355, GNorm = 0.3161, lr_0 = 6.8517e-04
Validation mae = nan
Epoch 18
Loss = 1.9915e-03, PNorm = 35.5372, GNorm = 0.2667, lr_0 = 6.8336e-04
Loss = 1.3996e-03, PNorm = 35.5385, GNorm = 0.5982, lr_0 = 6.8173e-04
Loss = 2.8793e-03, PNorm = 35.5416, GNorm = 0.3603, lr_0 = 6.8010e-04
Loss = 2.1302e-03, PNorm = 35.5443, GNorm = 0.2676, lr_0 = 6.7847e-04
Loss = 3.0645e-03, PNorm = 35.5476, GNorm = 0.7008, lr_0 = 6.7684e-04
Loss = 3.3586e-03, PNorm = 35.5500, GNorm = 0.5350, lr_0 = 6.7522e-04
Loss = 2.0671e-03, PNorm = 35.5521, GNorm = 0.4762, lr_0 = 6.7360e-04
Loss = 1.6741e-03, PNorm = 35.5548, GNorm = 0.3935, lr_0 = 6.7199e-04
Loss = 1.8777e-03, PNorm = 35.5575, GNorm = 0.3266, lr_0 = 6.7038e-04
Loss = 1.6340e-03, PNorm = 35.5596, GNorm = 0.4433, lr_0 = 6.6878e-04
Validation mae = nan
Epoch 19
Loss = 1.4206e-03, PNorm = 35.5622, GNorm = 0.2555, lr_0 = 6.6718e-04
Loss = 1.7420e-03, PNorm = 35.5643, GNorm = 0.3075, lr_0 = 6.6558e-04
Loss = 1.4710e-03, PNorm = 35.5667, GNorm = 0.2592, lr_0 = 6.6398e-04
Loss = 8.4222e-04, PNorm = 35.5692, GNorm = 0.1065, lr_0 = 6.6239e-04
Loss = 8.5779e-04, PNorm = 35.5708, GNorm = 0.3414, lr_0 = 6.6081e-04
Loss = 1.0995e-03, PNorm = 35.5714, GNorm = 0.1314, lr_0 = 6.5923e-04
Loss = 7.6014e-04, PNorm = 35.5731, GNorm = 0.1962, lr_0 = 6.5765e-04
Loss = 1.1880e-03, PNorm = 35.5752, GNorm = 0.5614, lr_0 = 6.5607e-04
Loss = 1.6372e-03, PNorm = 35.5776, GNorm = 0.3413, lr_0 = 6.5450e-04
Loss = 1.1442e-03, PNorm = 35.5793, GNorm = 0.1657, lr_0 = 6.5293e-04
Validation mae = nan
Epoch 20
Loss = 1.4224e-03, PNorm = 35.5824, GNorm = 0.2886, lr_0 = 6.5121e-04
Loss = 1.3423e-03, PNorm = 35.5870, GNorm = 0.1678, lr_0 = 6.4965e-04
Loss = 1.5153e-03, PNorm = 35.5910, GNorm = 0.1789, lr_0 = 6.4810e-04
Loss = 1.5133e-03, PNorm = 35.5935, GNorm = 0.3640, lr_0 = 6.4655e-04
Loss = 1.2365e-03, PNorm = 35.5956, GNorm = 0.1724, lr_0 = 6.4500e-04
Loss = 8.5350e-04, PNorm = 35.5972, GNorm = 0.1311, lr_0 = 6.4345e-04
Loss = 8.7800e-04, PNorm = 35.5985, GNorm = 0.1297, lr_0 = 6.4191e-04
Loss = 1.0256e-03, PNorm = 35.6002, GNorm = 0.3658, lr_0 = 6.4038e-04
Loss = 8.5511e-04, PNorm = 35.6022, GNorm = 0.3485, lr_0 = 6.3884e-04
Loss = 9.4875e-04, PNorm = 35.6048, GNorm = 0.1161, lr_0 = 6.3731e-04
Validation mae = nan
Epoch 21
Loss = 7.6885e-04, PNorm = 35.6067, GNorm = 0.2217, lr_0 = 6.3563e-04
Loss = 9.7798e-04, PNorm = 35.6076, GNorm = 0.3036, lr_0 = 6.3411e-04
Loss = 8.6164e-04, PNorm = 35.6097, GNorm = 0.2226, lr_0 = 6.3259e-04
Loss = 7.1277e-04, PNorm = 35.6117, GNorm = 0.1804, lr_0 = 6.3108e-04
Loss = 6.1249e-04, PNorm = 35.6141, GNorm = 0.1337, lr_0 = 6.2957e-04
Loss = 9.1158e-04, PNorm = 35.6159, GNorm = 0.1791, lr_0 = 6.2806e-04
Loss = 1.1435e-03, PNorm = 35.6187, GNorm = 0.1342, lr_0 = 6.2656e-04
Loss = 9.2785e-04, PNorm = 35.6212, GNorm = 0.5193, lr_0 = 6.2506e-04
Loss = 1.0741e-03, PNorm = 35.6235, GNorm = 0.2773, lr_0 = 6.2356e-04
Loss = 1.1201e-03, PNorm = 35.6256, GNorm = 0.2750, lr_0 = 6.2207e-04
Validation mae = nan
Epoch 22
Loss = 1.4968e-03, PNorm = 35.6261, GNorm = 0.2748, lr_0 = 6.2058e-04
Loss = 1.5722e-03, PNorm = 35.6272, GNorm = 0.1887, lr_0 = 6.1909e-04
Loss = 1.0503e-03, PNorm = 35.6308, GNorm = 0.1099, lr_0 = 6.1761e-04
Loss = 1.1307e-03, PNorm = 35.6333, GNorm = 0.1511, lr_0 = 6.1613e-04
Loss = 5.5232e-04, PNorm = 35.6350, GNorm = 0.1660, lr_0 = 6.1465e-04
Loss = 8.1354e-04, PNorm = 35.6361, GNorm = 0.2322, lr_0 = 6.1318e-04
Loss = 9.3828e-04, PNorm = 35.6383, GNorm = 0.2392, lr_0 = 6.1171e-04
Loss = 1.0435e-03, PNorm = 35.6401, GNorm = 0.2301, lr_0 = 6.1025e-04
Loss = 1.4692e-03, PNorm = 35.6414, GNorm = 0.4462, lr_0 = 6.0879e-04
Loss = 1.3045e-03, PNorm = 35.6434, GNorm = 0.2242, lr_0 = 6.0733e-04
Validation mae = nan
Epoch 23
Loss = 1.3026e-03, PNorm = 35.6461, GNorm = 0.4245, lr_0 = 6.0573e-04
Loss = 1.2816e-03, PNorm = 35.6490, GNorm = 0.2693, lr_0 = 6.0428e-04
Loss = 1.4567e-03, PNorm = 35.6504, GNorm = 0.1515, lr_0 = 6.0283e-04
Loss = 2.2490e-03, PNorm = 35.6519, GNorm = 0.4882, lr_0 = 6.0139e-04
Loss = 1.2120e-03, PNorm = 35.6533, GNorm = 0.2928, lr_0 = 5.9995e-04
Loss = 1.0729e-03, PNorm = 35.6556, GNorm = 0.1345, lr_0 = 5.9851e-04
Loss = 8.9667e-04, PNorm = 35.6592, GNorm = 0.1090, lr_0 = 5.9708e-04
Loss = 1.3406e-03, PNorm = 35.6622, GNorm = 0.1720, lr_0 = 5.9565e-04
Loss = 1.0856e-03, PNorm = 35.6646, GNorm = 0.2507, lr_0 = 5.9422e-04
Validation mae = nan
Epoch 24
Loss = 1.0301e-03, PNorm = 35.6667, GNorm = 0.2880, lr_0 = 5.9266e-04
Loss = 1.0698e-03, PNorm = 35.6685, GNorm = 0.3195, lr_0 = 5.9124e-04
Loss = 9.5923e-04, PNorm = 35.6718, GNorm = 0.2274, lr_0 = 5.8982e-04
Loss = 7.7758e-04, PNorm = 35.6740, GNorm = 0.3179, lr_0 = 5.8841e-04
Loss = 1.1770e-03, PNorm = 35.6762, GNorm = 0.1756, lr_0 = 5.8700e-04
Loss = 1.2321e-03, PNorm = 35.6785, GNorm = 0.3865, lr_0 = 5.8559e-04
Loss = 1.3386e-03, PNorm = 35.6809, GNorm = 0.6373, lr_0 = 5.8419e-04
Loss = 9.4054e-04, PNorm = 35.6832, GNorm = 0.2472, lr_0 = 5.8279e-04
Loss = 8.2752e-04, PNorm = 35.6851, GNorm = 0.1340, lr_0 = 5.8140e-04
Loss = 8.0724e-04, PNorm = 35.6863, GNorm = 0.0994, lr_0 = 5.8001e-04
Validation mae = nan
Epoch 25
Loss = 4.9118e-04, PNorm = 35.6874, GNorm = 0.1014, lr_0 = 5.7862e-04
Loss = 1.0392e-03, PNorm = 35.6886, GNorm = 0.4925, lr_0 = 5.7723e-04
Loss = 9.3460e-04, PNorm = 35.6897, GNorm = 0.2105, lr_0 = 5.7585e-04
Loss = 1.0496e-03, PNorm = 35.6908, GNorm = 0.2306, lr_0 = 5.7447e-04
Loss = 1.0255e-03, PNorm = 35.6927, GNorm = 0.1856, lr_0 = 5.7309e-04
Loss = 1.1989e-03, PNorm = 35.6941, GNorm = 0.2358, lr_0 = 5.7172e-04
Loss = 1.1744e-03, PNorm = 35.6964, GNorm = 0.2988, lr_0 = 5.7035e-04
Loss = 1.0354e-03, PNorm = 35.6988, GNorm = 0.1794, lr_0 = 5.6899e-04
Loss = 1.2594e-03, PNorm = 35.7010, GNorm = 0.1881, lr_0 = 5.6762e-04
Loss = 9.1492e-04, PNorm = 35.7028, GNorm = 0.2555, lr_0 = 5.6626e-04
Validation mae = nan
Epoch 26
Loss = 6.7623e-04, PNorm = 35.7040, GNorm = 0.1967, lr_0 = 5.6477e-04
Loss = 1.0368e-03, PNorm = 35.7063, GNorm = 0.2245, lr_0 = 5.6342e-04
Loss = 7.1354e-04, PNorm = 35.7092, GNorm = 0.1921, lr_0 = 5.6207e-04
Loss = 5.7352e-04, PNorm = 35.7111, GNorm = 0.1687, lr_0 = 5.6073e-04
Loss = 7.1005e-04, PNorm = 35.7128, GNorm = 0.0952, lr_0 = 5.5938e-04
Loss = 4.9735e-04, PNorm = 35.7157, GNorm = 0.0596, lr_0 = 5.5804e-04
Loss = 4.6698e-04, PNorm = 35.7177, GNorm = 0.1503, lr_0 = 5.5671e-04
Loss = 7.6342e-04, PNorm = 35.7185, GNorm = 0.2371, lr_0 = 5.5537e-04
Loss = 8.7067e-04, PNorm = 35.7201, GNorm = 0.2005, lr_0 = 5.5404e-04
Loss = 1.4575e-03, PNorm = 35.7226, GNorm = 0.3356, lr_0 = 5.5272e-04
Validation mae = nan
Epoch 27
Loss = 1.2623e-03, PNorm = 35.7251, GNorm = 0.4144, lr_0 = 5.5126e-04
Loss = 1.1814e-03, PNorm = 35.7280, GNorm = 0.2868, lr_0 = 5.4994e-04
Loss = 1.2601e-03, PNorm = 35.7300, GNorm = 0.3187, lr_0 = 5.4862e-04
Loss = 8.3927e-04, PNorm = 35.7313, GNorm = 0.2163, lr_0 = 5.4731e-04
Loss = 8.1321e-04, PNorm = 35.7337, GNorm = 0.2707, lr_0 = 5.4600e-04
Loss = 7.6025e-04, PNorm = 35.7355, GNorm = 0.1535, lr_0 = 5.4469e-04
Loss = 1.0119e-03, PNorm = 35.7371, GNorm = 0.4442, lr_0 = 5.4339e-04
Loss = 1.9048e-03, PNorm = 35.7391, GNorm = 0.1609, lr_0 = 5.4209e-04
Loss = 7.4474e-04, PNorm = 35.7409, GNorm = 0.1356, lr_0 = 5.4079e-04
Loss = 1.5044e-03, PNorm = 35.7423, GNorm = 0.1850, lr_0 = 5.3949e-04
Validation mae = nan
Epoch 28
Loss = 2.0104e-03, PNorm = 35.7439, GNorm = 0.5972, lr_0 = 5.3807e-04
Loss = 1.4906e-03, PNorm = 35.7456, GNorm = 0.2450, lr_0 = 5.3678e-04
Loss = 1.2025e-03, PNorm = 35.7466, GNorm = 0.2606, lr_0 = 5.3550e-04
Loss = 9.2082e-04, PNorm = 35.7487, GNorm = 0.3819, lr_0 = 5.3422e-04
Loss = 9.6028e-04, PNorm = 35.7515, GNorm = 0.2165, lr_0 = 5.3294e-04
Loss = 1.3473e-03, PNorm = 35.7542, GNorm = 0.1034, lr_0 = 5.3166e-04
Loss = 1.8386e-03, PNorm = 35.7568, GNorm = 0.6608, lr_0 = 5.3039e-04
Loss = 1.5416e-03, PNorm = 35.7589, GNorm = 0.1048, lr_0 = 5.2912e-04
Loss = 1.0531e-03, PNorm = 35.7606, GNorm = 0.3037, lr_0 = 5.2785e-04
Loss = 1.4355e-03, PNorm = 35.7634, GNorm = 0.4904, lr_0 = 5.2659e-04
Validation mae = nan
Epoch 29
Loss = 1.0649e-03, PNorm = 35.7650, GNorm = 0.2541, lr_0 = 5.2533e-04
Loss = 1.2063e-03, PNorm = 35.7666, GNorm = 0.1173, lr_0 = 5.2407e-04
Loss = 1.3080e-03, PNorm = 35.7691, GNorm = 0.7686, lr_0 = 5.2281e-04
Loss = 1.8836e-03, PNorm = 35.7713, GNorm = 0.2790, lr_0 = 5.2156e-04
Loss = 1.3716e-03, PNorm = 35.7733, GNorm = 0.2954, lr_0 = 5.2031e-04
Loss = 1.2342e-03, PNorm = 35.7763, GNorm = 0.3454, lr_0 = 5.1907e-04
Loss = 6.9775e-04, PNorm = 35.7788, GNorm = 0.1933, lr_0 = 5.1782e-04
Loss = 9.4360e-04, PNorm = 35.7808, GNorm = 0.1960, lr_0 = 5.1658e-04
Loss = 1.0506e-03, PNorm = 35.7836, GNorm = 0.2712, lr_0 = 5.1535e-04
Validation mae = nan
Epoch 30
Loss = 7.7282e-04, PNorm = 35.7854, GNorm = 0.2457, lr_0 = 5.1399e-04
Loss = 8.2176e-04, PNorm = 35.7868, GNorm = 0.2467, lr_0 = 5.1276e-04
Loss = 8.0471e-04, PNorm = 35.7875, GNorm = 0.2507, lr_0 = 5.1153e-04
Loss = 7.8544e-04, PNorm = 35.7888, GNorm = 0.1587, lr_0 = 5.1031e-04
Loss = 1.0304e-03, PNorm = 35.7914, GNorm = 0.2284, lr_0 = 5.0908e-04
Loss = 7.4904e-04, PNorm = 35.7934, GNorm = 0.2903, lr_0 = 5.0786e-04
Loss = 8.0494e-04, PNorm = 35.7950, GNorm = 0.2070, lr_0 = 5.0665e-04
Loss = 7.3798e-04, PNorm = 35.7968, GNorm = 0.0954, lr_0 = 5.0543e-04
Loss = 7.5401e-04, PNorm = 35.7981, GNorm = 0.2310, lr_0 = 5.0422e-04
Loss = 6.1194e-04, PNorm = 35.8013, GNorm = 0.0712, lr_0 = 5.0302e-04
Validation mae = nan
Epoch 31
Loss = 1.2021e-03, PNorm = 35.8035, GNorm = 0.2673, lr_0 = 5.0169e-04
Loss = 5.9511e-04, PNorm = 35.8052, GNorm = 0.1866, lr_0 = 5.0049e-04
Loss = 9.1420e-04, PNorm = 35.8072, GNorm = 0.0921, lr_0 = 4.9929e-04
Loss = 8.8599e-04, PNorm = 35.8098, GNorm = 0.1922, lr_0 = 4.9810e-04
Loss = 1.1028e-03, PNorm = 35.8111, GNorm = 0.2536, lr_0 = 4.9690e-04
Loss = 1.0570e-03, PNorm = 35.8135, GNorm = 0.2421, lr_0 = 4.9571e-04
Loss = 1.1765e-03, PNorm = 35.8161, GNorm = 0.2164, lr_0 = 4.9453e-04
Loss = 8.8677e-04, PNorm = 35.8178, GNorm = 0.2026, lr_0 = 4.9334e-04
Loss = 1.0937e-03, PNorm = 35.8199, GNorm = 0.4325, lr_0 = 4.9216e-04
Loss = 1.0359e-03, PNorm = 35.8219, GNorm = 0.2569, lr_0 = 4.9098e-04
Validation mae = nan
Epoch 32
Loss = 6.5295e-04, PNorm = 35.8233, GNorm = 0.1603, lr_0 = 4.8981e-04
Loss = 7.6097e-04, PNorm = 35.8262, GNorm = 0.2198, lr_0 = 4.8863e-04
Loss = 6.3148e-04, PNorm = 35.8280, GNorm = 0.1225, lr_0 = 4.8746e-04
Loss = 8.0285e-04, PNorm = 35.8293, GNorm = 0.1703, lr_0 = 4.8630e-04
Loss = 1.3155e-03, PNorm = 35.8319, GNorm = 0.4084, lr_0 = 4.8513e-04
Loss = 1.1336e-03, PNorm = 35.8341, GNorm = 0.2428, lr_0 = 4.8397e-04
Loss = 6.9421e-04, PNorm = 35.8353, GNorm = 0.2322, lr_0 = 4.8281e-04
Loss = 8.3637e-04, PNorm = 35.8376, GNorm = 0.0876, lr_0 = 4.8166e-04
Loss = 5.5884e-04, PNorm = 35.8400, GNorm = 0.2193, lr_0 = 4.8050e-04
Loss = 6.2623e-04, PNorm = 35.8408, GNorm = 0.1204, lr_0 = 4.7935e-04
Validation mae = nan
Epoch 33
Loss = 2.5076e-03, PNorm = 35.8412, GNorm = 0.6392, lr_0 = 4.7809e-04
Loss = 4.4388e-03, PNorm = 35.8437, GNorm = 0.6780, lr_0 = 4.7694e-04
Loss = 4.5826e-03, PNorm = 35.8457, GNorm = 0.6541, lr_0 = 4.7580e-04
Loss = 2.6581e-03, PNorm = 35.8494, GNorm = 0.4331, lr_0 = 4.7466e-04
Loss = 1.5455e-03, PNorm = 35.8524, GNorm = 0.2385, lr_0 = 4.7353e-04
Loss = 1.3169e-03, PNorm = 35.8556, GNorm = 0.1108, lr_0 = 4.7239e-04
Loss = 1.0909e-03, PNorm = 35.8592, GNorm = 0.3850, lr_0 = 4.7126e-04
Loss = 7.9561e-04, PNorm = 35.8615, GNorm = 0.2634, lr_0 = 4.7013e-04
Loss = 9.4530e-04, PNorm = 35.8629, GNorm = 0.2835, lr_0 = 4.6901e-04
Loss = 8.3343e-04, PNorm = 35.8642, GNorm = 0.1851, lr_0 = 4.6788e-04
Validation mae = nan
Epoch 34
Loss = 1.0179e-03, PNorm = 35.8664, GNorm = 0.2442, lr_0 = 4.6665e-04
Loss = 8.8831e-04, PNorm = 35.8686, GNorm = 0.2405, lr_0 = 4.6553e-04
Loss = 7.3608e-04, PNorm = 35.8698, GNorm = 0.1033, lr_0 = 4.6442e-04
Loss = 9.4725e-04, PNorm = 35.8719, GNorm = 0.2691, lr_0 = 4.6331e-04
Loss = 1.0203e-03, PNorm = 35.8734, GNorm = 0.1099, lr_0 = 4.6220e-04
Loss = 7.4057e-04, PNorm = 35.8746, GNorm = 0.2178, lr_0 = 4.6109e-04
Loss = 6.6786e-04, PNorm = 35.8760, GNorm = 0.2259, lr_0 = 4.5999e-04
Loss = 6.3070e-04, PNorm = 35.8779, GNorm = 0.2234, lr_0 = 4.5888e-04
Loss = 8.1062e-04, PNorm = 35.8792, GNorm = 0.2224, lr_0 = 4.5779e-04
Loss = 6.1893e-04, PNorm = 35.8805, GNorm = 0.1327, lr_0 = 4.5669e-04
Validation mae = nan
Epoch 35
Loss = 3.6538e-04, PNorm = 35.8822, GNorm = 0.1470, lr_0 = 4.5560e-04
Loss = 5.2800e-04, PNorm = 35.8840, GNorm = 0.1434, lr_0 = 4.5450e-04
Loss = 6.1022e-04, PNorm = 35.8844, GNorm = 0.1757, lr_0 = 4.5342e-04
Loss = 6.9600e-04, PNorm = 35.8859, GNorm = 0.2105, lr_0 = 4.5233e-04
Loss = 8.8782e-04, PNorm = 35.8868, GNorm = 0.1642, lr_0 = 4.5125e-04
Loss = 8.7304e-04, PNorm = 35.8881, GNorm = 0.3956, lr_0 = 4.5017e-04
Loss = 7.9746e-04, PNorm = 35.8907, GNorm = 0.1150, lr_0 = 4.4909e-04
Loss = 1.3467e-03, PNorm = 35.8918, GNorm = 0.1011, lr_0 = 4.4801e-04
Loss = 2.0341e-03, PNorm = 35.8927, GNorm = 0.4578, lr_0 = 4.4694e-04
Validation mae = nan
Epoch 36
Loss = 1.0248e-03, PNorm = 35.8952, GNorm = 0.2273, lr_0 = 4.4576e-04
Loss = 2.1791e-03, PNorm = 35.8980, GNorm = 0.3649, lr_0 = 4.4470e-04
Loss = 1.2218e-03, PNorm = 35.8999, GNorm = 0.4954, lr_0 = 4.4363e-04
Loss = 1.3413e-03, PNorm = 35.9023, GNorm = 0.4816, lr_0 = 4.4257e-04
Loss = 1.5066e-03, PNorm = 35.9040, GNorm = 0.2575, lr_0 = 4.4151e-04
Loss = 6.2816e-04, PNorm = 35.9061, GNorm = 0.1063, lr_0 = 4.4045e-04
Loss = 5.0545e-04, PNorm = 35.9080, GNorm = 0.2109, lr_0 = 4.3940e-04
Loss = 5.1084e-04, PNorm = 35.9096, GNorm = 0.2266, lr_0 = 4.3834e-04
Loss = 4.7877e-04, PNorm = 35.9115, GNorm = 0.0995, lr_0 = 4.3730e-04
Loss = 4.5566e-04, PNorm = 35.9134, GNorm = 0.0959, lr_0 = 4.3625e-04
Validation mae = nan
Epoch 37
Loss = 4.7672e-04, PNorm = 35.9149, GNorm = 0.1011, lr_0 = 4.3510e-04
Loss = 6.2382e-04, PNorm = 35.9164, GNorm = 0.1062, lr_0 = 4.3406e-04
Loss = 4.4528e-04, PNorm = 35.9178, GNorm = 0.1121, lr_0 = 4.3302e-04
Loss = 5.4892e-04, PNorm = 35.9194, GNorm = 0.1173, lr_0 = 4.3198e-04
Loss = 5.8559e-04, PNorm = 35.9203, GNorm = 0.1839, lr_0 = 4.3095e-04
Loss = 5.9205e-04, PNorm = 35.9221, GNorm = 0.1817, lr_0 = 4.2991e-04
Loss = 4.5876e-04, PNorm = 35.9235, GNorm = 0.1132, lr_0 = 4.2888e-04
Loss = 5.8757e-04, PNorm = 35.9244, GNorm = 0.2024, lr_0 = 4.2786e-04
Loss = 5.1349e-04, PNorm = 35.9254, GNorm = 0.1551, lr_0 = 4.2683e-04
Loss = 6.2834e-04, PNorm = 35.9258, GNorm = 0.1593, lr_0 = 4.2581e-04
Validation mae = nan
Epoch 38
Loss = 6.3698e-04, PNorm = 35.9268, GNorm = 0.3281, lr_0 = 4.2479e-04
Loss = 6.0678e-04, PNorm = 35.9279, GNorm = 0.2393, lr_0 = 4.2377e-04
Loss = 5.2457e-04, PNorm = 35.9292, GNorm = 0.2295, lr_0 = 4.2276e-04
Loss = 5.6151e-04, PNorm = 35.9317, GNorm = 0.0956, lr_0 = 4.2175e-04
Loss = 5.7585e-04, PNorm = 35.9332, GNorm = 0.1778, lr_0 = 4.2074e-04
Loss = 4.6923e-04, PNorm = 35.9344, GNorm = 0.0995, lr_0 = 4.1973e-04
Loss = 5.5128e-04, PNorm = 35.9362, GNorm = 0.2452, lr_0 = 4.1872e-04
Loss = 5.1897e-04, PNorm = 35.9370, GNorm = 0.1270, lr_0 = 4.1772e-04
Loss = 4.5466e-04, PNorm = 35.9384, GNorm = 0.0814, lr_0 = 4.1672e-04
Loss = 5.7659e-04, PNorm = 35.9391, GNorm = 0.1358, lr_0 = 4.1572e-04
Validation mae = nan
Epoch 39
Loss = 6.5736e-04, PNorm = 35.9407, GNorm = 0.1024, lr_0 = 4.1463e-04
Loss = 5.2856e-04, PNorm = 35.9423, GNorm = 0.1698, lr_0 = 4.1364e-04
Loss = 6.1143e-04, PNorm = 35.9435, GNorm = 0.2124, lr_0 = 4.1265e-04
Loss = 5.9117e-04, PNorm = 35.9447, GNorm = 0.0799, lr_0 = 4.1166e-04
Loss = 6.1445e-04, PNorm = 35.9451, GNorm = 0.1136, lr_0 = 4.1067e-04
Loss = 8.1475e-04, PNorm = 35.9472, GNorm = 0.2015, lr_0 = 4.0969e-04
Loss = 1.2526e-03, PNorm = 35.9489, GNorm = 0.3002, lr_0 = 4.0871e-04
Loss = 8.6667e-04, PNorm = 35.9502, GNorm = 0.2092, lr_0 = 4.0773e-04
Loss = 5.2184e-04, PNorm = 35.9518, GNorm = 0.1331, lr_0 = 4.0675e-04
Loss = 5.1629e-04, PNorm = 35.9538, GNorm = 0.2135, lr_0 = 4.0578e-04
Validation mae = nan
Epoch 40
Loss = 7.7484e-04, PNorm = 35.9550, GNorm = 0.2901, lr_0 = 4.0471e-04
Loss = 9.3078e-04, PNorm = 35.9559, GNorm = 0.3880, lr_0 = 4.0374e-04
Loss = 1.2426e-03, PNorm = 35.9581, GNorm = 0.1642, lr_0 = 4.0277e-04
Loss = 8.3311e-04, PNorm = 35.9606, GNorm = 0.1124, lr_0 = 4.0181e-04
Loss = 5.5521e-04, PNorm = 35.9627, GNorm = 0.1564, lr_0 = 4.0085e-04
Loss = 5.7760e-04, PNorm = 35.9637, GNorm = 0.1212, lr_0 = 3.9989e-04
Loss = 6.2666e-04, PNorm = 35.9659, GNorm = 0.2576, lr_0 = 3.9893e-04
Loss = 6.7620e-04, PNorm = 35.9670, GNorm = 0.0915, lr_0 = 3.9797e-04
Loss = 7.5303e-04, PNorm = 35.9694, GNorm = 0.2137, lr_0 = 3.9702e-04
Loss = 8.0766e-04, PNorm = 35.9711, GNorm = 0.2620, lr_0 = 3.9607e-04
Validation mae = nan
Epoch 41
Loss = 8.1654e-04, PNorm = 35.9739, GNorm = 0.3019, lr_0 = 3.9512e-04
Loss = 5.9236e-04, PNorm = 35.9754, GNorm = 0.1295, lr_0 = 3.9418e-04
Loss = 6.2683e-04, PNorm = 35.9766, GNorm = 0.2115, lr_0 = 3.9323e-04
Loss = 6.0680e-04, PNorm = 35.9781, GNorm = 0.1166, lr_0 = 3.9229e-04
Loss = 5.5550e-04, PNorm = 35.9785, GNorm = 0.1982, lr_0 = 3.9135e-04
Loss = 4.4629e-04, PNorm = 35.9795, GNorm = 0.1317, lr_0 = 3.9041e-04
Loss = 4.4358e-04, PNorm = 35.9805, GNorm = 0.2048, lr_0 = 3.8948e-04
Loss = 4.3935e-04, PNorm = 35.9824, GNorm = 0.1895, lr_0 = 3.8855e-04
Loss = 3.8195e-04, PNorm = 35.9838, GNorm = 0.1727, lr_0 = 3.8762e-04
Validation mae = nan
Epoch 42
Loss = 7.0110e-04, PNorm = 35.9854, GNorm = 0.2402, lr_0 = 3.8659e-04
Loss = 5.8757e-04, PNorm = 35.9866, GNorm = 0.1273, lr_0 = 3.8567e-04
Loss = 6.9092e-04, PNorm = 35.9867, GNorm = 0.1059, lr_0 = 3.8474e-04
Loss = 5.3688e-04, PNorm = 35.9870, GNorm = 0.0852, lr_0 = 3.8382e-04
Loss = 3.9052e-04, PNorm = 35.9882, GNorm = 0.0503, lr_0 = 3.8290e-04
Loss = 3.5305e-04, PNorm = 35.9899, GNorm = 0.0831, lr_0 = 3.8199e-04
Loss = 4.2299e-04, PNorm = 35.9904, GNorm = 0.2061, lr_0 = 3.8107e-04
Loss = 7.7256e-04, PNorm = 35.9911, GNorm = 0.1746, lr_0 = 3.8016e-04
Loss = 7.1508e-04, PNorm = 35.9934, GNorm = 0.1759, lr_0 = 3.7925e-04
Loss = 1.2470e-03, PNorm = 35.9957, GNorm = 0.2708, lr_0 = 3.7834e-04
Validation mae = nan
Epoch 43
Loss = 3.3926e-03, PNorm = 35.9983, GNorm = 0.8463, lr_0 = 3.7735e-04
Loss = 3.9019e-03, PNorm = 35.9997, GNorm = 0.1449, lr_0 = 3.7644e-04
Loss = 2.0031e-03, PNorm = 36.0024, GNorm = 0.2092, lr_0 = 3.7554e-04
Loss = 1.0109e-03, PNorm = 36.0044, GNorm = 0.1370, lr_0 = 3.7464e-04
Loss = 9.3435e-04, PNorm = 36.0060, GNorm = 0.1420, lr_0 = 3.7374e-04
Loss = 1.0507e-03, PNorm = 36.0081, GNorm = 0.1479, lr_0 = 3.7285e-04
Loss = 7.3494e-04, PNorm = 36.0111, GNorm = 0.0757, lr_0 = 3.7196e-04
Loss = 6.4275e-04, PNorm = 36.0124, GNorm = 0.2517, lr_0 = 3.7107e-04
Loss = 7.0577e-04, PNorm = 36.0132, GNorm = 0.2445, lr_0 = 3.7018e-04
Loss = 6.5303e-04, PNorm = 36.0138, GNorm = 0.0675, lr_0 = 3.6929e-04
Validation mae = nan
Epoch 44
Loss = 5.1236e-04, PNorm = 36.0153, GNorm = 0.1245, lr_0 = 3.6841e-04
Loss = 3.9004e-04, PNorm = 36.0162, GNorm = 0.2335, lr_0 = 3.6752e-04
Loss = 7.9669e-04, PNorm = 36.0176, GNorm = 0.1464, lr_0 = 3.6664e-04
Loss = 8.8275e-04, PNorm = 36.0185, GNorm = 0.1992, lr_0 = 3.6577e-04
Loss = 9.3146e-04, PNorm = 36.0201, GNorm = 0.0896, lr_0 = 3.6489e-04
Loss = 8.0080e-04, PNorm = 36.0218, GNorm = 0.1078, lr_0 = 3.6402e-04
Loss = 8.3454e-04, PNorm = 36.0232, GNorm = 0.1334, lr_0 = 3.6314e-04
Loss = 6.2421e-04, PNorm = 36.0255, GNorm = 0.0586, lr_0 = 3.6227e-04
Loss = 6.7916e-04, PNorm = 36.0270, GNorm = 0.1417, lr_0 = 3.6141e-04
Loss = 9.2822e-04, PNorm = 36.0278, GNorm = 0.1275, lr_0 = 3.6054e-04
Validation mae = nan
Epoch 45
Loss = 6.7229e-04, PNorm = 36.0285, GNorm = 0.2155, lr_0 = 3.5959e-04
Loss = 8.6663e-04, PNorm = 36.0307, GNorm = 0.1272, lr_0 = 3.5873e-04
Loss = 4.8565e-04, PNorm = 36.0317, GNorm = 0.2176, lr_0 = 3.5787e-04
Loss = 5.0776e-04, PNorm = 36.0326, GNorm = 0.1005, lr_0 = 3.5701e-04
Loss = 3.1420e-04, PNorm = 36.0339, GNorm = 0.0660, lr_0 = 3.5616e-04
Loss = 4.0783e-04, PNorm = 36.0345, GNorm = 0.0936, lr_0 = 3.5531e-04
Loss = 2.9215e-04, PNorm = 36.0354, GNorm = 0.0591, lr_0 = 3.5446e-04
Loss = 3.4550e-04, PNorm = 36.0368, GNorm = 0.1043, lr_0 = 3.5361e-04
Loss = 5.1158e-04, PNorm = 36.0379, GNorm = 0.1654, lr_0 = 3.5276e-04
Loss = 7.7570e-04, PNorm = 36.0389, GNorm = 0.1167, lr_0 = 3.5192e-04
Validation mae = nan
Epoch 46
Loss = 9.2956e-04, PNorm = 36.0400, GNorm = 0.1023, lr_0 = 3.5099e-04
Loss = 8.9822e-04, PNorm = 36.0410, GNorm = 0.1205, lr_0 = 3.5015e-04
Loss = 1.0931e-03, PNorm = 36.0418, GNorm = 0.3494, lr_0 = 3.4931e-04
Loss = 9.8756e-04, PNorm = 36.0424, GNorm = 0.2412, lr_0 = 3.4847e-04
Loss = 7.2716e-04, PNorm = 36.0436, GNorm = 0.1414, lr_0 = 3.4764e-04
Loss = 5.8555e-04, PNorm = 36.0447, GNorm = 0.0809, lr_0 = 3.4681e-04
Loss = 4.3187e-04, PNorm = 36.0461, GNorm = 0.0910, lr_0 = 3.4598e-04
Loss = 3.7721e-04, PNorm = 36.0465, GNorm = 0.1194, lr_0 = 3.4515e-04
Loss = 4.5540e-04, PNorm = 36.0477, GNorm = 0.0961, lr_0 = 3.4432e-04
Loss = 4.4170e-04, PNorm = 36.0495, GNorm = 0.1765, lr_0 = 3.4350e-04
Validation mae = nan
Epoch 47
Loss = 3.9845e-04, PNorm = 36.0509, GNorm = 0.1429, lr_0 = 3.4267e-04
Loss = 3.7922e-04, PNorm = 36.0525, GNorm = 0.0502, lr_0 = 3.4185e-04
Loss = 3.8492e-04, PNorm = 36.0528, GNorm = 0.1242, lr_0 = 3.4103e-04
Loss = 4.6854e-04, PNorm = 36.0539, GNorm = 0.2439, lr_0 = 3.4022e-04
Loss = 6.2151e-04, PNorm = 36.0547, GNorm = 0.1356, lr_0 = 3.3940e-04
Loss = 3.7160e-04, PNorm = 36.0556, GNorm = 0.0813, lr_0 = 3.3859e-04
Loss = 3.9685e-04, PNorm = 36.0572, GNorm = 0.1143, lr_0 = 3.3778e-04
Loss = 4.0613e-04, PNorm = 36.0574, GNorm = 0.0600, lr_0 = 3.3697e-04
Loss = 5.7098e-04, PNorm = 36.0582, GNorm = 0.1549, lr_0 = 3.3616e-04
Validation mae = nan
Epoch 48
Loss = 2.7084e-04, PNorm = 36.0595, GNorm = 0.1142, lr_0 = 3.3528e-04
Loss = 4.8864e-04, PNorm = 36.0602, GNorm = 0.1345, lr_0 = 3.3448e-04
Loss = 7.1311e-04, PNorm = 36.0617, GNorm = 0.2483, lr_0 = 3.3367e-04
Loss = 5.8035e-04, PNorm = 36.0629, GNorm = 0.1476, lr_0 = 3.3288e-04
Loss = 4.5922e-04, PNorm = 36.0633, GNorm = 0.1445, lr_0 = 3.3208e-04
Loss = 6.7568e-04, PNorm = 36.0644, GNorm = 0.1506, lr_0 = 3.3128e-04
Loss = 6.3421e-04, PNorm = 36.0663, GNorm = 0.2099, lr_0 = 3.3049e-04
Loss = 5.0734e-04, PNorm = 36.0673, GNorm = 0.0993, lr_0 = 3.2970e-04
Loss = 3.6761e-04, PNorm = 36.0682, GNorm = 0.1331, lr_0 = 3.2891e-04
Loss = 4.2727e-04, PNorm = 36.0694, GNorm = 0.1346, lr_0 = 3.2812e-04
Validation mae = nan
Epoch 49
Loss = 3.6264e-04, PNorm = 36.0706, GNorm = 0.2990, lr_0 = 3.2726e-04
Loss = 4.0768e-04, PNorm = 36.0713, GNorm = 0.0585, lr_0 = 3.2647e-04
Loss = 3.1628e-04, PNorm = 36.0720, GNorm = 0.1007, lr_0 = 3.2569e-04
Loss = 3.5889e-04, PNorm = 36.0725, GNorm = 0.1382, lr_0 = 3.2491e-04
Loss = 4.5540e-04, PNorm = 36.0740, GNorm = 0.0878, lr_0 = 3.2413e-04
Loss = 5.8507e-04, PNorm = 36.0747, GNorm = 0.2151, lr_0 = 3.2336e-04
Loss = 3.9762e-04, PNorm = 36.0758, GNorm = 0.1172, lr_0 = 3.2258e-04
Loss = 5.5657e-04, PNorm = 36.0770, GNorm = 0.1265, lr_0 = 3.2181e-04
Loss = 1.1096e-03, PNorm = 36.0777, GNorm = 0.3265, lr_0 = 3.2104e-04
Loss = 6.7025e-04, PNorm = 36.0792, GNorm = 0.2360, lr_0 = 3.2027e-04
Validation mae = nan
Epoch 50
Loss = 2.5857e-04, PNorm = 36.0811, GNorm = 0.0922, lr_0 = 3.1950e-04
Loss = 3.4718e-04, PNorm = 36.0821, GNorm = 0.1733, lr_0 = 3.1874e-04
Loss = 4.5431e-04, PNorm = 36.0830, GNorm = 0.1081, lr_0 = 3.1798e-04
Loss = 4.3088e-04, PNorm = 36.0844, GNorm = 0.1962, lr_0 = 3.1721e-04
Loss = 3.4176e-04, PNorm = 36.0857, GNorm = 0.0746, lr_0 = 3.1646e-04
Loss = 4.2600e-04, PNorm = 36.0867, GNorm = 0.1299, lr_0 = 3.1570e-04
Loss = 4.7831e-04, PNorm = 36.0879, GNorm = 0.2448, lr_0 = 3.1494e-04
Loss = 5.6066e-04, PNorm = 36.0893, GNorm = 0.2107, lr_0 = 3.1419e-04
Loss = 4.3800e-04, PNorm = 36.0895, GNorm = 0.0417, lr_0 = 3.1343e-04
Loss = 3.6119e-04, PNorm = 36.0903, GNorm = 0.1177, lr_0 = 3.1268e-04
Validation mae = nan
Epoch 51
Loss = 9.2061e-04, PNorm = 36.0932, GNorm = 0.1600, lr_0 = 3.1186e-04
Loss = 9.3006e-04, PNorm = 36.0950, GNorm = 0.2446, lr_0 = 3.1111e-04
Loss = 4.7270e-04, PNorm = 36.0969, GNorm = 0.2465, lr_0 = 3.1037e-04
Loss = 3.3943e-04, PNorm = 36.0977, GNorm = 0.1130, lr_0 = 3.0963e-04
Loss = 4.0386e-04, PNorm = 36.0993, GNorm = 0.0650, lr_0 = 3.0888e-04
Loss = 3.4654e-04, PNorm = 36.0999, GNorm = 0.1625, lr_0 = 3.0814e-04
Loss = 3.5777e-04, PNorm = 36.1011, GNorm = 0.0935, lr_0 = 3.0741e-04
Loss = 4.0395e-04, PNorm = 36.1019, GNorm = 0.2221, lr_0 = 3.0667e-04
Loss = 3.7146e-04, PNorm = 36.1038, GNorm = 0.1012, lr_0 = 3.0594e-04
Loss = 3.3933e-04, PNorm = 36.1048, GNorm = 0.1231, lr_0 = 3.0520e-04
Validation mae = nan
Epoch 52
Loss = 2.5805e-04, PNorm = 36.1061, GNorm = 0.0503, lr_0 = 3.0440e-04
Loss = 2.8860e-04, PNorm = 36.1070, GNorm = 0.1518, lr_0 = 3.0367e-04
Loss = 2.4455e-04, PNorm = 36.1077, GNorm = 0.1325, lr_0 = 3.0294e-04
Loss = 2.9424e-04, PNorm = 36.1078, GNorm = 0.1095, lr_0 = 3.0222e-04
Loss = 4.4006e-04, PNorm = 36.1088, GNorm = 0.1087, lr_0 = 3.0149e-04
Loss = 3.9502e-04, PNorm = 36.1099, GNorm = 0.1054, lr_0 = 3.0077e-04
Loss = 3.1593e-04, PNorm = 36.1109, GNorm = 0.1228, lr_0 = 3.0005e-04
Loss = 4.2944e-04, PNorm = 36.1116, GNorm = 0.1242, lr_0 = 2.9933e-04
Loss = 3.9139e-04, PNorm = 36.1129, GNorm = 0.2186, lr_0 = 2.9862e-04
Loss = 4.4085e-04, PNorm = 36.1146, GNorm = 0.0981, lr_0 = 2.9790e-04
Loss = 4.7649e-04, PNorm = 36.1147, GNorm = 0.2377, lr_0 = 2.9783e-04
Validation mae = nan
Epoch 53
Loss = 9.3226e-04, PNorm = 36.1154, GNorm = 0.4027, lr_0 = 2.9712e-04
Loss = 7.1573e-04, PNorm = 36.1161, GNorm = 0.1494, lr_0 = 2.9641e-04
Loss = 5.7866e-04, PNorm = 36.1169, GNorm = 0.2859, lr_0 = 2.9570e-04
Loss = 6.2650e-04, PNorm = 36.1181, GNorm = 0.0888, lr_0 = 2.9499e-04
Loss = 5.6069e-04, PNorm = 36.1193, GNorm = 0.2157, lr_0 = 2.9428e-04
Loss = 7.8440e-04, PNorm = 36.1209, GNorm = 0.1949, lr_0 = 2.9358e-04
Loss = 4.5022e-04, PNorm = 36.1226, GNorm = 0.1252, lr_0 = 2.9287e-04
Loss = 2.5372e-04, PNorm = 36.1236, GNorm = 0.0310, lr_0 = 2.9217e-04
Loss = 2.8539e-04, PNorm = 36.1242, GNorm = 0.0992, lr_0 = 2.9147e-04
Validation mae = nan
Epoch 54
Loss = 2.4471e-04, PNorm = 36.1246, GNorm = 0.0975, lr_0 = 2.9077e-04
Loss = 3.3892e-04, PNorm = 36.1259, GNorm = 0.1386, lr_0 = 2.9008e-04
Loss = 2.8167e-04, PNorm = 36.1272, GNorm = 0.0442, lr_0 = 2.8938e-04
Loss = 2.4742e-04, PNorm = 36.1283, GNorm = 0.1793, lr_0 = 2.8869e-04
Loss = 4.2479e-04, PNorm = 36.1297, GNorm = 0.0677, lr_0 = 2.8800e-04
Loss = 3.4227e-04, PNorm = 36.1304, GNorm = 0.0612, lr_0 = 2.8731e-04
Loss = 3.6930e-04, PNorm = 36.1312, GNorm = 0.2184, lr_0 = 2.8662e-04
Loss = 3.8018e-04, PNorm = 36.1324, GNorm = 0.0569, lr_0 = 2.8594e-04
Loss = 3.3334e-04, PNorm = 36.1337, GNorm = 0.1666, lr_0 = 2.8525e-04
Loss = 2.8651e-04, PNorm = 36.1348, GNorm = 0.0860, lr_0 = 2.8457e-04
Validation mae = nan
Epoch 55
Loss = 3.5036e-04, PNorm = 36.1359, GNorm = 0.1104, lr_0 = 2.8382e-04
Loss = 3.3819e-04, PNorm = 36.1375, GNorm = 0.0957, lr_0 = 2.8314e-04
Loss = 2.4148e-04, PNorm = 36.1381, GNorm = 0.0654, lr_0 = 2.8246e-04
Loss = 2.7568e-04, PNorm = 36.1387, GNorm = 0.0489, lr_0 = 2.8178e-04
Loss = 2.2764e-04, PNorm = 36.1399, GNorm = 0.0780, lr_0 = 2.8111e-04
Loss = 3.6779e-04, PNorm = 36.1411, GNorm = 0.1907, lr_0 = 2.8044e-04
Loss = 4.2406e-04, PNorm = 36.1426, GNorm = 0.2404, lr_0 = 2.7976e-04
Loss = 5.2210e-04, PNorm = 36.1432, GNorm = 0.1679, lr_0 = 2.7909e-04
Loss = 3.8728e-04, PNorm = 36.1440, GNorm = 0.1739, lr_0 = 2.7843e-04
Loss = 2.6523e-04, PNorm = 36.1444, GNorm = 0.1043, lr_0 = 2.7776e-04
Validation mae = nan
Epoch 56
Loss = 2.8836e-04, PNorm = 36.1456, GNorm = 0.0809, lr_0 = 2.7703e-04
Loss = 2.7506e-04, PNorm = 36.1456, GNorm = 0.0515, lr_0 = 2.7636e-04
Loss = 2.9429e-04, PNorm = 36.1463, GNorm = 0.1241, lr_0 = 2.7570e-04
Loss = 2.7204e-04, PNorm = 36.1467, GNorm = 0.1418, lr_0 = 2.7504e-04
Loss = 2.4834e-04, PNorm = 36.1475, GNorm = 0.0588, lr_0 = 2.7438e-04
Loss = 2.8745e-04, PNorm = 36.1480, GNorm = 0.0605, lr_0 = 2.7373e-04
Loss = 3.1921e-04, PNorm = 36.1489, GNorm = 0.2175, lr_0 = 2.7307e-04
Loss = 2.5196e-04, PNorm = 36.1498, GNorm = 0.0712, lr_0 = 2.7242e-04
Loss = 3.9240e-04, PNorm = 36.1503, GNorm = 0.1557, lr_0 = 2.7177e-04
Loss = 4.2151e-04, PNorm = 36.1520, GNorm = 0.1293, lr_0 = 2.7111e-04
Validation mae = nan
Epoch 57
Loss = 5.1713e-04, PNorm = 36.1533, GNorm = 0.3179, lr_0 = 2.7047e-04
Loss = 6.0166e-04, PNorm = 36.1541, GNorm = 0.1580, lr_0 = 2.6982e-04
Loss = 4.8255e-04, PNorm = 36.1556, GNorm = 0.1582, lr_0 = 2.6917e-04
Loss = 5.1185e-04, PNorm = 36.1569, GNorm = 0.2441, lr_0 = 2.6853e-04
Loss = 3.7927e-04, PNorm = 36.1569, GNorm = 0.1524, lr_0 = 2.6788e-04
Loss = 3.8843e-04, PNorm = 36.1577, GNorm = 0.1481, lr_0 = 2.6724e-04
Loss = 4.9756e-04, PNorm = 36.1587, GNorm = 0.1928, lr_0 = 2.6660e-04
Loss = 7.0814e-04, PNorm = 36.1592, GNorm = 0.2584, lr_0 = 2.6596e-04
Loss = 3.6219e-04, PNorm = 36.1594, GNorm = 0.0901, lr_0 = 2.6533e-04
Loss = 3.3133e-04, PNorm = 36.1609, GNorm = 0.0733, lr_0 = 2.6469e-04
Validation mae = nan
Epoch 58
Loss = 3.5496e-04, PNorm = 36.1622, GNorm = 0.1324, lr_0 = 2.6399e-04
Loss = 2.5493e-04, PNorm = 36.1630, GNorm = 0.1828, lr_0 = 2.6336e-04
Loss = 2.8890e-04, PNorm = 36.1635, GNorm = 0.0885, lr_0 = 2.6273e-04
Loss = 3.3872e-04, PNorm = 36.1646, GNorm = 0.1097, lr_0 = 2.6210e-04
Loss = 4.2021e-04, PNorm = 36.1655, GNorm = 0.2820, lr_0 = 2.6148e-04
Loss = 2.4724e-04, PNorm = 36.1664, GNorm = 0.0703, lr_0 = 2.6085e-04
Loss = 2.1778e-04, PNorm = 36.1668, GNorm = 0.0597, lr_0 = 2.6022e-04
Loss = 2.0408e-04, PNorm = 36.1672, GNorm = 0.0639, lr_0 = 2.5960e-04
Loss = 2.4254e-04, PNorm = 36.1679, GNorm = 0.1311, lr_0 = 2.5898e-04
Loss = 3.2862e-04, PNorm = 36.1690, GNorm = 0.1800, lr_0 = 2.5836e-04
Loss = 2.0167e-04, PNorm = 36.1691, GNorm = 0.0887, lr_0 = 2.5830e-04
Validation mae = nan
Epoch 59
Loss = 5.1415e-04, PNorm = 36.1704, GNorm = 0.3213, lr_0 = 2.5768e-04
Loss = 6.0346e-04, PNorm = 36.1713, GNorm = 0.2978, lr_0 = 2.5706e-04
Loss = 6.2389e-04, PNorm = 36.1718, GNorm = 0.2798, lr_0 = 2.5645e-04
Loss = 7.5740e-04, PNorm = 36.1733, GNorm = 0.1898, lr_0 = 2.5583e-04
Loss = 3.2345e-04, PNorm = 36.1745, GNorm = 0.0950, lr_0 = 2.5522e-04
Loss = 2.4004e-04, PNorm = 36.1754, GNorm = 0.0478, lr_0 = 2.5461e-04
Loss = 2.5225e-04, PNorm = 36.1760, GNorm = 0.0723, lr_0 = 2.5400e-04
Loss = 2.4747e-04, PNorm = 36.1768, GNorm = 0.0613, lr_0 = 2.5339e-04
Loss = 3.2329e-04, PNorm = 36.1775, GNorm = 0.1128, lr_0 = 2.5278e-04
Validation mae = nan
Epoch 60
Loss = 2.0973e-04, PNorm = 36.1784, GNorm = 0.0770, lr_0 = 2.5218e-04
Loss = 3.7705e-04, PNorm = 36.1793, GNorm = 0.1018, lr_0 = 2.5157e-04
Loss = 4.9937e-04, PNorm = 36.1798, GNorm = 0.1436, lr_0 = 2.5097e-04
Loss = 4.3937e-04, PNorm = 36.1799, GNorm = 0.1880, lr_0 = 2.5037e-04
Loss = 4.2037e-04, PNorm = 36.1808, GNorm = 0.1680, lr_0 = 2.4977e-04
Loss = 2.4676e-04, PNorm = 36.1817, GNorm = 0.0882, lr_0 = 2.4917e-04
Loss = 2.1687e-04, PNorm = 36.1835, GNorm = 0.1027, lr_0 = 2.4858e-04
Loss = 2.6700e-04, PNorm = 36.1847, GNorm = 0.0588, lr_0 = 2.4798e-04
Loss = 3.3274e-04, PNorm = 36.1852, GNorm = 0.1120, lr_0 = 2.4739e-04
Loss = 4.3749e-04, PNorm = 36.1857, GNorm = 0.1325, lr_0 = 2.4680e-04
Validation mae = nan
Epoch 61
Loss = 4.6180e-04, PNorm = 36.1864, GNorm = 0.1934, lr_0 = 2.4615e-04
Loss = 2.9121e-04, PNorm = 36.1878, GNorm = 0.1360, lr_0 = 2.4556e-04
Loss = 2.2666e-04, PNorm = 36.1881, GNorm = 0.1041, lr_0 = 2.4497e-04
Loss = 2.9089e-04, PNorm = 36.1894, GNorm = 0.1922, lr_0 = 2.4438e-04
Loss = 2.6528e-04, PNorm = 36.1903, GNorm = 0.0928, lr_0 = 2.4380e-04
Loss = 4.9341e-04, PNorm = 36.1915, GNorm = 0.2395, lr_0 = 2.4321e-04
Loss = 3.6790e-04, PNorm = 36.1928, GNorm = 0.1097, lr_0 = 2.4263e-04
Loss = 3.7533e-04, PNorm = 36.1936, GNorm = 0.1709, lr_0 = 2.4205e-04
Loss = 3.2877e-04, PNorm = 36.1950, GNorm = 0.1175, lr_0 = 2.4147e-04
Loss = 2.3322e-04, PNorm = 36.1958, GNorm = 0.0640, lr_0 = 2.4089e-04
Validation mae = nan
Epoch 62
Loss = 1.8957e-04, PNorm = 36.1958, GNorm = 0.0674, lr_0 = 2.4026e-04
Loss = 2.8940e-04, PNorm = 36.1966, GNorm = 0.1335, lr_0 = 2.3968e-04
Loss = 4.1363e-04, PNorm = 36.1982, GNorm = 0.1473, lr_0 = 2.3911e-04
Loss = 3.5409e-04, PNorm = 36.1981, GNorm = 0.1463, lr_0 = 2.3853e-04
Loss = 2.8509e-04, PNorm = 36.1984, GNorm = 0.0726, lr_0 = 2.3796e-04
Loss = 3.1570e-04, PNorm = 36.1982, GNorm = 0.1709, lr_0 = 2.3739e-04
Loss = 3.4984e-04, PNorm = 36.1990, GNorm = 0.1594, lr_0 = 2.3682e-04
Loss = 2.4462e-04, PNorm = 36.2003, GNorm = 0.1995, lr_0 = 2.3626e-04
Loss = 4.3585e-04, PNorm = 36.2008, GNorm = 0.1561, lr_0 = 2.3569e-04
Loss = 4.6558e-04, PNorm = 36.2022, GNorm = 0.1130, lr_0 = 2.3513e-04
Validation mae = nan
Epoch 63
Loss = 3.6181e-04, PNorm = 36.2034, GNorm = 0.1281, lr_0 = 2.3456e-04
Loss = 4.1947e-04, PNorm = 36.2043, GNorm = 0.1056, lr_0 = 2.3400e-04
Loss = 2.1861e-04, PNorm = 36.2047, GNorm = 0.1053, lr_0 = 2.3344e-04
Loss = 2.3261e-04, PNorm = 36.2056, GNorm = 0.0728, lr_0 = 2.3288e-04
Loss = 1.6849e-04, PNorm = 36.2063, GNorm = 0.0493, lr_0 = 2.3233e-04
Loss = 1.9841e-04, PNorm = 36.2071, GNorm = 0.1140, lr_0 = 2.3177e-04
Loss = 2.1907e-04, PNorm = 36.2079, GNorm = 0.1939, lr_0 = 2.3121e-04
Loss = 3.3002e-04, PNorm = 36.2086, GNorm = 0.2093, lr_0 = 2.3066e-04
Loss = 5.7604e-04, PNorm = 36.2095, GNorm = 0.2314, lr_0 = 2.3011e-04
Loss = 4.4293e-04, PNorm = 36.2105, GNorm = 0.1391, lr_0 = 2.2956e-04
Validation mae = nan
Epoch 64
Loss = 5.1873e-04, PNorm = 36.2102, GNorm = 0.1670, lr_0 = 2.2895e-04
Loss = 4.4392e-04, PNorm = 36.2108, GNorm = 0.1363, lr_0 = 2.2840e-04
Loss = 5.3420e-04, PNorm = 36.2119, GNorm = 0.2861, lr_0 = 2.2786e-04
Loss = 3.8661e-04, PNorm = 36.2126, GNorm = 0.1382, lr_0 = 2.2731e-04
Loss = 4.5036e-04, PNorm = 36.2140, GNorm = 0.1100, lr_0 = 2.2677e-04
Loss = 3.1383e-04, PNorm = 36.2151, GNorm = 0.1260, lr_0 = 2.2622e-04
Loss = 4.7648e-04, PNorm = 36.2163, GNorm = 0.2363, lr_0 = 2.2568e-04
Loss = 3.5301e-04, PNorm = 36.2178, GNorm = 0.2254, lr_0 = 2.2514e-04
Loss = 3.4971e-04, PNorm = 36.2185, GNorm = 0.1062, lr_0 = 2.2460e-04
Loss = 3.9380e-04, PNorm = 36.2191, GNorm = 0.0934, lr_0 = 2.2407e-04
Loss = 2.1858e-04, PNorm = 36.2190, GNorm = 0.1431, lr_0 = 2.2401e-04
Validation mae = nan
Epoch 65
Loss = 3.4119e-04, PNorm = 36.2201, GNorm = 0.0657, lr_0 = 2.2348e-04
Loss = 2.1963e-04, PNorm = 36.2211, GNorm = 0.0963, lr_0 = 2.2294e-04
Loss = 2.5824e-04, PNorm = 36.2220, GNorm = 0.1275, lr_0 = 2.2241e-04
Loss = 1.9665e-04, PNorm = 36.2228, GNorm = 0.0510, lr_0 = 2.2187e-04
Loss = 2.0575e-04, PNorm = 36.2230, GNorm = 0.1358, lr_0 = 2.2134e-04
Loss = 1.8506e-04, PNorm = 36.2238, GNorm = 0.0680, lr_0 = 2.2081e-04
Loss = 2.0072e-04, PNorm = 36.2248, GNorm = 0.0814, lr_0 = 2.2028e-04
Loss = 2.1188e-04, PNorm = 36.2253, GNorm = 0.0798, lr_0 = 2.1976e-04
Loss = 2.8926e-04, PNorm = 36.2255, GNorm = 0.1887, lr_0 = 2.1923e-04
Validation mae = nan
Epoch 66
Loss = 1.7327e-04, PNorm = 36.2263, GNorm = 0.1266, lr_0 = 2.1870e-04
Loss = 4.6543e-04, PNorm = 36.2268, GNorm = 0.2056, lr_0 = 2.1818e-04
Loss = 5.3883e-04, PNorm = 36.2274, GNorm = 0.1957, lr_0 = 2.1766e-04
Loss = 3.1462e-04, PNorm = 36.2281, GNorm = 0.1753, lr_0 = 2.1714e-04
Loss = 3.7137e-04, PNorm = 36.2286, GNorm = 0.0731, lr_0 = 2.1662e-04
Loss = 3.3529e-04, PNorm = 36.2301, GNorm = 0.1413, lr_0 = 2.1610e-04
Loss = 2.7742e-04, PNorm = 36.2306, GNorm = 0.0844, lr_0 = 2.1558e-04
Loss = 3.1350e-04, PNorm = 36.2313, GNorm = 0.1360, lr_0 = 2.1507e-04
Loss = 3.9096e-04, PNorm = 36.2327, GNorm = 0.2478, lr_0 = 2.1455e-04
Loss = 4.9780e-04, PNorm = 36.2331, GNorm = 0.1290, lr_0 = 2.1404e-04
Validation mae = nan
Epoch 67
Loss = 3.4181e-04, PNorm = 36.2345, GNorm = 0.0617, lr_0 = 2.1347e-04
Loss = 3.8515e-04, PNorm = 36.2354, GNorm = 0.1792, lr_0 = 2.1296e-04
Loss = 2.0233e-04, PNorm = 36.2372, GNorm = 0.1295, lr_0 = 2.1245e-04
Loss = 2.4598e-04, PNorm = 36.2378, GNorm = 0.1774, lr_0 = 2.1194e-04
Loss = 2.3474e-04, PNorm = 36.2379, GNorm = 0.1029, lr_0 = 2.1144e-04
Loss = 1.9674e-04, PNorm = 36.2380, GNorm = 0.1030, lr_0 = 2.1093e-04
Loss = 1.7962e-04, PNorm = 36.2384, GNorm = 0.0764, lr_0 = 2.1042e-04
Loss = 2.1294e-04, PNorm = 36.2389, GNorm = 0.1891, lr_0 = 2.0992e-04
Loss = 2.8165e-04, PNorm = 36.2396, GNorm = 0.0531, lr_0 = 2.0942e-04
Loss = 2.1119e-04, PNorm = 36.2405, GNorm = 0.0616, lr_0 = 2.0892e-04
Validation mae = nan
Epoch 68
Loss = 3.3068e-04, PNorm = 36.2409, GNorm = 0.0278, lr_0 = 2.0837e-04
Loss = 3.0266e-04, PNorm = 36.2422, GNorm = 0.0341, lr_0 = 2.0787e-04
Loss = 3.0372e-04, PNorm = 36.2431, GNorm = 0.1030, lr_0 = 2.0737e-04
Loss = 2.8448e-04, PNorm = 36.2436, GNorm = 0.0598, lr_0 = 2.0687e-04
Loss = 2.1093e-04, PNorm = 36.2445, GNorm = 0.0648, lr_0 = 2.0638e-04
Loss = 2.1211e-04, PNorm = 36.2447, GNorm = 0.1068, lr_0 = 2.0588e-04
Loss = 2.4685e-04, PNorm = 36.2458, GNorm = 0.0667, lr_0 = 2.0539e-04
Loss = 2.7927e-04, PNorm = 36.2461, GNorm = 0.1592, lr_0 = 2.0490e-04
Loss = 1.7644e-04, PNorm = 36.2469, GNorm = 0.0421, lr_0 = 2.0441e-04
Loss = 2.5181e-04, PNorm = 36.2477, GNorm = 0.1327, lr_0 = 2.0392e-04
Validation mae = nan
Epoch 69
Loss = 1.8271e-04, PNorm = 36.2487, GNorm = 0.0462, lr_0 = 2.0343e-04
Loss = 1.7953e-04, PNorm = 36.2489, GNorm = 0.0471, lr_0 = 2.0294e-04
Loss = 2.6738e-04, PNorm = 36.2497, GNorm = 0.0774, lr_0 = 2.0246e-04
Loss = 1.8742e-04, PNorm = 36.2502, GNorm = 0.1124, lr_0 = 2.0197e-04
Loss = 2.1620e-04, PNorm = 36.2506, GNorm = 0.0475, lr_0 = 2.0149e-04
Loss = 3.2517e-04, PNorm = 36.2518, GNorm = 0.1780, lr_0 = 2.0101e-04
Loss = 3.0909e-04, PNorm = 36.2527, GNorm = 0.0559, lr_0 = 2.0052e-04
Loss = 2.2691e-04, PNorm = 36.2532, GNorm = 0.0672, lr_0 = 2.0004e-04
Loss = 2.5248e-04, PNorm = 36.2541, GNorm = 0.0461, lr_0 = 1.9956e-04
Loss = 1.7021e-04, PNorm = 36.2547, GNorm = 0.0607, lr_0 = 1.9909e-04
Validation mae = nan
Epoch 70
Loss = 1.5730e-04, PNorm = 36.2557, GNorm = 0.0502, lr_0 = 1.9856e-04
Loss = 1.5196e-04, PNorm = 36.2566, GNorm = 0.0237, lr_0 = 1.9809e-04
Loss = 1.7698e-04, PNorm = 36.2570, GNorm = 0.0464, lr_0 = 1.9761e-04
Loss = 1.6303e-04, PNorm = 36.2577, GNorm = 0.0655, lr_0 = 1.9714e-04
Loss = 2.2829e-04, PNorm = 36.2577, GNorm = 0.0834, lr_0 = 1.9667e-04
Loss = 2.4805e-04, PNorm = 36.2582, GNorm = 0.0589, lr_0 = 1.9620e-04
Loss = 2.1480e-04, PNorm = 36.2591, GNorm = 0.0733, lr_0 = 1.9573e-04
Loss = 2.7270e-04, PNorm = 36.2602, GNorm = 0.1358, lr_0 = 1.9526e-04
Loss = 3.6108e-04, PNorm = 36.2606, GNorm = 0.2274, lr_0 = 1.9479e-04
Loss = 2.7680e-04, PNorm = 36.2613, GNorm = 0.1195, lr_0 = 1.9432e-04
Loss = 1.7045e-04, PNorm = 36.2614, GNorm = 0.1277, lr_0 = 1.9428e-04
Validation mae = nan
Epoch 71
Loss = 3.5558e-04, PNorm = 36.2613, GNorm = 0.1118, lr_0 = 1.9381e-04
Loss = 4.1980e-04, PNorm = 36.2623, GNorm = 0.0613, lr_0 = 1.9335e-04
Loss = 3.3642e-04, PNorm = 36.2633, GNorm = 0.0967, lr_0 = 1.9288e-04
Loss = 4.0217e-04, PNorm = 36.2644, GNorm = 0.2537, lr_0 = 1.9242e-04
Loss = 5.5739e-04, PNorm = 36.2651, GNorm = 0.1754, lr_0 = 1.9196e-04
Loss = 5.2503e-04, PNorm = 36.2662, GNorm = 0.0918, lr_0 = 1.9150e-04
Loss = 2.9429e-04, PNorm = 36.2670, GNorm = 0.1210, lr_0 = 1.9104e-04
Loss = 3.3177e-04, PNorm = 36.2680, GNorm = 0.1495, lr_0 = 1.9059e-04
Loss = 2.9718e-04, PNorm = 36.2684, GNorm = 0.1643, lr_0 = 1.9013e-04
Validation mae = nan
Epoch 72
Loss = 3.4331e-04, PNorm = 36.2683, GNorm = 0.1891, lr_0 = 1.8967e-04
Loss = 2.7678e-04, PNorm = 36.2685, GNorm = 0.1086, lr_0 = 1.8922e-04
Loss = 2.6188e-04, PNorm = 36.2691, GNorm = 0.0633, lr_0 = 1.8877e-04
Loss = 3.0886e-04, PNorm = 36.2695, GNorm = 0.1199, lr_0 = 1.8832e-04
Loss = 3.8140e-04, PNorm = 36.2705, GNorm = 0.0804, lr_0 = 1.8786e-04
Loss = 2.9770e-04, PNorm = 36.2719, GNorm = 0.0600, lr_0 = 1.8741e-04
Loss = 2.8502e-04, PNorm = 36.2731, GNorm = 0.0660, lr_0 = 1.8697e-04
Loss = 2.0485e-04, PNorm = 36.2734, GNorm = 0.1005, lr_0 = 1.8652e-04
Loss = 2.2207e-04, PNorm = 36.2740, GNorm = 0.0499, lr_0 = 1.8607e-04
Loss = 2.2196e-04, PNorm = 36.2758, GNorm = 0.1227, lr_0 = 1.8563e-04
Validation mae = nan
Epoch 73
Loss = 4.5616e-04, PNorm = 36.2763, GNorm = 0.0798, lr_0 = 1.8514e-04
Loss = 4.9215e-04, PNorm = 36.2764, GNorm = 0.1200, lr_0 = 1.8469e-04
Loss = 4.6748e-04, PNorm = 36.2770, GNorm = 0.1908, lr_0 = 1.8425e-04
Loss = 4.1313e-04, PNorm = 36.2779, GNorm = 0.1383, lr_0 = 1.8381e-04
Loss = 2.0573e-04, PNorm = 36.2784, GNorm = 0.0750, lr_0 = 1.8337e-04
Loss = 2.5229e-04, PNorm = 36.2793, GNorm = 0.1209, lr_0 = 1.8293e-04
Loss = 1.6549e-04, PNorm = 36.2797, GNorm = 0.0496, lr_0 = 1.8249e-04
Loss = 1.6351e-04, PNorm = 36.2805, GNorm = 0.0355, lr_0 = 1.8206e-04
Loss = 1.4388e-04, PNorm = 36.2809, GNorm = 0.0418, lr_0 = 1.8162e-04
Loss = 1.9105e-04, PNorm = 36.2817, GNorm = 0.1230, lr_0 = 1.8118e-04
Validation mae = nan
Epoch 74
Loss = 3.6578e-04, PNorm = 36.2819, GNorm = 0.1867, lr_0 = 1.8071e-04
Loss = 4.0927e-04, PNorm = 36.2833, GNorm = 0.2715, lr_0 = 1.8027e-04
Loss = 4.0978e-04, PNorm = 36.2842, GNorm = 0.1790, lr_0 = 1.7984e-04
Loss = 2.5262e-04, PNorm = 36.2843, GNorm = 0.0775, lr_0 = 1.7941e-04
Loss = 2.7260e-04, PNorm = 36.2857, GNorm = 0.0730, lr_0 = 1.7898e-04
Loss = 1.7373e-04, PNorm = 36.2860, GNorm = 0.0407, lr_0 = 1.7855e-04
Loss = 1.8218e-04, PNorm = 36.2869, GNorm = 0.1140, lr_0 = 1.7813e-04
Loss = 1.4842e-04, PNorm = 36.2870, GNorm = 0.0832, lr_0 = 1.7770e-04
Loss = 2.1910e-04, PNorm = 36.2875, GNorm = 0.0936, lr_0 = 1.7727e-04
Loss = 1.4582e-04, PNorm = 36.2882, GNorm = 0.0500, lr_0 = 1.7685e-04
Validation mae = nan
Epoch 75
Loss = 2.5778e-04, PNorm = 36.2884, GNorm = 0.1222, lr_0 = 1.7643e-04
Loss = 2.2397e-04, PNorm = 36.2888, GNorm = 0.0680, lr_0 = 1.7600e-04
Loss = 1.9145e-04, PNorm = 36.2894, GNorm = 0.0488, lr_0 = 1.7558e-04
Loss = 2.1089e-04, PNorm = 36.2898, GNorm = 0.1426, lr_0 = 1.7516e-04
Loss = 1.9519e-04, PNorm = 36.2904, GNorm = 0.1041, lr_0 = 1.7474e-04
Loss = 1.8140e-04, PNorm = 36.2919, GNorm = 0.0603, lr_0 = 1.7432e-04
Loss = 1.4526e-04, PNorm = 36.2925, GNorm = 0.0735, lr_0 = 1.7391e-04
Loss = 2.2939e-04, PNorm = 36.2930, GNorm = 0.1306, lr_0 = 1.7349e-04
Loss = 3.0831e-04, PNorm = 36.2937, GNorm = 0.1986, lr_0 = 1.7307e-04
Loss = 2.2466e-04, PNorm = 36.2945, GNorm = 0.1512, lr_0 = 1.7266e-04
Validation mae = nan
Epoch 76
Loss = 3.8490e-04, PNorm = 36.2949, GNorm = 0.1603, lr_0 = 1.7221e-04
Loss = 2.8159e-04, PNorm = 36.2950, GNorm = 0.2064, lr_0 = 1.7179e-04
Loss = 1.9757e-04, PNorm = 36.2956, GNorm = 0.0724, lr_0 = 1.7138e-04
Loss = 1.6943e-04, PNorm = 36.2965, GNorm = 0.1015, lr_0 = 1.7097e-04
Loss = 2.3774e-04, PNorm = 36.2966, GNorm = 0.0670, lr_0 = 1.7056e-04
Loss = 1.4858e-04, PNorm = 36.2977, GNorm = 0.0480, lr_0 = 1.7015e-04
Loss = 1.5237e-04, PNorm = 36.2984, GNorm = 0.0432, lr_0 = 1.6975e-04
Loss = 1.7246e-04, PNorm = 36.2988, GNorm = 0.0565, lr_0 = 1.6934e-04
Loss = 1.4614e-04, PNorm = 36.2990, GNorm = 0.0605, lr_0 = 1.6893e-04
Loss = 1.5813e-04, PNorm = 36.2990, GNorm = 0.0915, lr_0 = 1.6853e-04
Loss = 5.8440e-05, PNorm = 36.2991, GNorm = 0.0419, lr_0 = 1.6849e-04
Validation mae = nan
Epoch 77
Loss = 1.3093e-04, PNorm = 36.2995, GNorm = 0.0410, lr_0 = 1.6809e-04
Loss = 1.4714e-04, PNorm = 36.2997, GNorm = 0.1455, lr_0 = 1.6768e-04
Loss = 1.3636e-04, PNorm = 36.3000, GNorm = 0.0463, lr_0 = 1.6728e-04
Loss = 1.6409e-04, PNorm = 36.3003, GNorm = 0.0970, lr_0 = 1.6688e-04
Loss = 1.8436e-04, PNorm = 36.3004, GNorm = 0.0910, lr_0 = 1.6648e-04
Loss = 1.6313e-04, PNorm = 36.3013, GNorm = 0.0505, lr_0 = 1.6608e-04
Loss = 2.3174e-04, PNorm = 36.3023, GNorm = 0.1046, lr_0 = 1.6569e-04
Loss = 2.1371e-04, PNorm = 36.3031, GNorm = 0.0784, lr_0 = 1.6529e-04
Loss = 2.6103e-04, PNorm = 36.3041, GNorm = 0.0771, lr_0 = 1.6489e-04
Validation mae = nan
Epoch 78
Loss = 1.2746e-04, PNorm = 36.3045, GNorm = 0.1094, lr_0 = 1.6446e-04
Loss = 1.1711e-04, PNorm = 36.3047, GNorm = 0.0334, lr_0 = 1.6406e-04
Loss = 1.1813e-04, PNorm = 36.3050, GNorm = 0.0835, lr_0 = 1.6367e-04
Loss = 1.6253e-04, PNorm = 36.3058, GNorm = 0.0385, lr_0 = 1.6328e-04
Loss = 2.3433e-04, PNorm = 36.3065, GNorm = 0.1345, lr_0 = 1.6289e-04
Loss = 1.4095e-04, PNorm = 36.3068, GNorm = 0.0726, lr_0 = 1.6250e-04
Loss = 1.6310e-04, PNorm = 36.3070, GNorm = 0.0476, lr_0 = 1.6211e-04
Loss = 1.6133e-04, PNorm = 36.3075, GNorm = 0.0930, lr_0 = 1.6172e-04
Loss = 2.0038e-04, PNorm = 36.3079, GNorm = 0.1186, lr_0 = 1.6133e-04
Loss = 1.6820e-04, PNorm = 36.3084, GNorm = 0.0865, lr_0 = 1.6095e-04
Validation mae = nan
Epoch 79
Loss = 1.1133e-04, PNorm = 36.3086, GNorm = 0.1017, lr_0 = 1.6056e-04
Loss = 1.4523e-04, PNorm = 36.3088, GNorm = 0.0544, lr_0 = 1.6018e-04
Loss = 1.1747e-04, PNorm = 36.3091, GNorm = 0.0596, lr_0 = 1.5979e-04
Loss = 1.5015e-04, PNorm = 36.3097, GNorm = 0.0926, lr_0 = 1.5941e-04
Loss = 1.9095e-04, PNorm = 36.3105, GNorm = 0.0576, lr_0 = 1.5903e-04
Loss = 2.1625e-04, PNorm = 36.3109, GNorm = 0.0553, lr_0 = 1.5865e-04
Loss = 1.1520e-04, PNorm = 36.3113, GNorm = 0.0509, lr_0 = 1.5827e-04
Loss = 1.0677e-04, PNorm = 36.3114, GNorm = 0.0450, lr_0 = 1.5789e-04
Loss = 1.0915e-04, PNorm = 36.3120, GNorm = 0.0596, lr_0 = 1.5751e-04
Loss = 1.9439e-04, PNorm = 36.3123, GNorm = 0.1165, lr_0 = 1.5713e-04
Validation mae = nan
Epoch 80
Loss = 1.5707e-04, PNorm = 36.3127, GNorm = 0.0881, lr_0 = 1.5672e-04
Loss = 1.7307e-04, PNorm = 36.3133, GNorm = 0.1596, lr_0 = 1.5635e-04
Loss = 2.1944e-04, PNorm = 36.3140, GNorm = 0.1172, lr_0 = 1.5597e-04
Loss = 2.5434e-04, PNorm = 36.3144, GNorm = 0.1315, lr_0 = 1.5560e-04
Loss = 4.9059e-04, PNorm = 36.3150, GNorm = 0.2172, lr_0 = 1.5523e-04
Loss = 3.9603e-04, PNorm = 36.3166, GNorm = 0.1094, lr_0 = 1.5485e-04
Loss = 2.9265e-04, PNorm = 36.3170, GNorm = 0.1271, lr_0 = 1.5448e-04
Loss = 2.3143e-04, PNorm = 36.3176, GNorm = 0.1269, lr_0 = 1.5411e-04
Loss = 2.4637e-04, PNorm = 36.3189, GNorm = 0.2863, lr_0 = 1.5374e-04
Loss = 2.3122e-04, PNorm = 36.3193, GNorm = 0.0488, lr_0 = 1.5338e-04
Validation mae = nan
Epoch 81
Loss = 2.1851e-04, PNorm = 36.3198, GNorm = 0.1118, lr_0 = 1.5297e-04
Loss = 1.9233e-04, PNorm = 36.3199, GNorm = 0.0731, lr_0 = 1.5261e-04
Loss = 1.3848e-04, PNorm = 36.3209, GNorm = 0.0344, lr_0 = 1.5224e-04
Loss = 1.4735e-04, PNorm = 36.3213, GNorm = 0.0491, lr_0 = 1.5188e-04
Loss = 2.3544e-04, PNorm = 36.3219, GNorm = 0.0992, lr_0 = 1.5151e-04
Loss = 1.9913e-04, PNorm = 36.3221, GNorm = 0.1356, lr_0 = 1.5115e-04
Loss = 2.1323e-04, PNorm = 36.3226, GNorm = 0.0904, lr_0 = 1.5079e-04
Loss = 1.7844e-04, PNorm = 36.3230, GNorm = 0.1158, lr_0 = 1.5043e-04
Loss = 2.2777e-04, PNorm = 36.3236, GNorm = 0.0377, lr_0 = 1.5007e-04
Loss = 1.7768e-04, PNorm = 36.3243, GNorm = 0.0890, lr_0 = 1.4971e-04
Validation mae = nan
Epoch 82
Loss = 1.7921e-04, PNorm = 36.3248, GNorm = 0.0661, lr_0 = 1.4935e-04
Loss = 1.3125e-04, PNorm = 36.3251, GNorm = 0.0664, lr_0 = 1.4899e-04
Loss = 1.4854e-04, PNorm = 36.3256, GNorm = 0.0536, lr_0 = 1.4863e-04
Loss = 1.2625e-04, PNorm = 36.3261, GNorm = 0.0901, lr_0 = 1.4828e-04
Loss = 1.3137e-04, PNorm = 36.3262, GNorm = 0.0415, lr_0 = 1.4792e-04
Loss = 1.1411e-04, PNorm = 36.3265, GNorm = 0.0895, lr_0 = 1.4757e-04
Loss = 1.2777e-04, PNorm = 36.3270, GNorm = 0.0579, lr_0 = 1.4721e-04
Loss = 1.5106e-04, PNorm = 36.3272, GNorm = 0.0550, lr_0 = 1.4686e-04
Loss = 1.4052e-04, PNorm = 36.3280, GNorm = 0.0595, lr_0 = 1.4651e-04
Loss = 2.0869e-04, PNorm = 36.3283, GNorm = 0.0512, lr_0 = 1.4616e-04
Loss = 8.1835e-05, PNorm = 36.3282, GNorm = 0.0700, lr_0 = 1.4612e-04
Validation mae = nan
Epoch 83
Loss = 1.6290e-04, PNorm = 36.3286, GNorm = 0.1721, lr_0 = 1.4577e-04
Loss = 2.6380e-04, PNorm = 36.3292, GNorm = 0.0749, lr_0 = 1.4543e-04
Loss = 1.4149e-04, PNorm = 36.3296, GNorm = 0.0885, lr_0 = 1.4508e-04
Loss = 1.3466e-04, PNorm = 36.3300, GNorm = 0.0660, lr_0 = 1.4473e-04
Loss = 1.7089e-04, PNorm = 36.3306, GNorm = 0.0698, lr_0 = 1.4438e-04
Loss = 1.2407e-04, PNorm = 36.3314, GNorm = 0.0547, lr_0 = 1.4404e-04
Loss = 1.3337e-04, PNorm = 36.3316, GNorm = 0.0518, lr_0 = 1.4369e-04
Loss = 1.1487e-04, PNorm = 36.3320, GNorm = 0.0415, lr_0 = 1.4335e-04
Loss = 1.0801e-04, PNorm = 36.3327, GNorm = 0.0738, lr_0 = 1.4301e-04
Validation mae = nan
Epoch 84
Loss = 1.2410e-04, PNorm = 36.3335, GNorm = 0.0699, lr_0 = 1.4263e-04
Loss = 1.2425e-04, PNorm = 36.3335, GNorm = 0.0593, lr_0 = 1.4229e-04
Loss = 1.3320e-04, PNorm = 36.3345, GNorm = 0.1288, lr_0 = 1.4195e-04
Loss = 2.2637e-04, PNorm = 36.3350, GNorm = 0.1035, lr_0 = 1.4161e-04
Loss = 1.9434e-04, PNorm = 36.3352, GNorm = 0.1869, lr_0 = 1.4127e-04
Loss = 2.0374e-04, PNorm = 36.3358, GNorm = 0.1147, lr_0 = 1.4093e-04
Loss = 1.7051e-04, PNorm = 36.3359, GNorm = 0.0473, lr_0 = 1.4059e-04
Loss = 1.3235e-04, PNorm = 36.3361, GNorm = 0.1010, lr_0 = 1.4025e-04
Loss = 2.6375e-04, PNorm = 36.3368, GNorm = 0.1471, lr_0 = 1.3992e-04
Loss = 3.3570e-04, PNorm = 36.3380, GNorm = 0.1479, lr_0 = 1.3958e-04
Validation mae = nan
Epoch 85
Loss = 1.9485e-04, PNorm = 36.3391, GNorm = 0.1856, lr_0 = 1.3925e-04
Loss = 3.2875e-04, PNorm = 36.3392, GNorm = 0.2601, lr_0 = 1.3892e-04
Loss = 3.1439e-04, PNorm = 36.3397, GNorm = 0.1005, lr_0 = 1.3858e-04
Loss = 1.6442e-04, PNorm = 36.3406, GNorm = 0.0649, lr_0 = 1.3825e-04
Loss = 3.1595e-04, PNorm = 36.3408, GNorm = 0.0680, lr_0 = 1.3792e-04
Loss = 3.4216e-04, PNorm = 36.3413, GNorm = 0.1016, lr_0 = 1.3759e-04
Loss = 3.3748e-04, PNorm = 36.3417, GNorm = 0.1781, lr_0 = 1.3726e-04
Loss = 3.0319e-04, PNorm = 36.3421, GNorm = 0.1310, lr_0 = 1.3693e-04
Loss = 2.9138e-04, PNorm = 36.3422, GNorm = 0.2147, lr_0 = 1.3660e-04
Loss = 2.6244e-04, PNorm = 36.3423, GNorm = 0.0942, lr_0 = 1.3628e-04
Validation mae = nan
Epoch 86
Loss = 1.6179e-04, PNorm = 36.3431, GNorm = 0.0842, lr_0 = 1.3592e-04
Loss = 2.6108e-04, PNorm = 36.3440, GNorm = 0.0938, lr_0 = 1.3559e-04
Loss = 3.0875e-04, PNorm = 36.3445, GNorm = 0.0636, lr_0 = 1.3527e-04
Loss = 1.9744e-04, PNorm = 36.3454, GNorm = 0.0388, lr_0 = 1.3494e-04
Loss = 1.6072e-04, PNorm = 36.3461, GNorm = 0.0384, lr_0 = 1.3462e-04
Loss = 1.7531e-04, PNorm = 36.3462, GNorm = 0.0505, lr_0 = 1.3430e-04
Loss = 1.5402e-04, PNorm = 36.3469, GNorm = 0.0565, lr_0 = 1.3398e-04
Loss = 1.1109e-04, PNorm = 36.3475, GNorm = 0.0655, lr_0 = 1.3366e-04
Loss = 1.1352e-04, PNorm = 36.3481, GNorm = 0.0322, lr_0 = 1.3334e-04
Loss = 1.1946e-04, PNorm = 36.3486, GNorm = 0.0789, lr_0 = 1.3302e-04
Validation mae = nan
Epoch 87
Loss = 1.5132e-04, PNorm = 36.3490, GNorm = 0.0754, lr_0 = 1.3267e-04
Loss = 1.8736e-04, PNorm = 36.3493, GNorm = 0.1178, lr_0 = 1.3235e-04
Loss = 2.1980e-04, PNorm = 36.3497, GNorm = 0.2469, lr_0 = 1.3203e-04
Loss = 2.4695e-04, PNorm = 36.3502, GNorm = 0.0884, lr_0 = 1.3172e-04
Loss = 1.5505e-04, PNorm = 36.3509, GNorm = 0.0501, lr_0 = 1.3140e-04
Loss = 1.7532e-04, PNorm = 36.3507, GNorm = 0.1084, lr_0 = 1.3109e-04
Loss = 1.9368e-04, PNorm = 36.3506, GNorm = 0.1124, lr_0 = 1.3077e-04
Loss = 1.5383e-04, PNorm = 36.3509, GNorm = 0.1239, lr_0 = 1.3046e-04
Loss = 2.7741e-04, PNorm = 36.3516, GNorm = 0.2378, lr_0 = 1.3015e-04
Loss = 2.8226e-04, PNorm = 36.3521, GNorm = 0.1134, lr_0 = 1.2983e-04
Validation mae = nan
Epoch 88
Loss = 2.4986e-04, PNorm = 36.3529, GNorm = 0.0754, lr_0 = 1.2952e-04
Loss = 1.3657e-04, PNorm = 36.3536, GNorm = 0.0371, lr_0 = 1.2921e-04
Loss = 1.6369e-04, PNorm = 36.3542, GNorm = 0.0547, lr_0 = 1.2890e-04
Loss = 1.5808e-04, PNorm = 36.3548, GNorm = 0.0744, lr_0 = 1.2860e-04
Loss = 1.1299e-04, PNorm = 36.3555, GNorm = 0.0406, lr_0 = 1.2829e-04
Loss = 1.3761e-04, PNorm = 36.3556, GNorm = 0.0596, lr_0 = 1.2798e-04
Loss = 1.3866e-04, PNorm = 36.3561, GNorm = 0.0994, lr_0 = 1.2767e-04
Loss = 1.4202e-04, PNorm = 36.3563, GNorm = 0.0342, lr_0 = 1.2737e-04
Loss = 1.1470e-04, PNorm = 36.3567, GNorm = 0.1029, lr_0 = 1.2706e-04
Loss = 1.6481e-04, PNorm = 36.3572, GNorm = 0.0969, lr_0 = 1.2676e-04
Loss = 7.0236e-05, PNorm = 36.3573, GNorm = 0.0622, lr_0 = 1.2673e-04
Validation mae = nan
Epoch 89
Loss = 1.5297e-04, PNorm = 36.3578, GNorm = 0.0783, lr_0 = 1.2642e-04
Loss = 1.2137e-04, PNorm = 36.3581, GNorm = 0.0396, lr_0 = 1.2612e-04
Loss = 1.1882e-04, PNorm = 36.3584, GNorm = 0.0635, lr_0 = 1.2582e-04
Loss = 1.3050e-04, PNorm = 36.3592, GNorm = 0.0358, lr_0 = 1.2552e-04
Loss = 1.2646e-04, PNorm = 36.3593, GNorm = 0.0949, lr_0 = 1.2522e-04
Loss = 1.2189e-04, PNorm = 36.3596, GNorm = 0.0581, lr_0 = 1.2492e-04
Loss = 1.6838e-04, PNorm = 36.3601, GNorm = 0.0761, lr_0 = 1.2462e-04
Loss = 1.6503e-04, PNorm = 36.3604, GNorm = 0.0940, lr_0 = 1.2432e-04
Loss = 1.5824e-04, PNorm = 36.3613, GNorm = 0.0784, lr_0 = 1.2402e-04
Validation mae = nan
Epoch 90
Loss = 1.9624e-04, PNorm = 36.3616, GNorm = 0.1013, lr_0 = 1.2370e-04
Loss = 1.8440e-04, PNorm = 36.3617, GNorm = 0.0579, lr_0 = 1.2340e-04
Loss = 1.8649e-04, PNorm = 36.3621, GNorm = 0.0504, lr_0 = 1.2310e-04
Loss = 1.3387e-04, PNorm = 36.3626, GNorm = 0.0721, lr_0 = 1.2281e-04
Loss = 1.2293e-04, PNorm = 36.3628, GNorm = 0.0439, lr_0 = 1.2252e-04
Loss = 8.4617e-05, PNorm = 36.3630, GNorm = 0.0531, lr_0 = 1.2222e-04
Loss = 1.2100e-04, PNorm = 36.3636, GNorm = 0.0509, lr_0 = 1.2193e-04
Loss = 1.1912e-04, PNorm = 36.3639, GNorm = 0.0511, lr_0 = 1.2164e-04
Loss = 1.8652e-04, PNorm = 36.3645, GNorm = 0.0621, lr_0 = 1.2135e-04
Loss = 1.3042e-04, PNorm = 36.3648, GNorm = 0.0373, lr_0 = 1.2106e-04
Validation mae = nan
Epoch 91
Loss = 2.0446e-04, PNorm = 36.3652, GNorm = 0.1229, lr_0 = 1.2077e-04
Loss = 1.7568e-04, PNorm = 36.3657, GNorm = 0.1112, lr_0 = 1.2048e-04
Loss = 1.8256e-04, PNorm = 36.3661, GNorm = 0.0867, lr_0 = 1.2019e-04
Loss = 1.7237e-04, PNorm = 36.3667, GNorm = 0.1347, lr_0 = 1.1990e-04
Loss = 2.1160e-04, PNorm = 36.3673, GNorm = 0.1283, lr_0 = 1.1961e-04
Loss = 1.1900e-04, PNorm = 36.3676, GNorm = 0.0488, lr_0 = 1.1933e-04
Loss = 1.0924e-04, PNorm = 36.3679, GNorm = 0.0615, lr_0 = 1.1904e-04
Loss = 1.4946e-04, PNorm = 36.3686, GNorm = 0.0652, lr_0 = 1.1876e-04
Loss = 1.5552e-04, PNorm = 36.3685, GNorm = 0.1114, lr_0 = 1.1847e-04
Loss = 1.5175e-04, PNorm = 36.3686, GNorm = 0.1048, lr_0 = 1.1819e-04
Validation mae = nan
Epoch 92
Loss = 1.4460e-04, PNorm = 36.3688, GNorm = 0.0921, lr_0 = 1.1788e-04
Loss = 1.2369e-04, PNorm = 36.3694, GNorm = 0.0710, lr_0 = 1.1759e-04
Loss = 2.1066e-04, PNorm = 36.3701, GNorm = 0.1911, lr_0 = 1.1731e-04
Loss = 2.5358e-04, PNorm = 36.3701, GNorm = 0.0272, lr_0 = 1.1703e-04
Loss = 1.8542e-04, PNorm = 36.3707, GNorm = 0.0661, lr_0 = 1.1675e-04
Loss = 1.3852e-04, PNorm = 36.3709, GNorm = 0.0869, lr_0 = 1.1647e-04
Loss = 1.1581e-04, PNorm = 36.3712, GNorm = 0.0894, lr_0 = 1.1619e-04
Loss = 1.0011e-04, PNorm = 36.3716, GNorm = 0.0618, lr_0 = 1.1592e-04
Loss = 1.1449e-04, PNorm = 36.3719, GNorm = 0.0679, lr_0 = 1.1564e-04
Loss = 1.3132e-04, PNorm = 36.3722, GNorm = 0.0648, lr_0 = 1.1536e-04
Validation mae = nan
Epoch 93
Loss = 1.5920e-04, PNorm = 36.3723, GNorm = 0.0446, lr_0 = 1.1506e-04
Loss = 1.4717e-04, PNorm = 36.3732, GNorm = 0.1149, lr_0 = 1.1478e-04
Loss = 1.0066e-04, PNorm = 36.3732, GNorm = 0.0723, lr_0 = 1.1451e-04
Loss = 9.8006e-05, PNorm = 36.3737, GNorm = 0.0729, lr_0 = 1.1423e-04
Loss = 1.3031e-04, PNorm = 36.3744, GNorm = 0.0576, lr_0 = 1.1396e-04
Loss = 1.1309e-04, PNorm = 36.3745, GNorm = 0.0324, lr_0 = 1.1369e-04
Loss = 1.6381e-04, PNorm = 36.3748, GNorm = 0.0690, lr_0 = 1.1341e-04
Loss = 1.1557e-04, PNorm = 36.3752, GNorm = 0.0252, lr_0 = 1.1314e-04
Loss = 9.1477e-05, PNorm = 36.3757, GNorm = 0.0626, lr_0 = 1.1287e-04
Loss = 9.8915e-05, PNorm = 36.3760, GNorm = 0.0584, lr_0 = 1.1260e-04
Validation mae = nan
Epoch 94
Loss = 9.7314e-05, PNorm = 36.3766, GNorm = 0.0557, lr_0 = 1.1233e-04
Loss = 8.9748e-05, PNorm = 36.3770, GNorm = 0.0290, lr_0 = 1.1206e-04
Loss = 9.7344e-05, PNorm = 36.3775, GNorm = 0.1053, lr_0 = 1.1179e-04
Loss = 1.0332e-04, PNorm = 36.3778, GNorm = 0.0544, lr_0 = 1.1153e-04
Loss = 1.1582e-04, PNorm = 36.3782, GNorm = 0.0300, lr_0 = 1.1126e-04
Loss = 1.0407e-04, PNorm = 36.3783, GNorm = 0.0632, lr_0 = 1.1099e-04
Loss = 1.1277e-04, PNorm = 36.3783, GNorm = 0.0414, lr_0 = 1.1073e-04
Loss = 1.0682e-04, PNorm = 36.3785, GNorm = 0.0438, lr_0 = 1.1046e-04
Loss = 1.0965e-04, PNorm = 36.3789, GNorm = 0.0778, lr_0 = 1.1020e-04
Loss = 1.6018e-04, PNorm = 36.3797, GNorm = 0.0548, lr_0 = 1.0993e-04
Loss = 4.1349e-05, PNorm = 36.3797, GNorm = 0.0433, lr_0 = 1.0991e-04
Validation mae = nan
Epoch 95
Loss = 1.1355e-04, PNorm = 36.3802, GNorm = 0.0418, lr_0 = 1.0964e-04
Loss = 8.7147e-05, PNorm = 36.3803, GNorm = 0.0505, lr_0 = 1.0938e-04
Loss = 1.3131e-04, PNorm = 36.3805, GNorm = 0.0448, lr_0 = 1.0912e-04
Loss = 8.1157e-05, PNorm = 36.3810, GNorm = 0.0384, lr_0 = 1.0886e-04
Loss = 9.3227e-05, PNorm = 36.3813, GNorm = 0.0376, lr_0 = 1.0860e-04
Loss = 1.5139e-04, PNorm = 36.3817, GNorm = 0.0509, lr_0 = 1.0834e-04
Loss = 2.5414e-04, PNorm = 36.3823, GNorm = 0.1072, lr_0 = 1.0808e-04
Loss = 2.8940e-04, PNorm = 36.3821, GNorm = 0.1098, lr_0 = 1.0782e-04
Loss = 3.0778e-04, PNorm = 36.3825, GNorm = 0.0683, lr_0 = 1.0756e-04
Validation mae = nan
Epoch 96
Loss = 3.1269e-04, PNorm = 36.3828, GNorm = 0.2040, lr_0 = 1.0728e-04
Loss = 2.8635e-04, PNorm = 36.3834, GNorm = 0.1028, lr_0 = 1.0702e-04
Loss = 2.1473e-04, PNorm = 36.3837, GNorm = 0.0775, lr_0 = 1.0676e-04
Loss = 1.8713e-04, PNorm = 36.3851, GNorm = 0.0681, lr_0 = 1.0651e-04
Loss = 1.1185e-04, PNorm = 36.3859, GNorm = 0.0558, lr_0 = 1.0625e-04
Loss = 8.9533e-05, PNorm = 36.3863, GNorm = 0.0486, lr_0 = 1.0600e-04
Loss = 1.0862e-04, PNorm = 36.3868, GNorm = 0.0786, lr_0 = 1.0575e-04
Loss = 1.0385e-04, PNorm = 36.3870, GNorm = 0.0418, lr_0 = 1.0549e-04
Loss = 1.0878e-04, PNorm = 36.3875, GNorm = 0.1019, lr_0 = 1.0524e-04
Loss = 1.4758e-04, PNorm = 36.3876, GNorm = 0.0315, lr_0 = 1.0499e-04
Validation mae = nan
Epoch 97
Loss = 1.1919e-04, PNorm = 36.3881, GNorm = 0.0573, lr_0 = 1.0474e-04
Loss = 1.6159e-04, PNorm = 36.3885, GNorm = 0.1279, lr_0 = 1.0449e-04
Loss = 2.3865e-04, PNorm = 36.3889, GNorm = 0.1504, lr_0 = 1.0423e-04
Loss = 1.9234e-04, PNorm = 36.3895, GNorm = 0.1351, lr_0 = 1.0399e-04
Loss = 1.5218e-04, PNorm = 36.3898, GNorm = 0.0431, lr_0 = 1.0374e-04
Loss = 9.9296e-05, PNorm = 36.3903, GNorm = 0.0512, lr_0 = 1.0349e-04
Loss = 9.1675e-05, PNorm = 36.3907, GNorm = 0.0377, lr_0 = 1.0324e-04
Loss = 1.1291e-04, PNorm = 36.3908, GNorm = 0.0494, lr_0 = 1.0299e-04
Loss = 9.6198e-05, PNorm = 36.3910, GNorm = 0.0365, lr_0 = 1.0275e-04
Loss = 1.1157e-04, PNorm = 36.3915, GNorm = 0.0535, lr_0 = 1.0250e-04
Validation mae = nan
Epoch 98
Loss = 2.3382e-04, PNorm = 36.3918, GNorm = 0.0847, lr_0 = 1.0223e-04
Loss = 1.4172e-04, PNorm = 36.3920, GNorm = 0.0567, lr_0 = 1.0199e-04
Loss = 1.1461e-04, PNorm = 36.3922, GNorm = 0.0538, lr_0 = 1.0174e-04
Loss = 1.0185e-04, PNorm = 36.3922, GNorm = 0.0607, lr_0 = 1.0150e-04
Loss = 1.2397e-04, PNorm = 36.3925, GNorm = 0.1135, lr_0 = 1.0125e-04
Loss = 1.0948e-04, PNorm = 36.3928, GNorm = 0.0468, lr_0 = 1.0101e-04
Loss = 1.2788e-04, PNorm = 36.3932, GNorm = 0.0447, lr_0 = 1.0077e-04
Loss = 1.2061e-04, PNorm = 36.3932, GNorm = 0.0609, lr_0 = 1.0053e-04
Loss = 8.8648e-05, PNorm = 36.3935, GNorm = 0.0766, lr_0 = 1.0029e-04
Loss = 1.0853e-04, PNorm = 36.3941, GNorm = 0.0851, lr_0 = 1.0005e-04
Validation mae = nan
Epoch 99
Loss = 1.4386e-04, PNorm = 36.3945, GNorm = 0.0928, lr_0 = 1.0000e-04
Loss = 1.5891e-04, PNorm = 36.3943, GNorm = 0.0510, lr_0 = 1.0000e-04
Loss = 1.1448e-04, PNorm = 36.3949, GNorm = 0.0327, lr_0 = 1.0000e-04
Loss = 1.1665e-04, PNorm = 36.3953, GNorm = 0.0746, lr_0 = 1.0000e-04
Loss = 1.2889e-04, PNorm = 36.3956, GNorm = 0.0678, lr_0 = 1.0000e-04
Loss = 9.7370e-05, PNorm = 36.3959, GNorm = 0.0279, lr_0 = 1.0000e-04
Loss = 1.1182e-04, PNorm = 36.3961, GNorm = 0.0380, lr_0 = 1.0000e-04
Loss = 1.1908e-04, PNorm = 36.3961, GNorm = 0.0373, lr_0 = 1.0000e-04
Loss = 1.0928e-04, PNorm = 36.3965, GNorm = 0.0678, lr_0 = 1.0000e-04
Loss = 1.0992e-04, PNorm = 36.3970, GNorm = 0.0800, lr_0 = 1.0000e-04
Validation mae = nan
Model 0 best validation mae = inf on epoch 0
Loading pretrained parameter "encoder.encoder.0.cached_zero_vector".
Loading pretrained parameter "encoder.encoder.0.W_i.weight".
Loading pretrained parameter "encoder.encoder.0.W_h.weight".
Loading pretrained parameter "encoder.encoder.0.W_o.weight".
Loading pretrained parameter "encoder.encoder.0.W_o.bias".
Loading pretrained parameter "ffn.1.weight".
Loading pretrained parameter "ffn.1.bias".
Loading pretrained parameter "ffn.4.weight".
Loading pretrained parameter "ffn.4.bias".
Moving model to cuda
Model 0 test mae = nan
Ensemble test mae = nan
1-fold cross validation
	Seed 0 ==> test mae = nan
Overall test mae = nan +/- nan
Elapsed time = 0:06:52
