Command line
python train.py --data_path data/data_0.5_nheavy2/hvap.csv --smiles_columns smiles --target_columns hvap --dataset_type regression --split_sizes 1.0 0.0 0.0 --features_generator rdkit_2d --features_columns T --save_dir data/data_0.5_nheavy2/hvap --save_preds --epochs 100 --metric mae
Args
{'activation': 'ReLU',
 'aggregation': 'mean',
 'aggregation_norm': 100,
 'atom_descriptor_scaling': True,
 'atom_descriptors': None,
 'atom_descriptors_path': None,
 'atom_descriptors_size': 0,
 'atom_features_size': 0,
 'atom_messages': False,
 'batch_size': 50,
 'bias': False,
 'bond_feature_scaling': True,
 'bond_features_path': None,
 'bond_features_size': 0,
 'cache_cutoff': 10000,
 'checkpoint_dir': None,
 'checkpoint_path': None,
 'checkpoint_paths': None,
 'class_balance': False,
 'config_path': None,
 'crossval_index_dir': None,
 'crossval_index_file': None,
 'crossval_index_sets': None,
 'cuda': True,
 'data_path': 'data/data_0.5_nheavy2/hvap.csv',
 'dataset_type': 'regression',
 'depth': 3,
 'device': device(type='cuda'),
 'dropout': 0.0,
 'empty_cache': False,
 'ensemble_size': 1,
 'epochs': 100,
 'explicit_h': False,
 'extra_metrics': [],
 'features_columns': ['T'],
 'features_generator': ['rdkit_2d'],
 'features_only': False,
 'features_path': None,
 'features_scaling': True,
 'features_size': None,
 'ffn_hidden_size': 300,
 'ffn_num_layers': 2,
 'final_lr': 0.0001,
 'folds_file': None,
 'gpu': None,
 'grad_clip': None,
 'hidden_size': 300,
 'ignore_columns': None,
 'init_lr': 0.0001,
 'log_frequency': 10,
 'max_data_size': None,
 'max_lr': 0.001,
 'metric': 'mae',
 'metrics': ['mae'],
 'minimize_score': True,
 'mpn_shared': False,
 'multiclass_num_classes': 3,
 'no_atom_descriptor_scaling': False,
 'no_bond_features_scaling': False,
 'no_cache_mol': False,
 'no_cuda': False,
 'no_features_scaling': False,
 'num_folds': 1,
 'num_lrs': 1,
 'num_tasks': 1,
 'num_workers': 8,
 'number_of_molecules': 1,
 'overwrite_default_atom_features': False,
 'overwrite_default_bond_features': False,
 'pytorch_seed': 0,
 'quiet': False,
 'reaction': False,
 'reaction_mode': 'reac_diff',
 'resume_experiment': False,
 'save_dir': 'data/data_0.5_nheavy2/hvap',
 'save_preds': True,
 'save_smiles_splits': False,
 'seed': 0,
 'separate_test_atom_descriptors_path': None,
 'separate_test_bond_features_path': None,
 'separate_test_features_path': None,
 'separate_test_path': None,
 'separate_val_atom_descriptors_path': None,
 'separate_val_bond_features_path': None,
 'separate_val_features_path': None,
 'separate_val_path': None,
 'show_individual_scores': False,
 'smiles_columns': ['smiles'],
 'split_sizes': (1.0, 0.0, 0.0),
 'split_type': 'random',
 'target_columns': ['hvap'],
 'task_names': ['hvap'],
 'test': False,
 'test_fold_index': None,
 'train_data_size': None,
 'undirected': False,
 'use_input_features': True,
 'val_fold_index': None,
 'warmup_epochs': 2.0}
Loading data
Number of tasks = 1
Fold 0
Splitting data with seed 0
Total size = 4,913 | train size = 4,913 | val size = 0 | test size = 0
Fitting scaler
Building model 0
MoleculeModel(
  (encoder): MPN(
    (encoder): ModuleList(
      (0): MPNEncoder(
        (dropout_layer): Dropout(p=0.0, inplace=False)
        (act_func): ReLU()
        (W_i): Linear(in_features=147, out_features=300, bias=False)
        (W_h): Linear(in_features=300, out_features=300, bias=False)
        (W_o): Linear(in_features=433, out_features=300, bias=True)
      )
    )
  )
  (ffn): Sequential(
    (0): Dropout(p=0.0, inplace=False)
    (1): Linear(in_features=501, out_features=300, bias=True)
    (2): ReLU()
    (3): Dropout(p=0.0, inplace=False)
    (4): Linear(in_features=300, out_features=1, bias=True)
  )
)
Number of parameters = 415,201
Moving model to cuda
Epoch 0
Loss = 8.2416e-01, PNorm = 35.0922, GNorm = 2.4043, lr_0 = 1.5051e-04
Loss = 3.9908e-01, PNorm = 35.0949, GNorm = 3.6486, lr_0 = 1.9643e-04
Loss = 2.8398e-01, PNorm = 35.0963, GNorm = 2.5250, lr_0 = 2.4235e-04
Loss = 2.4781e-01, PNorm = 35.1005, GNorm = 1.5227, lr_0 = 2.8827e-04
Loss = 1.5674e-01, PNorm = 35.1042, GNorm = 2.2315, lr_0 = 3.3418e-04
Loss = 1.0697e-01, PNorm = 35.1083, GNorm = 1.1428, lr_0 = 3.8010e-04
Loss = 7.8649e-02, PNorm = 35.1136, GNorm = 1.7165, lr_0 = 4.2602e-04
Loss = 4.7895e-02, PNorm = 35.1201, GNorm = 0.7670, lr_0 = 4.7194e-04
Loss = 2.3380e-02, PNorm = 35.1250, GNorm = 0.9047, lr_0 = 5.1786e-04
Validation mae = nan
Epoch 1
Loss = 2.4257e-02, PNorm = 35.1286, GNorm = 1.1556, lr_0 = 5.6837e-04
Loss = 1.4520e-02, PNorm = 35.1300, GNorm = 0.8529, lr_0 = 6.1429e-04
Loss = 1.5329e-02, PNorm = 35.1301, GNorm = 1.3742, lr_0 = 6.6020e-04
Loss = 1.3146e-02, PNorm = 35.1299, GNorm = 0.4079, lr_0 = 7.0612e-04
Loss = 1.0326e-02, PNorm = 35.1304, GNorm = 2.2839, lr_0 = 7.5204e-04
Loss = 8.6851e-03, PNorm = 35.1316, GNorm = 1.1855, lr_0 = 7.9796e-04
Loss = 9.4379e-03, PNorm = 35.1327, GNorm = 1.2290, lr_0 = 8.4388e-04
Loss = 7.4347e-03, PNorm = 35.1339, GNorm = 0.3318, lr_0 = 8.8980e-04
Loss = 6.6363e-03, PNorm = 35.1350, GNorm = 1.0757, lr_0 = 9.3571e-04
Loss = 7.3112e-03, PNorm = 35.1355, GNorm = 1.7886, lr_0 = 9.8163e-04
Validation mae = nan
Epoch 2
Loss = 5.4384e-03, PNorm = 35.1364, GNorm = 0.7351, lr_0 = 9.9832e-04
Loss = 5.3149e-03, PNorm = 35.1378, GNorm = 1.7607, lr_0 = 9.9593e-04
Loss = 7.1809e-03, PNorm = 35.1391, GNorm = 1.3494, lr_0 = 9.9355e-04
Loss = 4.8802e-03, PNorm = 35.1399, GNorm = 0.4927, lr_0 = 9.9117e-04
Loss = 3.8727e-03, PNorm = 35.1419, GNorm = 0.8653, lr_0 = 9.8879e-04
Loss = 3.1316e-03, PNorm = 35.1435, GNorm = 0.4611, lr_0 = 9.8643e-04
Loss = 4.8451e-03, PNorm = 35.1444, GNorm = 1.1845, lr_0 = 9.8406e-04
Loss = 6.8589e-03, PNorm = 35.1448, GNorm = 2.0732, lr_0 = 9.8171e-04
Loss = 5.0020e-03, PNorm = 35.1462, GNorm = 0.3536, lr_0 = 9.7936e-04
Loss = 3.1757e-03, PNorm = 35.1474, GNorm = 0.6088, lr_0 = 9.7701e-04
Validation mae = nan
Epoch 3
Loss = 3.6429e-03, PNorm = 35.1485, GNorm = 0.5627, lr_0 = 9.7444e-04
Loss = 5.2055e-03, PNorm = 35.1502, GNorm = 1.1761, lr_0 = 9.7211e-04
Loss = 4.6781e-03, PNorm = 35.1511, GNorm = 0.5306, lr_0 = 9.6978e-04
Loss = 2.7488e-03, PNorm = 35.1523, GNorm = 0.3216, lr_0 = 9.6746e-04
Loss = 3.0933e-03, PNorm = 35.1541, GNorm = 0.8242, lr_0 = 9.6514e-04
Loss = 2.2011e-03, PNorm = 35.1564, GNorm = 0.2168, lr_0 = 9.6283e-04
Loss = 2.0995e-03, PNorm = 35.1581, GNorm = 0.5038, lr_0 = 9.6052e-04
Loss = 2.2490e-03, PNorm = 35.1606, GNorm = 0.2723, lr_0 = 9.5822e-04
Loss = 1.6747e-03, PNorm = 35.1640, GNorm = 0.4944, lr_0 = 9.5593e-04
Loss = 1.8651e-03, PNorm = 35.1656, GNorm = 0.6539, lr_0 = 9.5364e-04
Validation mae = nan
Epoch 4
Loss = 1.7535e-03, PNorm = 35.1673, GNorm = 0.1647, lr_0 = 9.5135e-04
Loss = 2.1494e-03, PNorm = 35.1695, GNorm = 0.3251, lr_0 = 9.4908e-04
Loss = 1.6901e-03, PNorm = 35.1705, GNorm = 0.2670, lr_0 = 9.4680e-04
Loss = 1.6724e-03, PNorm = 35.1716, GNorm = 0.1941, lr_0 = 9.4454e-04
Loss = 1.7428e-03, PNorm = 35.1733, GNorm = 0.3614, lr_0 = 9.4227e-04
Loss = 1.3064e-03, PNorm = 35.1752, GNorm = 0.2378, lr_0 = 9.4002e-04
Loss = 1.1606e-03, PNorm = 35.1766, GNorm = 0.1611, lr_0 = 9.3777e-04
Loss = 1.5783e-03, PNorm = 35.1783, GNorm = 0.6533, lr_0 = 9.3552e-04
Loss = 1.2332e-03, PNorm = 35.1795, GNorm = 0.5008, lr_0 = 9.3328e-04
Loss = 1.1919e-03, PNorm = 35.1807, GNorm = 0.2173, lr_0 = 9.3105e-04
Validation mae = nan
Epoch 5
Loss = 1.2419e-03, PNorm = 35.1823, GNorm = 0.1621, lr_0 = 9.2859e-04
Loss = 1.4381e-03, PNorm = 35.1832, GNorm = 0.1674, lr_0 = 9.2637e-04
Loss = 1.3183e-03, PNorm = 35.1846, GNorm = 0.5246, lr_0 = 9.2415e-04
Loss = 1.6947e-03, PNorm = 35.1857, GNorm = 0.5359, lr_0 = 9.2194e-04
Loss = 1.7696e-03, PNorm = 35.1869, GNorm = 0.3838, lr_0 = 9.1973e-04
Loss = 1.5027e-03, PNorm = 35.1882, GNorm = 0.1156, lr_0 = 9.1753e-04
Loss = 2.2085e-03, PNorm = 35.1894, GNorm = 0.3345, lr_0 = 9.1533e-04
Loss = 1.7858e-03, PNorm = 35.1898, GNorm = 0.3070, lr_0 = 9.1314e-04
Loss = 1.5784e-03, PNorm = 35.1910, GNorm = 0.7087, lr_0 = 9.1095e-04
Validation mae = nan
Epoch 6
Loss = 1.2174e-03, PNorm = 35.1925, GNorm = 0.2344, lr_0 = 9.0855e-04
Loss = 3.6213e-03, PNorm = 35.1931, GNorm = 0.7372, lr_0 = 9.0638e-04
Loss = 2.3397e-03, PNorm = 35.1953, GNorm = 0.5109, lr_0 = 9.0421e-04
Loss = 1.3608e-03, PNorm = 35.1984, GNorm = 0.3888, lr_0 = 9.0204e-04
Loss = 1.4327e-03, PNorm = 35.2007, GNorm = 0.3342, lr_0 = 8.9988e-04
Loss = 1.2272e-03, PNorm = 35.2020, GNorm = 0.1040, lr_0 = 8.9773e-04
Loss = 1.5980e-03, PNorm = 35.2031, GNorm = 0.5214, lr_0 = 8.9558e-04
Loss = 1.5533e-03, PNorm = 35.2044, GNorm = 0.2199, lr_0 = 8.9343e-04
Loss = 1.7601e-03, PNorm = 35.2059, GNorm = 0.3288, lr_0 = 8.9129e-04
Loss = 1.3022e-03, PNorm = 35.2080, GNorm = 0.1419, lr_0 = 8.8916e-04
Validation mae = nan
Epoch 7
Loss = 1.2468e-03, PNorm = 35.2098, GNorm = 0.1169, lr_0 = 8.8682e-04
Loss = 1.2036e-03, PNorm = 35.2113, GNorm = 0.3238, lr_0 = 8.8469e-04
Loss = 1.3641e-03, PNorm = 35.2126, GNorm = 0.4349, lr_0 = 8.8258e-04
Loss = 1.1363e-03, PNorm = 35.2139, GNorm = 0.2743, lr_0 = 8.8046e-04
Loss = 1.2593e-03, PNorm = 35.2152, GNorm = 0.6102, lr_0 = 8.7835e-04
Loss = 1.1201e-03, PNorm = 35.2162, GNorm = 0.3413, lr_0 = 8.7625e-04
Loss = 1.1641e-03, PNorm = 35.2177, GNorm = 0.3966, lr_0 = 8.7415e-04
Loss = 1.2323e-03, PNorm = 35.2195, GNorm = 0.2946, lr_0 = 8.7206e-04
Loss = 1.7323e-03, PNorm = 35.2210, GNorm = 0.5172, lr_0 = 8.6997e-04
Loss = 1.1099e-03, PNorm = 35.2223, GNorm = 0.3313, lr_0 = 8.6789e-04
Validation mae = nan
Epoch 8
Loss = 9.9803e-04, PNorm = 35.2237, GNorm = 0.0834, lr_0 = 8.6581e-04
Loss = 9.3934e-04, PNorm = 35.2250, GNorm = 0.3282, lr_0 = 8.6374e-04
Loss = 9.2305e-04, PNorm = 35.2267, GNorm = 0.2527, lr_0 = 8.6167e-04
Loss = 7.6346e-04, PNorm = 35.2275, GNorm = 0.1105, lr_0 = 8.5960e-04
Loss = 7.7607e-04, PNorm = 35.2284, GNorm = 0.4094, lr_0 = 8.5755e-04
Loss = 8.9120e-04, PNorm = 35.2293, GNorm = 0.1872, lr_0 = 8.5549e-04
Loss = 1.2003e-03, PNorm = 35.2308, GNorm = 0.2307, lr_0 = 8.5344e-04
Loss = 9.1140e-04, PNorm = 35.2319, GNorm = 0.2298, lr_0 = 8.5140e-04
Loss = 6.6882e-04, PNorm = 35.2336, GNorm = 0.1136, lr_0 = 8.4936e-04
Loss = 9.3109e-04, PNorm = 35.2346, GNorm = 0.5277, lr_0 = 8.4733e-04
Validation mae = nan
Epoch 9
Loss = 7.9443e-04, PNorm = 35.2362, GNorm = 0.3592, lr_0 = 8.4509e-04
Loss = 1.0437e-03, PNorm = 35.2374, GNorm = 0.3751, lr_0 = 8.4307e-04
Loss = 9.8617e-04, PNorm = 35.2385, GNorm = 0.3638, lr_0 = 8.4105e-04
Loss = 1.5501e-03, PNorm = 35.2396, GNorm = 0.5231, lr_0 = 8.3904e-04
Loss = 8.3874e-04, PNorm = 35.2409, GNorm = 0.1813, lr_0 = 8.3703e-04
Loss = 7.5219e-04, PNorm = 35.2422, GNorm = 0.2913, lr_0 = 8.3502e-04
Loss = 9.0946e-04, PNorm = 35.2433, GNorm = 0.3048, lr_0 = 8.3303e-04
Loss = 8.2852e-04, PNorm = 35.2448, GNorm = 0.3467, lr_0 = 8.3103e-04
Loss = 1.2359e-03, PNorm = 35.2458, GNorm = 0.5015, lr_0 = 8.2904e-04
Loss = 9.6873e-04, PNorm = 35.2468, GNorm = 0.1248, lr_0 = 8.2705e-04
Validation mae = nan
Epoch 10
Loss = 1.5569e-03, PNorm = 35.2487, GNorm = 0.4318, lr_0 = 8.2488e-04
Loss = 7.2254e-04, PNorm = 35.2502, GNorm = 0.0698, lr_0 = 8.2290e-04
Loss = 5.6502e-04, PNorm = 35.2513, GNorm = 0.0815, lr_0 = 8.2093e-04
Loss = 5.9504e-04, PNorm = 35.2528, GNorm = 0.0994, lr_0 = 8.1896e-04
Loss = 8.3731e-04, PNorm = 35.2537, GNorm = 0.1990, lr_0 = 8.1700e-04
Loss = 6.0836e-04, PNorm = 35.2549, GNorm = 0.1656, lr_0 = 8.1505e-04
Loss = 7.2090e-04, PNorm = 35.2562, GNorm = 0.2324, lr_0 = 8.1310e-04
Loss = 5.9816e-04, PNorm = 35.2580, GNorm = 0.2704, lr_0 = 8.1115e-04
Loss = 7.7192e-04, PNorm = 35.2591, GNorm = 0.2663, lr_0 = 8.0921e-04
Loss = 8.8552e-04, PNorm = 35.2605, GNorm = 0.2420, lr_0 = 8.0727e-04
Loss = 9.9855e-04, PNorm = 35.2606, GNorm = 0.4807, lr_0 = 8.0707e-04
Validation mae = nan
Epoch 11
Loss = 1.0123e-03, PNorm = 35.2615, GNorm = 0.4184, lr_0 = 8.0514e-04
Loss = 1.3777e-03, PNorm = 35.2633, GNorm = 0.3027, lr_0 = 8.0321e-04
Loss = 9.4595e-04, PNorm = 35.2648, GNorm = 0.2311, lr_0 = 8.0129e-04
Loss = 6.3965e-04, PNorm = 35.2659, GNorm = 0.0708, lr_0 = 7.9937e-04
Loss = 5.1898e-04, PNorm = 35.2672, GNorm = 0.3074, lr_0 = 7.9746e-04
Loss = 6.4345e-04, PNorm = 35.2690, GNorm = 0.0599, lr_0 = 7.9555e-04
Loss = 4.4996e-04, PNorm = 35.2701, GNorm = 0.1350, lr_0 = 7.9364e-04
Loss = 3.8985e-04, PNorm = 35.2713, GNorm = 0.0865, lr_0 = 7.9174e-04
Loss = 4.6439e-04, PNorm = 35.2728, GNorm = 0.2420, lr_0 = 7.8985e-04
Validation mae = nan
Epoch 12
Loss = 8.0483e-04, PNorm = 35.2738, GNorm = 0.2551, lr_0 = 7.8796e-04
Loss = 5.9135e-04, PNorm = 35.2745, GNorm = 0.1857, lr_0 = 7.8607e-04
Loss = 5.7249e-04, PNorm = 35.2755, GNorm = 0.3356, lr_0 = 7.8419e-04
Loss = 9.1546e-04, PNorm = 35.2767, GNorm = 0.4515, lr_0 = 7.8231e-04
Loss = 9.0776e-04, PNorm = 35.2779, GNorm = 0.0691, lr_0 = 7.8043e-04
Loss = 8.7732e-04, PNorm = 35.2791, GNorm = 0.2258, lr_0 = 7.7857e-04
Loss = 6.0190e-04, PNorm = 35.2806, GNorm = 0.2285, lr_0 = 7.7670e-04
Loss = 5.6315e-04, PNorm = 35.2819, GNorm = 0.2485, lr_0 = 7.7484e-04
Loss = 7.7207e-04, PNorm = 35.2830, GNorm = 0.2656, lr_0 = 7.7299e-04
Loss = 8.6025e-04, PNorm = 35.2841, GNorm = 0.2442, lr_0 = 7.7113e-04
Validation mae = nan
Epoch 13
Loss = 1.5823e-03, PNorm = 35.2851, GNorm = 0.3429, lr_0 = 7.6910e-04
Loss = 1.8009e-03, PNorm = 35.2869, GNorm = 0.6222, lr_0 = 7.6726e-04
Loss = 1.6314e-03, PNorm = 35.2883, GNorm = 0.3252, lr_0 = 7.6542e-04
Loss = 1.0380e-03, PNorm = 35.2902, GNorm = 0.2285, lr_0 = 7.6359e-04
Loss = 9.2315e-04, PNorm = 35.2915, GNorm = 0.2009, lr_0 = 7.6176e-04
Loss = 8.5728e-04, PNorm = 35.2923, GNorm = 0.3850, lr_0 = 7.5994e-04
Loss = 9.7452e-04, PNorm = 35.2935, GNorm = 0.5254, lr_0 = 7.5812e-04
Loss = 9.9749e-04, PNorm = 35.2954, GNorm = 0.2739, lr_0 = 7.5630e-04
Loss = 7.1325e-04, PNorm = 35.2970, GNorm = 0.1895, lr_0 = 7.5449e-04
Loss = 6.7107e-04, PNorm = 35.2983, GNorm = 0.2053, lr_0 = 7.5269e-04
Validation mae = nan
Epoch 14
Loss = 1.0725e-03, PNorm = 35.2992, GNorm = 0.1515, lr_0 = 7.5070e-04
Loss = 8.0460e-04, PNorm = 35.3013, GNorm = 0.1777, lr_0 = 7.4891e-04
Loss = 4.7246e-04, PNorm = 35.3024, GNorm = 0.0631, lr_0 = 7.4711e-04
Loss = 6.7757e-04, PNorm = 35.3035, GNorm = 0.3215, lr_0 = 7.4532e-04
Loss = 5.7390e-04, PNorm = 35.3052, GNorm = 0.2439, lr_0 = 7.4354e-04
Loss = 6.5428e-04, PNorm = 35.3061, GNorm = 0.1393, lr_0 = 7.4176e-04
Loss = 8.4832e-04, PNorm = 35.3077, GNorm = 0.2668, lr_0 = 7.3998e-04
Loss = 3.9656e-04, PNorm = 35.3088, GNorm = 0.1435, lr_0 = 7.3821e-04
Loss = 4.6240e-04, PNorm = 35.3095, GNorm = 0.2449, lr_0 = 7.3644e-04
Loss = 4.4309e-04, PNorm = 35.3106, GNorm = 0.1339, lr_0 = 7.3468e-04
Validation mae = nan
Epoch 15
Loss = 3.2237e-04, PNorm = 35.3118, GNorm = 0.1724, lr_0 = 7.3274e-04
Loss = 4.5942e-04, PNorm = 35.3119, GNorm = 0.1293, lr_0 = 7.3099e-04
Loss = 3.9513e-04, PNorm = 35.3125, GNorm = 0.1118, lr_0 = 7.2924e-04
Loss = 4.2745e-04, PNorm = 35.3133, GNorm = 0.1137, lr_0 = 7.2749e-04
Loss = 3.9521e-04, PNorm = 35.3148, GNorm = 0.1202, lr_0 = 7.2575e-04
Loss = 3.7029e-04, PNorm = 35.3162, GNorm = 0.0959, lr_0 = 7.2401e-04
Loss = 3.6592e-04, PNorm = 35.3175, GNorm = 0.0982, lr_0 = 7.2228e-04
Loss = 5.9800e-04, PNorm = 35.3184, GNorm = 0.1933, lr_0 = 7.2055e-04
Loss = 7.3776e-04, PNorm = 35.3198, GNorm = 0.2082, lr_0 = 7.1882e-04
Loss = 5.7303e-04, PNorm = 35.3215, GNorm = 0.1927, lr_0 = 7.1710e-04
Validation mae = nan
Epoch 16
Loss = 6.6905e-04, PNorm = 35.3228, GNorm = 0.3225, lr_0 = 7.1538e-04
Loss = 4.6541e-04, PNorm = 35.3238, GNorm = 0.2979, lr_0 = 7.1367e-04
Loss = 6.0957e-04, PNorm = 35.3246, GNorm = 0.3441, lr_0 = 7.1196e-04
Loss = 6.8196e-04, PNorm = 35.3249, GNorm = 0.0933, lr_0 = 7.1026e-04
Loss = 4.8209e-04, PNorm = 35.3260, GNorm = 0.1561, lr_0 = 7.0856e-04
Loss = 5.3889e-04, PNorm = 35.3276, GNorm = 0.2621, lr_0 = 7.0686e-04
Loss = 3.9908e-04, PNorm = 35.3286, GNorm = 0.1763, lr_0 = 7.0517e-04
Loss = 5.1440e-04, PNorm = 35.3292, GNorm = 0.4650, lr_0 = 7.0348e-04
Loss = 5.0694e-04, PNorm = 35.3304, GNorm = 0.0756, lr_0 = 7.0179e-04
Loss = 5.8750e-04, PNorm = 35.3315, GNorm = 0.4511, lr_0 = 7.0011e-04
Loss = 5.9502e-04, PNorm = 35.3317, GNorm = 0.2324, lr_0 = 6.9995e-04
Validation mae = nan
Epoch 17
Loss = 5.2518e-04, PNorm = 35.3330, GNorm = 0.2096, lr_0 = 6.9827e-04
Loss = 4.4882e-04, PNorm = 35.3342, GNorm = 0.2793, lr_0 = 6.9660e-04
Loss = 3.8520e-04, PNorm = 35.3355, GNorm = 0.0801, lr_0 = 6.9493e-04
Loss = 8.5776e-04, PNorm = 35.3366, GNorm = 0.5367, lr_0 = 6.9327e-04
Loss = 1.0116e-03, PNorm = 35.3382, GNorm = 0.3976, lr_0 = 6.9161e-04
Loss = 6.2509e-04, PNorm = 35.3393, GNorm = 0.0777, lr_0 = 6.8995e-04
Loss = 4.0584e-04, PNorm = 35.3405, GNorm = 0.1079, lr_0 = 6.8830e-04
Loss = 3.9824e-04, PNorm = 35.3419, GNorm = 0.1551, lr_0 = 6.8665e-04
Loss = 5.4899e-04, PNorm = 35.3432, GNorm = 0.0683, lr_0 = 6.8500e-04
Validation mae = nan
Epoch 18
Loss = 1.2695e-03, PNorm = 35.3442, GNorm = 0.5585, lr_0 = 6.8320e-04
Loss = 7.5102e-04, PNorm = 35.3458, GNorm = 0.2235, lr_0 = 6.8156e-04
Loss = 5.3296e-04, PNorm = 35.3468, GNorm = 0.3663, lr_0 = 6.7993e-04
Loss = 5.3140e-04, PNorm = 35.3475, GNorm = 0.3278, lr_0 = 6.7830e-04
Loss = 3.6320e-04, PNorm = 35.3489, GNorm = 0.0671, lr_0 = 6.7668e-04
Loss = 3.3284e-04, PNorm = 35.3510, GNorm = 0.0927, lr_0 = 6.7506e-04
Loss = 2.6251e-04, PNorm = 35.3527, GNorm = 0.0322, lr_0 = 6.7344e-04
Loss = 4.0964e-04, PNorm = 35.3540, GNorm = 0.2671, lr_0 = 6.7183e-04
Loss = 4.6786e-04, PNorm = 35.3554, GNorm = 0.1756, lr_0 = 6.7022e-04
Loss = 8.0739e-04, PNorm = 35.3568, GNorm = 0.3867, lr_0 = 6.6862e-04
Validation mae = nan
Epoch 19
Loss = 9.5282e-04, PNorm = 35.3577, GNorm = 0.4678, lr_0 = 6.6686e-04
Loss = 5.4658e-04, PNorm = 35.3585, GNorm = 0.2217, lr_0 = 6.6526e-04
Loss = 5.6008e-04, PNorm = 35.3597, GNorm = 0.2473, lr_0 = 6.6367e-04
Loss = 4.2273e-04, PNorm = 35.3603, GNorm = 0.2258, lr_0 = 6.6208e-04
Loss = 4.9966e-04, PNorm = 35.3615, GNorm = 0.2835, lr_0 = 6.6049e-04
Loss = 6.3159e-04, PNorm = 35.3630, GNorm = 0.1269, lr_0 = 6.5891e-04
Loss = 5.1501e-04, PNorm = 35.3645, GNorm = 0.1162, lr_0 = 6.5733e-04
Loss = 3.8068e-04, PNorm = 35.3653, GNorm = 0.2922, lr_0 = 6.5576e-04
Loss = 4.7902e-04, PNorm = 35.3664, GNorm = 0.0992, lr_0 = 6.5419e-04
Loss = 4.0335e-04, PNorm = 35.3674, GNorm = 0.1892, lr_0 = 6.5262e-04
Validation mae = nan
Epoch 20
Loss = 4.3093e-04, PNorm = 35.3687, GNorm = 0.2480, lr_0 = 6.5106e-04
Loss = 3.7172e-04, PNorm = 35.3700, GNorm = 0.1628, lr_0 = 6.4950e-04
Loss = 3.8067e-04, PNorm = 35.3706, GNorm = 0.1734, lr_0 = 6.4794e-04
Loss = 4.7365e-04, PNorm = 35.3715, GNorm = 0.1460, lr_0 = 6.4639e-04
Loss = 2.8623e-04, PNorm = 35.3724, GNorm = 0.0817, lr_0 = 6.4484e-04
Loss = 2.1435e-04, PNorm = 35.3734, GNorm = 0.1316, lr_0 = 6.4330e-04
Loss = 2.5875e-04, PNorm = 35.3745, GNorm = 0.1229, lr_0 = 6.4176e-04
Loss = 3.3787e-04, PNorm = 35.3753, GNorm = 0.2362, lr_0 = 6.4022e-04
Loss = 4.1263e-04, PNorm = 35.3761, GNorm = 0.1962, lr_0 = 6.3869e-04
Loss = 3.9974e-04, PNorm = 35.3767, GNorm = 0.2210, lr_0 = 6.3716e-04
Validation mae = nan
Epoch 21
Loss = 4.8778e-04, PNorm = 35.3776, GNorm = 0.1698, lr_0 = 6.3548e-04
Loss = 5.2113e-04, PNorm = 35.3785, GNorm = 0.3991, lr_0 = 6.3396e-04
Loss = 5.5639e-04, PNorm = 35.3795, GNorm = 0.2375, lr_0 = 6.3244e-04
Loss = 5.4329e-04, PNorm = 35.3807, GNorm = 0.2080, lr_0 = 6.3093e-04
Loss = 7.0040e-04, PNorm = 35.3817, GNorm = 0.2124, lr_0 = 6.2942e-04
Loss = 1.3351e-03, PNorm = 35.3833, GNorm = 0.2876, lr_0 = 6.2791e-04
Loss = 9.1476e-04, PNorm = 35.3850, GNorm = 0.3450, lr_0 = 6.2641e-04
Loss = 6.9583e-04, PNorm = 35.3866, GNorm = 0.3502, lr_0 = 6.2491e-04
Loss = 1.1578e-03, PNorm = 35.3873, GNorm = 0.3562, lr_0 = 6.2341e-04
Loss = 1.3857e-03, PNorm = 35.3891, GNorm = 0.6478, lr_0 = 6.2192e-04
Validation mae = nan
Epoch 22
Loss = 1.5391e-03, PNorm = 35.3915, GNorm = 0.6050, lr_0 = 6.2028e-04
Loss = 7.0077e-04, PNorm = 35.3935, GNorm = 0.3705, lr_0 = 6.1879e-04
Loss = 9.2215e-04, PNorm = 35.3953, GNorm = 0.3461, lr_0 = 6.1731e-04
Loss = 1.1214e-03, PNorm = 35.3963, GNorm = 0.6193, lr_0 = 6.1583e-04
Loss = 1.0818e-03, PNorm = 35.3974, GNorm = 0.1751, lr_0 = 6.1436e-04
Loss = 7.2235e-04, PNorm = 35.3995, GNorm = 0.1341, lr_0 = 6.1289e-04
Loss = 8.7539e-04, PNorm = 35.4013, GNorm = 0.2747, lr_0 = 6.1142e-04
Loss = 9.8664e-04, PNorm = 35.4027, GNorm = 0.2020, lr_0 = 6.0995e-04
Loss = 5.5009e-04, PNorm = 35.4038, GNorm = 0.2064, lr_0 = 6.0849e-04
Validation mae = nan
Epoch 23
Loss = 4.3546e-04, PNorm = 35.4050, GNorm = 0.1681, lr_0 = 6.0689e-04
Loss = 5.1420e-04, PNorm = 35.4066, GNorm = 0.1842, lr_0 = 6.0544e-04
Loss = 4.6948e-04, PNorm = 35.4076, GNorm = 0.2786, lr_0 = 6.0399e-04
Loss = 4.7303e-04, PNorm = 35.4085, GNorm = 0.1848, lr_0 = 6.0254e-04
Loss = 3.6255e-04, PNorm = 35.4101, GNorm = 0.2067, lr_0 = 6.0110e-04
Loss = 3.4693e-04, PNorm = 35.4111, GNorm = 0.0423, lr_0 = 5.9966e-04
Loss = 4.4095e-04, PNorm = 35.4116, GNorm = 0.2292, lr_0 = 5.9822e-04
Loss = 2.7036e-04, PNorm = 35.4124, GNorm = 0.1413, lr_0 = 5.9679e-04
Loss = 4.1012e-04, PNorm = 35.4130, GNorm = 0.1824, lr_0 = 5.9536e-04
Loss = 4.2277e-04, PNorm = 35.4143, GNorm = 0.2899, lr_0 = 5.9394e-04
Validation mae = nan
Epoch 24
Loss = 4.6506e-04, PNorm = 35.4152, GNorm = 0.0769, lr_0 = 5.9251e-04
Loss = 4.5689e-04, PNorm = 35.4160, GNorm = 0.1445, lr_0 = 5.9110e-04
Loss = 5.1985e-04, PNorm = 35.4163, GNorm = 0.2263, lr_0 = 5.8968e-04
Loss = 5.7125e-04, PNorm = 35.4170, GNorm = 0.1611, lr_0 = 5.8827e-04
Loss = 8.9946e-04, PNorm = 35.4173, GNorm = 0.3669, lr_0 = 5.8686e-04
Loss = 5.4581e-04, PNorm = 35.4179, GNorm = 0.2354, lr_0 = 5.8545e-04
Loss = 4.0256e-04, PNorm = 35.4185, GNorm = 0.1331, lr_0 = 5.8405e-04
Loss = 5.3487e-04, PNorm = 35.4194, GNorm = 0.0820, lr_0 = 5.8265e-04
Loss = 4.4965e-04, PNorm = 35.4204, GNorm = 0.1692, lr_0 = 5.8126e-04
Loss = 3.9189e-04, PNorm = 35.4210, GNorm = 0.1689, lr_0 = 5.7987e-04
Validation mae = nan
Epoch 25
Loss = 4.0572e-04, PNorm = 35.4212, GNorm = 0.1524, lr_0 = 5.7834e-04
Loss = 3.7629e-04, PNorm = 35.4218, GNorm = 0.1009, lr_0 = 5.7695e-04
Loss = 3.8231e-04, PNorm = 35.4226, GNorm = 0.2032, lr_0 = 5.7557e-04
Loss = 3.8049e-04, PNorm = 35.4233, GNorm = 0.1156, lr_0 = 5.7419e-04
Loss = 3.0076e-04, PNorm = 35.4246, GNorm = 0.1294, lr_0 = 5.7282e-04
Loss = 2.5211e-04, PNorm = 35.4257, GNorm = 0.0986, lr_0 = 5.7145e-04
Loss = 3.4216e-04, PNorm = 35.4266, GNorm = 0.1762, lr_0 = 5.7008e-04
Loss = 2.7598e-04, PNorm = 35.4272, GNorm = 0.0899, lr_0 = 5.6871e-04
Loss = 3.5355e-04, PNorm = 35.4278, GNorm = 0.2544, lr_0 = 5.6735e-04
Loss = 4.6270e-04, PNorm = 35.4281, GNorm = 0.0854, lr_0 = 5.6599e-04
Validation mae = nan
Epoch 26
Loss = 4.1733e-04, PNorm = 35.4290, GNorm = 0.1295, lr_0 = 5.6450e-04
Loss = 4.3163e-04, PNorm = 35.4295, GNorm = 0.1951, lr_0 = 5.6315e-04
Loss = 5.4492e-04, PNorm = 35.4301, GNorm = 0.3675, lr_0 = 5.6180e-04
Loss = 8.0829e-04, PNorm = 35.4309, GNorm = 0.2911, lr_0 = 5.6046e-04
Loss = 4.1597e-04, PNorm = 35.4319, GNorm = 0.3187, lr_0 = 5.5911e-04
Loss = 5.1085e-04, PNorm = 35.4330, GNorm = 0.1966, lr_0 = 5.5778e-04
Loss = 5.1936e-04, PNorm = 35.4339, GNorm = 0.0462, lr_0 = 5.5644e-04
Loss = 5.8259e-04, PNorm = 35.4341, GNorm = 0.3039, lr_0 = 5.5511e-04
Loss = 4.5039e-04, PNorm = 35.4347, GNorm = 0.2187, lr_0 = 5.5378e-04
Loss = 5.1006e-04, PNorm = 35.4358, GNorm = 0.2214, lr_0 = 5.5245e-04
Validation mae = nan
Epoch 27
Loss = 3.9767e-04, PNorm = 35.4371, GNorm = 0.0647, lr_0 = 5.5113e-04
Loss = 5.2467e-04, PNorm = 35.4385, GNorm = 0.1862, lr_0 = 5.4981e-04
Loss = 6.3848e-04, PNorm = 35.4386, GNorm = 0.2964, lr_0 = 5.4849e-04
Loss = 5.1024e-04, PNorm = 35.4386, GNorm = 0.1540, lr_0 = 5.4718e-04
Loss = 4.4164e-04, PNorm = 35.4400, GNorm = 0.0935, lr_0 = 5.4587e-04
Loss = 3.4079e-04, PNorm = 35.4416, GNorm = 0.1723, lr_0 = 5.4456e-04
Loss = 2.3454e-04, PNorm = 35.4427, GNorm = 0.1826, lr_0 = 5.4326e-04
Loss = 3.3704e-04, PNorm = 35.4434, GNorm = 0.1796, lr_0 = 5.4196e-04
Loss = 3.1825e-04, PNorm = 35.4442, GNorm = 0.2314, lr_0 = 5.4066e-04
Loss = 5.7263e-04, PNorm = 35.4447, GNorm = 0.2667, lr_0 = 5.3936e-04
Validation mae = nan
Epoch 28
Loss = 4.6234e-04, PNorm = 35.4451, GNorm = 0.1434, lr_0 = 5.3794e-04
Loss = 4.9073e-04, PNorm = 35.4461, GNorm = 0.3179, lr_0 = 5.3666e-04
Loss = 3.4595e-04, PNorm = 35.4471, GNorm = 0.0889, lr_0 = 5.3537e-04
Loss = 2.8201e-04, PNorm = 35.4479, GNorm = 0.2018, lr_0 = 5.3409e-04
Loss = 3.8312e-04, PNorm = 35.4488, GNorm = 0.1657, lr_0 = 5.3281e-04
Loss = 5.1079e-04, PNorm = 35.4487, GNorm = 0.3027, lr_0 = 5.3153e-04
Loss = 5.6258e-04, PNorm = 35.4496, GNorm = 0.2339, lr_0 = 5.3026e-04
Loss = 7.0826e-04, PNorm = 35.4510, GNorm = 0.1913, lr_0 = 5.2899e-04
Loss = 4.8995e-04, PNorm = 35.4517, GNorm = 0.0816, lr_0 = 5.2772e-04
Validation mae = nan
Epoch 29
Loss = 5.6284e-04, PNorm = 35.4525, GNorm = 0.2463, lr_0 = 5.2633e-04
Loss = 8.8838e-04, PNorm = 35.4537, GNorm = 0.3300, lr_0 = 5.2507e-04
Loss = 8.8334e-04, PNorm = 35.4556, GNorm = 0.1203, lr_0 = 5.2382e-04
Loss = 5.9579e-04, PNorm = 35.4569, GNorm = 0.1410, lr_0 = 5.2256e-04
Loss = 6.4582e-04, PNorm = 35.4582, GNorm = 0.1806, lr_0 = 5.2131e-04
Loss = 4.6245e-04, PNorm = 35.4595, GNorm = 0.1693, lr_0 = 5.2006e-04
Loss = 4.2622e-04, PNorm = 35.4603, GNorm = 0.1952, lr_0 = 5.1882e-04
Loss = 3.0065e-04, PNorm = 35.4613, GNorm = 0.0921, lr_0 = 5.1758e-04
Loss = 2.8238e-04, PNorm = 35.4620, GNorm = 0.2009, lr_0 = 5.1634e-04
Loss = 2.8024e-04, PNorm = 35.4630, GNorm = 0.0806, lr_0 = 5.1510e-04
Validation mae = nan
Epoch 30
Loss = 2.6549e-04, PNorm = 35.4636, GNorm = 0.1741, lr_0 = 5.1374e-04
Loss = 2.2593e-04, PNorm = 35.4640, GNorm = 0.1294, lr_0 = 5.1251e-04
Loss = 2.1576e-04, PNorm = 35.4646, GNorm = 0.1530, lr_0 = 5.1129e-04
Loss = 2.7774e-04, PNorm = 35.4651, GNorm = 0.0984, lr_0 = 5.1006e-04
Loss = 2.7269e-04, PNorm = 35.4656, GNorm = 0.1459, lr_0 = 5.0884e-04
Loss = 2.5260e-04, PNorm = 35.4662, GNorm = 0.1585, lr_0 = 5.0762e-04
Loss = 2.6560e-04, PNorm = 35.4668, GNorm = 0.1842, lr_0 = 5.0641e-04
Loss = 1.8623e-04, PNorm = 35.4674, GNorm = 0.0832, lr_0 = 5.0519e-04
Loss = 2.1941e-04, PNorm = 35.4684, GNorm = 0.0835, lr_0 = 5.0398e-04
Loss = 1.7778e-04, PNorm = 35.4694, GNorm = 0.0834, lr_0 = 5.0278e-04
Validation mae = nan
Epoch 31
Loss = 1.8307e-04, PNorm = 35.4702, GNorm = 0.0405, lr_0 = 5.0157e-04
Loss = 1.7691e-04, PNorm = 35.4712, GNorm = 0.0915, lr_0 = 5.0037e-04
Loss = 1.3713e-04, PNorm = 35.4720, GNorm = 0.0508, lr_0 = 4.9917e-04
Loss = 1.5519e-04, PNorm = 35.4727, GNorm = 0.0728, lr_0 = 4.9798e-04
Loss = 2.1341e-04, PNorm = 35.4735, GNorm = 0.1112, lr_0 = 4.9678e-04
Loss = 2.2917e-04, PNorm = 35.4736, GNorm = 0.1383, lr_0 = 4.9560e-04
Loss = 3.3062e-04, PNorm = 35.4744, GNorm = 0.1277, lr_0 = 4.9441e-04
Loss = 2.2597e-04, PNorm = 35.4747, GNorm = 0.0471, lr_0 = 4.9322e-04
Loss = 1.7688e-04, PNorm = 35.4752, GNorm = 0.0846, lr_0 = 4.9204e-04
Loss = 2.9297e-04, PNorm = 35.4760, GNorm = 0.0812, lr_0 = 4.9087e-04
Validation mae = nan
Epoch 32
Loss = 4.7834e-04, PNorm = 35.4768, GNorm = 0.1588, lr_0 = 4.8957e-04
Loss = 3.6038e-04, PNorm = 35.4775, GNorm = 0.1772, lr_0 = 4.8840e-04
Loss = 3.8255e-04, PNorm = 35.4785, GNorm = 0.0712, lr_0 = 4.8723e-04
Loss = 3.3517e-04, PNorm = 35.4799, GNorm = 0.1841, lr_0 = 4.8606e-04
Loss = 2.9575e-04, PNorm = 35.4811, GNorm = 0.0520, lr_0 = 4.8490e-04
Loss = 2.9244e-04, PNorm = 35.4818, GNorm = 0.1227, lr_0 = 4.8374e-04
Loss = 2.4349e-04, PNorm = 35.4825, GNorm = 0.1024, lr_0 = 4.8258e-04
Loss = 1.9003e-04, PNorm = 35.4834, GNorm = 0.0663, lr_0 = 4.8142e-04
Loss = 1.4266e-04, PNorm = 35.4842, GNorm = 0.0351, lr_0 = 4.8027e-04
Loss = 1.6539e-04, PNorm = 35.4847, GNorm = 0.1250, lr_0 = 4.7912e-04
Validation mae = nan
Epoch 33
Loss = 3.0075e-04, PNorm = 35.4850, GNorm = 0.1169, lr_0 = 4.7786e-04
Loss = 3.5615e-04, PNorm = 35.4852, GNorm = 0.1154, lr_0 = 4.7672e-04
Loss = 1.8562e-04, PNorm = 35.4855, GNorm = 0.0420, lr_0 = 4.7557e-04
Loss = 2.4205e-04, PNorm = 35.4865, GNorm = 0.1210, lr_0 = 4.7443e-04
Loss = 2.8027e-04, PNorm = 35.4873, GNorm = 0.0789, lr_0 = 4.7330e-04
Loss = 2.3849e-04, PNorm = 35.4875, GNorm = 0.0997, lr_0 = 4.7217e-04
Loss = 2.5940e-04, PNorm = 35.4879, GNorm = 0.1172, lr_0 = 4.7103e-04
Loss = 1.8896e-04, PNorm = 35.4880, GNorm = 0.1322, lr_0 = 4.6991e-04
Loss = 2.2872e-04, PNorm = 35.4888, GNorm = 0.0970, lr_0 = 4.6878e-04
Loss = 2.4606e-04, PNorm = 35.4895, GNorm = 0.1373, lr_0 = 4.6766e-04
Loss = 1.4744e-04, PNorm = 35.4895, GNorm = 0.1180, lr_0 = 4.6755e-04
Validation mae = nan
Epoch 34
Loss = 3.9753e-04, PNorm = 35.4895, GNorm = 0.2403, lr_0 = 4.6643e-04
Loss = 2.8905e-04, PNorm = 35.4901, GNorm = 0.1307, lr_0 = 4.6531e-04
Loss = 1.9108e-04, PNorm = 35.4912, GNorm = 0.0697, lr_0 = 4.6420e-04
Loss = 2.7392e-04, PNorm = 35.4918, GNorm = 0.1434, lr_0 = 4.6308e-04
Loss = 2.3394e-04, PNorm = 35.4921, GNorm = 0.0454, lr_0 = 4.6198e-04
Loss = 2.0331e-04, PNorm = 35.4924, GNorm = 0.1146, lr_0 = 4.6087e-04
Loss = 2.0880e-04, PNorm = 35.4927, GNorm = 0.1421, lr_0 = 4.5977e-04
Loss = 2.8118e-04, PNorm = 35.4929, GNorm = 0.0609, lr_0 = 4.5866e-04
Loss = 1.4600e-04, PNorm = 35.4931, GNorm = 0.1255, lr_0 = 4.5757e-04
Validation mae = nan
Epoch 35
Loss = 1.2808e-04, PNorm = 35.4941, GNorm = 0.0883, lr_0 = 4.5647e-04
Loss = 2.2635e-04, PNorm = 35.4945, GNorm = 0.1764, lr_0 = 4.5538e-04
Loss = 2.3440e-04, PNorm = 35.4951, GNorm = 0.1596, lr_0 = 4.5429e-04
Loss = 3.6062e-04, PNorm = 35.4959, GNorm = 0.3842, lr_0 = 4.5320e-04
Loss = 6.0748e-04, PNorm = 35.4963, GNorm = 0.1150, lr_0 = 4.5211e-04
Loss = 7.6261e-04, PNorm = 35.4971, GNorm = 0.3165, lr_0 = 4.5103e-04
Loss = 5.3526e-04, PNorm = 35.4986, GNorm = 0.2088, lr_0 = 4.4995e-04
Loss = 8.0199e-04, PNorm = 35.5002, GNorm = 0.2119, lr_0 = 4.4887e-04
Loss = 5.6010e-04, PNorm = 35.5015, GNorm = 0.0536, lr_0 = 4.4780e-04
Loss = 3.4506e-04, PNorm = 35.5023, GNorm = 0.1049, lr_0 = 4.4673e-04
Validation mae = nan
Epoch 36
Loss = 4.7925e-04, PNorm = 35.5028, GNorm = 0.2528, lr_0 = 4.4555e-04
Loss = 4.5258e-04, PNorm = 35.5033, GNorm = 0.2525, lr_0 = 4.4448e-04
Loss = 4.9425e-04, PNorm = 35.5040, GNorm = 0.1325, lr_0 = 4.4342e-04
Loss = 5.9445e-04, PNorm = 35.5048, GNorm = 0.0778, lr_0 = 4.4236e-04
Loss = 4.1304e-04, PNorm = 35.5061, GNorm = 0.1063, lr_0 = 4.4130e-04
Loss = 5.2429e-04, PNorm = 35.5073, GNorm = 0.2366, lr_0 = 4.4024e-04
Loss = 5.3099e-04, PNorm = 35.5087, GNorm = 0.3361, lr_0 = 4.3919e-04
Loss = 5.8028e-04, PNorm = 35.5098, GNorm = 0.2004, lr_0 = 4.3813e-04
Loss = 4.1001e-04, PNorm = 35.5107, GNorm = 0.0571, lr_0 = 4.3709e-04
Loss = 2.8364e-04, PNorm = 35.5113, GNorm = 0.0988, lr_0 = 4.3604e-04
Validation mae = nan
Epoch 37
Loss = 2.3850e-04, PNorm = 35.5121, GNorm = 0.1620, lr_0 = 4.3489e-04
Loss = 2.0574e-04, PNorm = 35.5133, GNorm = 0.0779, lr_0 = 4.3385e-04
Loss = 1.7044e-04, PNorm = 35.5141, GNorm = 0.0598, lr_0 = 4.3281e-04
Loss = 3.1032e-04, PNorm = 35.5142, GNorm = 0.2652, lr_0 = 4.3177e-04
Loss = 5.1181e-04, PNorm = 35.5141, GNorm = 0.3138, lr_0 = 4.3074e-04
Loss = 4.5805e-04, PNorm = 35.5154, GNorm = 0.1356, lr_0 = 4.2971e-04
Loss = 2.9311e-04, PNorm = 35.5163, GNorm = 0.2230, lr_0 = 4.2868e-04
Loss = 3.0430e-04, PNorm = 35.5178, GNorm = 0.1451, lr_0 = 4.2765e-04
Loss = 1.7727e-04, PNorm = 35.5187, GNorm = 0.0439, lr_0 = 4.2663e-04
Loss = 1.8597e-04, PNorm = 35.5195, GNorm = 0.0419, lr_0 = 4.2561e-04
Validation mae = nan
Epoch 38
Loss = 1.7383e-04, PNorm = 35.5203, GNorm = 0.1206, lr_0 = 4.2449e-04
Loss = 2.1111e-04, PNorm = 35.5207, GNorm = 0.1025, lr_0 = 4.2347e-04
Loss = 3.6848e-04, PNorm = 35.5216, GNorm = 0.1454, lr_0 = 4.2246e-04
Loss = 2.4568e-04, PNorm = 35.5216, GNorm = 0.1298, lr_0 = 4.2144e-04
Loss = 2.2610e-04, PNorm = 35.5220, GNorm = 0.2245, lr_0 = 4.2043e-04
Loss = 2.7639e-04, PNorm = 35.5224, GNorm = 0.1473, lr_0 = 4.1943e-04
Loss = 2.3018e-04, PNorm = 35.5229, GNorm = 0.0811, lr_0 = 4.1842e-04
Loss = 2.2485e-04, PNorm = 35.5236, GNorm = 0.0951, lr_0 = 4.1742e-04
Loss = 2.2488e-04, PNorm = 35.5241, GNorm = 0.1335, lr_0 = 4.1642e-04
Loss = 2.4449e-04, PNorm = 35.5248, GNorm = 0.1826, lr_0 = 4.1542e-04
Validation mae = nan
Epoch 39
Loss = 3.4500e-04, PNorm = 35.5257, GNorm = 0.0740, lr_0 = 4.1443e-04
Loss = 3.8002e-04, PNorm = 35.5269, GNorm = 0.0571, lr_0 = 4.1344e-04
Loss = 3.2930e-04, PNorm = 35.5276, GNorm = 0.1812, lr_0 = 4.1245e-04
Loss = 4.1813e-04, PNorm = 35.5279, GNorm = 0.2743, lr_0 = 4.1146e-04
Loss = 4.6778e-04, PNorm = 35.5280, GNorm = 0.2782, lr_0 = 4.1047e-04
Loss = 6.3769e-04, PNorm = 35.5285, GNorm = 0.1273, lr_0 = 4.0949e-04
Loss = 3.2366e-04, PNorm = 35.5289, GNorm = 0.0314, lr_0 = 4.0851e-04
Loss = 2.8545e-04, PNorm = 35.5295, GNorm = 0.2253, lr_0 = 4.0753e-04
Loss = 2.3734e-04, PNorm = 35.5302, GNorm = 0.0575, lr_0 = 4.0656e-04
Loss = 1.4207e-04, PNorm = 35.5308, GNorm = 0.0494, lr_0 = 4.0558e-04
Loss = 1.6219e-04, PNorm = 35.5309, GNorm = 0.1018, lr_0 = 4.0549e-04
Validation mae = nan
Epoch 40
Loss = 3.0396e-04, PNorm = 35.5314, GNorm = 0.0607, lr_0 = 4.0451e-04
Loss = 2.6072e-04, PNorm = 35.5317, GNorm = 0.0776, lr_0 = 4.0355e-04
Loss = 2.1751e-04, PNorm = 35.5320, GNorm = 0.2323, lr_0 = 4.0258e-04
Loss = 2.7589e-04, PNorm = 35.5327, GNorm = 0.1149, lr_0 = 4.0162e-04
Loss = 2.5195e-04, PNorm = 35.5337, GNorm = 0.1323, lr_0 = 4.0065e-04
Loss = 1.9438e-04, PNorm = 35.5347, GNorm = 0.1193, lr_0 = 3.9969e-04
Loss = 2.7848e-04, PNorm = 35.5357, GNorm = 0.1506, lr_0 = 3.9874e-04
Loss = 2.3352e-04, PNorm = 35.5365, GNorm = 0.2020, lr_0 = 3.9778e-04
Loss = 2.2816e-04, PNorm = 35.5373, GNorm = 0.1465, lr_0 = 3.9683e-04
Validation mae = nan
Epoch 41
Loss = 1.9641e-04, PNorm = 35.5379, GNorm = 0.0486, lr_0 = 3.9579e-04
Loss = 1.1869e-04, PNorm = 35.5381, GNorm = 0.1660, lr_0 = 3.9484e-04
Loss = 1.5192e-04, PNorm = 35.5380, GNorm = 0.0472, lr_0 = 3.9389e-04
Loss = 1.4563e-04, PNorm = 35.5386, GNorm = 0.0864, lr_0 = 3.9295e-04
Loss = 1.1711e-04, PNorm = 35.5391, GNorm = 0.0575, lr_0 = 3.9201e-04
Loss = 1.5153e-04, PNorm = 35.5396, GNorm = 0.0910, lr_0 = 3.9107e-04
Loss = 1.2254e-04, PNorm = 35.5402, GNorm = 0.0398, lr_0 = 3.9013e-04
Loss = 1.7628e-04, PNorm = 35.5408, GNorm = 0.1033, lr_0 = 3.8920e-04
Loss = 2.0412e-04, PNorm = 35.5415, GNorm = 0.0957, lr_0 = 3.8827e-04
Loss = 2.8391e-04, PNorm = 35.5418, GNorm = 0.0773, lr_0 = 3.8734e-04
Validation mae = nan
Epoch 42
Loss = 1.7311e-04, PNorm = 35.5425, GNorm = 0.1317, lr_0 = 3.8632e-04
Loss = 2.3572e-04, PNorm = 35.5429, GNorm = 0.1943, lr_0 = 3.8539e-04
Loss = 2.6774e-04, PNorm = 35.5435, GNorm = 0.2286, lr_0 = 3.8447e-04
Loss = 3.0061e-04, PNorm = 35.5437, GNorm = 0.0722, lr_0 = 3.8355e-04
Loss = 3.0114e-04, PNorm = 35.5446, GNorm = 0.1772, lr_0 = 3.8263e-04
Loss = 2.2058e-04, PNorm = 35.5454, GNorm = 0.1197, lr_0 = 3.8171e-04
Loss = 1.9908e-04, PNorm = 35.5460, GNorm = 0.0403, lr_0 = 3.8080e-04
Loss = 2.4979e-04, PNorm = 35.5467, GNorm = 0.1152, lr_0 = 3.7989e-04
Loss = 2.0632e-04, PNorm = 35.5472, GNorm = 0.1945, lr_0 = 3.7898e-04
Loss = 2.6748e-04, PNorm = 35.5476, GNorm = 0.2211, lr_0 = 3.7807e-04
Validation mae = nan
Epoch 43
Loss = 2.9269e-04, PNorm = 35.5480, GNorm = 0.1983, lr_0 = 3.7716e-04
Loss = 2.3291e-04, PNorm = 35.5485, GNorm = 0.1205, lr_0 = 3.7626e-04
Loss = 2.1548e-04, PNorm = 35.5488, GNorm = 0.1412, lr_0 = 3.7536e-04
Loss = 2.3508e-04, PNorm = 35.5494, GNorm = 0.0754, lr_0 = 3.7446e-04
Loss = 1.7431e-04, PNorm = 35.5502, GNorm = 0.0663, lr_0 = 3.7356e-04
Loss = 2.2032e-04, PNorm = 35.5510, GNorm = 0.1639, lr_0 = 3.7267e-04
Loss = 3.6756e-04, PNorm = 35.5518, GNorm = 0.1807, lr_0 = 3.7178e-04
Loss = 3.1901e-04, PNorm = 35.5522, GNorm = 0.1524, lr_0 = 3.7089e-04
Loss = 3.6243e-04, PNorm = 35.5525, GNorm = 0.1691, lr_0 = 3.7000e-04
Loss = 2.8258e-04, PNorm = 35.5536, GNorm = 0.1326, lr_0 = 3.6911e-04
Validation mae = nan
Epoch 44
Loss = 2.3534e-04, PNorm = 35.5545, GNorm = 0.0702, lr_0 = 3.6814e-04
Loss = 3.2020e-04, PNorm = 35.5548, GNorm = 0.1225, lr_0 = 3.6726e-04
Loss = 5.5066e-04, PNorm = 35.5547, GNorm = 0.3127, lr_0 = 3.6638e-04
Loss = 4.7647e-04, PNorm = 35.5556, GNorm = 0.1019, lr_0 = 3.6550e-04
Loss = 3.7131e-04, PNorm = 35.5558, GNorm = 0.1463, lr_0 = 3.6463e-04
Loss = 3.8032e-04, PNorm = 35.5565, GNorm = 0.0733, lr_0 = 3.6375e-04
Loss = 2.5262e-04, PNorm = 35.5568, GNorm = 0.1169, lr_0 = 3.6288e-04
Loss = 2.3159e-04, PNorm = 35.5577, GNorm = 0.0919, lr_0 = 3.6201e-04
Loss = 2.7093e-04, PNorm = 35.5585, GNorm = 0.2939, lr_0 = 3.6115e-04
Loss = 6.4207e-04, PNorm = 35.5591, GNorm = 0.2760, lr_0 = 3.6028e-04
Validation mae = nan
Epoch 45
Loss = 8.1725e-04, PNorm = 35.5607, GNorm = 0.2564, lr_0 = 3.5933e-04
Loss = 3.9172e-04, PNorm = 35.5623, GNorm = 0.1865, lr_0 = 3.5847e-04
Loss = 4.4793e-04, PNorm = 35.5634, GNorm = 0.1184, lr_0 = 3.5761e-04
Loss = 3.5970e-04, PNorm = 35.5645, GNorm = 0.1565, lr_0 = 3.5676e-04
Loss = 2.0994e-04, PNorm = 35.5650, GNorm = 0.0683, lr_0 = 3.5590e-04
Loss = 1.7305e-04, PNorm = 35.5655, GNorm = 0.0822, lr_0 = 3.5505e-04
Loss = 1.5573e-04, PNorm = 35.5662, GNorm = 0.0786, lr_0 = 3.5420e-04
Loss = 1.7645e-04, PNorm = 35.5667, GNorm = 0.0452, lr_0 = 3.5335e-04
Loss = 1.6813e-04, PNorm = 35.5675, GNorm = 0.0455, lr_0 = 3.5251e-04
Validation mae = nan
Epoch 46
Loss = 3.1918e-04, PNorm = 35.5678, GNorm = 0.1554, lr_0 = 3.5158e-04
Loss = 1.7634e-04, PNorm = 35.5682, GNorm = 0.0896, lr_0 = 3.5074e-04
Loss = 1.8073e-04, PNorm = 35.5688, GNorm = 0.1647, lr_0 = 3.4990e-04
Loss = 2.8288e-04, PNorm = 35.5696, GNorm = 0.0529, lr_0 = 3.4906e-04
Loss = 2.8956e-04, PNorm = 35.5700, GNorm = 0.0690, lr_0 = 3.4822e-04
Loss = 2.0534e-04, PNorm = 35.5702, GNorm = 0.1600, lr_0 = 3.4739e-04
Loss = 3.7591e-04, PNorm = 35.5711, GNorm = 0.2122, lr_0 = 3.4656e-04
Loss = 2.9286e-04, PNorm = 35.5715, GNorm = 0.1224, lr_0 = 3.4573e-04
Loss = 3.2974e-04, PNorm = 35.5722, GNorm = 0.2070, lr_0 = 3.4490e-04
Loss = 4.8303e-04, PNorm = 35.5734, GNorm = 0.1307, lr_0 = 3.4407e-04
Validation mae = nan
Epoch 47
Loss = 1.8636e-04, PNorm = 35.5745, GNorm = 0.0892, lr_0 = 3.4325e-04
Loss = 1.9124e-04, PNorm = 35.5753, GNorm = 0.1550, lr_0 = 3.4243e-04
Loss = 2.0999e-04, PNorm = 35.5760, GNorm = 0.1330, lr_0 = 3.4161e-04
Loss = 3.3793e-04, PNorm = 35.5763, GNorm = 0.0721, lr_0 = 3.4079e-04
Loss = 3.9572e-04, PNorm = 35.5769, GNorm = 0.1054, lr_0 = 3.3997e-04
Loss = 5.2198e-04, PNorm = 35.5776, GNorm = 0.2024, lr_0 = 3.3916e-04
Loss = 7.3547e-04, PNorm = 35.5786, GNorm = 0.2896, lr_0 = 3.3835e-04
Loss = 5.0695e-04, PNorm = 35.5798, GNorm = 0.2763, lr_0 = 3.3754e-04
Loss = 3.7262e-04, PNorm = 35.5799, GNorm = 0.0861, lr_0 = 3.3673e-04
Loss = 2.3086e-04, PNorm = 35.5804, GNorm = 0.1183, lr_0 = 3.3592e-04
Validation mae = nan
Epoch 48
Loss = 2.9174e-04, PNorm = 35.5809, GNorm = 0.1240, lr_0 = 3.3504e-04
Loss = 1.9172e-04, PNorm = 35.5813, GNorm = 0.0900, lr_0 = 3.3424e-04
Loss = 1.8432e-04, PNorm = 35.5819, GNorm = 0.1078, lr_0 = 3.3344e-04
Loss = 1.6217e-04, PNorm = 35.5820, GNorm = 0.0673, lr_0 = 3.3264e-04
Loss = 1.3602e-04, PNorm = 35.5827, GNorm = 0.1242, lr_0 = 3.3184e-04
Loss = 1.6884e-04, PNorm = 35.5835, GNorm = 0.1071, lr_0 = 3.3105e-04
Loss = 2.2360e-04, PNorm = 35.5841, GNorm = 0.1706, lr_0 = 3.3025e-04
Loss = 1.8887e-04, PNorm = 35.5849, GNorm = 0.1552, lr_0 = 3.2946e-04
Loss = 2.5139e-04, PNorm = 35.5852, GNorm = 0.1326, lr_0 = 3.2867e-04
Loss = 2.3548e-04, PNorm = 35.5860, GNorm = 0.1375, lr_0 = 3.2789e-04
Validation mae = nan
Epoch 49
Loss = 1.8787e-04, PNorm = 35.5864, GNorm = 0.1054, lr_0 = 3.2702e-04
Loss = 1.4496e-04, PNorm = 35.5866, GNorm = 0.0723, lr_0 = 3.2624e-04
Loss = 1.1843e-04, PNorm = 35.5870, GNorm = 0.0260, lr_0 = 3.2546e-04
Loss = 1.7217e-04, PNorm = 35.5872, GNorm = 0.1360, lr_0 = 3.2468e-04
Loss = 1.7578e-04, PNorm = 35.5878, GNorm = 0.0723, lr_0 = 3.2390e-04
Loss = 1.3400e-04, PNorm = 35.5888, GNorm = 0.0462, lr_0 = 3.2313e-04
Loss = 1.0515e-04, PNorm = 35.5892, GNorm = 0.0781, lr_0 = 3.2235e-04
Loss = 9.6386e-05, PNorm = 35.5895, GNorm = 0.0403, lr_0 = 3.2158e-04
Loss = 1.1263e-04, PNorm = 35.5896, GNorm = 0.0728, lr_0 = 3.2081e-04
Loss = 9.5598e-05, PNorm = 35.5898, GNorm = 0.0763, lr_0 = 3.2004e-04
Validation mae = nan
Epoch 50
Loss = 1.5330e-04, PNorm = 35.5903, GNorm = 0.0629, lr_0 = 3.1928e-04
Loss = 2.5790e-04, PNorm = 35.5908, GNorm = 0.2925, lr_0 = 3.1851e-04
Loss = 2.6042e-04, PNorm = 35.5914, GNorm = 0.1105, lr_0 = 3.1775e-04
Loss = 1.7471e-04, PNorm = 35.5916, GNorm = 0.1515, lr_0 = 3.1699e-04
Loss = 1.5442e-04, PNorm = 35.5918, GNorm = 0.0424, lr_0 = 3.1623e-04
Loss = 1.6150e-04, PNorm = 35.5923, GNorm = 0.0626, lr_0 = 3.1547e-04
Loss = 9.3602e-05, PNorm = 35.5928, GNorm = 0.0340, lr_0 = 3.1472e-04
Loss = 7.4837e-05, PNorm = 35.5931, GNorm = 0.0444, lr_0 = 3.1396e-04
Loss = 1.0122e-04, PNorm = 35.5935, GNorm = 0.0860, lr_0 = 3.1321e-04
Loss = 1.0956e-04, PNorm = 35.5940, GNorm = 0.1178, lr_0 = 3.1246e-04
Validation mae = nan
Epoch 51
Loss = 9.0998e-05, PNorm = 35.5941, GNorm = 0.1062, lr_0 = 3.1164e-04
Loss = 1.9008e-04, PNorm = 35.5940, GNorm = 0.1882, lr_0 = 3.1089e-04
Loss = 1.8590e-04, PNorm = 35.5946, GNorm = 0.1262, lr_0 = 3.1015e-04
Loss = 1.3877e-04, PNorm = 35.5953, GNorm = 0.0507, lr_0 = 3.0940e-04
Loss = 2.0877e-04, PNorm = 35.5962, GNorm = 0.0417, lr_0 = 3.0866e-04
Loss = 1.8174e-04, PNorm = 35.5965, GNorm = 0.0746, lr_0 = 3.0792e-04
Loss = 1.2262e-04, PNorm = 35.5967, GNorm = 0.0525, lr_0 = 3.0719e-04
Loss = 1.4505e-04, PNorm = 35.5968, GNorm = 0.1045, lr_0 = 3.0645e-04
Loss = 1.3801e-04, PNorm = 35.5974, GNorm = 0.0576, lr_0 = 3.0572e-04
Validation mae = nan
Epoch 52
Loss = 1.1196e-04, PNorm = 35.5980, GNorm = 0.0360, lr_0 = 3.0491e-04
Loss = 1.8371e-04, PNorm = 35.5983, GNorm = 0.0427, lr_0 = 3.0418e-04
Loss = 1.7587e-04, PNorm = 35.5985, GNorm = 0.0987, lr_0 = 3.0345e-04
Loss = 1.5263e-04, PNorm = 35.5991, GNorm = 0.0446, lr_0 = 3.0273e-04
Loss = 1.8396e-04, PNorm = 35.5993, GNorm = 0.1452, lr_0 = 3.0200e-04
Loss = 2.1582e-04, PNorm = 35.6002, GNorm = 0.1600, lr_0 = 3.0128e-04
Loss = 2.5054e-04, PNorm = 35.6010, GNorm = 0.0998, lr_0 = 3.0056e-04
Loss = 3.4805e-04, PNorm = 35.6015, GNorm = 0.2551, lr_0 = 2.9984e-04
Loss = 3.1610e-04, PNorm = 35.6021, GNorm = 0.0527, lr_0 = 2.9912e-04
Loss = 5.8222e-04, PNorm = 35.6026, GNorm = 0.2989, lr_0 = 2.9840e-04
Validation mae = nan
Epoch 53
Loss = 2.4348e-03, PNorm = 35.6027, GNorm = 0.4945, lr_0 = 2.9762e-04
Loss = 1.7442e-03, PNorm = 35.6043, GNorm = 0.2969, lr_0 = 2.9690e-04
Loss = 1.0291e-03, PNorm = 35.6064, GNorm = 0.2655, lr_0 = 2.9619e-04
Loss = 7.5168e-04, PNorm = 35.6079, GNorm = 0.2922, lr_0 = 2.9548e-04
Loss = 5.4968e-04, PNorm = 35.6084, GNorm = 0.1354, lr_0 = 2.9478e-04
Loss = 3.7310e-04, PNorm = 35.6092, GNorm = 0.0859, lr_0 = 2.9407e-04
Loss = 4.6724e-04, PNorm = 35.6104, GNorm = 0.0599, lr_0 = 2.9337e-04
Loss = 4.6898e-04, PNorm = 35.6113, GNorm = 0.1145, lr_0 = 2.9266e-04
Loss = 5.1070e-04, PNorm = 35.6123, GNorm = 0.0628, lr_0 = 2.9196e-04
Loss = 5.4006e-04, PNorm = 35.6130, GNorm = 0.2447, lr_0 = 2.9126e-04
Validation mae = nan
Epoch 54
Loss = 3.0221e-04, PNorm = 35.6139, GNorm = 0.1780, lr_0 = 2.9057e-04
Loss = 2.7745e-04, PNorm = 35.6144, GNorm = 0.2455, lr_0 = 2.8987e-04
Loss = 3.3675e-04, PNorm = 35.6147, GNorm = 0.2306, lr_0 = 2.8918e-04
Loss = 2.0596e-04, PNorm = 35.6151, GNorm = 0.1064, lr_0 = 2.8848e-04
Loss = 1.7781e-04, PNorm = 35.6156, GNorm = 0.0641, lr_0 = 2.8779e-04
Loss = 2.5653e-04, PNorm = 35.6161, GNorm = 0.2654, lr_0 = 2.8710e-04
Loss = 2.9922e-04, PNorm = 35.6162, GNorm = 0.2552, lr_0 = 2.8642e-04
Loss = 3.7073e-04, PNorm = 35.6166, GNorm = 0.1248, lr_0 = 2.8573e-04
Loss = 2.5544e-04, PNorm = 35.6173, GNorm = 0.1730, lr_0 = 2.8505e-04
Loss = 1.7534e-04, PNorm = 35.6179, GNorm = 0.0519, lr_0 = 2.8436e-04
Validation mae = nan
Epoch 55
Loss = 1.2251e-04, PNorm = 35.6184, GNorm = 0.0544, lr_0 = 2.8361e-04
Loss = 9.7305e-05, PNorm = 35.6192, GNorm = 0.0454, lr_0 = 2.8294e-04
Loss = 7.1850e-05, PNorm = 35.6198, GNorm = 0.0206, lr_0 = 2.8226e-04
Loss = 9.9999e-05, PNorm = 35.6202, GNorm = 0.0634, lr_0 = 2.8158e-04
Loss = 1.5934e-04, PNorm = 35.6204, GNorm = 0.0956, lr_0 = 2.8091e-04
Loss = 1.3820e-04, PNorm = 35.6211, GNorm = 0.0252, lr_0 = 2.8023e-04
Loss = 1.2449e-04, PNorm = 35.6211, GNorm = 0.0557, lr_0 = 2.7956e-04
Loss = 1.6118e-04, PNorm = 35.6217, GNorm = 0.0322, lr_0 = 2.7889e-04
Loss = 1.6173e-04, PNorm = 35.6222, GNorm = 0.1499, lr_0 = 2.7823e-04
Loss = 1.5526e-04, PNorm = 35.6223, GNorm = 0.0610, lr_0 = 2.7756e-04
Validation mae = nan
Epoch 56
Loss = 1.5068e-04, PNorm = 35.6225, GNorm = 0.1016, lr_0 = 2.7683e-04
Loss = 1.3976e-04, PNorm = 35.6231, GNorm = 0.0471, lr_0 = 2.7617e-04
Loss = 1.4084e-04, PNorm = 35.6232, GNorm = 0.0910, lr_0 = 2.7550e-04
Loss = 8.9440e-05, PNorm = 35.6238, GNorm = 0.0561, lr_0 = 2.7485e-04
Loss = 1.0007e-04, PNorm = 35.6243, GNorm = 0.0843, lr_0 = 2.7419e-04
Loss = 1.0828e-04, PNorm = 35.6243, GNorm = 0.0877, lr_0 = 2.7353e-04
Loss = 9.4877e-05, PNorm = 35.6245, GNorm = 0.0777, lr_0 = 2.7288e-04
Loss = 1.5944e-04, PNorm = 35.6253, GNorm = 0.0501, lr_0 = 2.7222e-04
Loss = 1.0557e-04, PNorm = 35.6258, GNorm = 0.1037, lr_0 = 2.7157e-04
Loss = 8.2443e-05, PNorm = 35.6260, GNorm = 0.0548, lr_0 = 2.7092e-04
Loss = 9.5062e-05, PNorm = 35.6260, GNorm = 0.0980, lr_0 = 2.7085e-04
Validation mae = nan
Epoch 57
Loss = 1.4000e-04, PNorm = 35.6264, GNorm = 0.0887, lr_0 = 2.7021e-04
Loss = 1.2482e-04, PNorm = 35.6268, GNorm = 0.1143, lr_0 = 2.6956e-04
Loss = 1.4699e-04, PNorm = 35.6269, GNorm = 0.0661, lr_0 = 2.6891e-04
Loss = 1.1052e-04, PNorm = 35.6271, GNorm = 0.0601, lr_0 = 2.6827e-04
Loss = 1.2403e-04, PNorm = 35.6275, GNorm = 0.0789, lr_0 = 2.6763e-04
Loss = 1.1519e-04, PNorm = 35.6284, GNorm = 0.0834, lr_0 = 2.6699e-04
Loss = 1.1008e-04, PNorm = 35.6290, GNorm = 0.0353, lr_0 = 2.6635e-04
Loss = 6.6388e-05, PNorm = 35.6292, GNorm = 0.0405, lr_0 = 2.6571e-04
Loss = 1.2700e-04, PNorm = 35.6299, GNorm = 0.1586, lr_0 = 2.6507e-04
Validation mae = nan
Epoch 58
Loss = 1.4394e-04, PNorm = 35.6302, GNorm = 0.1069, lr_0 = 2.6444e-04
Loss = 1.3264e-04, PNorm = 35.6304, GNorm = 0.1220, lr_0 = 2.6380e-04
Loss = 1.5187e-04, PNorm = 35.6309, GNorm = 0.0930, lr_0 = 2.6317e-04
Loss = 2.2628e-04, PNorm = 35.6313, GNorm = 0.0348, lr_0 = 2.6254e-04
Loss = 1.5289e-04, PNorm = 35.6315, GNorm = 0.0591, lr_0 = 2.6191e-04
Loss = 8.7173e-05, PNorm = 35.6322, GNorm = 0.0375, lr_0 = 2.6129e-04
Loss = 9.9393e-05, PNorm = 35.6327, GNorm = 0.0655, lr_0 = 2.6066e-04
Loss = 1.0667e-04, PNorm = 35.6330, GNorm = 0.0860, lr_0 = 2.6004e-04
Loss = 9.2193e-05, PNorm = 35.6331, GNorm = 0.0275, lr_0 = 2.5941e-04
Loss = 8.6376e-05, PNorm = 35.6333, GNorm = 0.0480, lr_0 = 2.5879e-04
Validation mae = nan
Epoch 59
Loss = 1.2174e-04, PNorm = 35.6336, GNorm = 0.0631, lr_0 = 2.5811e-04
Loss = 1.1523e-04, PNorm = 35.6337, GNorm = 0.1137, lr_0 = 2.5749e-04
Loss = 1.2903e-04, PNorm = 35.6341, GNorm = 0.1023, lr_0 = 2.5688e-04
Loss = 1.2139e-04, PNorm = 35.6343, GNorm = 0.0423, lr_0 = 2.5626e-04
Loss = 1.7270e-04, PNorm = 35.6346, GNorm = 0.0503, lr_0 = 2.5565e-04
Loss = 1.2935e-04, PNorm = 35.6353, GNorm = 0.0641, lr_0 = 2.5504e-04
Loss = 1.4671e-04, PNorm = 35.6360, GNorm = 0.0992, lr_0 = 2.5443e-04
Loss = 1.2929e-04, PNorm = 35.6365, GNorm = 0.0782, lr_0 = 2.5382e-04
Loss = 1.1362e-04, PNorm = 35.6372, GNorm = 0.0445, lr_0 = 2.5321e-04
Loss = 6.8104e-05, PNorm = 35.6377, GNorm = 0.0622, lr_0 = 2.5260e-04
Validation mae = nan
Epoch 60
Loss = 8.2146e-05, PNorm = 35.6379, GNorm = 0.0628, lr_0 = 2.5194e-04
Loss = 6.5037e-05, PNorm = 35.6380, GNorm = 0.0276, lr_0 = 2.5133e-04
Loss = 6.0660e-05, PNorm = 35.6381, GNorm = 0.0336, lr_0 = 2.5073e-04
Loss = 8.2580e-05, PNorm = 35.6381, GNorm = 0.0800, lr_0 = 2.5013e-04
Loss = 9.0093e-05, PNorm = 35.6383, GNorm = 0.0720, lr_0 = 2.4953e-04
Loss = 1.8765e-04, PNorm = 35.6388, GNorm = 0.1813, lr_0 = 2.4893e-04
Loss = 1.9242e-04, PNorm = 35.6395, GNorm = 0.1764, lr_0 = 2.4834e-04
Loss = 1.8974e-04, PNorm = 35.6398, GNorm = 0.2311, lr_0 = 2.4774e-04
Loss = 1.7460e-04, PNorm = 35.6399, GNorm = 0.1466, lr_0 = 2.4715e-04
Loss = 1.7171e-04, PNorm = 35.6405, GNorm = 0.0675, lr_0 = 2.4656e-04
Validation mae = nan
Epoch 61
Loss = 1.9622e-04, PNorm = 35.6411, GNorm = 0.1261, lr_0 = 2.4591e-04
Loss = 1.8171e-04, PNorm = 35.6417, GNorm = 0.1625, lr_0 = 2.4532e-04
Loss = 1.4932e-04, PNorm = 35.6420, GNorm = 0.1066, lr_0 = 2.4473e-04
Loss = 1.2355e-04, PNorm = 35.6427, GNorm = 0.1028, lr_0 = 2.4415e-04
Loss = 8.3264e-05, PNorm = 35.6432, GNorm = 0.0841, lr_0 = 2.4356e-04
Loss = 1.1833e-04, PNorm = 35.6437, GNorm = 0.0997, lr_0 = 2.4298e-04
Loss = 9.6936e-05, PNorm = 35.6441, GNorm = 0.0432, lr_0 = 2.4240e-04
Loss = 9.1862e-05, PNorm = 35.6443, GNorm = 0.0440, lr_0 = 2.4182e-04
Loss = 9.9294e-05, PNorm = 35.6446, GNorm = 0.0708, lr_0 = 2.4124e-04
Loss = 1.8038e-04, PNorm = 35.6450, GNorm = 0.1383, lr_0 = 2.4066e-04
Validation mae = nan
Epoch 62
Loss = 1.2817e-04, PNorm = 35.6454, GNorm = 0.0566, lr_0 = 2.4008e-04
Loss = 1.1870e-04, PNorm = 35.6458, GNorm = 0.1256, lr_0 = 2.3951e-04
Loss = 1.4552e-04, PNorm = 35.6460, GNorm = 0.1263, lr_0 = 2.3894e-04
Loss = 1.1281e-04, PNorm = 35.6465, GNorm = 0.0291, lr_0 = 2.3836e-04
Loss = 1.0729e-04, PNorm = 35.6467, GNorm = 0.1034, lr_0 = 2.3779e-04
Loss = 7.9874e-05, PNorm = 35.6468, GNorm = 0.0476, lr_0 = 2.3722e-04
Loss = 1.2706e-04, PNorm = 35.6472, GNorm = 0.0923, lr_0 = 2.3665e-04
Loss = 7.5761e-05, PNorm = 35.6476, GNorm = 0.0878, lr_0 = 2.3609e-04
Loss = 1.2354e-04, PNorm = 35.6477, GNorm = 0.1285, lr_0 = 2.3552e-04
Loss = 9.6119e-05, PNorm = 35.6480, GNorm = 0.0930, lr_0 = 2.3496e-04
Loss = 7.3717e-05, PNorm = 35.6481, GNorm = 0.0657, lr_0 = 2.3490e-04
Validation mae = nan
Epoch 63
Loss = 9.4501e-05, PNorm = 35.6485, GNorm = 0.0897, lr_0 = 2.3434e-04
Loss = 1.1689e-04, PNorm = 35.6487, GNorm = 0.0447, lr_0 = 2.3378e-04
Loss = 9.9120e-05, PNorm = 35.6490, GNorm = 0.0259, lr_0 = 2.3322e-04
Loss = 8.8731e-05, PNorm = 35.6493, GNorm = 0.0707, lr_0 = 2.3266e-04
Loss = 8.3891e-05, PNorm = 35.6494, GNorm = 0.0476, lr_0 = 2.3210e-04
Loss = 7.2959e-05, PNorm = 35.6499, GNorm = 0.0378, lr_0 = 2.3155e-04
Loss = 9.8805e-05, PNorm = 35.6503, GNorm = 0.0193, lr_0 = 2.3099e-04
Loss = 1.2069e-04, PNorm = 35.6505, GNorm = 0.0480, lr_0 = 2.3044e-04
Loss = 1.3770e-04, PNorm = 35.6510, GNorm = 0.1284, lr_0 = 2.2989e-04
Validation mae = nan
Epoch 64
Loss = 1.9660e-04, PNorm = 35.6515, GNorm = 0.0425, lr_0 = 2.2928e-04
Loss = 1.5864e-04, PNorm = 35.6519, GNorm = 0.0386, lr_0 = 2.2873e-04
Loss = 9.8137e-05, PNorm = 35.6523, GNorm = 0.0704, lr_0 = 2.2819e-04
Loss = 1.2515e-04, PNorm = 35.6523, GNorm = 0.1327, lr_0 = 2.2764e-04
Loss = 1.5588e-04, PNorm = 35.6523, GNorm = 0.1210, lr_0 = 2.2709e-04
Loss = 1.3928e-04, PNorm = 35.6528, GNorm = 0.0608, lr_0 = 2.2655e-04
Loss = 1.0566e-04, PNorm = 35.6530, GNorm = 0.0636, lr_0 = 2.2601e-04
Loss = 8.0722e-05, PNorm = 35.6532, GNorm = 0.0191, lr_0 = 2.2547e-04
Loss = 1.0332e-04, PNorm = 35.6538, GNorm = 0.0669, lr_0 = 2.2493e-04
Loss = 9.4325e-05, PNorm = 35.6542, GNorm = 0.0966, lr_0 = 2.2439e-04
Validation mae = nan
Epoch 65
Loss = 1.1402e-04, PNorm = 35.6548, GNorm = 0.0990, lr_0 = 2.2380e-04
Loss = 8.8680e-05, PNorm = 35.6554, GNorm = 0.0608, lr_0 = 2.2326e-04
Loss = 7.4119e-05, PNorm = 35.6558, GNorm = 0.0416, lr_0 = 2.2273e-04
Loss = 8.7443e-05, PNorm = 35.6561, GNorm = 0.0374, lr_0 = 2.2219e-04
Loss = 6.9065e-05, PNorm = 35.6562, GNorm = 0.0446, lr_0 = 2.2166e-04
Loss = 7.8282e-05, PNorm = 35.6564, GNorm = 0.0308, lr_0 = 2.2113e-04
Loss = 1.0549e-04, PNorm = 35.6567, GNorm = 0.1188, lr_0 = 2.2060e-04
Loss = 9.4320e-05, PNorm = 35.6569, GNorm = 0.0796, lr_0 = 2.2007e-04
Loss = 1.6080e-04, PNorm = 35.6567, GNorm = 0.0496, lr_0 = 2.1955e-04
Loss = 1.6513e-04, PNorm = 35.6569, GNorm = 0.1225, lr_0 = 2.1902e-04
Validation mae = nan
Epoch 66
Loss = 2.1370e-04, PNorm = 35.6574, GNorm = 0.0766, lr_0 = 2.1850e-04
Loss = 2.1472e-04, PNorm = 35.6579, GNorm = 0.0613, lr_0 = 2.1797e-04
Loss = 2.7299e-04, PNorm = 35.6583, GNorm = 0.1939, lr_0 = 2.1745e-04
Loss = 2.5896e-04, PNorm = 35.6592, GNorm = 0.1521, lr_0 = 2.1693e-04
Loss = 2.2301e-04, PNorm = 35.6601, GNorm = 0.0586, lr_0 = 2.1641e-04
Loss = 1.0098e-04, PNorm = 35.6602, GNorm = 0.0648, lr_0 = 2.1589e-04
Loss = 8.9614e-05, PNorm = 35.6605, GNorm = 0.0455, lr_0 = 2.1537e-04
Loss = 1.1658e-04, PNorm = 35.6608, GNorm = 0.0578, lr_0 = 2.1486e-04
Loss = 7.9238e-05, PNorm = 35.6613, GNorm = 0.0717, lr_0 = 2.1434e-04
Loss = 1.5299e-04, PNorm = 35.6618, GNorm = 0.1392, lr_0 = 2.1383e-04
Validation mae = nan
Epoch 67
Loss = 1.8460e-04, PNorm = 35.6623, GNorm = 0.0912, lr_0 = 2.1327e-04
Loss = 8.6594e-05, PNorm = 35.6627, GNorm = 0.0380, lr_0 = 2.1276e-04
Loss = 8.0061e-05, PNorm = 35.6627, GNorm = 0.0435, lr_0 = 2.1225e-04
Loss = 7.3561e-05, PNorm = 35.6628, GNorm = 0.0538, lr_0 = 2.1174e-04
Loss = 8.6546e-05, PNorm = 35.6631, GNorm = 0.0395, lr_0 = 2.1123e-04
Loss = 1.2156e-04, PNorm = 35.6636, GNorm = 0.1829, lr_0 = 2.1073e-04
Loss = 1.3370e-04, PNorm = 35.6638, GNorm = 0.0699, lr_0 = 2.1022e-04
Loss = 9.6955e-05, PNorm = 35.6639, GNorm = 0.0788, lr_0 = 2.0972e-04
Loss = 7.1710e-05, PNorm = 35.6641, GNorm = 0.0647, lr_0 = 2.0922e-04
Loss = 7.5378e-05, PNorm = 35.6644, GNorm = 0.0338, lr_0 = 2.0872e-04
Validation mae = nan
Epoch 68
Loss = 1.0516e-04, PNorm = 35.6649, GNorm = 0.0930, lr_0 = 2.0817e-04
Loss = 8.9661e-05, PNorm = 35.6651, GNorm = 0.0664, lr_0 = 2.0767e-04
Loss = 7.4716e-05, PNorm = 35.6651, GNorm = 0.0586, lr_0 = 2.0717e-04
Loss = 1.3340e-04, PNorm = 35.6654, GNorm = 0.0708, lr_0 = 2.0667e-04
Loss = 6.3826e-05, PNorm = 35.6659, GNorm = 0.0259, lr_0 = 2.0618e-04
Loss = 7.6015e-05, PNorm = 35.6662, GNorm = 0.0494, lr_0 = 2.0569e-04
Loss = 5.7942e-05, PNorm = 35.6665, GNorm = 0.0368, lr_0 = 2.0519e-04
Loss = 5.2982e-05, PNorm = 35.6666, GNorm = 0.0561, lr_0 = 2.0470e-04
Loss = 6.0663e-05, PNorm = 35.6669, GNorm = 0.0262, lr_0 = 2.0421e-04
Validation mae = nan
Epoch 69
Loss = 8.1572e-05, PNorm = 35.6673, GNorm = 0.0402, lr_0 = 2.0367e-04
Loss = 6.7838e-05, PNorm = 35.6674, GNorm = 0.1194, lr_0 = 2.0319e-04
Loss = 8.5340e-05, PNorm = 35.6676, GNorm = 0.0745, lr_0 = 2.0270e-04
Loss = 1.0828e-04, PNorm = 35.6679, GNorm = 0.0764, lr_0 = 2.0221e-04
Loss = 7.3732e-05, PNorm = 35.6682, GNorm = 0.0375, lr_0 = 2.0173e-04
Loss = 7.5097e-05, PNorm = 35.6684, GNorm = 0.1117, lr_0 = 2.0125e-04
Loss = 7.8667e-05, PNorm = 35.6685, GNorm = 0.0583, lr_0 = 2.0076e-04
Loss = 7.1849e-05, PNorm = 35.6686, GNorm = 0.0584, lr_0 = 2.0028e-04
Loss = 9.6513e-05, PNorm = 35.6687, GNorm = 0.1207, lr_0 = 1.9980e-04
Loss = 1.0198e-04, PNorm = 35.6690, GNorm = 0.0700, lr_0 = 1.9933e-04
Validation mae = nan
Epoch 70
Loss = 1.5964e-04, PNorm = 35.6697, GNorm = 0.1170, lr_0 = 1.9885e-04
Loss = 1.2336e-04, PNorm = 35.6700, GNorm = 0.0944, lr_0 = 1.9837e-04
Loss = 1.4900e-04, PNorm = 35.6704, GNorm = 0.1159, lr_0 = 1.9790e-04
Loss = 1.3094e-04, PNorm = 35.6704, GNorm = 0.1147, lr_0 = 1.9742e-04
Loss = 6.9497e-05, PNorm = 35.6710, GNorm = 0.0274, lr_0 = 1.9695e-04
Loss = 7.6359e-05, PNorm = 35.6712, GNorm = 0.0483, lr_0 = 1.9648e-04
Loss = 1.0872e-04, PNorm = 35.6715, GNorm = 0.1246, lr_0 = 1.9601e-04
Loss = 1.6101e-04, PNorm = 35.6719, GNorm = 0.1087, lr_0 = 1.9554e-04
Loss = 1.6629e-04, PNorm = 35.6724, GNorm = 0.0507, lr_0 = 1.9507e-04
Loss = 1.1447e-04, PNorm = 35.6730, GNorm = 0.0750, lr_0 = 1.9460e-04
Validation mae = nan
Epoch 71
Loss = 3.5527e-04, PNorm = 35.6739, GNorm = 0.3030, lr_0 = 1.9409e-04
Loss = 2.5259e-04, PNorm = 35.6738, GNorm = 0.0969, lr_0 = 1.9363e-04
Loss = 2.0050e-04, PNorm = 35.6742, GNorm = 0.1577, lr_0 = 1.9316e-04
Loss = 2.6059e-04, PNorm = 35.6742, GNorm = 0.1837, lr_0 = 1.9270e-04
Loss = 2.8247e-04, PNorm = 35.6749, GNorm = 0.1783, lr_0 = 1.9224e-04
Loss = 1.6623e-04, PNorm = 35.6755, GNorm = 0.1743, lr_0 = 1.9178e-04
Loss = 1.9206e-04, PNorm = 35.6757, GNorm = 0.0452, lr_0 = 1.9132e-04
Loss = 2.6297e-04, PNorm = 35.6762, GNorm = 0.0755, lr_0 = 1.9086e-04
Loss = 2.8775e-04, PNorm = 35.6769, GNorm = 0.1326, lr_0 = 1.9040e-04
Loss = 4.9038e-04, PNorm = 35.6775, GNorm = 0.1203, lr_0 = 1.8995e-04
Validation mae = nan
Epoch 72
Loss = 2.3317e-04, PNorm = 35.6780, GNorm = 0.1420, lr_0 = 1.8945e-04
Loss = 1.9737e-04, PNorm = 35.6791, GNorm = 0.1477, lr_0 = 1.8899e-04
Loss = 2.9299e-04, PNorm = 35.6792, GNorm = 0.1676, lr_0 = 1.8854e-04
Loss = 2.6817e-04, PNorm = 35.6798, GNorm = 0.2052, lr_0 = 1.8809e-04
Loss = 2.6024e-04, PNorm = 35.6798, GNorm = 0.1275, lr_0 = 1.8764e-04
Loss = 1.4552e-04, PNorm = 35.6801, GNorm = 0.0456, lr_0 = 1.8719e-04
Loss = 1.4350e-04, PNorm = 35.6806, GNorm = 0.0468, lr_0 = 1.8674e-04
Loss = 1.3815e-04, PNorm = 35.6809, GNorm = 0.0615, lr_0 = 1.8629e-04
Loss = 1.1291e-04, PNorm = 35.6812, GNorm = 0.0729, lr_0 = 1.8585e-04
Loss = 1.6872e-04, PNorm = 35.6816, GNorm = 0.0573, lr_0 = 1.8540e-04
Validation mae = nan
Epoch 73
Loss = 1.3545e-04, PNorm = 35.6822, GNorm = 0.1016, lr_0 = 1.8491e-04
Loss = 1.6472e-04, PNorm = 35.6826, GNorm = 0.0946, lr_0 = 1.8447e-04
Loss = 1.4781e-04, PNorm = 35.6830, GNorm = 0.0700, lr_0 = 1.8403e-04
Loss = 9.3800e-05, PNorm = 35.6833, GNorm = 0.0599, lr_0 = 1.8359e-04
Loss = 1.3510e-04, PNorm = 35.6834, GNorm = 0.0233, lr_0 = 1.8315e-04
Loss = 1.0931e-04, PNorm = 35.6835, GNorm = 0.0629, lr_0 = 1.8271e-04
Loss = 1.0406e-04, PNorm = 35.6840, GNorm = 0.0876, lr_0 = 1.8227e-04
Loss = 6.9319e-05, PNorm = 35.6843, GNorm = 0.0356, lr_0 = 1.8184e-04
Loss = 1.1219e-04, PNorm = 35.6844, GNorm = 0.0451, lr_0 = 1.8140e-04
Loss = 1.0805e-04, PNorm = 35.6850, GNorm = 0.0763, lr_0 = 1.8097e-04
Validation mae = nan
Epoch 74
Loss = 7.1891e-05, PNorm = 35.6855, GNorm = 0.0519, lr_0 = 1.8053e-04
Loss = 5.8107e-05, PNorm = 35.6859, GNorm = 0.0326, lr_0 = 1.8010e-04
Loss = 8.5885e-05, PNorm = 35.6863, GNorm = 0.0861, lr_0 = 1.7967e-04
Loss = 8.1921e-05, PNorm = 35.6863, GNorm = 0.0296, lr_0 = 1.7924e-04
Loss = 7.6849e-05, PNorm = 35.6862, GNorm = 0.0524, lr_0 = 1.7881e-04
Loss = 7.9651e-05, PNorm = 35.6864, GNorm = 0.0899, lr_0 = 1.7838e-04
Loss = 6.2309e-05, PNorm = 35.6867, GNorm = 0.0383, lr_0 = 1.7796e-04
Loss = 5.5840e-05, PNorm = 35.6869, GNorm = 0.0598, lr_0 = 1.7753e-04
Loss = 6.3174e-05, PNorm = 35.6872, GNorm = 0.0217, lr_0 = 1.7710e-04
Validation mae = nan
Epoch 75
Loss = 1.4847e-04, PNorm = 35.6877, GNorm = 0.1422, lr_0 = 1.7664e-04
Loss = 9.0297e-05, PNorm = 35.6879, GNorm = 0.1023, lr_0 = 1.7622e-04
Loss = 5.4266e-05, PNorm = 35.6881, GNorm = 0.0482, lr_0 = 1.7579e-04
Loss = 6.3124e-05, PNorm = 35.6882, GNorm = 0.0392, lr_0 = 1.7537e-04
Loss = 6.1976e-05, PNorm = 35.6884, GNorm = 0.0287, lr_0 = 1.7495e-04
Loss = 7.2487e-05, PNorm = 35.6887, GNorm = 0.0454, lr_0 = 1.7453e-04
Loss = 6.6461e-05, PNorm = 35.6886, GNorm = 0.0168, lr_0 = 1.7412e-04
Loss = 6.6611e-05, PNorm = 35.6890, GNorm = 0.0309, lr_0 = 1.7370e-04
Loss = 5.2435e-05, PNorm = 35.6892, GNorm = 0.0354, lr_0 = 1.7328e-04
Loss = 5.3581e-05, PNorm = 35.6893, GNorm = 0.0170, lr_0 = 1.7287e-04
Validation mae = nan
Epoch 76
Loss = 5.8462e-05, PNorm = 35.6894, GNorm = 0.0550, lr_0 = 1.7241e-04
Loss = 9.2188e-05, PNorm = 35.6896, GNorm = 0.1040, lr_0 = 1.7200e-04
Loss = 6.8862e-05, PNorm = 35.6897, GNorm = 0.0830, lr_0 = 1.7159e-04
Loss = 7.8911e-05, PNorm = 35.6899, GNorm = 0.0262, lr_0 = 1.7118e-04
Loss = 5.8075e-05, PNorm = 35.6902, GNorm = 0.0704, lr_0 = 1.7077e-04
Loss = 6.2731e-05, PNorm = 35.6907, GNorm = 0.0606, lr_0 = 1.7036e-04
Loss = 1.0985e-04, PNorm = 35.6912, GNorm = 0.1125, lr_0 = 1.6995e-04
Loss = 1.1993e-04, PNorm = 35.6916, GNorm = 0.0470, lr_0 = 1.6954e-04
Loss = 8.2511e-05, PNorm = 35.6916, GNorm = 0.0405, lr_0 = 1.6914e-04
Loss = 6.3253e-05, PNorm = 35.6916, GNorm = 0.0776, lr_0 = 1.6873e-04
Validation mae = nan
Epoch 77
Loss = 8.3320e-05, PNorm = 35.6918, GNorm = 0.0353, lr_0 = 1.6833e-04
Loss = 6.3735e-05, PNorm = 35.6920, GNorm = 0.0258, lr_0 = 1.6792e-04
Loss = 6.3342e-05, PNorm = 35.6923, GNorm = 0.0718, lr_0 = 1.6752e-04
Loss = 5.9997e-05, PNorm = 35.6924, GNorm = 0.0925, lr_0 = 1.6712e-04
Loss = 6.3410e-05, PNorm = 35.6927, GNorm = 0.0833, lr_0 = 1.6672e-04
Loss = 9.5010e-05, PNorm = 35.6928, GNorm = 0.1221, lr_0 = 1.6632e-04
Loss = 1.3083e-04, PNorm = 35.6934, GNorm = 0.0883, lr_0 = 1.6592e-04
Loss = 1.1779e-04, PNorm = 35.6942, GNorm = 0.0622, lr_0 = 1.6553e-04
Loss = 1.5187e-04, PNorm = 35.6944, GNorm = 0.0593, lr_0 = 1.6513e-04
Loss = 1.6363e-04, PNorm = 35.6948, GNorm = 0.1348, lr_0 = 1.6473e-04
Validation mae = nan
Epoch 78
Loss = 1.7203e-04, PNorm = 35.6946, GNorm = 0.1000, lr_0 = 1.6430e-04
Loss = 1.1450e-04, PNorm = 35.6948, GNorm = 0.0645, lr_0 = 1.6391e-04
Loss = 6.6574e-05, PNorm = 35.6955, GNorm = 0.0764, lr_0 = 1.6351e-04
Loss = 7.1024e-05, PNorm = 35.6959, GNorm = 0.0883, lr_0 = 1.6312e-04
Loss = 1.1927e-04, PNorm = 35.6960, GNorm = 0.1515, lr_0 = 1.6273e-04
Loss = 1.7662e-04, PNorm = 35.6957, GNorm = 0.1256, lr_0 = 1.6234e-04
Loss = 1.2633e-04, PNorm = 35.6961, GNorm = 0.0571, lr_0 = 1.6195e-04
Loss = 1.3995e-04, PNorm = 35.6966, GNorm = 0.0636, lr_0 = 1.6157e-04
Loss = 9.1995e-05, PNorm = 35.6968, GNorm = 0.0249, lr_0 = 1.6118e-04
Loss = 6.9926e-05, PNorm = 35.6972, GNorm = 0.0639, lr_0 = 1.6079e-04
Validation mae = nan
Epoch 79
Loss = 7.0622e-05, PNorm = 35.6978, GNorm = 0.0616, lr_0 = 1.6037e-04
Loss = 8.2284e-05, PNorm = 35.6981, GNorm = 0.0778, lr_0 = 1.5999e-04
Loss = 1.0435e-04, PNorm = 35.6984, GNorm = 0.1269, lr_0 = 1.5960e-04
Loss = 1.7442e-04, PNorm = 35.6987, GNorm = 0.2102, lr_0 = 1.5922e-04
Loss = 1.1519e-04, PNorm = 35.6990, GNorm = 0.1253, lr_0 = 1.5884e-04
Loss = 1.3499e-04, PNorm = 35.6993, GNorm = 0.0510, lr_0 = 1.5846e-04
Loss = 1.8684e-04, PNorm = 35.6996, GNorm = 0.0901, lr_0 = 1.5808e-04
Loss = 1.3503e-04, PNorm = 35.7002, GNorm = 0.0296, lr_0 = 1.5770e-04
Loss = 8.2280e-05, PNorm = 35.7005, GNorm = 0.0748, lr_0 = 1.5732e-04
Loss = 6.7870e-05, PNorm = 35.7007, GNorm = 0.0229, lr_0 = 1.5695e-04
Loss = 4.9788e-05, PNorm = 35.7007, GNorm = 0.0361, lr_0 = 1.5691e-04
Validation mae = nan
Epoch 80
Loss = 5.9144e-05, PNorm = 35.7011, GNorm = 0.0366, lr_0 = 1.5653e-04
Loss = 6.2151e-05, PNorm = 35.7011, GNorm = 0.0208, lr_0 = 1.5616e-04
Loss = 5.3065e-05, PNorm = 35.7012, GNorm = 0.0673, lr_0 = 1.5578e-04
Loss = 6.2744e-05, PNorm = 35.7016, GNorm = 0.0621, lr_0 = 1.5541e-04
Loss = 6.2725e-05, PNorm = 35.7018, GNorm = 0.0710, lr_0 = 1.5504e-04
Loss = 8.2521e-05, PNorm = 35.7020, GNorm = 0.0994, lr_0 = 1.5467e-04
Loss = 8.8933e-05, PNorm = 35.7020, GNorm = 0.1045, lr_0 = 1.5430e-04
Loss = 7.9014e-05, PNorm = 35.7023, GNorm = 0.0338, lr_0 = 1.5393e-04
Loss = 7.7356e-05, PNorm = 35.7027, GNorm = 0.0401, lr_0 = 1.5356e-04
Validation mae = nan
Epoch 81
Loss = 4.0064e-05, PNorm = 35.7028, GNorm = 0.0419, lr_0 = 1.5319e-04
Loss = 6.5326e-05, PNorm = 35.7031, GNorm = 0.0451, lr_0 = 1.5282e-04
Loss = 5.4297e-05, PNorm = 35.7035, GNorm = 0.0585, lr_0 = 1.5246e-04
Loss = 7.0278e-05, PNorm = 35.7036, GNorm = 0.0467, lr_0 = 1.5209e-04
Loss = 5.9843e-05, PNorm = 35.7038, GNorm = 0.0525, lr_0 = 1.5173e-04
Loss = 3.7131e-05, PNorm = 35.7042, GNorm = 0.0138, lr_0 = 1.5137e-04
Loss = 4.3607e-05, PNorm = 35.7044, GNorm = 0.0140, lr_0 = 1.5100e-04
Loss = 6.7825e-05, PNorm = 35.7046, GNorm = 0.0547, lr_0 = 1.5064e-04
Loss = 9.1200e-05, PNorm = 35.7046, GNorm = 0.0446, lr_0 = 1.5028e-04
Loss = 7.6635e-05, PNorm = 35.7048, GNorm = 0.0429, lr_0 = 1.4992e-04
Validation mae = nan
Epoch 82
Loss = 9.3395e-05, PNorm = 35.7050, GNorm = 0.0410, lr_0 = 1.4953e-04
Loss = 1.2107e-04, PNorm = 35.7050, GNorm = 0.0265, lr_0 = 1.4917e-04
Loss = 7.9832e-05, PNorm = 35.7052, GNorm = 0.1298, lr_0 = 1.4881e-04
Loss = 6.9383e-05, PNorm = 35.7053, GNorm = 0.0943, lr_0 = 1.4846e-04
Loss = 6.1712e-05, PNorm = 35.7055, GNorm = 0.0709, lr_0 = 1.4810e-04
Loss = 7.9739e-05, PNorm = 35.7058, GNorm = 0.1153, lr_0 = 1.4774e-04
Loss = 9.5378e-05, PNorm = 35.7062, GNorm = 0.0855, lr_0 = 1.4739e-04
Loss = 7.8721e-05, PNorm = 35.7065, GNorm = 0.1346, lr_0 = 1.4704e-04
Loss = 5.2975e-05, PNorm = 35.7068, GNorm = 0.0400, lr_0 = 1.4669e-04
Loss = 4.9455e-05, PNorm = 35.7073, GNorm = 0.0166, lr_0 = 1.4633e-04
Validation mae = nan
Epoch 83
Loss = 4.0982e-05, PNorm = 35.7076, GNorm = 0.0486, lr_0 = 1.4595e-04
Loss = 5.1022e-05, PNorm = 35.7076, GNorm = 0.0206, lr_0 = 1.4560e-04
Loss = 4.2438e-05, PNorm = 35.7079, GNorm = 0.0125, lr_0 = 1.4525e-04
Loss = 4.4245e-05, PNorm = 35.7081, GNorm = 0.0300, lr_0 = 1.4490e-04
Loss = 5.7646e-05, PNorm = 35.7083, GNorm = 0.0579, lr_0 = 1.4456e-04
Loss = 4.3676e-05, PNorm = 35.7084, GNorm = 0.0148, lr_0 = 1.4421e-04
Loss = 5.7828e-05, PNorm = 35.7086, GNorm = 0.0279, lr_0 = 1.4386e-04
Loss = 7.7163e-05, PNorm = 35.7088, GNorm = 0.0401, lr_0 = 1.4352e-04
Loss = 7.1867e-05, PNorm = 35.7091, GNorm = 0.0580, lr_0 = 1.4318e-04
Loss = 6.6708e-05, PNorm = 35.7095, GNorm = 0.0652, lr_0 = 1.4283e-04
Validation mae = nan
Epoch 84
Loss = 1.0547e-04, PNorm = 35.7099, GNorm = 0.0616, lr_0 = 1.4246e-04
Loss = 9.1010e-05, PNorm = 35.7101, GNorm = 0.0847, lr_0 = 1.4212e-04
Loss = 7.6171e-05, PNorm = 35.7104, GNorm = 0.0773, lr_0 = 1.4178e-04
Loss = 8.0790e-05, PNorm = 35.7108, GNorm = 0.0740, lr_0 = 1.4144e-04
Loss = 6.9975e-05, PNorm = 35.7109, GNorm = 0.0495, lr_0 = 1.4110e-04
Loss = 4.9180e-05, PNorm = 35.7112, GNorm = 0.0360, lr_0 = 1.4076e-04
Loss = 4.9835e-05, PNorm = 35.7116, GNorm = 0.0275, lr_0 = 1.4042e-04
Loss = 4.2344e-05, PNorm = 35.7116, GNorm = 0.0304, lr_0 = 1.4009e-04
Loss = 3.6540e-05, PNorm = 35.7117, GNorm = 0.0387, lr_0 = 1.3975e-04
Loss = 3.9402e-05, PNorm = 35.7119, GNorm = 0.0741, lr_0 = 1.3942e-04
Validation mae = nan
Epoch 85
Loss = 1.0029e-04, PNorm = 35.7118, GNorm = 0.1295, lr_0 = 1.3908e-04
Loss = 7.8590e-05, PNorm = 35.7121, GNorm = 0.0508, lr_0 = 1.3875e-04
Loss = 7.7620e-05, PNorm = 35.7125, GNorm = 0.0296, lr_0 = 1.3842e-04
Loss = 6.9450e-05, PNorm = 35.7129, GNorm = 0.0502, lr_0 = 1.3809e-04
Loss = 5.6404e-05, PNorm = 35.7134, GNorm = 0.0435, lr_0 = 1.3776e-04
Loss = 7.3366e-05, PNorm = 35.7136, GNorm = 0.0664, lr_0 = 1.3743e-04
Loss = 7.5850e-05, PNorm = 35.7142, GNorm = 0.0687, lr_0 = 1.3710e-04
Loss = 7.5380e-05, PNorm = 35.7144, GNorm = 0.0568, lr_0 = 1.3677e-04
Loss = 1.1425e-04, PNorm = 35.7145, GNorm = 0.0798, lr_0 = 1.3644e-04
Loss = 9.7435e-05, PNorm = 35.7143, GNorm = 0.0385, lr_0 = 1.3611e-04
Loss = 3.9522e-04, PNorm = 35.7143, GNorm = 0.2549, lr_0 = 1.3608e-04
Validation mae = nan
Epoch 86
Loss = 2.7064e-04, PNorm = 35.7142, GNorm = 0.1924, lr_0 = 1.3576e-04
Loss = 2.9860e-04, PNorm = 35.7144, GNorm = 0.0351, lr_0 = 1.3543e-04
Loss = 2.6122e-04, PNorm = 35.7151, GNorm = 0.1576, lr_0 = 1.3511e-04
Loss = 1.5800e-04, PNorm = 35.7155, GNorm = 0.0729, lr_0 = 1.3478e-04
Loss = 9.3715e-05, PNorm = 35.7161, GNorm = 0.0557, lr_0 = 1.3446e-04
Loss = 6.0172e-05, PNorm = 35.7163, GNorm = 0.0444, lr_0 = 1.3414e-04
Loss = 5.7168e-05, PNorm = 35.7168, GNorm = 0.0314, lr_0 = 1.3382e-04
Loss = 7.3374e-05, PNorm = 35.7173, GNorm = 0.0292, lr_0 = 1.3350e-04
Loss = 7.1567e-05, PNorm = 35.7176, GNorm = 0.0388, lr_0 = 1.3318e-04
Validation mae = nan
Epoch 87
Loss = 1.0367e-04, PNorm = 35.7176, GNorm = 0.1393, lr_0 = 1.3283e-04
Loss = 9.1029e-05, PNorm = 35.7179, GNorm = 0.0498, lr_0 = 1.3251e-04
Loss = 7.7611e-05, PNorm = 35.7180, GNorm = 0.0820, lr_0 = 1.3219e-04
Loss = 6.4020e-05, PNorm = 35.7186, GNorm = 0.0510, lr_0 = 1.3187e-04
Loss = 6.8542e-05, PNorm = 35.7187, GNorm = 0.0758, lr_0 = 1.3156e-04
Loss = 6.9234e-05, PNorm = 35.7191, GNorm = 0.0198, lr_0 = 1.3124e-04
Loss = 6.8597e-05, PNorm = 35.7190, GNorm = 0.0400, lr_0 = 1.3093e-04
Loss = 4.9013e-05, PNorm = 35.7189, GNorm = 0.0234, lr_0 = 1.3062e-04
Loss = 5.7424e-05, PNorm = 35.7190, GNorm = 0.0424, lr_0 = 1.3030e-04
Loss = 7.7406e-05, PNorm = 35.7194, GNorm = 0.1029, lr_0 = 1.2999e-04
Validation mae = nan
Epoch 88
Loss = 6.4938e-05, PNorm = 35.7197, GNorm = 0.0413, lr_0 = 1.2965e-04
Loss = 6.8245e-05, PNorm = 35.7198, GNorm = 0.1193, lr_0 = 1.2934e-04
Loss = 6.6824e-05, PNorm = 35.7201, GNorm = 0.0777, lr_0 = 1.2903e-04
Loss = 5.6648e-05, PNorm = 35.7204, GNorm = 0.0887, lr_0 = 1.2872e-04
Loss = 5.5506e-05, PNorm = 35.7207, GNorm = 0.0153, lr_0 = 1.2841e-04
Loss = 5.1100e-05, PNorm = 35.7206, GNorm = 0.0985, lr_0 = 1.2810e-04
Loss = 1.1693e-04, PNorm = 35.7208, GNorm = 0.1881, lr_0 = 1.2780e-04
Loss = 1.1337e-04, PNorm = 35.7209, GNorm = 0.0587, lr_0 = 1.2749e-04
Loss = 7.5327e-05, PNorm = 35.7212, GNorm = 0.0459, lr_0 = 1.2718e-04
Loss = 3.6750e-05, PNorm = 35.7215, GNorm = 0.0284, lr_0 = 1.2688e-04
Validation mae = nan
Epoch 89
Loss = 3.6027e-05, PNorm = 35.7217, GNorm = 0.0168, lr_0 = 1.2658e-04
Loss = 4.5970e-05, PNorm = 35.7219, GNorm = 0.0285, lr_0 = 1.2627e-04
Loss = 2.6767e-05, PNorm = 35.7220, GNorm = 0.0254, lr_0 = 1.2597e-04
Loss = 3.4583e-05, PNorm = 35.7223, GNorm = 0.0437, lr_0 = 1.2567e-04
Loss = 4.6141e-05, PNorm = 35.7227, GNorm = 0.0649, lr_0 = 1.2537e-04
Loss = 5.5402e-05, PNorm = 35.7229, GNorm = 0.0488, lr_0 = 1.2507e-04
Loss = 7.9754e-05, PNorm = 35.7231, GNorm = 0.1267, lr_0 = 1.2477e-04
Loss = 6.0799e-05, PNorm = 35.7233, GNorm = 0.0248, lr_0 = 1.2447e-04
Loss = 9.7092e-05, PNorm = 35.7234, GNorm = 0.0370, lr_0 = 1.2417e-04
Loss = 7.8314e-05, PNorm = 35.7236, GNorm = 0.0310, lr_0 = 1.2387e-04
Validation mae = nan
Epoch 90
Loss = 7.6134e-05, PNorm = 35.7240, GNorm = 0.0800, lr_0 = 1.2355e-04
Loss = 5.5738e-05, PNorm = 35.7245, GNorm = 0.0224, lr_0 = 1.2325e-04
Loss = 4.5170e-05, PNorm = 35.7247, GNorm = 0.0464, lr_0 = 1.2296e-04
Loss = 4.2940e-05, PNorm = 35.7248, GNorm = 0.0472, lr_0 = 1.2266e-04
Loss = 6.3755e-05, PNorm = 35.7248, GNorm = 0.0396, lr_0 = 1.2237e-04
Loss = 5.0928e-05, PNorm = 35.7251, GNorm = 0.0705, lr_0 = 1.2208e-04
Loss = 5.0872e-05, PNorm = 35.7250, GNorm = 0.0365, lr_0 = 1.2178e-04
Loss = 4.8835e-05, PNorm = 35.7253, GNorm = 0.0433, lr_0 = 1.2149e-04
Loss = 4.7487e-05, PNorm = 35.7254, GNorm = 0.0320, lr_0 = 1.2120e-04
Loss = 5.4704e-05, PNorm = 35.7257, GNorm = 0.0445, lr_0 = 1.2091e-04
Validation mae = nan
Epoch 91
Loss = 5.7284e-05, PNorm = 35.7258, GNorm = 0.0720, lr_0 = 1.2059e-04
Loss = 4.7378e-05, PNorm = 35.7260, GNorm = 0.0484, lr_0 = 1.2030e-04
Loss = 7.1054e-05, PNorm = 35.7262, GNorm = 0.0927, lr_0 = 1.2002e-04
Loss = 1.1063e-04, PNorm = 35.7265, GNorm = 0.1451, lr_0 = 1.1973e-04
Loss = 8.5818e-05, PNorm = 35.7266, GNorm = 0.0541, lr_0 = 1.1944e-04
Loss = 1.3472e-04, PNorm = 35.7270, GNorm = 0.1068, lr_0 = 1.1916e-04
Loss = 1.3269e-04, PNorm = 35.7273, GNorm = 0.0849, lr_0 = 1.1887e-04
Loss = 7.3036e-05, PNorm = 35.7273, GNorm = 0.0652, lr_0 = 1.1859e-04
Loss = 5.6180e-05, PNorm = 35.7274, GNorm = 0.0358, lr_0 = 1.1830e-04
Validation mae = nan
Epoch 92
Loss = 1.1773e-04, PNorm = 35.7277, GNorm = 0.1072, lr_0 = 1.1799e-04
Loss = 8.1556e-05, PNorm = 35.7281, GNorm = 0.0798, lr_0 = 1.1771e-04
Loss = 7.6564e-05, PNorm = 35.7282, GNorm = 0.0841, lr_0 = 1.1743e-04
Loss = 4.3340e-05, PNorm = 35.7286, GNorm = 0.0207, lr_0 = 1.1714e-04
Loss = 6.0445e-05, PNorm = 35.7287, GNorm = 0.0344, lr_0 = 1.1686e-04
Loss = 3.9279e-05, PNorm = 35.7290, GNorm = 0.0631, lr_0 = 1.1658e-04
Loss = 4.8308e-05, PNorm = 35.7292, GNorm = 0.0250, lr_0 = 1.1630e-04
Loss = 4.6201e-05, PNorm = 35.7293, GNorm = 0.0262, lr_0 = 1.1603e-04
Loss = 3.7445e-05, PNorm = 35.7294, GNorm = 0.0225, lr_0 = 1.1575e-04
Loss = 4.3605e-05, PNorm = 35.7296, GNorm = 0.0668, lr_0 = 1.1547e-04
Validation mae = nan
Epoch 93
Loss = 4.8922e-05, PNorm = 35.7296, GNorm = 0.0469, lr_0 = 1.1519e-04
Loss = 4.4886e-05, PNorm = 35.7297, GNorm = 0.0382, lr_0 = 1.1492e-04
Loss = 3.6475e-05, PNorm = 35.7300, GNorm = 0.0174, lr_0 = 1.1464e-04
Loss = 4.5892e-05, PNorm = 35.7304, GNorm = 0.0293, lr_0 = 1.1437e-04
Loss = 5.5752e-05, PNorm = 35.7306, GNorm = 0.0519, lr_0 = 1.1410e-04
Loss = 4.7743e-05, PNorm = 35.7308, GNorm = 0.0543, lr_0 = 1.1382e-04
Loss = 4.2035e-05, PNorm = 35.7308, GNorm = 0.0227, lr_0 = 1.1355e-04
Loss = 5.5791e-05, PNorm = 35.7311, GNorm = 0.0391, lr_0 = 1.1328e-04
Loss = 4.2615e-05, PNorm = 35.7313, GNorm = 0.0458, lr_0 = 1.1301e-04
Loss = 3.4744e-05, PNorm = 35.7313, GNorm = 0.0323, lr_0 = 1.1274e-04
Validation mae = nan
Epoch 94
Loss = 5.8629e-05, PNorm = 35.7313, GNorm = 0.0424, lr_0 = 1.1244e-04
Loss = 4.3325e-05, PNorm = 35.7312, GNorm = 0.0225, lr_0 = 1.1217e-04
Loss = 4.3137e-05, PNorm = 35.7314, GNorm = 0.0400, lr_0 = 1.1190e-04
Loss = 5.5839e-05, PNorm = 35.7317, GNorm = 0.1326, lr_0 = 1.1163e-04
Loss = 7.9923e-05, PNorm = 35.7323, GNorm = 0.0776, lr_0 = 1.1137e-04
Loss = 6.2276e-05, PNorm = 35.7326, GNorm = 0.0956, lr_0 = 1.1110e-04
Loss = 6.7697e-05, PNorm = 35.7326, GNorm = 0.0599, lr_0 = 1.1083e-04
Loss = 6.5343e-05, PNorm = 35.7329, GNorm = 0.0473, lr_0 = 1.1057e-04
Loss = 1.0244e-04, PNorm = 35.7333, GNorm = 0.0734, lr_0 = 1.1030e-04
Loss = 1.0951e-04, PNorm = 35.7334, GNorm = 0.0909, lr_0 = 1.1004e-04
Validation mae = nan
Epoch 95
Loss = 1.2493e-04, PNorm = 35.7336, GNorm = 0.1097, lr_0 = 1.0975e-04
Loss = 1.2636e-04, PNorm = 35.7337, GNorm = 0.0418, lr_0 = 1.0949e-04
Loss = 7.9013e-05, PNorm = 35.7338, GNorm = 0.0551, lr_0 = 1.0922e-04
Loss = 6.6358e-05, PNorm = 35.7344, GNorm = 0.0639, lr_0 = 1.0896e-04
Loss = 4.9748e-05, PNorm = 35.7346, GNorm = 0.0178, lr_0 = 1.0870e-04
Loss = 4.4396e-05, PNorm = 35.7349, GNorm = 0.0521, lr_0 = 1.0844e-04
Loss = 3.7432e-05, PNorm = 35.7351, GNorm = 0.0083, lr_0 = 1.0818e-04
Loss = 3.5161e-05, PNorm = 35.7352, GNorm = 0.0319, lr_0 = 1.0792e-04
Loss = 3.9131e-05, PNorm = 35.7354, GNorm = 0.0583, lr_0 = 1.0766e-04
Loss = 4.0150e-05, PNorm = 35.7356, GNorm = 0.0363, lr_0 = 1.0741e-04
Validation mae = nan
Epoch 96
Loss = 3.0776e-05, PNorm = 35.7359, GNorm = 0.0120, lr_0 = 1.0712e-04
Loss = 2.9173e-05, PNorm = 35.7360, GNorm = 0.0148, lr_0 = 1.0687e-04
Loss = 4.2866e-05, PNorm = 35.7361, GNorm = 0.0555, lr_0 = 1.0661e-04
Loss = 5.7250e-05, PNorm = 35.7364, GNorm = 0.0532, lr_0 = 1.0636e-04
Loss = 4.4695e-05, PNorm = 35.7368, GNorm = 0.0336, lr_0 = 1.0610e-04
Loss = 5.2282e-05, PNorm = 35.7369, GNorm = 0.0945, lr_0 = 1.0585e-04
Loss = 4.9525e-05, PNorm = 35.7370, GNorm = 0.0243, lr_0 = 1.0559e-04
Loss = 5.5231e-05, PNorm = 35.7372, GNorm = 0.0531, lr_0 = 1.0534e-04
Loss = 5.9640e-05, PNorm = 35.7371, GNorm = 0.0374, lr_0 = 1.0509e-04
Loss = 5.2689e-05, PNorm = 35.7371, GNorm = 0.0339, lr_0 = 1.0484e-04
Validation mae = nan
Epoch 97
Loss = 4.9652e-05, PNorm = 35.7372, GNorm = 0.0604, lr_0 = 1.0459e-04
Loss = 5.2286e-05, PNorm = 35.7375, GNorm = 0.0690, lr_0 = 1.0433e-04
Loss = 4.8954e-05, PNorm = 35.7376, GNorm = 0.0850, lr_0 = 1.0409e-04
Loss = 4.9475e-05, PNorm = 35.7378, GNorm = 0.0335, lr_0 = 1.0384e-04
Loss = 5.1243e-05, PNorm = 35.7379, GNorm = 0.0570, lr_0 = 1.0359e-04
Loss = 3.5031e-05, PNorm = 35.7380, GNorm = 0.0145, lr_0 = 1.0334e-04
Loss = 6.1045e-05, PNorm = 35.7383, GNorm = 0.0289, lr_0 = 1.0309e-04
Loss = 5.1009e-05, PNorm = 35.7382, GNorm = 0.0383, lr_0 = 1.0284e-04
Loss = 4.7501e-05, PNorm = 35.7384, GNorm = 0.0703, lr_0 = 1.0260e-04
Validation mae = nan
Epoch 98
Loss = 2.2050e-05, PNorm = 35.7387, GNorm = 0.0139, lr_0 = 1.0233e-04
Loss = 3.8065e-05, PNorm = 35.7390, GNorm = 0.0534, lr_0 = 1.0208e-04
Loss = 4.0443e-05, PNorm = 35.7392, GNorm = 0.0392, lr_0 = 1.0184e-04
Loss = 4.5519e-05, PNorm = 35.7391, GNorm = 0.0413, lr_0 = 1.0159e-04
Loss = 4.0675e-05, PNorm = 35.7395, GNorm = 0.0241, lr_0 = 1.0135e-04
Loss = 6.6395e-05, PNorm = 35.7399, GNorm = 0.1255, lr_0 = 1.0111e-04
Loss = 1.0067e-04, PNorm = 35.7402, GNorm = 0.1069, lr_0 = 1.0087e-04
Loss = 6.7264e-05, PNorm = 35.7403, GNorm = 0.0638, lr_0 = 1.0063e-04
Loss = 5.8005e-05, PNorm = 35.7406, GNorm = 0.0360, lr_0 = 1.0038e-04
Loss = 6.3227e-05, PNorm = 35.7409, GNorm = 0.0807, lr_0 = 1.0014e-04
Validation mae = nan
Epoch 99
Loss = 7.9312e-05, PNorm = 35.7411, GNorm = 0.0580, lr_0 = 1.0000e-04
Loss = 1.0165e-04, PNorm = 35.7415, GNorm = 0.1070, lr_0 = 1.0000e-04
Loss = 1.2884e-04, PNorm = 35.7417, GNorm = 0.0757, lr_0 = 1.0000e-04
Loss = 1.1870e-04, PNorm = 35.7416, GNorm = 0.1062, lr_0 = 1.0000e-04
Loss = 7.4435e-05, PNorm = 35.7420, GNorm = 0.0453, lr_0 = 1.0000e-04
Loss = 7.7727e-05, PNorm = 35.7424, GNorm = 0.0278, lr_0 = 1.0000e-04
Loss = 5.2240e-05, PNorm = 35.7427, GNorm = 0.0559, lr_0 = 1.0000e-04
Loss = 3.7388e-05, PNorm = 35.7429, GNorm = 0.0251, lr_0 = 1.0000e-04
Loss = 3.2571e-05, PNorm = 35.7431, GNorm = 0.0334, lr_0 = 1.0000e-04
Loss = 4.0278e-05, PNorm = 35.7432, GNorm = 0.0397, lr_0 = 1.0000e-04
Validation mae = nan
Model 0 best validation mae = inf on epoch 0
Loading pretrained parameter "encoder.encoder.0.cached_zero_vector".
Loading pretrained parameter "encoder.encoder.0.W_i.weight".
Loading pretrained parameter "encoder.encoder.0.W_h.weight".
Loading pretrained parameter "encoder.encoder.0.W_o.weight".
Loading pretrained parameter "encoder.encoder.0.W_o.bias".
Loading pretrained parameter "ffn.1.weight".
Loading pretrained parameter "ffn.1.bias".
Loading pretrained parameter "ffn.4.weight".
Loading pretrained parameter "ffn.4.bias".
Moving model to cuda
Model 0 test mae = nan
Ensemble test mae = nan
1-fold cross validation
	Seed 0 ==> test mae = nan
Overall test mae = nan +/- nan
Elapsed time = 0:06:27
