Command line
python train.py --data_path data/data_0.5_random0/cp.csv --smiles_columns smiles --target_columns cp --dataset_type regression --split_sizes 1.0 0.0 0.0 --features_generator rdkit_2d --features_columns T --save_dir data/data_0.5_random0/cp --save_preds --epochs 100 --metric mae
Args
{'activation': 'ReLU',
 'aggregation': 'mean',
 'aggregation_norm': 100,
 'atom_descriptor_scaling': True,
 'atom_descriptors': None,
 'atom_descriptors_path': None,
 'atom_descriptors_size': 0,
 'atom_features_size': 0,
 'atom_messages': False,
 'batch_size': 50,
 'bias': False,
 'bond_feature_scaling': True,
 'bond_features_path': None,
 'bond_features_size': 0,
 'cache_cutoff': 10000,
 'checkpoint_dir': None,
 'checkpoint_path': None,
 'checkpoint_paths': None,
 'class_balance': False,
 'config_path': None,
 'crossval_index_dir': None,
 'crossval_index_file': None,
 'crossval_index_sets': None,
 'cuda': True,
 'data_path': 'data/data_0.5_random0/cp.csv',
 'dataset_type': 'regression',
 'depth': 3,
 'device': device(type='cuda'),
 'dropout': 0.0,
 'empty_cache': False,
 'ensemble_size': 1,
 'epochs': 100,
 'explicit_h': False,
 'extra_metrics': [],
 'features_columns': ['T'],
 'features_generator': ['rdkit_2d'],
 'features_only': False,
 'features_path': None,
 'features_scaling': True,
 'features_size': None,
 'ffn_hidden_size': 300,
 'ffn_num_layers': 2,
 'final_lr': 0.0001,
 'folds_file': None,
 'gpu': None,
 'grad_clip': None,
 'hidden_size': 300,
 'ignore_columns': None,
 'init_lr': 0.0001,
 'log_frequency': 10,
 'max_data_size': None,
 'max_lr': 0.001,
 'metric': 'mae',
 'metrics': ['mae'],
 'minimize_score': True,
 'mpn_shared': False,
 'multiclass_num_classes': 3,
 'no_atom_descriptor_scaling': False,
 'no_bond_features_scaling': False,
 'no_cache_mol': False,
 'no_cuda': False,
 'no_features_scaling': False,
 'num_folds': 1,
 'num_lrs': 1,
 'num_tasks': 1,
 'num_workers': 8,
 'number_of_molecules': 1,
 'overwrite_default_atom_features': False,
 'overwrite_default_bond_features': False,
 'pytorch_seed': 0,
 'quiet': False,
 'reaction': False,
 'reaction_mode': 'reac_diff',
 'resume_experiment': False,
 'save_dir': 'data/data_0.5_random0/cp',
 'save_preds': True,
 'save_smiles_splits': False,
 'seed': 0,
 'separate_test_atom_descriptors_path': None,
 'separate_test_bond_features_path': None,
 'separate_test_features_path': None,
 'separate_test_path': None,
 'separate_val_atom_descriptors_path': None,
 'separate_val_bond_features_path': None,
 'separate_val_features_path': None,
 'separate_val_path': None,
 'show_individual_scores': False,
 'smiles_columns': ['smiles'],
 'split_sizes': (1.0, 0.0, 0.0),
 'split_type': 'random',
 'target_columns': ['cp'],
 'task_names': ['cp'],
 'test': False,
 'test_fold_index': None,
 'train_data_size': None,
 'undirected': False,
 'use_input_features': True,
 'val_fold_index': None,
 'warmup_epochs': 2.0}
Loading data
Number of tasks = 1
Fold 0
Splitting data with seed 0
Total size = 4,994 | train size = 4,994 | val size = 0 | test size = 0
Fitting scaler
Building model 0
MoleculeModel(
  (encoder): MPN(
    (encoder): ModuleList(
      (0): MPNEncoder(
        (dropout_layer): Dropout(p=0.0, inplace=False)
        (act_func): ReLU()
        (W_i): Linear(in_features=147, out_features=300, bias=False)
        (W_h): Linear(in_features=300, out_features=300, bias=False)
        (W_o): Linear(in_features=433, out_features=300, bias=True)
      )
    )
  )
  (ffn): Sequential(
    (0): Dropout(p=0.0, inplace=False)
    (1): Linear(in_features=501, out_features=300, bias=True)
    (2): ReLU()
    (3): Dropout(p=0.0, inplace=False)
    (4): Linear(in_features=300, out_features=1, bias=True)
  )
)
Number of parameters = 415,201
Moving model to cuda
Epoch 0
Loss = 1.0733e+00, PNorm = 35.0913, GNorm = 2.7339, lr_0 = 1.5000e-04
Loss = 7.8266e-01, PNorm = 35.0937, GNorm = 4.1034, lr_0 = 1.9545e-04
Loss = 6.4798e-01, PNorm = 35.0973, GNorm = 2.5310, lr_0 = 2.4091e-04
Loss = 5.2915e-01, PNorm = 35.1010, GNorm = 2.1943, lr_0 = 2.8636e-04
Loss = 4.4890e-01, PNorm = 35.1054, GNorm = 4.9691, lr_0 = 3.3182e-04
Loss = 3.6337e-01, PNorm = 35.1094, GNorm = 3.6734, lr_0 = 3.7727e-04
Loss = 2.9656e-01, PNorm = 35.1149, GNorm = 2.7660, lr_0 = 4.2273e-04
Loss = 2.3826e-01, PNorm = 35.1188, GNorm = 2.4377, lr_0 = 4.6818e-04
Loss = 1.4412e-01, PNorm = 35.1220, GNorm = 1.8225, lr_0 = 5.1364e-04
Validation mae = nan
Epoch 1
Loss = 7.8218e-02, PNorm = 35.1269, GNorm = 3.6267, lr_0 = 5.6364e-04
Loss = 7.1474e-02, PNorm = 35.1303, GNorm = 1.2839, lr_0 = 6.0909e-04
Loss = 3.3946e-02, PNorm = 35.1329, GNorm = 0.7390, lr_0 = 6.5455e-04
Loss = 1.8951e-02, PNorm = 35.1355, GNorm = 0.8298, lr_0 = 7.0000e-04
Loss = 1.7574e-02, PNorm = 35.1367, GNorm = 2.2865, lr_0 = 7.4545e-04
Loss = 1.0056e-02, PNorm = 35.1369, GNorm = 0.7490, lr_0 = 7.9091e-04
Loss = 8.5495e-03, PNorm = 35.1373, GNorm = 0.4603, lr_0 = 8.3636e-04
Loss = 7.8336e-03, PNorm = 35.1374, GNorm = 0.3956, lr_0 = 8.8182e-04
Loss = 1.1373e-02, PNorm = 35.1367, GNorm = 2.7124, lr_0 = 9.2727e-04
Loss = 8.0921e-03, PNorm = 35.1361, GNorm = 0.8178, lr_0 = 9.7273e-04
Validation mae = nan
Epoch 2
Loss = 1.6897e-02, PNorm = 35.1356, GNorm = 2.3080, lr_0 = 9.9905e-04
Loss = 1.3475e-02, PNorm = 35.1348, GNorm = 2.6471, lr_0 = 9.9668e-04
Loss = 1.3812e-02, PNorm = 35.1335, GNorm = 1.4566, lr_0 = 9.9432e-04
Loss = 8.6954e-03, PNorm = 35.1345, GNorm = 1.0861, lr_0 = 9.9196e-04
Loss = 7.9550e-03, PNorm = 35.1357, GNorm = 0.7217, lr_0 = 9.8961e-04
Loss = 7.9224e-03, PNorm = 35.1362, GNorm = 0.6967, lr_0 = 9.8727e-04
Loss = 8.2895e-03, PNorm = 35.1364, GNorm = 0.6000, lr_0 = 9.8493e-04
Loss = 9.8110e-03, PNorm = 35.1356, GNorm = 0.7277, lr_0 = 9.8259e-04
Loss = 7.8921e-03, PNorm = 35.1363, GNorm = 0.6549, lr_0 = 9.8026e-04
Loss = 8.6877e-03, PNorm = 35.1367, GNorm = 0.9560, lr_0 = 9.7794e-04
Validation mae = nan
Epoch 3
Loss = 8.8485e-03, PNorm = 35.1363, GNorm = 0.5103, lr_0 = 9.7562e-04
Loss = 1.1011e-02, PNorm = 35.1358, GNorm = 0.6253, lr_0 = 9.7331e-04
Loss = 8.1720e-03, PNorm = 35.1365, GNorm = 0.4915, lr_0 = 9.7100e-04
Loss = 7.2144e-03, PNorm = 35.1371, GNorm = 1.2131, lr_0 = 9.6870e-04
Loss = 7.4933e-03, PNorm = 35.1376, GNorm = 1.2258, lr_0 = 9.6640e-04
Loss = 1.0036e-02, PNorm = 35.1379, GNorm = 2.0933, lr_0 = 9.6411e-04
Loss = 1.0534e-02, PNorm = 35.1377, GNorm = 0.8408, lr_0 = 9.6183e-04
Loss = 9.3616e-03, PNorm = 35.1374, GNorm = 0.5493, lr_0 = 9.5955e-04
Loss = 9.7598e-03, PNorm = 35.1379, GNorm = 1.1229, lr_0 = 9.5727e-04
Loss = 7.3139e-03, PNorm = 35.1384, GNorm = 1.0040, lr_0 = 9.5500e-04
Validation mae = nan
Epoch 4
Loss = 5.9383e-03, PNorm = 35.1385, GNorm = 0.6932, lr_0 = 9.5274e-04
Loss = 6.3998e-03, PNorm = 35.1387, GNorm = 0.4441, lr_0 = 9.5048e-04
Loss = 7.2501e-03, PNorm = 35.1394, GNorm = 0.2847, lr_0 = 9.4823e-04
Loss = 6.3438e-03, PNorm = 35.1401, GNorm = 0.9690, lr_0 = 9.4598e-04
Loss = 8.3614e-03, PNorm = 35.1409, GNorm = 0.4862, lr_0 = 9.4374e-04
Loss = 6.8857e-03, PNorm = 35.1417, GNorm = 0.3106, lr_0 = 9.4150e-04
Loss = 5.8246e-03, PNorm = 35.1416, GNorm = 0.7430, lr_0 = 9.3927e-04
Loss = 8.1788e-03, PNorm = 35.1413, GNorm = 1.5435, lr_0 = 9.3704e-04
Loss = 9.7442e-03, PNorm = 35.1408, GNorm = 1.8365, lr_0 = 9.3482e-04
Loss = 8.3089e-03, PNorm = 35.1409, GNorm = 0.9643, lr_0 = 9.3260e-04
Validation mae = nan
Epoch 5
Loss = 6.9912e-03, PNorm = 35.1422, GNorm = 0.5040, lr_0 = 9.3039e-04
Loss = 6.1919e-03, PNorm = 35.1436, GNorm = 1.0817, lr_0 = 9.2819e-04
Loss = 6.7071e-03, PNorm = 35.1439, GNorm = 0.9932, lr_0 = 9.2599e-04
Loss = 4.9050e-03, PNorm = 35.1443, GNorm = 0.5359, lr_0 = 9.2379e-04
Loss = 4.8867e-03, PNorm = 35.1447, GNorm = 0.5481, lr_0 = 9.2160e-04
Loss = 4.6820e-03, PNorm = 35.1450, GNorm = 0.3034, lr_0 = 9.1942e-04
Loss = 5.3243e-03, PNorm = 35.1453, GNorm = 0.3267, lr_0 = 9.1724e-04
Loss = 4.9794e-03, PNorm = 35.1455, GNorm = 0.3470, lr_0 = 9.1506e-04
Loss = 4.2574e-03, PNorm = 35.1460, GNorm = 0.3337, lr_0 = 9.1289e-04
Loss = 4.1032e-03, PNorm = 35.1461, GNorm = 0.2443, lr_0 = 9.1073e-04
Validation mae = nan
Epoch 6
Loss = 6.0779e-03, PNorm = 35.1458, GNorm = 0.9853, lr_0 = 9.0857e-04
Loss = 4.4489e-03, PNorm = 35.1456, GNorm = 0.3511, lr_0 = 9.0642e-04
Loss = 4.5603e-03, PNorm = 35.1457, GNorm = 0.6935, lr_0 = 9.0427e-04
Loss = 4.1778e-03, PNorm = 35.1461, GNorm = 0.4877, lr_0 = 9.0213e-04
Loss = 4.5453e-03, PNorm = 35.1466, GNorm = 0.2324, lr_0 = 8.9999e-04
Loss = 4.7139e-03, PNorm = 35.1471, GNorm = 0.1649, lr_0 = 8.9785e-04
Loss = 5.2656e-03, PNorm = 35.1470, GNorm = 0.7468, lr_0 = 8.9573e-04
Loss = 4.8924e-03, PNorm = 35.1475, GNorm = 0.6756, lr_0 = 8.9360e-04
Loss = 5.2754e-03, PNorm = 35.1471, GNorm = 0.3238, lr_0 = 8.9148e-04
Loss = 3.7963e-03, PNorm = 35.1478, GNorm = 0.5146, lr_0 = 8.8937e-04
Validation mae = nan
Epoch 7
Loss = 5.0212e-03, PNorm = 35.1484, GNorm = 1.0458, lr_0 = 8.8726e-04
Loss = 4.7694e-03, PNorm = 35.1486, GNorm = 0.6675, lr_0 = 8.8516e-04
Loss = 5.6373e-03, PNorm = 35.1486, GNorm = 0.7665, lr_0 = 8.8306e-04
Loss = 5.7906e-03, PNorm = 35.1494, GNorm = 0.3111, lr_0 = 8.8097e-04
Loss = 4.5641e-03, PNorm = 35.1506, GNorm = 0.7331, lr_0 = 8.7888e-04
Loss = 4.8117e-03, PNorm = 35.1516, GNorm = 0.5650, lr_0 = 8.7680e-04
Loss = 3.8552e-03, PNorm = 35.1520, GNorm = 0.3342, lr_0 = 8.7472e-04
Loss = 3.4469e-03, PNorm = 35.1525, GNorm = 0.2576, lr_0 = 8.7264e-04
Loss = 2.8777e-03, PNorm = 35.1533, GNorm = 0.3050, lr_0 = 8.7058e-04
Loss = 3.5627e-03, PNorm = 35.1539, GNorm = 0.4387, lr_0 = 8.6851e-04
Validation mae = nan
Epoch 8
Loss = 3.7770e-03, PNorm = 35.1543, GNorm = 0.3379, lr_0 = 8.6645e-04
Loss = 4.3886e-03, PNorm = 35.1549, GNorm = 0.4514, lr_0 = 8.6440e-04
Loss = 2.7347e-03, PNorm = 35.1555, GNorm = 0.2103, lr_0 = 8.6235e-04
Loss = 3.1745e-03, PNorm = 35.1565, GNorm = 0.2348, lr_0 = 8.6031e-04
Loss = 3.8495e-03, PNorm = 35.1574, GNorm = 0.3161, lr_0 = 8.5827e-04
Loss = 4.0199e-03, PNorm = 35.1579, GNorm = 0.6657, lr_0 = 8.5623e-04
Loss = 5.3192e-03, PNorm = 35.1580, GNorm = 0.5392, lr_0 = 8.5420e-04
Loss = 5.3037e-03, PNorm = 35.1588, GNorm = 0.6764, lr_0 = 8.5218e-04
Loss = 6.2280e-03, PNorm = 35.1595, GNorm = 0.6600, lr_0 = 8.5016e-04
Loss = 5.2808e-03, PNorm = 35.1606, GNorm = 0.6890, lr_0 = 8.4814e-04
Validation mae = nan
Epoch 9
Loss = 5.8109e-03, PNorm = 35.1641, GNorm = 0.6351, lr_0 = 8.4593e-04
Loss = 6.3069e-03, PNorm = 35.1655, GNorm = 1.0963, lr_0 = 8.4393e-04
Loss = 7.4919e-03, PNorm = 35.1668, GNorm = 0.9156, lr_0 = 8.4192e-04
Loss = 5.4373e-03, PNorm = 35.1673, GNorm = 0.4535, lr_0 = 8.3993e-04
Loss = 5.0410e-03, PNorm = 35.1686, GNorm = 0.5129, lr_0 = 8.3794e-04
Loss = 4.6588e-03, PNorm = 35.1702, GNorm = 0.4241, lr_0 = 8.3595e-04
Loss = 3.9440e-03, PNorm = 35.1709, GNorm = 0.6381, lr_0 = 8.3397e-04
Loss = 3.8542e-03, PNorm = 35.1710, GNorm = 0.5341, lr_0 = 8.3199e-04
Loss = 4.5086e-03, PNorm = 35.1722, GNorm = 0.3441, lr_0 = 8.3002e-04
Loss = 4.2226e-03, PNorm = 35.1746, GNorm = 0.4427, lr_0 = 8.2805e-04
Validation mae = nan
Epoch 10
Loss = 3.9564e-03, PNorm = 35.1756, GNorm = 0.4982, lr_0 = 8.2609e-04
Loss = 3.6535e-03, PNorm = 35.1766, GNorm = 0.4261, lr_0 = 8.2413e-04
Loss = 2.7408e-03, PNorm = 35.1777, GNorm = 0.4068, lr_0 = 8.2218e-04
Loss = 2.9162e-03, PNorm = 35.1786, GNorm = 0.3429, lr_0 = 8.2023e-04
Loss = 3.5108e-03, PNorm = 35.1790, GNorm = 0.3851, lr_0 = 8.1828e-04
Loss = 3.2275e-03, PNorm = 35.1798, GNorm = 0.2672, lr_0 = 8.1635e-04
Loss = 2.7392e-03, PNorm = 35.1804, GNorm = 0.2186, lr_0 = 8.1441e-04
Loss = 2.1069e-03, PNorm = 35.1807, GNorm = 0.1855, lr_0 = 8.1248e-04
Loss = 2.1712e-03, PNorm = 35.1815, GNorm = 0.2473, lr_0 = 8.1055e-04
Loss = 2.5519e-03, PNorm = 35.1821, GNorm = 0.1571, lr_0 = 8.0863e-04
Validation mae = nan
Epoch 11
Loss = 3.4589e-03, PNorm = 35.1829, GNorm = 0.1803, lr_0 = 8.0672e-04
Loss = 3.4021e-03, PNorm = 35.1837, GNorm = 0.8878, lr_0 = 8.0480e-04
Loss = 2.9091e-03, PNorm = 35.1852, GNorm = 0.2264, lr_0 = 8.0290e-04
Loss = 2.7792e-03, PNorm = 35.1863, GNorm = 0.5149, lr_0 = 8.0099e-04
Loss = 2.5783e-03, PNorm = 35.1879, GNorm = 0.3893, lr_0 = 7.9909e-04
Loss = 2.8118e-03, PNorm = 35.1889, GNorm = 0.6870, lr_0 = 7.9720e-04
Loss = 3.1868e-03, PNorm = 35.1900, GNorm = 0.2806, lr_0 = 7.9531e-04
Loss = 5.0854e-03, PNorm = 35.1909, GNorm = 0.7656, lr_0 = 7.9342e-04
Loss = 4.3194e-03, PNorm = 35.1927, GNorm = 0.2748, lr_0 = 7.9154e-04
Loss = 2.8350e-03, PNorm = 35.1940, GNorm = 0.3628, lr_0 = 7.8967e-04
Validation mae = nan
Epoch 12
Loss = 2.4673e-03, PNorm = 35.1952, GNorm = 0.2533, lr_0 = 7.8779e-04
Loss = 3.0221e-03, PNorm = 35.1967, GNorm = 0.4653, lr_0 = 7.8593e-04
Loss = 2.7622e-03, PNorm = 35.1983, GNorm = 0.2024, lr_0 = 7.8406e-04
Loss = 2.0559e-03, PNorm = 35.1997, GNorm = 0.2201, lr_0 = 7.8221e-04
Loss = 1.8087e-03, PNorm = 35.2012, GNorm = 0.0863, lr_0 = 7.8035e-04
Loss = 1.7099e-03, PNorm = 35.2024, GNorm = 0.1451, lr_0 = 7.7850e-04
Loss = 2.0215e-03, PNorm = 35.2036, GNorm = 0.1660, lr_0 = 7.7666e-04
Loss = 2.4356e-03, PNorm = 35.2045, GNorm = 0.5496, lr_0 = 7.7482e-04
Loss = 2.3599e-03, PNorm = 35.2057, GNorm = 0.3610, lr_0 = 7.7298e-04
Loss = 2.3143e-03, PNorm = 35.2075, GNorm = 0.2940, lr_0 = 7.7115e-04
Validation mae = nan
Epoch 13
Loss = 2.6329e-03, PNorm = 35.2092, GNorm = 0.4105, lr_0 = 7.6932e-04
Loss = 2.6474e-03, PNorm = 35.2104, GNorm = 0.3036, lr_0 = 7.6749e-04
Loss = 2.2655e-03, PNorm = 35.2122, GNorm = 0.2725, lr_0 = 7.6568e-04
Loss = 2.1585e-03, PNorm = 35.2139, GNorm = 0.3035, lr_0 = 7.6386e-04
Loss = 2.3965e-03, PNorm = 35.2155, GNorm = 0.3318, lr_0 = 7.6205e-04
Loss = 2.0223e-03, PNorm = 35.2180, GNorm = 0.1269, lr_0 = 7.6024e-04
Loss = 1.7213e-03, PNorm = 35.2199, GNorm = 0.1649, lr_0 = 7.5844e-04
Loss = 1.9976e-03, PNorm = 35.2218, GNorm = 0.5574, lr_0 = 7.5664e-04
Loss = 2.6478e-03, PNorm = 35.2236, GNorm = 0.3746, lr_0 = 7.5485e-04
Loss = 2.6217e-03, PNorm = 35.2255, GNorm = 0.3142, lr_0 = 7.5306e-04
Validation mae = nan
Epoch 14
Loss = 3.5889e-03, PNorm = 35.2273, GNorm = 0.4149, lr_0 = 7.5127e-04
Loss = 2.8248e-03, PNorm = 35.2287, GNorm = 0.4988, lr_0 = 7.4949e-04
Loss = 3.3324e-03, PNorm = 35.2301, GNorm = 0.3364, lr_0 = 7.4772e-04
Loss = 3.1973e-03, PNorm = 35.2318, GNorm = 0.5604, lr_0 = 7.4594e-04
Loss = 3.0198e-03, PNorm = 35.2336, GNorm = 0.8211, lr_0 = 7.4418e-04
Loss = 2.6697e-03, PNorm = 35.2361, GNorm = 0.1606, lr_0 = 7.4241e-04
Loss = 1.9382e-03, PNorm = 35.2389, GNorm = 0.2349, lr_0 = 7.4065e-04
Loss = 2.6823e-03, PNorm = 35.2414, GNorm = 0.1425, lr_0 = 7.3890e-04
Loss = 2.2148e-03, PNorm = 35.2430, GNorm = 0.4015, lr_0 = 7.3715e-04
Loss = 2.0582e-03, PNorm = 35.2449, GNorm = 0.1821, lr_0 = 7.3540e-04
Validation mae = nan
Epoch 15
Loss = 1.5665e-03, PNorm = 35.2470, GNorm = 0.1212, lr_0 = 7.3365e-04
Loss = 2.5698e-03, PNorm = 35.2485, GNorm = 0.2508, lr_0 = 7.3192e-04
Loss = 2.8860e-03, PNorm = 35.2489, GNorm = 0.6334, lr_0 = 7.3018e-04
Loss = 2.4868e-03, PNorm = 35.2507, GNorm = 0.3702, lr_0 = 7.2845e-04
Loss = 2.1478e-03, PNorm = 35.2526, GNorm = 0.1940, lr_0 = 7.2672e-04
Loss = 2.3633e-03, PNorm = 35.2541, GNorm = 0.1880, lr_0 = 7.2500e-04
Loss = 1.7094e-03, PNorm = 35.2560, GNorm = 0.1437, lr_0 = 7.2328e-04
Loss = 2.0701e-03, PNorm = 35.2578, GNorm = 0.1061, lr_0 = 7.2157e-04
Loss = 2.2320e-03, PNorm = 35.2594, GNorm = 0.5248, lr_0 = 7.1986e-04
Loss = 1.9661e-03, PNorm = 35.2617, GNorm = 0.2588, lr_0 = 7.1815e-04
Validation mae = nan
Epoch 16
Loss = 1.5477e-03, PNorm = 35.2641, GNorm = 0.1674, lr_0 = 7.1645e-04
Loss = 1.4519e-03, PNorm = 35.2663, GNorm = 0.2243, lr_0 = 7.1475e-04
Loss = 1.7826e-03, PNorm = 35.2682, GNorm = 0.4549, lr_0 = 7.1306e-04
Loss = 2.0829e-03, PNorm = 35.2701, GNorm = 0.6429, lr_0 = 7.1136e-04
Loss = 2.3257e-03, PNorm = 35.2722, GNorm = 0.2242, lr_0 = 7.0968e-04
Loss = 2.3148e-03, PNorm = 35.2747, GNorm = 0.5107, lr_0 = 7.0800e-04
Loss = 2.5232e-03, PNorm = 35.2767, GNorm = 0.6597, lr_0 = 7.0632e-04
Loss = 2.3824e-03, PNorm = 35.2783, GNorm = 0.2142, lr_0 = 7.0464e-04
Loss = 2.6326e-03, PNorm = 35.2815, GNorm = 0.2797, lr_0 = 7.0297e-04
Loss = 2.3933e-03, PNorm = 35.2848, GNorm = 0.3962, lr_0 = 7.0131e-04
Validation mae = nan
Epoch 17
Loss = 1.6063e-03, PNorm = 35.2876, GNorm = 0.1395, lr_0 = 6.9948e-04
Loss = 1.6276e-03, PNorm = 35.2890, GNorm = 0.2878, lr_0 = 6.9782e-04
Loss = 1.8810e-03, PNorm = 35.2912, GNorm = 0.3122, lr_0 = 6.9617e-04
Loss = 1.5147e-03, PNorm = 35.2937, GNorm = 0.1315, lr_0 = 6.9452e-04
Loss = 1.6930e-03, PNorm = 35.2961, GNorm = 0.3304, lr_0 = 6.9287e-04
Loss = 1.7524e-03, PNorm = 35.2981, GNorm = 0.4102, lr_0 = 6.9123e-04
Loss = 1.6772e-03, PNorm = 35.3002, GNorm = 0.1306, lr_0 = 6.8959e-04
Loss = 1.6560e-03, PNorm = 35.3024, GNorm = 0.2028, lr_0 = 6.8795e-04
Loss = 2.5750e-03, PNorm = 35.3050, GNorm = 0.2889, lr_0 = 6.8632e-04
Loss = 2.0851e-03, PNorm = 35.3079, GNorm = 0.1666, lr_0 = 6.8470e-04
Validation mae = nan
Epoch 18
Loss = 1.4727e-03, PNorm = 35.3101, GNorm = 0.3776, lr_0 = 6.8307e-04
Loss = 2.7927e-03, PNorm = 35.3120, GNorm = 0.5541, lr_0 = 6.8145e-04
Loss = 3.1357e-03, PNorm = 35.3146, GNorm = 0.4012, lr_0 = 6.7984e-04
Loss = 3.5629e-03, PNorm = 35.3170, GNorm = 0.5091, lr_0 = 6.7823e-04
Loss = 3.8947e-03, PNorm = 35.3196, GNorm = 0.5871, lr_0 = 6.7662e-04
Loss = 2.8046e-03, PNorm = 35.3231, GNorm = 0.2501, lr_0 = 6.7502e-04
Loss = 1.9179e-03, PNorm = 35.3261, GNorm = 0.2468, lr_0 = 6.7342e-04
Loss = 2.6228e-03, PNorm = 35.3297, GNorm = 0.5935, lr_0 = 6.7182e-04
Loss = 2.4254e-03, PNorm = 35.3325, GNorm = 0.2744, lr_0 = 6.7023e-04
Loss = 2.9760e-03, PNorm = 35.3347, GNorm = 0.4224, lr_0 = 6.6864e-04
Validation mae = nan
Epoch 19
Loss = 2.6898e-03, PNorm = 35.3369, GNorm = 0.4803, lr_0 = 6.6705e-04
Loss = 2.3316e-03, PNorm = 35.3387, GNorm = 0.3628, lr_0 = 6.6547e-04
Loss = 2.2566e-03, PNorm = 35.3407, GNorm = 0.4971, lr_0 = 6.6389e-04
Loss = 2.0023e-03, PNorm = 35.3430, GNorm = 0.1370, lr_0 = 6.6232e-04
Loss = 2.2146e-03, PNorm = 35.3460, GNorm = 0.6749, lr_0 = 6.6075e-04
Loss = 5.6583e-03, PNorm = 35.3482, GNorm = 0.4004, lr_0 = 6.5918e-04
Loss = 4.1416e-03, PNorm = 35.3502, GNorm = 0.6012, lr_0 = 6.5762e-04
Loss = 2.5061e-03, PNorm = 35.3522, GNorm = 0.2148, lr_0 = 6.5606e-04
Loss = 2.4413e-03, PNorm = 35.3546, GNorm = 0.3632, lr_0 = 6.5451e-04
Loss = 1.6985e-03, PNorm = 35.3570, GNorm = 0.1079, lr_0 = 6.5296e-04
Validation mae = nan
Epoch 20
Loss = 1.3031e-03, PNorm = 35.3593, GNorm = 0.2046, lr_0 = 6.5141e-04
Loss = 1.6722e-03, PNorm = 35.3615, GNorm = 0.2435, lr_0 = 6.4986e-04
Loss = 1.6567e-03, PNorm = 35.3647, GNorm = 0.3203, lr_0 = 6.4832e-04
Loss = 2.5140e-03, PNorm = 35.3665, GNorm = 0.3815, lr_0 = 6.4679e-04
Loss = 1.6053e-03, PNorm = 35.3684, GNorm = 0.1209, lr_0 = 6.4525e-04
Loss = 2.0291e-03, PNorm = 35.3713, GNorm = 0.2210, lr_0 = 6.4372e-04
Loss = 1.7098e-03, PNorm = 35.3744, GNorm = 0.4387, lr_0 = 6.4220e-04
Loss = 1.4716e-03, PNorm = 35.3770, GNorm = 0.3599, lr_0 = 6.4068e-04
Loss = 1.8538e-03, PNorm = 35.3793, GNorm = 0.3018, lr_0 = 6.3916e-04
Loss = 2.1381e-03, PNorm = 35.3813, GNorm = 0.2780, lr_0 = 6.3764e-04
Validation mae = nan
Epoch 21
Loss = 2.8495e-03, PNorm = 35.3835, GNorm = 0.7486, lr_0 = 6.3613e-04
Loss = 3.0862e-03, PNorm = 35.3861, GNorm = 0.3227, lr_0 = 6.3462e-04
Loss = 3.6305e-03, PNorm = 35.3894, GNorm = 0.5628, lr_0 = 6.3312e-04
Loss = 2.8886e-03, PNorm = 35.3916, GNorm = 0.3120, lr_0 = 6.3162e-04
Loss = 1.9318e-03, PNorm = 35.3942, GNorm = 0.0718, lr_0 = 6.3012e-04
Loss = 1.6131e-03, PNorm = 35.3964, GNorm = 0.3680, lr_0 = 6.2863e-04
Loss = 1.4403e-03, PNorm = 35.3985, GNorm = 0.1254, lr_0 = 6.2714e-04
Loss = 1.4689e-03, PNorm = 35.4000, GNorm = 0.5127, lr_0 = 6.2565e-04
Loss = 1.5124e-03, PNorm = 35.4020, GNorm = 0.4437, lr_0 = 6.2417e-04
Loss = 2.0638e-03, PNorm = 35.4039, GNorm = 0.2989, lr_0 = 6.2269e-04
Validation mae = nan
Epoch 22
Loss = 2.1841e-03, PNorm = 35.4065, GNorm = 0.4621, lr_0 = 6.2121e-04
Loss = 2.3059e-03, PNorm = 35.4093, GNorm = 0.4192, lr_0 = 6.1974e-04
Loss = 2.1680e-03, PNorm = 35.4119, GNorm = 0.2073, lr_0 = 6.1827e-04
Loss = 1.5579e-03, PNorm = 35.4144, GNorm = 0.1421, lr_0 = 6.1680e-04
Loss = 1.2100e-03, PNorm = 35.4173, GNorm = 0.0991, lr_0 = 6.1534e-04
Loss = 1.3963e-03, PNorm = 35.4201, GNorm = 0.0917, lr_0 = 6.1388e-04
Loss = 1.3131e-03, PNorm = 35.4222, GNorm = 0.1587, lr_0 = 6.1243e-04
Loss = 1.6700e-03, PNorm = 35.4248, GNorm = 0.1907, lr_0 = 6.1098e-04
Loss = 1.4502e-03, PNorm = 35.4271, GNorm = 0.5950, lr_0 = 6.0953e-04
Loss = 1.6080e-03, PNorm = 35.4290, GNorm = 0.5442, lr_0 = 6.0808e-04
Validation mae = nan
Epoch 23
Loss = 1.7384e-03, PNorm = 35.4317, GNorm = 0.2937, lr_0 = 6.0664e-04
Loss = 1.6033e-03, PNorm = 35.4344, GNorm = 0.1703, lr_0 = 6.0520e-04
Loss = 1.3297e-03, PNorm = 35.4368, GNorm = 0.3989, lr_0 = 6.0377e-04
Loss = 1.1204e-03, PNorm = 35.4395, GNorm = 0.2305, lr_0 = 6.0234e-04
Loss = 1.2124e-03, PNorm = 35.4408, GNorm = 0.2329, lr_0 = 6.0091e-04
Loss = 1.5404e-03, PNorm = 35.4431, GNorm = 0.4200, lr_0 = 5.9948e-04
Loss = 1.2272e-03, PNorm = 35.4453, GNorm = 0.1352, lr_0 = 5.9806e-04
Loss = 1.2694e-03, PNorm = 35.4480, GNorm = 0.0795, lr_0 = 5.9665e-04
Loss = 1.0669e-03, PNorm = 35.4512, GNorm = 0.1873, lr_0 = 5.9523e-04
Loss = 1.0698e-03, PNorm = 35.4539, GNorm = 0.1258, lr_0 = 5.9382e-04
Validation mae = nan
Epoch 24
Loss = 9.1863e-04, PNorm = 35.4565, GNorm = 0.0766, lr_0 = 5.9241e-04
Loss = 1.0250e-03, PNorm = 35.4591, GNorm = 0.3740, lr_0 = 5.9101e-04
Loss = 1.4943e-03, PNorm = 35.4620, GNorm = 0.1063, lr_0 = 5.8961e-04
Loss = 1.3217e-03, PNorm = 35.4647, GNorm = 0.3998, lr_0 = 5.8821e-04
Loss = 1.4394e-03, PNorm = 35.4679, GNorm = 0.0829, lr_0 = 5.8682e-04
Loss = 1.1689e-03, PNorm = 35.4698, GNorm = 0.2614, lr_0 = 5.8542e-04
Loss = 1.1833e-03, PNorm = 35.4724, GNorm = 0.4170, lr_0 = 5.8404e-04
Loss = 1.3905e-03, PNorm = 35.4753, GNorm = 0.2128, lr_0 = 5.8265e-04
Loss = 1.5638e-03, PNorm = 35.4790, GNorm = 0.4003, lr_0 = 5.8127e-04
Loss = 1.2648e-03, PNorm = 35.4816, GNorm = 0.1457, lr_0 = 5.7989e-04
Validation mae = nan
Epoch 25
Loss = 1.4871e-03, PNorm = 35.4841, GNorm = 0.3442, lr_0 = 5.7852e-04
Loss = 1.7779e-03, PNorm = 35.4860, GNorm = 0.4396, lr_0 = 5.7715e-04
Loss = 2.3559e-03, PNorm = 35.4894, GNorm = 0.6991, lr_0 = 5.7578e-04
Loss = 3.0361e-03, PNorm = 35.4923, GNorm = 0.6311, lr_0 = 5.7441e-04
Loss = 2.6024e-03, PNorm = 35.4940, GNorm = 0.3699, lr_0 = 5.7305e-04
Loss = 2.2016e-03, PNorm = 35.4976, GNorm = 0.2683, lr_0 = 5.7169e-04
Loss = 1.8658e-03, PNorm = 35.5007, GNorm = 0.2974, lr_0 = 5.7034e-04
Loss = 1.2927e-03, PNorm = 35.5050, GNorm = 0.2540, lr_0 = 5.6899e-04
Loss = 1.3388e-03, PNorm = 35.5070, GNorm = 0.2979, lr_0 = 5.6764e-04
Loss = 1.5686e-03, PNorm = 35.5100, GNorm = 0.2688, lr_0 = 5.6629e-04
Validation mae = nan
Epoch 26
Loss = 1.1762e-03, PNorm = 35.5127, GNorm = 0.2218, lr_0 = 5.6482e-04
Loss = 8.0787e-04, PNorm = 35.5159, GNorm = 0.1810, lr_0 = 5.6348e-04
Loss = 1.0531e-03, PNorm = 35.5185, GNorm = 0.2493, lr_0 = 5.6214e-04
Loss = 1.1382e-03, PNorm = 35.5217, GNorm = 0.2302, lr_0 = 5.6081e-04
Loss = 1.3776e-03, PNorm = 35.5243, GNorm = 0.2833, lr_0 = 5.5948e-04
Loss = 1.3936e-03, PNorm = 35.5262, GNorm = 0.4019, lr_0 = 5.5815e-04
Loss = 1.2987e-03, PNorm = 35.5293, GNorm = 0.1855, lr_0 = 5.5683e-04
Loss = 1.2989e-03, PNorm = 35.5318, GNorm = 0.3679, lr_0 = 5.5551e-04
Loss = 1.3129e-03, PNorm = 35.5347, GNorm = 0.3097, lr_0 = 5.5419e-04
Loss = 1.0646e-03, PNorm = 35.5379, GNorm = 0.2232, lr_0 = 5.5288e-04
Validation mae = nan
Epoch 27
Loss = 1.0430e-03, PNorm = 35.5407, GNorm = 0.0598, lr_0 = 5.5157e-04
Loss = 1.3737e-03, PNorm = 35.5442, GNorm = 0.2707, lr_0 = 5.5026e-04
Loss = 1.7245e-03, PNorm = 35.5488, GNorm = 0.2466, lr_0 = 5.4896e-04
Loss = 1.3431e-03, PNorm = 35.5517, GNorm = 0.1924, lr_0 = 5.4766e-04
Loss = 1.1965e-03, PNorm = 35.5542, GNorm = 0.1499, lr_0 = 5.4636e-04
Loss = 1.1920e-03, PNorm = 35.5572, GNorm = 0.1447, lr_0 = 5.4506e-04
Loss = 9.2844e-04, PNorm = 35.5599, GNorm = 0.2306, lr_0 = 5.4377e-04
Loss = 1.3089e-03, PNorm = 35.5627, GNorm = 0.1938, lr_0 = 5.4248e-04
Loss = 1.4476e-03, PNorm = 35.5663, GNorm = 0.3888, lr_0 = 5.4120e-04
Loss = 1.1649e-03, PNorm = 35.5697, GNorm = 0.2964, lr_0 = 5.3991e-04
Validation mae = nan
Epoch 28
Loss = 1.0938e-03, PNorm = 35.5727, GNorm = 0.1634, lr_0 = 5.3863e-04
Loss = 9.6699e-04, PNorm = 35.5755, GNorm = 0.2698, lr_0 = 5.3736e-04
Loss = 1.0190e-03, PNorm = 35.5796, GNorm = 0.1509, lr_0 = 5.3608e-04
Loss = 1.1159e-03, PNorm = 35.5829, GNorm = 0.0554, lr_0 = 5.3481e-04
Loss = 9.6716e-04, PNorm = 35.5857, GNorm = 0.2835, lr_0 = 5.3354e-04
Loss = 8.5784e-04, PNorm = 35.5891, GNorm = 0.1118, lr_0 = 5.3228e-04
Loss = 8.9526e-04, PNorm = 35.5912, GNorm = 0.2433, lr_0 = 5.3102e-04
Loss = 1.0576e-03, PNorm = 35.5935, GNorm = 0.2661, lr_0 = 5.2976e-04
Loss = 1.0556e-03, PNorm = 35.5962, GNorm = 0.1796, lr_0 = 5.2850e-04
Loss = 1.0235e-03, PNorm = 35.5997, GNorm = 0.0842, lr_0 = 5.2725e-04
Validation mae = nan
Epoch 29
Loss = 9.0808e-04, PNorm = 35.6035, GNorm = 0.1888, lr_0 = 5.2600e-04
Loss = 1.1140e-03, PNorm = 35.6069, GNorm = 0.1342, lr_0 = 5.2475e-04
Loss = 1.4709e-03, PNorm = 35.6111, GNorm = 0.4198, lr_0 = 5.2351e-04
Loss = 1.1361e-03, PNorm = 35.6154, GNorm = 0.2598, lr_0 = 5.2227e-04
Loss = 9.3948e-04, PNorm = 35.6186, GNorm = 0.2534, lr_0 = 5.2103e-04
Loss = 1.0314e-03, PNorm = 35.6208, GNorm = 0.2149, lr_0 = 5.1979e-04
Loss = 9.5936e-04, PNorm = 35.6242, GNorm = 0.1753, lr_0 = 5.1856e-04
Loss = 8.1997e-04, PNorm = 35.6271, GNorm = 0.1235, lr_0 = 5.1733e-04
Loss = 9.3533e-04, PNorm = 35.6303, GNorm = 0.1454, lr_0 = 5.1611e-04
Loss = 1.1003e-03, PNorm = 35.6328, GNorm = 0.2024, lr_0 = 5.1488e-04
Validation mae = nan
Epoch 30
Loss = 1.6871e-03, PNorm = 35.6356, GNorm = 0.2572, lr_0 = 5.1366e-04
Loss = 1.9722e-03, PNorm = 35.6387, GNorm = 0.4175, lr_0 = 5.1245e-04
Loss = 1.6277e-03, PNorm = 35.6423, GNorm = 0.2727, lr_0 = 5.1123e-04
Loss = 1.3078e-03, PNorm = 35.6457, GNorm = 0.0957, lr_0 = 5.1002e-04
Loss = 9.2463e-04, PNorm = 35.6479, GNorm = 0.1439, lr_0 = 5.0881e-04
Loss = 9.8438e-04, PNorm = 35.6503, GNorm = 0.1425, lr_0 = 5.0760e-04
Loss = 9.5334e-04, PNorm = 35.6532, GNorm = 0.1146, lr_0 = 5.0640e-04
Loss = 8.4180e-04, PNorm = 35.6568, GNorm = 0.0944, lr_0 = 5.0520e-04
Loss = 7.6103e-04, PNorm = 35.6609, GNorm = 0.1520, lr_0 = 5.0400e-04
Loss = 7.5384e-04, PNorm = 35.6644, GNorm = 0.0781, lr_0 = 5.0281e-04
Validation mae = nan
Epoch 31
Loss = 9.5508e-04, PNorm = 35.6667, GNorm = 0.1028, lr_0 = 5.0162e-04
Loss = 7.9233e-04, PNorm = 35.6698, GNorm = 0.2587, lr_0 = 5.0043e-04
Loss = 1.2526e-03, PNorm = 35.6729, GNorm = 0.2664, lr_0 = 4.9924e-04
Loss = 8.7116e-04, PNorm = 35.6771, GNorm = 0.2687, lr_0 = 4.9806e-04
Loss = 9.1545e-04, PNorm = 35.6810, GNorm = 0.2265, lr_0 = 4.9688e-04
Loss = 7.8640e-04, PNorm = 35.6851, GNorm = 0.1276, lr_0 = 4.9570e-04
Loss = 8.3157e-04, PNorm = 35.6874, GNorm = 0.0764, lr_0 = 4.9452e-04
Loss = 9.7003e-04, PNorm = 35.6900, GNorm = 0.2793, lr_0 = 4.9335e-04
Loss = 1.4270e-03, PNorm = 35.6926, GNorm = 0.1876, lr_0 = 4.9218e-04
Loss = 8.5224e-04, PNorm = 35.6960, GNorm = 0.1648, lr_0 = 4.9101e-04
Validation mae = nan
Epoch 32
Loss = 8.0825e-04, PNorm = 35.6997, GNorm = 0.2597, lr_0 = 4.8985e-04
Loss = 1.1364e-03, PNorm = 35.7029, GNorm = 0.2602, lr_0 = 4.8869e-04
Loss = 1.0693e-03, PNorm = 35.7062, GNorm = 0.1278, lr_0 = 4.8753e-04
Loss = 1.0881e-03, PNorm = 35.7095, GNorm = 0.1559, lr_0 = 4.8638e-04
Loss = 8.3646e-04, PNorm = 35.7121, GNorm = 0.1722, lr_0 = 4.8522e-04
Loss = 7.3877e-04, PNorm = 35.7158, GNorm = 0.1798, lr_0 = 4.8407e-04
Loss = 8.3537e-04, PNorm = 35.7194, GNorm = 0.1139, lr_0 = 4.8292e-04
Loss = 7.9649e-04, PNorm = 35.7224, GNorm = 0.2184, lr_0 = 4.8178e-04
Loss = 8.4259e-04, PNorm = 35.7254, GNorm = 0.1762, lr_0 = 4.8064e-04
Loss = 1.2256e-03, PNorm = 35.7276, GNorm = 0.2457, lr_0 = 4.7950e-04
Validation mae = nan
Epoch 33
Loss = 6.7858e-04, PNorm = 35.7300, GNorm = 0.1920, lr_0 = 4.7836e-04
Loss = 6.2180e-04, PNorm = 35.7319, GNorm = 0.1367, lr_0 = 4.7723e-04
Loss = 7.5086e-04, PNorm = 35.7340, GNorm = 0.1059, lr_0 = 4.7610e-04
Loss = 8.9171e-04, PNorm = 35.7366, GNorm = 0.0718, lr_0 = 4.7497e-04
Loss = 7.7862e-04, PNorm = 35.7393, GNorm = 0.1743, lr_0 = 4.7384e-04
Loss = 7.7953e-04, PNorm = 35.7431, GNorm = 0.1633, lr_0 = 4.7272e-04
Loss = 6.5022e-04, PNorm = 35.7458, GNorm = 0.0618, lr_0 = 4.7160e-04
Loss = 6.4942e-04, PNorm = 35.7485, GNorm = 0.0767, lr_0 = 4.7048e-04
Loss = 7.0549e-04, PNorm = 35.7517, GNorm = 0.1113, lr_0 = 4.6937e-04
Loss = 6.7511e-04, PNorm = 35.7535, GNorm = 0.1209, lr_0 = 4.6825e-04
Validation mae = nan
Epoch 34
Loss = 1.2391e-03, PNorm = 35.7565, GNorm = 0.4216, lr_0 = 4.6703e-04
Loss = 1.1009e-03, PNorm = 35.7597, GNorm = 0.1003, lr_0 = 4.6592e-04
Loss = 8.2669e-04, PNorm = 35.7630, GNorm = 0.2684, lr_0 = 4.6482e-04
Loss = 9.4732e-04, PNorm = 35.7660, GNorm = 0.2616, lr_0 = 4.6372e-04
Loss = 7.7278e-04, PNorm = 35.7690, GNorm = 0.1888, lr_0 = 4.6262e-04
Loss = 7.6561e-04, PNorm = 35.7719, GNorm = 0.1489, lr_0 = 4.6152e-04
Loss = 7.2865e-04, PNorm = 35.7754, GNorm = 0.2165, lr_0 = 4.6043e-04
Loss = 6.2600e-04, PNorm = 35.7791, GNorm = 0.1128, lr_0 = 4.5934e-04
Loss = 9.3822e-04, PNorm = 35.7813, GNorm = 0.1809, lr_0 = 4.5825e-04
Loss = 7.9005e-04, PNorm = 35.7853, GNorm = 0.1583, lr_0 = 4.5716e-04
Validation mae = nan
Epoch 35
Loss = 7.1940e-04, PNorm = 35.7877, GNorm = 0.1376, lr_0 = 4.5608e-04
Loss = 7.9746e-04, PNorm = 35.7902, GNorm = 0.2832, lr_0 = 4.5500e-04
Loss = 1.0368e-03, PNorm = 35.7933, GNorm = 0.2321, lr_0 = 4.5392e-04
Loss = 8.8979e-04, PNorm = 35.7960, GNorm = 0.1884, lr_0 = 4.5284e-04
Loss = 1.2183e-03, PNorm = 35.7992, GNorm = 0.3937, lr_0 = 4.5177e-04
Loss = 1.0067e-03, PNorm = 35.8021, GNorm = 0.1669, lr_0 = 4.5070e-04
Loss = 7.3785e-04, PNorm = 35.8064, GNorm = 0.1923, lr_0 = 4.4963e-04
Loss = 7.0239e-04, PNorm = 35.8087, GNorm = 0.0833, lr_0 = 4.4856e-04
Loss = 8.4860e-04, PNorm = 35.8106, GNorm = 0.0893, lr_0 = 4.4750e-04
Loss = 6.4838e-04, PNorm = 35.8126, GNorm = 0.1919, lr_0 = 4.4644e-04
Validation mae = nan
Epoch 36
Loss = 7.5033e-04, PNorm = 35.8150, GNorm = 0.0416, lr_0 = 4.4538e-04
Loss = 6.7361e-04, PNorm = 35.8170, GNorm = 0.1716, lr_0 = 4.4433e-04
Loss = 6.3193e-04, PNorm = 35.8193, GNorm = 0.2581, lr_0 = 4.4327e-04
Loss = 8.0938e-04, PNorm = 35.8222, GNorm = 0.2064, lr_0 = 4.4222e-04
Loss = 7.2172e-04, PNorm = 35.8251, GNorm = 0.2043, lr_0 = 4.4117e-04
Loss = 8.6352e-04, PNorm = 35.8279, GNorm = 0.1501, lr_0 = 4.4013e-04
Loss = 1.1990e-03, PNorm = 35.8320, GNorm = 0.4099, lr_0 = 4.3908e-04
Loss = 1.2320e-03, PNorm = 35.8339, GNorm = 0.3866, lr_0 = 4.3804e-04
Loss = 1.0812e-03, PNorm = 35.8369, GNorm = 0.1227, lr_0 = 4.3701e-04
Loss = 1.4119e-03, PNorm = 35.8384, GNorm = 0.3406, lr_0 = 4.3597e-04
Validation mae = nan
Epoch 37
Loss = 9.8745e-04, PNorm = 35.8414, GNorm = 0.2578, lr_0 = 4.3494e-04
Loss = 9.3630e-04, PNorm = 35.8431, GNorm = 0.1299, lr_0 = 4.3390e-04
Loss = 1.0729e-03, PNorm = 35.8461, GNorm = 0.1289, lr_0 = 4.3288e-04
Loss = 8.4597e-04, PNorm = 35.8486, GNorm = 0.1555, lr_0 = 4.3185e-04
Loss = 1.1238e-03, PNorm = 35.8508, GNorm = 0.3461, lr_0 = 4.3083e-04
Loss = 9.5532e-04, PNorm = 35.8540, GNorm = 0.1044, lr_0 = 4.2981e-04
Loss = 6.0905e-04, PNorm = 35.8563, GNorm = 0.2196, lr_0 = 4.2879e-04
Loss = 9.5362e-04, PNorm = 35.8590, GNorm = 0.1260, lr_0 = 4.2777e-04
Loss = 8.9332e-04, PNorm = 35.8621, GNorm = 0.1437, lr_0 = 4.2676e-04
Loss = 8.6988e-04, PNorm = 35.8655, GNorm = 0.1359, lr_0 = 4.2574e-04
Validation mae = nan
Epoch 38
Loss = 7.8701e-04, PNorm = 35.8677, GNorm = 0.1896, lr_0 = 4.2473e-04
Loss = 6.5619e-04, PNorm = 35.8705, GNorm = 0.1435, lr_0 = 4.2373e-04
Loss = 5.8360e-04, PNorm = 35.8732, GNorm = 0.0634, lr_0 = 4.2272e-04
Loss = 4.7043e-04, PNorm = 35.8759, GNorm = 0.1159, lr_0 = 4.2172e-04
Loss = 5.2162e-04, PNorm = 35.8788, GNorm = 0.0913, lr_0 = 4.2072e-04
Loss = 4.9133e-04, PNorm = 35.8817, GNorm = 0.1303, lr_0 = 4.1972e-04
Loss = 5.6111e-04, PNorm = 35.8836, GNorm = 0.1142, lr_0 = 4.1873e-04
Loss = 5.5227e-04, PNorm = 35.8858, GNorm = 0.1008, lr_0 = 4.1774e-04
Loss = 6.1500e-04, PNorm = 35.8875, GNorm = 0.1845, lr_0 = 4.1675e-04
Loss = 7.6640e-04, PNorm = 35.8889, GNorm = 0.0731, lr_0 = 4.1576e-04
Validation mae = nan
Epoch 39
Loss = 6.3285e-04, PNorm = 35.8917, GNorm = 0.2137, lr_0 = 4.1477e-04
Loss = 5.6368e-04, PNorm = 35.8951, GNorm = 0.1100, lr_0 = 4.1379e-04
Loss = 5.0306e-04, PNorm = 35.8984, GNorm = 0.0858, lr_0 = 4.1281e-04
Loss = 4.4809e-04, PNorm = 35.9013, GNorm = 0.0763, lr_0 = 4.1183e-04
Loss = 4.2400e-04, PNorm = 35.9037, GNorm = 0.1338, lr_0 = 4.1085e-04
Loss = 3.9194e-04, PNorm = 35.9055, GNorm = 0.1934, lr_0 = 4.0988e-04
Loss = 5.1738e-04, PNorm = 35.9077, GNorm = 0.0418, lr_0 = 4.0891e-04
Loss = 7.6129e-04, PNorm = 35.9101, GNorm = 0.2659, lr_0 = 4.0794e-04
Loss = 9.2570e-04, PNorm = 35.9122, GNorm = 0.0972, lr_0 = 4.0697e-04
Loss = 1.1890e-03, PNorm = 35.9155, GNorm = 0.4344, lr_0 = 4.0601e-04
Validation mae = nan
Epoch 40
Loss = 9.5662e-04, PNorm = 35.9175, GNorm = 0.2714, lr_0 = 4.0505e-04
Loss = 7.4262e-04, PNorm = 35.9210, GNorm = 0.2056, lr_0 = 4.0409e-04
Loss = 6.0450e-04, PNorm = 35.9233, GNorm = 0.1345, lr_0 = 4.0313e-04
Loss = 5.7284e-04, PNorm = 35.9257, GNorm = 0.1163, lr_0 = 4.0217e-04
Loss = 6.5939e-04, PNorm = 35.9276, GNorm = 0.1611, lr_0 = 4.0122e-04
Loss = 7.0372e-04, PNorm = 35.9294, GNorm = 0.1474, lr_0 = 4.0027e-04
Loss = 7.0916e-04, PNorm = 35.9311, GNorm = 0.2668, lr_0 = 3.9932e-04
Loss = 5.4438e-04, PNorm = 35.9341, GNorm = 0.1406, lr_0 = 3.9837e-04
Loss = 4.7313e-04, PNorm = 35.9366, GNorm = 0.1762, lr_0 = 3.9743e-04
Loss = 4.5786e-04, PNorm = 35.9392, GNorm = 0.0778, lr_0 = 3.9649e-04
Validation mae = nan
Epoch 41
Loss = 4.3941e-04, PNorm = 35.9423, GNorm = 0.0946, lr_0 = 3.9555e-04
Loss = 3.7939e-04, PNorm = 35.9447, GNorm = 0.1321, lr_0 = 3.9461e-04
Loss = 4.3289e-04, PNorm = 35.9468, GNorm = 0.0856, lr_0 = 3.9367e-04
Loss = 5.1213e-04, PNorm = 35.9483, GNorm = 0.2390, lr_0 = 3.9274e-04
Loss = 5.9903e-04, PNorm = 35.9505, GNorm = 0.1631, lr_0 = 3.9181e-04
Loss = 5.7880e-04, PNorm = 35.9537, GNorm = 0.0961, lr_0 = 3.9088e-04
Loss = 7.4018e-04, PNorm = 35.9566, GNorm = 0.3325, lr_0 = 3.8995e-04
Loss = 1.1169e-03, PNorm = 35.9589, GNorm = 0.2768, lr_0 = 3.8903e-04
Loss = 8.4622e-04, PNorm = 35.9608, GNorm = 0.1869, lr_0 = 3.8811e-04
Loss = 6.4278e-04, PNorm = 35.9637, GNorm = 0.1405, lr_0 = 3.8719e-04
Validation mae = nan
Epoch 42
Loss = 5.3938e-04, PNorm = 35.9669, GNorm = 0.1161, lr_0 = 3.8618e-04
Loss = 5.2919e-04, PNorm = 35.9692, GNorm = 0.1038, lr_0 = 3.8526e-04
Loss = 5.8394e-04, PNorm = 35.9721, GNorm = 0.2167, lr_0 = 3.8435e-04
Loss = 5.1689e-04, PNorm = 35.9742, GNorm = 0.1044, lr_0 = 3.8344e-04
Loss = 5.2577e-04, PNorm = 35.9760, GNorm = 0.1039, lr_0 = 3.8253e-04
Loss = 5.2005e-04, PNorm = 35.9772, GNorm = 0.1236, lr_0 = 3.8162e-04
Loss = 5.1626e-04, PNorm = 35.9797, GNorm = 0.0983, lr_0 = 3.8072e-04
Loss = 4.5890e-04, PNorm = 35.9823, GNorm = 0.0747, lr_0 = 3.7981e-04
Loss = 4.0501e-04, PNorm = 35.9843, GNorm = 0.0991, lr_0 = 3.7891e-04
Loss = 4.4385e-04, PNorm = 35.9870, GNorm = 0.1522, lr_0 = 3.7802e-04
Validation mae = nan
Epoch 43
Loss = 7.5272e-04, PNorm = 35.9888, GNorm = 0.2450, lr_0 = 3.7712e-04
Loss = 7.2163e-04, PNorm = 35.9897, GNorm = 0.1955, lr_0 = 3.7623e-04
Loss = 5.4329e-04, PNorm = 35.9929, GNorm = 0.2008, lr_0 = 3.7533e-04
Loss = 4.2755e-04, PNorm = 35.9952, GNorm = 0.0863, lr_0 = 3.7444e-04
Loss = 4.7204e-04, PNorm = 35.9976, GNorm = 0.1164, lr_0 = 3.7356e-04
Loss = 5.4937e-04, PNorm = 35.9997, GNorm = 0.1210, lr_0 = 3.7267e-04
Loss = 6.0674e-04, PNorm = 36.0019, GNorm = 0.3411, lr_0 = 3.7179e-04
Loss = 5.5877e-04, PNorm = 36.0037, GNorm = 0.2681, lr_0 = 3.7091e-04
Loss = 8.7622e-04, PNorm = 36.0049, GNorm = 0.3732, lr_0 = 3.7003e-04
Loss = 6.9887e-04, PNorm = 36.0064, GNorm = 0.1977, lr_0 = 3.6915e-04
Validation mae = nan
Epoch 44
Loss = 4.3465e-04, PNorm = 36.0091, GNorm = 0.1038, lr_0 = 3.6827e-04
Loss = 4.9476e-04, PNorm = 36.0113, GNorm = 0.1857, lr_0 = 3.6740e-04
Loss = 6.1052e-04, PNorm = 36.0132, GNorm = 0.2651, lr_0 = 3.6653e-04
Loss = 5.0613e-04, PNorm = 36.0152, GNorm = 0.1958, lr_0 = 3.6566e-04
Loss = 4.8277e-04, PNorm = 36.0174, GNorm = 0.2314, lr_0 = 3.6480e-04
Loss = 4.5576e-04, PNorm = 36.0189, GNorm = 0.1629, lr_0 = 3.6393e-04
Loss = 4.0341e-04, PNorm = 36.0211, GNorm = 0.1551, lr_0 = 3.6307e-04
Loss = 5.5898e-04, PNorm = 36.0222, GNorm = 0.1321, lr_0 = 3.6221e-04
Loss = 1.0223e-03, PNorm = 36.0247, GNorm = 0.2008, lr_0 = 3.6135e-04
Loss = 1.2467e-03, PNorm = 36.0256, GNorm = 0.2158, lr_0 = 3.6049e-04
Validation mae = nan
Epoch 45
Loss = 7.9455e-04, PNorm = 36.0269, GNorm = 0.1144, lr_0 = 3.5964e-04
Loss = 6.4039e-04, PNorm = 36.0294, GNorm = 0.2051, lr_0 = 3.5878e-04
Loss = 7.5835e-04, PNorm = 36.0317, GNorm = 0.2303, lr_0 = 3.5793e-04
Loss = 5.9921e-04, PNorm = 36.0330, GNorm = 0.1240, lr_0 = 3.5709e-04
Loss = 6.0720e-04, PNorm = 36.0356, GNorm = 0.3196, lr_0 = 3.5624e-04
Loss = 6.6472e-04, PNorm = 36.0370, GNorm = 0.2496, lr_0 = 3.5539e-04
Loss = 5.5216e-04, PNorm = 36.0398, GNorm = 0.0819, lr_0 = 3.5455e-04
Loss = 3.9567e-04, PNorm = 36.0418, GNorm = 0.1008, lr_0 = 3.5371e-04
Loss = 3.7976e-04, PNorm = 36.0435, GNorm = 0.0850, lr_0 = 3.5287e-04
Loss = 4.2616e-04, PNorm = 36.0462, GNorm = 0.1071, lr_0 = 3.5204e-04
Validation mae = nan
Epoch 46
Loss = 3.0788e-04, PNorm = 36.0479, GNorm = 0.0653, lr_0 = 3.5120e-04
Loss = 3.6144e-04, PNorm = 36.0510, GNorm = 0.0868, lr_0 = 3.5037e-04
Loss = 3.1504e-04, PNorm = 36.0530, GNorm = 0.0313, lr_0 = 3.4954e-04
Loss = 3.9766e-04, PNorm = 36.0550, GNorm = 0.2483, lr_0 = 3.4871e-04
Loss = 5.0048e-04, PNorm = 36.0566, GNorm = 0.1731, lr_0 = 3.4788e-04
Loss = 3.5840e-04, PNorm = 36.0590, GNorm = 0.1177, lr_0 = 3.4706e-04
Loss = 3.3453e-04, PNorm = 36.0604, GNorm = 0.1171, lr_0 = 3.4624e-04
Loss = 3.6917e-04, PNorm = 36.0617, GNorm = 0.1003, lr_0 = 3.4542e-04
Loss = 3.0267e-04, PNorm = 36.0640, GNorm = 0.0862, lr_0 = 3.4460e-04
Loss = 3.5570e-04, PNorm = 36.0669, GNorm = 0.1467, lr_0 = 3.4378e-04
Validation mae = nan
Epoch 47
Loss = 3.3308e-04, PNorm = 36.0686, GNorm = 0.1809, lr_0 = 3.4297e-04
Loss = 4.1987e-04, PNorm = 36.0701, GNorm = 0.1476, lr_0 = 3.4215e-04
Loss = 5.4709e-04, PNorm = 36.0720, GNorm = 0.0628, lr_0 = 3.4134e-04
Loss = 3.7489e-04, PNorm = 36.0736, GNorm = 0.1074, lr_0 = 3.4053e-04
Loss = 5.1474e-04, PNorm = 36.0759, GNorm = 0.2340, lr_0 = 3.3973e-04
Loss = 8.0041e-04, PNorm = 36.0778, GNorm = 0.2919, lr_0 = 3.3892e-04
Loss = 6.2833e-04, PNorm = 36.0787, GNorm = 0.1612, lr_0 = 3.3812e-04
Loss = 6.0888e-04, PNorm = 36.0805, GNorm = 0.2539, lr_0 = 3.3731e-04
Loss = 4.4810e-04, PNorm = 36.0830, GNorm = 0.0696, lr_0 = 3.3652e-04
Loss = 4.1800e-04, PNorm = 36.0852, GNorm = 0.0514, lr_0 = 3.3572e-04
Validation mae = nan
Epoch 48
Loss = 3.5090e-04, PNorm = 36.0873, GNorm = 0.1029, lr_0 = 3.3492e-04
Loss = 4.4217e-04, PNorm = 36.0887, GNorm = 0.0451, lr_0 = 3.3413e-04
Loss = 1.3601e-03, PNorm = 36.0907, GNorm = 0.2655, lr_0 = 3.3334e-04
Loss = 1.4957e-03, PNorm = 36.0938, GNorm = 0.2091, lr_0 = 3.3255e-04
Loss = 9.8371e-04, PNorm = 36.0958, GNorm = 0.1311, lr_0 = 3.3176e-04
Loss = 7.6068e-04, PNorm = 36.0977, GNorm = 0.1880, lr_0 = 3.3097e-04
Loss = 7.8578e-04, PNorm = 36.0986, GNorm = 0.0961, lr_0 = 3.3019e-04
Loss = 1.2172e-03, PNorm = 36.1011, GNorm = 0.2415, lr_0 = 3.2940e-04
Loss = 7.3679e-04, PNorm = 36.1032, GNorm = 0.2134, lr_0 = 3.2862e-04
Loss = 7.3348e-04, PNorm = 36.1051, GNorm = 0.1837, lr_0 = 3.2784e-04
Validation mae = nan
Epoch 49
Loss = 7.9521e-04, PNorm = 36.1070, GNorm = 0.3146, lr_0 = 3.2707e-04
Loss = 4.9460e-04, PNorm = 36.1083, GNorm = 0.1746, lr_0 = 3.2629e-04
Loss = 4.1818e-04, PNorm = 36.1107, GNorm = 0.1008, lr_0 = 3.2552e-04
Loss = 5.2498e-04, PNorm = 36.1120, GNorm = 0.2198, lr_0 = 3.2475e-04
Loss = 6.4259e-04, PNorm = 36.1123, GNorm = 0.1638, lr_0 = 3.2398e-04
Loss = 4.0946e-04, PNorm = 36.1127, GNorm = 0.0560, lr_0 = 3.2321e-04
Loss = 3.9465e-04, PNorm = 36.1149, GNorm = 0.0832, lr_0 = 3.2244e-04
Loss = 3.3566e-04, PNorm = 36.1171, GNorm = 0.1289, lr_0 = 3.2168e-04
Loss = 3.4147e-04, PNorm = 36.1191, GNorm = 0.0597, lr_0 = 3.2092e-04
Loss = 2.6159e-04, PNorm = 36.1213, GNorm = 0.0835, lr_0 = 3.2015e-04
Validation mae = nan
Epoch 50
Loss = 3.2512e-04, PNorm = 36.1229, GNorm = 0.1658, lr_0 = 3.1940e-04
Loss = 2.8465e-04, PNorm = 36.1243, GNorm = 0.0756, lr_0 = 3.1864e-04
Loss = 5.2888e-04, PNorm = 36.1252, GNorm = 0.1974, lr_0 = 3.1788e-04
Loss = 6.5002e-04, PNorm = 36.1267, GNorm = 0.2331, lr_0 = 3.1713e-04
Loss = 3.8805e-04, PNorm = 36.1290, GNorm = 0.0861, lr_0 = 3.1638e-04
Loss = 4.6541e-04, PNorm = 36.1316, GNorm = 0.1013, lr_0 = 3.1563e-04
Loss = 5.2301e-04, PNorm = 36.1338, GNorm = 0.0792, lr_0 = 3.1488e-04
Loss = 5.3003e-04, PNorm = 36.1363, GNorm = 0.0523, lr_0 = 3.1413e-04
Loss = 3.0869e-04, PNorm = 36.1378, GNorm = 0.1573, lr_0 = 3.1339e-04
Loss = 3.1762e-04, PNorm = 36.1391, GNorm = 0.0788, lr_0 = 3.1265e-04
Validation mae = nan
Epoch 51
Loss = 3.8234e-04, PNorm = 36.1410, GNorm = 0.2539, lr_0 = 3.1183e-04
Loss = 6.0095e-04, PNorm = 36.1428, GNorm = 0.3220, lr_0 = 3.1109e-04
Loss = 6.1410e-04, PNorm = 36.1441, GNorm = 0.1933, lr_0 = 3.1035e-04
Loss = 4.0800e-04, PNorm = 36.1443, GNorm = 0.1281, lr_0 = 3.0962e-04
Loss = 4.2100e-04, PNorm = 36.1462, GNorm = 0.1249, lr_0 = 3.0888e-04
Loss = 3.7703e-04, PNorm = 36.1481, GNorm = 0.0471, lr_0 = 3.0815e-04
Loss = 4.0115e-04, PNorm = 36.1503, GNorm = 0.0944, lr_0 = 3.0742e-04
Loss = 3.7687e-04, PNorm = 36.1522, GNorm = 0.1222, lr_0 = 3.0669e-04
Loss = 3.9703e-04, PNorm = 36.1539, GNorm = 0.1703, lr_0 = 3.0597e-04
Loss = 6.0864e-04, PNorm = 36.1558, GNorm = 0.2588, lr_0 = 3.0524e-04
Validation mae = nan
Epoch 52
Loss = 5.8313e-04, PNorm = 36.1571, GNorm = 0.2864, lr_0 = 3.0452e-04
Loss = 4.6424e-04, PNorm = 36.1596, GNorm = 0.1542, lr_0 = 3.0380e-04
Loss = 5.3903e-04, PNorm = 36.1618, GNorm = 0.4545, lr_0 = 3.0308e-04
Loss = 5.7550e-04, PNorm = 36.1624, GNorm = 0.1570, lr_0 = 3.0236e-04
Loss = 6.6857e-04, PNorm = 36.1637, GNorm = 0.1886, lr_0 = 3.0164e-04
Loss = 4.9836e-04, PNorm = 36.1654, GNorm = 0.1714, lr_0 = 3.0092e-04
Loss = 3.7117e-04, PNorm = 36.1670, GNorm = 0.0494, lr_0 = 3.0021e-04
Loss = 4.1134e-04, PNorm = 36.1687, GNorm = 0.1830, lr_0 = 2.9950e-04
Loss = 3.6766e-04, PNorm = 36.1714, GNorm = 0.1373, lr_0 = 2.9879e-04
Loss = 3.4140e-04, PNorm = 36.1728, GNorm = 0.1106, lr_0 = 2.9808e-04
Validation mae = nan
Epoch 53
Loss = 2.1962e-04, PNorm = 36.1740, GNorm = 0.0503, lr_0 = 2.9738e-04
Loss = 2.9381e-04, PNorm = 36.1762, GNorm = 0.0865, lr_0 = 2.9667e-04
Loss = 3.9203e-04, PNorm = 36.1775, GNorm = 0.1812, lr_0 = 2.9597e-04
Loss = 6.7488e-04, PNorm = 36.1792, GNorm = 0.1766, lr_0 = 2.9527e-04
Loss = 3.9131e-04, PNorm = 36.1803, GNorm = 0.0867, lr_0 = 2.9457e-04
Loss = 3.0796e-04, PNorm = 36.1812, GNorm = 0.0711, lr_0 = 2.9387e-04
Loss = 4.0668e-04, PNorm = 36.1822, GNorm = 0.2035, lr_0 = 2.9317e-04
Loss = 5.5450e-04, PNorm = 36.1838, GNorm = 0.2835, lr_0 = 2.9248e-04
Loss = 3.6038e-04, PNorm = 36.1858, GNorm = 0.0975, lr_0 = 2.9178e-04
Loss = 5.1318e-04, PNorm = 36.1877, GNorm = 0.3172, lr_0 = 2.9109e-04
Validation mae = nan
Epoch 54
Loss = 5.7787e-04, PNorm = 36.1888, GNorm = 0.2178, lr_0 = 2.9040e-04
Loss = 5.3552e-04, PNorm = 36.1910, GNorm = 0.0825, lr_0 = 2.8971e-04
Loss = 5.1050e-04, PNorm = 36.1921, GNorm = 0.1397, lr_0 = 2.8903e-04
Loss = 8.0814e-04, PNorm = 36.1955, GNorm = 0.2299, lr_0 = 2.8834e-04
Loss = 9.8852e-04, PNorm = 36.1979, GNorm = 0.2688, lr_0 = 2.8766e-04
Loss = 9.4357e-04, PNorm = 36.1998, GNorm = 0.2576, lr_0 = 2.8697e-04
Loss = 6.5888e-04, PNorm = 36.2012, GNorm = 0.0921, lr_0 = 2.8629e-04
Loss = 4.8763e-04, PNorm = 36.2037, GNorm = 0.1261, lr_0 = 2.8562e-04
Loss = 4.0743e-04, PNorm = 36.2053, GNorm = 0.1102, lr_0 = 2.8494e-04
Loss = 4.2693e-04, PNorm = 36.2074, GNorm = 0.1331, lr_0 = 2.8426e-04
Validation mae = nan
Epoch 55
Loss = 3.0639e-04, PNorm = 36.2087, GNorm = 0.1072, lr_0 = 2.8359e-04
Loss = 2.9065e-04, PNorm = 36.2101, GNorm = 0.0527, lr_0 = 2.8292e-04
Loss = 3.2789e-04, PNorm = 36.2111, GNorm = 0.1572, lr_0 = 2.8225e-04
Loss = 3.0699e-04, PNorm = 36.2123, GNorm = 0.1094, lr_0 = 2.8158e-04
Loss = 4.2292e-04, PNorm = 36.2129, GNorm = 0.1507, lr_0 = 2.8091e-04
Loss = 5.2617e-04, PNorm = 36.2146, GNorm = 0.2168, lr_0 = 2.8024e-04
Loss = 4.4648e-04, PNorm = 36.2159, GNorm = 0.1107, lr_0 = 2.7958e-04
Loss = 3.1358e-04, PNorm = 36.2177, GNorm = 0.0962, lr_0 = 2.7892e-04
Loss = 2.7342e-04, PNorm = 36.2198, GNorm = 0.0898, lr_0 = 2.7826e-04
Loss = 2.7199e-04, PNorm = 36.2211, GNorm = 0.0525, lr_0 = 2.7760e-04
Validation mae = nan
Epoch 56
Loss = 3.2015e-04, PNorm = 36.2222, GNorm = 0.1928, lr_0 = 2.7694e-04
Loss = 3.3123e-04, PNorm = 36.2235, GNorm = 0.1797, lr_0 = 2.7628e-04
Loss = 3.1208e-04, PNorm = 36.2256, GNorm = 0.0908, lr_0 = 2.7563e-04
Loss = 3.4407e-04, PNorm = 36.2273, GNorm = 0.1279, lr_0 = 2.7497e-04
Loss = 2.4795e-04, PNorm = 36.2284, GNorm = 0.0959, lr_0 = 2.7432e-04
Loss = 2.5841e-04, PNorm = 36.2297, GNorm = 0.0375, lr_0 = 2.7367e-04
Loss = 2.9182e-04, PNorm = 36.2307, GNorm = 0.0813, lr_0 = 2.7302e-04
Loss = 2.7023e-04, PNorm = 36.2323, GNorm = 0.0876, lr_0 = 2.7238e-04
Loss = 2.5252e-04, PNorm = 36.2337, GNorm = 0.0609, lr_0 = 2.7173e-04
Loss = 2.8492e-04, PNorm = 36.2348, GNorm = 0.1234, lr_0 = 2.7109e-04
Validation mae = nan
Epoch 57
Loss = 1.9769e-04, PNorm = 36.2361, GNorm = 0.0929, lr_0 = 2.7044e-04
Loss = 1.8946e-04, PNorm = 36.2371, GNorm = 0.0737, lr_0 = 2.6980e-04
Loss = 1.7253e-04, PNorm = 36.2383, GNorm = 0.0795, lr_0 = 2.6916e-04
Loss = 2.1477e-04, PNorm = 36.2400, GNorm = 0.1695, lr_0 = 2.6852e-04
Loss = 2.5322e-04, PNorm = 36.2414, GNorm = 0.0735, lr_0 = 2.6789e-04
Loss = 3.0261e-04, PNorm = 36.2430, GNorm = 0.0604, lr_0 = 2.6725e-04
Loss = 2.9061e-04, PNorm = 36.2447, GNorm = 0.0773, lr_0 = 2.6662e-04
Loss = 3.1427e-04, PNorm = 36.2455, GNorm = 0.0850, lr_0 = 2.6599e-04
Loss = 2.5629e-04, PNorm = 36.2462, GNorm = 0.1028, lr_0 = 2.6536e-04
Loss = 2.8428e-04, PNorm = 36.2475, GNorm = 0.1535, lr_0 = 2.6473e-04
Validation mae = nan
Epoch 58
Loss = 2.8475e-04, PNorm = 36.2489, GNorm = 0.0789, lr_0 = 2.6410e-04
Loss = 2.4623e-04, PNorm = 36.2498, GNorm = 0.0799, lr_0 = 2.6347e-04
Loss = 1.9363e-04, PNorm = 36.2510, GNorm = 0.0601, lr_0 = 2.6285e-04
Loss = 1.9418e-04, PNorm = 36.2523, GNorm = 0.0742, lr_0 = 2.6223e-04
Loss = 2.0537e-04, PNorm = 36.2530, GNorm = 0.0882, lr_0 = 2.6160e-04
Loss = 2.0043e-04, PNorm = 36.2545, GNorm = 0.0911, lr_0 = 2.6098e-04
Loss = 2.3074e-04, PNorm = 36.2560, GNorm = 0.1228, lr_0 = 2.6037e-04
Loss = 3.0784e-04, PNorm = 36.2572, GNorm = 0.1916, lr_0 = 2.5975e-04
Loss = 2.8034e-04, PNorm = 36.2581, GNorm = 0.0376, lr_0 = 2.5913e-04
Loss = 2.5564e-04, PNorm = 36.2594, GNorm = 0.1143, lr_0 = 2.5852e-04
Validation mae = nan
Epoch 59
Loss = 2.2991e-04, PNorm = 36.2615, GNorm = 0.0426, lr_0 = 2.5784e-04
Loss = 2.2875e-04, PNorm = 36.2628, GNorm = 0.1421, lr_0 = 2.5723e-04
Loss = 2.2935e-04, PNorm = 36.2639, GNorm = 0.1170, lr_0 = 2.5662e-04
Loss = 2.5199e-04, PNorm = 36.2654, GNorm = 0.0588, lr_0 = 2.5602e-04
Loss = 2.0694e-04, PNorm = 36.2664, GNorm = 0.0251, lr_0 = 2.5541e-04
Loss = 2.1807e-04, PNorm = 36.2670, GNorm = 0.1141, lr_0 = 2.5480e-04
Loss = 2.0981e-04, PNorm = 36.2684, GNorm = 0.1561, lr_0 = 2.5420e-04
Loss = 2.2582e-04, PNorm = 36.2696, GNorm = 0.0393, lr_0 = 2.5360e-04
Loss = 2.4018e-04, PNorm = 36.2711, GNorm = 0.1339, lr_0 = 2.5300e-04
Loss = 2.8511e-04, PNorm = 36.2722, GNorm = 0.1849, lr_0 = 2.5240e-04
Validation mae = nan
Epoch 60
Loss = 3.2826e-04, PNorm = 36.2738, GNorm = 0.1368, lr_0 = 2.5180e-04
Loss = 2.9613e-04, PNorm = 36.2749, GNorm = 0.1827, lr_0 = 2.5120e-04
Loss = 2.8948e-04, PNorm = 36.2765, GNorm = 0.1493, lr_0 = 2.5061e-04
Loss = 2.4138e-04, PNorm = 36.2780, GNorm = 0.0753, lr_0 = 2.5001e-04
Loss = 1.9265e-04, PNorm = 36.2793, GNorm = 0.0802, lr_0 = 2.4942e-04
Loss = 2.8628e-04, PNorm = 36.2805, GNorm = 0.0339, lr_0 = 2.4883e-04
Loss = 2.6092e-04, PNorm = 36.2812, GNorm = 0.1715, lr_0 = 2.4824e-04
Loss = 4.1475e-04, PNorm = 36.2823, GNorm = 0.1935, lr_0 = 2.4765e-04
Loss = 2.7430e-04, PNorm = 36.2838, GNorm = 0.0800, lr_0 = 2.4706e-04
Loss = 2.8120e-04, PNorm = 36.2849, GNorm = 0.0343, lr_0 = 2.4648e-04
Validation mae = nan
Epoch 61
Loss = 1.9609e-04, PNorm = 36.2868, GNorm = 0.0729, lr_0 = 2.4589e-04
Loss = 1.7457e-04, PNorm = 36.2882, GNorm = 0.0527, lr_0 = 2.4531e-04
Loss = 1.5195e-04, PNorm = 36.2891, GNorm = 0.0603, lr_0 = 2.4473e-04
Loss = 2.6969e-04, PNorm = 36.2893, GNorm = 0.1582, lr_0 = 2.4415e-04
Loss = 2.6439e-04, PNorm = 36.2905, GNorm = 0.0592, lr_0 = 2.4357e-04
Loss = 3.0861e-04, PNorm = 36.2914, GNorm = 0.1031, lr_0 = 2.4299e-04
Loss = 3.1965e-04, PNorm = 36.2924, GNorm = 0.2073, lr_0 = 2.4242e-04
Loss = 3.8234e-04, PNorm = 36.2938, GNorm = 0.1535, lr_0 = 2.4184e-04
Loss = 3.6399e-04, PNorm = 36.2960, GNorm = 0.0528, lr_0 = 2.4127e-04
Loss = 2.8431e-04, PNorm = 36.2971, GNorm = 0.0887, lr_0 = 2.4070e-04
Validation mae = nan
Epoch 62
Loss = 3.9527e-04, PNorm = 36.2985, GNorm = 0.1109, lr_0 = 2.4012e-04
Loss = 3.6277e-04, PNorm = 36.2999, GNorm = 0.2322, lr_0 = 2.3956e-04
Loss = 7.8930e-04, PNorm = 36.3014, GNorm = 0.7361, lr_0 = 2.3899e-04
Loss = 1.1003e-03, PNorm = 36.3037, GNorm = 0.1820, lr_0 = 2.3842e-04
Loss = 1.0323e-03, PNorm = 36.3056, GNorm = 0.2904, lr_0 = 2.3786e-04
Loss = 1.7956e-03, PNorm = 36.3068, GNorm = 0.3194, lr_0 = 2.3729e-04
Loss = 9.4362e-04, PNorm = 36.3096, GNorm = 0.1079, lr_0 = 2.3673e-04
Loss = 6.3482e-04, PNorm = 36.3107, GNorm = 0.0755, lr_0 = 2.3617e-04
Loss = 6.6790e-04, PNorm = 36.3126, GNorm = 0.2541, lr_0 = 2.3561e-04
Loss = 5.7917e-04, PNorm = 36.3136, GNorm = 0.0966, lr_0 = 2.3505e-04
Validation mae = nan
Epoch 63
Loss = 5.7997e-04, PNorm = 36.3156, GNorm = 0.1667, lr_0 = 2.3449e-04
Loss = 3.9344e-04, PNorm = 36.3168, GNorm = 0.0855, lr_0 = 2.3394e-04
Loss = 3.2991e-04, PNorm = 36.3182, GNorm = 0.0614, lr_0 = 2.3338e-04
Loss = 2.4336e-04, PNorm = 36.3193, GNorm = 0.0577, lr_0 = 2.3283e-04
Loss = 2.1713e-04, PNorm = 36.3207, GNorm = 0.0884, lr_0 = 2.3228e-04
Loss = 2.2449e-04, PNorm = 36.3219, GNorm = 0.1049, lr_0 = 2.3173e-04
Loss = 1.5200e-04, PNorm = 36.3228, GNorm = 0.0680, lr_0 = 2.3118e-04
Loss = 1.9602e-04, PNorm = 36.3235, GNorm = 0.1014, lr_0 = 2.3063e-04
Loss = 1.9700e-04, PNorm = 36.3252, GNorm = 0.1243, lr_0 = 2.3008e-04
Loss = 2.3106e-04, PNorm = 36.3269, GNorm = 0.1273, lr_0 = 2.2954e-04
Validation mae = nan
Epoch 64
Loss = 2.0096e-04, PNorm = 36.3281, GNorm = 0.0772, lr_0 = 2.2899e-04
Loss = 1.7506e-04, PNorm = 36.3291, GNorm = 0.1552, lr_0 = 2.2845e-04
Loss = 2.2167e-04, PNorm = 36.3309, GNorm = 0.1466, lr_0 = 2.2791e-04
Loss = 2.2450e-04, PNorm = 36.3312, GNorm = 0.0750, lr_0 = 2.2737e-04
Loss = 2.4011e-04, PNorm = 36.3321, GNorm = 0.0751, lr_0 = 2.2683e-04
Loss = 2.4846e-04, PNorm = 36.3327, GNorm = 0.1204, lr_0 = 2.2629e-04
Loss = 2.1658e-04, PNorm = 36.3344, GNorm = 0.0604, lr_0 = 2.2576e-04
Loss = 2.4259e-04, PNorm = 36.3355, GNorm = 0.1316, lr_0 = 2.2522e-04
Loss = 2.6981e-04, PNorm = 36.3365, GNorm = 0.0816, lr_0 = 2.2469e-04
Loss = 2.4346e-04, PNorm = 36.3376, GNorm = 0.0787, lr_0 = 2.2415e-04
Validation mae = nan
Epoch 65
Loss = 2.7002e-04, PNorm = 36.3386, GNorm = 0.2138, lr_0 = 2.2362e-04
Loss = 3.0164e-04, PNorm = 36.3388, GNorm = 0.0841, lr_0 = 2.2309e-04
Loss = 3.0297e-04, PNorm = 36.3396, GNorm = 0.1504, lr_0 = 2.2256e-04
Loss = 2.3740e-04, PNorm = 36.3402, GNorm = 0.0877, lr_0 = 2.2204e-04
Loss = 2.6415e-04, PNorm = 36.3417, GNorm = 0.0819, lr_0 = 2.2151e-04
Loss = 2.2706e-04, PNorm = 36.3432, GNorm = 0.1391, lr_0 = 2.2098e-04
Loss = 2.2995e-04, PNorm = 36.3448, GNorm = 0.0816, lr_0 = 2.2046e-04
Loss = 2.2367e-04, PNorm = 36.3455, GNorm = 0.1280, lr_0 = 2.1994e-04
Loss = 2.2689e-04, PNorm = 36.3466, GNorm = 0.0482, lr_0 = 2.1942e-04
Loss = 1.4126e-04, PNorm = 36.3474, GNorm = 0.1009, lr_0 = 2.1890e-04
Validation mae = nan
Epoch 66
Loss = 1.4921e-04, PNorm = 36.3480, GNorm = 0.0416, lr_0 = 2.1838e-04
Loss = 1.4644e-04, PNorm = 36.3492, GNorm = 0.0951, lr_0 = 2.1786e-04
Loss = 1.3550e-04, PNorm = 36.3501, GNorm = 0.0564, lr_0 = 2.1734e-04
Loss = 1.4097e-04, PNorm = 36.3508, GNorm = 0.0357, lr_0 = 2.1683e-04
Loss = 1.2176e-04, PNorm = 36.3517, GNorm = 0.0397, lr_0 = 2.1631e-04
Loss = 2.1400e-04, PNorm = 36.3522, GNorm = 0.1545, lr_0 = 2.1580e-04
Loss = 2.1839e-04, PNorm = 36.3533, GNorm = 0.1374, lr_0 = 2.1529e-04
Loss = 2.1896e-04, PNorm = 36.3545, GNorm = 0.0727, lr_0 = 2.1478e-04
Loss = 1.7207e-04, PNorm = 36.3554, GNorm = 0.0794, lr_0 = 2.1427e-04
Loss = 1.6640e-04, PNorm = 36.3562, GNorm = 0.0873, lr_0 = 2.1376e-04
Validation mae = nan
Epoch 67
Loss = 1.6261e-04, PNorm = 36.3576, GNorm = 0.0326, lr_0 = 2.1321e-04
Loss = 1.5273e-04, PNorm = 36.3585, GNorm = 0.0927, lr_0 = 2.1270e-04
Loss = 1.5192e-04, PNorm = 36.3598, GNorm = 0.0754, lr_0 = 2.1220e-04
Loss = 1.8004e-04, PNorm = 36.3605, GNorm = 0.0382, lr_0 = 2.1169e-04
Loss = 1.9268e-04, PNorm = 36.3619, GNorm = 0.1158, lr_0 = 2.1119e-04
Loss = 2.2920e-04, PNorm = 36.3628, GNorm = 0.0194, lr_0 = 2.1069e-04
Loss = 1.7511e-04, PNorm = 36.3638, GNorm = 0.0958, lr_0 = 2.1019e-04
Loss = 1.5542e-04, PNorm = 36.3642, GNorm = 0.0556, lr_0 = 2.0969e-04
Loss = 1.6428e-04, PNorm = 36.3654, GNorm = 0.0722, lr_0 = 2.0920e-04
Loss = 2.2743e-04, PNorm = 36.3667, GNorm = 0.1720, lr_0 = 2.0870e-04
Validation mae = nan
Epoch 68
Loss = 2.3320e-04, PNorm = 36.3675, GNorm = 0.1015, lr_0 = 2.0820e-04
Loss = 1.9255e-04, PNorm = 36.3692, GNorm = 0.0613, lr_0 = 2.0771e-04
Loss = 1.7160e-04, PNorm = 36.3694, GNorm = 0.1193, lr_0 = 2.0722e-04
Loss = 1.4811e-04, PNorm = 36.3700, GNorm = 0.0567, lr_0 = 2.0673e-04
Loss = 1.5581e-04, PNorm = 36.3707, GNorm = 0.0572, lr_0 = 2.0624e-04
Loss = 1.2582e-04, PNorm = 36.3719, GNorm = 0.0467, lr_0 = 2.0575e-04
Loss = 1.4135e-04, PNorm = 36.3730, GNorm = 0.0292, lr_0 = 2.0526e-04
Loss = 1.2420e-04, PNorm = 36.3736, GNorm = 0.0369, lr_0 = 2.0477e-04
Loss = 1.3513e-04, PNorm = 36.3748, GNorm = 0.0645, lr_0 = 2.0429e-04
Loss = 1.6565e-04, PNorm = 36.3753, GNorm = 0.0938, lr_0 = 2.0380e-04
Validation mae = nan
Epoch 69
Loss = 2.2585e-04, PNorm = 36.3767, GNorm = 0.0870, lr_0 = 2.0332e-04
Loss = 1.7428e-04, PNorm = 36.3779, GNorm = 0.0846, lr_0 = 2.0284e-04
Loss = 1.6302e-04, PNorm = 36.3786, GNorm = 0.0265, lr_0 = 2.0236e-04
Loss = 1.4419e-04, PNorm = 36.3797, GNorm = 0.1130, lr_0 = 2.0188e-04
Loss = 1.2632e-04, PNorm = 36.3802, GNorm = 0.0659, lr_0 = 2.0140e-04
Loss = 1.4481e-04, PNorm = 36.3811, GNorm = 0.0477, lr_0 = 2.0092e-04
Loss = 1.1343e-04, PNorm = 36.3819, GNorm = 0.0427, lr_0 = 2.0045e-04
Loss = 1.3792e-04, PNorm = 36.3827, GNorm = 0.1116, lr_0 = 1.9997e-04
Loss = 1.0161e-04, PNorm = 36.3837, GNorm = 0.0198, lr_0 = 1.9950e-04
Loss = 1.7320e-04, PNorm = 36.3846, GNorm = 0.0572, lr_0 = 1.9902e-04
Validation mae = nan
Epoch 70
Loss = 1.9463e-04, PNorm = 36.3852, GNorm = 0.1147, lr_0 = 1.9855e-04
Loss = 1.6167e-04, PNorm = 36.3861, GNorm = 0.0327, lr_0 = 1.9808e-04
Loss = 1.4540e-04, PNorm = 36.3868, GNorm = 0.0777, lr_0 = 1.9761e-04
Loss = 1.5700e-04, PNorm = 36.3882, GNorm = 0.0387, lr_0 = 1.9714e-04
Loss = 1.2865e-04, PNorm = 36.3890, GNorm = 0.0445, lr_0 = 1.9668e-04
Loss = 9.7461e-05, PNorm = 36.3899, GNorm = 0.0537, lr_0 = 1.9621e-04
Loss = 1.5525e-04, PNorm = 36.3909, GNorm = 0.0659, lr_0 = 1.9575e-04
Loss = 1.9562e-04, PNorm = 36.3912, GNorm = 0.1119, lr_0 = 1.9528e-04
Loss = 1.8292e-04, PNorm = 36.3919, GNorm = 0.0624, lr_0 = 1.9482e-04
Loss = 1.8224e-04, PNorm = 36.3930, GNorm = 0.0623, lr_0 = 1.9436e-04
Validation mae = nan
Epoch 71
Loss = 1.6157e-04, PNorm = 36.3941, GNorm = 0.1001, lr_0 = 1.9390e-04
Loss = 1.5581e-04, PNorm = 36.3947, GNorm = 0.0394, lr_0 = 1.9344e-04
Loss = 1.7933e-04, PNorm = 36.3954, GNorm = 0.1201, lr_0 = 1.9298e-04
Loss = 1.4967e-04, PNorm = 36.3966, GNorm = 0.0452, lr_0 = 1.9252e-04
Loss = 1.8286e-04, PNorm = 36.3976, GNorm = 0.0734, lr_0 = 1.9206e-04
Loss = 2.7455e-04, PNorm = 36.3985, GNorm = 0.0602, lr_0 = 1.9161e-04
Loss = 3.6823e-04, PNorm = 36.3993, GNorm = 0.1009, lr_0 = 1.9115e-04
Loss = 4.0190e-04, PNorm = 36.4004, GNorm = 0.2101, lr_0 = 1.9070e-04
Loss = 3.0642e-04, PNorm = 36.4020, GNorm = 0.1452, lr_0 = 1.9025e-04
Loss = 2.8124e-04, PNorm = 36.4029, GNorm = 0.1892, lr_0 = 1.8980e-04
Validation mae = nan
Epoch 72
Loss = 2.5315e-04, PNorm = 36.4029, GNorm = 0.0474, lr_0 = 1.8935e-04
Loss = 2.6523e-04, PNorm = 36.4038, GNorm = 0.1342, lr_0 = 1.8890e-04
Loss = 2.9910e-04, PNorm = 36.4044, GNorm = 0.0736, lr_0 = 1.8845e-04
Loss = 1.7937e-04, PNorm = 36.4053, GNorm = 0.0838, lr_0 = 1.8801e-04
Loss = 1.6953e-04, PNorm = 36.4068, GNorm = 0.0488, lr_0 = 1.8756e-04
Loss = 1.4833e-04, PNorm = 36.4078, GNorm = 0.0890, lr_0 = 1.8712e-04
Loss = 1.2444e-04, PNorm = 36.4085, GNorm = 0.0641, lr_0 = 1.8667e-04
Loss = 1.2551e-04, PNorm = 36.4095, GNorm = 0.0443, lr_0 = 1.8623e-04
Loss = 1.6405e-04, PNorm = 36.4100, GNorm = 0.1139, lr_0 = 1.8579e-04
Loss = 1.9662e-04, PNorm = 36.4113, GNorm = 0.1730, lr_0 = 1.8535e-04
Validation mae = nan
Epoch 73
Loss = 1.7587e-04, PNorm = 36.4119, GNorm = 0.0680, lr_0 = 1.8491e-04
Loss = 1.4378e-04, PNorm = 36.4129, GNorm = 0.1057, lr_0 = 1.8447e-04
Loss = 1.2963e-04, PNorm = 36.4138, GNorm = 0.1039, lr_0 = 1.8403e-04
Loss = 1.3371e-04, PNorm = 36.4147, GNorm = 0.0644, lr_0 = 1.8360e-04
Loss = 2.4975e-04, PNorm = 36.4152, GNorm = 0.2528, lr_0 = 1.8316e-04
Loss = 2.8633e-04, PNorm = 36.4161, GNorm = 0.1291, lr_0 = 1.8273e-04
Loss = 2.9657e-04, PNorm = 36.4164, GNorm = 0.1639, lr_0 = 1.8229e-04
Loss = 2.3799e-04, PNorm = 36.4174, GNorm = 0.0594, lr_0 = 1.8186e-04
Loss = 2.4352e-04, PNorm = 36.4187, GNorm = 0.0988, lr_0 = 1.8143e-04
Loss = 1.6386e-04, PNorm = 36.4199, GNorm = 0.0853, lr_0 = 1.8100e-04
Validation mae = nan
Epoch 74
Loss = 1.5843e-04, PNorm = 36.4213, GNorm = 0.0750, lr_0 = 1.8057e-04
Loss = 1.6557e-04, PNorm = 36.4219, GNorm = 0.0609, lr_0 = 1.8014e-04
Loss = 1.0965e-04, PNorm = 36.4224, GNorm = 0.0504, lr_0 = 1.7972e-04
Loss = 1.3077e-04, PNorm = 36.4233, GNorm = 0.0655, lr_0 = 1.7929e-04
Loss = 1.2959e-04, PNorm = 36.4242, GNorm = 0.0669, lr_0 = 1.7886e-04
Loss = 1.1878e-04, PNorm = 36.4250, GNorm = 0.0681, lr_0 = 1.7844e-04
Loss = 1.5005e-04, PNorm = 36.4258, GNorm = 0.0801, lr_0 = 1.7802e-04
Loss = 1.1017e-04, PNorm = 36.4271, GNorm = 0.1038, lr_0 = 1.7760e-04
Loss = 1.3676e-04, PNorm = 36.4281, GNorm = 0.0801, lr_0 = 1.7717e-04
Loss = 1.2643e-04, PNorm = 36.4287, GNorm = 0.0501, lr_0 = 1.7675e-04
Validation mae = nan
Epoch 75
Loss = 1.0005e-04, PNorm = 36.4297, GNorm = 0.0461, lr_0 = 1.7634e-04
Loss = 1.1235e-04, PNorm = 36.4304, GNorm = 0.0854, lr_0 = 1.7592e-04
Loss = 1.1567e-04, PNorm = 36.4313, GNorm = 0.0550, lr_0 = 1.7550e-04
Loss = 1.1429e-04, PNorm = 36.4318, GNorm = 0.0640, lr_0 = 1.7508e-04
Loss = 1.2449e-04, PNorm = 36.4329, GNorm = 0.0567, lr_0 = 1.7467e-04
Loss = 1.2916e-04, PNorm = 36.4332, GNorm = 0.1128, lr_0 = 1.7426e-04
Loss = 1.5875e-04, PNorm = 36.4338, GNorm = 0.0656, lr_0 = 1.7384e-04
Loss = 1.5668e-04, PNorm = 36.4348, GNorm = 0.0792, lr_0 = 1.7343e-04
Loss = 1.6187e-04, PNorm = 36.4357, GNorm = 0.0671, lr_0 = 1.7302e-04
Loss = 2.1206e-04, PNorm = 36.4364, GNorm = 0.0919, lr_0 = 1.7261e-04
Loss = 2.7517e-04, PNorm = 36.4364, GNorm = 0.1272, lr_0 = 1.7257e-04
Validation mae = nan
Epoch 76
Loss = 1.9559e-04, PNorm = 36.4376, GNorm = 0.0876, lr_0 = 1.7216e-04
Loss = 1.7375e-04, PNorm = 36.4384, GNorm = 0.0717, lr_0 = 1.7175e-04
Loss = 1.7634e-04, PNorm = 36.4393, GNorm = 0.0702, lr_0 = 1.7134e-04
Loss = 1.5234e-04, PNorm = 36.4400, GNorm = 0.0548, lr_0 = 1.7094e-04
Loss = 1.1926e-04, PNorm = 36.4407, GNorm = 0.0453, lr_0 = 1.7053e-04
Loss = 1.3915e-04, PNorm = 36.4416, GNorm = 0.0604, lr_0 = 1.7013e-04
Loss = 1.0960e-04, PNorm = 36.4427, GNorm = 0.0430, lr_0 = 1.6973e-04
Loss = 1.4600e-04, PNorm = 36.4437, GNorm = 0.0988, lr_0 = 1.6932e-04
Loss = 1.4507e-04, PNorm = 36.4446, GNorm = 0.0453, lr_0 = 1.6892e-04
Loss = 1.2315e-04, PNorm = 36.4453, GNorm = 0.0447, lr_0 = 1.6852e-04
Validation mae = nan
Epoch 77
Loss = 1.6009e-04, PNorm = 36.4458, GNorm = 0.1151, lr_0 = 1.6812e-04
Loss = 2.1234e-04, PNorm = 36.4468, GNorm = 0.1871, lr_0 = 1.6772e-04
Loss = 2.8036e-04, PNorm = 36.4475, GNorm = 0.1299, lr_0 = 1.6733e-04
Loss = 1.8976e-04, PNorm = 36.4484, GNorm = 0.0427, lr_0 = 1.6693e-04
Loss = 1.5902e-04, PNorm = 36.4490, GNorm = 0.1205, lr_0 = 1.6653e-04
Loss = 1.6522e-04, PNorm = 36.4500, GNorm = 0.0903, lr_0 = 1.6614e-04
Loss = 1.8565e-04, PNorm = 36.4509, GNorm = 0.0569, lr_0 = 1.6574e-04
Loss = 1.0875e-04, PNorm = 36.4511, GNorm = 0.0657, lr_0 = 1.6535e-04
Loss = 1.2747e-04, PNorm = 36.4521, GNorm = 0.0793, lr_0 = 1.6496e-04
Loss = 1.7116e-04, PNorm = 36.4530, GNorm = 0.1592, lr_0 = 1.6457e-04
Validation mae = nan
Epoch 78
Loss = 1.6228e-04, PNorm = 36.4538, GNorm = 0.0570, lr_0 = 1.6418e-04
Loss = 1.2995e-04, PNorm = 36.4553, GNorm = 0.0389, lr_0 = 1.6379e-04
Loss = 9.0454e-05, PNorm = 36.4562, GNorm = 0.0384, lr_0 = 1.6340e-04
Loss = 9.8068e-05, PNorm = 36.4565, GNorm = 0.0197, lr_0 = 1.6301e-04
Loss = 7.0016e-05, PNorm = 36.4570, GNorm = 0.0278, lr_0 = 1.6263e-04
Loss = 1.0938e-04, PNorm = 36.4578, GNorm = 0.0738, lr_0 = 1.6224e-04
Loss = 1.5905e-04, PNorm = 36.4584, GNorm = 0.0618, lr_0 = 1.6186e-04
Loss = 1.6371e-04, PNorm = 36.4593, GNorm = 0.0790, lr_0 = 1.6147e-04
Loss = 1.6228e-04, PNorm = 36.4601, GNorm = 0.0707, lr_0 = 1.6109e-04
Loss = 1.3201e-04, PNorm = 36.4606, GNorm = 0.0635, lr_0 = 1.6071e-04
Validation mae = nan
Epoch 79
Loss = 1.1811e-04, PNorm = 36.4618, GNorm = 0.0773, lr_0 = 1.6033e-04
Loss = 1.2972e-04, PNorm = 36.4626, GNorm = 0.0381, lr_0 = 1.5995e-04
Loss = 1.1434e-04, PNorm = 36.4633, GNorm = 0.0269, lr_0 = 1.5957e-04
Loss = 9.4708e-05, PNorm = 36.4642, GNorm = 0.0355, lr_0 = 1.5919e-04
Loss = 1.0124e-04, PNorm = 36.4648, GNorm = 0.0247, lr_0 = 1.5881e-04
Loss = 9.6425e-05, PNorm = 36.4656, GNorm = 0.0677, lr_0 = 1.5844e-04
Loss = 9.6841e-05, PNorm = 36.4662, GNorm = 0.0402, lr_0 = 1.5806e-04
Loss = 7.7700e-05, PNorm = 36.4668, GNorm = 0.0690, lr_0 = 1.5769e-04
Loss = 1.0564e-04, PNorm = 36.4675, GNorm = 0.0426, lr_0 = 1.5731e-04
Loss = 8.6009e-05, PNorm = 36.4681, GNorm = 0.0399, lr_0 = 1.5694e-04
Validation mae = nan
Epoch 80
Loss = 1.0794e-04, PNorm = 36.4687, GNorm = 0.0736, lr_0 = 1.5657e-04
Loss = 1.3505e-04, PNorm = 36.4700, GNorm = 0.0694, lr_0 = 1.5620e-04
Loss = 1.2404e-04, PNorm = 36.4708, GNorm = 0.0232, lr_0 = 1.5583e-04
Loss = 1.3505e-04, PNorm = 36.4712, GNorm = 0.0970, lr_0 = 1.5546e-04
Loss = 1.2116e-04, PNorm = 36.4717, GNorm = 0.1493, lr_0 = 1.5509e-04
Loss = 1.3499e-04, PNorm = 36.4727, GNorm = 0.0537, lr_0 = 1.5472e-04
Loss = 1.6300e-04, PNorm = 36.4739, GNorm = 0.0973, lr_0 = 1.5435e-04
Loss = 1.3916e-04, PNorm = 36.4745, GNorm = 0.0411, lr_0 = 1.5399e-04
Loss = 1.9940e-04, PNorm = 36.4749, GNorm = 0.0676, lr_0 = 1.5362e-04
Loss = 1.9701e-04, PNorm = 36.4762, GNorm = 0.1412, lr_0 = 1.5326e-04
Validation mae = nan
Epoch 81
Loss = 2.2054e-04, PNorm = 36.4768, GNorm = 0.0655, lr_0 = 1.5290e-04
Loss = 1.7316e-04, PNorm = 36.4774, GNorm = 0.0512, lr_0 = 1.5253e-04
Loss = 1.4896e-04, PNorm = 36.4782, GNorm = 0.0888, lr_0 = 1.5217e-04
Loss = 9.6272e-05, PNorm = 36.4787, GNorm = 0.0663, lr_0 = 1.5181e-04
Loss = 1.1813e-04, PNorm = 36.4791, GNorm = 0.0799, lr_0 = 1.5145e-04
Loss = 1.4875e-04, PNorm = 36.4794, GNorm = 0.0734, lr_0 = 1.5109e-04
Loss = 1.3768e-04, PNorm = 36.4802, GNorm = 0.0960, lr_0 = 1.5073e-04
Loss = 1.2904e-04, PNorm = 36.4809, GNorm = 0.0365, lr_0 = 1.5038e-04
Loss = 9.3043e-05, PNorm = 36.4818, GNorm = 0.0292, lr_0 = 1.5002e-04
Loss = 8.5859e-05, PNorm = 36.4826, GNorm = 0.0375, lr_0 = 1.4966e-04
Validation mae = nan
Epoch 82
Loss = 9.4690e-05, PNorm = 36.4829, GNorm = 0.0802, lr_0 = 1.4931e-04
Loss = 1.0956e-04, PNorm = 36.4836, GNorm = 0.0616, lr_0 = 1.4896e-04
Loss = 1.2833e-04, PNorm = 36.4843, GNorm = 0.0469, lr_0 = 1.4860e-04
Loss = 1.8945e-04, PNorm = 36.4853, GNorm = 0.1800, lr_0 = 1.4825e-04
Loss = 2.8028e-04, PNorm = 36.4859, GNorm = 0.1490, lr_0 = 1.4790e-04
Loss = 2.4851e-04, PNorm = 36.4874, GNorm = 0.0610, lr_0 = 1.4755e-04
Loss = 2.3017e-04, PNorm = 36.4886, GNorm = 0.1908, lr_0 = 1.4720e-04
Loss = 1.9020e-04, PNorm = 36.4895, GNorm = 0.0758, lr_0 = 1.4685e-04
Loss = 1.6800e-04, PNorm = 36.4899, GNorm = 0.0733, lr_0 = 1.4650e-04
Loss = 1.4967e-04, PNorm = 36.4907, GNorm = 0.0720, lr_0 = 1.4615e-04
Validation mae = nan
Epoch 83
Loss = 1.1647e-04, PNorm = 36.4917, GNorm = 0.0796, lr_0 = 1.4581e-04
Loss = 1.0333e-04, PNorm = 36.4920, GNorm = 0.1210, lr_0 = 1.4546e-04
Loss = 8.3419e-05, PNorm = 36.4928, GNorm = 0.0227, lr_0 = 1.4512e-04
Loss = 8.1840e-05, PNorm = 36.4932, GNorm = 0.0354, lr_0 = 1.4477e-04
Loss = 7.6023e-05, PNorm = 36.4937, GNorm = 0.0424, lr_0 = 1.4443e-04
Loss = 7.8021e-05, PNorm = 36.4940, GNorm = 0.0426, lr_0 = 1.4409e-04
Loss = 9.3712e-05, PNorm = 36.4945, GNorm = 0.0531, lr_0 = 1.4375e-04
Loss = 1.0358e-04, PNorm = 36.4950, GNorm = 0.0526, lr_0 = 1.4341e-04
Loss = 9.7015e-05, PNorm = 36.4956, GNorm = 0.0480, lr_0 = 1.4307e-04
Validation mae = nan
Epoch 84
Loss = 1.2825e-04, PNorm = 36.4963, GNorm = 0.0575, lr_0 = 1.4269e-04
Loss = 7.8884e-05, PNorm = 36.4972, GNorm = 0.0252, lr_0 = 1.4235e-04
Loss = 6.9861e-05, PNorm = 36.4981, GNorm = 0.0471, lr_0 = 1.4202e-04
Loss = 9.8856e-05, PNorm = 36.4987, GNorm = 0.0323, lr_0 = 1.4168e-04
Loss = 9.5784e-05, PNorm = 36.4993, GNorm = 0.0659, lr_0 = 1.4134e-04
Loss = 1.0050e-04, PNorm = 36.4999, GNorm = 0.0531, lr_0 = 1.4101e-04
Loss = 1.0940e-04, PNorm = 36.5005, GNorm = 0.0513, lr_0 = 1.4067e-04
Loss = 1.2817e-04, PNorm = 36.5007, GNorm = 0.1095, lr_0 = 1.4034e-04
Loss = 1.3050e-04, PNorm = 36.5011, GNorm = 0.0323, lr_0 = 1.4001e-04
Loss = 1.2391e-04, PNorm = 36.5020, GNorm = 0.0893, lr_0 = 1.3968e-04
Validation mae = nan
Epoch 85
Loss = 6.3559e-05, PNorm = 36.5028, GNorm = 0.0477, lr_0 = 1.3935e-04
Loss = 1.7576e-04, PNorm = 36.5035, GNorm = 0.0967, lr_0 = 1.3902e-04
Loss = 1.9152e-04, PNorm = 36.5040, GNorm = 0.0585, lr_0 = 1.3869e-04
Loss = 1.3882e-04, PNorm = 36.5046, GNorm = 0.0752, lr_0 = 1.3836e-04
Loss = 1.3304e-04, PNorm = 36.5058, GNorm = 0.0666, lr_0 = 1.3803e-04
Loss = 1.2342e-04, PNorm = 36.5063, GNorm = 0.0729, lr_0 = 1.3770e-04
Loss = 9.9728e-05, PNorm = 36.5071, GNorm = 0.0351, lr_0 = 1.3738e-04
Loss = 9.9566e-05, PNorm = 36.5077, GNorm = 0.0489, lr_0 = 1.3705e-04
Loss = 7.9899e-05, PNorm = 36.5081, GNorm = 0.0268, lr_0 = 1.3673e-04
Loss = 7.5467e-05, PNorm = 36.5088, GNorm = 0.0492, lr_0 = 1.3640e-04
Validation mae = nan
Epoch 86
Loss = 8.4051e-05, PNorm = 36.5094, GNorm = 0.0600, lr_0 = 1.3608e-04
Loss = 7.9661e-05, PNorm = 36.5100, GNorm = 0.0413, lr_0 = 1.3576e-04
Loss = 6.3709e-05, PNorm = 36.5108, GNorm = 0.0623, lr_0 = 1.3543e-04
Loss = 8.6758e-05, PNorm = 36.5112, GNorm = 0.0367, lr_0 = 1.3511e-04
Loss = 7.2634e-05, PNorm = 36.5116, GNorm = 0.0510, lr_0 = 1.3479e-04
Loss = 8.8126e-05, PNorm = 36.5122, GNorm = 0.0381, lr_0 = 1.3447e-04
Loss = 1.0509e-04, PNorm = 36.5126, GNorm = 0.0561, lr_0 = 1.3415e-04
Loss = 1.1441e-04, PNorm = 36.5132, GNorm = 0.0508, lr_0 = 1.3384e-04
Loss = 1.4882e-04, PNorm = 36.5137, GNorm = 0.0907, lr_0 = 1.3352e-04
Loss = 2.0608e-04, PNorm = 36.5142, GNorm = 0.0736, lr_0 = 1.3320e-04
Validation mae = nan
Epoch 87
Loss = 1.4484e-04, PNorm = 36.5148, GNorm = 0.0783, lr_0 = 1.3289e-04
Loss = 1.0251e-04, PNorm = 36.5154, GNorm = 0.0780, lr_0 = 1.3257e-04
Loss = 1.1083e-04, PNorm = 36.5160, GNorm = 0.0256, lr_0 = 1.3226e-04
Loss = 1.0062e-04, PNorm = 36.5165, GNorm = 0.0659, lr_0 = 1.3194e-04
Loss = 1.1594e-04, PNorm = 36.5176, GNorm = 0.0598, lr_0 = 1.3163e-04
Loss = 9.7929e-05, PNorm = 36.5181, GNorm = 0.0307, lr_0 = 1.3132e-04
Loss = 1.1964e-04, PNorm = 36.5185, GNorm = 0.0864, lr_0 = 1.3101e-04
Loss = 1.1585e-04, PNorm = 36.5191, GNorm = 0.0617, lr_0 = 1.3070e-04
Loss = 1.1348e-04, PNorm = 36.5200, GNorm = 0.0221, lr_0 = 1.3039e-04
Loss = 1.2436e-04, PNorm = 36.5208, GNorm = 0.0475, lr_0 = 1.3008e-04
Validation mae = nan
Epoch 88
Loss = 1.9663e-04, PNorm = 36.5211, GNorm = 0.1052, lr_0 = 1.2977e-04
Loss = 1.0069e-04, PNorm = 36.5213, GNorm = 0.0310, lr_0 = 1.2946e-04
Loss = 7.7400e-05, PNorm = 36.5226, GNorm = 0.0324, lr_0 = 1.2915e-04
Loss = 6.5495e-05, PNorm = 36.5230, GNorm = 0.0319, lr_0 = 1.2885e-04
Loss = 7.1806e-05, PNorm = 36.5237, GNorm = 0.0344, lr_0 = 1.2854e-04
Loss = 7.6336e-05, PNorm = 36.5245, GNorm = 0.0315, lr_0 = 1.2824e-04
Loss = 9.5207e-05, PNorm = 36.5252, GNorm = 0.1093, lr_0 = 1.2793e-04
Loss = 9.3143e-05, PNorm = 36.5260, GNorm = 0.0449, lr_0 = 1.2763e-04
Loss = 9.9493e-05, PNorm = 36.5264, GNorm = 0.0591, lr_0 = 1.2733e-04
Loss = 1.2077e-04, PNorm = 36.5271, GNorm = 0.1336, lr_0 = 1.2703e-04
Validation mae = nan
Epoch 89
Loss = 3.3106e-04, PNorm = 36.5279, GNorm = 0.1604, lr_0 = 1.2673e-04
Loss = 1.4400e-04, PNorm = 36.5285, GNorm = 0.0389, lr_0 = 1.2643e-04
Loss = 1.0294e-04, PNorm = 36.5293, GNorm = 0.0840, lr_0 = 1.2613e-04
Loss = 1.0562e-04, PNorm = 36.5298, GNorm = 0.0741, lr_0 = 1.2583e-04
Loss = 9.6292e-05, PNorm = 36.5301, GNorm = 0.0304, lr_0 = 1.2553e-04
Loss = 8.8204e-05, PNorm = 36.5305, GNorm = 0.0874, lr_0 = 1.2523e-04
Loss = 1.3303e-04, PNorm = 36.5313, GNorm = 0.0745, lr_0 = 1.2493e-04
Loss = 1.2236e-04, PNorm = 36.5318, GNorm = 0.0825, lr_0 = 1.2464e-04
Loss = 1.0210e-04, PNorm = 36.5322, GNorm = 0.1286, lr_0 = 1.2434e-04
Loss = 1.2996e-04, PNorm = 36.5332, GNorm = 0.0897, lr_0 = 1.2405e-04
Validation mae = nan
Epoch 90
Loss = 4.5007e-05, PNorm = 36.5336, GNorm = 0.0211, lr_0 = 1.2375e-04
Loss = 8.0534e-05, PNorm = 36.5339, GNorm = 0.0461, lr_0 = 1.2346e-04
Loss = 1.0670e-04, PNorm = 36.5343, GNorm = 0.0695, lr_0 = 1.2317e-04
Loss = 1.1603e-04, PNorm = 36.5350, GNorm = 0.0252, lr_0 = 1.2288e-04
Loss = 7.4682e-05, PNorm = 36.5358, GNorm = 0.0256, lr_0 = 1.2258e-04
Loss = 8.0513e-05, PNorm = 36.5366, GNorm = 0.0850, lr_0 = 1.2229e-04
Loss = 8.1832e-05, PNorm = 36.5367, GNorm = 0.0940, lr_0 = 1.2200e-04
Loss = 8.1054e-05, PNorm = 36.5372, GNorm = 0.0482, lr_0 = 1.2171e-04
Loss = 8.1223e-05, PNorm = 36.5379, GNorm = 0.0416, lr_0 = 1.2143e-04
Loss = 7.3838e-05, PNorm = 36.5381, GNorm = 0.0180, lr_0 = 1.2114e-04
Validation mae = nan
Epoch 91
Loss = 5.8926e-05, PNorm = 36.5387, GNorm = 0.0370, lr_0 = 1.2085e-04
Loss = 5.2287e-05, PNorm = 36.5391, GNorm = 0.0199, lr_0 = 1.2056e-04
Loss = 6.2189e-05, PNorm = 36.5395, GNorm = 0.0451, lr_0 = 1.2028e-04
Loss = 7.6597e-05, PNorm = 36.5401, GNorm = 0.0391, lr_0 = 1.1999e-04
Loss = 8.0616e-05, PNorm = 36.5405, GNorm = 0.0369, lr_0 = 1.1971e-04
Loss = 8.5944e-05, PNorm = 36.5407, GNorm = 0.1112, lr_0 = 1.1943e-04
Loss = 1.1600e-04, PNorm = 36.5414, GNorm = 0.0439, lr_0 = 1.1914e-04
Loss = 8.4788e-05, PNorm = 36.5422, GNorm = 0.0417, lr_0 = 1.1886e-04
Loss = 8.2450e-05, PNorm = 36.5427, GNorm = 0.0522, lr_0 = 1.1858e-04
Loss = 7.7942e-05, PNorm = 36.5434, GNorm = 0.0536, lr_0 = 1.1830e-04
Validation mae = nan
Epoch 92
Loss = 5.0885e-05, PNorm = 36.5440, GNorm = 0.0345, lr_0 = 1.1799e-04
Loss = 6.6921e-05, PNorm = 36.5446, GNorm = 0.0334, lr_0 = 1.1771e-04
Loss = 9.6388e-05, PNorm = 36.5452, GNorm = 0.0462, lr_0 = 1.1743e-04
Loss = 6.7736e-05, PNorm = 36.5455, GNorm = 0.0363, lr_0 = 1.1715e-04
Loss = 6.8700e-05, PNorm = 36.5458, GNorm = 0.0374, lr_0 = 1.1687e-04
Loss = 7.4743e-05, PNorm = 36.5462, GNorm = 0.0397, lr_0 = 1.1660e-04
Loss = 8.4024e-05, PNorm = 36.5468, GNorm = 0.0463, lr_0 = 1.1632e-04
Loss = 6.6863e-05, PNorm = 36.5472, GNorm = 0.1079, lr_0 = 1.1604e-04
Loss = 7.7107e-05, PNorm = 36.5478, GNorm = 0.0479, lr_0 = 1.1577e-04
Loss = 9.3624e-05, PNorm = 36.5479, GNorm = 0.0389, lr_0 = 1.1550e-04
Validation mae = nan
Epoch 93
Loss = 1.0645e-04, PNorm = 36.5486, GNorm = 0.1300, lr_0 = 1.1522e-04
Loss = 7.3925e-05, PNorm = 36.5493, GNorm = 0.0441, lr_0 = 1.1495e-04
Loss = 9.2802e-05, PNorm = 36.5498, GNorm = 0.0537, lr_0 = 1.1468e-04
Loss = 7.2827e-05, PNorm = 36.5500, GNorm = 0.0280, lr_0 = 1.1440e-04
Loss = 8.4595e-05, PNorm = 36.5507, GNorm = 0.0473, lr_0 = 1.1413e-04
Loss = 9.5798e-05, PNorm = 36.5518, GNorm = 0.0272, lr_0 = 1.1386e-04
Loss = 7.8209e-05, PNorm = 36.5521, GNorm = 0.0839, lr_0 = 1.1359e-04
Loss = 7.5767e-05, PNorm = 36.5525, GNorm = 0.0414, lr_0 = 1.1332e-04
Loss = 1.0439e-04, PNorm = 36.5531, GNorm = 0.1236, lr_0 = 1.1305e-04
Loss = 1.4310e-04, PNorm = 36.5536, GNorm = 0.1167, lr_0 = 1.1279e-04
Validation mae = nan
Epoch 94
Loss = 1.0177e-04, PNorm = 36.5541, GNorm = 0.0486, lr_0 = 1.1252e-04
Loss = 7.7217e-05, PNorm = 36.5549, GNorm = 0.0383, lr_0 = 1.1225e-04
Loss = 8.1561e-05, PNorm = 36.5558, GNorm = 0.0282, lr_0 = 1.1199e-04
Loss = 6.8657e-05, PNorm = 36.5566, GNorm = 0.0725, lr_0 = 1.1172e-04
Loss = 1.0267e-04, PNorm = 36.5569, GNorm = 0.0603, lr_0 = 1.1146e-04
Loss = 1.0952e-04, PNorm = 36.5572, GNorm = 0.0524, lr_0 = 1.1119e-04
Loss = 8.3470e-05, PNorm = 36.5572, GNorm = 0.0633, lr_0 = 1.1093e-04
Loss = 6.7953e-05, PNorm = 36.5577, GNorm = 0.0293, lr_0 = 1.1067e-04
Loss = 6.4059e-05, PNorm = 36.5582, GNorm = 0.0268, lr_0 = 1.1040e-04
Loss = 6.3441e-05, PNorm = 36.5587, GNorm = 0.0264, lr_0 = 1.1014e-04
Validation mae = nan
Epoch 95
Loss = 5.0529e-05, PNorm = 36.5591, GNorm = 0.0386, lr_0 = 1.0988e-04
Loss = 5.7114e-05, PNorm = 36.5596, GNorm = 0.0807, lr_0 = 1.0962e-04
Loss = 6.6019e-05, PNorm = 36.5602, GNorm = 0.0718, lr_0 = 1.0936e-04
Loss = 8.3118e-05, PNorm = 36.5608, GNorm = 0.0332, lr_0 = 1.0910e-04
Loss = 8.1661e-05, PNorm = 36.5615, GNorm = 0.0567, lr_0 = 1.0884e-04
Loss = 8.3756e-05, PNorm = 36.5618, GNorm = 0.0582, lr_0 = 1.0858e-04
Loss = 6.6889e-05, PNorm = 36.5624, GNorm = 0.0237, lr_0 = 1.0833e-04
Loss = 6.3237e-05, PNorm = 36.5630, GNorm = 0.0247, lr_0 = 1.0807e-04
Loss = 6.0894e-05, PNorm = 36.5637, GNorm = 0.0299, lr_0 = 1.0781e-04
Loss = 8.1400e-05, PNorm = 36.5642, GNorm = 0.0767, lr_0 = 1.0756e-04
Validation mae = nan
Epoch 96
Loss = 1.1326e-04, PNorm = 36.5646, GNorm = 0.0897, lr_0 = 1.0730e-04
Loss = 1.1130e-04, PNorm = 36.5649, GNorm = 0.0336, lr_0 = 1.0705e-04
Loss = 1.0557e-04, PNorm = 36.5654, GNorm = 0.1081, lr_0 = 1.0679e-04
Loss = 1.0175e-04, PNorm = 36.5658, GNorm = 0.0454, lr_0 = 1.0654e-04
Loss = 8.1795e-05, PNorm = 36.5663, GNorm = 0.0451, lr_0 = 1.0629e-04
Loss = 7.3648e-05, PNorm = 36.5671, GNorm = 0.0957, lr_0 = 1.0604e-04
Loss = 1.0201e-04, PNorm = 36.5678, GNorm = 0.1092, lr_0 = 1.0579e-04
Loss = 7.3206e-05, PNorm = 36.5682, GNorm = 0.0395, lr_0 = 1.0554e-04
Loss = 6.6661e-05, PNorm = 36.5685, GNorm = 0.0418, lr_0 = 1.0529e-04
Loss = 6.8020e-05, PNorm = 36.5692, GNorm = 0.0482, lr_0 = 1.0504e-04
Validation mae = nan
Epoch 97
Loss = 5.6761e-05, PNorm = 36.5697, GNorm = 0.0384, lr_0 = 1.0479e-04
Loss = 6.3981e-05, PNorm = 36.5701, GNorm = 0.0362, lr_0 = 1.0454e-04
Loss = 6.5747e-05, PNorm = 36.5706, GNorm = 0.0317, lr_0 = 1.0429e-04
Loss = 5.8975e-05, PNorm = 36.5711, GNorm = 0.0373, lr_0 = 1.0404e-04
Loss = 5.3080e-05, PNorm = 36.5717, GNorm = 0.0220, lr_0 = 1.0380e-04
Loss = 5.9741e-05, PNorm = 36.5719, GNorm = 0.1018, lr_0 = 1.0355e-04
Loss = 5.8003e-05, PNorm = 36.5728, GNorm = 0.0888, lr_0 = 1.0330e-04
Loss = 7.1274e-05, PNorm = 36.5734, GNorm = 0.0589, lr_0 = 1.0306e-04
Loss = 6.5231e-05, PNorm = 36.5739, GNorm = 0.0349, lr_0 = 1.0282e-04
Loss = 6.5839e-05, PNorm = 36.5746, GNorm = 0.0608, lr_0 = 1.0257e-04
Validation mae = nan
Epoch 98
Loss = 6.2337e-05, PNorm = 36.5749, GNorm = 0.0484, lr_0 = 1.0233e-04
Loss = 7.6659e-05, PNorm = 36.5751, GNorm = 0.1025, lr_0 = 1.0209e-04
Loss = 1.1195e-04, PNorm = 36.5757, GNorm = 0.1211, lr_0 = 1.0184e-04
Loss = 9.5229e-05, PNorm = 36.5763, GNorm = 0.0400, lr_0 = 1.0160e-04
Loss = 9.6318e-05, PNorm = 36.5770, GNorm = 0.0411, lr_0 = 1.0136e-04
Loss = 6.9592e-05, PNorm = 36.5773, GNorm = 0.0530, lr_0 = 1.0112e-04
Loss = 8.3551e-05, PNorm = 36.5778, GNorm = 0.0454, lr_0 = 1.0088e-04
Loss = 5.8573e-05, PNorm = 36.5782, GNorm = 0.0432, lr_0 = 1.0064e-04
Loss = 6.7001e-05, PNorm = 36.5785, GNorm = 0.0560, lr_0 = 1.0040e-04
Loss = 1.1206e-04, PNorm = 36.5791, GNorm = 0.0848, lr_0 = 1.0017e-04
Validation mae = nan
Epoch 99
Loss = 1.0997e-04, PNorm = 36.5797, GNorm = 0.0864, lr_0 = 1.0000e-04
Loss = 1.2557e-04, PNorm = 36.5800, GNorm = 0.0466, lr_0 = 1.0000e-04
Loss = 1.0899e-04, PNorm = 36.5802, GNorm = 0.0618, lr_0 = 1.0000e-04
Loss = 1.1289e-04, PNorm = 36.5805, GNorm = 0.1364, lr_0 = 1.0000e-04
Loss = 8.5134e-05, PNorm = 36.5810, GNorm = 0.0824, lr_0 = 1.0000e-04
Loss = 7.7263e-05, PNorm = 36.5814, GNorm = 0.0418, lr_0 = 1.0000e-04
Loss = 6.8963e-05, PNorm = 36.5820, GNorm = 0.0466, lr_0 = 1.0000e-04
Loss = 7.6528e-05, PNorm = 36.5828, GNorm = 0.0683, lr_0 = 1.0000e-04
Loss = 9.1291e-05, PNorm = 36.5833, GNorm = 0.0252, lr_0 = 1.0000e-04
Loss = 1.0376e-04, PNorm = 36.5840, GNorm = 0.0511, lr_0 = 1.0000e-04
Validation mae = nan
Model 0 best validation mae = inf on epoch 0
Loading pretrained parameter "encoder.encoder.0.cached_zero_vector".
Loading pretrained parameter "encoder.encoder.0.W_i.weight".
Loading pretrained parameter "encoder.encoder.0.W_h.weight".
Loading pretrained parameter "encoder.encoder.0.W_o.weight".
Loading pretrained parameter "encoder.encoder.0.W_o.bias".
Loading pretrained parameter "ffn.1.weight".
Loading pretrained parameter "ffn.1.bias".
Loading pretrained parameter "ffn.4.weight".
Loading pretrained parameter "ffn.4.bias".
Moving model to cuda
Model 0 test mae = nan
Ensemble test mae = nan
1-fold cross validation
	Seed 0 ==> test mae = nan
Overall test mae = nan +/- nan
Elapsed time = 0:07:45
