Command line
python train.py --data_path data/data_0.5_0/hvap.csv --smiles_columns smiles --target_columns hvap --dataset_type regression --split_sizes 1.0 0.0 0.0 --features_generator rdkit_2d --features_columns T --save_dir data/data_0.5_0/hvap --save_preds --epochs 100 --metric mae
Args
{'activation': 'ReLU',
 'aggregation': 'mean',
 'aggregation_norm': 100,
 'atom_descriptor_scaling': True,
 'atom_descriptors': None,
 'atom_descriptors_path': None,
 'atom_descriptors_size': 0,
 'atom_features_size': 0,
 'atom_messages': False,
 'batch_size': 50,
 'bias': False,
 'bond_feature_scaling': True,
 'bond_features_path': None,
 'bond_features_size': 0,
 'cache_cutoff': 10000,
 'checkpoint_dir': None,
 'checkpoint_path': None,
 'checkpoint_paths': None,
 'class_balance': False,
 'config_path': None,
 'crossval_index_dir': None,
 'crossval_index_file': None,
 'crossval_index_sets': None,
 'cuda': True,
 'data_path': 'data/data_0.5_0/hvap.csv',
 'dataset_type': 'regression',
 'depth': 3,
 'device': device(type='cuda'),
 'dropout': 0.0,
 'empty_cache': False,
 'ensemble_size': 1,
 'epochs': 100,
 'explicit_h': False,
 'extra_metrics': [],
 'features_columns': ['T'],
 'features_generator': ['rdkit_2d'],
 'features_only': False,
 'features_path': None,
 'features_scaling': True,
 'features_size': None,
 'ffn_hidden_size': 300,
 'ffn_num_layers': 2,
 'final_lr': 0.0001,
 'folds_file': None,
 'gpu': None,
 'grad_clip': None,
 'hidden_size': 300,
 'ignore_columns': None,
 'init_lr': 0.0001,
 'log_frequency': 10,
 'max_data_size': None,
 'max_lr': 0.001,
 'metric': 'mae',
 'metrics': ['mae'],
 'minimize_score': True,
 'mpn_shared': False,
 'multiclass_num_classes': 3,
 'no_atom_descriptor_scaling': False,
 'no_bond_features_scaling': False,
 'no_cache_mol': False,
 'no_cuda': False,
 'no_features_scaling': False,
 'num_folds': 1,
 'num_lrs': 1,
 'num_tasks': 1,
 'num_workers': 8,
 'number_of_molecules': 1,
 'overwrite_default_atom_features': False,
 'overwrite_default_bond_features': False,
 'pytorch_seed': 0,
 'quiet': False,
 'reaction': False,
 'reaction_mode': 'reac_diff',
 'resume_experiment': False,
 'save_dir': 'data/data_0.5_0/hvap',
 'save_preds': True,
 'save_smiles_splits': False,
 'seed': 0,
 'separate_test_atom_descriptors_path': None,
 'separate_test_bond_features_path': None,
 'separate_test_features_path': None,
 'separate_test_path': None,
 'separate_val_atom_descriptors_path': None,
 'separate_val_bond_features_path': None,
 'separate_val_features_path': None,
 'separate_val_path': None,
 'show_individual_scores': False,
 'smiles_columns': ['smiles'],
 'split_sizes': (1.0, 0.0, 0.0),
 'split_type': 'random',
 'target_columns': ['hvap'],
 'task_names': ['hvap'],
 'test': False,
 'test_fold_index': None,
 'train_data_size': None,
 'undirected': False,
 'use_input_features': True,
 'val_fold_index': None,
 'warmup_epochs': 2.0}
Loading data
Number of tasks = 1
Fold 0
Splitting data with seed 0
Total size = 4,979 | train size = 4,979 | val size = 0 | test size = 0
Fitting scaler
Building model 0
MoleculeModel(
  (encoder): MPN(
    (encoder): ModuleList(
      (0): MPNEncoder(
        (dropout_layer): Dropout(p=0.0, inplace=False)
        (act_func): ReLU()
        (W_i): Linear(in_features=147, out_features=300, bias=False)
        (W_h): Linear(in_features=300, out_features=300, bias=False)
        (W_o): Linear(in_features=433, out_features=300, bias=True)
      )
    )
  )
  (ffn): Sequential(
    (0): Dropout(p=0.0, inplace=False)
    (1): Linear(in_features=501, out_features=300, bias=True)
    (2): ReLU()
    (3): Dropout(p=0.0, inplace=False)
    (4): Linear(in_features=300, out_features=1, bias=True)
  )
)
Number of parameters = 415,201
Moving model to cuda
Epoch 0
Loss = 7.3884e-01, PNorm = 35.0929, GNorm = 4.0384, lr_0 = 1.5000e-04
Loss = 3.8632e-01, PNorm = 35.0963, GNorm = 4.0124, lr_0 = 1.9545e-04
Loss = 3.0361e-01, PNorm = 35.0967, GNorm = 2.3793, lr_0 = 2.4091e-04
Loss = 1.9696e-01, PNorm = 35.1013, GNorm = 1.7409, lr_0 = 2.8636e-04
Loss = 1.4539e-01, PNorm = 35.1076, GNorm = 2.1954, lr_0 = 3.3182e-04
Loss = 7.9364e-02, PNorm = 35.1145, GNorm = 0.6975, lr_0 = 3.7727e-04
Loss = 6.8336e-02, PNorm = 35.1214, GNorm = 2.1688, lr_0 = 4.2273e-04
Loss = 4.4769e-02, PNorm = 35.1270, GNorm = 2.0385, lr_0 = 4.6818e-04
Loss = 3.2364e-02, PNorm = 35.1298, GNorm = 1.2438, lr_0 = 5.1364e-04
Validation mae = nan
Epoch 1
Loss = 2.7189e-02, PNorm = 35.1307, GNorm = 3.6172, lr_0 = 5.6364e-04
Loss = 2.9727e-02, PNorm = 35.1310, GNorm = 2.6841, lr_0 = 6.0909e-04
Loss = 2.6213e-02, PNorm = 35.1304, GNorm = 2.4037, lr_0 = 6.5455e-04
Loss = 2.2836e-02, PNorm = 35.1302, GNorm = 1.5052, lr_0 = 7.0000e-04
Loss = 2.2601e-02, PNorm = 35.1306, GNorm = 3.1588, lr_0 = 7.4545e-04
Loss = 1.7888e-02, PNorm = 35.1319, GNorm = 1.2845, lr_0 = 7.9091e-04
Loss = 1.6899e-02, PNorm = 35.1337, GNorm = 2.9850, lr_0 = 8.3636e-04
Loss = 1.6651e-02, PNorm = 35.1355, GNorm = 0.7912, lr_0 = 8.8182e-04
Loss = 1.2611e-02, PNorm = 35.1390, GNorm = 1.0009, lr_0 = 9.2727e-04
Loss = 9.7975e-03, PNorm = 35.1436, GNorm = 0.2671, lr_0 = 9.7273e-04
Validation mae = nan
Epoch 2
Loss = 2.7796e-02, PNorm = 35.1462, GNorm = 2.9827, lr_0 = 9.9905e-04
Loss = 1.2414e-02, PNorm = 35.1486, GNorm = 1.7425, lr_0 = 9.9668e-04
Loss = 8.5291e-03, PNorm = 35.1522, GNorm = 0.7544, lr_0 = 9.9432e-04
Loss = 7.8655e-03, PNorm = 35.1571, GNorm = 0.6267, lr_0 = 9.9196e-04
Loss = 7.6416e-03, PNorm = 35.1622, GNorm = 0.5657, lr_0 = 9.8961e-04
Loss = 6.9725e-03, PNorm = 35.1677, GNorm = 0.2639, lr_0 = 9.8727e-04
Loss = 5.5887e-03, PNorm = 35.1724, GNorm = 0.1852, lr_0 = 9.8493e-04
Loss = 5.0712e-03, PNorm = 35.1755, GNorm = 0.6227, lr_0 = 9.8259e-04
Loss = 4.1961e-03, PNorm = 35.1784, GNorm = 0.5887, lr_0 = 9.8026e-04
Loss = 4.5191e-03, PNorm = 35.1808, GNorm = 0.7863, lr_0 = 9.7794e-04
Validation mae = nan
Epoch 3
Loss = 4.0866e-03, PNorm = 35.1842, GNorm = 0.7395, lr_0 = 9.7539e-04
Loss = 3.4430e-03, PNorm = 35.1868, GNorm = 0.3518, lr_0 = 9.7308e-04
Loss = 2.8358e-03, PNorm = 35.1898, GNorm = 0.5028, lr_0 = 9.7077e-04
Loss = 4.1801e-03, PNorm = 35.1918, GNorm = 0.7620, lr_0 = 9.6847e-04
Loss = 4.1552e-03, PNorm = 35.1937, GNorm = 0.5739, lr_0 = 9.6617e-04
Loss = 3.4083e-03, PNorm = 35.1965, GNorm = 0.6918, lr_0 = 9.6388e-04
Loss = 3.2500e-03, PNorm = 35.1985, GNorm = 0.5126, lr_0 = 9.6160e-04
Loss = 3.7903e-03, PNorm = 35.2007, GNorm = 0.6104, lr_0 = 9.5932e-04
Loss = 3.7566e-03, PNorm = 35.2024, GNorm = 0.2181, lr_0 = 9.5704e-04
Loss = 4.1796e-03, PNorm = 35.2040, GNorm = 1.1334, lr_0 = 9.5478e-04
Validation mae = nan
Epoch 4
Loss = 4.5010e-03, PNorm = 35.2063, GNorm = 0.6174, lr_0 = 9.5251e-04
Loss = 2.7809e-03, PNorm = 35.2089, GNorm = 0.2939, lr_0 = 9.5025e-04
Loss = 2.6965e-03, PNorm = 35.2110, GNorm = 0.5191, lr_0 = 9.4800e-04
Loss = 2.1851e-03, PNorm = 35.2133, GNorm = 0.4705, lr_0 = 9.4575e-04
Loss = 1.9184e-03, PNorm = 35.2159, GNorm = 0.1938, lr_0 = 9.4351e-04
Loss = 1.8970e-03, PNorm = 35.2184, GNorm = 0.1685, lr_0 = 9.4128e-04
Loss = 1.9800e-03, PNorm = 35.2211, GNorm = 0.3788, lr_0 = 9.3904e-04
Loss = 1.7075e-03, PNorm = 35.2229, GNorm = 0.1118, lr_0 = 9.3682e-04
Loss = 1.7105e-03, PNorm = 35.2254, GNorm = 0.4752, lr_0 = 9.3460e-04
Loss = 1.5377e-03, PNorm = 35.2285, GNorm = 0.3064, lr_0 = 9.3238e-04
Validation mae = nan
Epoch 5
Loss = 1.8865e-03, PNorm = 35.2322, GNorm = 0.2422, lr_0 = 9.2995e-04
Loss = 1.6721e-03, PNorm = 35.2350, GNorm = 0.2500, lr_0 = 9.2775e-04
Loss = 1.5936e-03, PNorm = 35.2377, GNorm = 0.4398, lr_0 = 9.2555e-04
Loss = 1.3090e-03, PNorm = 35.2396, GNorm = 0.1364, lr_0 = 9.2335e-04
Loss = 1.3194e-03, PNorm = 35.2416, GNorm = 0.2093, lr_0 = 9.2116e-04
Loss = 1.2913e-03, PNorm = 35.2437, GNorm = 0.2110, lr_0 = 9.1898e-04
Loss = 1.0943e-03, PNorm = 35.2460, GNorm = 0.2685, lr_0 = 9.1680e-04
Loss = 1.3560e-03, PNorm = 35.2485, GNorm = 0.2013, lr_0 = 9.1463e-04
Loss = 1.4193e-03, PNorm = 35.2506, GNorm = 0.2425, lr_0 = 9.1246e-04
Loss = 1.7329e-03, PNorm = 35.2528, GNorm = 0.3630, lr_0 = 9.1030e-04
Validation mae = nan
Epoch 6
Loss = 1.2595e-03, PNorm = 35.2554, GNorm = 0.2273, lr_0 = 9.0814e-04
Loss = 1.2419e-03, PNorm = 35.2582, GNorm = 0.1497, lr_0 = 9.0599e-04
Loss = 1.2647e-03, PNorm = 35.2601, GNorm = 0.2552, lr_0 = 9.0384e-04
Loss = 1.2090e-03, PNorm = 35.2625, GNorm = 0.2727, lr_0 = 9.0170e-04
Loss = 1.1567e-03, PNorm = 35.2657, GNorm = 0.2225, lr_0 = 8.9956e-04
Loss = 1.3228e-03, PNorm = 35.2690, GNorm = 0.3784, lr_0 = 8.9743e-04
Loss = 1.1049e-03, PNorm = 35.2721, GNorm = 0.2208, lr_0 = 8.9530e-04
Loss = 8.3717e-04, PNorm = 35.2741, GNorm = 0.1642, lr_0 = 8.9318e-04
Loss = 1.3847e-03, PNorm = 35.2765, GNorm = 0.3324, lr_0 = 8.9106e-04
Loss = 1.5324e-03, PNorm = 35.2789, GNorm = 0.2761, lr_0 = 8.8895e-04
Validation mae = nan
Epoch 7
Loss = 1.4075e-03, PNorm = 35.2812, GNorm = 0.0847, lr_0 = 8.8684e-04
Loss = 1.6234e-03, PNorm = 35.2837, GNorm = 0.1506, lr_0 = 8.8474e-04
Loss = 1.5827e-03, PNorm = 35.2875, GNorm = 0.2618, lr_0 = 8.8264e-04
Loss = 1.1328e-03, PNorm = 35.2916, GNorm = 0.1932, lr_0 = 8.8055e-04
Loss = 1.0913e-03, PNorm = 35.2957, GNorm = 0.1677, lr_0 = 8.7846e-04
Loss = 9.4035e-04, PNorm = 35.2990, GNorm = 0.2013, lr_0 = 8.7638e-04
Loss = 8.8467e-04, PNorm = 35.3018, GNorm = 0.2897, lr_0 = 8.7430e-04
Loss = 1.0090e-03, PNorm = 35.3041, GNorm = 0.1908, lr_0 = 8.7223e-04
Loss = 1.0079e-03, PNorm = 35.3058, GNorm = 0.2717, lr_0 = 8.7016e-04
Loss = 1.1361e-03, PNorm = 35.3076, GNorm = 0.2188, lr_0 = 8.6810e-04
Validation mae = nan
Epoch 8
Loss = 2.9058e-03, PNorm = 35.3096, GNorm = 0.6020, lr_0 = 8.6584e-04
Loss = 2.2799e-03, PNorm = 35.3116, GNorm = 0.2902, lr_0 = 8.6378e-04
Loss = 9.1234e-04, PNorm = 35.3141, GNorm = 0.1242, lr_0 = 8.6174e-04
Loss = 6.7329e-04, PNorm = 35.3169, GNorm = 0.1234, lr_0 = 8.5969e-04
Loss = 8.1455e-04, PNorm = 35.3196, GNorm = 0.2664, lr_0 = 8.5766e-04
Loss = 9.4476e-04, PNorm = 35.3224, GNorm = 0.1569, lr_0 = 8.5562e-04
Loss = 8.9941e-04, PNorm = 35.3262, GNorm = 0.1025, lr_0 = 8.5359e-04
Loss = 7.8317e-04, PNorm = 35.3290, GNorm = 0.2122, lr_0 = 8.5157e-04
Loss = 7.5037e-04, PNorm = 35.3312, GNorm = 0.1513, lr_0 = 8.4955e-04
Loss = 9.8226e-04, PNorm = 35.3331, GNorm = 0.3321, lr_0 = 8.4754e-04
Validation mae = nan
Epoch 9
Loss = 1.4391e-03, PNorm = 35.3357, GNorm = 0.6570, lr_0 = 8.4553e-04
Loss = 1.2905e-03, PNorm = 35.3389, GNorm = 0.1896, lr_0 = 8.4352e-04
Loss = 8.2024e-04, PNorm = 35.3418, GNorm = 0.1443, lr_0 = 8.4152e-04
Loss = 7.1525e-04, PNorm = 35.3438, GNorm = 0.2726, lr_0 = 8.3953e-04
Loss = 8.7215e-04, PNorm = 35.3453, GNorm = 0.1423, lr_0 = 8.3754e-04
Loss = 8.9436e-04, PNorm = 35.3473, GNorm = 0.2433, lr_0 = 8.3555e-04
Loss = 8.2136e-04, PNorm = 35.3494, GNorm = 0.1047, lr_0 = 8.3357e-04
Loss = 7.4236e-04, PNorm = 35.3520, GNorm = 0.1189, lr_0 = 8.3160e-04
Loss = 1.0306e-03, PNorm = 35.3541, GNorm = 0.4079, lr_0 = 8.2963e-04
Loss = 8.8218e-04, PNorm = 35.3554, GNorm = 0.2023, lr_0 = 8.2766e-04
Validation mae = nan
Epoch 10
Loss = 7.9547e-04, PNorm = 35.3569, GNorm = 0.1749, lr_0 = 8.2550e-04
Loss = 9.5987e-04, PNorm = 35.3592, GNorm = 0.3087, lr_0 = 8.2355e-04
Loss = 1.0543e-03, PNorm = 35.3621, GNorm = 0.1516, lr_0 = 8.2159e-04
Loss = 9.4886e-04, PNorm = 35.3641, GNorm = 0.2336, lr_0 = 8.1965e-04
Loss = 9.3698e-04, PNorm = 35.3662, GNorm = 0.1411, lr_0 = 8.1770e-04
Loss = 7.9195e-04, PNorm = 35.3685, GNorm = 0.1934, lr_0 = 8.1576e-04
Loss = 7.1506e-04, PNorm = 35.3701, GNorm = 0.0660, lr_0 = 8.1383e-04
Loss = 6.0285e-04, PNorm = 35.3720, GNorm = 0.1202, lr_0 = 8.1190e-04
Loss = 6.2727e-04, PNorm = 35.3745, GNorm = 0.1320, lr_0 = 8.0998e-04
Loss = 4.8867e-04, PNorm = 35.3762, GNorm = 0.0382, lr_0 = 8.0806e-04
Validation mae = nan
Epoch 11
Loss = 5.7437e-04, PNorm = 35.3775, GNorm = 0.1430, lr_0 = 8.0614e-04
Loss = 5.6668e-04, PNorm = 35.3794, GNorm = 0.1111, lr_0 = 8.0423e-04
Loss = 5.0773e-04, PNorm = 35.3815, GNorm = 0.0793, lr_0 = 8.0232e-04
Loss = 6.9778e-04, PNorm = 35.3827, GNorm = 0.1841, lr_0 = 8.0042e-04
Loss = 1.0220e-03, PNorm = 35.3844, GNorm = 0.3170, lr_0 = 7.9852e-04
Loss = 1.3035e-03, PNorm = 35.3869, GNorm = 0.4760, lr_0 = 7.9663e-04
Loss = 1.3431e-03, PNorm = 35.3902, GNorm = 0.2499, lr_0 = 7.9474e-04
Loss = 1.0225e-03, PNorm = 35.3923, GNorm = 0.3556, lr_0 = 7.9286e-04
Loss = 1.0340e-03, PNorm = 35.3948, GNorm = 0.2690, lr_0 = 7.9098e-04
Loss = 8.2874e-04, PNorm = 35.3972, GNorm = 0.0511, lr_0 = 7.8910e-04
Validation mae = nan
Epoch 12
Loss = 8.5383e-04, PNorm = 35.3997, GNorm = 0.1936, lr_0 = 7.8705e-04
Loss = 1.2350e-03, PNorm = 35.4016, GNorm = 0.1956, lr_0 = 7.8518e-04
Loss = 1.0224e-03, PNorm = 35.4039, GNorm = 0.1180, lr_0 = 7.8332e-04
Loss = 7.5994e-04, PNorm = 35.4057, GNorm = 0.2885, lr_0 = 7.8146e-04
Loss = 1.1101e-03, PNorm = 35.4068, GNorm = 0.5106, lr_0 = 7.7961e-04
Loss = 1.0685e-03, PNorm = 35.4085, GNorm = 0.2908, lr_0 = 7.7776e-04
Loss = 9.9944e-04, PNorm = 35.4104, GNorm = 0.3245, lr_0 = 7.7592e-04
Loss = 1.1845e-03, PNorm = 35.4125, GNorm = 0.4218, lr_0 = 7.7408e-04
Loss = 1.1430e-03, PNorm = 35.4132, GNorm = 0.1673, lr_0 = 7.7224e-04
Loss = 8.7000e-04, PNorm = 35.4149, GNorm = 0.2284, lr_0 = 7.7041e-04
Validation mae = nan
Epoch 13
Loss = 9.5982e-04, PNorm = 35.4170, GNorm = 0.4030, lr_0 = 7.6859e-04
Loss = 6.9323e-04, PNorm = 35.4186, GNorm = 0.2722, lr_0 = 7.6677e-04
Loss = 9.3558e-04, PNorm = 35.4205, GNorm = 0.3202, lr_0 = 7.6495e-04
Loss = 1.1262e-03, PNorm = 35.4239, GNorm = 0.1697, lr_0 = 7.6314e-04
Loss = 7.8988e-04, PNorm = 35.4264, GNorm = 0.1939, lr_0 = 7.6133e-04
Loss = 5.9953e-04, PNorm = 35.4283, GNorm = 0.1197, lr_0 = 7.5952e-04
Loss = 5.4104e-04, PNorm = 35.4302, GNorm = 0.1698, lr_0 = 7.5772e-04
Loss = 5.7893e-04, PNorm = 35.4325, GNorm = 0.1864, lr_0 = 7.5592e-04
Loss = 5.7860e-04, PNorm = 35.4352, GNorm = 0.2722, lr_0 = 7.5413e-04
Loss = 6.8605e-04, PNorm = 35.4373, GNorm = 0.2080, lr_0 = 7.5235e-04
Validation mae = nan
Epoch 14
Loss = 8.3905e-04, PNorm = 35.4395, GNorm = 0.1882, lr_0 = 7.5056e-04
Loss = 7.5542e-04, PNorm = 35.4415, GNorm = 0.2419, lr_0 = 7.4878e-04
Loss = 1.1042e-03, PNorm = 35.4437, GNorm = 0.5583, lr_0 = 7.4701e-04
Loss = 1.4138e-03, PNorm = 35.4450, GNorm = 0.5760, lr_0 = 7.4524e-04
Loss = 1.3481e-03, PNorm = 35.4466, GNorm = 0.4695, lr_0 = 7.4347e-04
Loss = 1.3691e-03, PNorm = 35.4485, GNorm = 0.2774, lr_0 = 7.4171e-04
Loss = 8.0092e-04, PNorm = 35.4506, GNorm = 0.4060, lr_0 = 7.3995e-04
Loss = 9.1292e-04, PNorm = 35.4527, GNorm = 0.3216, lr_0 = 7.3820e-04
Loss = 5.3963e-04, PNorm = 35.4547, GNorm = 0.0797, lr_0 = 7.3645e-04
Loss = 6.8711e-04, PNorm = 35.4563, GNorm = 0.2144, lr_0 = 7.3470e-04
Validation mae = nan
Epoch 15
Loss = 6.7040e-04, PNorm = 35.4572, GNorm = 0.1669, lr_0 = 7.3278e-04
Loss = 4.5204e-04, PNorm = 35.4584, GNorm = 0.2621, lr_0 = 7.3105e-04
Loss = 7.6041e-04, PNorm = 35.4601, GNorm = 0.4165, lr_0 = 7.2931e-04
Loss = 1.6132e-03, PNorm = 35.4626, GNorm = 0.4279, lr_0 = 7.2759e-04
Loss = 1.3991e-03, PNorm = 35.4648, GNorm = 0.4751, lr_0 = 7.2586e-04
Loss = 1.3642e-03, PNorm = 35.4661, GNorm = 0.3582, lr_0 = 7.2414e-04
Loss = 1.4343e-03, PNorm = 35.4675, GNorm = 0.4213, lr_0 = 7.2242e-04
Loss = 1.0665e-03, PNorm = 35.4695, GNorm = 0.2484, lr_0 = 7.2071e-04
Loss = 8.7415e-04, PNorm = 35.4719, GNorm = 0.2082, lr_0 = 7.1900e-04
Loss = 8.7818e-04, PNorm = 35.4740, GNorm = 0.1533, lr_0 = 7.1730e-04
Validation mae = nan
Epoch 16
Loss = 1.1959e-03, PNorm = 35.4762, GNorm = 0.2639, lr_0 = 7.1560e-04
Loss = 8.6126e-04, PNorm = 35.4778, GNorm = 0.1674, lr_0 = 7.1390e-04
Loss = 5.6477e-04, PNorm = 35.4789, GNorm = 0.0960, lr_0 = 7.1221e-04
Loss = 5.5837e-04, PNorm = 35.4798, GNorm = 0.1667, lr_0 = 7.1052e-04
Loss = 5.8489e-04, PNorm = 35.4810, GNorm = 0.1209, lr_0 = 7.0884e-04
Loss = 5.2344e-04, PNorm = 35.4828, GNorm = 0.1396, lr_0 = 7.0716e-04
Loss = 6.0578e-04, PNorm = 35.4839, GNorm = 0.1497, lr_0 = 7.0548e-04
Loss = 6.6015e-04, PNorm = 35.4850, GNorm = 0.2183, lr_0 = 7.0381e-04
Loss = 7.3724e-04, PNorm = 35.4866, GNorm = 0.1907, lr_0 = 7.0214e-04
Loss = 5.5268e-04, PNorm = 35.4875, GNorm = 0.1912, lr_0 = 7.0048e-04
Validation mae = nan
Epoch 17
Loss = 7.1847e-04, PNorm = 35.4882, GNorm = 0.1908, lr_0 = 6.9865e-04
Loss = 6.5754e-04, PNorm = 35.4893, GNorm = 0.1245, lr_0 = 6.9699e-04
Loss = 4.5857e-04, PNorm = 35.4906, GNorm = 0.1358, lr_0 = 6.9534e-04
Loss = 4.4409e-04, PNorm = 35.4918, GNorm = 0.1464, lr_0 = 6.9369e-04
Loss = 4.2525e-04, PNorm = 35.4934, GNorm = 0.0795, lr_0 = 6.9205e-04
Loss = 4.1567e-04, PNorm = 35.4940, GNorm = 0.1000, lr_0 = 6.9041e-04
Loss = 6.1126e-04, PNorm = 35.4952, GNorm = 0.2397, lr_0 = 6.8877e-04
Loss = 5.3551e-04, PNorm = 35.4960, GNorm = 0.0995, lr_0 = 6.8714e-04
Loss = 4.7626e-04, PNorm = 35.4974, GNorm = 0.1683, lr_0 = 6.8551e-04
Loss = 8.6360e-04, PNorm = 35.4980, GNorm = 0.3529, lr_0 = 6.8388e-04
Validation mae = nan
Epoch 18
Loss = 8.9677e-04, PNorm = 35.4994, GNorm = 0.2223, lr_0 = 6.8226e-04
Loss = 1.0147e-03, PNorm = 35.5001, GNorm = 0.2791, lr_0 = 6.8065e-04
Loss = 6.0743e-04, PNorm = 35.5015, GNorm = 0.0797, lr_0 = 6.7903e-04
Loss = 4.6969e-04, PNorm = 35.5032, GNorm = 0.1088, lr_0 = 6.7742e-04
Loss = 5.6610e-04, PNorm = 35.5046, GNorm = 0.1168, lr_0 = 6.7582e-04
Loss = 3.9639e-04, PNorm = 35.5066, GNorm = 0.0843, lr_0 = 6.7421e-04
Loss = 3.6886e-04, PNorm = 35.5079, GNorm = 0.1200, lr_0 = 6.7262e-04
Loss = 5.2008e-04, PNorm = 35.5086, GNorm = 0.1885, lr_0 = 6.7102e-04
Loss = 6.2213e-04, PNorm = 35.5101, GNorm = 0.3506, lr_0 = 6.6943e-04
Loss = 6.2317e-04, PNorm = 35.5119, GNorm = 0.3465, lr_0 = 6.6784e-04
Validation mae = nan
Epoch 19
Loss = 4.2904e-04, PNorm = 35.5136, GNorm = 0.1292, lr_0 = 6.6626e-04
Loss = 3.6040e-04, PNorm = 35.5151, GNorm = 0.1564, lr_0 = 6.6468e-04
Loss = 3.6625e-04, PNorm = 35.5163, GNorm = 0.1538, lr_0 = 6.6311e-04
Loss = 3.3706e-04, PNorm = 35.5176, GNorm = 0.0510, lr_0 = 6.6153e-04
Loss = 3.8603e-04, PNorm = 35.5188, GNorm = 0.1008, lr_0 = 6.5997e-04
Loss = 4.5421e-04, PNorm = 35.5197, GNorm = 0.2152, lr_0 = 6.5840e-04
Loss = 4.5503e-04, PNorm = 35.5204, GNorm = 0.0949, lr_0 = 6.5684e-04
Loss = 4.0839e-04, PNorm = 35.5220, GNorm = 0.1238, lr_0 = 6.5528e-04
Loss = 4.3216e-04, PNorm = 35.5227, GNorm = 0.0720, lr_0 = 6.5373e-04
Loss = 5.4281e-04, PNorm = 35.5229, GNorm = 0.1136, lr_0 = 6.5218e-04
Validation mae = nan
Epoch 20
Loss = 8.8735e-04, PNorm = 35.5252, GNorm = 0.1349, lr_0 = 6.5048e-04
Loss = 1.0821e-03, PNorm = 35.5261, GNorm = 0.2521, lr_0 = 6.4894e-04
Loss = 6.2397e-04, PNorm = 35.5272, GNorm = 0.2677, lr_0 = 6.4740e-04
Loss = 1.1203e-03, PNorm = 35.5293, GNorm = 0.1982, lr_0 = 6.4587e-04
Loss = 9.3096e-04, PNorm = 35.5301, GNorm = 0.1968, lr_0 = 6.4433e-04
Loss = 1.0740e-03, PNorm = 35.5306, GNorm = 0.1656, lr_0 = 6.4281e-04
Loss = 7.0066e-04, PNorm = 35.5315, GNorm = 0.1764, lr_0 = 6.4128e-04
Loss = 7.1726e-04, PNorm = 35.5329, GNorm = 0.2676, lr_0 = 6.3976e-04
Loss = 6.1236e-04, PNorm = 35.5343, GNorm = 0.3136, lr_0 = 6.3825e-04
Loss = 6.4835e-04, PNorm = 35.5359, GNorm = 0.3155, lr_0 = 6.3673e-04
Validation mae = nan
Epoch 21
Loss = 5.1155e-04, PNorm = 35.5374, GNorm = 0.0488, lr_0 = 6.3522e-04
Loss = 4.9093e-04, PNorm = 35.5383, GNorm = 0.1519, lr_0 = 6.3372e-04
Loss = 5.5374e-04, PNorm = 35.5395, GNorm = 0.2133, lr_0 = 6.3222e-04
Loss = 6.0747e-04, PNorm = 35.5405, GNorm = 0.1032, lr_0 = 6.3072e-04
Loss = 8.9803e-04, PNorm = 35.5416, GNorm = 0.1997, lr_0 = 6.2922e-04
Loss = 1.3268e-03, PNorm = 35.5424, GNorm = 0.5045, lr_0 = 6.2773e-04
Loss = 1.3128e-03, PNorm = 35.5431, GNorm = 0.3985, lr_0 = 6.2624e-04
Loss = 1.4005e-03, PNorm = 35.5444, GNorm = 0.3244, lr_0 = 6.2476e-04
Loss = 8.6969e-04, PNorm = 35.5459, GNorm = 0.0520, lr_0 = 6.2328e-04
Loss = 1.0240e-03, PNorm = 35.5470, GNorm = 0.1174, lr_0 = 6.2180e-04
Loss = 1.1640e-03, PNorm = 35.5471, GNorm = 0.3697, lr_0 = 6.2165e-04
Validation mae = nan
Epoch 22
Loss = 7.6460e-04, PNorm = 35.5488, GNorm = 0.2121, lr_0 = 6.2018e-04
Loss = 9.8900e-04, PNorm = 35.5507, GNorm = 0.4582, lr_0 = 6.1871e-04
Loss = 8.4707e-04, PNorm = 35.5522, GNorm = 0.3127, lr_0 = 6.1724e-04
Loss = 5.5362e-04, PNorm = 35.5536, GNorm = 0.2647, lr_0 = 6.1578e-04
Loss = 6.2871e-04, PNorm = 35.5547, GNorm = 0.1959, lr_0 = 6.1432e-04
Loss = 5.9061e-04, PNorm = 35.5558, GNorm = 0.2717, lr_0 = 6.1286e-04
Loss = 4.3079e-04, PNorm = 35.5573, GNorm = 0.1278, lr_0 = 6.1141e-04
Loss = 3.3635e-04, PNorm = 35.5580, GNorm = 0.1092, lr_0 = 6.0996e-04
Loss = 4.8110e-04, PNorm = 35.5590, GNorm = 0.2115, lr_0 = 6.0851e-04
Loss = 2.9849e-04, PNorm = 35.5594, GNorm = 0.1025, lr_0 = 6.0707e-04
Validation mae = nan
Epoch 23
Loss = 4.6638e-04, PNorm = 35.5606, GNorm = 0.0884, lr_0 = 6.0563e-04
Loss = 2.9263e-04, PNorm = 35.5617, GNorm = 0.1087, lr_0 = 6.0420e-04
Loss = 3.8912e-04, PNorm = 35.5621, GNorm = 0.0884, lr_0 = 6.0277e-04
Loss = 3.2594e-04, PNorm = 35.5622, GNorm = 0.1750, lr_0 = 6.0134e-04
Loss = 2.8827e-04, PNorm = 35.5629, GNorm = 0.1054, lr_0 = 5.9991e-04
Loss = 2.9747e-04, PNorm = 35.5636, GNorm = 0.0729, lr_0 = 5.9849e-04
Loss = 3.5555e-04, PNorm = 35.5643, GNorm = 0.1133, lr_0 = 5.9707e-04
Loss = 3.0334e-04, PNorm = 35.5654, GNorm = 0.0648, lr_0 = 5.9566e-04
Loss = 3.2803e-04, PNorm = 35.5658, GNorm = 0.1605, lr_0 = 5.9424e-04
Validation mae = nan
Epoch 24
Loss = 5.0198e-04, PNorm = 35.5671, GNorm = 0.2025, lr_0 = 5.9269e-04
Loss = 4.3715e-04, PNorm = 35.5680, GNorm = 0.1783, lr_0 = 5.9129e-04
Loss = 4.8107e-04, PNorm = 35.5685, GNorm = 0.1248, lr_0 = 5.8989e-04
Loss = 4.8975e-04, PNorm = 35.5687, GNorm = 0.2508, lr_0 = 5.8849e-04
Loss = 6.0542e-04, PNorm = 35.5693, GNorm = 0.2172, lr_0 = 5.8709e-04
Loss = 6.8117e-04, PNorm = 35.5697, GNorm = 0.1270, lr_0 = 5.8570e-04
Loss = 4.7418e-04, PNorm = 35.5712, GNorm = 0.1165, lr_0 = 5.8431e-04
Loss = 3.4985e-04, PNorm = 35.5722, GNorm = 0.1188, lr_0 = 5.8293e-04
Loss = 3.1499e-04, PNorm = 35.5732, GNorm = 0.0496, lr_0 = 5.8155e-04
Loss = 3.4698e-04, PNorm = 35.5741, GNorm = 0.0457, lr_0 = 5.8017e-04
Validation mae = nan
Epoch 25
Loss = 7.4357e-04, PNorm = 35.5748, GNorm = 0.2755, lr_0 = 5.7879e-04
Loss = 8.1379e-04, PNorm = 35.5758, GNorm = 0.2164, lr_0 = 5.7742e-04
Loss = 8.2224e-04, PNorm = 35.5771, GNorm = 0.2476, lr_0 = 5.7605e-04
Loss = 6.4098e-04, PNorm = 35.5795, GNorm = 0.0920, lr_0 = 5.7469e-04
Loss = 4.0810e-04, PNorm = 35.5809, GNorm = 0.1431, lr_0 = 5.7332e-04
Loss = 5.1249e-04, PNorm = 35.5814, GNorm = 0.1852, lr_0 = 5.7197e-04
Loss = 3.5312e-04, PNorm = 35.5819, GNorm = 0.1189, lr_0 = 5.7061e-04
Loss = 5.4341e-04, PNorm = 35.5833, GNorm = 0.1555, lr_0 = 5.6926e-04
Loss = 3.9517e-04, PNorm = 35.5845, GNorm = 0.0832, lr_0 = 5.6791e-04
Loss = 3.3366e-04, PNorm = 35.5863, GNorm = 0.0824, lr_0 = 5.6656e-04
Validation mae = nan
Epoch 26
Loss = 3.1270e-04, PNorm = 35.5872, GNorm = 0.1243, lr_0 = 5.6522e-04
Loss = 3.1311e-04, PNorm = 35.5884, GNorm = 0.2569, lr_0 = 5.6388e-04
Loss = 3.6532e-04, PNorm = 35.5893, GNorm = 0.1217, lr_0 = 5.6254e-04
Loss = 3.5324e-04, PNorm = 35.5904, GNorm = 0.0908, lr_0 = 5.6121e-04
Loss = 3.7638e-04, PNorm = 35.5913, GNorm = 0.1736, lr_0 = 5.5988e-04
Loss = 4.9646e-04, PNorm = 35.5919, GNorm = 0.1621, lr_0 = 5.5855e-04
Loss = 6.3399e-04, PNorm = 35.5930, GNorm = 0.1933, lr_0 = 5.5723e-04
Loss = 6.0262e-04, PNorm = 35.5931, GNorm = 0.1062, lr_0 = 5.5591e-04
Loss = 4.3615e-04, PNorm = 35.5945, GNorm = 0.0882, lr_0 = 5.5459e-04
Loss = 5.8185e-04, PNorm = 35.5953, GNorm = 0.1012, lr_0 = 5.5327e-04
Validation mae = nan
Epoch 27
Loss = 6.2435e-04, PNorm = 35.5958, GNorm = 0.3035, lr_0 = 5.5183e-04
Loss = 4.0441e-04, PNorm = 35.5967, GNorm = 0.2098, lr_0 = 5.5052e-04
Loss = 4.4887e-04, PNorm = 35.5980, GNorm = 0.1166, lr_0 = 5.4922e-04
Loss = 4.3860e-04, PNorm = 35.5987, GNorm = 0.2722, lr_0 = 5.4792e-04
Loss = 3.9987e-04, PNorm = 35.5995, GNorm = 0.1748, lr_0 = 5.4662e-04
Loss = 4.2207e-04, PNorm = 35.6004, GNorm = 0.1174, lr_0 = 5.4532e-04
Loss = 6.0116e-04, PNorm = 35.6013, GNorm = 0.0617, lr_0 = 5.4403e-04
Loss = 5.0270e-04, PNorm = 35.6022, GNorm = 0.0958, lr_0 = 5.4274e-04
Loss = 5.4413e-04, PNorm = 35.6033, GNorm = 0.3065, lr_0 = 5.4145e-04
Loss = 9.1061e-04, PNorm = 35.6040, GNorm = 0.4307, lr_0 = 5.4017e-04
Validation mae = nan
Epoch 28
Loss = 1.1630e-03, PNorm = 35.6050, GNorm = 0.2765, lr_0 = 5.3889e-04
Loss = 6.1407e-04, PNorm = 35.6067, GNorm = 0.1878, lr_0 = 5.3761e-04
Loss = 7.1095e-04, PNorm = 35.6079, GNorm = 0.3414, lr_0 = 5.3634e-04
Loss = 1.1766e-03, PNorm = 35.6091, GNorm = 0.1409, lr_0 = 5.3506e-04
Loss = 9.2505e-04, PNorm = 35.6102, GNorm = 0.3423, lr_0 = 5.3380e-04
Loss = 6.1537e-04, PNorm = 35.6116, GNorm = 0.2599, lr_0 = 5.3253e-04
Loss = 7.1675e-04, PNorm = 35.6129, GNorm = 0.1105, lr_0 = 5.3127e-04
Loss = 6.6851e-04, PNorm = 35.6136, GNorm = 0.0625, lr_0 = 5.3001e-04
Loss = 6.5550e-04, PNorm = 35.6144, GNorm = 0.1926, lr_0 = 5.2875e-04
Loss = 6.0340e-04, PNorm = 35.6155, GNorm = 0.3730, lr_0 = 5.2750e-04
Validation mae = nan
Epoch 29
Loss = 8.2525e-04, PNorm = 35.6169, GNorm = 0.0808, lr_0 = 5.2612e-04
Loss = 5.8351e-04, PNorm = 35.6174, GNorm = 0.0760, lr_0 = 5.2488e-04
Loss = 2.7069e-04, PNorm = 35.6180, GNorm = 0.0819, lr_0 = 5.2363e-04
Loss = 2.5708e-04, PNorm = 35.6184, GNorm = 0.0530, lr_0 = 5.2239e-04
Loss = 2.9246e-04, PNorm = 35.6195, GNorm = 0.0596, lr_0 = 5.2115e-04
Loss = 2.6222e-04, PNorm = 35.6209, GNorm = 0.0942, lr_0 = 5.1992e-04
Loss = 2.2891e-04, PNorm = 35.6215, GNorm = 0.0629, lr_0 = 5.1869e-04
Loss = 2.9545e-04, PNorm = 35.6220, GNorm = 0.2142, lr_0 = 5.1746e-04
Loss = 2.5752e-04, PNorm = 35.6231, GNorm = 0.0510, lr_0 = 5.1623e-04
Loss = 2.9597e-04, PNorm = 35.6232, GNorm = 0.0637, lr_0 = 5.1501e-04
Validation mae = nan
Epoch 30
Loss = 1.8162e-04, PNorm = 35.6238, GNorm = 0.0715, lr_0 = 5.1378e-04
Loss = 2.4021e-04, PNorm = 35.6248, GNorm = 0.0851, lr_0 = 5.1257e-04
Loss = 3.1754e-04, PNorm = 35.6251, GNorm = 0.1809, lr_0 = 5.1135e-04
Loss = 2.1977e-04, PNorm = 35.6257, GNorm = 0.0467, lr_0 = 5.1014e-04
Loss = 1.9547e-04, PNorm = 35.6263, GNorm = 0.0403, lr_0 = 5.0893e-04
Loss = 2.3440e-04, PNorm = 35.6273, GNorm = 0.1830, lr_0 = 5.0772e-04
Loss = 3.0241e-04, PNorm = 35.6279, GNorm = 0.0983, lr_0 = 5.0652e-04
Loss = 2.8511e-04, PNorm = 35.6289, GNorm = 0.0567, lr_0 = 5.0532e-04
Loss = 2.3439e-04, PNorm = 35.6295, GNorm = 0.0944, lr_0 = 5.0412e-04
Loss = 2.5799e-04, PNorm = 35.6298, GNorm = 0.0504, lr_0 = 5.0293e-04
Validation mae = nan
Epoch 31
Loss = 3.7149e-04, PNorm = 35.6305, GNorm = 0.1088, lr_0 = 5.0162e-04
Loss = 3.4265e-04, PNorm = 35.6314, GNorm = 0.1119, lr_0 = 5.0043e-04
Loss = 2.2314e-04, PNorm = 35.6324, GNorm = 0.0608, lr_0 = 4.9924e-04
Loss = 2.9992e-04, PNorm = 35.6334, GNorm = 0.1615, lr_0 = 4.9806e-04
Loss = 5.1997e-04, PNorm = 35.6333, GNorm = 0.2497, lr_0 = 4.9688e-04
Loss = 3.8265e-04, PNorm = 35.6345, GNorm = 0.1186, lr_0 = 4.9570e-04
Loss = 3.5321e-04, PNorm = 35.6360, GNorm = 0.1250, lr_0 = 4.9452e-04
Loss = 5.1075e-04, PNorm = 35.6370, GNorm = 0.2223, lr_0 = 4.9335e-04
Loss = 6.8281e-04, PNorm = 35.6379, GNorm = 0.3234, lr_0 = 4.9218e-04
Loss = 1.0088e-03, PNorm = 35.6393, GNorm = 0.2660, lr_0 = 4.9101e-04
Validation mae = nan
Epoch 32
Loss = 7.3908e-04, PNorm = 35.6406, GNorm = 0.0967, lr_0 = 4.8985e-04
Loss = 4.8749e-04, PNorm = 35.6419, GNorm = 0.1718, lr_0 = 4.8869e-04
Loss = 6.4602e-04, PNorm = 35.6439, GNorm = 0.2785, lr_0 = 4.8753e-04
Loss = 5.1516e-04, PNorm = 35.6451, GNorm = 0.2138, lr_0 = 4.8638e-04
Loss = 4.4400e-04, PNorm = 35.6468, GNorm = 0.1257, lr_0 = 4.8522e-04
Loss = 3.4666e-04, PNorm = 35.6476, GNorm = 0.1108, lr_0 = 4.8407e-04
Loss = 5.8979e-04, PNorm = 35.6473, GNorm = 0.2042, lr_0 = 4.8292e-04
Loss = 8.8063e-04, PNorm = 35.6489, GNorm = 0.2655, lr_0 = 4.8178e-04
Loss = 6.0386e-04, PNorm = 35.6502, GNorm = 0.0815, lr_0 = 4.8064e-04
Loss = 3.5153e-04, PNorm = 35.6513, GNorm = 0.0743, lr_0 = 4.7950e-04
Validation mae = nan
Epoch 33
Loss = 3.4157e-04, PNorm = 35.6527, GNorm = 0.1851, lr_0 = 4.7836e-04
Loss = 3.5197e-04, PNorm = 35.6534, GNorm = 0.1821, lr_0 = 4.7723e-04
Loss = 5.7407e-04, PNorm = 35.6535, GNorm = 0.3180, lr_0 = 4.7610e-04
Loss = 9.0712e-04, PNorm = 35.6541, GNorm = 0.2066, lr_0 = 4.7497e-04
Loss = 9.7053e-04, PNorm = 35.6555, GNorm = 0.2762, lr_0 = 4.7384e-04
Loss = 6.9725e-04, PNorm = 35.6577, GNorm = 0.1257, lr_0 = 4.7272e-04
Loss = 4.6628e-04, PNorm = 35.6590, GNorm = 0.1211, lr_0 = 4.7160e-04
Loss = 3.6722e-04, PNorm = 35.6601, GNorm = 0.0890, lr_0 = 4.7048e-04
Loss = 3.3255e-04, PNorm = 35.6612, GNorm = 0.0797, lr_0 = 4.6937e-04
Loss = 4.8263e-04, PNorm = 35.6618, GNorm = 0.2433, lr_0 = 4.6825e-04
Validation mae = nan
Epoch 34
Loss = 3.0873e-04, PNorm = 35.6624, GNorm = 0.1824, lr_0 = 4.6703e-04
Loss = 2.9993e-04, PNorm = 35.6633, GNorm = 0.1080, lr_0 = 4.6592e-04
Loss = 2.6970e-04, PNorm = 35.6640, GNorm = 0.0597, lr_0 = 4.6482e-04
Loss = 3.3216e-04, PNorm = 35.6650, GNorm = 0.1140, lr_0 = 4.6372e-04
Loss = 2.3659e-04, PNorm = 35.6662, GNorm = 0.0464, lr_0 = 4.6262e-04
Loss = 2.7112e-04, PNorm = 35.6664, GNorm = 0.0774, lr_0 = 4.6152e-04
Loss = 4.8691e-04, PNorm = 35.6670, GNorm = 0.1828, lr_0 = 4.6043e-04
Loss = 3.5802e-04, PNorm = 35.6675, GNorm = 0.0994, lr_0 = 4.5934e-04
Loss = 1.6465e-03, PNorm = 35.6685, GNorm = 0.5982, lr_0 = 4.5825e-04
Loss = 2.2877e-03, PNorm = 35.6688, GNorm = 0.3510, lr_0 = 4.5716e-04
Validation mae = nan
Epoch 35
Loss = 2.1136e-03, PNorm = 35.6711, GNorm = 0.5453, lr_0 = 4.5608e-04
Loss = 1.2139e-03, PNorm = 35.6730, GNorm = 0.1885, lr_0 = 4.5500e-04
Loss = 1.0508e-03, PNorm = 35.6745, GNorm = 0.1270, lr_0 = 4.5392e-04
Loss = 7.2668e-04, PNorm = 35.6767, GNorm = 0.1736, lr_0 = 4.5284e-04
Loss = 8.7706e-04, PNorm = 35.6788, GNorm = 0.1275, lr_0 = 4.5177e-04
Loss = 8.8720e-04, PNorm = 35.6804, GNorm = 0.3956, lr_0 = 4.5070e-04
Loss = 6.5826e-04, PNorm = 35.6826, GNorm = 0.1615, lr_0 = 4.4963e-04
Loss = 5.2776e-04, PNorm = 35.6836, GNorm = 0.1432, lr_0 = 4.4856e-04
Loss = 5.3999e-04, PNorm = 35.6847, GNorm = 0.2884, lr_0 = 4.4750e-04
Loss = 6.8262e-04, PNorm = 35.6861, GNorm = 0.3036, lr_0 = 4.4644e-04
Validation mae = nan
Epoch 36
Loss = 3.3511e-04, PNorm = 35.6865, GNorm = 0.1106, lr_0 = 4.4528e-04
Loss = 2.8026e-04, PNorm = 35.6872, GNorm = 0.1500, lr_0 = 4.4422e-04
Loss = 3.6415e-04, PNorm = 35.6879, GNorm = 0.0333, lr_0 = 4.4317e-04
Loss = 2.6205e-04, PNorm = 35.6888, GNorm = 0.0759, lr_0 = 4.4212e-04
Loss = 2.6223e-04, PNorm = 35.6898, GNorm = 0.0643, lr_0 = 4.4107e-04
Loss = 2.1722e-04, PNorm = 35.6906, GNorm = 0.0564, lr_0 = 4.4002e-04
Loss = 2.2718e-04, PNorm = 35.6916, GNorm = 0.1402, lr_0 = 4.3898e-04
Loss = 2.9018e-04, PNorm = 35.6923, GNorm = 0.1515, lr_0 = 4.3794e-04
Loss = 2.9570e-04, PNorm = 35.6930, GNorm = 0.1415, lr_0 = 4.3690e-04
Loss = 5.4011e-04, PNorm = 35.6944, GNorm = 0.1225, lr_0 = 4.3587e-04
Validation mae = nan
Epoch 37
Loss = 1.1169e-03, PNorm = 35.6946, GNorm = 0.1647, lr_0 = 4.3483e-04
Loss = 8.3524e-04, PNorm = 35.6958, GNorm = 0.2806, lr_0 = 4.3380e-04
Loss = 5.4239e-04, PNorm = 35.6973, GNorm = 0.1924, lr_0 = 4.3277e-04
Loss = 2.9795e-04, PNorm = 35.6984, GNorm = 0.1801, lr_0 = 4.3175e-04
Loss = 3.6095e-04, PNorm = 35.6988, GNorm = 0.1069, lr_0 = 4.3072e-04
Loss = 2.9487e-04, PNorm = 35.6994, GNorm = 0.1497, lr_0 = 4.2970e-04
Loss = 2.9991e-04, PNorm = 35.7011, GNorm = 0.0429, lr_0 = 4.2868e-04
Loss = 2.0930e-04, PNorm = 35.7024, GNorm = 0.0567, lr_0 = 4.2767e-04
Loss = 1.7596e-04, PNorm = 35.7031, GNorm = 0.0519, lr_0 = 4.2665e-04
Loss = 1.6178e-04, PNorm = 35.7035, GNorm = 0.0954, lr_0 = 4.2564e-04
Validation mae = nan
Epoch 38
Loss = 2.3839e-04, PNorm = 35.7040, GNorm = 0.1056, lr_0 = 4.2463e-04
Loss = 3.0369e-04, PNorm = 35.7045, GNorm = 0.1521, lr_0 = 4.2363e-04
Loss = 3.2642e-04, PNorm = 35.7051, GNorm = 0.0974, lr_0 = 4.2262e-04
Loss = 2.4931e-04, PNorm = 35.7060, GNorm = 0.1098, lr_0 = 4.2162e-04
Loss = 2.4421e-04, PNorm = 35.7063, GNorm = 0.0889, lr_0 = 4.2062e-04
Loss = 2.5226e-04, PNorm = 35.7066, GNorm = 0.0871, lr_0 = 4.1962e-04
Loss = 2.3418e-04, PNorm = 35.7075, GNorm = 0.0571, lr_0 = 4.1863e-04
Loss = 3.4715e-04, PNorm = 35.7082, GNorm = 0.1598, lr_0 = 4.1764e-04
Loss = 5.2222e-04, PNorm = 35.7085, GNorm = 0.1285, lr_0 = 4.1665e-04
Loss = 3.5598e-04, PNorm = 35.7089, GNorm = 0.1515, lr_0 = 4.1566e-04
Validation mae = nan
Epoch 39
Loss = 2.7220e-04, PNorm = 35.7100, GNorm = 0.0920, lr_0 = 4.1458e-04
Loss = 2.4598e-04, PNorm = 35.7108, GNorm = 0.1664, lr_0 = 4.1359e-04
Loss = 3.6722e-04, PNorm = 35.7120, GNorm = 0.1927, lr_0 = 4.1261e-04
Loss = 3.8260e-04, PNorm = 35.7130, GNorm = 0.2009, lr_0 = 4.1164e-04
Loss = 2.6294e-04, PNorm = 35.7135, GNorm = 0.0691, lr_0 = 4.1066e-04
Loss = 4.8768e-04, PNorm = 35.7138, GNorm = 0.1242, lr_0 = 4.0969e-04
Loss = 3.5277e-04, PNorm = 35.7152, GNorm = 0.1985, lr_0 = 4.0871e-04
Loss = 3.7646e-04, PNorm = 35.7157, GNorm = 0.2144, lr_0 = 4.0775e-04
Loss = 3.6025e-04, PNorm = 35.7161, GNorm = 0.0967, lr_0 = 4.0678e-04
Loss = 3.4893e-04, PNorm = 35.7164, GNorm = 0.1301, lr_0 = 4.0582e-04
Validation mae = nan
Epoch 40
Loss = 2.9301e-04, PNorm = 35.7174, GNorm = 0.1193, lr_0 = 4.0485e-04
Loss = 3.0080e-04, PNorm = 35.7188, GNorm = 0.0847, lr_0 = 4.0389e-04
Loss = 2.7834e-04, PNorm = 35.7196, GNorm = 0.0819, lr_0 = 4.0294e-04
Loss = 2.9465e-04, PNorm = 35.7207, GNorm = 0.1536, lr_0 = 4.0198e-04
Loss = 2.5839e-04, PNorm = 35.7215, GNorm = 0.1108, lr_0 = 4.0103e-04
Loss = 2.4765e-04, PNorm = 35.7221, GNorm = 0.0543, lr_0 = 4.0008e-04
Loss = 2.7969e-04, PNorm = 35.7227, GNorm = 0.1125, lr_0 = 3.9913e-04
Loss = 2.3247e-04, PNorm = 35.7233, GNorm = 0.0983, lr_0 = 3.9818e-04
Loss = 1.7945e-04, PNorm = 35.7238, GNorm = 0.0799, lr_0 = 3.9724e-04
Loss = 1.6931e-04, PNorm = 35.7242, GNorm = 0.0710, lr_0 = 3.9630e-04
Validation mae = nan
Epoch 41
Loss = 3.9147e-04, PNorm = 35.7241, GNorm = 0.1906, lr_0 = 3.9526e-04
Loss = 2.4538e-04, PNorm = 35.7242, GNorm = 0.0982, lr_0 = 3.9433e-04
Loss = 2.5453e-04, PNorm = 35.7251, GNorm = 0.0400, lr_0 = 3.9339e-04
Loss = 2.3848e-04, PNorm = 35.7253, GNorm = 0.0733, lr_0 = 3.9246e-04
Loss = 1.4037e-04, PNorm = 35.7261, GNorm = 0.0615, lr_0 = 3.9153e-04
Loss = 1.7541e-04, PNorm = 35.7265, GNorm = 0.0865, lr_0 = 3.9060e-04
Loss = 1.4865e-04, PNorm = 35.7268, GNorm = 0.0556, lr_0 = 3.8968e-04
Loss = 2.1461e-04, PNorm = 35.7269, GNorm = 0.0370, lr_0 = 3.8875e-04
Loss = 1.5584e-04, PNorm = 35.7278, GNorm = 0.0905, lr_0 = 3.8783e-04
Loss = 2.6246e-04, PNorm = 35.7285, GNorm = 0.2079, lr_0 = 3.8691e-04
Validation mae = nan
Epoch 42
Loss = 3.5400e-04, PNorm = 35.7291, GNorm = 0.1698, lr_0 = 3.8599e-04
Loss = 5.3163e-04, PNorm = 35.7298, GNorm = 0.2075, lr_0 = 3.8508e-04
Loss = 5.7576e-04, PNorm = 35.7306, GNorm = 0.1652, lr_0 = 3.8417e-04
Loss = 6.4046e-04, PNorm = 35.7316, GNorm = 0.3096, lr_0 = 3.8326e-04
Loss = 7.0924e-04, PNorm = 35.7326, GNorm = 0.3022, lr_0 = 3.8235e-04
Loss = 6.1332e-04, PNorm = 35.7338, GNorm = 0.1183, lr_0 = 3.8144e-04
Loss = 3.9885e-04, PNorm = 35.7349, GNorm = 0.1005, lr_0 = 3.8054e-04
Loss = 2.6721e-04, PNorm = 35.7359, GNorm = 0.0560, lr_0 = 3.7963e-04
Loss = 2.2497e-04, PNorm = 35.7367, GNorm = 0.0941, lr_0 = 3.7873e-04
Loss = 2.5625e-04, PNorm = 35.7368, GNorm = 0.1101, lr_0 = 3.7784e-04
Validation mae = nan
Epoch 43
Loss = 3.4723e-04, PNorm = 35.7368, GNorm = 0.2050, lr_0 = 3.7685e-04
Loss = 2.5406e-04, PNorm = 35.7373, GNorm = 0.1010, lr_0 = 3.7596e-04
Loss = 3.9030e-04, PNorm = 35.7374, GNorm = 0.2150, lr_0 = 3.7507e-04
Loss = 3.2211e-04, PNorm = 35.7379, GNorm = 0.2225, lr_0 = 3.7418e-04
Loss = 5.6961e-04, PNorm = 35.7385, GNorm = 0.2252, lr_0 = 3.7329e-04
Loss = 4.8302e-04, PNorm = 35.7398, GNorm = 0.0464, lr_0 = 3.7241e-04
Loss = 3.4530e-04, PNorm = 35.7409, GNorm = 0.1188, lr_0 = 3.7152e-04
Loss = 2.7643e-04, PNorm = 35.7417, GNorm = 0.1292, lr_0 = 3.7064e-04
Loss = 2.3942e-04, PNorm = 35.7428, GNorm = 0.0515, lr_0 = 3.6976e-04
Loss = 2.3464e-04, PNorm = 35.7431, GNorm = 0.0750, lr_0 = 3.6889e-04
Validation mae = nan
Epoch 44
Loss = 2.9865e-04, PNorm = 35.7431, GNorm = 0.1097, lr_0 = 3.6801e-04
Loss = 2.9834e-04, PNorm = 35.7441, GNorm = 0.0754, lr_0 = 3.6714e-04
Loss = 2.4662e-04, PNorm = 35.7447, GNorm = 0.1426, lr_0 = 3.6627e-04
Loss = 2.3561e-04, PNorm = 35.7449, GNorm = 0.1118, lr_0 = 3.6540e-04
Loss = 2.7992e-04, PNorm = 35.7455, GNorm = 0.1202, lr_0 = 3.6454e-04
Loss = 2.2700e-04, PNorm = 35.7471, GNorm = 0.1034, lr_0 = 3.6367e-04
Loss = 3.1909e-04, PNorm = 35.7484, GNorm = 0.1828, lr_0 = 3.6281e-04
Loss = 2.5075e-04, PNorm = 35.7490, GNorm = 0.0495, lr_0 = 3.6195e-04
Loss = 2.9729e-04, PNorm = 35.7493, GNorm = 0.0517, lr_0 = 3.6109e-04
Loss = 2.7117e-04, PNorm = 35.7502, GNorm = 0.2053, lr_0 = 3.6024e-04
Validation mae = nan
Epoch 45
Loss = 3.1074e-04, PNorm = 35.7503, GNorm = 0.2417, lr_0 = 3.5938e-04
Loss = 5.4892e-04, PNorm = 35.7514, GNorm = 0.1272, lr_0 = 3.5853e-04
Loss = 5.2603e-04, PNorm = 35.7524, GNorm = 0.1834, lr_0 = 3.5768e-04
Loss = 3.3888e-04, PNorm = 35.7533, GNorm = 0.0763, lr_0 = 3.5683e-04
Loss = 3.0933e-04, PNorm = 35.7544, GNorm = 0.1250, lr_0 = 3.5599e-04
Loss = 2.9534e-04, PNorm = 35.7547, GNorm = 0.2209, lr_0 = 3.5514e-04
Loss = 3.8044e-04, PNorm = 35.7558, GNorm = 0.2023, lr_0 = 3.5430e-04
Loss = 2.6815e-04, PNorm = 35.7564, GNorm = 0.0889, lr_0 = 3.5346e-04
Loss = 2.1047e-04, PNorm = 35.7567, GNorm = 0.1010, lr_0 = 3.5262e-04
Loss = 1.9802e-04, PNorm = 35.7577, GNorm = 0.0838, lr_0 = 3.5179e-04
Loss = 8.3901e-05, PNorm = 35.7577, GNorm = 0.0649, lr_0 = 3.5170e-04
Validation mae = nan
Epoch 46
Loss = 2.1305e-04, PNorm = 35.7582, GNorm = 0.0740, lr_0 = 3.5087e-04
Loss = 1.2544e-04, PNorm = 35.7589, GNorm = 0.0220, lr_0 = 3.5004e-04
Loss = 1.1826e-04, PNorm = 35.7595, GNorm = 0.0546, lr_0 = 3.4921e-04
Loss = 1.4898e-04, PNorm = 35.7601, GNorm = 0.0485, lr_0 = 3.4838e-04
Loss = 1.4714e-04, PNorm = 35.7608, GNorm = 0.0629, lr_0 = 3.4755e-04
Loss = 1.8999e-04, PNorm = 35.7610, GNorm = 0.0737, lr_0 = 3.4673e-04
Loss = 1.5883e-04, PNorm = 35.7615, GNorm = 0.0638, lr_0 = 3.4591e-04
Loss = 1.8415e-04, PNorm = 35.7617, GNorm = 0.1168, lr_0 = 3.4509e-04
Loss = 2.2309e-04, PNorm = 35.7622, GNorm = 0.1155, lr_0 = 3.4427e-04
Loss = 3.0016e-04, PNorm = 35.7628, GNorm = 0.2135, lr_0 = 3.4345e-04
Validation mae = nan
Epoch 47
Loss = 4.7324e-04, PNorm = 35.7632, GNorm = 0.2558, lr_0 = 3.4264e-04
Loss = 3.2840e-04, PNorm = 35.7642, GNorm = 0.1645, lr_0 = 3.4183e-04
Loss = 3.6367e-04, PNorm = 35.7652, GNorm = 0.0887, lr_0 = 3.4102e-04
Loss = 2.1183e-04, PNorm = 35.7652, GNorm = 0.0877, lr_0 = 3.4021e-04
Loss = 1.6531e-04, PNorm = 35.7658, GNorm = 0.0769, lr_0 = 3.3940e-04
Loss = 1.6919e-04, PNorm = 35.7665, GNorm = 0.1086, lr_0 = 3.3860e-04
Loss = 2.1039e-04, PNorm = 35.7671, GNorm = 0.0663, lr_0 = 3.3780e-04
Loss = 1.6121e-04, PNorm = 35.7675, GNorm = 0.0629, lr_0 = 3.3699e-04
Loss = 2.8179e-04, PNorm = 35.7680, GNorm = 0.1822, lr_0 = 3.3620e-04
Validation mae = nan
Epoch 48
Loss = 2.6467e-04, PNorm = 35.7684, GNorm = 0.1018, lr_0 = 3.3532e-04
Loss = 2.6371e-04, PNorm = 35.7689, GNorm = 0.1697, lr_0 = 3.3452e-04
Loss = 2.1618e-04, PNorm = 35.7689, GNorm = 0.1354, lr_0 = 3.3373e-04
Loss = 3.6592e-04, PNorm = 35.7694, GNorm = 0.1369, lr_0 = 3.3294e-04
Loss = 3.9946e-04, PNorm = 35.7703, GNorm = 0.1195, lr_0 = 3.3215e-04
Loss = 3.5192e-04, PNorm = 35.7707, GNorm = 0.1039, lr_0 = 3.3136e-04
Loss = 3.6268e-04, PNorm = 35.7709, GNorm = 0.1820, lr_0 = 3.3058e-04
Loss = 2.0494e-04, PNorm = 35.7710, GNorm = 0.0473, lr_0 = 3.2979e-04
Loss = 1.7705e-04, PNorm = 35.7719, GNorm = 0.1215, lr_0 = 3.2901e-04
Loss = 3.7822e-04, PNorm = 35.7731, GNorm = 0.1219, lr_0 = 3.2823e-04
Validation mae = nan
Epoch 49
Loss = 2.2253e-04, PNorm = 35.7739, GNorm = 0.0926, lr_0 = 3.2745e-04
Loss = 2.9821e-04, PNorm = 35.7742, GNorm = 0.0854, lr_0 = 3.2668e-04
Loss = 2.6757e-04, PNorm = 35.7749, GNorm = 0.2094, lr_0 = 3.2590e-04
Loss = 3.0790e-04, PNorm = 35.7754, GNorm = 0.1529, lr_0 = 3.2513e-04
Loss = 2.2951e-04, PNorm = 35.7763, GNorm = 0.0877, lr_0 = 3.2436e-04
Loss = 2.7056e-04, PNorm = 35.7779, GNorm = 0.0849, lr_0 = 3.2359e-04
Loss = 4.5300e-04, PNorm = 35.7788, GNorm = 0.3007, lr_0 = 3.2283e-04
Loss = 8.3898e-04, PNorm = 35.7788, GNorm = 0.2134, lr_0 = 3.2206e-04
Loss = 2.8887e-04, PNorm = 35.7797, GNorm = 0.0499, lr_0 = 3.2130e-04
Loss = 2.8847e-04, PNorm = 35.7805, GNorm = 0.1065, lr_0 = 3.2053e-04
Validation mae = nan
Epoch 50
Loss = 3.7957e-04, PNorm = 35.7813, GNorm = 0.1845, lr_0 = 3.1977e-04
Loss = 2.6961e-04, PNorm = 35.7812, GNorm = 0.0733, lr_0 = 3.1902e-04
Loss = 2.7963e-04, PNorm = 35.7816, GNorm = 0.1321, lr_0 = 3.1826e-04
Loss = 2.7251e-04, PNorm = 35.7829, GNorm = 0.2174, lr_0 = 3.1751e-04
Loss = 2.4637e-04, PNorm = 35.7835, GNorm = 0.1067, lr_0 = 3.1675e-04
Loss = 3.4154e-04, PNorm = 35.7841, GNorm = 0.1456, lr_0 = 3.1600e-04
Loss = 3.8983e-04, PNorm = 35.7851, GNorm = 0.0719, lr_0 = 3.1525e-04
Loss = 3.1161e-04, PNorm = 35.7862, GNorm = 0.1162, lr_0 = 3.1451e-04
Loss = 1.7105e-04, PNorm = 35.7869, GNorm = 0.0361, lr_0 = 3.1376e-04
Loss = 2.2054e-04, PNorm = 35.7877, GNorm = 0.0929, lr_0 = 3.1302e-04
Validation mae = nan
Epoch 51
Loss = 2.1363e-04, PNorm = 35.7885, GNorm = 0.1185, lr_0 = 3.1220e-04
Loss = 2.2861e-04, PNorm = 35.7894, GNorm = 0.0549, lr_0 = 3.1146e-04
Loss = 2.7699e-04, PNorm = 35.7897, GNorm = 0.1276, lr_0 = 3.1072e-04
Loss = 2.7984e-04, PNorm = 35.7903, GNorm = 0.0877, lr_0 = 3.0999e-04
Loss = 1.5266e-04, PNorm = 35.7911, GNorm = 0.1238, lr_0 = 3.0925e-04
Loss = 2.5229e-04, PNorm = 35.7917, GNorm = 0.1205, lr_0 = 3.0852e-04
Loss = 2.5598e-04, PNorm = 35.7921, GNorm = 0.0441, lr_0 = 3.0779e-04
Loss = 2.3723e-04, PNorm = 35.7924, GNorm = 0.1155, lr_0 = 3.0706e-04
Loss = 2.9892e-04, PNorm = 35.7928, GNorm = 0.0718, lr_0 = 3.0633e-04
Loss = 5.6684e-04, PNorm = 35.7930, GNorm = 0.3163, lr_0 = 3.0560e-04
Validation mae = nan
Epoch 52
Loss = 5.9515e-04, PNorm = 35.7939, GNorm = 0.1453, lr_0 = 3.0488e-04
Loss = 5.5872e-04, PNorm = 35.7939, GNorm = 0.1690, lr_0 = 3.0416e-04
Loss = 4.3776e-04, PNorm = 35.7946, GNorm = 0.2477, lr_0 = 3.0343e-04
Loss = 5.0985e-04, PNorm = 35.7954, GNorm = 0.2566, lr_0 = 3.0272e-04
Loss = 4.4743e-04, PNorm = 35.7964, GNorm = 0.1726, lr_0 = 3.0200e-04
Loss = 2.7526e-04, PNorm = 35.7971, GNorm = 0.1935, lr_0 = 3.0128e-04
Loss = 2.3969e-04, PNorm = 35.7985, GNorm = 0.0659, lr_0 = 3.0057e-04
Loss = 2.7494e-04, PNorm = 35.7992, GNorm = 0.1455, lr_0 = 2.9986e-04
Loss = 1.9810e-04, PNorm = 35.7995, GNorm = 0.1368, lr_0 = 2.9914e-04
Loss = 2.3176e-04, PNorm = 35.8006, GNorm = 0.0410, lr_0 = 2.9844e-04
Validation mae = nan
Epoch 53
Loss = 2.1736e-04, PNorm = 35.8013, GNorm = 0.1363, lr_0 = 2.9766e-04
Loss = 1.9977e-04, PNorm = 35.8018, GNorm = 0.0997, lr_0 = 2.9695e-04
Loss = 1.2883e-04, PNorm = 35.8022, GNorm = 0.0774, lr_0 = 2.9625e-04
Loss = 1.9134e-04, PNorm = 35.8030, GNorm = 0.1976, lr_0 = 2.9555e-04
Loss = 2.6156e-04, PNorm = 35.8035, GNorm = 0.0465, lr_0 = 2.9485e-04
Loss = 2.1256e-04, PNorm = 35.8036, GNorm = 0.0663, lr_0 = 2.9415e-04
Loss = 2.6695e-04, PNorm = 35.8042, GNorm = 0.1904, lr_0 = 2.9345e-04
Loss = 3.0384e-04, PNorm = 35.8048, GNorm = 0.1445, lr_0 = 2.9275e-04
Loss = 4.1850e-04, PNorm = 35.8048, GNorm = 0.1106, lr_0 = 2.9206e-04
Loss = 3.3487e-04, PNorm = 35.8050, GNorm = 0.1251, lr_0 = 2.9137e-04
Validation mae = nan
Epoch 54
Loss = 3.0718e-04, PNorm = 35.8056, GNorm = 0.1422, lr_0 = 2.9068e-04
Loss = 2.4389e-04, PNorm = 35.8063, GNorm = 0.1025, lr_0 = 2.8999e-04
Loss = 1.8941e-04, PNorm = 35.8070, GNorm = 0.0770, lr_0 = 2.8930e-04
Loss = 1.7279e-04, PNorm = 35.8075, GNorm = 0.1332, lr_0 = 2.8861e-04
Loss = 1.9236e-04, PNorm = 35.8081, GNorm = 0.0354, lr_0 = 2.8793e-04
Loss = 1.9230e-04, PNorm = 35.8086, GNorm = 0.0649, lr_0 = 2.8725e-04
Loss = 2.1286e-04, PNorm = 35.8083, GNorm = 0.0419, lr_0 = 2.8657e-04
Loss = 2.2300e-04, PNorm = 35.8086, GNorm = 0.1976, lr_0 = 2.8589e-04
Loss = 2.8773e-04, PNorm = 35.8093, GNorm = 0.1298, lr_0 = 2.8521e-04
Loss = 2.0119e-04, PNorm = 35.8100, GNorm = 0.0985, lr_0 = 2.8453e-04
Validation mae = nan
Epoch 55
Loss = 1.7122e-04, PNorm = 35.8105, GNorm = 0.1026, lr_0 = 2.8379e-04
Loss = 1.3940e-04, PNorm = 35.8109, GNorm = 0.0408, lr_0 = 2.8312e-04
Loss = 1.2456e-04, PNorm = 35.8115, GNorm = 0.0294, lr_0 = 2.8245e-04
Loss = 1.1852e-04, PNorm = 35.8120, GNorm = 0.0688, lr_0 = 2.8178e-04
Loss = 1.5440e-04, PNorm = 35.8123, GNorm = 0.0487, lr_0 = 2.8111e-04
Loss = 1.4437e-04, PNorm = 35.8125, GNorm = 0.0475, lr_0 = 2.8044e-04
Loss = 1.8631e-04, PNorm = 35.8120, GNorm = 0.0793, lr_0 = 2.7978e-04
Loss = 2.0669e-04, PNorm = 35.8123, GNorm = 0.1166, lr_0 = 2.7912e-04
Loss = 1.5442e-04, PNorm = 35.8131, GNorm = 0.0615, lr_0 = 2.7845e-04
Loss = 1.8882e-04, PNorm = 35.8142, GNorm = 0.0877, lr_0 = 2.7779e-04
Validation mae = nan
Epoch 56
Loss = 2.4078e-04, PNorm = 35.8148, GNorm = 0.1005, lr_0 = 2.7714e-04
Loss = 1.8341e-04, PNorm = 35.8153, GNorm = 0.1500, lr_0 = 2.7648e-04
Loss = 1.8504e-04, PNorm = 35.8162, GNorm = 0.1082, lr_0 = 2.7582e-04
Loss = 1.8698e-04, PNorm = 35.8165, GNorm = 0.1082, lr_0 = 2.7517e-04
Loss = 1.0423e-04, PNorm = 35.8168, GNorm = 0.0503, lr_0 = 2.7452e-04
Loss = 9.6712e-05, PNorm = 35.8175, GNorm = 0.0440, lr_0 = 2.7387e-04
Loss = 1.0140e-04, PNorm = 35.8178, GNorm = 0.0289, lr_0 = 2.7322e-04
Loss = 9.8239e-05, PNorm = 35.8179, GNorm = 0.0624, lr_0 = 2.7257e-04
Loss = 2.8754e-04, PNorm = 35.8182, GNorm = 0.0525, lr_0 = 2.7192e-04
Loss = 2.1088e-04, PNorm = 35.8188, GNorm = 0.0768, lr_0 = 2.7128e-04
Validation mae = nan
Epoch 57
Loss = 2.2935e-04, PNorm = 35.8191, GNorm = 0.1286, lr_0 = 2.7064e-04
Loss = 1.3103e-04, PNorm = 35.8196, GNorm = 0.0723, lr_0 = 2.6999e-04
Loss = 1.3539e-04, PNorm = 35.8200, GNorm = 0.0844, lr_0 = 2.6935e-04
Loss = 1.6655e-04, PNorm = 35.8205, GNorm = 0.0683, lr_0 = 2.6872e-04
Loss = 2.9673e-04, PNorm = 35.8211, GNorm = 0.2118, lr_0 = 2.6808e-04
Loss = 4.0161e-04, PNorm = 35.8218, GNorm = 0.2082, lr_0 = 2.6744e-04
Loss = 3.5256e-04, PNorm = 35.8221, GNorm = 0.1953, lr_0 = 2.6681e-04
Loss = 2.4996e-04, PNorm = 35.8224, GNorm = 0.0451, lr_0 = 2.6618e-04
Loss = 2.3167e-04, PNorm = 35.8226, GNorm = 0.1549, lr_0 = 2.6555e-04
Loss = 2.2309e-04, PNorm = 35.8230, GNorm = 0.0484, lr_0 = 2.6492e-04
Validation mae = nan
Epoch 58
Loss = 1.2710e-04, PNorm = 35.8235, GNorm = 0.0528, lr_0 = 2.6423e-04
Loss = 1.7515e-04, PNorm = 35.8237, GNorm = 0.2290, lr_0 = 2.6360e-04
Loss = 2.4718e-04, PNorm = 35.8246, GNorm = 0.1748, lr_0 = 2.6297e-04
Loss = 3.3784e-04, PNorm = 35.8255, GNorm = 0.1645, lr_0 = 2.6235e-04
Loss = 2.2534e-04, PNorm = 35.8255, GNorm = 0.0621, lr_0 = 2.6173e-04
Loss = 1.8508e-04, PNorm = 35.8262, GNorm = 0.0644, lr_0 = 2.6111e-04
Loss = 1.7409e-04, PNorm = 35.8267, GNorm = 0.0545, lr_0 = 2.6049e-04
Loss = 2.1070e-04, PNorm = 35.8272, GNorm = 0.0830, lr_0 = 2.5987e-04
Loss = 1.6006e-04, PNorm = 35.8279, GNorm = 0.0266, lr_0 = 2.5926e-04
Loss = 1.5009e-04, PNorm = 35.8286, GNorm = 0.0813, lr_0 = 2.5864e-04
Validation mae = nan
Epoch 59
Loss = 1.3570e-04, PNorm = 35.8290, GNorm = 0.0562, lr_0 = 2.5803e-04
Loss = 1.6050e-04, PNorm = 35.8292, GNorm = 0.0833, lr_0 = 2.5742e-04
Loss = 1.6700e-04, PNorm = 35.8294, GNorm = 0.0548, lr_0 = 2.5681e-04
Loss = 1.8755e-04, PNorm = 35.8296, GNorm = 0.0815, lr_0 = 2.5620e-04
Loss = 2.4462e-04, PNorm = 35.8300, GNorm = 0.0884, lr_0 = 2.5559e-04
Loss = 2.1440e-04, PNorm = 35.8311, GNorm = 0.1405, lr_0 = 2.5498e-04
Loss = 3.0956e-04, PNorm = 35.8316, GNorm = 0.2026, lr_0 = 2.5438e-04
Loss = 4.5909e-04, PNorm = 35.8318, GNorm = 0.1355, lr_0 = 2.5378e-04
Loss = 5.7626e-04, PNorm = 35.8322, GNorm = 0.1853, lr_0 = 2.5318e-04
Loss = 3.5756e-04, PNorm = 35.8333, GNorm = 0.1068, lr_0 = 2.5258e-04
Validation mae = nan
Epoch 60
Loss = 3.4147e-04, PNorm = 35.8346, GNorm = 0.1251, lr_0 = 2.5192e-04
Loss = 1.9928e-04, PNorm = 35.8355, GNorm = 0.0709, lr_0 = 2.5132e-04
Loss = 2.4242e-04, PNorm = 35.8362, GNorm = 0.1233, lr_0 = 2.5072e-04
Loss = 1.4251e-04, PNorm = 35.8366, GNorm = 0.0697, lr_0 = 2.5013e-04
Loss = 1.4325e-04, PNorm = 35.8373, GNorm = 0.0447, lr_0 = 2.4954e-04
Loss = 1.3874e-04, PNorm = 35.8376, GNorm = 0.0459, lr_0 = 2.4895e-04
Loss = 9.9453e-05, PNorm = 35.8374, GNorm = 0.0621, lr_0 = 2.4836e-04
Loss = 1.1548e-04, PNorm = 35.8378, GNorm = 0.0530, lr_0 = 2.4777e-04
Loss = 1.2299e-04, PNorm = 35.8380, GNorm = 0.1015, lr_0 = 2.4718e-04
Loss = 1.7070e-04, PNorm = 35.8381, GNorm = 0.1640, lr_0 = 2.4659e-04
Validation mae = nan
Epoch 61
Loss = 2.5540e-04, PNorm = 35.8383, GNorm = 0.1666, lr_0 = 2.4601e-04
Loss = 2.3378e-04, PNorm = 35.8390, GNorm = 0.1197, lr_0 = 2.4543e-04
Loss = 3.3238e-04, PNorm = 35.8394, GNorm = 0.1179, lr_0 = 2.4484e-04
Loss = 2.4268e-04, PNorm = 35.8397, GNorm = 0.1276, lr_0 = 2.4426e-04
Loss = 2.6905e-04, PNorm = 35.8403, GNorm = 0.1327, lr_0 = 2.4368e-04
Loss = 3.3096e-04, PNorm = 35.8405, GNorm = 0.1843, lr_0 = 2.4311e-04
Loss = 2.4339e-04, PNorm = 35.8411, GNorm = 0.0376, lr_0 = 2.4253e-04
Loss = 1.8422e-04, PNorm = 35.8420, GNorm = 0.1160, lr_0 = 2.4196e-04
Loss = 2.0987e-04, PNorm = 35.8429, GNorm = 0.0369, lr_0 = 2.4138e-04
Loss = 1.6244e-04, PNorm = 35.8432, GNorm = 0.0614, lr_0 = 2.4081e-04
Validation mae = nan
Epoch 62
Loss = 1.4533e-04, PNorm = 35.8434, GNorm = 0.0514, lr_0 = 2.4018e-04
Loss = 1.7912e-04, PNorm = 35.8439, GNorm = 0.0688, lr_0 = 2.3961e-04
Loss = 1.6157e-04, PNorm = 35.8444, GNorm = 0.0337, lr_0 = 2.3904e-04
Loss = 1.5289e-04, PNorm = 35.8448, GNorm = 0.1170, lr_0 = 2.3848e-04
Loss = 1.5608e-04, PNorm = 35.8449, GNorm = 0.0368, lr_0 = 2.3791e-04
Loss = 1.4439e-04, PNorm = 35.8451, GNorm = 0.0344, lr_0 = 2.3735e-04
Loss = 1.1411e-04, PNorm = 35.8461, GNorm = 0.0223, lr_0 = 2.3679e-04
Loss = 1.3776e-04, PNorm = 35.8469, GNorm = 0.0384, lr_0 = 2.3622e-04
Loss = 1.2374e-04, PNorm = 35.8470, GNorm = 0.0512, lr_0 = 2.3566e-04
Loss = 1.1135e-04, PNorm = 35.8472, GNorm = 0.0549, lr_0 = 2.3511e-04
Validation mae = nan
Epoch 63
Loss = 1.1883e-04, PNorm = 35.8476, GNorm = 0.0483, lr_0 = 2.3455e-04
Loss = 1.1269e-04, PNorm = 35.8476, GNorm = 0.0905, lr_0 = 2.3399e-04
Loss = 1.0012e-04, PNorm = 35.8479, GNorm = 0.0520, lr_0 = 2.3344e-04
Loss = 9.5616e-05, PNorm = 35.8481, GNorm = 0.0300, lr_0 = 2.3288e-04
Loss = 1.1869e-04, PNorm = 35.8487, GNorm = 0.0425, lr_0 = 2.3233e-04
Loss = 1.2519e-04, PNorm = 35.8489, GNorm = 0.0655, lr_0 = 2.3178e-04
Loss = 1.3542e-04, PNorm = 35.8496, GNorm = 0.0859, lr_0 = 2.3123e-04
Loss = 2.0573e-04, PNorm = 35.8500, GNorm = 0.1093, lr_0 = 2.3068e-04
Loss = 2.6747e-04, PNorm = 35.8504, GNorm = 0.1165, lr_0 = 2.3014e-04
Loss = 2.3517e-04, PNorm = 35.8504, GNorm = 0.0599, lr_0 = 2.2959e-04
Validation mae = nan
Epoch 64
Loss = 1.5832e-04, PNorm = 35.8507, GNorm = 0.0394, lr_0 = 2.2905e-04
Loss = 1.8254e-04, PNorm = 35.8509, GNorm = 0.1165, lr_0 = 2.2850e-04
Loss = 1.6147e-04, PNorm = 35.8512, GNorm = 0.0502, lr_0 = 2.2796e-04
Loss = 1.6126e-04, PNorm = 35.8520, GNorm = 0.0417, lr_0 = 2.2742e-04
Loss = 2.6955e-04, PNorm = 35.8528, GNorm = 0.0745, lr_0 = 2.2688e-04
Loss = 3.1319e-04, PNorm = 35.8531, GNorm = 0.1220, lr_0 = 2.2635e-04
Loss = 4.8742e-04, PNorm = 35.8541, GNorm = 0.2024, lr_0 = 2.2581e-04
Loss = 4.1653e-04, PNorm = 35.8553, GNorm = 0.3133, lr_0 = 2.2527e-04
Loss = 5.3894e-04, PNorm = 35.8560, GNorm = 0.2131, lr_0 = 2.2474e-04
Loss = 3.6959e-04, PNorm = 35.8571, GNorm = 0.0814, lr_0 = 2.2421e-04
Validation mae = nan
Epoch 65
Loss = 2.8362e-04, PNorm = 35.8576, GNorm = 0.1097, lr_0 = 2.2362e-04
Loss = 2.3516e-04, PNorm = 35.8577, GNorm = 0.0351, lr_0 = 2.2309e-04
Loss = 1.8539e-04, PNorm = 35.8581, GNorm = 0.1241, lr_0 = 2.2256e-04
Loss = 1.6758e-04, PNorm = 35.8594, GNorm = 0.0457, lr_0 = 2.2204e-04
Loss = 1.4345e-04, PNorm = 35.8597, GNorm = 0.0353, lr_0 = 2.2151e-04
Loss = 1.5570e-04, PNorm = 35.8600, GNorm = 0.0734, lr_0 = 2.2098e-04
Loss = 1.3708e-04, PNorm = 35.8601, GNorm = 0.0517, lr_0 = 2.2046e-04
Loss = 1.2439e-04, PNorm = 35.8604, GNorm = 0.0663, lr_0 = 2.1994e-04
Loss = 1.2285e-04, PNorm = 35.8604, GNorm = 0.1062, lr_0 = 2.1942e-04
Loss = 1.0865e-04, PNorm = 35.8608, GNorm = 0.0470, lr_0 = 2.1890e-04
Validation mae = nan
Epoch 66
Loss = 1.4133e-04, PNorm = 35.8613, GNorm = 0.0764, lr_0 = 2.1838e-04
Loss = 1.2304e-04, PNorm = 35.8617, GNorm = 0.0547, lr_0 = 2.1786e-04
Loss = 1.2543e-04, PNorm = 35.8615, GNorm = 0.1486, lr_0 = 2.1734e-04
Loss = 2.2003e-04, PNorm = 35.8615, GNorm = 0.1106, lr_0 = 2.1683e-04
Loss = 1.4777e-04, PNorm = 35.8620, GNorm = 0.1094, lr_0 = 2.1631e-04
Loss = 1.2613e-04, PNorm = 35.8627, GNorm = 0.0776, lr_0 = 2.1580e-04
Loss = 1.4406e-04, PNorm = 35.8630, GNorm = 0.0568, lr_0 = 2.1529e-04
Loss = 1.1681e-04, PNorm = 35.8634, GNorm = 0.0591, lr_0 = 2.1478e-04
Loss = 9.1634e-05, PNorm = 35.8636, GNorm = 0.0717, lr_0 = 2.1427e-04
Loss = 1.2948e-04, PNorm = 35.8637, GNorm = 0.0577, lr_0 = 2.1376e-04
Validation mae = nan
Epoch 67
Loss = 9.9603e-05, PNorm = 35.8644, GNorm = 0.0526, lr_0 = 2.1321e-04
Loss = 1.5556e-04, PNorm = 35.8647, GNorm = 0.1191, lr_0 = 2.1270e-04
Loss = 1.1530e-04, PNorm = 35.8650, GNorm = 0.0194, lr_0 = 2.1220e-04
Loss = 1.3084e-04, PNorm = 35.8652, GNorm = 0.0595, lr_0 = 2.1169e-04
Loss = 1.4124e-04, PNorm = 35.8656, GNorm = 0.1166, lr_0 = 2.1119e-04
Loss = 1.0392e-04, PNorm = 35.8660, GNorm = 0.0665, lr_0 = 2.1069e-04
Loss = 1.4237e-04, PNorm = 35.8663, GNorm = 0.1296, lr_0 = 2.1019e-04
Loss = 9.6800e-05, PNorm = 35.8665, GNorm = 0.0381, lr_0 = 2.0969e-04
Loss = 8.5717e-05, PNorm = 35.8666, GNorm = 0.0506, lr_0 = 2.0920e-04
Loss = 1.3062e-04, PNorm = 35.8675, GNorm = 0.0691, lr_0 = 2.0870e-04
Validation mae = nan
Epoch 68
Loss = 9.9475e-05, PNorm = 35.8677, GNorm = 0.0474, lr_0 = 2.0820e-04
Loss = 7.3082e-05, PNorm = 35.8677, GNorm = 0.0468, lr_0 = 2.0771e-04
Loss = 1.1692e-04, PNorm = 35.8679, GNorm = 0.0479, lr_0 = 2.0722e-04
Loss = 1.7517e-04, PNorm = 35.8684, GNorm = 0.0830, lr_0 = 2.0673e-04
Loss = 1.7612e-04, PNorm = 35.8693, GNorm = 0.0849, lr_0 = 2.0624e-04
Loss = 1.6808e-04, PNorm = 35.8695, GNorm = 0.1362, lr_0 = 2.0575e-04
Loss = 1.7165e-04, PNorm = 35.8699, GNorm = 0.0914, lr_0 = 2.0526e-04
Loss = 9.0822e-05, PNorm = 35.8702, GNorm = 0.0539, lr_0 = 2.0477e-04
Loss = 1.1884e-04, PNorm = 35.8705, GNorm = 0.0889, lr_0 = 2.0429e-04
Loss = 1.3244e-04, PNorm = 35.8708, GNorm = 0.1608, lr_0 = 2.0380e-04
Validation mae = nan
Epoch 69
Loss = 1.5512e-04, PNorm = 35.8713, GNorm = 0.0690, lr_0 = 2.0332e-04
Loss = 1.5145e-04, PNorm = 35.8718, GNorm = 0.0401, lr_0 = 2.0284e-04
Loss = 1.4249e-04, PNorm = 35.8722, GNorm = 0.0396, lr_0 = 2.0236e-04
Loss = 1.2729e-04, PNorm = 35.8723, GNorm = 0.0542, lr_0 = 2.0188e-04
Loss = 1.4155e-04, PNorm = 35.8728, GNorm = 0.1001, lr_0 = 2.0140e-04
Loss = 1.9216e-04, PNorm = 35.8730, GNorm = 0.0573, lr_0 = 2.0092e-04
Loss = 1.4726e-04, PNorm = 35.8737, GNorm = 0.0955, lr_0 = 2.0045e-04
Loss = 1.7037e-04, PNorm = 35.8740, GNorm = 0.1231, lr_0 = 1.9997e-04
Loss = 1.1592e-04, PNorm = 35.8742, GNorm = 0.0381, lr_0 = 1.9950e-04
Loss = 1.1136e-04, PNorm = 35.8747, GNorm = 0.0582, lr_0 = 1.9902e-04
Loss = 1.5405e-04, PNorm = 35.8747, GNorm = 0.0875, lr_0 = 1.9898e-04
Validation mae = nan
Epoch 70
Loss = 2.2917e-04, PNorm = 35.8753, GNorm = 0.2211, lr_0 = 1.9851e-04
Loss = 3.0452e-04, PNorm = 35.8766, GNorm = 0.0566, lr_0 = 1.9804e-04
Loss = 2.5396e-04, PNorm = 35.8768, GNorm = 0.1315, lr_0 = 1.9757e-04
Loss = 2.8524e-04, PNorm = 35.8773, GNorm = 0.1775, lr_0 = 1.9710e-04
Loss = 4.2766e-04, PNorm = 35.8778, GNorm = 0.1349, lr_0 = 1.9663e-04
Loss = 4.3120e-04, PNorm = 35.8784, GNorm = 0.2428, lr_0 = 1.9616e-04
Loss = 5.3974e-04, PNorm = 35.8787, GNorm = 0.0883, lr_0 = 1.9570e-04
Loss = 6.2719e-04, PNorm = 35.8793, GNorm = 0.3151, lr_0 = 1.9524e-04
Loss = 4.1876e-04, PNorm = 35.8812, GNorm = 0.2167, lr_0 = 1.9477e-04
Loss = 2.0634e-04, PNorm = 35.8817, GNorm = 0.1447, lr_0 = 1.9431e-04
Validation mae = nan
Epoch 71
Loss = 2.6856e-04, PNorm = 35.8825, GNorm = 0.1988, lr_0 = 1.9385e-04
Loss = 2.2780e-04, PNorm = 35.8833, GNorm = 0.0441, lr_0 = 1.9339e-04
Loss = 1.5409e-04, PNorm = 35.8835, GNorm = 0.1221, lr_0 = 1.9293e-04
Loss = 1.6854e-04, PNorm = 35.8840, GNorm = 0.0348, lr_0 = 1.9248e-04
Loss = 1.5982e-04, PNorm = 35.8841, GNorm = 0.0746, lr_0 = 1.9202e-04
Loss = 1.5840e-04, PNorm = 35.8847, GNorm = 0.1084, lr_0 = 1.9156e-04
Loss = 1.3497e-04, PNorm = 35.8848, GNorm = 0.0292, lr_0 = 1.9111e-04
Loss = 1.3890e-04, PNorm = 35.8855, GNorm = 0.1105, lr_0 = 1.9066e-04
Loss = 1.1738e-04, PNorm = 35.8857, GNorm = 0.0460, lr_0 = 1.9020e-04
Validation mae = nan
Epoch 72
Loss = 1.5796e-04, PNorm = 35.8860, GNorm = 0.0965, lr_0 = 1.8971e-04
Loss = 9.9904e-05, PNorm = 35.8866, GNorm = 0.0275, lr_0 = 1.8926e-04
Loss = 7.8165e-05, PNorm = 35.8870, GNorm = 0.0347, lr_0 = 1.8881e-04
Loss = 1.0400e-04, PNorm = 35.8868, GNorm = 0.0553, lr_0 = 1.8836e-04
Loss = 8.0581e-05, PNorm = 35.8870, GNorm = 0.0362, lr_0 = 1.8792e-04
Loss = 7.6511e-05, PNorm = 35.8875, GNorm = 0.0566, lr_0 = 1.8747e-04
Loss = 7.6376e-05, PNorm = 35.8874, GNorm = 0.0339, lr_0 = 1.8703e-04
Loss = 8.4705e-05, PNorm = 35.8875, GNorm = 0.0516, lr_0 = 1.8658e-04
Loss = 1.0783e-04, PNorm = 35.8878, GNorm = 0.0771, lr_0 = 1.8614e-04
Loss = 1.3162e-04, PNorm = 35.8881, GNorm = 0.0461, lr_0 = 1.8570e-04
Validation mae = nan
Epoch 73
Loss = 1.2508e-04, PNorm = 35.8886, GNorm = 0.0868, lr_0 = 1.8526e-04
Loss = 8.2990e-05, PNorm = 35.8887, GNorm = 0.0580, lr_0 = 1.8482e-04
Loss = 7.9579e-05, PNorm = 35.8891, GNorm = 0.0377, lr_0 = 1.8438e-04
Loss = 5.6206e-05, PNorm = 35.8895, GNorm = 0.0379, lr_0 = 1.8394e-04
Loss = 6.8450e-05, PNorm = 35.8898, GNorm = 0.0359, lr_0 = 1.8351e-04
Loss = 1.8036e-04, PNorm = 35.8901, GNorm = 0.1914, lr_0 = 1.8307e-04
Loss = 1.8297e-04, PNorm = 35.8905, GNorm = 0.0562, lr_0 = 1.8264e-04
Loss = 1.4649e-04, PNorm = 35.8911, GNorm = 0.0400, lr_0 = 1.8221e-04
Loss = 1.1172e-04, PNorm = 35.8914, GNorm = 0.0372, lr_0 = 1.8177e-04
Loss = 9.1983e-05, PNorm = 35.8918, GNorm = 0.0726, lr_0 = 1.8134e-04
Validation mae = nan
Epoch 74
Loss = 9.4176e-05, PNorm = 35.8919, GNorm = 0.0666, lr_0 = 1.8087e-04
Loss = 7.2914e-05, PNorm = 35.8922, GNorm = 0.0385, lr_0 = 1.8044e-04
Loss = 9.1891e-05, PNorm = 35.8924, GNorm = 0.0346, lr_0 = 1.8001e-04
Loss = 1.0895e-04, PNorm = 35.8926, GNorm = 0.0691, lr_0 = 1.7959e-04
Loss = 5.6910e-05, PNorm = 35.8928, GNorm = 0.0419, lr_0 = 1.7916e-04
Loss = 1.0294e-04, PNorm = 35.8931, GNorm = 0.0294, lr_0 = 1.7874e-04
Loss = 1.2807e-04, PNorm = 35.8935, GNorm = 0.0793, lr_0 = 1.7831e-04
Loss = 1.2673e-04, PNorm = 35.8939, GNorm = 0.0964, lr_0 = 1.7789e-04
Loss = 1.2521e-04, PNorm = 35.8938, GNorm = 0.0529, lr_0 = 1.7747e-04
Loss = 9.0331e-05, PNorm = 35.8941, GNorm = 0.0477, lr_0 = 1.7705e-04
Validation mae = nan
Epoch 75
Loss = 1.1834e-04, PNorm = 35.8946, GNorm = 0.0402, lr_0 = 1.7663e-04
Loss = 1.0170e-04, PNorm = 35.8947, GNorm = 0.0854, lr_0 = 1.7621e-04
Loss = 1.1642e-04, PNorm = 35.8953, GNorm = 0.0605, lr_0 = 1.7579e-04
Loss = 1.2136e-04, PNorm = 35.8955, GNorm = 0.0672, lr_0 = 1.7538e-04
Loss = 1.2248e-04, PNorm = 35.8960, GNorm = 0.1255, lr_0 = 1.7496e-04
Loss = 1.3312e-04, PNorm = 35.8962, GNorm = 0.0456, lr_0 = 1.7455e-04
Loss = 1.3651e-04, PNorm = 35.8966, GNorm = 0.0407, lr_0 = 1.7413e-04
Loss = 1.7740e-04, PNorm = 35.8963, GNorm = 0.0888, lr_0 = 1.7372e-04
Loss = 1.1382e-04, PNorm = 35.8964, GNorm = 0.0677, lr_0 = 1.7331e-04
Loss = 1.6253e-04, PNorm = 35.8969, GNorm = 0.0846, lr_0 = 1.7290e-04
Validation mae = nan
Epoch 76
Loss = 1.5834e-04, PNorm = 35.8973, GNorm = 0.0926, lr_0 = 1.7249e-04
Loss = 1.8290e-04, PNorm = 35.8975, GNorm = 0.0657, lr_0 = 1.7208e-04
Loss = 1.2690e-04, PNorm = 35.8981, GNorm = 0.0668, lr_0 = 1.7167e-04
Loss = 1.2200e-04, PNorm = 35.8986, GNorm = 0.0577, lr_0 = 1.7126e-04
Loss = 1.8756e-04, PNorm = 35.8989, GNorm = 0.1019, lr_0 = 1.7086e-04
Loss = 1.8866e-04, PNorm = 35.8995, GNorm = 0.0627, lr_0 = 1.7045e-04
Loss = 1.6151e-04, PNorm = 35.8998, GNorm = 0.1324, lr_0 = 1.7005e-04
Loss = 1.9287e-04, PNorm = 35.9000, GNorm = 0.1022, lr_0 = 1.6964e-04
Loss = 1.8714e-04, PNorm = 35.9001, GNorm = 0.0605, lr_0 = 1.6924e-04
Loss = 1.2748e-04, PNorm = 35.9006, GNorm = 0.0535, lr_0 = 1.6884e-04
Validation mae = nan
Epoch 77
Loss = 1.4970e-04, PNorm = 35.9012, GNorm = 0.0981, lr_0 = 1.6840e-04
Loss = 9.5932e-05, PNorm = 35.9017, GNorm = 0.0223, lr_0 = 1.6800e-04
Loss = 7.5617e-05, PNorm = 35.9019, GNorm = 0.0604, lr_0 = 1.6760e-04
Loss = 9.8815e-05, PNorm = 35.9017, GNorm = 0.0871, lr_0 = 1.6721e-04
Loss = 1.2543e-04, PNorm = 35.9024, GNorm = 0.1598, lr_0 = 1.6681e-04
Loss = 1.2160e-04, PNorm = 35.9026, GNorm = 0.0306, lr_0 = 1.6641e-04
Loss = 9.8604e-05, PNorm = 35.9033, GNorm = 0.0300, lr_0 = 1.6602e-04
Loss = 7.5468e-05, PNorm = 35.9035, GNorm = 0.0236, lr_0 = 1.6563e-04
Loss = 1.1686e-04, PNorm = 35.9037, GNorm = 0.0685, lr_0 = 1.6523e-04
Loss = 1.1435e-04, PNorm = 35.9037, GNorm = 0.1270, lr_0 = 1.6484e-04
Validation mae = nan
Epoch 78
Loss = 1.7520e-04, PNorm = 35.9038, GNorm = 0.1676, lr_0 = 1.6445e-04
Loss = 1.3213e-04, PNorm = 35.9041, GNorm = 0.0990, lr_0 = 1.6406e-04
Loss = 1.7750e-04, PNorm = 35.9046, GNorm = 0.1195, lr_0 = 1.6367e-04
Loss = 1.3534e-04, PNorm = 35.9050, GNorm = 0.0479, lr_0 = 1.6328e-04
Loss = 1.1885e-04, PNorm = 35.9056, GNorm = 0.0770, lr_0 = 1.6290e-04
Loss = 1.6746e-04, PNorm = 35.9059, GNorm = 0.0450, lr_0 = 1.6251e-04
Loss = 1.6277e-04, PNorm = 35.9063, GNorm = 0.1778, lr_0 = 1.6213e-04
Loss = 2.2354e-04, PNorm = 35.9073, GNorm = 0.0611, lr_0 = 1.6174e-04
Loss = 1.9921e-04, PNorm = 35.9076, GNorm = 0.1554, lr_0 = 1.6136e-04
Loss = 2.3616e-04, PNorm = 35.9081, GNorm = 0.1014, lr_0 = 1.6098e-04
Validation mae = nan
Epoch 79
Loss = 2.4412e-04, PNorm = 35.9084, GNorm = 0.1085, lr_0 = 1.6056e-04
Loss = 2.2584e-04, PNorm = 35.9085, GNorm = 0.0574, lr_0 = 1.6018e-04
Loss = 1.5233e-04, PNorm = 35.9088, GNorm = 0.0681, lr_0 = 1.5980e-04
Loss = 1.9307e-04, PNorm = 35.9092, GNorm = 0.1694, lr_0 = 1.5942e-04
Loss = 1.8776e-04, PNorm = 35.9099, GNorm = 0.0628, lr_0 = 1.5904e-04
Loss = 1.6884e-04, PNorm = 35.9105, GNorm = 0.1146, lr_0 = 1.5866e-04
Loss = 1.4917e-04, PNorm = 35.9112, GNorm = 0.0878, lr_0 = 1.5829e-04
Loss = 1.5888e-04, PNorm = 35.9115, GNorm = 0.0513, lr_0 = 1.5791e-04
Loss = 1.6431e-04, PNorm = 35.9117, GNorm = 0.0939, lr_0 = 1.5754e-04
Loss = 1.8835e-04, PNorm = 35.9118, GNorm = 0.0684, lr_0 = 1.5716e-04
Validation mae = nan
Epoch 80
Loss = 8.7587e-05, PNorm = 35.9122, GNorm = 0.0839, lr_0 = 1.5679e-04
Loss = 8.4388e-05, PNorm = 35.9124, GNorm = 0.0570, lr_0 = 1.5642e-04
Loss = 1.3462e-04, PNorm = 35.9126, GNorm = 0.1482, lr_0 = 1.5605e-04
Loss = 1.1198e-04, PNorm = 35.9128, GNorm = 0.1236, lr_0 = 1.5568e-04
Loss = 1.0648e-04, PNorm = 35.9129, GNorm = 0.0518, lr_0 = 1.5531e-04
Loss = 9.0206e-05, PNorm = 35.9135, GNorm = 0.0671, lr_0 = 1.5494e-04
Loss = 1.2485e-04, PNorm = 35.9136, GNorm = 0.0591, lr_0 = 1.5457e-04
Loss = 1.5076e-04, PNorm = 35.9141, GNorm = 0.0708, lr_0 = 1.5421e-04
Loss = 1.1260e-04, PNorm = 35.9145, GNorm = 0.0592, lr_0 = 1.5384e-04
Loss = 1.5112e-04, PNorm = 35.9146, GNorm = 0.1189, lr_0 = 1.5348e-04
Validation mae = nan
Epoch 81
Loss = 1.2151e-04, PNorm = 35.9150, GNorm = 0.1082, lr_0 = 1.5308e-04
Loss = 1.0839e-04, PNorm = 35.9156, GNorm = 0.0814, lr_0 = 1.5271e-04
Loss = 1.2864e-04, PNorm = 35.9158, GNorm = 0.0474, lr_0 = 1.5235e-04
Loss = 1.3347e-04, PNorm = 35.9162, GNorm = 0.0456, lr_0 = 1.5199e-04
Loss = 2.0830e-04, PNorm = 35.9167, GNorm = 0.2480, lr_0 = 1.5163e-04
Loss = 2.1091e-04, PNorm = 35.9171, GNorm = 0.1305, lr_0 = 1.5127e-04
Loss = 2.0272e-04, PNorm = 35.9168, GNorm = 0.0878, lr_0 = 1.5091e-04
Loss = 2.1932e-04, PNorm = 35.9174, GNorm = 0.0764, lr_0 = 1.5056e-04
Loss = 1.3110e-04, PNorm = 35.9180, GNorm = 0.0419, lr_0 = 1.5020e-04
Loss = 1.0699e-04, PNorm = 35.9186, GNorm = 0.0616, lr_0 = 1.4984e-04
Validation mae = nan
Epoch 82
Loss = 8.8978e-05, PNorm = 35.9187, GNorm = 0.0629, lr_0 = 1.4949e-04
Loss = 1.1480e-04, PNorm = 35.9190, GNorm = 0.0500, lr_0 = 1.4913e-04
Loss = 1.1192e-04, PNorm = 35.9198, GNorm = 0.0714, lr_0 = 1.4878e-04
Loss = 8.1353e-05, PNorm = 35.9206, GNorm = 0.0681, lr_0 = 1.4843e-04
Loss = 1.0797e-04, PNorm = 35.9208, GNorm = 0.0885, lr_0 = 1.4807e-04
Loss = 8.7446e-05, PNorm = 35.9212, GNorm = 0.0697, lr_0 = 1.4772e-04
Loss = 9.3043e-05, PNorm = 35.9213, GNorm = 0.0326, lr_0 = 1.4737e-04
Loss = 1.2162e-04, PNorm = 35.9215, GNorm = 0.1326, lr_0 = 1.4702e-04
Loss = 7.9840e-05, PNorm = 35.9216, GNorm = 0.0757, lr_0 = 1.4668e-04
Loss = 7.6812e-05, PNorm = 35.9217, GNorm = 0.0391, lr_0 = 1.4633e-04
Validation mae = nan
Epoch 83
Loss = 1.0069e-04, PNorm = 35.9217, GNorm = 0.0568, lr_0 = 1.4598e-04
Loss = 1.0387e-04, PNorm = 35.9217, GNorm = 0.0263, lr_0 = 1.4563e-04
Loss = 9.6288e-05, PNorm = 35.9220, GNorm = 0.0413, lr_0 = 1.4529e-04
Loss = 1.5963e-04, PNorm = 35.9221, GNorm = 0.0775, lr_0 = 1.4495e-04
Loss = 1.2973e-04, PNorm = 35.9225, GNorm = 0.0807, lr_0 = 1.4460e-04
Loss = 8.7067e-05, PNorm = 35.9233, GNorm = 0.1086, lr_0 = 1.4426e-04
Loss = 6.8984e-05, PNorm = 35.9237, GNorm = 0.0433, lr_0 = 1.4392e-04
Loss = 8.0967e-05, PNorm = 35.9237, GNorm = 0.0649, lr_0 = 1.4358e-04
Loss = 7.9319e-05, PNorm = 35.9239, GNorm = 0.0452, lr_0 = 1.4324e-04
Loss = 1.0276e-04, PNorm = 35.9243, GNorm = 0.0746, lr_0 = 1.4290e-04
Validation mae = nan
Epoch 84
Loss = 1.2973e-04, PNorm = 35.9244, GNorm = 0.0633, lr_0 = 1.4252e-04
Loss = 7.2766e-05, PNorm = 35.9249, GNorm = 0.0511, lr_0 = 1.4219e-04
Loss = 1.1454e-04, PNorm = 35.9251, GNorm = 0.0900, lr_0 = 1.4185e-04
Loss = 9.3316e-05, PNorm = 35.9255, GNorm = 0.0617, lr_0 = 1.4151e-04
Loss = 9.8900e-05, PNorm = 35.9254, GNorm = 0.0236, lr_0 = 1.4118e-04
Loss = 1.0731e-04, PNorm = 35.9257, GNorm = 0.0621, lr_0 = 1.4084e-04
Loss = 1.0112e-04, PNorm = 35.9265, GNorm = 0.0907, lr_0 = 1.4051e-04
Loss = 1.3440e-04, PNorm = 35.9270, GNorm = 0.0530, lr_0 = 1.4018e-04
Loss = 1.2531e-04, PNorm = 35.9276, GNorm = 0.0684, lr_0 = 1.3984e-04
Loss = 1.0728e-04, PNorm = 35.9277, GNorm = 0.0457, lr_0 = 1.3951e-04
Validation mae = nan
Epoch 85
Loss = 1.1044e-04, PNorm = 35.9276, GNorm = 0.0666, lr_0 = 1.3918e-04
Loss = 8.3164e-05, PNorm = 35.9276, GNorm = 0.0778, lr_0 = 1.3885e-04
Loss = 7.0038e-05, PNorm = 35.9275, GNorm = 0.0320, lr_0 = 1.3852e-04
Loss = 7.1409e-05, PNorm = 35.9279, GNorm = 0.0404, lr_0 = 1.3819e-04
Loss = 8.1081e-05, PNorm = 35.9282, GNorm = 0.0698, lr_0 = 1.3787e-04
Loss = 7.3886e-05, PNorm = 35.9284, GNorm = 0.0485, lr_0 = 1.3754e-04
Loss = 1.0627e-04, PNorm = 35.9288, GNorm = 0.0891, lr_0 = 1.3721e-04
Loss = 7.9370e-05, PNorm = 35.9295, GNorm = 0.0527, lr_0 = 1.3689e-04
Loss = 6.0953e-05, PNorm = 35.9300, GNorm = 0.0409, lr_0 = 1.3656e-04
Loss = 8.6497e-05, PNorm = 35.9299, GNorm = 0.0395, lr_0 = 1.3624e-04
Validation mae = nan
Epoch 86
Loss = 5.6348e-05, PNorm = 35.9300, GNorm = 0.0238, lr_0 = 1.3588e-04
Loss = 8.1548e-05, PNorm = 35.9301, GNorm = 0.0446, lr_0 = 1.3556e-04
Loss = 7.1531e-05, PNorm = 35.9305, GNorm = 0.0627, lr_0 = 1.3524e-04
Loss = 7.7586e-05, PNorm = 35.9305, GNorm = 0.0484, lr_0 = 1.3492e-04
Loss = 7.1799e-05, PNorm = 35.9307, GNorm = 0.0586, lr_0 = 1.3460e-04
Loss = 7.2814e-05, PNorm = 35.9307, GNorm = 0.0404, lr_0 = 1.3428e-04
Loss = 7.1965e-05, PNorm = 35.9310, GNorm = 0.0684, lr_0 = 1.3396e-04
Loss = 8.6871e-05, PNorm = 35.9314, GNorm = 0.0362, lr_0 = 1.3365e-04
Loss = 5.3151e-05, PNorm = 35.9315, GNorm = 0.0438, lr_0 = 1.3333e-04
Loss = 5.9882e-05, PNorm = 35.9317, GNorm = 0.0388, lr_0 = 1.3301e-04
Validation mae = nan
Epoch 87
Loss = 8.4975e-05, PNorm = 35.9320, GNorm = 0.1295, lr_0 = 1.3270e-04
Loss = 9.8875e-05, PNorm = 35.9322, GNorm = 0.0619, lr_0 = 1.3238e-04
Loss = 1.0112e-04, PNorm = 35.9324, GNorm = 0.0534, lr_0 = 1.3207e-04
Loss = 8.7124e-05, PNorm = 35.9327, GNorm = 0.0906, lr_0 = 1.3176e-04
Loss = 9.1995e-05, PNorm = 35.9332, GNorm = 0.0591, lr_0 = 1.3144e-04
Loss = 1.1080e-04, PNorm = 35.9335, GNorm = 0.1262, lr_0 = 1.3113e-04
Loss = 1.1065e-04, PNorm = 35.9337, GNorm = 0.0612, lr_0 = 1.3082e-04
Loss = 9.5064e-05, PNorm = 35.9339, GNorm = 0.0508, lr_0 = 1.3051e-04
Loss = 8.6427e-05, PNorm = 35.9344, GNorm = 0.0562, lr_0 = 1.3020e-04
Loss = 7.2693e-05, PNorm = 35.9349, GNorm = 0.0551, lr_0 = 1.2989e-04
Validation mae = nan
Epoch 88
Loss = 6.7961e-05, PNorm = 35.9350, GNorm = 0.0369, lr_0 = 1.2958e-04
Loss = 6.5507e-05, PNorm = 35.9350, GNorm = 0.0389, lr_0 = 1.2928e-04
Loss = 8.2297e-05, PNorm = 35.9355, GNorm = 0.0402, lr_0 = 1.2897e-04
Loss = 7.8209e-05, PNorm = 35.9356, GNorm = 0.0597, lr_0 = 1.2867e-04
Loss = 9.1461e-05, PNorm = 35.9358, GNorm = 0.0653, lr_0 = 1.2836e-04
Loss = 1.2140e-04, PNorm = 35.9364, GNorm = 0.0527, lr_0 = 1.2806e-04
Loss = 1.2825e-04, PNorm = 35.9365, GNorm = 0.0769, lr_0 = 1.2775e-04
Loss = 8.8088e-05, PNorm = 35.9366, GNorm = 0.0845, lr_0 = 1.2745e-04
Loss = 6.7121e-05, PNorm = 35.9370, GNorm = 0.0252, lr_0 = 1.2715e-04
Loss = 5.8431e-05, PNorm = 35.9372, GNorm = 0.0205, lr_0 = 1.2685e-04
Validation mae = nan
Epoch 89
Loss = 6.2522e-05, PNorm = 35.9374, GNorm = 0.0140, lr_0 = 1.2652e-04
Loss = 4.6863e-05, PNorm = 35.9377, GNorm = 0.0295, lr_0 = 1.2622e-04
Loss = 9.7544e-05, PNorm = 35.9380, GNorm = 0.0554, lr_0 = 1.2592e-04
Loss = 9.1662e-05, PNorm = 35.9383, GNorm = 0.0378, lr_0 = 1.2562e-04
Loss = 1.0663e-04, PNorm = 35.9388, GNorm = 0.1609, lr_0 = 1.2532e-04
Loss = 1.0227e-04, PNorm = 35.9389, GNorm = 0.0830, lr_0 = 1.2502e-04
Loss = 8.0681e-05, PNorm = 35.9392, GNorm = 0.0171, lr_0 = 1.2473e-04
Loss = 5.5604e-05, PNorm = 35.9390, GNorm = 0.0312, lr_0 = 1.2443e-04
Loss = 7.6928e-05, PNorm = 35.9391, GNorm = 0.0864, lr_0 = 1.2414e-04
Loss = 9.9802e-05, PNorm = 35.9397, GNorm = 0.0407, lr_0 = 1.2384e-04
Validation mae = nan
Epoch 90
Loss = 9.9855e-05, PNorm = 35.9402, GNorm = 0.0479, lr_0 = 1.2355e-04
Loss = 9.4820e-05, PNorm = 35.9406, GNorm = 0.0322, lr_0 = 1.2326e-04
Loss = 9.1067e-05, PNorm = 35.9410, GNorm = 0.1455, lr_0 = 1.2296e-04
Loss = 9.0639e-05, PNorm = 35.9410, GNorm = 0.0697, lr_0 = 1.2267e-04
Loss = 9.9635e-05, PNorm = 35.9410, GNorm = 0.0436, lr_0 = 1.2238e-04
Loss = 1.1742e-04, PNorm = 35.9412, GNorm = 0.0743, lr_0 = 1.2209e-04
Loss = 1.0801e-04, PNorm = 35.9415, GNorm = 0.0422, lr_0 = 1.2180e-04
Loss = 7.9231e-05, PNorm = 35.9422, GNorm = 0.0305, lr_0 = 1.2151e-04
Loss = 8.3925e-05, PNorm = 35.9426, GNorm = 0.0273, lr_0 = 1.2122e-04
Loss = 9.9270e-05, PNorm = 35.9430, GNorm = 0.1350, lr_0 = 1.2094e-04
Validation mae = nan
Epoch 91
Loss = 1.1059e-04, PNorm = 35.9434, GNorm = 0.0678, lr_0 = 1.2062e-04
Loss = 1.1097e-04, PNorm = 35.9436, GNorm = 0.0966, lr_0 = 1.2034e-04
Loss = 1.0412e-04, PNorm = 35.9439, GNorm = 0.0720, lr_0 = 1.2005e-04
Loss = 1.1911e-04, PNorm = 35.9439, GNorm = 0.1110, lr_0 = 1.1977e-04
Loss = 1.0286e-04, PNorm = 35.9440, GNorm = 0.1203, lr_0 = 1.1948e-04
Loss = 1.1210e-04, PNorm = 35.9444, GNorm = 0.0694, lr_0 = 1.1920e-04
Loss = 7.7813e-05, PNorm = 35.9446, GNorm = 0.0212, lr_0 = 1.1892e-04
Loss = 1.2193e-04, PNorm = 35.9449, GNorm = 0.1952, lr_0 = 1.1863e-04
Loss = 1.5600e-04, PNorm = 35.9450, GNorm = 0.1081, lr_0 = 1.1835e-04
Loss = 1.2281e-04, PNorm = 35.9451, GNorm = 0.0648, lr_0 = 1.1807e-04
Validation mae = nan
Epoch 92
Loss = 9.0316e-05, PNorm = 35.9455, GNorm = 0.0588, lr_0 = 1.1779e-04
Loss = 5.7272e-05, PNorm = 35.9457, GNorm = 0.0455, lr_0 = 1.1751e-04
Loss = 5.9702e-05, PNorm = 35.9460, GNorm = 0.0441, lr_0 = 1.1724e-04
Loss = 6.7507e-05, PNorm = 35.9463, GNorm = 0.0727, lr_0 = 1.1696e-04
Loss = 7.5134e-05, PNorm = 35.9464, GNorm = 0.0638, lr_0 = 1.1668e-04
Loss = 8.4816e-05, PNorm = 35.9466, GNorm = 0.0824, lr_0 = 1.1640e-04
Loss = 8.6869e-05, PNorm = 35.9468, GNorm = 0.0694, lr_0 = 1.1613e-04
Loss = 8.0534e-05, PNorm = 35.9472, GNorm = 0.0112, lr_0 = 1.1585e-04
Loss = 6.7490e-05, PNorm = 35.9475, GNorm = 0.0284, lr_0 = 1.1558e-04
Loss = 8.7631e-05, PNorm = 35.9479, GNorm = 0.0821, lr_0 = 1.1530e-04
Loss = 4.1007e-05, PNorm = 35.9479, GNorm = 0.0393, lr_0 = 1.1528e-04
Validation mae = nan
Epoch 93
Loss = 5.4866e-05, PNorm = 35.9483, GNorm = 0.0409, lr_0 = 1.1500e-04
Loss = 5.4301e-05, PNorm = 35.9484, GNorm = 0.0342, lr_0 = 1.1473e-04
Loss = 5.4588e-05, PNorm = 35.9485, GNorm = 0.0600, lr_0 = 1.1446e-04
Loss = 8.3831e-05, PNorm = 35.9485, GNorm = 0.0952, lr_0 = 1.1419e-04
Loss = 6.2658e-05, PNorm = 35.9486, GNorm = 0.0429, lr_0 = 1.1392e-04
Loss = 9.1739e-05, PNorm = 35.9488, GNorm = 0.0330, lr_0 = 1.1365e-04
Loss = 8.0093e-05, PNorm = 35.9491, GNorm = 0.0349, lr_0 = 1.1338e-04
Loss = 1.1441e-04, PNorm = 35.9496, GNorm = 0.0862, lr_0 = 1.1311e-04
Loss = 9.5480e-05, PNorm = 35.9497, GNorm = 0.0563, lr_0 = 1.1284e-04
Loss = 1.9626e-04, PNorm = 35.9497, GNorm = 0.1547, lr_0 = 1.1257e-04
Validation mae = nan
Epoch 94
Loss = 2.1427e-04, PNorm = 35.9495, GNorm = 0.2205, lr_0 = 1.1231e-04
Loss = 2.8398e-04, PNorm = 35.9495, GNorm = 0.0481, lr_0 = 1.1204e-04
Loss = 2.1489e-04, PNorm = 35.9502, GNorm = 0.0796, lr_0 = 1.1177e-04
Loss = 1.2060e-04, PNorm = 35.9505, GNorm = 0.0626, lr_0 = 1.1151e-04
Loss = 1.0967e-04, PNorm = 35.9513, GNorm = 0.0608, lr_0 = 1.1124e-04
Loss = 6.3879e-05, PNorm = 35.9520, GNorm = 0.0422, lr_0 = 1.1098e-04
Loss = 6.3606e-05, PNorm = 35.9522, GNorm = 0.0250, lr_0 = 1.1072e-04
Loss = 4.4941e-05, PNorm = 35.9525, GNorm = 0.0204, lr_0 = 1.1046e-04
Loss = 6.0783e-05, PNorm = 35.9526, GNorm = 0.0330, lr_0 = 1.1019e-04
Loss = 4.7750e-05, PNorm = 35.9525, GNorm = 0.0411, lr_0 = 1.0993e-04
Validation mae = nan
Epoch 95
Loss = 5.6582e-05, PNorm = 35.9526, GNorm = 0.0433, lr_0 = 1.0967e-04
Loss = 6.2043e-05, PNorm = 35.9529, GNorm = 0.0145, lr_0 = 1.0941e-04
Loss = 6.4348e-05, PNorm = 35.9533, GNorm = 0.0566, lr_0 = 1.0915e-04
Loss = 6.4212e-05, PNorm = 35.9536, GNorm = 0.0528, lr_0 = 1.0889e-04
Loss = 1.0693e-04, PNorm = 35.9538, GNorm = 0.1130, lr_0 = 1.0864e-04
Loss = 7.7231e-05, PNorm = 35.9543, GNorm = 0.0540, lr_0 = 1.0838e-04
Loss = 5.0295e-05, PNorm = 35.9547, GNorm = 0.0414, lr_0 = 1.0812e-04
Loss = 6.7040e-05, PNorm = 35.9548, GNorm = 0.0267, lr_0 = 1.0786e-04
Loss = 7.3204e-05, PNorm = 35.9547, GNorm = 0.0345, lr_0 = 1.0761e-04
Validation mae = nan
Epoch 96
Loss = 1.8206e-04, PNorm = 35.9549, GNorm = 0.1335, lr_0 = 1.0733e-04
Loss = 7.8830e-05, PNorm = 35.9552, GNorm = 0.0108, lr_0 = 1.0707e-04
Loss = 7.0100e-05, PNorm = 35.9555, GNorm = 0.0620, lr_0 = 1.0682e-04
Loss = 8.6004e-05, PNorm = 35.9557, GNorm = 0.0994, lr_0 = 1.0657e-04
Loss = 1.0228e-04, PNorm = 35.9558, GNorm = 0.1342, lr_0 = 1.0631e-04
Loss = 1.0973e-04, PNorm = 35.9563, GNorm = 0.0440, lr_0 = 1.0606e-04
Loss = 7.5980e-05, PNorm = 35.9564, GNorm = 0.0267, lr_0 = 1.0581e-04
Loss = 7.1269e-05, PNorm = 35.9569, GNorm = 0.0575, lr_0 = 1.0556e-04
Loss = 1.0120e-04, PNorm = 35.9572, GNorm = 0.0507, lr_0 = 1.0531e-04
Loss = 9.4851e-05, PNorm = 35.9573, GNorm = 0.0564, lr_0 = 1.0506e-04
Validation mae = nan
Epoch 97
Loss = 1.4082e-04, PNorm = 35.9576, GNorm = 0.0808, lr_0 = 1.0481e-04
Loss = 1.7564e-04, PNorm = 35.9577, GNorm = 0.1558, lr_0 = 1.0456e-04
Loss = 1.8171e-04, PNorm = 35.9577, GNorm = 0.1264, lr_0 = 1.0431e-04
Loss = 1.3868e-04, PNorm = 35.9581, GNorm = 0.0532, lr_0 = 1.0407e-04
Loss = 1.3554e-04, PNorm = 35.9582, GNorm = 0.0510, lr_0 = 1.0382e-04
Loss = 1.1472e-04, PNorm = 35.9588, GNorm = 0.0541, lr_0 = 1.0357e-04
Loss = 6.4296e-05, PNorm = 35.9595, GNorm = 0.0388, lr_0 = 1.0333e-04
Loss = 7.3616e-05, PNorm = 35.9596, GNorm = 0.0387, lr_0 = 1.0308e-04
Loss = 8.0280e-05, PNorm = 35.9597, GNorm = 0.0329, lr_0 = 1.0284e-04
Loss = 6.2790e-05, PNorm = 35.9601, GNorm = 0.0475, lr_0 = 1.0260e-04
Validation mae = nan
Epoch 98
Loss = 6.2943e-05, PNorm = 35.9604, GNorm = 0.0607, lr_0 = 1.0233e-04
Loss = 5.9079e-05, PNorm = 35.9606, GNorm = 0.0464, lr_0 = 1.0209e-04
Loss = 5.0306e-05, PNorm = 35.9610, GNorm = 0.0325, lr_0 = 1.0184e-04
Loss = 5.4470e-05, PNorm = 35.9612, GNorm = 0.0212, lr_0 = 1.0160e-04
Loss = 5.6280e-05, PNorm = 35.9612, GNorm = 0.0279, lr_0 = 1.0136e-04
Loss = 8.7499e-05, PNorm = 35.9613, GNorm = 0.0507, lr_0 = 1.0112e-04
Loss = 1.0430e-04, PNorm = 35.9617, GNorm = 0.1014, lr_0 = 1.0088e-04
Loss = 7.0140e-05, PNorm = 35.9621, GNorm = 0.0568, lr_0 = 1.0064e-04
Loss = 6.8544e-05, PNorm = 35.9623, GNorm = 0.0295, lr_0 = 1.0040e-04
Loss = 7.4110e-05, PNorm = 35.9624, GNorm = 0.0440, lr_0 = 1.0017e-04
Validation mae = nan
Epoch 99
Loss = 5.4697e-05, PNorm = 35.9627, GNorm = 0.0536, lr_0 = 1.0000e-04
Loss = 4.4954e-05, PNorm = 35.9628, GNorm = 0.0200, lr_0 = 1.0000e-04
Loss = 6.2392e-05, PNorm = 35.9629, GNorm = 0.0601, lr_0 = 1.0000e-04
Loss = 7.7767e-05, PNorm = 35.9629, GNorm = 0.0328, lr_0 = 1.0000e-04
Loss = 6.9322e-05, PNorm = 35.9634, GNorm = 0.0564, lr_0 = 1.0000e-04
Loss = 6.1968e-05, PNorm = 35.9638, GNorm = 0.0399, lr_0 = 1.0000e-04
Loss = 6.4154e-05, PNorm = 35.9640, GNorm = 0.0452, lr_0 = 1.0000e-04
Loss = 4.2140e-05, PNorm = 35.9640, GNorm = 0.0221, lr_0 = 1.0000e-04
Loss = 4.9007e-05, PNorm = 35.9642, GNorm = 0.0419, lr_0 = 1.0000e-04
Loss = 7.9593e-05, PNorm = 35.9645, GNorm = 0.0339, lr_0 = 1.0000e-04
Validation mae = nan
Model 0 best validation mae = inf on epoch 0
Loading pretrained parameter "encoder.encoder.0.cached_zero_vector".
Loading pretrained parameter "encoder.encoder.0.W_i.weight".
Loading pretrained parameter "encoder.encoder.0.W_h.weight".
Loading pretrained parameter "encoder.encoder.0.W_o.weight".
Loading pretrained parameter "encoder.encoder.0.W_o.bias".
Loading pretrained parameter "ffn.1.weight".
Loading pretrained parameter "ffn.1.bias".
Loading pretrained parameter "ffn.4.weight".
Loading pretrained parameter "ffn.4.bias".
Moving model to cuda
Model 0 test mae = nan
Ensemble test mae = nan
1-fold cross validation
	Seed 0 ==> test mae = nan
Overall test mae = nan +/- nan
Elapsed time = 0:06:36
