Command line
python train.py --data_path data/data_0.5_nheavy1/density.csv --smiles_columns smiles --target_columns density --dataset_type regression --split_sizes 1.0 0.0 0.0 --features_generator rdkit_2d --features_columns T --save_dir data/data_0.5_nheavy1/density --save_preds --epochs 100 --metric mae
Args
{'activation': 'ReLU',
 'aggregation': 'mean',
 'aggregation_norm': 100,
 'atom_descriptor_scaling': True,
 'atom_descriptors': None,
 'atom_descriptors_path': None,
 'atom_descriptors_size': 0,
 'atom_features_size': 0,
 'atom_messages': False,
 'batch_size': 50,
 'bias': False,
 'bond_feature_scaling': True,
 'bond_features_path': None,
 'bond_features_size': 0,
 'cache_cutoff': 10000,
 'checkpoint_dir': None,
 'checkpoint_path': None,
 'checkpoint_paths': None,
 'class_balance': False,
 'config_path': None,
 'crossval_index_dir': None,
 'crossval_index_file': None,
 'crossval_index_sets': None,
 'cuda': True,
 'data_path': 'data/data_0.5_nheavy1/density.csv',
 'dataset_type': 'regression',
 'depth': 3,
 'device': device(type='cuda'),
 'dropout': 0.0,
 'empty_cache': False,
 'ensemble_size': 1,
 'epochs': 100,
 'explicit_h': False,
 'extra_metrics': [],
 'features_columns': ['T'],
 'features_generator': ['rdkit_2d'],
 'features_only': False,
 'features_path': None,
 'features_scaling': True,
 'features_size': None,
 'ffn_hidden_size': 300,
 'ffn_num_layers': 2,
 'final_lr': 0.0001,
 'folds_file': None,
 'gpu': None,
 'grad_clip': None,
 'hidden_size': 300,
 'ignore_columns': None,
 'init_lr': 0.0001,
 'log_frequency': 10,
 'max_data_size': None,
 'max_lr': 0.001,
 'metric': 'mae',
 'metrics': ['mae'],
 'minimize_score': True,
 'mpn_shared': False,
 'multiclass_num_classes': 3,
 'no_atom_descriptor_scaling': False,
 'no_bond_features_scaling': False,
 'no_cache_mol': False,
 'no_cuda': False,
 'no_features_scaling': False,
 'num_folds': 1,
 'num_lrs': 1,
 'num_tasks': 1,
 'num_workers': 8,
 'number_of_molecules': 1,
 'overwrite_default_atom_features': False,
 'overwrite_default_bond_features': False,
 'pytorch_seed': 0,
 'quiet': False,
 'reaction': False,
 'reaction_mode': 'reac_diff',
 'resume_experiment': False,
 'save_dir': 'data/data_0.5_nheavy1/density',
 'save_preds': True,
 'save_smiles_splits': False,
 'seed': 0,
 'separate_test_atom_descriptors_path': None,
 'separate_test_bond_features_path': None,
 'separate_test_features_path': None,
 'separate_test_path': None,
 'separate_val_atom_descriptors_path': None,
 'separate_val_bond_features_path': None,
 'separate_val_features_path': None,
 'separate_val_path': None,
 'show_individual_scores': False,
 'smiles_columns': ['smiles'],
 'split_sizes': (1.0, 0.0, 0.0),
 'split_type': 'random',
 'target_columns': ['density'],
 'task_names': ['density'],
 'test': False,
 'test_fold_index': None,
 'train_data_size': None,
 'undirected': False,
 'use_input_features': True,
 'val_fold_index': None,
 'warmup_epochs': 2.0}
Loading data
Number of tasks = 1
Fold 0
Splitting data with seed 0
Total size = 4,805 | train size = 4,805 | val size = 0 | test size = 0
Fitting scaler
Building model 0
MoleculeModel(
  (encoder): MPN(
    (encoder): ModuleList(
      (0): MPNEncoder(
        (dropout_layer): Dropout(p=0.0, inplace=False)
        (act_func): ReLU()
        (W_i): Linear(in_features=147, out_features=300, bias=False)
        (W_h): Linear(in_features=300, out_features=300, bias=False)
        (W_o): Linear(in_features=433, out_features=300, bias=True)
      )
    )
  )
  (ffn): Sequential(
    (0): Dropout(p=0.0, inplace=False)
    (1): Linear(in_features=501, out_features=300, bias=True)
    (2): ReLU()
    (3): Dropout(p=0.0, inplace=False)
    (4): Linear(in_features=300, out_features=1, bias=True)
  )
)
Number of parameters = 415,201
Moving model to cuda
Epoch 0
Loss = 9.8829e-01, PNorm = 35.0904, GNorm = 5.5120, lr_0 = 1.5156e-04
Loss = 7.3987e-01, PNorm = 35.0919, GNorm = 3.5338, lr_0 = 1.9844e-04
Loss = 6.7250e-01, PNorm = 35.0971, GNorm = 5.6448, lr_0 = 2.4531e-04
Loss = 4.7975e-01, PNorm = 35.1040, GNorm = 2.3109, lr_0 = 2.9219e-04
Loss = 4.0021e-01, PNorm = 35.1122, GNorm = 3.0913, lr_0 = 3.3906e-04
Loss = 3.1072e-01, PNorm = 35.1187, GNorm = 4.7140, lr_0 = 3.8594e-04
Loss = 2.5787e-01, PNorm = 35.1240, GNorm = 3.4984, lr_0 = 4.3281e-04
Loss = 1.9591e-01, PNorm = 35.1267, GNorm = 4.0249, lr_0 = 4.7969e-04
Loss = 1.7782e-01, PNorm = 35.1307, GNorm = 11.4791, lr_0 = 5.2656e-04
Validation mae = nan
Epoch 1
Loss = 1.1285e-01, PNorm = 35.1322, GNorm = 10.1583, lr_0 = 5.7812e-04
Loss = 8.0963e-02, PNorm = 35.1330, GNorm = 1.4287, lr_0 = 6.2500e-04
Loss = 6.4023e-02, PNorm = 35.1342, GNorm = 3.4226, lr_0 = 6.7187e-04
Loss = 3.9318e-02, PNorm = 35.1357, GNorm = 2.7637, lr_0 = 7.1875e-04
Loss = 3.5140e-02, PNorm = 35.1378, GNorm = 0.8277, lr_0 = 7.6563e-04
Loss = 3.1084e-02, PNorm = 35.1391, GNorm = 2.3829, lr_0 = 8.1250e-04
Loss = 3.1638e-02, PNorm = 35.1395, GNorm = 2.2443, lr_0 = 8.5938e-04
Loss = 2.7396e-02, PNorm = 35.1408, GNorm = 1.8751, lr_0 = 9.0625e-04
Loss = 2.2248e-02, PNorm = 35.1436, GNorm = 1.4081, lr_0 = 9.5312e-04
Loss = 2.4247e-02, PNorm = 35.1462, GNorm = 3.8991, lr_0 = 1.0000e-03
Validation mae = nan
Epoch 2
Loss = 3.0219e-02, PNorm = 35.1472, GNorm = 2.4592, lr_0 = 9.9731e-04
Loss = 2.2126e-02, PNorm = 35.1482, GNorm = 1.1856, lr_0 = 9.9487e-04
Loss = 1.4582e-02, PNorm = 35.1491, GNorm = 0.7854, lr_0 = 9.9244e-04
Loss = 1.9669e-02, PNorm = 35.1506, GNorm = 0.9688, lr_0 = 9.9002e-04
Loss = 1.8235e-02, PNorm = 35.1531, GNorm = 0.8575, lr_0 = 9.8760e-04
Loss = 1.6159e-02, PNorm = 35.1541, GNorm = 1.0845, lr_0 = 9.8518e-04
Loss = 1.7825e-02, PNorm = 35.1548, GNorm = 1.6454, lr_0 = 9.8277e-04
Loss = 1.3763e-02, PNorm = 35.1562, GNorm = 0.5069, lr_0 = 9.8037e-04
Loss = 1.2580e-02, PNorm = 35.1577, GNorm = 1.0245, lr_0 = 9.7797e-04
Validation mae = nan
Epoch 3
Loss = 1.0136e-02, PNorm = 35.1586, GNorm = 0.6580, lr_0 = 9.7534e-04
Loss = 1.3171e-02, PNorm = 35.1602, GNorm = 0.5077, lr_0 = 9.7296e-04
Loss = 9.6610e-03, PNorm = 35.1617, GNorm = 0.7884, lr_0 = 9.7058e-04
Loss = 1.1923e-02, PNorm = 35.1617, GNorm = 1.3427, lr_0 = 9.6821e-04
Loss = 9.0120e-03, PNorm = 35.1629, GNorm = 0.6305, lr_0 = 9.6584e-04
Loss = 1.1143e-02, PNorm = 35.1654, GNorm = 0.8810, lr_0 = 9.6348e-04
Loss = 8.1349e-03, PNorm = 35.1674, GNorm = 1.2266, lr_0 = 9.6113e-04
Loss = 9.1894e-03, PNorm = 35.1683, GNorm = 0.3708, lr_0 = 9.5878e-04
Loss = 1.0007e-02, PNorm = 35.1692, GNorm = 0.9409, lr_0 = 9.5643e-04
Loss = 8.7118e-03, PNorm = 35.1704, GNorm = 0.5628, lr_0 = 9.5410e-04
Validation mae = nan
Epoch 4
Loss = 9.4164e-03, PNorm = 35.1723, GNorm = 0.6089, lr_0 = 9.5153e-04
Loss = 8.6567e-03, PNorm = 35.1731, GNorm = 0.4665, lr_0 = 9.4920e-04
Loss = 9.6398e-03, PNorm = 35.1742, GNorm = 0.4342, lr_0 = 9.4688e-04
Loss = 8.2384e-03, PNorm = 35.1755, GNorm = 0.8409, lr_0 = 9.4457e-04
Loss = 8.7866e-03, PNorm = 35.1769, GNorm = 0.3597, lr_0 = 9.4226e-04
Loss = 7.3850e-03, PNorm = 35.1779, GNorm = 0.7085, lr_0 = 9.3996e-04
Loss = 8.7108e-03, PNorm = 35.1800, GNorm = 1.0350, lr_0 = 9.3766e-04
Loss = 6.6607e-03, PNorm = 35.1817, GNorm = 0.8561, lr_0 = 9.3537e-04
Loss = 7.6369e-03, PNorm = 35.1829, GNorm = 0.6733, lr_0 = 9.3308e-04
Loss = 8.2956e-03, PNorm = 35.1841, GNorm = 0.3445, lr_0 = 9.3080e-04
Loss = 1.1559e-02, PNorm = 35.1842, GNorm = 1.7376, lr_0 = 9.3057e-04
Validation mae = nan
Epoch 5
Loss = 1.0434e-02, PNorm = 35.1863, GNorm = 1.6188, lr_0 = 9.2830e-04
Loss = 6.6322e-03, PNorm = 35.1879, GNorm = 0.3656, lr_0 = 9.2603e-04
Loss = 6.6996e-03, PNorm = 35.1903, GNorm = 0.5918, lr_0 = 9.2376e-04
Loss = 5.6485e-03, PNorm = 35.1921, GNorm = 0.6277, lr_0 = 9.2151e-04
Loss = 4.6650e-03, PNorm = 35.1936, GNorm = 0.1508, lr_0 = 9.1925e-04
Loss = 4.2766e-03, PNorm = 35.1951, GNorm = 0.3331, lr_0 = 9.1701e-04
Loss = 4.5644e-03, PNorm = 35.1973, GNorm = 0.6399, lr_0 = 9.1476e-04
Loss = 4.2711e-03, PNorm = 35.1992, GNorm = 0.3894, lr_0 = 9.1253e-04
Loss = 4.6655e-03, PNorm = 35.2009, GNorm = 0.7170, lr_0 = 9.1030e-04
Validation mae = nan
Epoch 6
Loss = 6.0055e-03, PNorm = 35.2029, GNorm = 0.7102, lr_0 = 9.0785e-04
Loss = 5.7349e-03, PNorm = 35.2044, GNorm = 0.2584, lr_0 = 9.0563e-04
Loss = 5.1967e-03, PNorm = 35.2062, GNorm = 0.4728, lr_0 = 9.0342e-04
Loss = 3.7985e-03, PNorm = 35.2078, GNorm = 0.2960, lr_0 = 9.0121e-04
Loss = 4.3657e-03, PNorm = 35.2100, GNorm = 0.3693, lr_0 = 8.9901e-04
Loss = 5.1529e-03, PNorm = 35.2119, GNorm = 0.9870, lr_0 = 8.9681e-04
Loss = 3.6098e-03, PNorm = 35.2132, GNorm = 0.2539, lr_0 = 8.9462e-04
Loss = 4.5733e-03, PNorm = 35.2148, GNorm = 0.6917, lr_0 = 8.9243e-04
Loss = 7.0467e-03, PNorm = 35.2165, GNorm = 1.4533, lr_0 = 8.9025e-04
Loss = 6.6977e-03, PNorm = 35.2177, GNorm = 0.3121, lr_0 = 8.8807e-04
Validation mae = nan
Epoch 7
Loss = 5.5128e-03, PNorm = 35.2186, GNorm = 0.3936, lr_0 = 8.8568e-04
Loss = 5.4348e-03, PNorm = 35.2200, GNorm = 0.6333, lr_0 = 8.8352e-04
Loss = 4.9921e-03, PNorm = 35.2210, GNorm = 0.7850, lr_0 = 8.8136e-04
Loss = 3.3345e-03, PNorm = 35.2224, GNorm = 0.5722, lr_0 = 8.7920e-04
Loss = 4.1373e-03, PNorm = 35.2242, GNorm = 0.3885, lr_0 = 8.7706e-04
Loss = 3.2860e-03, PNorm = 35.2261, GNorm = 0.4164, lr_0 = 8.7491e-04
Loss = 3.7080e-03, PNorm = 35.2277, GNorm = 0.7198, lr_0 = 8.7277e-04
Loss = 4.1189e-03, PNorm = 35.2303, GNorm = 0.7338, lr_0 = 8.7064e-04
Loss = 4.9801e-03, PNorm = 35.2327, GNorm = 0.6749, lr_0 = 8.6851e-04
Validation mae = nan
Epoch 8
Loss = 6.0444e-03, PNorm = 35.2356, GNorm = 1.1031, lr_0 = 8.6618e-04
Loss = 4.1543e-03, PNorm = 35.2383, GNorm = 0.4127, lr_0 = 8.6406e-04
Loss = 4.9041e-03, PNorm = 35.2398, GNorm = 0.6460, lr_0 = 8.6195e-04
Loss = 4.4184e-03, PNorm = 35.2420, GNorm = 0.4433, lr_0 = 8.5984e-04
Loss = 2.7072e-03, PNorm = 35.2450, GNorm = 0.1375, lr_0 = 8.5774e-04
Loss = 2.9373e-03, PNorm = 35.2482, GNorm = 0.3455, lr_0 = 8.5564e-04
Loss = 2.1591e-03, PNorm = 35.2501, GNorm = 0.4110, lr_0 = 8.5355e-04
Loss = 2.7885e-03, PNorm = 35.2523, GNorm = 0.5689, lr_0 = 8.5146e-04
Loss = 2.9680e-03, PNorm = 35.2538, GNorm = 0.2015, lr_0 = 8.4938e-04
Loss = 2.7310e-03, PNorm = 35.2544, GNorm = 0.5637, lr_0 = 8.4731e-04
Validation mae = nan
Epoch 9
Loss = 3.2908e-03, PNorm = 35.2562, GNorm = 0.2975, lr_0 = 8.4503e-04
Loss = 2.6497e-03, PNorm = 35.2574, GNorm = 0.6716, lr_0 = 8.4296e-04
Loss = 2.3714e-03, PNorm = 35.2587, GNorm = 0.3303, lr_0 = 8.4090e-04
Loss = 2.5565e-03, PNorm = 35.2609, GNorm = 0.3484, lr_0 = 8.3885e-04
Loss = 2.3241e-03, PNorm = 35.2621, GNorm = 0.3095, lr_0 = 8.3679e-04
Loss = 3.6818e-03, PNorm = 35.2640, GNorm = 0.4450, lr_0 = 8.3475e-04
Loss = 3.9825e-03, PNorm = 35.2652, GNorm = 0.5735, lr_0 = 8.3271e-04
Loss = 3.3057e-03, PNorm = 35.2685, GNorm = 0.5795, lr_0 = 8.3067e-04
Loss = 2.5888e-03, PNorm = 35.2708, GNorm = 0.3203, lr_0 = 8.2864e-04
Loss = 2.3488e-03, PNorm = 35.2728, GNorm = 0.5125, lr_0 = 8.2662e-04
Validation mae = nan
Epoch 10
Loss = 4.9914e-03, PNorm = 35.2750, GNorm = 0.5494, lr_0 = 8.2460e-04
Loss = 4.0664e-03, PNorm = 35.2777, GNorm = 0.6781, lr_0 = 8.2258e-04
Loss = 2.5518e-03, PNorm = 35.2806, GNorm = 0.2928, lr_0 = 8.2057e-04
Loss = 2.9123e-03, PNorm = 35.2827, GNorm = 0.2885, lr_0 = 8.1856e-04
Loss = 2.4346e-03, PNorm = 35.2853, GNorm = 0.2251, lr_0 = 8.1656e-04
Loss = 1.8209e-03, PNorm = 35.2871, GNorm = 0.2318, lr_0 = 8.1457e-04
Loss = 2.5475e-03, PNorm = 35.2897, GNorm = 0.3702, lr_0 = 8.1258e-04
Loss = 1.7725e-03, PNorm = 35.2914, GNorm = 0.3259, lr_0 = 8.1059e-04
Loss = 2.6172e-03, PNorm = 35.2932, GNorm = 0.4834, lr_0 = 8.0861e-04
Validation mae = nan
Epoch 11
Loss = 1.5133e-03, PNorm = 35.2951, GNorm = 0.1591, lr_0 = 8.0643e-04
Loss = 2.4221e-03, PNorm = 35.2967, GNorm = 0.2533, lr_0 = 8.0446e-04
Loss = 1.9298e-03, PNorm = 35.2986, GNorm = 0.1322, lr_0 = 8.0250e-04
Loss = 1.5656e-03, PNorm = 35.3008, GNorm = 0.4072, lr_0 = 8.0053e-04
Loss = 1.5084e-03, PNorm = 35.3028, GNorm = 0.2495, lr_0 = 7.9858e-04
Loss = 1.6200e-03, PNorm = 35.3043, GNorm = 0.3339, lr_0 = 7.9663e-04
Loss = 2.0767e-03, PNorm = 35.3060, GNorm = 0.2313, lr_0 = 7.9468e-04
Loss = 2.0626e-03, PNorm = 35.3080, GNorm = 0.2263, lr_0 = 7.9274e-04
Loss = 1.7853e-03, PNorm = 35.3107, GNorm = 0.5209, lr_0 = 7.9080e-04
Loss = 1.8043e-03, PNorm = 35.3126, GNorm = 0.2586, lr_0 = 7.8886e-04
Validation mae = nan
Epoch 12
Loss = 2.9131e-03, PNorm = 35.3141, GNorm = 0.4678, lr_0 = 7.8674e-04
Loss = 2.4681e-03, PNorm = 35.3162, GNorm = 0.2840, lr_0 = 7.8482e-04
Loss = 2.3180e-03, PNorm = 35.3180, GNorm = 0.5908, lr_0 = 7.8290e-04
Loss = 2.5807e-03, PNorm = 35.3210, GNorm = 0.4550, lr_0 = 7.8099e-04
Loss = 2.0274e-03, PNorm = 35.3239, GNorm = 0.3363, lr_0 = 7.7908e-04
Loss = 2.4693e-03, PNorm = 35.3271, GNorm = 0.7553, lr_0 = 7.7717e-04
Loss = 2.6143e-03, PNorm = 35.3295, GNorm = 0.9423, lr_0 = 7.7528e-04
Loss = 2.9264e-03, PNorm = 35.3314, GNorm = 0.6778, lr_0 = 7.7338e-04
Loss = 2.1298e-03, PNorm = 35.3337, GNorm = 0.2808, lr_0 = 7.7149e-04
Validation mae = nan
Epoch 13
Loss = 2.5177e-03, PNorm = 35.3357, GNorm = 0.4756, lr_0 = 7.6942e-04
Loss = 2.0526e-03, PNorm = 35.3374, GNorm = 0.4869, lr_0 = 7.6753e-04
Loss = 2.1603e-03, PNorm = 35.3393, GNorm = 0.4028, lr_0 = 7.6566e-04
Loss = 1.5503e-03, PNorm = 35.3415, GNorm = 0.2623, lr_0 = 7.6379e-04
Loss = 1.4563e-03, PNorm = 35.3433, GNorm = 0.2763, lr_0 = 7.6192e-04
Loss = 1.6262e-03, PNorm = 35.3457, GNorm = 0.2196, lr_0 = 7.6006e-04
Loss = 1.5391e-03, PNorm = 35.3476, GNorm = 0.1456, lr_0 = 7.5820e-04
Loss = 1.1787e-03, PNorm = 35.3496, GNorm = 0.3676, lr_0 = 7.5635e-04
Loss = 1.3956e-03, PNorm = 35.3509, GNorm = 0.3484, lr_0 = 7.5450e-04
Loss = 1.4694e-03, PNorm = 35.3536, GNorm = 0.2712, lr_0 = 7.5265e-04
Validation mae = nan
Epoch 14
Loss = 2.1763e-03, PNorm = 35.3555, GNorm = 0.2633, lr_0 = 7.5063e-04
Loss = 1.8662e-03, PNorm = 35.3575, GNorm = 0.4386, lr_0 = 7.4879e-04
Loss = 3.0196e-03, PNorm = 35.3594, GNorm = 0.4663, lr_0 = 7.4696e-04
Loss = 2.0664e-03, PNorm = 35.3603, GNorm = 0.1120, lr_0 = 7.4514e-04
Loss = 1.9706e-03, PNorm = 35.3615, GNorm = 0.4612, lr_0 = 7.4332e-04
Loss = 1.5360e-03, PNorm = 35.3627, GNorm = 0.2319, lr_0 = 7.4150e-04
Loss = 1.0438e-03, PNorm = 35.3645, GNorm = 0.1670, lr_0 = 7.3969e-04
Loss = 1.2285e-03, PNorm = 35.3671, GNorm = 0.3758, lr_0 = 7.3788e-04
Loss = 1.3173e-03, PNorm = 35.3688, GNorm = 0.2668, lr_0 = 7.3607e-04
Loss = 1.0614e-03, PNorm = 35.3704, GNorm = 0.0813, lr_0 = 7.3428e-04
Validation mae = nan
Epoch 15
Loss = 7.6621e-04, PNorm = 35.3735, GNorm = 0.2103, lr_0 = 7.3230e-04
Loss = 8.7627e-04, PNorm = 35.3756, GNorm = 0.2127, lr_0 = 7.3051e-04
Loss = 1.0588e-03, PNorm = 35.3778, GNorm = 0.0608, lr_0 = 7.2873e-04
Loss = 1.2345e-03, PNorm = 35.3801, GNorm = 0.2228, lr_0 = 7.2694e-04
Loss = 1.2955e-03, PNorm = 35.3826, GNorm = 0.5678, lr_0 = 7.2517e-04
Loss = 1.9726e-03, PNorm = 35.3837, GNorm = 0.4754, lr_0 = 7.2339e-04
Loss = 2.2621e-03, PNorm = 35.3848, GNorm = 0.3717, lr_0 = 7.2163e-04
Loss = 1.5277e-03, PNorm = 35.3859, GNorm = 0.2855, lr_0 = 7.1986e-04
Loss = 1.8399e-03, PNorm = 35.3872, GNorm = 0.6092, lr_0 = 7.1810e-04
Validation mae = nan
Epoch 16
Loss = 3.1628e-03, PNorm = 35.3883, GNorm = 0.7519, lr_0 = 7.1617e-04
Loss = 2.2976e-03, PNorm = 35.3895, GNorm = 0.2823, lr_0 = 7.1442e-04
Loss = 1.6986e-03, PNorm = 35.3919, GNorm = 0.4063, lr_0 = 7.1267e-04
Loss = 1.7024e-03, PNorm = 35.3944, GNorm = 0.3483, lr_0 = 7.1093e-04
Loss = 1.8124e-03, PNorm = 35.3977, GNorm = 0.3120, lr_0 = 7.0919e-04
Loss = 1.4478e-03, PNorm = 35.4001, GNorm = 0.2889, lr_0 = 7.0746e-04
Loss = 1.3615e-03, PNorm = 35.4009, GNorm = 0.2940, lr_0 = 7.0573e-04
Loss = 1.8882e-03, PNorm = 35.4019, GNorm = 0.4862, lr_0 = 7.0401e-04
Loss = 1.8578e-03, PNorm = 35.4033, GNorm = 0.4797, lr_0 = 7.0229e-04
Loss = 2.1802e-03, PNorm = 35.4053, GNorm = 0.1312, lr_0 = 7.0057e-04
Validation mae = nan
Epoch 17
Loss = 1.2721e-03, PNorm = 35.4074, GNorm = 0.1941, lr_0 = 6.9869e-04
Loss = 1.2779e-03, PNorm = 35.4092, GNorm = 0.2643, lr_0 = 6.9698e-04
Loss = 1.2515e-03, PNorm = 35.4101, GNorm = 0.0888, lr_0 = 6.9527e-04
Loss = 1.1978e-03, PNorm = 35.4106, GNorm = 0.1878, lr_0 = 6.9357e-04
Loss = 1.4249e-03, PNorm = 35.4117, GNorm = 0.2603, lr_0 = 6.9188e-04
Loss = 1.6797e-03, PNorm = 35.4144, GNorm = 0.3185, lr_0 = 6.9019e-04
Loss = 1.1334e-03, PNorm = 35.4176, GNorm = 0.2565, lr_0 = 6.8850e-04
Loss = 1.0945e-03, PNorm = 35.4196, GNorm = 0.2072, lr_0 = 6.8682e-04
Loss = 1.6267e-03, PNorm = 35.4232, GNorm = 0.1422, lr_0 = 6.8514e-04
Validation mae = nan
Epoch 18
Loss = 3.0626e-03, PNorm = 35.4253, GNorm = 0.7333, lr_0 = 6.8330e-04
Loss = 1.1385e-03, PNorm = 35.4275, GNorm = 0.3518, lr_0 = 6.8163e-04
Loss = 8.3057e-04, PNorm = 35.4291, GNorm = 0.2469, lr_0 = 6.7996e-04
Loss = 7.9262e-04, PNorm = 35.4301, GNorm = 0.3163, lr_0 = 6.7830e-04
Loss = 7.2544e-04, PNorm = 35.4314, GNorm = 0.2544, lr_0 = 6.7664e-04
Loss = 8.5049e-04, PNorm = 35.4329, GNorm = 0.1648, lr_0 = 6.7499e-04
Loss = 6.7927e-04, PNorm = 35.4341, GNorm = 0.2544, lr_0 = 6.7334e-04
Loss = 6.9708e-04, PNorm = 35.4363, GNorm = 0.1329, lr_0 = 6.7169e-04
Loss = 5.6470e-04, PNorm = 35.4376, GNorm = 0.1742, lr_0 = 6.7005e-04
Loss = 9.9518e-04, PNorm = 35.4390, GNorm = 0.1982, lr_0 = 6.6841e-04
Validation mae = nan
Epoch 19
Loss = 1.0603e-03, PNorm = 35.4408, GNorm = 0.2419, lr_0 = 6.6661e-04
Loss = 1.0074e-03, PNorm = 35.4430, GNorm = 0.0982, lr_0 = 6.6498e-04
Loss = 9.1044e-04, PNorm = 35.4449, GNorm = 0.1041, lr_0 = 6.6336e-04
Loss = 1.0637e-03, PNorm = 35.4467, GNorm = 0.1986, lr_0 = 6.6174e-04
Loss = 1.1530e-03, PNorm = 35.4486, GNorm = 0.2384, lr_0 = 6.6012e-04
Loss = 8.3282e-04, PNorm = 35.4518, GNorm = 0.0918, lr_0 = 6.5850e-04
Loss = 1.0159e-03, PNorm = 35.4535, GNorm = 0.1266, lr_0 = 6.5689e-04
Loss = 8.4980e-04, PNorm = 35.4562, GNorm = 0.2193, lr_0 = 6.5529e-04
Loss = 1.1835e-03, PNorm = 35.4566, GNorm = 0.2095, lr_0 = 6.5369e-04
Loss = 1.0641e-03, PNorm = 35.4573, GNorm = 0.2935, lr_0 = 6.5209e-04
Validation mae = nan
Epoch 20
Loss = 1.2974e-03, PNorm = 35.4597, GNorm = 0.3432, lr_0 = 6.5050e-04
Loss = 1.4476e-03, PNorm = 35.4614, GNorm = 0.5168, lr_0 = 6.4891e-04
Loss = 1.4200e-03, PNorm = 35.4631, GNorm = 0.2879, lr_0 = 6.4732e-04
Loss = 7.8584e-04, PNorm = 35.4642, GNorm = 0.1682, lr_0 = 6.4574e-04
Loss = 7.9493e-04, PNorm = 35.4658, GNorm = 0.1655, lr_0 = 6.4416e-04
Loss = 1.0753e-03, PNorm = 35.4680, GNorm = 0.1558, lr_0 = 6.4258e-04
Loss = 1.5826e-03, PNorm = 35.4707, GNorm = 0.1373, lr_0 = 6.4101e-04
Loss = 1.6646e-03, PNorm = 35.4726, GNorm = 0.3920, lr_0 = 6.3945e-04
Loss = 1.1154e-03, PNorm = 35.4742, GNorm = 0.4478, lr_0 = 6.3788e-04
Validation mae = nan
Epoch 21
Loss = 1.5593e-03, PNorm = 35.4751, GNorm = 0.5207, lr_0 = 6.3617e-04
Loss = 1.1981e-03, PNorm = 35.4767, GNorm = 0.5191, lr_0 = 6.3461e-04
Loss = 8.5394e-04, PNorm = 35.4787, GNorm = 0.1080, lr_0 = 6.3306e-04
Loss = 1.0950e-03, PNorm = 35.4806, GNorm = 0.3281, lr_0 = 6.3151e-04
Loss = 1.0520e-03, PNorm = 35.4820, GNorm = 0.4095, lr_0 = 6.2997e-04
Loss = 7.0540e-04, PNorm = 35.4834, GNorm = 0.1352, lr_0 = 6.2843e-04
Loss = 7.1615e-04, PNorm = 35.4858, GNorm = 0.1480, lr_0 = 6.2689e-04
Loss = 1.0539e-03, PNorm = 35.4881, GNorm = 0.3219, lr_0 = 6.2536e-04
Loss = 9.6672e-04, PNorm = 35.4898, GNorm = 0.3953, lr_0 = 6.2383e-04
Loss = 1.7581e-03, PNorm = 35.4900, GNorm = 0.8294, lr_0 = 6.2231e-04
Validation mae = nan
Epoch 22
Loss = 1.6540e-03, PNorm = 35.4919, GNorm = 0.4316, lr_0 = 6.2063e-04
Loss = 1.1031e-03, PNorm = 35.4937, GNorm = 0.3944, lr_0 = 6.1912e-04
Loss = 7.9543e-04, PNorm = 35.4949, GNorm = 0.2868, lr_0 = 6.1760e-04
Loss = 9.4201e-04, PNorm = 35.4960, GNorm = 0.1308, lr_0 = 6.1609e-04
Loss = 1.1493e-03, PNorm = 35.4984, GNorm = 0.3459, lr_0 = 6.1459e-04
Loss = 1.7521e-03, PNorm = 35.5000, GNorm = 0.3007, lr_0 = 6.1309e-04
Loss = 2.3136e-03, PNorm = 35.5016, GNorm = 0.4224, lr_0 = 6.1159e-04
Loss = 1.9385e-03, PNorm = 35.5049, GNorm = 0.1936, lr_0 = 6.1009e-04
Loss = 1.0270e-03, PNorm = 35.5054, GNorm = 0.3138, lr_0 = 6.0860e-04
Loss = 1.2054e-03, PNorm = 35.5054, GNorm = 0.4614, lr_0 = 6.0711e-04
Loss = 2.0812e-03, PNorm = 35.5053, GNorm = 0.5522, lr_0 = 6.0696e-04
Validation mae = nan
Epoch 23
Loss = 1.8995e-03, PNorm = 35.5061, GNorm = 0.4648, lr_0 = 6.0548e-04
Loss = 2.1793e-03, PNorm = 35.5076, GNorm = 0.1600, lr_0 = 6.0400e-04
Loss = 1.9886e-03, PNorm = 35.5089, GNorm = 0.3816, lr_0 = 6.0252e-04
Loss = 2.3685e-03, PNorm = 35.5113, GNorm = 0.5839, lr_0 = 6.0105e-04
Loss = 1.3088e-03, PNorm = 35.5124, GNorm = 0.3147, lr_0 = 5.9958e-04
Loss = 1.2398e-03, PNorm = 35.5142, GNorm = 0.2502, lr_0 = 5.9812e-04
Loss = 1.1483e-03, PNorm = 35.5165, GNorm = 0.2064, lr_0 = 5.9665e-04
Loss = 2.4911e-03, PNorm = 35.5203, GNorm = 0.8046, lr_0 = 5.9520e-04
Loss = 2.7409e-03, PNorm = 35.5216, GNorm = 0.7034, lr_0 = 5.9374e-04
Validation mae = nan
Epoch 24
Loss = 9.0187e-03, PNorm = 35.5221, GNorm = 1.4745, lr_0 = 5.9214e-04
Loss = 6.5047e-03, PNorm = 35.5221, GNorm = 0.9514, lr_0 = 5.9070e-04
Loss = 3.8314e-03, PNorm = 35.5242, GNorm = 0.5259, lr_0 = 5.8925e-04
Loss = 2.0208e-03, PNorm = 35.5271, GNorm = 0.4419, lr_0 = 5.8781e-04
Loss = 8.8315e-04, PNorm = 35.5289, GNorm = 0.1165, lr_0 = 5.8638e-04
Loss = 1.2233e-03, PNorm = 35.5312, GNorm = 0.5153, lr_0 = 5.8494e-04
Loss = 1.0882e-03, PNorm = 35.5340, GNorm = 0.1697, lr_0 = 5.8351e-04
Loss = 5.7750e-04, PNorm = 35.5375, GNorm = 0.1188, lr_0 = 5.8209e-04
Loss = 6.1491e-04, PNorm = 35.5390, GNorm = 0.2527, lr_0 = 5.8066e-04
Loss = 6.8590e-04, PNorm = 35.5402, GNorm = 0.1613, lr_0 = 5.7924e-04
Validation mae = nan
Epoch 25
Loss = 5.7657e-04, PNorm = 35.5416, GNorm = 0.1156, lr_0 = 5.7769e-04
Loss = 9.0595e-04, PNorm = 35.5418, GNorm = 0.4412, lr_0 = 5.7627e-04
Loss = 7.0799e-04, PNorm = 35.5425, GNorm = 0.1677, lr_0 = 5.7487e-04
Loss = 6.2922e-04, PNorm = 35.5443, GNorm = 0.0987, lr_0 = 5.7346e-04
Loss = 6.0268e-04, PNorm = 35.5456, GNorm = 0.1370, lr_0 = 5.7206e-04
Loss = 7.6624e-04, PNorm = 35.5471, GNorm = 0.2069, lr_0 = 5.7066e-04
Loss = 9.9852e-04, PNorm = 35.5492, GNorm = 0.1661, lr_0 = 5.6927e-04
Loss = 5.4411e-04, PNorm = 35.5503, GNorm = 0.1555, lr_0 = 5.6787e-04
Loss = 5.4775e-04, PNorm = 35.5507, GNorm = 0.2884, lr_0 = 5.6649e-04
Validation mae = nan
Epoch 26
Loss = 1.5702e-03, PNorm = 35.5521, GNorm = 0.6310, lr_0 = 5.6496e-04
Loss = 9.7395e-04, PNorm = 35.5533, GNorm = 0.1458, lr_0 = 5.6358e-04
Loss = 9.7777e-04, PNorm = 35.5542, GNorm = 0.2786, lr_0 = 5.6220e-04
Loss = 9.7143e-04, PNorm = 35.5552, GNorm = 0.4259, lr_0 = 5.6083e-04
Loss = 8.2619e-04, PNorm = 35.5556, GNorm = 0.1338, lr_0 = 5.5946e-04
Loss = 6.4168e-04, PNorm = 35.5572, GNorm = 0.1381, lr_0 = 5.5809e-04
Loss = 6.5122e-04, PNorm = 35.5592, GNorm = 0.3001, lr_0 = 5.5673e-04
Loss = 7.2468e-04, PNorm = 35.5606, GNorm = 0.3172, lr_0 = 5.5537e-04
Loss = 4.9749e-04, PNorm = 35.5618, GNorm = 0.1195, lr_0 = 5.5401e-04
Loss = 6.2254e-04, PNorm = 35.5625, GNorm = 0.1911, lr_0 = 5.5265e-04
Validation mae = nan
Epoch 27
Loss = 8.5522e-04, PNorm = 35.5643, GNorm = 0.2461, lr_0 = 5.5117e-04
Loss = 9.9862e-04, PNorm = 35.5658, GNorm = 0.2663, lr_0 = 5.4982e-04
Loss = 6.0881e-04, PNorm = 35.5671, GNorm = 0.2220, lr_0 = 5.4848e-04
Loss = 7.1278e-04, PNorm = 35.5685, GNorm = 0.1255, lr_0 = 5.4714e-04
Loss = 5.8910e-04, PNorm = 35.5699, GNorm = 0.0899, lr_0 = 5.4580e-04
Loss = 4.1154e-04, PNorm = 35.5708, GNorm = 0.0753, lr_0 = 5.4446e-04
Loss = 5.1345e-04, PNorm = 35.5721, GNorm = 0.1258, lr_0 = 5.4313e-04
Loss = 4.7201e-04, PNorm = 35.5734, GNorm = 0.1210, lr_0 = 5.4181e-04
Loss = 6.8217e-04, PNorm = 35.5744, GNorm = 0.1718, lr_0 = 5.4048e-04
Loss = 9.7344e-04, PNorm = 35.5757, GNorm = 0.2574, lr_0 = 5.3916e-04
Loss = 4.9049e-04, PNorm = 35.5758, GNorm = 0.4282, lr_0 = 5.3903e-04
Validation mae = nan
Epoch 28
Loss = 1.2506e-03, PNorm = 35.5779, GNorm = 0.3349, lr_0 = 5.3771e-04
Loss = 7.3191e-04, PNorm = 35.5796, GNorm = 0.1051, lr_0 = 5.3640e-04
Loss = 8.1876e-04, PNorm = 35.5799, GNorm = 0.0860, lr_0 = 5.3508e-04
Loss = 1.7044e-03, PNorm = 35.5802, GNorm = 0.5891, lr_0 = 5.3378e-04
Loss = 1.2867e-03, PNorm = 35.5813, GNorm = 0.1379, lr_0 = 5.3247e-04
Loss = 8.3574e-04, PNorm = 35.5828, GNorm = 0.1124, lr_0 = 5.3117e-04
Loss = 5.9870e-04, PNorm = 35.5856, GNorm = 0.2055, lr_0 = 5.2987e-04
Loss = 5.5678e-04, PNorm = 35.5867, GNorm = 0.1961, lr_0 = 5.2858e-04
Loss = 5.1042e-04, PNorm = 35.5879, GNorm = 0.1936, lr_0 = 5.2728e-04
Validation mae = nan
Epoch 29
Loss = 4.5891e-04, PNorm = 35.5887, GNorm = 0.2287, lr_0 = 5.2587e-04
Loss = 3.8713e-04, PNorm = 35.5895, GNorm = 0.0386, lr_0 = 5.2458e-04
Loss = 5.0799e-04, PNorm = 35.5907, GNorm = 0.2938, lr_0 = 5.2330e-04
Loss = 5.5891e-04, PNorm = 35.5921, GNorm = 0.1820, lr_0 = 5.2202e-04
Loss = 5.3482e-04, PNorm = 35.5935, GNorm = 0.2556, lr_0 = 5.2074e-04
Loss = 5.2189e-04, PNorm = 35.5942, GNorm = 0.1988, lr_0 = 5.1947e-04
Loss = 5.6308e-04, PNorm = 35.5954, GNorm = 0.1963, lr_0 = 5.1820e-04
Loss = 5.5784e-04, PNorm = 35.5966, GNorm = 0.1270, lr_0 = 5.1693e-04
Loss = 4.9426e-04, PNorm = 35.5976, GNorm = 0.1278, lr_0 = 5.1567e-04
Loss = 4.1322e-04, PNorm = 35.5979, GNorm = 0.1500, lr_0 = 5.1441e-04
Validation mae = nan
Epoch 30
Loss = 6.3847e-04, PNorm = 35.5992, GNorm = 0.1656, lr_0 = 5.1315e-04
Loss = 6.8666e-04, PNorm = 35.6014, GNorm = 0.1305, lr_0 = 5.1190e-04
Loss = 6.1583e-04, PNorm = 35.6023, GNorm = 0.0557, lr_0 = 5.1065e-04
Loss = 6.4529e-04, PNorm = 35.6030, GNorm = 0.2182, lr_0 = 5.0940e-04
Loss = 5.9597e-04, PNorm = 35.6038, GNorm = 0.2211, lr_0 = 5.0815e-04
Loss = 5.6619e-04, PNorm = 35.6054, GNorm = 0.0699, lr_0 = 5.0691e-04
Loss = 5.3083e-04, PNorm = 35.6062, GNorm = 0.1949, lr_0 = 5.0567e-04
Loss = 4.9936e-04, PNorm = 35.6067, GNorm = 0.1186, lr_0 = 5.0444e-04
Loss = 4.5009e-04, PNorm = 35.6074, GNorm = 0.1248, lr_0 = 5.0320e-04
Validation mae = nan
Epoch 31
Loss = 1.2159e-03, PNorm = 35.6089, GNorm = 0.3798, lr_0 = 5.0185e-04
Loss = 1.5281e-03, PNorm = 35.6101, GNorm = 0.3119, lr_0 = 5.0062e-04
Loss = 1.1038e-03, PNorm = 35.6097, GNorm = 0.1088, lr_0 = 4.9940e-04
Loss = 6.9833e-04, PNorm = 35.6108, GNorm = 0.2333, lr_0 = 4.9818e-04
Loss = 6.7000e-04, PNorm = 35.6124, GNorm = 0.2112, lr_0 = 4.9696e-04
Loss = 7.2634e-04, PNorm = 35.6139, GNorm = 0.2308, lr_0 = 4.9575e-04
Loss = 6.4722e-04, PNorm = 35.6151, GNorm = 0.2898, lr_0 = 4.9453e-04
Loss = 5.9322e-04, PNorm = 35.6156, GNorm = 0.3793, lr_0 = 4.9333e-04
Loss = 1.2747e-03, PNorm = 35.6157, GNorm = 0.4706, lr_0 = 4.9212e-04
Loss = 1.0876e-03, PNorm = 35.6163, GNorm = 0.2350, lr_0 = 4.9092e-04
Validation mae = nan
Epoch 32
Loss = 8.9680e-04, PNorm = 35.6178, GNorm = 0.3109, lr_0 = 4.8960e-04
Loss = 1.4616e-03, PNorm = 35.6189, GNorm = 0.5138, lr_0 = 4.8840e-04
Loss = 9.0655e-04, PNorm = 35.6196, GNorm = 0.3098, lr_0 = 4.8721e-04
Loss = 8.4942e-04, PNorm = 35.6205, GNorm = 0.2197, lr_0 = 4.8601e-04
Loss = 7.9730e-04, PNorm = 35.6218, GNorm = 0.0985, lr_0 = 4.8483e-04
Loss = 7.3233e-04, PNorm = 35.6232, GNorm = 0.3733, lr_0 = 4.8364e-04
Loss = 7.9714e-04, PNorm = 35.6238, GNorm = 0.3683, lr_0 = 4.8246e-04
Loss = 8.7659e-04, PNorm = 35.6245, GNorm = 0.1482, lr_0 = 4.8128e-04
Loss = 9.4222e-04, PNorm = 35.6257, GNorm = 0.2761, lr_0 = 4.8010e-04
Loss = 1.0723e-03, PNorm = 35.6278, GNorm = 0.4462, lr_0 = 4.7893e-04
Validation mae = nan
Epoch 33
Loss = 1.0520e-03, PNorm = 35.6308, GNorm = 0.1621, lr_0 = 4.7764e-04
Loss = 6.0380e-04, PNorm = 35.6325, GNorm = 0.0615, lr_0 = 4.7647e-04
Loss = 4.4132e-04, PNorm = 35.6336, GNorm = 0.1058, lr_0 = 4.7531e-04
Loss = 4.5225e-04, PNorm = 35.6346, GNorm = 0.2367, lr_0 = 4.7415e-04
Loss = 8.2947e-04, PNorm = 35.6359, GNorm = 0.5001, lr_0 = 4.7299e-04
Loss = 8.8208e-04, PNorm = 35.6366, GNorm = 0.3656, lr_0 = 4.7183e-04
Loss = 6.8893e-04, PNorm = 35.6377, GNorm = 0.2492, lr_0 = 4.7068e-04
Loss = 5.0026e-04, PNorm = 35.6382, GNorm = 0.0949, lr_0 = 4.6953e-04
Loss = 5.0993e-04, PNorm = 35.6387, GNorm = 0.2351, lr_0 = 4.6838e-04
Validation mae = nan
Epoch 34
Loss = 5.1658e-04, PNorm = 35.6405, GNorm = 0.1633, lr_0 = 4.6712e-04
Loss = 4.7047e-04, PNorm = 35.6418, GNorm = 0.1578, lr_0 = 4.6598e-04
Loss = 4.0412e-04, PNorm = 35.6429, GNorm = 0.2174, lr_0 = 4.6484e-04
Loss = 8.4375e-04, PNorm = 35.6439, GNorm = 0.2275, lr_0 = 4.6370e-04
Loss = 9.6600e-04, PNorm = 35.6451, GNorm = 0.4276, lr_0 = 4.6257e-04
Loss = 1.2022e-03, PNorm = 35.6462, GNorm = 0.4749, lr_0 = 4.6144e-04
Loss = 1.3236e-03, PNorm = 35.6467, GNorm = 0.2944, lr_0 = 4.6031e-04
Loss = 8.0499e-04, PNorm = 35.6484, GNorm = 0.3376, lr_0 = 4.5919e-04
Loss = 1.2146e-03, PNorm = 35.6497, GNorm = 0.3051, lr_0 = 4.5806e-04
Loss = 9.8432e-04, PNorm = 35.6502, GNorm = 0.1512, lr_0 = 4.5695e-04
Validation mae = nan
Epoch 35
Loss = 1.5869e-03, PNorm = 35.6515, GNorm = 0.5322, lr_0 = 4.5572e-04
Loss = 1.0814e-03, PNorm = 35.6529, GNorm = 0.0367, lr_0 = 4.5460e-04
Loss = 6.4480e-04, PNorm = 35.6548, GNorm = 0.2971, lr_0 = 4.5349e-04
Loss = 5.3752e-04, PNorm = 35.6564, GNorm = 0.2066, lr_0 = 4.5238e-04
Loss = 3.9935e-04, PNorm = 35.6578, GNorm = 0.2625, lr_0 = 4.5128e-04
Loss = 3.9296e-04, PNorm = 35.6584, GNorm = 0.0807, lr_0 = 4.5017e-04
Loss = 4.2179e-04, PNorm = 35.6590, GNorm = 0.0384, lr_0 = 4.4907e-04
Loss = 3.5217e-04, PNorm = 35.6593, GNorm = 0.1001, lr_0 = 4.4798e-04
Loss = 3.8116e-04, PNorm = 35.6599, GNorm = 0.0968, lr_0 = 4.4688e-04
Validation mae = nan
Epoch 36
Loss = 4.5283e-04, PNorm = 35.6608, GNorm = 0.2052, lr_0 = 4.4568e-04
Loss = 5.5923e-04, PNorm = 35.6614, GNorm = 0.0568, lr_0 = 4.4459e-04
Loss = 4.7955e-04, PNorm = 35.6619, GNorm = 0.1365, lr_0 = 4.4350e-04
Loss = 4.3477e-04, PNorm = 35.6625, GNorm = 0.2233, lr_0 = 4.4242e-04
Loss = 3.2845e-04, PNorm = 35.6635, GNorm = 0.1250, lr_0 = 4.4134e-04
Loss = 4.0218e-04, PNorm = 35.6651, GNorm = 0.0968, lr_0 = 4.4026e-04
Loss = 5.1365e-04, PNorm = 35.6666, GNorm = 0.2452, lr_0 = 4.3918e-04
Loss = 5.7507e-04, PNorm = 35.6670, GNorm = 0.0463, lr_0 = 4.3811e-04
Loss = 5.9313e-04, PNorm = 35.6682, GNorm = 0.2941, lr_0 = 4.3704e-04
Loss = 8.9995e-04, PNorm = 35.6694, GNorm = 0.3636, lr_0 = 4.3597e-04
Validation mae = nan
Epoch 37
Loss = 1.1737e-03, PNorm = 35.6703, GNorm = 0.3561, lr_0 = 4.3480e-04
Loss = 1.1747e-03, PNorm = 35.6717, GNorm = 0.1489, lr_0 = 4.3373e-04
Loss = 1.3826e-03, PNorm = 35.6736, GNorm = 0.2915, lr_0 = 4.3267e-04
Loss = 7.9516e-04, PNorm = 35.6740, GNorm = 0.0764, lr_0 = 4.3162e-04
Loss = 5.8488e-04, PNorm = 35.6744, GNorm = 0.2026, lr_0 = 4.3056e-04
Loss = 8.5516e-04, PNorm = 35.6757, GNorm = 0.3201, lr_0 = 4.2951e-04
Loss = 9.5252e-04, PNorm = 35.6764, GNorm = 0.2583, lr_0 = 4.2846e-04
Loss = 5.3043e-04, PNorm = 35.6779, GNorm = 0.1533, lr_0 = 4.2741e-04
Loss = 7.5388e-04, PNorm = 35.6792, GNorm = 0.2515, lr_0 = 4.2637e-04
Loss = 6.3890e-04, PNorm = 35.6800, GNorm = 0.0890, lr_0 = 4.2532e-04
Validation mae = nan
Epoch 38
Loss = 1.4024e-03, PNorm = 35.6804, GNorm = 0.3413, lr_0 = 4.2418e-04
Loss = 1.0092e-03, PNorm = 35.6813, GNorm = 0.2121, lr_0 = 4.2314e-04
Loss = 8.4823e-04, PNorm = 35.6826, GNorm = 0.3484, lr_0 = 4.2211e-04
Loss = 6.8038e-04, PNorm = 35.6832, GNorm = 0.2420, lr_0 = 4.2108e-04
Loss = 6.1844e-04, PNorm = 35.6846, GNorm = 0.2216, lr_0 = 4.2005e-04
Loss = 6.2397e-04, PNorm = 35.6852, GNorm = 0.2515, lr_0 = 4.1902e-04
Loss = 3.5282e-04, PNorm = 35.6864, GNorm = 0.1386, lr_0 = 4.1800e-04
Loss = 4.1279e-04, PNorm = 35.6869, GNorm = 0.2219, lr_0 = 4.1698e-04
Loss = 6.1164e-04, PNorm = 35.6873, GNorm = 0.1124, lr_0 = 4.1596e-04
Validation mae = nan
Epoch 39
Loss = 1.0093e-03, PNorm = 35.6885, GNorm = 0.4134, lr_0 = 4.1484e-04
Loss = 8.5275e-04, PNorm = 35.6906, GNorm = 0.2816, lr_0 = 4.1382e-04
Loss = 3.6930e-04, PNorm = 35.6920, GNorm = 0.1482, lr_0 = 4.1281e-04
Loss = 5.6570e-04, PNorm = 35.6922, GNorm = 0.2527, lr_0 = 4.1180e-04
Loss = 5.2137e-04, PNorm = 35.6926, GNorm = 0.1141, lr_0 = 4.1080e-04
Loss = 5.0236e-04, PNorm = 35.6936, GNorm = 0.1610, lr_0 = 4.0979e-04
Loss = 5.1538e-04, PNorm = 35.6937, GNorm = 0.1542, lr_0 = 4.0879e-04
Loss = 7.2850e-04, PNorm = 35.6947, GNorm = 0.0669, lr_0 = 4.0779e-04
Loss = 6.6645e-04, PNorm = 35.6961, GNorm = 0.2223, lr_0 = 4.0679e-04
Loss = 6.6195e-04, PNorm = 35.6974, GNorm = 0.2193, lr_0 = 4.0580e-04
Validation mae = nan
Epoch 40
Loss = 7.7100e-04, PNorm = 35.6980, GNorm = 0.1832, lr_0 = 4.0481e-04
Loss = 5.2314e-04, PNorm = 35.6997, GNorm = 0.1144, lr_0 = 4.0382e-04
Loss = 3.3890e-04, PNorm = 35.7004, GNorm = 0.0947, lr_0 = 4.0283e-04
Loss = 3.9366e-04, PNorm = 35.7011, GNorm = 0.0730, lr_0 = 4.0185e-04
Loss = 5.5486e-04, PNorm = 35.7021, GNorm = 0.1977, lr_0 = 4.0086e-04
Loss = 5.7067e-04, PNorm = 35.7035, GNorm = 0.2191, lr_0 = 3.9988e-04
Loss = 3.9655e-04, PNorm = 35.7037, GNorm = 0.1924, lr_0 = 3.9891e-04
Loss = 3.4631e-04, PNorm = 35.7040, GNorm = 0.1901, lr_0 = 3.9793e-04
Loss = 5.3476e-04, PNorm = 35.7049, GNorm = 0.3546, lr_0 = 3.9696e-04
Loss = 7.3452e-04, PNorm = 35.7066, GNorm = 0.2783, lr_0 = 3.9599e-04
Loss = 9.5721e-04, PNorm = 35.7068, GNorm = 0.4314, lr_0 = 3.9589e-04
Validation mae = nan
Epoch 41
Loss = 9.4741e-04, PNorm = 35.7076, GNorm = 0.1250, lr_0 = 3.9492e-04
Loss = 7.6877e-04, PNorm = 35.7080, GNorm = 0.3696, lr_0 = 3.9396e-04
Loss = 7.0251e-04, PNorm = 35.7093, GNorm = 0.0996, lr_0 = 3.9300e-04
Loss = 4.5988e-04, PNorm = 35.7108, GNorm = 0.0946, lr_0 = 3.9203e-04
Loss = 7.1692e-04, PNorm = 35.7115, GNorm = 0.3211, lr_0 = 3.9108e-04
Loss = 4.4895e-04, PNorm = 35.7118, GNorm = 0.2920, lr_0 = 3.9012e-04
Loss = 5.6586e-04, PNorm = 35.7126, GNorm = 0.1702, lr_0 = 3.8917e-04
Loss = 4.2199e-04, PNorm = 35.7139, GNorm = 0.1969, lr_0 = 3.8822e-04
Loss = 4.7513e-04, PNorm = 35.7146, GNorm = 0.1143, lr_0 = 3.8727e-04
Validation mae = nan
Epoch 42
Loss = 3.5259e-04, PNorm = 35.7153, GNorm = 0.1228, lr_0 = 3.8623e-04
Loss = 3.9650e-04, PNorm = 35.7163, GNorm = 0.1788, lr_0 = 3.8528e-04
Loss = 3.5287e-04, PNorm = 35.7170, GNorm = 0.1847, lr_0 = 3.8434e-04
Loss = 2.9279e-04, PNorm = 35.7180, GNorm = 0.0825, lr_0 = 3.8340e-04
Loss = 5.2905e-04, PNorm = 35.7187, GNorm = 0.1855, lr_0 = 3.8246e-04
Loss = 4.5825e-04, PNorm = 35.7193, GNorm = 0.2040, lr_0 = 3.8153e-04
Loss = 5.8350e-04, PNorm = 35.7193, GNorm = 0.1549, lr_0 = 3.8060e-04
Loss = 5.8805e-04, PNorm = 35.7211, GNorm = 0.3714, lr_0 = 3.7966e-04
Loss = 5.8723e-04, PNorm = 35.7224, GNorm = 0.2539, lr_0 = 3.7874e-04
Loss = 3.6381e-04, PNorm = 35.7230, GNorm = 0.1259, lr_0 = 3.7781e-04
Validation mae = nan
Epoch 43
Loss = 3.8551e-04, PNorm = 35.7237, GNorm = 0.1278, lr_0 = 3.7680e-04
Loss = 3.7250e-04, PNorm = 35.7248, GNorm = 0.0391, lr_0 = 3.7587e-04
Loss = 3.1319e-04, PNorm = 35.7255, GNorm = 0.0736, lr_0 = 3.7496e-04
Loss = 2.9257e-04, PNorm = 35.7263, GNorm = 0.0562, lr_0 = 3.7404e-04
Loss = 2.5600e-04, PNorm = 35.7272, GNorm = 0.0694, lr_0 = 3.7312e-04
Loss = 3.5530e-04, PNorm = 35.7274, GNorm = 0.0917, lr_0 = 3.7221e-04
Loss = 2.5629e-04, PNorm = 35.7276, GNorm = 0.1226, lr_0 = 3.7130e-04
Loss = 2.9807e-04, PNorm = 35.7285, GNorm = 0.0504, lr_0 = 3.7039e-04
Loss = 3.0551e-04, PNorm = 35.7291, GNorm = 0.0707, lr_0 = 3.6949e-04
Validation mae = nan
Epoch 44
Loss = 4.8779e-04, PNorm = 35.7299, GNorm = 0.0877, lr_0 = 3.6850e-04
Loss = 5.5676e-04, PNorm = 35.7299, GNorm = 0.0809, lr_0 = 3.6760e-04
Loss = 7.0850e-04, PNorm = 35.7305, GNorm = 0.3805, lr_0 = 3.6670e-04
Loss = 7.9029e-04, PNorm = 35.7316, GNorm = 0.1854, lr_0 = 3.6580e-04
Loss = 6.8026e-04, PNorm = 35.7327, GNorm = 0.2161, lr_0 = 3.6491e-04
Loss = 6.5784e-04, PNorm = 35.7330, GNorm = 0.1459, lr_0 = 3.6401e-04
Loss = 4.2002e-04, PNorm = 35.7336, GNorm = 0.1942, lr_0 = 3.6312e-04
Loss = 4.3640e-04, PNorm = 35.7342, GNorm = 0.1981, lr_0 = 3.6224e-04
Loss = 3.0417e-04, PNorm = 35.7350, GNorm = 0.0622, lr_0 = 3.6135e-04
Loss = 2.8893e-04, PNorm = 35.7362, GNorm = 0.0406, lr_0 = 3.6047e-04
Validation mae = nan
Epoch 45
Loss = 3.3659e-04, PNorm = 35.7366, GNorm = 0.1937, lr_0 = 3.5950e-04
Loss = 2.9943e-04, PNorm = 35.7373, GNorm = 0.2543, lr_0 = 3.5862e-04
Loss = 3.3444e-04, PNorm = 35.7386, GNorm = 0.1306, lr_0 = 3.5774e-04
Loss = 2.8516e-04, PNorm = 35.7396, GNorm = 0.1613, lr_0 = 3.5687e-04
Loss = 3.8982e-04, PNorm = 35.7406, GNorm = 0.1146, lr_0 = 3.5600e-04
Loss = 5.6024e-04, PNorm = 35.7415, GNorm = 0.2165, lr_0 = 3.5513e-04
Loss = 3.9120e-04, PNorm = 35.7419, GNorm = 0.1952, lr_0 = 3.5426e-04
Loss = 4.4762e-04, PNorm = 35.7427, GNorm = 0.0700, lr_0 = 3.5339e-04
Loss = 3.6229e-04, PNorm = 35.7441, GNorm = 0.2015, lr_0 = 3.5253e-04
Loss = 3.6089e-04, PNorm = 35.7449, GNorm = 0.1358, lr_0 = 3.5167e-04
Loss = 4.3562e-04, PNorm = 35.7451, GNorm = 0.1450, lr_0 = 3.5158e-04
Validation mae = nan
Epoch 46
Loss = 4.3003e-04, PNorm = 35.7459, GNorm = 0.1994, lr_0 = 3.5072e-04
Loss = 3.5118e-04, PNorm = 35.7467, GNorm = 0.1556, lr_0 = 3.4986e-04
Loss = 4.6051e-04, PNorm = 35.7475, GNorm = 0.1090, lr_0 = 3.4901e-04
Loss = 4.3052e-04, PNorm = 35.7484, GNorm = 0.0866, lr_0 = 3.4816e-04
Loss = 2.9834e-04, PNorm = 35.7493, GNorm = 0.0902, lr_0 = 3.4730e-04
Loss = 2.5343e-04, PNorm = 35.7499, GNorm = 0.0730, lr_0 = 3.4646e-04
Loss = 2.7196e-04, PNorm = 35.7506, GNorm = 0.0607, lr_0 = 3.4561e-04
Loss = 2.8234e-04, PNorm = 35.7510, GNorm = 0.1757, lr_0 = 3.4476e-04
Loss = 2.6626e-04, PNorm = 35.7517, GNorm = 0.1482, lr_0 = 3.4392e-04
Validation mae = nan
Epoch 47
Loss = 2.9097e-04, PNorm = 35.7520, GNorm = 0.1234, lr_0 = 3.4300e-04
Loss = 3.5879e-04, PNorm = 35.7519, GNorm = 0.1186, lr_0 = 3.4216e-04
Loss = 3.0677e-04, PNorm = 35.7529, GNorm = 0.0795, lr_0 = 3.4132e-04
Loss = 3.4611e-04, PNorm = 35.7546, GNorm = 0.2300, lr_0 = 3.4049e-04
Loss = 3.0443e-04, PNorm = 35.7552, GNorm = 0.1521, lr_0 = 3.3965e-04
Loss = 3.2255e-04, PNorm = 35.7561, GNorm = 0.1747, lr_0 = 3.3882e-04
Loss = 2.7093e-04, PNorm = 35.7565, GNorm = 0.1367, lr_0 = 3.3800e-04
Loss = 3.5198e-04, PNorm = 35.7569, GNorm = 0.0728, lr_0 = 3.3717e-04
Loss = 3.5474e-04, PNorm = 35.7580, GNorm = 0.0878, lr_0 = 3.3635e-04
Loss = 6.0821e-04, PNorm = 35.7584, GNorm = 0.1030, lr_0 = 3.3552e-04
Validation mae = nan
Epoch 48
Loss = 4.2269e-04, PNorm = 35.7595, GNorm = 0.0699, lr_0 = 3.3462e-04
Loss = 3.1449e-04, PNorm = 35.7610, GNorm = 0.2333, lr_0 = 3.3380e-04
Loss = 3.5878e-04, PNorm = 35.7617, GNorm = 0.2417, lr_0 = 3.3299e-04
Loss = 3.7019e-04, PNorm = 35.7624, GNorm = 0.2052, lr_0 = 3.3217e-04
Loss = 5.3607e-04, PNorm = 35.7631, GNorm = 0.2109, lr_0 = 3.3136e-04
Loss = 5.3410e-04, PNorm = 35.7641, GNorm = 0.1774, lr_0 = 3.3055e-04
Loss = 3.6406e-04, PNorm = 35.7652, GNorm = 0.1607, lr_0 = 3.2974e-04
Loss = 3.1555e-04, PNorm = 35.7664, GNorm = 0.1170, lr_0 = 3.2894e-04
Loss = 2.9562e-04, PNorm = 35.7669, GNorm = 0.0636, lr_0 = 3.2813e-04
Validation mae = nan
Epoch 49
Loss = 5.9641e-04, PNorm = 35.7675, GNorm = 0.2876, lr_0 = 3.2725e-04
Loss = 5.7827e-04, PNorm = 35.7676, GNorm = 0.1005, lr_0 = 3.2645e-04
Loss = 5.0748e-04, PNorm = 35.7681, GNorm = 0.2565, lr_0 = 3.2565e-04
Loss = 4.5378e-04, PNorm = 35.7684, GNorm = 0.0949, lr_0 = 3.2486e-04
Loss = 3.9959e-04, PNorm = 35.7692, GNorm = 0.3068, lr_0 = 3.2406e-04
Loss = 3.3251e-04, PNorm = 35.7695, GNorm = 0.1317, lr_0 = 3.2327e-04
Loss = 3.5753e-04, PNorm = 35.7699, GNorm = 0.0970, lr_0 = 3.2248e-04
Loss = 3.6548e-04, PNorm = 35.7705, GNorm = 0.1484, lr_0 = 3.2169e-04
Loss = 3.3051e-04, PNorm = 35.7714, GNorm = 0.2312, lr_0 = 3.2091e-04
Loss = 5.2164e-04, PNorm = 35.7727, GNorm = 0.0519, lr_0 = 3.2012e-04
Validation mae = nan
Epoch 50
Loss = 5.9562e-04, PNorm = 35.7740, GNorm = 0.2811, lr_0 = 3.1934e-04
Loss = 6.5926e-04, PNorm = 35.7749, GNorm = 0.2634, lr_0 = 3.1856e-04
Loss = 6.2245e-04, PNorm = 35.7756, GNorm = 0.3119, lr_0 = 3.1778e-04
Loss = 5.7412e-04, PNorm = 35.7768, GNorm = 0.1518, lr_0 = 3.1700e-04
Loss = 4.4498e-04, PNorm = 35.7774, GNorm = 0.2024, lr_0 = 3.1623e-04
Loss = 3.6328e-04, PNorm = 35.7787, GNorm = 0.1207, lr_0 = 3.1545e-04
Loss = 5.4061e-04, PNorm = 35.7799, GNorm = 0.1777, lr_0 = 3.1468e-04
Loss = 4.2614e-04, PNorm = 35.7802, GNorm = 0.1287, lr_0 = 3.1391e-04
Loss = 2.9014e-04, PNorm = 35.7809, GNorm = 0.2183, lr_0 = 3.1315e-04
Loss = 3.8444e-04, PNorm = 35.7818, GNorm = 0.1261, lr_0 = 3.1238e-04
Validation mae = nan
Epoch 51
Loss = 4.0503e-04, PNorm = 35.7840, GNorm = 0.1073, lr_0 = 3.1154e-04
Loss = 4.6669e-04, PNorm = 35.7847, GNorm = 0.1772, lr_0 = 3.1078e-04
Loss = 4.0365e-04, PNorm = 35.7849, GNorm = 0.1978, lr_0 = 3.1002e-04
Loss = 2.8071e-04, PNorm = 35.7859, GNorm = 0.1141, lr_0 = 3.0926e-04
Loss = 3.1002e-04, PNorm = 35.7866, GNorm = 0.0950, lr_0 = 3.0851e-04
Loss = 2.7001e-04, PNorm = 35.7874, GNorm = 0.0426, lr_0 = 3.0775e-04
Loss = 2.3581e-04, PNorm = 35.7883, GNorm = 0.1102, lr_0 = 3.0700e-04
Loss = 2.8776e-04, PNorm = 35.7891, GNorm = 0.0699, lr_0 = 3.0625e-04
Loss = 2.5534e-04, PNorm = 35.7888, GNorm = 0.1605, lr_0 = 3.0550e-04
Validation mae = nan
Epoch 52
Loss = 8.6946e-04, PNorm = 35.7893, GNorm = 0.2164, lr_0 = 3.0468e-04
Loss = 7.9342e-04, PNorm = 35.7905, GNorm = 0.2839, lr_0 = 3.0393e-04
Loss = 6.2359e-04, PNorm = 35.7905, GNorm = 0.0800, lr_0 = 3.0319e-04
Loss = 4.2061e-04, PNorm = 35.7908, GNorm = 0.1040, lr_0 = 3.0245e-04
Loss = 3.2704e-04, PNorm = 35.7915, GNorm = 0.1147, lr_0 = 3.0171e-04
Loss = 2.8777e-04, PNorm = 35.7923, GNorm = 0.0957, lr_0 = 3.0097e-04
Loss = 3.3513e-04, PNorm = 35.7931, GNorm = 0.2099, lr_0 = 3.0024e-04
Loss = 3.4915e-04, PNorm = 35.7939, GNorm = 0.0610, lr_0 = 2.9950e-04
Loss = 3.0430e-04, PNorm = 35.7948, GNorm = 0.2082, lr_0 = 2.9877e-04
Loss = 3.3873e-04, PNorm = 35.7953, GNorm = 0.2168, lr_0 = 2.9804e-04
Validation mae = nan
Epoch 53
Loss = 3.8514e-04, PNorm = 35.7955, GNorm = 0.1652, lr_0 = 2.9724e-04
Loss = 3.0526e-04, PNorm = 35.7959, GNorm = 0.1862, lr_0 = 2.9651e-04
Loss = 2.5554e-04, PNorm = 35.7964, GNorm = 0.1074, lr_0 = 2.9579e-04
Loss = 2.3542e-04, PNorm = 35.7971, GNorm = 0.1466, lr_0 = 2.9507e-04
Loss = 3.5188e-04, PNorm = 35.7978, GNorm = 0.0813, lr_0 = 2.9434e-04
Loss = 2.5845e-04, PNorm = 35.7982, GNorm = 0.0979, lr_0 = 2.9363e-04
Loss = 2.3563e-04, PNorm = 35.7991, GNorm = 0.1437, lr_0 = 2.9291e-04
Loss = 2.4075e-04, PNorm = 35.7996, GNorm = 0.1970, lr_0 = 2.9219e-04
Loss = 2.8891e-04, PNorm = 35.8002, GNorm = 0.2069, lr_0 = 2.9148e-04
Validation mae = nan
Epoch 54
Loss = 6.2054e-04, PNorm = 35.8012, GNorm = 0.2063, lr_0 = 2.9069e-04
Loss = 6.0678e-04, PNorm = 35.8017, GNorm = 0.1113, lr_0 = 2.8998e-04
Loss = 3.7380e-04, PNorm = 35.8019, GNorm = 0.1682, lr_0 = 2.8927e-04
Loss = 2.2525e-04, PNorm = 35.8028, GNorm = 0.1091, lr_0 = 2.8857e-04
Loss = 2.7242e-04, PNorm = 35.8035, GNorm = 0.2266, lr_0 = 2.8786e-04
Loss = 2.5084e-04, PNorm = 35.8043, GNorm = 0.0963, lr_0 = 2.8716e-04
Loss = 2.5465e-04, PNorm = 35.8046, GNorm = 0.2991, lr_0 = 2.8646e-04
Loss = 3.5612e-04, PNorm = 35.8051, GNorm = 0.0839, lr_0 = 2.8576e-04
Loss = 2.4991e-04, PNorm = 35.8057, GNorm = 0.0642, lr_0 = 2.8506e-04
Loss = 2.9367e-04, PNorm = 35.8069, GNorm = 0.1581, lr_0 = 2.8436e-04
Validation mae = nan
Epoch 55
Loss = 3.1337e-04, PNorm = 35.8081, GNorm = 0.0813, lr_0 = 2.8360e-04
Loss = 3.1828e-04, PNorm = 35.8085, GNorm = 0.0581, lr_0 = 2.8290e-04
Loss = 5.6597e-04, PNorm = 35.8091, GNorm = 0.3019, lr_0 = 2.8221e-04
Loss = 5.7458e-04, PNorm = 35.8098, GNorm = 0.3431, lr_0 = 2.8152e-04
Loss = 4.5372e-04, PNorm = 35.8106, GNorm = 0.1041, lr_0 = 2.8083e-04
Loss = 2.3106e-04, PNorm = 35.8114, GNorm = 0.0777, lr_0 = 2.8015e-04
Loss = 2.3212e-04, PNorm = 35.8120, GNorm = 0.0723, lr_0 = 2.7946e-04
Loss = 2.9481e-04, PNorm = 35.8122, GNorm = 0.1377, lr_0 = 2.7878e-04
Loss = 6.8959e-04, PNorm = 35.8128, GNorm = 0.3135, lr_0 = 2.7810e-04
Loss = 8.5121e-04, PNorm = 35.8133, GNorm = 0.1709, lr_0 = 2.7742e-04
Validation mae = nan
Epoch 56
Loss = 1.0658e-03, PNorm = 35.8136, GNorm = 0.2059, lr_0 = 2.7667e-04
Loss = 5.1071e-04, PNorm = 35.8142, GNorm = 0.1399, lr_0 = 2.7600e-04
Loss = 5.6234e-04, PNorm = 35.8155, GNorm = 0.2189, lr_0 = 2.7532e-04
Loss = 3.9947e-04, PNorm = 35.8156, GNorm = 0.1764, lr_0 = 2.7465e-04
Loss = 4.8291e-04, PNorm = 35.8163, GNorm = 0.1144, lr_0 = 2.7398e-04
Loss = 3.7691e-04, PNorm = 35.8173, GNorm = 0.1482, lr_0 = 2.7331e-04
Loss = 4.3382e-04, PNorm = 35.8186, GNorm = 0.1148, lr_0 = 2.7264e-04
Loss = 3.1202e-04, PNorm = 35.8193, GNorm = 0.1209, lr_0 = 2.7197e-04
Loss = 2.4244e-04, PNorm = 35.8196, GNorm = 0.1107, lr_0 = 2.7131e-04
Validation mae = nan
Epoch 57
Loss = 5.0600e-04, PNorm = 35.8204, GNorm = 0.1657, lr_0 = 2.7058e-04
Loss = 2.9621e-04, PNorm = 35.8214, GNorm = 0.0770, lr_0 = 2.6992e-04
Loss = 2.2668e-04, PNorm = 35.8224, GNorm = 0.1366, lr_0 = 2.6926e-04
Loss = 2.1159e-04, PNorm = 35.8231, GNorm = 0.1768, lr_0 = 2.6860e-04
Loss = 2.4103e-04, PNorm = 35.8234, GNorm = 0.1545, lr_0 = 2.6794e-04
Loss = 2.4956e-04, PNorm = 35.8237, GNorm = 0.2390, lr_0 = 2.6729e-04
Loss = 2.3624e-04, PNorm = 35.8242, GNorm = 0.1013, lr_0 = 2.6663e-04
Loss = 2.9320e-04, PNorm = 35.8241, GNorm = 0.0466, lr_0 = 2.6598e-04
Loss = 2.2305e-04, PNorm = 35.8248, GNorm = 0.1222, lr_0 = 2.6533e-04
Loss = 2.0091e-04, PNorm = 35.8256, GNorm = 0.0967, lr_0 = 2.6468e-04
Validation mae = nan
Epoch 58
Loss = 1.7824e-04, PNorm = 35.8264, GNorm = 0.0596, lr_0 = 2.6397e-04
Loss = 2.1101e-04, PNorm = 35.8271, GNorm = 0.0822, lr_0 = 2.6333e-04
Loss = 1.8806e-04, PNorm = 35.8280, GNorm = 0.1818, lr_0 = 2.6268e-04
Loss = 2.4044e-04, PNorm = 35.8288, GNorm = 0.0746, lr_0 = 2.6204e-04
Loss = 2.9045e-04, PNorm = 35.8289, GNorm = 0.0515, lr_0 = 2.6140e-04
Loss = 2.8626e-04, PNorm = 35.8290, GNorm = 0.2097, lr_0 = 2.6076e-04
Loss = 3.2018e-04, PNorm = 35.8296, GNorm = 0.0623, lr_0 = 2.6012e-04
Loss = 3.4865e-04, PNorm = 35.8300, GNorm = 0.1032, lr_0 = 2.5949e-04
Loss = 3.1180e-04, PNorm = 35.8301, GNorm = 0.2010, lr_0 = 2.5885e-04
Validation mae = nan
Epoch 59
Loss = 2.4506e-04, PNorm = 35.8317, GNorm = 0.1041, lr_0 = 2.5816e-04
Loss = 2.5415e-04, PNorm = 35.8329, GNorm = 0.1596, lr_0 = 2.5753e-04
Loss = 3.1426e-04, PNorm = 35.8339, GNorm = 0.0804, lr_0 = 2.5690e-04
Loss = 3.1111e-04, PNorm = 35.8344, GNorm = 0.1230, lr_0 = 2.5627e-04
Loss = 2.2001e-04, PNorm = 35.8353, GNorm = 0.0570, lr_0 = 2.5564e-04
Loss = 2.1255e-04, PNorm = 35.8362, GNorm = 0.0532, lr_0 = 2.5502e-04
Loss = 2.0044e-04, PNorm = 35.8366, GNorm = 0.1110, lr_0 = 2.5439e-04
Loss = 2.7117e-04, PNorm = 35.8371, GNorm = 0.0828, lr_0 = 2.5377e-04
Loss = 2.4175e-04, PNorm = 35.8374, GNorm = 0.0552, lr_0 = 2.5315e-04
Loss = 2.9273e-04, PNorm = 35.8377, GNorm = 0.2363, lr_0 = 2.5253e-04
Validation mae = nan
Epoch 60
Loss = 4.7283e-04, PNorm = 35.8385, GNorm = 0.2672, lr_0 = 2.5192e-04
Loss = 5.3841e-04, PNorm = 35.8396, GNorm = 0.3077, lr_0 = 2.5130e-04
Loss = 6.5435e-04, PNorm = 35.8408, GNorm = 0.2455, lr_0 = 2.5069e-04
Loss = 5.8328e-04, PNorm = 35.8417, GNorm = 0.3022, lr_0 = 2.5007e-04
Loss = 5.7490e-04, PNorm = 35.8419, GNorm = 0.2169, lr_0 = 2.4946e-04
Loss = 6.1677e-04, PNorm = 35.8433, GNorm = 0.1766, lr_0 = 2.4885e-04
Loss = 5.9543e-04, PNorm = 35.8438, GNorm = 0.2820, lr_0 = 2.4824e-04
Loss = 4.1126e-04, PNorm = 35.8443, GNorm = 0.2559, lr_0 = 2.4764e-04
Loss = 3.1353e-04, PNorm = 35.8451, GNorm = 0.1344, lr_0 = 2.4703e-04
Loss = 2.2144e-04, PNorm = 35.8457, GNorm = 0.0969, lr_0 = 2.4643e-04
Validation mae = nan
Epoch 61
Loss = 2.8989e-04, PNorm = 35.8466, GNorm = 0.1591, lr_0 = 2.4576e-04
Loss = 2.8131e-04, PNorm = 35.8474, GNorm = 0.1912, lr_0 = 2.4516e-04
Loss = 2.8881e-04, PNorm = 35.8479, GNorm = 0.0470, lr_0 = 2.4456e-04
Loss = 2.2344e-04, PNorm = 35.8493, GNorm = 0.0855, lr_0 = 2.4397e-04
Loss = 2.2586e-04, PNorm = 35.8503, GNorm = 0.1105, lr_0 = 2.4337e-04
Loss = 2.4471e-04, PNorm = 35.8510, GNorm = 0.1419, lr_0 = 2.4278e-04
Loss = 1.6252e-04, PNorm = 35.8515, GNorm = 0.1090, lr_0 = 2.4218e-04
Loss = 1.6218e-04, PNorm = 35.8515, GNorm = 0.0252, lr_0 = 2.4159e-04
Loss = 3.3140e-04, PNorm = 35.8516, GNorm = 0.1665, lr_0 = 2.4100e-04
Validation mae = nan
Epoch 62
Loss = 4.7800e-04, PNorm = 35.8527, GNorm = 0.1752, lr_0 = 2.4035e-04
Loss = 4.0096e-04, PNorm = 35.8533, GNorm = 0.1843, lr_0 = 2.3976e-04
Loss = 3.6223e-04, PNorm = 35.8535, GNorm = 0.1149, lr_0 = 2.3918e-04
Loss = 2.9934e-04, PNorm = 35.8538, GNorm = 0.0884, lr_0 = 2.3859e-04
Loss = 3.9405e-04, PNorm = 35.8547, GNorm = 0.1155, lr_0 = 2.3801e-04
Loss = 3.1149e-04, PNorm = 35.8559, GNorm = 0.0800, lr_0 = 2.3743e-04
Loss = 2.1959e-04, PNorm = 35.8566, GNorm = 0.0925, lr_0 = 2.3685e-04
Loss = 2.1371e-04, PNorm = 35.8570, GNorm = 0.0664, lr_0 = 2.3627e-04
Loss = 4.0485e-04, PNorm = 35.8574, GNorm = 0.1707, lr_0 = 2.3569e-04
Loss = 3.1634e-04, PNorm = 35.8584, GNorm = 0.1204, lr_0 = 2.3511e-04
Validation mae = nan
Epoch 63
Loss = 6.2008e-04, PNorm = 35.8588, GNorm = 0.3093, lr_0 = 2.3448e-04
Loss = 4.7560e-04, PNorm = 35.8596, GNorm = 0.1373, lr_0 = 2.3391e-04
Loss = 4.9283e-04, PNorm = 35.8604, GNorm = 0.0826, lr_0 = 2.3334e-04
Loss = 4.2360e-04, PNorm = 35.8614, GNorm = 0.1982, lr_0 = 2.3277e-04
Loss = 2.5086e-04, PNorm = 35.8614, GNorm = 0.0963, lr_0 = 2.3220e-04
Loss = 2.8303e-04, PNorm = 35.8623, GNorm = 0.0910, lr_0 = 2.3163e-04
Loss = 3.3178e-04, PNorm = 35.8632, GNorm = 0.2184, lr_0 = 2.3106e-04
Loss = 5.3282e-04, PNorm = 35.8636, GNorm = 0.2938, lr_0 = 2.3050e-04
Loss = 5.0359e-04, PNorm = 35.8640, GNorm = 0.2103, lr_0 = 2.2994e-04
Loss = 3.5545e-04, PNorm = 35.8646, GNorm = 0.1796, lr_0 = 2.2937e-04
Loss = 1.0962e-04, PNorm = 35.8648, GNorm = 0.0875, lr_0 = 2.2932e-04
Validation mae = nan
Epoch 64
Loss = 2.0085e-04, PNorm = 35.8657, GNorm = 0.0819, lr_0 = 2.2876e-04
Loss = 2.0602e-04, PNorm = 35.8665, GNorm = 0.0531, lr_0 = 2.2820e-04
Loss = 1.9949e-04, PNorm = 35.8667, GNorm = 0.1059, lr_0 = 2.2764e-04
Loss = 2.0843e-04, PNorm = 35.8675, GNorm = 0.1218, lr_0 = 2.2708e-04
Loss = 1.9090e-04, PNorm = 35.8683, GNorm = 0.0765, lr_0 = 2.2653e-04
Loss = 1.6709e-04, PNorm = 35.8690, GNorm = 0.0986, lr_0 = 2.2597e-04
Loss = 1.9726e-04, PNorm = 35.8696, GNorm = 0.1480, lr_0 = 2.2542e-04
Loss = 2.5170e-04, PNorm = 35.8707, GNorm = 0.0363, lr_0 = 2.2487e-04
Loss = 2.0168e-04, PNorm = 35.8714, GNorm = 0.1410, lr_0 = 2.2432e-04
Validation mae = nan
Epoch 65
Loss = 1.8735e-04, PNorm = 35.8720, GNorm = 0.0656, lr_0 = 2.2372e-04
Loss = 2.2038e-04, PNorm = 35.8726, GNorm = 0.0945, lr_0 = 2.2317e-04
Loss = 2.0717e-04, PNorm = 35.8729, GNorm = 0.1377, lr_0 = 2.2263e-04
Loss = 2.9139e-04, PNorm = 35.8737, GNorm = 0.1196, lr_0 = 2.2208e-04
Loss = 4.2063e-04, PNorm = 35.8738, GNorm = 0.0913, lr_0 = 2.2154e-04
Loss = 5.2917e-04, PNorm = 35.8743, GNorm = 0.2353, lr_0 = 2.2100e-04
Loss = 3.9549e-04, PNorm = 35.8746, GNorm = 0.0898, lr_0 = 2.2046e-04
Loss = 3.0130e-04, PNorm = 35.8759, GNorm = 0.0918, lr_0 = 2.1992e-04
Loss = 2.2599e-04, PNorm = 35.8760, GNorm = 0.1454, lr_0 = 2.1938e-04
Loss = 2.0075e-04, PNorm = 35.8769, GNorm = 0.0543, lr_0 = 2.1884e-04
Validation mae = nan
Epoch 66
Loss = 2.2797e-04, PNorm = 35.8773, GNorm = 0.1195, lr_0 = 2.1826e-04
Loss = 1.7861e-04, PNorm = 35.8776, GNorm = 0.0679, lr_0 = 2.1772e-04
Loss = 2.4631e-04, PNorm = 35.8784, GNorm = 0.1819, lr_0 = 2.1719e-04
Loss = 1.7843e-04, PNorm = 35.8789, GNorm = 0.0932, lr_0 = 2.1666e-04
Loss = 2.0744e-04, PNorm = 35.8796, GNorm = 0.0629, lr_0 = 2.1613e-04
Loss = 1.5368e-04, PNorm = 35.8801, GNorm = 0.0475, lr_0 = 2.1560e-04
Loss = 2.3899e-04, PNorm = 35.8807, GNorm = 0.0593, lr_0 = 2.1507e-04
Loss = 2.8249e-04, PNorm = 35.8810, GNorm = 0.0908, lr_0 = 2.1455e-04
Loss = 1.8210e-04, PNorm = 35.8816, GNorm = 0.0903, lr_0 = 2.1402e-04
Validation mae = nan
Epoch 67
Loss = 3.2599e-04, PNorm = 35.8825, GNorm = 0.2029, lr_0 = 2.1345e-04
Loss = 4.5193e-04, PNorm = 35.8830, GNorm = 0.0683, lr_0 = 2.1293e-04
Loss = 3.7354e-04, PNorm = 35.8835, GNorm = 0.3492, lr_0 = 2.1241e-04
Loss = 2.9705e-04, PNorm = 35.8839, GNorm = 0.0617, lr_0 = 2.1189e-04
Loss = 2.1849e-04, PNorm = 35.8841, GNorm = 0.1477, lr_0 = 2.1137e-04
Loss = 2.2439e-04, PNorm = 35.8847, GNorm = 0.1014, lr_0 = 2.1085e-04
Loss = 2.5958e-04, PNorm = 35.8852, GNorm = 0.1386, lr_0 = 2.1034e-04
Loss = 2.6658e-04, PNorm = 35.8857, GNorm = 0.1099, lr_0 = 2.0982e-04
Loss = 2.3254e-04, PNorm = 35.8870, GNorm = 0.0909, lr_0 = 2.0931e-04
Loss = 2.3385e-04, PNorm = 35.8876, GNorm = 0.1404, lr_0 = 2.0880e-04
Validation mae = nan
Epoch 68
Loss = 3.1582e-04, PNorm = 35.8880, GNorm = 0.1598, lr_0 = 2.0824e-04
Loss = 3.1225e-04, PNorm = 35.8887, GNorm = 0.0663, lr_0 = 2.0773e-04
Loss = 2.8477e-04, PNorm = 35.8894, GNorm = 0.1875, lr_0 = 2.0722e-04
Loss = 2.2992e-04, PNorm = 35.8899, GNorm = 0.0289, lr_0 = 2.0671e-04
Loss = 2.1076e-04, PNorm = 35.8900, GNorm = 0.1356, lr_0 = 2.0621e-04
Loss = 1.9839e-04, PNorm = 35.8902, GNorm = 0.1370, lr_0 = 2.0570e-04
Loss = 1.8932e-04, PNorm = 35.8905, GNorm = 0.0652, lr_0 = 2.0520e-04
Loss = 1.7470e-04, PNorm = 35.8909, GNorm = 0.0784, lr_0 = 2.0470e-04
Loss = 1.6407e-04, PNorm = 35.8910, GNorm = 0.1054, lr_0 = 2.0420e-04
Loss = 1.4500e-04, PNorm = 35.8918, GNorm = 0.0771, lr_0 = 2.0370e-04
Loss = 9.8102e-05, PNorm = 35.8919, GNorm = 0.0704, lr_0 = 2.0365e-04
Validation mae = nan
Epoch 69
Loss = 1.9810e-04, PNorm = 35.8923, GNorm = 0.2150, lr_0 = 2.0315e-04
Loss = 1.8564e-04, PNorm = 35.8927, GNorm = 0.1757, lr_0 = 2.0266e-04
Loss = 1.4982e-04, PNorm = 35.8933, GNorm = 0.0287, lr_0 = 2.0216e-04
Loss = 1.3120e-04, PNorm = 35.8938, GNorm = 0.0427, lr_0 = 2.0167e-04
Loss = 1.1211e-04, PNorm = 35.8938, GNorm = 0.0365, lr_0 = 2.0117e-04
Loss = 1.4329e-04, PNorm = 35.8939, GNorm = 0.0343, lr_0 = 2.0068e-04
Loss = 1.4774e-04, PNorm = 35.8946, GNorm = 0.0996, lr_0 = 2.0019e-04
Loss = 1.7951e-04, PNorm = 35.8952, GNorm = 0.0635, lr_0 = 1.9970e-04
Loss = 2.5274e-04, PNorm = 35.8955, GNorm = 0.1115, lr_0 = 1.9921e-04
Validation mae = nan
Epoch 70
Loss = 1.4314e-04, PNorm = 35.8966, GNorm = 0.0620, lr_0 = 1.9873e-04
Loss = 1.7094e-04, PNorm = 35.8971, GNorm = 0.0950, lr_0 = 1.9824e-04
Loss = 2.0958e-04, PNorm = 35.8969, GNorm = 0.1557, lr_0 = 1.9776e-04
Loss = 1.6942e-04, PNorm = 35.8977, GNorm = 0.0670, lr_0 = 1.9727e-04
Loss = 2.4166e-04, PNorm = 35.8983, GNorm = 0.0701, lr_0 = 1.9679e-04
Loss = 2.0643e-04, PNorm = 35.8988, GNorm = 0.0985, lr_0 = 1.9631e-04
Loss = 2.0754e-04, PNorm = 35.8995, GNorm = 0.0746, lr_0 = 1.9583e-04
Loss = 2.1609e-04, PNorm = 35.9000, GNorm = 0.1219, lr_0 = 1.9535e-04
Loss = 1.8265e-04, PNorm = 35.9004, GNorm = 0.1018, lr_0 = 1.9487e-04
Loss = 1.5102e-04, PNorm = 35.9009, GNorm = 0.0646, lr_0 = 1.9440e-04
Validation mae = nan
Epoch 71
Loss = 2.2306e-04, PNorm = 35.9019, GNorm = 0.1207, lr_0 = 1.9387e-04
Loss = 2.3248e-04, PNorm = 35.9022, GNorm = 0.0741, lr_0 = 1.9340e-04
Loss = 2.5333e-04, PNorm = 35.9025, GNorm = 0.1039, lr_0 = 1.9293e-04
Loss = 3.0125e-04, PNorm = 35.9031, GNorm = 0.1111, lr_0 = 1.9246e-04
Loss = 2.2487e-04, PNorm = 35.9037, GNorm = 0.0391, lr_0 = 1.9199e-04
Loss = 1.8228e-04, PNorm = 35.9043, GNorm = 0.0374, lr_0 = 1.9152e-04
Loss = 1.6753e-04, PNorm = 35.9048, GNorm = 0.1806, lr_0 = 1.9105e-04
Loss = 2.8768e-04, PNorm = 35.9052, GNorm = 0.2429, lr_0 = 1.9058e-04
Loss = 2.3249e-04, PNorm = 35.9057, GNorm = 0.0917, lr_0 = 1.9012e-04
Validation mae = nan
Epoch 72
Loss = 3.8225e-04, PNorm = 35.9065, GNorm = 0.1803, lr_0 = 1.8960e-04
Loss = 2.6424e-04, PNorm = 35.9071, GNorm = 0.0410, lr_0 = 1.8914e-04
Loss = 2.0718e-04, PNorm = 35.9078, GNorm = 0.1039, lr_0 = 1.8868e-04
Loss = 1.7307e-04, PNorm = 35.9085, GNorm = 0.0602, lr_0 = 1.8822e-04
Loss = 1.6342e-04, PNorm = 35.9089, GNorm = 0.0907, lr_0 = 1.8776e-04
Loss = 1.4731e-04, PNorm = 35.9095, GNorm = 0.0420, lr_0 = 1.8730e-04
Loss = 1.5131e-04, PNorm = 35.9098, GNorm = 0.0969, lr_0 = 1.8684e-04
Loss = 1.1857e-04, PNorm = 35.9100, GNorm = 0.0712, lr_0 = 1.8638e-04
Loss = 1.5557e-04, PNorm = 35.9106, GNorm = 0.0989, lr_0 = 1.8593e-04
Loss = 1.1811e-04, PNorm = 35.9114, GNorm = 0.0796, lr_0 = 1.8547e-04
Validation mae = nan
Epoch 73
Loss = 2.5736e-04, PNorm = 35.9116, GNorm = 0.1321, lr_0 = 1.8498e-04
Loss = 2.8345e-04, PNorm = 35.9121, GNorm = 0.1910, lr_0 = 1.8452e-04
Loss = 1.8254e-04, PNorm = 35.9125, GNorm = 0.0602, lr_0 = 1.8407e-04
Loss = 1.6652e-04, PNorm = 35.9132, GNorm = 0.0654, lr_0 = 1.8362e-04
Loss = 1.3277e-04, PNorm = 35.9133, GNorm = 0.1057, lr_0 = 1.8317e-04
Loss = 1.9567e-04, PNorm = 35.9138, GNorm = 0.0815, lr_0 = 1.8273e-04
Loss = 1.2533e-04, PNorm = 35.9146, GNorm = 0.1213, lr_0 = 1.8228e-04
Loss = 1.9839e-04, PNorm = 35.9150, GNorm = 0.1207, lr_0 = 1.8183e-04
Loss = 1.9540e-04, PNorm = 35.9154, GNorm = 0.1164, lr_0 = 1.8139e-04
Loss = 2.5999e-04, PNorm = 35.9156, GNorm = 0.0922, lr_0 = 1.8095e-04
Validation mae = nan
Epoch 74
Loss = 2.6921e-04, PNorm = 35.9159, GNorm = 0.1109, lr_0 = 1.8046e-04
Loss = 2.6009e-04, PNorm = 35.9156, GNorm = 0.0575, lr_0 = 1.8002e-04
Loss = 2.1794e-04, PNorm = 35.9162, GNorm = 0.0484, lr_0 = 1.7958e-04
Loss = 1.8893e-04, PNorm = 35.9167, GNorm = 0.0979, lr_0 = 1.7914e-04
Loss = 2.9303e-04, PNorm = 35.9175, GNorm = 0.1232, lr_0 = 1.7870e-04
Loss = 2.5147e-04, PNorm = 35.9174, GNorm = 0.1565, lr_0 = 1.7826e-04
Loss = 3.5718e-04, PNorm = 35.9180, GNorm = 0.2042, lr_0 = 1.7783e-04
Loss = 5.9865e-04, PNorm = 35.9182, GNorm = 0.2701, lr_0 = 1.7739e-04
Loss = 3.4064e-04, PNorm = 35.9188, GNorm = 0.1073, lr_0 = 1.7696e-04
Validation mae = nan
Epoch 75
Loss = 4.6303e-04, PNorm = 35.9196, GNorm = 0.1340, lr_0 = 1.7648e-04
Loss = 3.4065e-04, PNorm = 35.9201, GNorm = 0.0933, lr_0 = 1.7605e-04
Loss = 2.6404e-04, PNorm = 35.9205, GNorm = 0.1062, lr_0 = 1.7562e-04
Loss = 2.4560e-04, PNorm = 35.9213, GNorm = 0.0459, lr_0 = 1.7519e-04
Loss = 1.8525e-04, PNorm = 35.9218, GNorm = 0.0620, lr_0 = 1.7476e-04
Loss = 1.7007e-04, PNorm = 35.9222, GNorm = 0.1345, lr_0 = 1.7434e-04
Loss = 2.6685e-04, PNorm = 35.9229, GNorm = 0.1476, lr_0 = 1.7391e-04
Loss = 2.5464e-04, PNorm = 35.9237, GNorm = 0.2438, lr_0 = 1.7349e-04
Loss = 2.6564e-04, PNorm = 35.9238, GNorm = 0.0972, lr_0 = 1.7306e-04
Loss = 3.3504e-04, PNorm = 35.9240, GNorm = 0.1617, lr_0 = 1.7264e-04
Validation mae = nan
Epoch 76
Loss = 2.5359e-04, PNorm = 35.9245, GNorm = 0.0750, lr_0 = 1.7217e-04
Loss = 2.0367e-04, PNorm = 35.9249, GNorm = 0.1267, lr_0 = 1.7175e-04
Loss = 2.6870e-04, PNorm = 35.9252, GNorm = 0.2474, lr_0 = 1.7133e-04
Loss = 2.4538e-04, PNorm = 35.9257, GNorm = 0.1241, lr_0 = 1.7092e-04
Loss = 2.4210e-04, PNorm = 35.9262, GNorm = 0.0885, lr_0 = 1.7050e-04
Loss = 2.9009e-04, PNorm = 35.9262, GNorm = 0.1915, lr_0 = 1.7008e-04
Loss = 2.4797e-04, PNorm = 35.9267, GNorm = 0.1397, lr_0 = 1.6966e-04
Loss = 1.7379e-04, PNorm = 35.9275, GNorm = 0.0569, lr_0 = 1.6925e-04
Loss = 2.2762e-04, PNorm = 35.9281, GNorm = 0.0370, lr_0 = 1.6884e-04
Validation mae = nan
Epoch 77
Loss = 1.3365e-04, PNorm = 35.9288, GNorm = 0.0400, lr_0 = 1.6838e-04
Loss = 2.4829e-04, PNorm = 35.9289, GNorm = 0.1088, lr_0 = 1.6797e-04
Loss = 2.3647e-04, PNorm = 35.9295, GNorm = 0.0763, lr_0 = 1.6756e-04
Loss = 1.5750e-04, PNorm = 35.9301, GNorm = 0.0714, lr_0 = 1.6715e-04
Loss = 2.4063e-04, PNorm = 35.9304, GNorm = 0.0808, lr_0 = 1.6674e-04
Loss = 1.5103e-04, PNorm = 35.9307, GNorm = 0.0653, lr_0 = 1.6633e-04
Loss = 1.4348e-04, PNorm = 35.9315, GNorm = 0.1021, lr_0 = 1.6593e-04
Loss = 1.4824e-04, PNorm = 35.9321, GNorm = 0.0822, lr_0 = 1.6552e-04
Loss = 1.1006e-04, PNorm = 35.9326, GNorm = 0.0653, lr_0 = 1.6512e-04
Loss = 1.5478e-04, PNorm = 35.9329, GNorm = 0.1432, lr_0 = 1.6471e-04
Validation mae = nan
Epoch 78
Loss = 1.9715e-04, PNorm = 35.9333, GNorm = 0.1272, lr_0 = 1.6427e-04
Loss = 1.9769e-04, PNorm = 35.9337, GNorm = 0.0888, lr_0 = 1.6387e-04
Loss = 1.3458e-04, PNorm = 35.9338, GNorm = 0.0350, lr_0 = 1.6347e-04
Loss = 1.0605e-04, PNorm = 35.9342, GNorm = 0.0565, lr_0 = 1.6307e-04
Loss = 1.3434e-04, PNorm = 35.9347, GNorm = 0.0820, lr_0 = 1.6267e-04
Loss = 1.1507e-04, PNorm = 35.9353, GNorm = 0.0589, lr_0 = 1.6227e-04
Loss = 1.0923e-04, PNorm = 35.9355, GNorm = 0.0410, lr_0 = 1.6188e-04
Loss = 1.8579e-04, PNorm = 35.9356, GNorm = 0.0904, lr_0 = 1.6148e-04
Loss = 2.2308e-04, PNorm = 35.9364, GNorm = 0.1153, lr_0 = 1.6109e-04
Loss = 1.7183e-04, PNorm = 35.9365, GNorm = 0.1370, lr_0 = 1.6069e-04
Validation mae = nan
Epoch 79
Loss = 2.0293e-04, PNorm = 35.9372, GNorm = 0.1326, lr_0 = 1.6026e-04
Loss = 1.7291e-04, PNorm = 35.9380, GNorm = 0.1053, lr_0 = 1.5987e-04
Loss = 1.5004e-04, PNorm = 35.9387, GNorm = 0.1278, lr_0 = 1.5948e-04
Loss = 1.7391e-04, PNorm = 35.9396, GNorm = 0.0558, lr_0 = 1.5909e-04
Loss = 1.8413e-04, PNorm = 35.9400, GNorm = 0.0771, lr_0 = 1.5870e-04
Loss = 2.9098e-04, PNorm = 35.9405, GNorm = 0.2576, lr_0 = 1.5831e-04
Loss = 2.0801e-04, PNorm = 35.9410, GNorm = 0.0763, lr_0 = 1.5792e-04
Loss = 1.5638e-04, PNorm = 35.9414, GNorm = 0.0687, lr_0 = 1.5754e-04
Loss = 1.5926e-04, PNorm = 35.9416, GNorm = 0.0906, lr_0 = 1.5715e-04
Validation mae = nan
Epoch 80
Loss = 1.1577e-04, PNorm = 35.9414, GNorm = 0.0687, lr_0 = 1.5677e-04
Loss = 1.8173e-04, PNorm = 35.9418, GNorm = 0.0683, lr_0 = 1.5639e-04
Loss = 1.4070e-04, PNorm = 35.9425, GNorm = 0.1303, lr_0 = 1.5600e-04
Loss = 1.2995e-04, PNorm = 35.9427, GNorm = 0.0470, lr_0 = 1.5562e-04
Loss = 1.1870e-04, PNorm = 35.9432, GNorm = 0.0363, lr_0 = 1.5524e-04
Loss = 1.2566e-04, PNorm = 35.9435, GNorm = 0.0904, lr_0 = 1.5486e-04
Loss = 1.6166e-04, PNorm = 35.9442, GNorm = 0.0291, lr_0 = 1.5448e-04
Loss = 1.9603e-04, PNorm = 35.9446, GNorm = 0.0374, lr_0 = 1.5411e-04
Loss = 1.2803e-04, PNorm = 35.9450, GNorm = 0.0916, lr_0 = 1.5373e-04
Loss = 1.3054e-04, PNorm = 35.9457, GNorm = 0.0435, lr_0 = 1.5335e-04
Validation mae = nan
Epoch 81
Loss = 1.4556e-04, PNorm = 35.9460, GNorm = 0.1385, lr_0 = 1.5294e-04
Loss = 1.5066e-04, PNorm = 35.9464, GNorm = 0.0411, lr_0 = 1.5257e-04
Loss = 1.5381e-04, PNorm = 35.9469, GNorm = 0.1111, lr_0 = 1.5219e-04
Loss = 1.4517e-04, PNorm = 35.9473, GNorm = 0.1408, lr_0 = 1.5182e-04
Loss = 1.7356e-04, PNorm = 35.9477, GNorm = 0.0881, lr_0 = 1.5145e-04
Loss = 1.6290e-04, PNorm = 35.9481, GNorm = 0.0578, lr_0 = 1.5108e-04
Loss = 1.3522e-04, PNorm = 35.9485, GNorm = 0.0331, lr_0 = 1.5071e-04
Loss = 1.2462e-04, PNorm = 35.9491, GNorm = 0.0641, lr_0 = 1.5034e-04
Loss = 1.7632e-04, PNorm = 35.9498, GNorm = 0.0741, lr_0 = 1.4998e-04
Loss = 1.1491e-04, PNorm = 35.9500, GNorm = 0.0763, lr_0 = 1.4961e-04
Loss = 8.6831e-05, PNorm = 35.9500, GNorm = 0.0866, lr_0 = 1.4957e-04
Validation mae = nan
Epoch 82
Loss = 1.3327e-04, PNorm = 35.9505, GNorm = 0.1232, lr_0 = 1.4921e-04
Loss = 1.6243e-04, PNorm = 35.9516, GNorm = 0.0385, lr_0 = 1.4884e-04
Loss = 1.7201e-04, PNorm = 35.9517, GNorm = 0.1395, lr_0 = 1.4848e-04
Loss = 1.8848e-04, PNorm = 35.9519, GNorm = 0.0904, lr_0 = 1.4812e-04
Loss = 1.5917e-04, PNorm = 35.9523, GNorm = 0.0475, lr_0 = 1.4775e-04
Loss = 1.6583e-04, PNorm = 35.9531, GNorm = 0.0714, lr_0 = 1.4739e-04
Loss = 1.2171e-04, PNorm = 35.9536, GNorm = 0.0405, lr_0 = 1.4703e-04
Loss = 1.6601e-04, PNorm = 35.9538, GNorm = 0.1199, lr_0 = 1.4667e-04
Loss = 1.9677e-04, PNorm = 35.9544, GNorm = 0.0658, lr_0 = 1.4631e-04
Validation mae = nan
Epoch 83
Loss = 2.1966e-04, PNorm = 35.9548, GNorm = 0.1433, lr_0 = 1.4592e-04
Loss = 1.6494e-04, PNorm = 35.9551, GNorm = 0.0411, lr_0 = 1.4556e-04
Loss = 1.2239e-04, PNorm = 35.9554, GNorm = 0.0362, lr_0 = 1.4521e-04
Loss = 1.8252e-04, PNorm = 35.9557, GNorm = 0.0994, lr_0 = 1.4485e-04
Loss = 1.0805e-04, PNorm = 35.9557, GNorm = 0.0835, lr_0 = 1.4450e-04
Loss = 1.3595e-04, PNorm = 35.9562, GNorm = 0.0894, lr_0 = 1.4415e-04
Loss = 1.3641e-04, PNorm = 35.9568, GNorm = 0.1434, lr_0 = 1.4379e-04
Loss = 1.6355e-04, PNorm = 35.9573, GNorm = 0.0833, lr_0 = 1.4344e-04
Loss = 1.3552e-04, PNorm = 35.9579, GNorm = 0.0627, lr_0 = 1.4309e-04
Loss = 1.2522e-04, PNorm = 35.9582, GNorm = 0.0978, lr_0 = 1.4274e-04
Validation mae = nan
Epoch 84
Loss = 1.3864e-04, PNorm = 35.9586, GNorm = 0.1119, lr_0 = 1.4236e-04
Loss = 1.4852e-04, PNorm = 35.9587, GNorm = 0.0560, lr_0 = 1.4201e-04
Loss = 1.5664e-04, PNorm = 35.9590, GNorm = 0.1935, lr_0 = 1.4166e-04
Loss = 2.5584e-04, PNorm = 35.9596, GNorm = 0.0790, lr_0 = 1.4132e-04
Loss = 3.4536e-04, PNorm = 35.9599, GNorm = 0.1689, lr_0 = 1.4097e-04
Loss = 1.6782e-04, PNorm = 35.9605, GNorm = 0.1379, lr_0 = 1.4063e-04
Loss = 1.3377e-04, PNorm = 35.9607, GNorm = 0.0556, lr_0 = 1.4028e-04
Loss = 1.6580e-04, PNorm = 35.9614, GNorm = 0.0837, lr_0 = 1.3994e-04
Loss = 1.3233e-04, PNorm = 35.9621, GNorm = 0.1175, lr_0 = 1.3960e-04
Validation mae = nan
Epoch 85
Loss = 4.0670e-04, PNorm = 35.9626, GNorm = 0.2016, lr_0 = 1.3922e-04
Loss = 2.6277e-04, PNorm = 35.9631, GNorm = 0.1486, lr_0 = 1.3888e-04
Loss = 3.2664e-04, PNorm = 35.9641, GNorm = 0.1597, lr_0 = 1.3854e-04
Loss = 2.0553e-04, PNorm = 35.9649, GNorm = 0.0793, lr_0 = 1.3820e-04
Loss = 1.7145e-04, PNorm = 35.9649, GNorm = 0.1066, lr_0 = 1.3787e-04
Loss = 1.4216e-04, PNorm = 35.9656, GNorm = 0.0564, lr_0 = 1.3753e-04
Loss = 2.0162e-04, PNorm = 35.9660, GNorm = 0.0961, lr_0 = 1.3719e-04
Loss = 2.9723e-04, PNorm = 35.9668, GNorm = 0.1560, lr_0 = 1.3686e-04
Loss = 2.6925e-04, PNorm = 35.9668, GNorm = 0.1604, lr_0 = 1.3652e-04
Loss = 4.0677e-04, PNorm = 35.9669, GNorm = 0.2164, lr_0 = 1.3619e-04
Validation mae = nan
Epoch 86
Loss = 7.2748e-04, PNorm = 35.9673, GNorm = 0.2311, lr_0 = 1.3582e-04
Loss = 5.5236e-04, PNorm = 35.9681, GNorm = 0.0502, lr_0 = 1.3549e-04
Loss = 3.2993e-04, PNorm = 35.9686, GNorm = 0.1640, lr_0 = 1.3516e-04
Loss = 2.0011e-04, PNorm = 35.9694, GNorm = 0.0756, lr_0 = 1.3483e-04
Loss = 1.9745e-04, PNorm = 35.9699, GNorm = 0.2178, lr_0 = 1.3450e-04
Loss = 2.0303e-04, PNorm = 35.9704, GNorm = 0.0699, lr_0 = 1.3417e-04
Loss = 2.3252e-04, PNorm = 35.9706, GNorm = 0.1810, lr_0 = 1.3384e-04
Loss = 2.4323e-04, PNorm = 35.9709, GNorm = 0.1199, lr_0 = 1.3352e-04
Loss = 1.7298e-04, PNorm = 35.9719, GNorm = 0.1042, lr_0 = 1.3319e-04
Loss = 1.3397e-04, PNorm = 35.9726, GNorm = 0.0826, lr_0 = 1.3286e-04
Loss = 7.4436e-05, PNorm = 35.9726, GNorm = 0.0778, lr_0 = 1.3283e-04
Validation mae = nan
Epoch 87
Loss = 1.8969e-04, PNorm = 35.9726, GNorm = 0.1292, lr_0 = 1.3251e-04
Loss = 2.0407e-04, PNorm = 35.9726, GNorm = 0.1504, lr_0 = 1.3218e-04
Loss = 1.7250e-04, PNorm = 35.9730, GNorm = 0.0980, lr_0 = 1.3186e-04
Loss = 1.4706e-04, PNorm = 35.9737, GNorm = 0.0753, lr_0 = 1.3154e-04
Loss = 1.3508e-04, PNorm = 35.9738, GNorm = 0.0269, lr_0 = 1.3122e-04
Loss = 1.3914e-04, PNorm = 35.9747, GNorm = 0.0426, lr_0 = 1.3089e-04
Loss = 1.4667e-04, PNorm = 35.9751, GNorm = 0.0872, lr_0 = 1.3057e-04
Loss = 1.1655e-04, PNorm = 35.9755, GNorm = 0.0389, lr_0 = 1.3026e-04
Loss = 1.3930e-04, PNorm = 35.9757, GNorm = 0.0275, lr_0 = 1.2994e-04
Validation mae = nan
Epoch 88
Loss = 1.3589e-04, PNorm = 35.9761, GNorm = 0.1133, lr_0 = 1.2959e-04
Loss = 1.4262e-04, PNorm = 35.9765, GNorm = 0.0291, lr_0 = 1.2927e-04
Loss = 1.0860e-04, PNorm = 35.9767, GNorm = 0.1390, lr_0 = 1.2895e-04
Loss = 1.2840e-04, PNorm = 35.9772, GNorm = 0.0662, lr_0 = 1.2864e-04
Loss = 1.4698e-04, PNorm = 35.9775, GNorm = 0.1051, lr_0 = 1.2833e-04
Loss = 1.4801e-04, PNorm = 35.9778, GNorm = 0.0843, lr_0 = 1.2801e-04
Loss = 1.5498e-04, PNorm = 35.9782, GNorm = 0.1028, lr_0 = 1.2770e-04
Loss = 1.4646e-04, PNorm = 35.9784, GNorm = 0.0796, lr_0 = 1.2739e-04
Loss = 1.1856e-04, PNorm = 35.9788, GNorm = 0.0410, lr_0 = 1.2708e-04
Loss = 1.2375e-04, PNorm = 35.9788, GNorm = 0.0368, lr_0 = 1.2676e-04
Validation mae = nan
Epoch 89
Loss = 9.7597e-05, PNorm = 35.9792, GNorm = 0.0467, lr_0 = 1.2642e-04
Loss = 9.5497e-05, PNorm = 35.9794, GNorm = 0.1238, lr_0 = 1.2611e-04
Loss = 1.2267e-04, PNorm = 35.9798, GNorm = 0.1818, lr_0 = 1.2581e-04
Loss = 1.6738e-04, PNorm = 35.9802, GNorm = 0.1279, lr_0 = 1.2550e-04
Loss = 1.9191e-04, PNorm = 35.9803, GNorm = 0.1270, lr_0 = 1.2519e-04
Loss = 1.4779e-04, PNorm = 35.9806, GNorm = 0.0680, lr_0 = 1.2489e-04
Loss = 2.1854e-04, PNorm = 35.9808, GNorm = 0.1173, lr_0 = 1.2458e-04
Loss = 1.6342e-04, PNorm = 35.9815, GNorm = 0.0812, lr_0 = 1.2428e-04
Loss = 1.1216e-04, PNorm = 35.9816, GNorm = 0.0573, lr_0 = 1.2397e-04
Validation mae = nan
Epoch 90
Loss = 1.5530e-04, PNorm = 35.9819, GNorm = 0.0784, lr_0 = 1.2367e-04
Loss = 2.3436e-04, PNorm = 35.9822, GNorm = 0.1216, lr_0 = 1.2337e-04
Loss = 1.5957e-04, PNorm = 35.9827, GNorm = 0.0666, lr_0 = 1.2307e-04
Loss = 1.3001e-04, PNorm = 35.9833, GNorm = 0.0936, lr_0 = 1.2276e-04
Loss = 1.6072e-04, PNorm = 35.9834, GNorm = 0.1237, lr_0 = 1.2246e-04
Loss = 1.7002e-04, PNorm = 35.9834, GNorm = 0.1001, lr_0 = 1.2217e-04
Loss = 1.8575e-04, PNorm = 35.9838, GNorm = 0.0760, lr_0 = 1.2187e-04
Loss = 1.1400e-04, PNorm = 35.9842, GNorm = 0.0319, lr_0 = 1.2157e-04
Loss = 1.0215e-04, PNorm = 35.9842, GNorm = 0.0447, lr_0 = 1.2127e-04
Loss = 1.1193e-04, PNorm = 35.9840, GNorm = 0.0748, lr_0 = 1.2097e-04
Validation mae = nan
Epoch 91
Loss = 9.7529e-05, PNorm = 35.9844, GNorm = 0.0675, lr_0 = 1.2065e-04
Loss = 1.3220e-04, PNorm = 35.9850, GNorm = 0.1219, lr_0 = 1.2035e-04
Loss = 1.7661e-04, PNorm = 35.9854, GNorm = 0.2006, lr_0 = 1.2006e-04
Loss = 1.5414e-04, PNorm = 35.9857, GNorm = 0.0776, lr_0 = 1.1977e-04
Loss = 1.9359e-04, PNorm = 35.9858, GNorm = 0.1264, lr_0 = 1.1947e-04
Loss = 1.9151e-04, PNorm = 35.9861, GNorm = 0.1672, lr_0 = 1.1918e-04
Loss = 1.1991e-04, PNorm = 35.9867, GNorm = 0.0186, lr_0 = 1.1889e-04
Loss = 1.1201e-04, PNorm = 35.9872, GNorm = 0.0519, lr_0 = 1.1860e-04
Loss = 1.0934e-04, PNorm = 35.9878, GNorm = 0.0605, lr_0 = 1.1831e-04
Loss = 8.8627e-05, PNorm = 35.9883, GNorm = 0.0227, lr_0 = 1.1802e-04
Validation mae = nan
Epoch 92
Loss = 9.5937e-05, PNorm = 35.9886, GNorm = 0.0362, lr_0 = 1.1770e-04
Loss = 9.2825e-05, PNorm = 35.9892, GNorm = 0.0339, lr_0 = 1.1742e-04
Loss = 1.1181e-04, PNorm = 35.9892, GNorm = 0.0875, lr_0 = 1.1713e-04
Loss = 1.1759e-04, PNorm = 35.9895, GNorm = 0.1164, lr_0 = 1.1684e-04
Loss = 1.3850e-04, PNorm = 35.9897, GNorm = 0.0481, lr_0 = 1.1656e-04
Loss = 1.3462e-04, PNorm = 35.9899, GNorm = 0.0815, lr_0 = 1.1627e-04
Loss = 1.1269e-04, PNorm = 35.9901, GNorm = 0.0734, lr_0 = 1.1599e-04
Loss = 1.0616e-04, PNorm = 35.9903, GNorm = 0.0708, lr_0 = 1.1570e-04
Loss = 1.2754e-04, PNorm = 35.9908, GNorm = 0.0253, lr_0 = 1.1542e-04
Validation mae = nan
Epoch 93
Loss = 8.1766e-05, PNorm = 35.9911, GNorm = 0.0749, lr_0 = 1.1511e-04
Loss = 8.7752e-05, PNorm = 35.9913, GNorm = 0.0612, lr_0 = 1.1483e-04
Loss = 8.1684e-05, PNorm = 35.9916, GNorm = 0.0793, lr_0 = 1.1455e-04
Loss = 1.1345e-04, PNorm = 35.9920, GNorm = 0.0596, lr_0 = 1.1427e-04
Loss = 9.7546e-05, PNorm = 35.9921, GNorm = 0.0459, lr_0 = 1.1399e-04
Loss = 1.1806e-04, PNorm = 35.9924, GNorm = 0.0668, lr_0 = 1.1371e-04
Loss = 1.2192e-04, PNorm = 35.9929, GNorm = 0.0714, lr_0 = 1.1343e-04
Loss = 1.0187e-04, PNorm = 35.9928, GNorm = 0.0217, lr_0 = 1.1316e-04
Loss = 1.3585e-04, PNorm = 35.9933, GNorm = 0.1331, lr_0 = 1.1288e-04
Loss = 1.2882e-04, PNorm = 35.9937, GNorm = 0.0900, lr_0 = 1.1260e-04
Validation mae = nan
Epoch 94
Loss = 1.9809e-04, PNorm = 35.9943, GNorm = 0.0676, lr_0 = 1.1230e-04
Loss = 1.4641e-04, PNorm = 35.9946, GNorm = 0.0969, lr_0 = 1.1203e-04
Loss = 1.1435e-04, PNorm = 35.9948, GNorm = 0.0443, lr_0 = 1.1175e-04
Loss = 1.1157e-04, PNorm = 35.9951, GNorm = 0.0483, lr_0 = 1.1148e-04
Loss = 1.4173e-04, PNorm = 35.9955, GNorm = 0.1442, lr_0 = 1.1121e-04
Loss = 1.4100e-04, PNorm = 35.9959, GNorm = 0.0401, lr_0 = 1.1093e-04
Loss = 9.2656e-05, PNorm = 35.9960, GNorm = 0.0311, lr_0 = 1.1066e-04
Loss = 9.0020e-05, PNorm = 35.9963, GNorm = 0.0479, lr_0 = 1.1039e-04
Loss = 1.1158e-04, PNorm = 35.9969, GNorm = 0.0933, lr_0 = 1.1012e-04
Validation mae = nan
Epoch 95
Loss = 4.4845e-04, PNorm = 35.9975, GNorm = 0.2418, lr_0 = 1.0983e-04
Loss = 1.6493e-04, PNorm = 35.9980, GNorm = 0.0804, lr_0 = 1.0956e-04
Loss = 1.4013e-04, PNorm = 35.9981, GNorm = 0.0419, lr_0 = 1.0929e-04
Loss = 1.2458e-04, PNorm = 35.9990, GNorm = 0.0798, lr_0 = 1.0902e-04
Loss = 9.7923e-05, PNorm = 35.9993, GNorm = 0.0355, lr_0 = 1.0876e-04
Loss = 1.1616e-04, PNorm = 35.9995, GNorm = 0.1243, lr_0 = 1.0849e-04
Loss = 1.1322e-04, PNorm = 35.9999, GNorm = 0.0394, lr_0 = 1.0823e-04
Loss = 1.1174e-04, PNorm = 36.0003, GNorm = 0.0382, lr_0 = 1.0796e-04
Loss = 1.0452e-04, PNorm = 36.0002, GNorm = 0.0876, lr_0 = 1.0770e-04
Loss = 1.3208e-04, PNorm = 36.0007, GNorm = 0.0851, lr_0 = 1.0743e-04
Validation mae = nan
Epoch 96
Loss = 1.7306e-04, PNorm = 36.0013, GNorm = 0.0634, lr_0 = 1.0715e-04
Loss = 1.2661e-04, PNorm = 36.0013, GNorm = 0.0661, lr_0 = 1.0688e-04
Loss = 1.0790e-04, PNorm = 36.0016, GNorm = 0.1021, lr_0 = 1.0662e-04
Loss = 1.1517e-04, PNorm = 36.0020, GNorm = 0.0513, lr_0 = 1.0636e-04
Loss = 1.0019e-04, PNorm = 36.0023, GNorm = 0.0272, lr_0 = 1.0610e-04
Loss = 1.1447e-04, PNorm = 36.0025, GNorm = 0.0612, lr_0 = 1.0584e-04
Loss = 1.3286e-04, PNorm = 36.0028, GNorm = 0.0867, lr_0 = 1.0558e-04
Loss = 1.2248e-04, PNorm = 36.0032, GNorm = 0.0252, lr_0 = 1.0533e-04
Loss = 1.7475e-04, PNorm = 36.0034, GNorm = 0.1006, lr_0 = 1.0507e-04
Loss = 2.0300e-04, PNorm = 36.0039, GNorm = 0.0834, lr_0 = 1.0481e-04
Validation mae = nan
Epoch 97
Loss = 3.3611e-04, PNorm = 36.0040, GNorm = 0.1506, lr_0 = 1.0453e-04
Loss = 1.8092e-04, PNorm = 36.0044, GNorm = 0.1695, lr_0 = 1.0427e-04
Loss = 1.5214e-04, PNorm = 36.0050, GNorm = 0.0878, lr_0 = 1.0402e-04
Loss = 1.4448e-04, PNorm = 36.0052, GNorm = 0.0702, lr_0 = 1.0376e-04
Loss = 1.1806e-04, PNorm = 36.0055, GNorm = 0.0499, lr_0 = 1.0351e-04
Loss = 9.9033e-05, PNorm = 36.0058, GNorm = 0.0466, lr_0 = 1.0326e-04
Loss = 1.0817e-04, PNorm = 36.0061, GNorm = 0.0657, lr_0 = 1.0301e-04
Loss = 1.3501e-04, PNorm = 36.0063, GNorm = 0.0699, lr_0 = 1.0275e-04
Loss = 1.9027e-04, PNorm = 36.0068, GNorm = 0.1292, lr_0 = 1.0250e-04
Validation mae = nan
Epoch 98
Loss = 5.4052e-04, PNorm = 36.0072, GNorm = 0.3346, lr_0 = 1.0223e-04
Loss = 5.4878e-04, PNorm = 36.0082, GNorm = 0.1459, lr_0 = 1.0198e-04
Loss = 4.3620e-04, PNorm = 36.0084, GNorm = 0.1670, lr_0 = 1.0173e-04
Loss = 3.6769e-04, PNorm = 36.0091, GNorm = 0.1419, lr_0 = 1.0148e-04
Loss = 2.7676e-04, PNorm = 36.0097, GNorm = 0.1871, lr_0 = 1.0123e-04
Loss = 2.9067e-04, PNorm = 36.0101, GNorm = 0.2013, lr_0 = 1.0098e-04
Loss = 3.2119e-04, PNorm = 36.0104, GNorm = 0.1576, lr_0 = 1.0074e-04
Loss = 1.9574e-04, PNorm = 36.0107, GNorm = 0.0690, lr_0 = 1.0049e-04
Loss = 1.2964e-04, PNorm = 36.0107, GNorm = 0.0257, lr_0 = 1.0025e-04
Loss = 1.1972e-04, PNorm = 36.0110, GNorm = 0.0665, lr_0 = 1.0000e-04
Validation mae = nan
Epoch 99
Loss = 1.7919e-04, PNorm = 36.0111, GNorm = 0.1331, lr_0 = 1.0000e-04
Loss = 1.1556e-04, PNorm = 36.0113, GNorm = 0.0977, lr_0 = 1.0000e-04
Loss = 1.1060e-04, PNorm = 36.0117, GNorm = 0.0327, lr_0 = 1.0000e-04
Loss = 1.1008e-04, PNorm = 36.0121, GNorm = 0.0523, lr_0 = 1.0000e-04
Loss = 9.6401e-05, PNorm = 36.0123, GNorm = 0.0849, lr_0 = 1.0000e-04
Loss = 1.0331e-04, PNorm = 36.0125, GNorm = 0.0919, lr_0 = 1.0000e-04
Loss = 1.2414e-04, PNorm = 36.0129, GNorm = 0.0855, lr_0 = 1.0000e-04
Loss = 1.4573e-04, PNorm = 36.0133, GNorm = 0.0433, lr_0 = 1.0000e-04
Loss = 1.5475e-04, PNorm = 36.0137, GNorm = 0.0355, lr_0 = 1.0000e-04
Loss = 1.1402e-04, PNorm = 36.0137, GNorm = 0.0630, lr_0 = 1.0000e-04
Validation mae = nan
Model 0 best validation mae = inf on epoch 0
Loading pretrained parameter "encoder.encoder.0.cached_zero_vector".
Loading pretrained parameter "encoder.encoder.0.W_i.weight".
Loading pretrained parameter "encoder.encoder.0.W_h.weight".
Loading pretrained parameter "encoder.encoder.0.W_o.weight".
Loading pretrained parameter "encoder.encoder.0.W_o.bias".
Loading pretrained parameter "ffn.1.weight".
Loading pretrained parameter "ffn.1.bias".
Loading pretrained parameter "ffn.4.weight".
Loading pretrained parameter "ffn.4.bias".
Moving model to cuda
Model 0 test mae = nan
Ensemble test mae = nan
1-fold cross validation
	Seed 0 ==> test mae = nan
Overall test mae = nan +/- nan
Elapsed time = 0:08:50
