Command line
python train.py --data_path data/data_0.5_nheavy2/density.csv --smiles_columns smiles --target_columns density --dataset_type regression --split_sizes 1.0 0.0 0.0 --features_generator rdkit_2d --features_columns T --save_dir data/data_0.5_nheavy2/density --save_preds --epochs 100 --metric mae
Args
{'activation': 'ReLU',
 'aggregation': 'mean',
 'aggregation_norm': 100,
 'atom_descriptor_scaling': True,
 'atom_descriptors': None,
 'atom_descriptors_path': None,
 'atom_descriptors_size': 0,
 'atom_features_size': 0,
 'atom_messages': False,
 'batch_size': 50,
 'bias': False,
 'bond_feature_scaling': True,
 'bond_features_path': None,
 'bond_features_size': 0,
 'cache_cutoff': 10000,
 'checkpoint_dir': None,
 'checkpoint_path': None,
 'checkpoint_paths': None,
 'class_balance': False,
 'config_path': None,
 'crossval_index_dir': None,
 'crossval_index_file': None,
 'crossval_index_sets': None,
 'cuda': True,
 'data_path': 'data/data_0.5_nheavy2/density.csv',
 'dataset_type': 'regression',
 'depth': 3,
 'device': device(type='cuda'),
 'dropout': 0.0,
 'empty_cache': False,
 'ensemble_size': 1,
 'epochs': 100,
 'explicit_h': False,
 'extra_metrics': [],
 'features_columns': ['T'],
 'features_generator': ['rdkit_2d'],
 'features_only': False,
 'features_path': None,
 'features_scaling': True,
 'features_size': None,
 'ffn_hidden_size': 300,
 'ffn_num_layers': 2,
 'final_lr': 0.0001,
 'folds_file': None,
 'gpu': None,
 'grad_clip': None,
 'hidden_size': 300,
 'ignore_columns': None,
 'init_lr': 0.0001,
 'log_frequency': 10,
 'max_data_size': None,
 'max_lr': 0.001,
 'metric': 'mae',
 'metrics': ['mae'],
 'minimize_score': True,
 'mpn_shared': False,
 'multiclass_num_classes': 3,
 'no_atom_descriptor_scaling': False,
 'no_bond_features_scaling': False,
 'no_cache_mol': False,
 'no_cuda': False,
 'no_features_scaling': False,
 'num_folds': 1,
 'num_lrs': 1,
 'num_tasks': 1,
 'num_workers': 8,
 'number_of_molecules': 1,
 'overwrite_default_atom_features': False,
 'overwrite_default_bond_features': False,
 'pytorch_seed': 0,
 'quiet': False,
 'reaction': False,
 'reaction_mode': 'reac_diff',
 'resume_experiment': False,
 'save_dir': 'data/data_0.5_nheavy2/density',
 'save_preds': True,
 'save_smiles_splits': False,
 'seed': 0,
 'separate_test_atom_descriptors_path': None,
 'separate_test_bond_features_path': None,
 'separate_test_features_path': None,
 'separate_test_path': None,
 'separate_val_atom_descriptors_path': None,
 'separate_val_bond_features_path': None,
 'separate_val_features_path': None,
 'separate_val_path': None,
 'show_individual_scores': False,
 'smiles_columns': ['smiles'],
 'split_sizes': (1.0, 0.0, 0.0),
 'split_type': 'random',
 'target_columns': ['density'],
 'task_names': ['density'],
 'test': False,
 'test_fold_index': None,
 'train_data_size': None,
 'undirected': False,
 'use_input_features': True,
 'val_fold_index': None,
 'warmup_epochs': 2.0}
Loading data
Number of tasks = 1
Fold 0
Splitting data with seed 0
Total size = 4,917 | train size = 4,917 | val size = 0 | test size = 0
Fitting scaler
Building model 0
MoleculeModel(
  (encoder): MPN(
    (encoder): ModuleList(
      (0): MPNEncoder(
        (dropout_layer): Dropout(p=0.0, inplace=False)
        (act_func): ReLU()
        (W_i): Linear(in_features=147, out_features=300, bias=False)
        (W_h): Linear(in_features=300, out_features=300, bias=False)
        (W_o): Linear(in_features=433, out_features=300, bias=True)
      )
    )
  )
  (ffn): Sequential(
    (0): Dropout(p=0.0, inplace=False)
    (1): Linear(in_features=501, out_features=300, bias=True)
    (2): ReLU()
    (3): Dropout(p=0.0, inplace=False)
    (4): Linear(in_features=300, out_features=1, bias=True)
  )
)
Number of parameters = 415,201
Moving model to cuda
Epoch 0
Loss = 9.1936e-01, PNorm = 35.0907, GNorm = 4.0912, lr_0 = 1.5051e-04
Loss = 7.7494e-01, PNorm = 35.0924, GNorm = 2.3672, lr_0 = 1.9643e-04
Loss = 6.5944e-01, PNorm = 35.0968, GNorm = 3.4312, lr_0 = 2.4235e-04
Loss = 4.9346e-01, PNorm = 35.1033, GNorm = 2.4383, lr_0 = 2.8827e-04
Loss = 3.7746e-01, PNorm = 35.1112, GNorm = 2.7562, lr_0 = 3.3418e-04
Loss = 3.1779e-01, PNorm = 35.1175, GNorm = 6.1958, lr_0 = 3.8010e-04
Loss = 2.2167e-01, PNorm = 35.1226, GNorm = 2.4554, lr_0 = 4.2602e-04
Loss = 1.9623e-01, PNorm = 35.1264, GNorm = 1.4399, lr_0 = 4.7194e-04
Loss = 1.1916e-01, PNorm = 35.1302, GNorm = 3.8627, lr_0 = 5.1786e-04
Validation mae = nan
Epoch 1
Loss = 1.1680e-01, PNorm = 35.1328, GNorm = 5.9514, lr_0 = 5.6837e-04
Loss = 8.4107e-02, PNorm = 35.1333, GNorm = 5.2945, lr_0 = 6.1429e-04
Loss = 4.8697e-02, PNorm = 35.1327, GNorm = 1.0177, lr_0 = 6.6020e-04
Loss = 4.0274e-02, PNorm = 35.1336, GNorm = 2.5916, lr_0 = 7.0612e-04
Loss = 4.0623e-02, PNorm = 35.1341, GNorm = 1.5606, lr_0 = 7.5204e-04
Loss = 2.8945e-02, PNorm = 35.1352, GNorm = 1.6092, lr_0 = 7.9796e-04
Loss = 3.7692e-02, PNorm = 35.1364, GNorm = 6.8854, lr_0 = 8.4388e-04
Loss = 3.1338e-02, PNorm = 35.1357, GNorm = 2.1092, lr_0 = 8.8980e-04
Loss = 2.3037e-02, PNorm = 35.1363, GNorm = 0.8474, lr_0 = 9.3571e-04
Loss = 3.1867e-02, PNorm = 35.1379, GNorm = 2.2128, lr_0 = 9.8163e-04
Validation mae = nan
Epoch 2
Loss = 2.7192e-02, PNorm = 35.1396, GNorm = 3.3910, lr_0 = 9.9832e-04
Loss = 2.8914e-02, PNorm = 35.1401, GNorm = 2.0389, lr_0 = 9.9593e-04
Loss = 1.8789e-02, PNorm = 35.1411, GNorm = 0.6237, lr_0 = 9.9355e-04
Loss = 2.0065e-02, PNorm = 35.1433, GNorm = 1.9094, lr_0 = 9.9117e-04
Loss = 2.3206e-02, PNorm = 35.1452, GNorm = 2.2414, lr_0 = 9.8879e-04
Loss = 1.9677e-02, PNorm = 35.1470, GNorm = 1.2547, lr_0 = 9.8643e-04
Loss = 1.7968e-02, PNorm = 35.1484, GNorm = 1.8816, lr_0 = 9.8406e-04
Loss = 1.5268e-02, PNorm = 35.1506, GNorm = 1.2273, lr_0 = 9.8171e-04
Loss = 1.7879e-02, PNorm = 35.1522, GNorm = 0.4622, lr_0 = 9.7936e-04
Loss = 1.7596e-02, PNorm = 35.1531, GNorm = 1.5165, lr_0 = 9.7701e-04
Validation mae = nan
Epoch 3
Loss = 2.2004e-02, PNorm = 35.1541, GNorm = 1.8986, lr_0 = 9.7467e-04
Loss = 1.3527e-02, PNorm = 35.1555, GNorm = 0.4743, lr_0 = 9.7234e-04
Loss = 1.2578e-02, PNorm = 35.1580, GNorm = 0.8195, lr_0 = 9.7001e-04
Loss = 1.3973e-02, PNorm = 35.1586, GNorm = 0.4299, lr_0 = 9.6769e-04
Loss = 1.4469e-02, PNorm = 35.1599, GNorm = 1.1301, lr_0 = 9.6537e-04
Loss = 1.0539e-02, PNorm = 35.1611, GNorm = 0.3494, lr_0 = 9.6306e-04
Loss = 1.1617e-02, PNorm = 35.1626, GNorm = 0.7565, lr_0 = 9.6075e-04
Loss = 1.0114e-02, PNorm = 35.1637, GNorm = 1.2249, lr_0 = 9.5845e-04
Loss = 1.0645e-02, PNorm = 35.1642, GNorm = 1.0920, lr_0 = 9.5616e-04
Loss = 8.0643e-03, PNorm = 35.1654, GNorm = 0.8800, lr_0 = 9.5387e-04
Validation mae = nan
Epoch 4
Loss = 1.0079e-02, PNorm = 35.1674, GNorm = 1.1605, lr_0 = 9.5135e-04
Loss = 9.2167e-03, PNorm = 35.1696, GNorm = 0.3833, lr_0 = 9.4908e-04
Loss = 7.5665e-03, PNorm = 35.1717, GNorm = 0.7849, lr_0 = 9.4680e-04
Loss = 7.6471e-03, PNorm = 35.1730, GNorm = 0.6206, lr_0 = 9.4454e-04
Loss = 6.4481e-03, PNorm = 35.1740, GNorm = 0.2952, lr_0 = 9.4227e-04
Loss = 5.6289e-03, PNorm = 35.1752, GNorm = 0.6292, lr_0 = 9.4002e-04
Loss = 6.5497e-03, PNorm = 35.1774, GNorm = 0.5846, lr_0 = 9.3777e-04
Loss = 6.4228e-03, PNorm = 35.1800, GNorm = 0.2582, lr_0 = 9.3552e-04
Loss = 7.3913e-03, PNorm = 35.1815, GNorm = 0.3990, lr_0 = 9.3328e-04
Loss = 5.2435e-03, PNorm = 35.1832, GNorm = 0.5089, lr_0 = 9.3105e-04
Validation mae = nan
Epoch 5
Loss = 6.2275e-03, PNorm = 35.1840, GNorm = 1.0549, lr_0 = 9.2859e-04
Loss = 7.4880e-03, PNorm = 35.1849, GNorm = 1.0903, lr_0 = 9.2637e-04
Loss = 1.4658e-02, PNorm = 35.1857, GNorm = 0.9739, lr_0 = 9.2415e-04
Loss = 6.6008e-03, PNorm = 35.1865, GNorm = 0.5766, lr_0 = 9.2194e-04
Loss = 6.7421e-03, PNorm = 35.1874, GNorm = 0.3152, lr_0 = 9.1973e-04
Loss = 7.6688e-03, PNorm = 35.1879, GNorm = 0.9907, lr_0 = 9.1753e-04
Loss = 6.5612e-03, PNorm = 35.1891, GNorm = 0.8988, lr_0 = 9.1533e-04
Loss = 5.3634e-03, PNorm = 35.1912, GNorm = 1.0652, lr_0 = 9.1314e-04
Loss = 7.2598e-03, PNorm = 35.1922, GNorm = 1.1806, lr_0 = 9.1095e-04
Loss = 6.0196e-03, PNorm = 35.1939, GNorm = 0.6181, lr_0 = 9.0877e-04
Validation mae = nan
Epoch 6
Loss = 5.3625e-03, PNorm = 35.1954, GNorm = 0.2899, lr_0 = 9.0660e-04
Loss = 4.6875e-03, PNorm = 35.1972, GNorm = 0.3995, lr_0 = 9.0442e-04
Loss = 3.7572e-03, PNorm = 35.1988, GNorm = 0.3383, lr_0 = 9.0226e-04
Loss = 4.1461e-03, PNorm = 35.2001, GNorm = 0.5413, lr_0 = 9.0010e-04
Loss = 3.5901e-03, PNorm = 35.2015, GNorm = 0.2011, lr_0 = 8.9794e-04
Loss = 3.2778e-03, PNorm = 35.2024, GNorm = 0.3351, lr_0 = 8.9579e-04
Loss = 3.3867e-03, PNorm = 35.2035, GNorm = 0.3113, lr_0 = 8.9365e-04
Loss = 3.3083e-03, PNorm = 35.2054, GNorm = 0.2187, lr_0 = 8.9151e-04
Loss = 3.3311e-03, PNorm = 35.2072, GNorm = 0.4217, lr_0 = 8.8937e-04
Validation mae = nan
Epoch 7
Loss = 5.4921e-03, PNorm = 35.2088, GNorm = 0.9989, lr_0 = 8.8703e-04
Loss = 4.2562e-03, PNorm = 35.2101, GNorm = 0.7617, lr_0 = 8.8491e-04
Loss = 3.1067e-03, PNorm = 35.2118, GNorm = 0.5161, lr_0 = 8.8279e-04
Loss = 5.2589e-03, PNorm = 35.2135, GNorm = 0.5906, lr_0 = 8.8067e-04
Loss = 5.2667e-03, PNorm = 35.2156, GNorm = 0.3978, lr_0 = 8.7856e-04
Loss = 2.9214e-03, PNorm = 35.2179, GNorm = 0.1814, lr_0 = 8.7646e-04
Loss = 3.1682e-03, PNorm = 35.2189, GNorm = 0.2428, lr_0 = 8.7436e-04
Loss = 2.5819e-03, PNorm = 35.2205, GNorm = 0.1098, lr_0 = 8.7227e-04
Loss = 2.0883e-03, PNorm = 35.2219, GNorm = 0.3428, lr_0 = 8.7018e-04
Loss = 3.0429e-03, PNorm = 35.2231, GNorm = 0.1205, lr_0 = 8.6810e-04
Validation mae = nan
Epoch 8
Loss = 2.4117e-03, PNorm = 35.2246, GNorm = 0.3217, lr_0 = 8.6581e-04
Loss = 2.6284e-03, PNorm = 35.2263, GNorm = 0.4155, lr_0 = 8.6374e-04
Loss = 2.8230e-03, PNorm = 35.2275, GNorm = 0.5984, lr_0 = 8.6167e-04
Loss = 2.7953e-03, PNorm = 35.2293, GNorm = 0.4100, lr_0 = 8.5960e-04
Loss = 2.2315e-03, PNorm = 35.2312, GNorm = 0.1201, lr_0 = 8.5755e-04
Loss = 1.6417e-03, PNorm = 35.2331, GNorm = 0.1312, lr_0 = 8.5549e-04
Loss = 2.2328e-03, PNorm = 35.2353, GNorm = 0.9609, lr_0 = 8.5344e-04
Loss = 2.5792e-03, PNorm = 35.2372, GNorm = 0.2730, lr_0 = 8.5140e-04
Loss = 2.4681e-03, PNorm = 35.2388, GNorm = 0.2591, lr_0 = 8.4936e-04
Loss = 2.4568e-03, PNorm = 35.2404, GNorm = 0.3098, lr_0 = 8.4733e-04
Validation mae = nan
Epoch 9
Loss = 2.3898e-03, PNorm = 35.2418, GNorm = 0.3850, lr_0 = 8.4530e-04
Loss = 2.1430e-03, PNorm = 35.2438, GNorm = 0.3916, lr_0 = 8.4327e-04
Loss = 2.2820e-03, PNorm = 35.2452, GNorm = 0.3744, lr_0 = 8.4125e-04
Loss = 2.6328e-03, PNorm = 35.2465, GNorm = 0.1346, lr_0 = 8.3924e-04
Loss = 1.8954e-03, PNorm = 35.2482, GNorm = 0.1824, lr_0 = 8.3723e-04
Loss = 1.6216e-03, PNorm = 35.2496, GNorm = 0.2773, lr_0 = 8.3522e-04
Loss = 2.1949e-03, PNorm = 35.2518, GNorm = 0.2248, lr_0 = 8.3322e-04
Loss = 1.6221e-03, PNorm = 35.2536, GNorm = 0.5009, lr_0 = 8.3123e-04
Loss = 1.4519e-03, PNorm = 35.2551, GNorm = 0.0939, lr_0 = 8.2924e-04
Loss = 1.3809e-03, PNorm = 35.2569, GNorm = 0.4195, lr_0 = 8.2725e-04
Validation mae = nan
Epoch 10
Loss = 1.4926e-03, PNorm = 35.2591, GNorm = 0.2444, lr_0 = 8.2507e-04
Loss = 1.7789e-03, PNorm = 35.2609, GNorm = 0.4102, lr_0 = 8.2310e-04
Loss = 1.1655e-03, PNorm = 35.2627, GNorm = 0.1213, lr_0 = 8.2113e-04
Loss = 3.4939e-03, PNorm = 35.2645, GNorm = 1.0757, lr_0 = 8.1916e-04
Loss = 3.3227e-03, PNorm = 35.2662, GNorm = 0.5202, lr_0 = 8.1720e-04
Loss = 1.9221e-03, PNorm = 35.2682, GNorm = 0.3836, lr_0 = 8.1524e-04
Loss = 1.5461e-03, PNorm = 35.2705, GNorm = 0.1142, lr_0 = 8.1329e-04
Loss = 1.5198e-03, PNorm = 35.2716, GNorm = 0.1918, lr_0 = 8.1134e-04
Loss = 1.4766e-03, PNorm = 35.2730, GNorm = 0.3840, lr_0 = 8.0940e-04
Loss = 1.9511e-03, PNorm = 35.2744, GNorm = 0.2429, lr_0 = 8.0746e-04
Validation mae = nan
Epoch 11
Loss = 1.6372e-03, PNorm = 35.2751, GNorm = 0.2475, lr_0 = 8.0534e-04
Loss = 1.5297e-03, PNorm = 35.2762, GNorm = 0.3765, lr_0 = 8.0341e-04
Loss = 2.6530e-03, PNorm = 35.2786, GNorm = 0.3190, lr_0 = 8.0148e-04
Loss = 1.9782e-03, PNorm = 35.2803, GNorm = 0.1842, lr_0 = 7.9956e-04
Loss = 1.6709e-03, PNorm = 35.2811, GNorm = 0.1462, lr_0 = 7.9765e-04
Loss = 1.4471e-03, PNorm = 35.2828, GNorm = 0.2937, lr_0 = 7.9574e-04
Loss = 1.2652e-03, PNorm = 35.2840, GNorm = 0.1535, lr_0 = 7.9383e-04
Loss = 1.2741e-03, PNorm = 35.2856, GNorm = 0.1945, lr_0 = 7.9193e-04
Loss = 1.1993e-03, PNorm = 35.2871, GNorm = 0.3412, lr_0 = 7.9004e-04
Loss = 1.5066e-03, PNorm = 35.2886, GNorm = 0.2978, lr_0 = 7.8814e-04
Validation mae = nan
Epoch 12
Loss = 2.4189e-03, PNorm = 35.2902, GNorm = 0.5374, lr_0 = 7.8626e-04
Loss = 2.1341e-03, PNorm = 35.2924, GNorm = 0.4196, lr_0 = 7.8437e-04
Loss = 1.4768e-03, PNorm = 35.2948, GNorm = 0.3370, lr_0 = 7.8250e-04
Loss = 1.8885e-03, PNorm = 35.2971, GNorm = 0.8000, lr_0 = 7.8062e-04
Loss = 2.7055e-03, PNorm = 35.2996, GNorm = 0.2562, lr_0 = 7.7875e-04
Loss = 1.8152e-03, PNorm = 35.3008, GNorm = 0.5211, lr_0 = 7.7689e-04
Loss = 1.3106e-03, PNorm = 35.3021, GNorm = 0.2614, lr_0 = 7.7503e-04
Loss = 1.8052e-03, PNorm = 35.3036, GNorm = 0.3651, lr_0 = 7.7317e-04
Loss = 1.6740e-03, PNorm = 35.3049, GNorm = 0.3072, lr_0 = 7.7132e-04
Validation mae = nan
Epoch 13
Loss = 8.7094e-04, PNorm = 35.3062, GNorm = 0.1956, lr_0 = 7.6929e-04
Loss = 1.1688e-03, PNorm = 35.3075, GNorm = 0.3397, lr_0 = 7.6745e-04
Loss = 9.8115e-04, PNorm = 35.3086, GNorm = 0.0897, lr_0 = 7.6561e-04
Loss = 8.7990e-04, PNorm = 35.3097, GNorm = 0.1856, lr_0 = 7.6377e-04
Loss = 6.7707e-04, PNorm = 35.3102, GNorm = 0.2473, lr_0 = 7.6195e-04
Loss = 1.0793e-03, PNorm = 35.3115, GNorm = 0.2494, lr_0 = 7.6012e-04
Loss = 1.5559e-03, PNorm = 35.3124, GNorm = 0.4837, lr_0 = 7.5830e-04
Loss = 1.5281e-03, PNorm = 35.3133, GNorm = 0.3513, lr_0 = 7.5649e-04
Loss = 1.4922e-03, PNorm = 35.3142, GNorm = 0.2288, lr_0 = 7.5467e-04
Loss = 1.2629e-03, PNorm = 35.3159, GNorm = 0.1348, lr_0 = 7.5287e-04
Validation mae = nan
Epoch 14
Loss = 1.5285e-03, PNorm = 35.3160, GNorm = 0.5276, lr_0 = 7.5088e-04
Loss = 1.7302e-03, PNorm = 35.3168, GNorm = 0.1521, lr_0 = 7.4909e-04
Loss = 1.5428e-03, PNorm = 35.3186, GNorm = 0.2445, lr_0 = 7.4729e-04
Loss = 8.0581e-04, PNorm = 35.3197, GNorm = 0.2637, lr_0 = 7.4550e-04
Loss = 8.6474e-04, PNorm = 35.3216, GNorm = 0.3562, lr_0 = 7.4372e-04
Loss = 1.4941e-03, PNorm = 35.3236, GNorm = 0.1838, lr_0 = 7.4194e-04
Loss = 1.1118e-03, PNorm = 35.3252, GNorm = 0.1862, lr_0 = 7.4016e-04
Loss = 1.3950e-03, PNorm = 35.3269, GNorm = 0.1915, lr_0 = 7.3839e-04
Loss = 2.1744e-03, PNorm = 35.3283, GNorm = 0.7847, lr_0 = 7.3662e-04
Loss = 2.8746e-03, PNorm = 35.3303, GNorm = 0.4124, lr_0 = 7.3485e-04
Validation mae = nan
Epoch 15
Loss = 2.2461e-03, PNorm = 35.3315, GNorm = 0.5145, lr_0 = 7.3310e-04
Loss = 1.6085e-03, PNorm = 35.3328, GNorm = 0.2369, lr_0 = 7.3134e-04
Loss = 2.9312e-03, PNorm = 35.3346, GNorm = 0.6429, lr_0 = 7.2959e-04
Loss = 2.2886e-03, PNorm = 35.3370, GNorm = 0.1796, lr_0 = 7.2784e-04
Loss = 1.3933e-03, PNorm = 35.3394, GNorm = 0.2723, lr_0 = 7.2610e-04
Loss = 1.0544e-03, PNorm = 35.3413, GNorm = 0.0599, lr_0 = 7.2436e-04
Loss = 9.5938e-04, PNorm = 35.3425, GNorm = 0.1324, lr_0 = 7.2262e-04
Loss = 1.6227e-03, PNorm = 35.3433, GNorm = 0.5554, lr_0 = 7.2089e-04
Loss = 4.0220e-03, PNorm = 35.3451, GNorm = 0.5443, lr_0 = 7.1917e-04
Loss = 2.5658e-03, PNorm = 35.3459, GNorm = 0.3385, lr_0 = 7.1745e-04
Validation mae = nan
Epoch 16
Loss = 3.1815e-03, PNorm = 35.3477, GNorm = 0.7741, lr_0 = 7.1556e-04
Loss = 1.7086e-03, PNorm = 35.3500, GNorm = 0.1619, lr_0 = 7.1384e-04
Loss = 1.3776e-03, PNorm = 35.3518, GNorm = 0.0770, lr_0 = 7.1213e-04
Loss = 9.3605e-04, PNorm = 35.3529, GNorm = 0.0811, lr_0 = 7.1043e-04
Loss = 8.3864e-04, PNorm = 35.3536, GNorm = 0.0720, lr_0 = 7.0873e-04
Loss = 9.8207e-04, PNorm = 35.3549, GNorm = 0.4794, lr_0 = 7.0703e-04
Loss = 8.3694e-04, PNorm = 35.3561, GNorm = 0.1726, lr_0 = 7.0534e-04
Loss = 9.5440e-04, PNorm = 35.3572, GNorm = 0.2960, lr_0 = 7.0365e-04
Loss = 1.7272e-03, PNorm = 35.3590, GNorm = 0.4700, lr_0 = 7.0196e-04
Loss = 2.2367e-03, PNorm = 35.3602, GNorm = 0.7138, lr_0 = 7.0028e-04
Validation mae = nan
Epoch 17
Loss = 9.3627e-04, PNorm = 35.3610, GNorm = 0.1032, lr_0 = 6.9844e-04
Loss = 1.2365e-03, PNorm = 35.3620, GNorm = 0.6833, lr_0 = 6.9676e-04
Loss = 2.5114e-03, PNorm = 35.3627, GNorm = 0.6869, lr_0 = 6.9510e-04
Loss = 2.3705e-03, PNorm = 35.3637, GNorm = 0.2430, lr_0 = 6.9343e-04
Loss = 1.7282e-03, PNorm = 35.3653, GNorm = 0.2322, lr_0 = 6.9177e-04
Loss = 1.3441e-03, PNorm = 35.3672, GNorm = 0.1581, lr_0 = 6.9011e-04
Loss = 1.5104e-03, PNorm = 35.3703, GNorm = 0.4054, lr_0 = 6.8846e-04
Loss = 9.9045e-04, PNorm = 35.3718, GNorm = 0.1607, lr_0 = 6.8681e-04
Loss = 1.1003e-03, PNorm = 35.3733, GNorm = 0.3951, lr_0 = 6.8517e-04
Loss = 1.1414e-03, PNorm = 35.3749, GNorm = 0.3330, lr_0 = 6.8353e-04
Validation mae = nan
Epoch 18
Loss = 1.4794e-03, PNorm = 35.3772, GNorm = 0.4059, lr_0 = 6.8189e-04
Loss = 1.7019e-03, PNorm = 35.3786, GNorm = 0.2280, lr_0 = 6.8026e-04
Loss = 1.8011e-03, PNorm = 35.3787, GNorm = 0.3675, lr_0 = 6.7863e-04
Loss = 1.6633e-03, PNorm = 35.3796, GNorm = 0.2878, lr_0 = 6.7700e-04
Loss = 1.5209e-03, PNorm = 35.3815, GNorm = 0.1941, lr_0 = 6.7538e-04
Loss = 9.4151e-04, PNorm = 35.3829, GNorm = 0.3777, lr_0 = 6.7377e-04
Loss = 1.0682e-03, PNorm = 35.3846, GNorm = 0.2032, lr_0 = 6.7215e-04
Loss = 1.0954e-03, PNorm = 35.3854, GNorm = 0.2149, lr_0 = 6.7054e-04
Loss = 7.8649e-04, PNorm = 35.3867, GNorm = 0.0886, lr_0 = 6.6894e-04
Validation mae = nan
Epoch 19
Loss = 8.0472e-04, PNorm = 35.3884, GNorm = 0.1231, lr_0 = 6.6718e-04
Loss = 5.5707e-04, PNorm = 35.3893, GNorm = 0.1889, lr_0 = 6.6558e-04
Loss = 6.1194e-04, PNorm = 35.3904, GNorm = 0.0937, lr_0 = 6.6398e-04
Loss = 7.4554e-04, PNorm = 35.3919, GNorm = 0.1441, lr_0 = 6.6239e-04
Loss = 8.1856e-04, PNorm = 35.3929, GNorm = 0.3912, lr_0 = 6.6081e-04
Loss = 1.1095e-03, PNorm = 35.3941, GNorm = 0.1618, lr_0 = 6.5923e-04
Loss = 1.1306e-03, PNorm = 35.3957, GNorm = 0.3823, lr_0 = 6.5765e-04
Loss = 8.4348e-04, PNorm = 35.3967, GNorm = 0.1962, lr_0 = 6.5607e-04
Loss = 1.3416e-03, PNorm = 35.3976, GNorm = 0.3674, lr_0 = 6.5450e-04
Loss = 1.3538e-03, PNorm = 35.3987, GNorm = 0.2117, lr_0 = 6.5293e-04
Validation mae = nan
Epoch 20
Loss = 1.6954e-03, PNorm = 35.4012, GNorm = 0.5159, lr_0 = 6.5121e-04
Loss = 1.1196e-03, PNorm = 35.4040, GNorm = 0.1519, lr_0 = 6.4965e-04
Loss = 7.3918e-04, PNorm = 35.4063, GNorm = 0.2202, lr_0 = 6.4810e-04
Loss = 1.2210e-03, PNorm = 35.4077, GNorm = 0.3083, lr_0 = 6.4655e-04
Loss = 1.2131e-03, PNorm = 35.4102, GNorm = 0.3259, lr_0 = 6.4500e-04
Loss = 1.0654e-03, PNorm = 35.4118, GNorm = 0.2276, lr_0 = 6.4345e-04
Loss = 6.7709e-04, PNorm = 35.4129, GNorm = 0.0968, lr_0 = 6.4191e-04
Loss = 7.8110e-04, PNorm = 35.4144, GNorm = 0.1207, lr_0 = 6.4038e-04
Loss = 8.2995e-04, PNorm = 35.4169, GNorm = 0.2570, lr_0 = 6.3884e-04
Loss = 9.2769e-04, PNorm = 35.4187, GNorm = 0.5071, lr_0 = 6.3731e-04
Validation mae = nan
Epoch 21
Loss = 7.0854e-04, PNorm = 35.4196, GNorm = 0.2367, lr_0 = 6.3579e-04
Loss = 6.8786e-04, PNorm = 35.4205, GNorm = 0.1639, lr_0 = 6.3426e-04
Loss = 7.7166e-04, PNorm = 35.4209, GNorm = 0.1405, lr_0 = 6.3274e-04
Loss = 6.8283e-04, PNorm = 35.4214, GNorm = 0.3018, lr_0 = 6.3123e-04
Loss = 9.2858e-04, PNorm = 35.4224, GNorm = 0.2243, lr_0 = 6.2972e-04
Loss = 6.1054e-04, PNorm = 35.4230, GNorm = 0.2335, lr_0 = 6.2821e-04
Loss = 6.9659e-04, PNorm = 35.4240, GNorm = 0.1503, lr_0 = 6.2671e-04
Loss = 6.6297e-04, PNorm = 35.4253, GNorm = 0.1301, lr_0 = 6.2521e-04
Loss = 6.6933e-04, PNorm = 35.4264, GNorm = 0.2363, lr_0 = 6.2371e-04
Loss = 8.8887e-04, PNorm = 35.4278, GNorm = 0.2238, lr_0 = 6.2221e-04
Validation mae = nan
Epoch 22
Loss = 8.7223e-04, PNorm = 35.4299, GNorm = 0.3129, lr_0 = 6.2058e-04
Loss = 5.8888e-04, PNorm = 35.4313, GNorm = 0.1395, lr_0 = 6.1909e-04
Loss = 5.8503e-04, PNorm = 35.4320, GNorm = 0.1318, lr_0 = 6.1761e-04
Loss = 6.4314e-04, PNorm = 35.4331, GNorm = 0.2546, lr_0 = 6.1613e-04
Loss = 1.2284e-03, PNorm = 35.4343, GNorm = 0.1698, lr_0 = 6.1465e-04
Loss = 1.0028e-03, PNorm = 35.4360, GNorm = 0.2012, lr_0 = 6.1318e-04
Loss = 5.6499e-04, PNorm = 35.4370, GNorm = 0.1145, lr_0 = 6.1171e-04
Loss = 6.9748e-04, PNorm = 35.4388, GNorm = 0.2201, lr_0 = 6.1025e-04
Loss = 8.4377e-04, PNorm = 35.4402, GNorm = 0.2416, lr_0 = 6.0879e-04
Loss = 8.4957e-04, PNorm = 35.4412, GNorm = 0.3050, lr_0 = 6.0733e-04
Validation mae = nan
Epoch 23
Loss = 9.3781e-04, PNorm = 35.4429, GNorm = 0.1534, lr_0 = 6.0573e-04
Loss = 6.8602e-04, PNorm = 35.4440, GNorm = 0.1230, lr_0 = 6.0428e-04
Loss = 1.0445e-03, PNorm = 35.4452, GNorm = 0.1516, lr_0 = 6.0283e-04
Loss = 8.8541e-04, PNorm = 35.4461, GNorm = 0.2199, lr_0 = 6.0139e-04
Loss = 1.8206e-03, PNorm = 35.4481, GNorm = 0.4477, lr_0 = 5.9995e-04
Loss = 1.8146e-03, PNorm = 35.4507, GNorm = 0.5410, lr_0 = 5.9851e-04
Loss = 1.3678e-03, PNorm = 35.4524, GNorm = 0.5446, lr_0 = 5.9708e-04
Loss = 1.1353e-03, PNorm = 35.4536, GNorm = 0.1032, lr_0 = 5.9565e-04
Loss = 6.9776e-04, PNorm = 35.4552, GNorm = 0.2036, lr_0 = 5.9422e-04
Loss = 2.6627e-03, PNorm = 35.4562, GNorm = 1.1195, lr_0 = 5.9280e-04
Validation mae = nan
Epoch 24
Loss = 3.6568e-03, PNorm = 35.4564, GNorm = 0.8383, lr_0 = 5.9138e-04
Loss = 2.7043e-03, PNorm = 35.4586, GNorm = 0.7057, lr_0 = 5.8996e-04
Loss = 1.9154e-03, PNorm = 35.4604, GNorm = 0.3393, lr_0 = 5.8855e-04
Loss = 1.1727e-03, PNorm = 35.4618, GNorm = 0.1517, lr_0 = 5.8714e-04
Loss = 1.1312e-03, PNorm = 35.4630, GNorm = 0.2425, lr_0 = 5.8573e-04
Loss = 2.9605e-03, PNorm = 35.4646, GNorm = 1.0977, lr_0 = 5.8433e-04
Loss = 3.8981e-03, PNorm = 35.4667, GNorm = 0.7409, lr_0 = 5.8293e-04
Loss = 1.8556e-03, PNorm = 35.4688, GNorm = 0.2021, lr_0 = 5.8154e-04
Loss = 8.6537e-04, PNorm = 35.4702, GNorm = 0.1800, lr_0 = 5.8014e-04
Validation mae = nan
Epoch 25
Loss = 7.1522e-04, PNorm = 35.4708, GNorm = 0.1725, lr_0 = 5.7862e-04
Loss = 1.3218e-03, PNorm = 35.4723, GNorm = 0.3592, lr_0 = 5.7723e-04
Loss = 9.7302e-04, PNorm = 35.4740, GNorm = 0.1056, lr_0 = 5.7585e-04
Loss = 1.1918e-03, PNorm = 35.4754, GNorm = 0.1298, lr_0 = 5.7447e-04
Loss = 5.5508e-04, PNorm = 35.4774, GNorm = 0.0680, lr_0 = 5.7309e-04
Loss = 6.4826e-04, PNorm = 35.4783, GNorm = 0.0917, lr_0 = 5.7172e-04
Loss = 5.4850e-04, PNorm = 35.4791, GNorm = 0.1243, lr_0 = 5.7035e-04
Loss = 6.2680e-04, PNorm = 35.4798, GNorm = 0.1948, lr_0 = 5.6899e-04
Loss = 7.1800e-04, PNorm = 35.4808, GNorm = 0.2259, lr_0 = 5.6762e-04
Loss = 5.8369e-04, PNorm = 35.4813, GNorm = 0.2010, lr_0 = 5.6626e-04
Validation mae = nan
Epoch 26
Loss = 1.0475e-03, PNorm = 35.4824, GNorm = 0.2489, lr_0 = 5.6477e-04
Loss = 9.2670e-04, PNorm = 35.4834, GNorm = 0.3703, lr_0 = 5.6342e-04
Loss = 1.0081e-03, PNorm = 35.4851, GNorm = 0.2021, lr_0 = 5.6207e-04
Loss = 7.6634e-04, PNorm = 35.4867, GNorm = 0.2296, lr_0 = 5.6073e-04
Loss = 7.1389e-04, PNorm = 35.4877, GNorm = 0.1864, lr_0 = 5.5938e-04
Loss = 5.8149e-04, PNorm = 35.4890, GNorm = 0.1673, lr_0 = 5.5804e-04
Loss = 5.7510e-04, PNorm = 35.4903, GNorm = 0.1021, lr_0 = 5.5671e-04
Loss = 6.1087e-04, PNorm = 35.4915, GNorm = 0.0757, lr_0 = 5.5537e-04
Loss = 4.7555e-04, PNorm = 35.4924, GNorm = 0.1308, lr_0 = 5.5404e-04
Loss = 5.7027e-04, PNorm = 35.4936, GNorm = 0.1959, lr_0 = 5.5272e-04
Validation mae = nan
Epoch 27
Loss = 7.3922e-04, PNorm = 35.4950, GNorm = 0.3067, lr_0 = 5.5139e-04
Loss = 6.5366e-04, PNorm = 35.4965, GNorm = 0.0943, lr_0 = 5.5007e-04
Loss = 7.6451e-04, PNorm = 35.4976, GNorm = 0.1493, lr_0 = 5.4876e-04
Loss = 5.8179e-04, PNorm = 35.4988, GNorm = 0.1094, lr_0 = 5.4744e-04
Loss = 8.5120e-04, PNorm = 35.4999, GNorm = 0.4139, lr_0 = 5.4613e-04
Loss = 9.6706e-04, PNorm = 35.5013, GNorm = 0.1946, lr_0 = 5.4482e-04
Loss = 1.4645e-03, PNorm = 35.5028, GNorm = 0.2480, lr_0 = 5.4352e-04
Loss = 1.0217e-03, PNorm = 35.5032, GNorm = 0.2850, lr_0 = 5.4222e-04
Loss = 1.0311e-03, PNorm = 35.5043, GNorm = 0.1758, lr_0 = 5.4092e-04
Loss = 7.1483e-04, PNorm = 35.5064, GNorm = 0.1835, lr_0 = 5.3962e-04
Validation mae = nan
Epoch 28
Loss = 9.3505e-04, PNorm = 35.5080, GNorm = 0.2913, lr_0 = 5.3820e-04
Loss = 1.0672e-03, PNorm = 35.5098, GNorm = 0.2915, lr_0 = 5.3691e-04
Loss = 6.3229e-04, PNorm = 35.5116, GNorm = 0.1004, lr_0 = 5.3563e-04
Loss = 4.7885e-04, PNorm = 35.5124, GNorm = 0.1142, lr_0 = 5.3434e-04
Loss = 4.0824e-04, PNorm = 35.5131, GNorm = 0.2257, lr_0 = 5.3307e-04
Loss = 4.5151e-04, PNorm = 35.5141, GNorm = 0.0774, lr_0 = 5.3179e-04
Loss = 4.0178e-04, PNorm = 35.5149, GNorm = 0.2310, lr_0 = 5.3052e-04
Loss = 4.8986e-04, PNorm = 35.5155, GNorm = 0.1246, lr_0 = 5.2925e-04
Loss = 4.1950e-04, PNorm = 35.5167, GNorm = 0.2429, lr_0 = 5.2798e-04
Loss = 4.6428e-04, PNorm = 35.5175, GNorm = 0.0732, lr_0 = 5.2671e-04
Validation mae = nan
Epoch 29
Loss = 6.1915e-04, PNorm = 35.5179, GNorm = 0.1697, lr_0 = 5.2533e-04
Loss = 6.5118e-04, PNorm = 35.5187, GNorm = 0.3084, lr_0 = 5.2407e-04
Loss = 6.9326e-04, PNorm = 35.5196, GNorm = 0.2298, lr_0 = 5.2281e-04
Loss = 5.3132e-04, PNorm = 35.5211, GNorm = 0.1406, lr_0 = 5.2156e-04
Loss = 6.5322e-04, PNorm = 35.5224, GNorm = 0.0734, lr_0 = 5.2031e-04
Loss = 5.1535e-04, PNorm = 35.5233, GNorm = 0.0715, lr_0 = 5.1907e-04
Loss = 3.4796e-04, PNorm = 35.5239, GNorm = 0.0695, lr_0 = 5.1782e-04
Loss = 3.3442e-04, PNorm = 35.5249, GNorm = 0.0482, lr_0 = 5.1658e-04
Loss = 2.7131e-04, PNorm = 35.5265, GNorm = 0.1102, lr_0 = 5.1535e-04
Loss = 5.5064e-04, PNorm = 35.5278, GNorm = 0.2583, lr_0 = 5.1411e-04
Validation mae = nan
Epoch 30
Loss = 6.3823e-04, PNorm = 35.5292, GNorm = 0.4791, lr_0 = 5.1288e-04
Loss = 6.3497e-04, PNorm = 35.5301, GNorm = 0.2276, lr_0 = 5.1165e-04
Loss = 9.9362e-04, PNorm = 35.5309, GNorm = 0.5318, lr_0 = 5.1043e-04
Loss = 9.1130e-04, PNorm = 35.5321, GNorm = 0.1751, lr_0 = 5.0921e-04
Loss = 5.5805e-04, PNorm = 35.5337, GNorm = 0.0697, lr_0 = 5.0799e-04
Loss = 3.8974e-04, PNorm = 35.5353, GNorm = 0.1183, lr_0 = 5.0677e-04
Loss = 4.9948e-04, PNorm = 35.5364, GNorm = 0.3022, lr_0 = 5.0556e-04
Loss = 5.4989e-04, PNorm = 35.5377, GNorm = 0.2939, lr_0 = 5.0435e-04
Loss = 5.1741e-04, PNorm = 35.5385, GNorm = 0.1066, lr_0 = 5.0314e-04
Validation mae = nan
Epoch 31
Loss = 4.4084e-04, PNorm = 35.5396, GNorm = 0.0573, lr_0 = 5.0181e-04
Loss = 4.2772e-04, PNorm = 35.5407, GNorm = 0.0467, lr_0 = 5.0061e-04
Loss = 2.8747e-04, PNorm = 35.5419, GNorm = 0.1127, lr_0 = 4.9941e-04
Loss = 4.4003e-04, PNorm = 35.5432, GNorm = 0.1485, lr_0 = 4.9822e-04
Loss = 5.2328e-04, PNorm = 35.5442, GNorm = 0.1413, lr_0 = 4.9702e-04
Loss = 6.8915e-04, PNorm = 35.5452, GNorm = 0.4102, lr_0 = 4.9583e-04
Loss = 7.8637e-04, PNorm = 35.5459, GNorm = 0.1649, lr_0 = 4.9465e-04
Loss = 6.8081e-04, PNorm = 35.5469, GNorm = 0.0827, lr_0 = 4.9346e-04
Loss = 6.3255e-04, PNorm = 35.5478, GNorm = 0.1868, lr_0 = 4.9228e-04
Loss = 4.4479e-04, PNorm = 35.5490, GNorm = 0.0554, lr_0 = 4.9110e-04
Validation mae = nan
Epoch 32
Loss = 4.2027e-04, PNorm = 35.5505, GNorm = 0.1489, lr_0 = 4.8981e-04
Loss = 3.9872e-04, PNorm = 35.5520, GNorm = 0.1298, lr_0 = 4.8863e-04
Loss = 3.0747e-04, PNorm = 35.5534, GNorm = 0.0794, lr_0 = 4.8746e-04
Loss = 4.1166e-04, PNorm = 35.5547, GNorm = 0.1089, lr_0 = 4.8630e-04
Loss = 4.8965e-04, PNorm = 35.5564, GNorm = 0.0739, lr_0 = 4.8513e-04
Loss = 5.5276e-04, PNorm = 35.5571, GNorm = 0.1527, lr_0 = 4.8397e-04
Loss = 3.2038e-04, PNorm = 35.5584, GNorm = 0.0672, lr_0 = 4.8281e-04
Loss = 3.3910e-04, PNorm = 35.5596, GNorm = 0.1097, lr_0 = 4.8166e-04
Loss = 3.1982e-04, PNorm = 35.5603, GNorm = 0.1475, lr_0 = 4.8050e-04
Loss = 3.2473e-04, PNorm = 35.5611, GNorm = 0.2298, lr_0 = 4.7935e-04
Validation mae = nan
Epoch 33
Loss = 8.4997e-04, PNorm = 35.5621, GNorm = 0.4717, lr_0 = 4.7820e-04
Loss = 6.7451e-04, PNorm = 35.5637, GNorm = 0.0720, lr_0 = 4.7706e-04
Loss = 5.2598e-04, PNorm = 35.5648, GNorm = 0.1614, lr_0 = 4.7592e-04
Loss = 5.3927e-04, PNorm = 35.5655, GNorm = 0.1823, lr_0 = 4.7478e-04
Loss = 5.7427e-04, PNorm = 35.5659, GNorm = 0.0732, lr_0 = 4.7364e-04
Loss = 3.5576e-04, PNorm = 35.5670, GNorm = 0.1541, lr_0 = 4.7251e-04
Loss = 5.0627e-04, PNorm = 35.5680, GNorm = 0.2666, lr_0 = 4.7137e-04
Loss = 5.1361e-04, PNorm = 35.5692, GNorm = 0.3728, lr_0 = 4.7024e-04
Loss = 5.9543e-04, PNorm = 35.5701, GNorm = 0.2509, lr_0 = 4.6912e-04
Loss = 6.2959e-04, PNorm = 35.5713, GNorm = 0.2062, lr_0 = 4.6800e-04
Validation mae = nan
Epoch 34
Loss = 3.8536e-04, PNorm = 35.5729, GNorm = 0.1286, lr_0 = 4.6676e-04
Loss = 4.1349e-04, PNorm = 35.5748, GNorm = 0.0888, lr_0 = 4.6565e-04
Loss = 3.9660e-04, PNorm = 35.5759, GNorm = 0.2176, lr_0 = 4.6453e-04
Loss = 4.8318e-04, PNorm = 35.5771, GNorm = 0.1197, lr_0 = 4.6342e-04
Loss = 3.3159e-04, PNorm = 35.5783, GNorm = 0.1578, lr_0 = 4.6231e-04
Loss = 3.2874e-04, PNorm = 35.5791, GNorm = 0.0700, lr_0 = 4.6120e-04
Loss = 4.7655e-04, PNorm = 35.5799, GNorm = 0.1360, lr_0 = 4.6010e-04
Loss = 5.2121e-04, PNorm = 35.5804, GNorm = 0.1772, lr_0 = 4.5899e-04
Loss = 4.6853e-04, PNorm = 35.5813, GNorm = 0.1324, lr_0 = 4.5790e-04
Loss = 3.4687e-04, PNorm = 35.5822, GNorm = 0.0607, lr_0 = 4.5680e-04
Validation mae = nan
Epoch 35
Loss = 2.9229e-04, PNorm = 35.5841, GNorm = 0.0664, lr_0 = 4.5560e-04
Loss = 2.3170e-04, PNorm = 35.5854, GNorm = 0.1881, lr_0 = 4.5450e-04
Loss = 3.3361e-04, PNorm = 35.5857, GNorm = 0.0966, lr_0 = 4.5342e-04
Loss = 2.4372e-04, PNorm = 35.5865, GNorm = 0.0937, lr_0 = 4.5233e-04
Loss = 2.5036e-04, PNorm = 35.5875, GNorm = 0.1592, lr_0 = 4.5125e-04
Loss = 4.6800e-04, PNorm = 35.5890, GNorm = 0.0421, lr_0 = 4.5017e-04
Loss = 3.2677e-04, PNorm = 35.5902, GNorm = 0.1272, lr_0 = 4.4909e-04
Loss = 4.8869e-04, PNorm = 35.5911, GNorm = 0.1395, lr_0 = 4.4801e-04
Loss = 5.1171e-04, PNorm = 35.5920, GNorm = 0.1640, lr_0 = 4.4694e-04
Loss = 6.6615e-04, PNorm = 35.5927, GNorm = 0.1493, lr_0 = 4.4587e-04
Validation mae = nan
Epoch 36
Loss = 9.5197e-04, PNorm = 35.5935, GNorm = 0.1514, lr_0 = 4.4480e-04
Loss = 7.9117e-04, PNorm = 35.5938, GNorm = 0.1208, lr_0 = 4.4374e-04
Loss = 4.0457e-04, PNorm = 35.5951, GNorm = 0.0935, lr_0 = 4.4267e-04
Loss = 4.8655e-04, PNorm = 35.5961, GNorm = 0.2241, lr_0 = 4.4161e-04
Loss = 7.7630e-04, PNorm = 35.5969, GNorm = 0.2529, lr_0 = 4.4056e-04
Loss = 6.2789e-04, PNorm = 35.5983, GNorm = 0.1362, lr_0 = 4.3950e-04
Loss = 7.5127e-04, PNorm = 35.6000, GNorm = 0.2517, lr_0 = 4.3845e-04
Loss = 6.6348e-04, PNorm = 35.6009, GNorm = 0.5030, lr_0 = 4.3740e-04
Loss = 1.6936e-03, PNorm = 35.6025, GNorm = 0.8645, lr_0 = 4.3635e-04
Validation mae = nan
Epoch 37
Loss = 1.3254e-03, PNorm = 35.6043, GNorm = 0.3303, lr_0 = 4.3520e-04
Loss = 8.3487e-04, PNorm = 35.6048, GNorm = 0.3961, lr_0 = 4.3416e-04
Loss = 1.5044e-03, PNorm = 35.6061, GNorm = 0.4967, lr_0 = 4.3312e-04
Loss = 1.0533e-03, PNorm = 35.6076, GNorm = 0.2465, lr_0 = 4.3208e-04
Loss = 7.2929e-04, PNorm = 35.6093, GNorm = 0.2059, lr_0 = 4.3105e-04
Loss = 8.0238e-04, PNorm = 35.6109, GNorm = 0.1164, lr_0 = 4.3002e-04
Loss = 1.0352e-03, PNorm = 35.6111, GNorm = 0.6385, lr_0 = 4.2899e-04
Loss = 1.1219e-03, PNorm = 35.6123, GNorm = 0.3801, lr_0 = 4.2796e-04
Loss = 8.1011e-04, PNorm = 35.6135, GNorm = 0.1806, lr_0 = 4.2694e-04
Loss = 6.3576e-04, PNorm = 35.6142, GNorm = 0.2118, lr_0 = 4.2591e-04
Validation mae = nan
Epoch 38
Loss = 5.5571e-04, PNorm = 35.6152, GNorm = 0.2585, lr_0 = 4.2479e-04
Loss = 5.8483e-04, PNorm = 35.6165, GNorm = 0.1437, lr_0 = 4.2377e-04
Loss = 1.1445e-03, PNorm = 35.6169, GNorm = 0.2865, lr_0 = 4.2276e-04
Loss = 5.4084e-04, PNorm = 35.6172, GNorm = 0.1465, lr_0 = 4.2175e-04
Loss = 6.3317e-04, PNorm = 35.6178, GNorm = 0.1344, lr_0 = 4.2074e-04
Loss = 5.2636e-04, PNorm = 35.6189, GNorm = 0.2165, lr_0 = 4.1973e-04
Loss = 5.7196e-04, PNorm = 35.6199, GNorm = 0.1683, lr_0 = 4.1872e-04
Loss = 4.2968e-04, PNorm = 35.6209, GNorm = 0.0801, lr_0 = 4.1772e-04
Loss = 3.5089e-04, PNorm = 35.6217, GNorm = 0.1669, lr_0 = 4.1672e-04
Loss = 3.0995e-04, PNorm = 35.6222, GNorm = 0.0922, lr_0 = 4.1572e-04
Validation mae = nan
Epoch 39
Loss = 3.1060e-04, PNorm = 35.6233, GNorm = 0.1428, lr_0 = 4.1473e-04
Loss = 3.5340e-04, PNorm = 35.6245, GNorm = 0.0648, lr_0 = 4.1373e-04
Loss = 6.2964e-04, PNorm = 35.6254, GNorm = 0.4102, lr_0 = 4.1274e-04
Loss = 8.1448e-04, PNorm = 35.6259, GNorm = 0.3774, lr_0 = 4.1176e-04
Loss = 1.0967e-03, PNorm = 35.6270, GNorm = 0.1630, lr_0 = 4.1077e-04
Loss = 4.8102e-04, PNorm = 35.6286, GNorm = 0.2098, lr_0 = 4.0979e-04
Loss = 4.4745e-04, PNorm = 35.6297, GNorm = 0.0910, lr_0 = 4.0880e-04
Loss = 5.1031e-04, PNorm = 35.6311, GNorm = 0.2173, lr_0 = 4.0783e-04
Loss = 3.8387e-04, PNorm = 35.6319, GNorm = 0.1983, lr_0 = 4.0685e-04
Loss = 5.4148e-04, PNorm = 35.6322, GNorm = 0.2955, lr_0 = 4.0588e-04
Validation mae = nan
Epoch 40
Loss = 5.4465e-04, PNorm = 35.6332, GNorm = 0.1913, lr_0 = 4.0481e-04
Loss = 6.0417e-04, PNorm = 35.6350, GNorm = 0.0749, lr_0 = 4.0384e-04
Loss = 3.6558e-04, PNorm = 35.6361, GNorm = 0.0948, lr_0 = 4.0287e-04
Loss = 2.9459e-04, PNorm = 35.6371, GNorm = 0.0708, lr_0 = 4.0190e-04
Loss = 3.5328e-04, PNorm = 35.6379, GNorm = 0.2565, lr_0 = 4.0094e-04
Loss = 4.2243e-04, PNorm = 35.6389, GNorm = 0.2181, lr_0 = 3.9998e-04
Loss = 3.6444e-04, PNorm = 35.6394, GNorm = 0.1232, lr_0 = 3.9902e-04
Loss = 4.1589e-04, PNorm = 35.6401, GNorm = 0.0740, lr_0 = 3.9807e-04
Loss = 3.3853e-04, PNorm = 35.6411, GNorm = 0.1680, lr_0 = 3.9712e-04
Loss = 3.9094e-04, PNorm = 35.6418, GNorm = 0.1846, lr_0 = 3.9616e-04
Validation mae = nan
Epoch 41
Loss = 5.3035e-04, PNorm = 35.6434, GNorm = 0.1804, lr_0 = 3.9512e-04
Loss = 4.5363e-04, PNorm = 35.6446, GNorm = 0.2249, lr_0 = 3.9418e-04
Loss = 5.6351e-04, PNorm = 35.6455, GNorm = 0.1729, lr_0 = 3.9323e-04
Loss = 5.9103e-04, PNorm = 35.6462, GNorm = 0.0991, lr_0 = 3.9229e-04
Loss = 2.9483e-04, PNorm = 35.6467, GNorm = 0.1687, lr_0 = 3.9135e-04
Loss = 2.6416e-04, PNorm = 35.6475, GNorm = 0.0579, lr_0 = 3.9041e-04
Loss = 4.0213e-04, PNorm = 35.6485, GNorm = 0.2303, lr_0 = 3.8948e-04
Loss = 5.4465e-04, PNorm = 35.6494, GNorm = 0.2074, lr_0 = 3.8855e-04
Loss = 2.7347e-04, PNorm = 35.6503, GNorm = 0.0956, lr_0 = 3.8762e-04
Loss = 3.4052e-04, PNorm = 35.6512, GNorm = 0.0891, lr_0 = 3.8669e-04
Validation mae = nan
Epoch 42
Loss = 4.3346e-04, PNorm = 35.6526, GNorm = 0.1775, lr_0 = 3.8576e-04
Loss = 3.3024e-04, PNorm = 35.6534, GNorm = 0.1675, lr_0 = 3.8484e-04
Loss = 3.4065e-04, PNorm = 35.6541, GNorm = 0.0637, lr_0 = 3.8392e-04
Loss = 5.8060e-04, PNorm = 35.6555, GNorm = 0.3651, lr_0 = 3.8300e-04
Loss = 5.3553e-04, PNorm = 35.6561, GNorm = 0.0370, lr_0 = 3.8208e-04
Loss = 3.1307e-04, PNorm = 35.6569, GNorm = 0.0575, lr_0 = 3.8116e-04
Loss = 3.4680e-04, PNorm = 35.6582, GNorm = 0.2636, lr_0 = 3.8025e-04
Loss = 7.1185e-04, PNorm = 35.6593, GNorm = 0.1644, lr_0 = 3.7934e-04
Loss = 8.1884e-04, PNorm = 35.6608, GNorm = 0.2073, lr_0 = 3.7843e-04
Validation mae = nan
Epoch 43
Loss = 3.3385e-04, PNorm = 35.6614, GNorm = 0.1173, lr_0 = 3.7744e-04
Loss = 3.8808e-04, PNorm = 35.6615, GNorm = 0.1153, lr_0 = 3.7653e-04
Loss = 5.9794e-04, PNorm = 35.6626, GNorm = 0.0516, lr_0 = 3.7563e-04
Loss = 4.6169e-04, PNorm = 35.6641, GNorm = 0.0726, lr_0 = 3.7473e-04
Loss = 5.1273e-04, PNorm = 35.6651, GNorm = 0.2933, lr_0 = 3.7383e-04
Loss = 1.0185e-03, PNorm = 35.6652, GNorm = 0.5100, lr_0 = 3.7294e-04
Loss = 7.9076e-04, PNorm = 35.6667, GNorm = 0.2515, lr_0 = 3.7205e-04
Loss = 6.2365e-04, PNorm = 35.6674, GNorm = 0.2797, lr_0 = 3.7115e-04
Loss = 5.0932e-04, PNorm = 35.6682, GNorm = 0.1025, lr_0 = 3.7027e-04
Loss = 5.5756e-04, PNorm = 35.6691, GNorm = 0.3250, lr_0 = 3.6938e-04
Validation mae = nan
Epoch 44
Loss = 7.5487e-04, PNorm = 35.6698, GNorm = 0.3833, lr_0 = 3.6841e-04
Loss = 6.6133e-04, PNorm = 35.6711, GNorm = 0.2259, lr_0 = 3.6752e-04
Loss = 6.4511e-04, PNorm = 35.6721, GNorm = 0.2429, lr_0 = 3.6664e-04
Loss = 5.2842e-04, PNorm = 35.6728, GNorm = 0.2746, lr_0 = 3.6577e-04
Loss = 4.6877e-04, PNorm = 35.6738, GNorm = 0.1493, lr_0 = 3.6489e-04
Loss = 3.5152e-04, PNorm = 35.6746, GNorm = 0.0684, lr_0 = 3.6402e-04
Loss = 3.5502e-04, PNorm = 35.6757, GNorm = 0.1647, lr_0 = 3.6314e-04
Loss = 3.7603e-04, PNorm = 35.6766, GNorm = 0.1219, lr_0 = 3.6227e-04
Loss = 2.7173e-04, PNorm = 35.6774, GNorm = 0.1281, lr_0 = 3.6141e-04
Loss = 2.9599e-04, PNorm = 35.6780, GNorm = 0.0990, lr_0 = 3.6054e-04
Validation mae = nan
Epoch 45
Loss = 3.4541e-04, PNorm = 35.6787, GNorm = 0.1583, lr_0 = 3.5968e-04
Loss = 3.1294e-04, PNorm = 35.6795, GNorm = 0.2534, lr_0 = 3.5882e-04
Loss = 4.8406e-04, PNorm = 35.6805, GNorm = 0.0576, lr_0 = 3.5796e-04
Loss = 3.0934e-04, PNorm = 35.6814, GNorm = 0.0461, lr_0 = 3.5710e-04
Loss = 2.5598e-04, PNorm = 35.6824, GNorm = 0.1115, lr_0 = 3.5625e-04
Loss = 2.2596e-04, PNorm = 35.6832, GNorm = 0.1077, lr_0 = 3.5539e-04
Loss = 2.5091e-04, PNorm = 35.6836, GNorm = 0.1816, lr_0 = 3.5454e-04
Loss = 3.3581e-04, PNorm = 35.6844, GNorm = 0.2698, lr_0 = 3.5369e-04
Loss = 2.3859e-04, PNorm = 35.6851, GNorm = 0.0671, lr_0 = 3.5285e-04
Loss = 3.6713e-04, PNorm = 35.6861, GNorm = 0.2033, lr_0 = 3.5200e-04
Validation mae = nan
Epoch 46
Loss = 3.9873e-04, PNorm = 35.6870, GNorm = 0.0803, lr_0 = 3.5107e-04
Loss = 2.8428e-04, PNorm = 35.6886, GNorm = 0.0778, lr_0 = 3.5023e-04
Loss = 2.8868e-04, PNorm = 35.6891, GNorm = 0.1761, lr_0 = 3.4939e-04
Loss = 2.8018e-04, PNorm = 35.6895, GNorm = 0.0879, lr_0 = 3.4856e-04
Loss = 3.7200e-04, PNorm = 35.6899, GNorm = 0.1647, lr_0 = 3.4772e-04
Loss = 4.7567e-04, PNorm = 35.6909, GNorm = 0.4036, lr_0 = 3.4689e-04
Loss = 7.7718e-04, PNorm = 35.6922, GNorm = 0.1302, lr_0 = 3.4606e-04
Loss = 1.3009e-03, PNorm = 35.6930, GNorm = 0.1266, lr_0 = 3.4523e-04
Loss = 8.3840e-04, PNorm = 35.6942, GNorm = 0.1666, lr_0 = 3.4440e-04
Loss = 8.4409e-04, PNorm = 35.6955, GNorm = 0.0873, lr_0 = 3.4358e-04
Validation mae = nan
Epoch 47
Loss = 1.1820e-03, PNorm = 35.6971, GNorm = 0.2783, lr_0 = 3.4267e-04
Loss = 1.2943e-03, PNorm = 35.6991, GNorm = 0.0662, lr_0 = 3.4185e-04
Loss = 1.3763e-03, PNorm = 35.6999, GNorm = 0.3092, lr_0 = 3.4103e-04
Loss = 1.3197e-03, PNorm = 35.7021, GNorm = 0.1449, lr_0 = 3.4022e-04
Loss = 7.1062e-04, PNorm = 35.7034, GNorm = 0.1368, lr_0 = 3.3940e-04
Loss = 6.6171e-04, PNorm = 35.7044, GNorm = 0.2624, lr_0 = 3.3859e-04
Loss = 6.1346e-04, PNorm = 35.7050, GNorm = 0.1505, lr_0 = 3.3778e-04
Loss = 4.4584e-04, PNorm = 35.7055, GNorm = 0.1196, lr_0 = 3.3697e-04
Loss = 4.5544e-04, PNorm = 35.7064, GNorm = 0.0909, lr_0 = 3.3616e-04
Loss = 4.2885e-04, PNorm = 35.7066, GNorm = 0.2207, lr_0 = 3.3536e-04
Validation mae = nan
Epoch 48
Loss = 5.8328e-04, PNorm = 35.7071, GNorm = 0.3276, lr_0 = 3.3456e-04
Loss = 8.5951e-04, PNorm = 35.7076, GNorm = 0.2394, lr_0 = 3.3375e-04
Loss = 7.8327e-04, PNorm = 35.7080, GNorm = 0.0535, lr_0 = 3.3296e-04
Loss = 5.0772e-04, PNorm = 35.7089, GNorm = 0.1215, lr_0 = 3.3216e-04
Loss = 4.7879e-04, PNorm = 35.7093, GNorm = 0.1287, lr_0 = 3.3136e-04
Loss = 4.8428e-04, PNorm = 35.7103, GNorm = 0.1325, lr_0 = 3.3057e-04
Loss = 4.5653e-04, PNorm = 35.7112, GNorm = 0.1115, lr_0 = 3.2978e-04
Loss = 2.5965e-04, PNorm = 35.7120, GNorm = 0.0751, lr_0 = 3.2899e-04
Loss = 3.1539e-04, PNorm = 35.7130, GNorm = 0.1462, lr_0 = 3.2820e-04
Validation mae = nan
Epoch 49
Loss = 3.7649e-04, PNorm = 35.7145, GNorm = 0.1363, lr_0 = 3.2734e-04
Loss = 5.2447e-04, PNorm = 35.7157, GNorm = 0.2740, lr_0 = 3.2655e-04
Loss = 5.3594e-04, PNorm = 35.7162, GNorm = 0.0755, lr_0 = 3.2577e-04
Loss = 3.4863e-04, PNorm = 35.7168, GNorm = 0.0981, lr_0 = 3.2499e-04
Loss = 2.6402e-04, PNorm = 35.7174, GNorm = 0.0989, lr_0 = 3.2421e-04
Loss = 3.4458e-04, PNorm = 35.7183, GNorm = 0.1151, lr_0 = 3.2344e-04
Loss = 2.3955e-04, PNorm = 35.7193, GNorm = 0.0982, lr_0 = 3.2266e-04
Loss = 2.7272e-04, PNorm = 35.7200, GNorm = 0.0796, lr_0 = 3.2189e-04
Loss = 3.4895e-04, PNorm = 35.7208, GNorm = 0.2883, lr_0 = 3.2112e-04
Loss = 3.5419e-04, PNorm = 35.7215, GNorm = 0.2024, lr_0 = 3.2035e-04
Validation mae = nan
Epoch 50
Loss = 2.7427e-04, PNorm = 35.7222, GNorm = 0.2331, lr_0 = 3.1958e-04
Loss = 2.7067e-04, PNorm = 35.7230, GNorm = 0.0566, lr_0 = 3.1882e-04
Loss = 2.1346e-04, PNorm = 35.7234, GNorm = 0.1455, lr_0 = 3.1805e-04
Loss = 2.6971e-04, PNorm = 35.7244, GNorm = 0.0434, lr_0 = 3.1729e-04
Loss = 3.3172e-04, PNorm = 35.7250, GNorm = 0.1217, lr_0 = 3.1653e-04
Loss = 4.8636e-04, PNorm = 35.7254, GNorm = 0.2318, lr_0 = 3.1577e-04
Loss = 3.7197e-04, PNorm = 35.7269, GNorm = 0.1776, lr_0 = 3.1502e-04
Loss = 3.2224e-04, PNorm = 35.7279, GNorm = 0.0882, lr_0 = 3.1426e-04
Loss = 3.8696e-04, PNorm = 35.7281, GNorm = 0.0523, lr_0 = 3.1351e-04
Loss = 2.5493e-04, PNorm = 35.7286, GNorm = 0.0958, lr_0 = 3.1276e-04
Validation mae = nan
Epoch 51
Loss = 1.7647e-04, PNorm = 35.7293, GNorm = 0.0549, lr_0 = 3.1194e-04
Loss = 1.7659e-04, PNorm = 35.7302, GNorm = 0.0617, lr_0 = 3.1119e-04
Loss = 2.6587e-04, PNorm = 35.7311, GNorm = 0.1613, lr_0 = 3.1044e-04
Loss = 2.0811e-04, PNorm = 35.7319, GNorm = 0.1329, lr_0 = 3.0970e-04
Loss = 2.5228e-04, PNorm = 35.7323, GNorm = 0.1674, lr_0 = 3.0896e-04
Loss = 2.8455e-04, PNorm = 35.7332, GNorm = 0.1532, lr_0 = 3.0822e-04
Loss = 2.9223e-04, PNorm = 35.7336, GNorm = 0.1424, lr_0 = 3.0748e-04
Loss = 3.2288e-04, PNorm = 35.7343, GNorm = 0.0799, lr_0 = 3.0674e-04
Loss = 2.4251e-04, PNorm = 35.7349, GNorm = 0.0778, lr_0 = 3.0601e-04
Loss = 2.3371e-04, PNorm = 35.7347, GNorm = 0.0537, lr_0 = 3.0528e-04
Validation mae = nan
Epoch 52
Loss = 2.8596e-04, PNorm = 35.7359, GNorm = 0.1347, lr_0 = 3.0447e-04
Loss = 6.1908e-04, PNorm = 35.7367, GNorm = 0.2856, lr_0 = 3.0374e-04
Loss = 5.2029e-04, PNorm = 35.7370, GNorm = 0.0764, lr_0 = 3.0302e-04
Loss = 4.1472e-04, PNorm = 35.7376, GNorm = 0.1818, lr_0 = 3.0229e-04
Loss = 3.8537e-04, PNorm = 35.7383, GNorm = 0.1821, lr_0 = 3.0157e-04
Loss = 3.2297e-04, PNorm = 35.7389, GNorm = 0.2006, lr_0 = 3.0084e-04
Loss = 3.1155e-04, PNorm = 35.7403, GNorm = 0.0728, lr_0 = 3.0012e-04
Loss = 2.6799e-04, PNorm = 35.7411, GNorm = 0.0608, lr_0 = 2.9941e-04
Loss = 2.6769e-04, PNorm = 35.7418, GNorm = 0.1198, lr_0 = 2.9869e-04
Loss = 2.2154e-04, PNorm = 35.7425, GNorm = 0.0520, lr_0 = 2.9797e-04
Validation mae = nan
Epoch 53
Loss = 1.8277e-04, PNorm = 35.7436, GNorm = 0.0962, lr_0 = 2.9726e-04
Loss = 2.7198e-04, PNorm = 35.7440, GNorm = 0.0909, lr_0 = 2.9655e-04
Loss = 3.0249e-04, PNorm = 35.7451, GNorm = 0.0528, lr_0 = 2.9584e-04
Loss = 2.1893e-04, PNorm = 35.7458, GNorm = 0.0468, lr_0 = 2.9513e-04
Loss = 2.2117e-04, PNorm = 35.7467, GNorm = 0.1321, lr_0 = 2.9442e-04
Loss = 2.3090e-04, PNorm = 35.7475, GNorm = 0.1538, lr_0 = 2.9372e-04
Loss = 2.1546e-04, PNorm = 35.7481, GNorm = 0.0264, lr_0 = 2.9301e-04
Loss = 2.0481e-04, PNorm = 35.7489, GNorm = 0.0643, lr_0 = 2.9231e-04
Loss = 1.6659e-04, PNorm = 35.7497, GNorm = 0.1515, lr_0 = 2.9161e-04
Loss = 4.1080e-04, PNorm = 35.7501, GNorm = 0.1790, lr_0 = 2.9091e-04
Loss = 5.6648e-04, PNorm = 35.7504, GNorm = 0.3170, lr_0 = 2.9084e-04
Validation mae = nan
Epoch 54
Loss = 4.8788e-04, PNorm = 35.7517, GNorm = 0.2050, lr_0 = 2.9015e-04
Loss = 3.8100e-04, PNorm = 35.7518, GNorm = 0.2144, lr_0 = 2.8945e-04
Loss = 2.9666e-04, PNorm = 35.7524, GNorm = 0.1487, lr_0 = 2.8876e-04
Loss = 2.4675e-04, PNorm = 35.7529, GNorm = 0.2260, lr_0 = 2.8807e-04
Loss = 5.2434e-04, PNorm = 35.7537, GNorm = 0.1516, lr_0 = 2.8738e-04
Loss = 5.3043e-04, PNorm = 35.7545, GNorm = 0.1903, lr_0 = 2.8669e-04
Loss = 3.4650e-04, PNorm = 35.7545, GNorm = 0.1349, lr_0 = 2.8600e-04
Loss = 3.3171e-04, PNorm = 35.7551, GNorm = 0.1004, lr_0 = 2.8532e-04
Loss = 2.8747e-04, PNorm = 35.7567, GNorm = 0.0773, lr_0 = 2.8464e-04
Validation mae = nan
Epoch 55
Loss = 2.4943e-04, PNorm = 35.7580, GNorm = 0.0546, lr_0 = 2.8389e-04
Loss = 2.7552e-04, PNorm = 35.7587, GNorm = 0.1154, lr_0 = 2.8321e-04
Loss = 2.2013e-04, PNorm = 35.7593, GNorm = 0.0521, lr_0 = 2.8253e-04
Loss = 2.5485e-04, PNorm = 35.7602, GNorm = 0.1600, lr_0 = 2.8185e-04
Loss = 1.8977e-04, PNorm = 35.7611, GNorm = 0.0502, lr_0 = 2.8118e-04
Loss = 2.3573e-04, PNorm = 35.7618, GNorm = 0.1341, lr_0 = 2.8050e-04
Loss = 5.5285e-04, PNorm = 35.7623, GNorm = 0.0755, lr_0 = 2.7983e-04
Loss = 4.4995e-04, PNorm = 35.7631, GNorm = 0.0958, lr_0 = 2.7916e-04
Loss = 4.0577e-04, PNorm = 35.7641, GNorm = 0.1823, lr_0 = 2.7849e-04
Loss = 2.7976e-04, PNorm = 35.7650, GNorm = 0.0651, lr_0 = 2.7783e-04
Validation mae = nan
Epoch 56
Loss = 3.7520e-04, PNorm = 35.7663, GNorm = 0.1533, lr_0 = 2.7716e-04
Loss = 3.8002e-04, PNorm = 35.7675, GNorm = 0.1276, lr_0 = 2.7650e-04
Loss = 2.0575e-04, PNorm = 35.7685, GNorm = 0.0542, lr_0 = 2.7584e-04
Loss = 2.7432e-04, PNorm = 35.7689, GNorm = 0.1600, lr_0 = 2.7517e-04
Loss = 2.4825e-04, PNorm = 35.7695, GNorm = 0.0800, lr_0 = 2.7452e-04
Loss = 2.2179e-04, PNorm = 35.7705, GNorm = 0.0710, lr_0 = 2.7386e-04
Loss = 1.6941e-04, PNorm = 35.7710, GNorm = 0.0860, lr_0 = 2.7320e-04
Loss = 2.6942e-04, PNorm = 35.7714, GNorm = 0.1285, lr_0 = 2.7255e-04
Loss = 3.4598e-04, PNorm = 35.7721, GNorm = 0.2148, lr_0 = 2.7190e-04
Loss = 2.9625e-04, PNorm = 35.7722, GNorm = 0.1644, lr_0 = 2.7124e-04
Validation mae = nan
Epoch 57
Loss = 2.0407e-04, PNorm = 35.7725, GNorm = 0.1043, lr_0 = 2.7053e-04
Loss = 3.6572e-04, PNorm = 35.7737, GNorm = 0.0833, lr_0 = 2.6988e-04
Loss = 4.4895e-04, PNorm = 35.7747, GNorm = 0.2503, lr_0 = 2.6924e-04
Loss = 4.4283e-04, PNorm = 35.7754, GNorm = 0.1019, lr_0 = 2.6859e-04
Loss = 3.0745e-04, PNorm = 35.7765, GNorm = 0.0850, lr_0 = 2.6795e-04
Loss = 1.9080e-04, PNorm = 35.7773, GNorm = 0.0808, lr_0 = 2.6731e-04
Loss = 1.7917e-04, PNorm = 35.7784, GNorm = 0.1627, lr_0 = 2.6667e-04
Loss = 2.2865e-04, PNorm = 35.7787, GNorm = 0.1171, lr_0 = 2.6603e-04
Loss = 1.7225e-04, PNorm = 35.7793, GNorm = 0.0898, lr_0 = 2.6539e-04
Loss = 2.4877e-04, PNorm = 35.7796, GNorm = 0.1143, lr_0 = 2.6476e-04
Validation mae = nan
Epoch 58
Loss = 3.1950e-04, PNorm = 35.7808, GNorm = 0.1383, lr_0 = 2.6406e-04
Loss = 3.5753e-04, PNorm = 35.7812, GNorm = 0.0597, lr_0 = 2.6343e-04
Loss = 3.1349e-04, PNorm = 35.7816, GNorm = 0.0779, lr_0 = 2.6279e-04
Loss = 2.9444e-04, PNorm = 35.7827, GNorm = 0.0723, lr_0 = 2.6217e-04
Loss = 2.2158e-04, PNorm = 35.7839, GNorm = 0.0486, lr_0 = 2.6154e-04
Loss = 1.4709e-04, PNorm = 35.7844, GNorm = 0.0535, lr_0 = 2.6091e-04
Loss = 1.9793e-04, PNorm = 35.7848, GNorm = 0.1983, lr_0 = 2.6029e-04
Loss = 4.6939e-04, PNorm = 35.7852, GNorm = 0.3079, lr_0 = 2.5966e-04
Loss = 4.2092e-04, PNorm = 35.7860, GNorm = 0.1654, lr_0 = 2.5904e-04
Loss = 2.7972e-04, PNorm = 35.7872, GNorm = 0.0951, lr_0 = 2.5842e-04
Validation mae = nan
Epoch 59
Loss = 4.2848e-04, PNorm = 35.7880, GNorm = 0.1180, lr_0 = 2.5780e-04
Loss = 3.0176e-04, PNorm = 35.7881, GNorm = 0.1769, lr_0 = 2.5719e-04
Loss = 3.4746e-04, PNorm = 35.7886, GNorm = 0.1044, lr_0 = 2.5657e-04
Loss = 2.7614e-04, PNorm = 35.7893, GNorm = 0.0236, lr_0 = 2.5595e-04
Loss = 5.2172e-04, PNorm = 35.7899, GNorm = 0.3258, lr_0 = 2.5534e-04
Loss = 5.8667e-04, PNorm = 35.7908, GNorm = 0.2279, lr_0 = 2.5473e-04
Loss = 4.7152e-04, PNorm = 35.7913, GNorm = 0.0656, lr_0 = 2.5412e-04
Loss = 3.4675e-04, PNorm = 35.7924, GNorm = 0.0940, lr_0 = 2.5351e-04
Loss = 2.6499e-04, PNorm = 35.7935, GNorm = 0.0881, lr_0 = 2.5290e-04
Loss = 2.6379e-04, PNorm = 35.7943, GNorm = 0.1807, lr_0 = 2.5230e-04
Loss = 3.1249e-04, PNorm = 35.7943, GNorm = 0.1515, lr_0 = 2.5224e-04
Validation mae = nan
Epoch 60
Loss = 3.5453e-04, PNorm = 35.7948, GNorm = 0.1274, lr_0 = 2.5163e-04
Loss = 2.7585e-04, PNorm = 35.7956, GNorm = 0.1234, lr_0 = 2.5103e-04
Loss = 2.8785e-04, PNorm = 35.7964, GNorm = 0.1640, lr_0 = 2.5043e-04
Loss = 2.6565e-04, PNorm = 35.7969, GNorm = 0.1058, lr_0 = 2.4983e-04
Loss = 1.7922e-04, PNorm = 35.7976, GNorm = 0.0778, lr_0 = 2.4923e-04
Loss = 2.5083e-04, PNorm = 35.7983, GNorm = 0.2008, lr_0 = 2.4864e-04
Loss = 3.8316e-04, PNorm = 35.7987, GNorm = 0.2494, lr_0 = 2.4804e-04
Loss = 3.1099e-04, PNorm = 35.7995, GNorm = 0.0722, lr_0 = 2.4745e-04
Loss = 3.8276e-04, PNorm = 35.7999, GNorm = 0.1081, lr_0 = 2.4685e-04
Validation mae = nan
Epoch 61
Loss = 3.2156e-04, PNorm = 35.8002, GNorm = 0.1294, lr_0 = 2.4620e-04
Loss = 2.4625e-04, PNorm = 35.8014, GNorm = 0.0819, lr_0 = 2.4561e-04
Loss = 1.7290e-04, PNorm = 35.8020, GNorm = 0.0698, lr_0 = 2.4503e-04
Loss = 1.5582e-04, PNorm = 35.8023, GNorm = 0.0632, lr_0 = 2.4444e-04
Loss = 1.6214e-04, PNorm = 35.8025, GNorm = 0.0614, lr_0 = 2.4385e-04
Loss = 1.4643e-04, PNorm = 35.8034, GNorm = 0.0770, lr_0 = 2.4327e-04
Loss = 1.7216e-04, PNorm = 35.8040, GNorm = 0.0717, lr_0 = 2.4269e-04
Loss = 1.4194e-04, PNorm = 35.8044, GNorm = 0.0512, lr_0 = 2.4211e-04
Loss = 1.3970e-04, PNorm = 35.8052, GNorm = 0.0411, lr_0 = 2.4153e-04
Loss = 1.9683e-04, PNorm = 35.8058, GNorm = 0.1857, lr_0 = 2.4095e-04
Validation mae = nan
Epoch 62
Loss = 4.6184e-04, PNorm = 35.8067, GNorm = 0.2911, lr_0 = 2.4037e-04
Loss = 8.4213e-04, PNorm = 35.8069, GNorm = 0.2461, lr_0 = 2.3980e-04
Loss = 8.2765e-04, PNorm = 35.8076, GNorm = 0.1592, lr_0 = 2.3922e-04
Loss = 5.6852e-04, PNorm = 35.8088, GNorm = 0.2333, lr_0 = 2.3865e-04
Loss = 4.6504e-04, PNorm = 35.8098, GNorm = 0.2406, lr_0 = 2.3808e-04
Loss = 4.9734e-04, PNorm = 35.8106, GNorm = 0.2541, lr_0 = 2.3751e-04
Loss = 3.6478e-04, PNorm = 35.8110, GNorm = 0.1033, lr_0 = 2.3694e-04
Loss = 2.4255e-04, PNorm = 35.8109, GNorm = 0.1232, lr_0 = 2.3637e-04
Loss = 2.5173e-04, PNorm = 35.8114, GNorm = 0.0916, lr_0 = 2.3581e-04
Loss = 2.1794e-04, PNorm = 35.8120, GNorm = 0.1549, lr_0 = 2.3524e-04
Validation mae = nan
Epoch 63
Loss = 2.5642e-04, PNorm = 35.8126, GNorm = 0.0459, lr_0 = 2.3462e-04
Loss = 2.3979e-04, PNorm = 35.8130, GNorm = 0.1265, lr_0 = 2.3406e-04
Loss = 2.7768e-04, PNorm = 35.8136, GNorm = 0.1403, lr_0 = 2.3350e-04
Loss = 2.3045e-04, PNorm = 35.8140, GNorm = 0.1216, lr_0 = 2.3294e-04
Loss = 2.4623e-04, PNorm = 35.8146, GNorm = 0.1159, lr_0 = 2.3238e-04
Loss = 1.8482e-04, PNorm = 35.8149, GNorm = 0.0821, lr_0 = 2.3183e-04
Loss = 3.1001e-04, PNorm = 35.8154, GNorm = 0.1205, lr_0 = 2.3127e-04
Loss = 2.7232e-04, PNorm = 35.8162, GNorm = 0.1240, lr_0 = 2.3072e-04
Loss = 1.7947e-04, PNorm = 35.8170, GNorm = 0.0698, lr_0 = 2.3016e-04
Loss = 1.7263e-04, PNorm = 35.8178, GNorm = 0.0784, lr_0 = 2.2961e-04
Validation mae = nan
Epoch 64
Loss = 2.1255e-04, PNorm = 35.8184, GNorm = 0.1371, lr_0 = 2.2901e-04
Loss = 1.6447e-04, PNorm = 35.8190, GNorm = 0.0354, lr_0 = 2.2846e-04
Loss = 1.5536e-04, PNorm = 35.8196, GNorm = 0.0923, lr_0 = 2.2791e-04
Loss = 1.9193e-04, PNorm = 35.8202, GNorm = 0.0742, lr_0 = 2.2737e-04
Loss = 2.9902e-04, PNorm = 35.8205, GNorm = 0.1919, lr_0 = 2.2682e-04
Loss = 2.5610e-04, PNorm = 35.8209, GNorm = 0.1648, lr_0 = 2.2628e-04
Loss = 2.3739e-04, PNorm = 35.8218, GNorm = 0.0805, lr_0 = 2.2574e-04
Loss = 3.1802e-04, PNorm = 35.8222, GNorm = 0.1572, lr_0 = 2.2520e-04
Loss = 2.1388e-04, PNorm = 35.8230, GNorm = 0.1157, lr_0 = 2.2466e-04
Loss = 2.4112e-04, PNorm = 35.8237, GNorm = 0.1004, lr_0 = 2.2412e-04
Validation mae = nan
Epoch 65
Loss = 2.7936e-04, PNorm = 35.8243, GNorm = 0.0345, lr_0 = 2.2358e-04
Loss = 2.4541e-04, PNorm = 35.8248, GNorm = 0.1072, lr_0 = 2.2305e-04
Loss = 1.5628e-04, PNorm = 35.8257, GNorm = 0.0929, lr_0 = 2.2251e-04
Loss = 2.7784e-04, PNorm = 35.8266, GNorm = 0.1632, lr_0 = 2.2198e-04
Loss = 2.3014e-04, PNorm = 35.8273, GNorm = 0.0889, lr_0 = 2.2145e-04
Loss = 2.5060e-04, PNorm = 35.8279, GNorm = 0.1350, lr_0 = 2.2092e-04
Loss = 2.0655e-04, PNorm = 35.8287, GNorm = 0.0892, lr_0 = 2.2039e-04
Loss = 1.7955e-04, PNorm = 35.8290, GNorm = 0.0597, lr_0 = 2.1986e-04
Loss = 1.6753e-04, PNorm = 35.8296, GNorm = 0.0680, lr_0 = 2.1933e-04
Loss = 1.9190e-04, PNorm = 35.8300, GNorm = 0.0567, lr_0 = 2.1881e-04
Loss = 2.3429e-04, PNorm = 35.8301, GNorm = 0.0734, lr_0 = 2.1876e-04
Validation mae = nan
Epoch 66
Loss = 1.7080e-04, PNorm = 35.8304, GNorm = 0.0895, lr_0 = 2.1823e-04
Loss = 2.0168e-04, PNorm = 35.8314, GNorm = 0.0908, lr_0 = 2.1771e-04
Loss = 1.8576e-04, PNorm = 35.8322, GNorm = 0.1198, lr_0 = 2.1719e-04
Loss = 1.3156e-04, PNorm = 35.8325, GNorm = 0.0789, lr_0 = 2.1667e-04
Loss = 1.4165e-04, PNorm = 35.8329, GNorm = 0.0816, lr_0 = 2.1615e-04
Loss = 1.6720e-04, PNorm = 35.8336, GNorm = 0.0802, lr_0 = 2.1563e-04
Loss = 1.3957e-04, PNorm = 35.8340, GNorm = 0.0880, lr_0 = 2.1512e-04
Loss = 2.0191e-04, PNorm = 35.8350, GNorm = 0.0591, lr_0 = 2.1460e-04
Loss = 2.3280e-04, PNorm = 35.8354, GNorm = 0.1686, lr_0 = 2.1409e-04
Validation mae = nan
Epoch 67
Loss = 2.7037e-04, PNorm = 35.8352, GNorm = 0.1826, lr_0 = 2.1352e-04
Loss = 3.2937e-04, PNorm = 35.8354, GNorm = 0.0581, lr_0 = 2.1301e-04
Loss = 3.1520e-04, PNorm = 35.8365, GNorm = 0.1258, lr_0 = 2.1250e-04
Loss = 2.2951e-04, PNorm = 35.8376, GNorm = 0.0763, lr_0 = 2.1199e-04
Loss = 2.8139e-04, PNorm = 35.8380, GNorm = 0.1409, lr_0 = 2.1149e-04
Loss = 2.2903e-04, PNorm = 35.8387, GNorm = 0.1315, lr_0 = 2.1098e-04
Loss = 1.5960e-04, PNorm = 35.8392, GNorm = 0.0808, lr_0 = 2.1047e-04
Loss = 2.0500e-04, PNorm = 35.8401, GNorm = 0.0569, lr_0 = 2.0997e-04
Loss = 2.0937e-04, PNorm = 35.8405, GNorm = 0.1192, lr_0 = 2.0947e-04
Loss = 1.5542e-04, PNorm = 35.8408, GNorm = 0.0877, lr_0 = 2.0897e-04
Validation mae = nan
Epoch 68
Loss = 4.5023e-04, PNorm = 35.8414, GNorm = 0.2400, lr_0 = 2.0847e-04
Loss = 2.9739e-04, PNorm = 35.8419, GNorm = 0.2336, lr_0 = 2.0797e-04
Loss = 3.1893e-04, PNorm = 35.8427, GNorm = 0.0623, lr_0 = 2.0747e-04
Loss = 3.4080e-04, PNorm = 35.8435, GNorm = 0.1274, lr_0 = 2.0697e-04
Loss = 2.1244e-04, PNorm = 35.8444, GNorm = 0.0605, lr_0 = 2.0648e-04
Loss = 3.4308e-04, PNorm = 35.8445, GNorm = 0.2566, lr_0 = 2.0598e-04
Loss = 4.2072e-04, PNorm = 35.8453, GNorm = 0.1740, lr_0 = 2.0549e-04
Loss = 3.7095e-04, PNorm = 35.8456, GNorm = 0.2095, lr_0 = 2.0500e-04
Loss = 3.2849e-04, PNorm = 35.8460, GNorm = 0.1184, lr_0 = 2.0450e-04
Loss = 2.4172e-04, PNorm = 35.8467, GNorm = 0.0751, lr_0 = 2.0402e-04
Validation mae = nan
Epoch 69
Loss = 1.8657e-04, PNorm = 35.8472, GNorm = 0.0593, lr_0 = 2.0348e-04
Loss = 1.5749e-04, PNorm = 35.8477, GNorm = 0.0379, lr_0 = 2.0299e-04
Loss = 1.5590e-04, PNorm = 35.8485, GNorm = 0.0505, lr_0 = 2.0250e-04
Loss = 2.3674e-04, PNorm = 35.8490, GNorm = 0.3368, lr_0 = 2.0202e-04
Loss = 3.2934e-04, PNorm = 35.8493, GNorm = 0.1888, lr_0 = 2.0154e-04
Loss = 3.2205e-04, PNorm = 35.8494, GNorm = 0.0803, lr_0 = 2.0105e-04
Loss = 2.0315e-04, PNorm = 35.8502, GNorm = 0.1123, lr_0 = 2.0057e-04
Loss = 1.5597e-04, PNorm = 35.8507, GNorm = 0.1071, lr_0 = 2.0009e-04
Loss = 2.0392e-04, PNorm = 35.8512, GNorm = 0.0579, lr_0 = 1.9961e-04
Loss = 1.7114e-04, PNorm = 35.8519, GNorm = 0.1063, lr_0 = 1.9913e-04
Validation mae = nan
Epoch 70
Loss = 1.3775e-04, PNorm = 35.8526, GNorm = 0.0668, lr_0 = 1.9861e-04
Loss = 1.6915e-04, PNorm = 35.8533, GNorm = 0.0559, lr_0 = 1.9813e-04
Loss = 1.3172e-04, PNorm = 35.8539, GNorm = 0.0432, lr_0 = 1.9766e-04
Loss = 2.0868e-04, PNorm = 35.8544, GNorm = 0.1843, lr_0 = 1.9719e-04
Loss = 3.6308e-04, PNorm = 35.8549, GNorm = 0.1383, lr_0 = 1.9671e-04
Loss = 2.2243e-04, PNorm = 35.8561, GNorm = 0.0418, lr_0 = 1.9624e-04
Loss = 1.7646e-04, PNorm = 35.8568, GNorm = 0.0802, lr_0 = 1.9577e-04
Loss = 1.8526e-04, PNorm = 35.8572, GNorm = 0.1365, lr_0 = 1.9530e-04
Loss = 4.7947e-04, PNorm = 35.8579, GNorm = 0.2802, lr_0 = 1.9484e-04
Loss = 5.4294e-04, PNorm = 35.8581, GNorm = 0.2993, lr_0 = 1.9437e-04
Validation mae = nan
Epoch 71
Loss = 4.5049e-04, PNorm = 35.8583, GNorm = 0.0518, lr_0 = 1.9390e-04
Loss = 3.2018e-04, PNorm = 35.8590, GNorm = 0.1280, lr_0 = 1.9344e-04
Loss = 2.5720e-04, PNorm = 35.8592, GNorm = 0.1489, lr_0 = 1.9298e-04
Loss = 2.5639e-04, PNorm = 35.8595, GNorm = 0.1151, lr_0 = 1.9252e-04
Loss = 2.3793e-04, PNorm = 35.8601, GNorm = 0.0717, lr_0 = 1.9205e-04
Loss = 2.1782e-04, PNorm = 35.8606, GNorm = 0.1014, lr_0 = 1.9159e-04
Loss = 1.7320e-04, PNorm = 35.8616, GNorm = 0.0754, lr_0 = 1.9114e-04
Loss = 1.2298e-04, PNorm = 35.8622, GNorm = 0.0657, lr_0 = 1.9068e-04
Loss = 1.4571e-04, PNorm = 35.8629, GNorm = 0.1444, lr_0 = 1.9022e-04
Loss = 2.0543e-04, PNorm = 35.8634, GNorm = 0.1308, lr_0 = 1.8977e-04
Loss = 1.9135e-04, PNorm = 35.8634, GNorm = 0.1816, lr_0 = 1.8972e-04
Validation mae = nan
Epoch 72
Loss = 3.4880e-04, PNorm = 35.8633, GNorm = 0.0499, lr_0 = 1.8927e-04
Loss = 2.3385e-04, PNorm = 35.8637, GNorm = 0.1057, lr_0 = 1.8881e-04
Loss = 1.9411e-04, PNorm = 35.8641, GNorm = 0.0579, lr_0 = 1.8836e-04
Loss = 2.1192e-04, PNorm = 35.8646, GNorm = 0.0682, lr_0 = 1.8791e-04
Loss = 2.3099e-04, PNorm = 35.8654, GNorm = 0.1181, lr_0 = 1.8746e-04
Loss = 1.9802e-04, PNorm = 35.8664, GNorm = 0.0698, lr_0 = 1.8701e-04
Loss = 2.5527e-04, PNorm = 35.8671, GNorm = 0.0801, lr_0 = 1.8656e-04
Loss = 1.4514e-04, PNorm = 35.8676, GNorm = 0.0721, lr_0 = 1.8612e-04
Loss = 1.5056e-04, PNorm = 35.8681, GNorm = 0.0833, lr_0 = 1.8567e-04
Validation mae = nan
Epoch 73
Loss = 2.3889e-04, PNorm = 35.8685, GNorm = 0.0889, lr_0 = 1.8518e-04
Loss = 2.0720e-04, PNorm = 35.8686, GNorm = 0.1242, lr_0 = 1.8474e-04
Loss = 2.1350e-04, PNorm = 35.8692, GNorm = 0.1095, lr_0 = 1.8430e-04
Loss = 1.6247e-04, PNorm = 35.8697, GNorm = 0.0908, lr_0 = 1.8385e-04
Loss = 1.7433e-04, PNorm = 35.8701, GNorm = 0.0808, lr_0 = 1.8341e-04
Loss = 1.6251e-04, PNorm = 35.8707, GNorm = 0.0738, lr_0 = 1.8297e-04
Loss = 1.1213e-04, PNorm = 35.8713, GNorm = 0.0305, lr_0 = 1.8254e-04
Loss = 1.1919e-04, PNorm = 35.8720, GNorm = 0.0582, lr_0 = 1.8210e-04
Loss = 1.1178e-04, PNorm = 35.8724, GNorm = 0.0855, lr_0 = 1.8166e-04
Loss = 1.1976e-04, PNorm = 35.8727, GNorm = 0.0554, lr_0 = 1.8123e-04
Validation mae = nan
Epoch 74
Loss = 1.1653e-04, PNorm = 35.8731, GNorm = 0.0529, lr_0 = 1.8079e-04
Loss = 1.4225e-04, PNorm = 35.8736, GNorm = 0.0570, lr_0 = 1.8036e-04
Loss = 1.4873e-04, PNorm = 35.8740, GNorm = 0.0944, lr_0 = 1.7993e-04
Loss = 1.5194e-04, PNorm = 35.8748, GNorm = 0.1491, lr_0 = 1.7950e-04
Loss = 1.9299e-04, PNorm = 35.8753, GNorm = 0.1223, lr_0 = 1.7907e-04
Loss = 2.4137e-04, PNorm = 35.8756, GNorm = 0.1922, lr_0 = 1.7864e-04
Loss = 2.3790e-04, PNorm = 35.8768, GNorm = 0.0804, lr_0 = 1.7821e-04
Loss = 1.4807e-04, PNorm = 35.8770, GNorm = 0.0802, lr_0 = 1.7779e-04
Loss = 1.3886e-04, PNorm = 35.8771, GNorm = 0.1343, lr_0 = 1.7736e-04
Loss = 1.1313e-04, PNorm = 35.8774, GNorm = 0.0740, lr_0 = 1.7693e-04
Validation mae = nan
Epoch 75
Loss = 1.0711e-04, PNorm = 35.8780, GNorm = 0.0780, lr_0 = 1.7647e-04
Loss = 1.9553e-04, PNorm = 35.8782, GNorm = 0.1376, lr_0 = 1.7605e-04
Loss = 1.7709e-04, PNorm = 35.8786, GNorm = 0.0571, lr_0 = 1.7562e-04
Loss = 1.5244e-04, PNorm = 35.8792, GNorm = 0.0758, lr_0 = 1.7520e-04
Loss = 1.2105e-04, PNorm = 35.8795, GNorm = 0.0270, lr_0 = 1.7478e-04
Loss = 9.6355e-05, PNorm = 35.8799, GNorm = 0.0774, lr_0 = 1.7437e-04
Loss = 1.2597e-04, PNorm = 35.8807, GNorm = 0.0662, lr_0 = 1.7395e-04
Loss = 1.0551e-04, PNorm = 35.8815, GNorm = 0.0645, lr_0 = 1.7353e-04
Loss = 1.7317e-04, PNorm = 35.8818, GNorm = 0.1002, lr_0 = 1.7312e-04
Loss = 1.6520e-04, PNorm = 35.8822, GNorm = 0.0889, lr_0 = 1.7270e-04
Validation mae = nan
Epoch 76
Loss = 1.8437e-04, PNorm = 35.8826, GNorm = 0.1562, lr_0 = 1.7225e-04
Loss = 1.7146e-04, PNorm = 35.8830, GNorm = 0.1526, lr_0 = 1.7183e-04
Loss = 1.6292e-04, PNorm = 35.8834, GNorm = 0.0696, lr_0 = 1.7142e-04
Loss = 1.4865e-04, PNorm = 35.8842, GNorm = 0.0637, lr_0 = 1.7101e-04
Loss = 1.1584e-04, PNorm = 35.8848, GNorm = 0.0191, lr_0 = 1.7060e-04
Loss = 1.0983e-04, PNorm = 35.8854, GNorm = 0.0545, lr_0 = 1.7019e-04
Loss = 1.0865e-04, PNorm = 35.8859, GNorm = 0.0444, lr_0 = 1.6979e-04
Loss = 1.0341e-04, PNorm = 35.8862, GNorm = 0.0418, lr_0 = 1.6938e-04
Loss = 8.7574e-05, PNorm = 35.8862, GNorm = 0.0253, lr_0 = 1.6897e-04
Loss = 1.1569e-04, PNorm = 35.8865, GNorm = 0.1170, lr_0 = 1.6857e-04
Validation mae = nan
Epoch 77
Loss = 1.4179e-04, PNorm = 35.8869, GNorm = 0.1173, lr_0 = 1.6817e-04
Loss = 1.3031e-04, PNorm = 35.8871, GNorm = 0.0528, lr_0 = 1.6776e-04
Loss = 1.1923e-04, PNorm = 35.8872, GNorm = 0.0831, lr_0 = 1.6736e-04
Loss = 1.6559e-04, PNorm = 35.8876, GNorm = 0.0409, lr_0 = 1.6696e-04
Loss = 1.5721e-04, PNorm = 35.8884, GNorm = 0.1058, lr_0 = 1.6656e-04
Loss = 1.4962e-04, PNorm = 35.8886, GNorm = 0.0786, lr_0 = 1.6616e-04
Loss = 2.0823e-04, PNorm = 35.8893, GNorm = 0.0360, lr_0 = 1.6576e-04
Loss = 1.2219e-04, PNorm = 35.8898, GNorm = 0.0649, lr_0 = 1.6537e-04
Loss = 1.5753e-04, PNorm = 35.8907, GNorm = 0.0885, lr_0 = 1.6497e-04
Loss = 1.4021e-04, PNorm = 35.8914, GNorm = 0.0302, lr_0 = 1.6458e-04
Loss = 1.1543e-04, PNorm = 35.8914, GNorm = 0.0973, lr_0 = 1.6454e-04
Validation mae = nan
Epoch 78
Loss = 1.6501e-04, PNorm = 35.8920, GNorm = 0.1285, lr_0 = 1.6414e-04
Loss = 1.2437e-04, PNorm = 35.8923, GNorm = 0.1220, lr_0 = 1.6375e-04
Loss = 9.3341e-05, PNorm = 35.8927, GNorm = 0.0566, lr_0 = 1.6336e-04
Loss = 9.0979e-05, PNorm = 35.8931, GNorm = 0.0771, lr_0 = 1.6297e-04
Loss = 1.4569e-04, PNorm = 35.8936, GNorm = 0.0441, lr_0 = 1.6258e-04
Loss = 1.6217e-04, PNorm = 35.8941, GNorm = 0.0307, lr_0 = 1.6219e-04
Loss = 1.1185e-04, PNorm = 35.8945, GNorm = 0.0539, lr_0 = 1.6180e-04
Loss = 1.5564e-04, PNorm = 35.8950, GNorm = 0.1168, lr_0 = 1.6141e-04
Loss = 2.5510e-04, PNorm = 35.8953, GNorm = 0.1235, lr_0 = 1.6102e-04
Validation mae = nan
Epoch 79
Loss = 1.0041e-04, PNorm = 35.8958, GNorm = 0.0726, lr_0 = 1.6060e-04
Loss = 1.5887e-04, PNorm = 35.8965, GNorm = 0.1137, lr_0 = 1.6022e-04
Loss = 2.0411e-04, PNorm = 35.8969, GNorm = 0.1245, lr_0 = 1.5983e-04
Loss = 3.3605e-04, PNorm = 35.8978, GNorm = 0.1187, lr_0 = 1.5945e-04
Loss = 2.8735e-04, PNorm = 35.8984, GNorm = 0.1291, lr_0 = 1.5907e-04
Loss = 1.9366e-04, PNorm = 35.8990, GNorm = 0.1530, lr_0 = 1.5869e-04
Loss = 1.7856e-04, PNorm = 35.8991, GNorm = 0.0593, lr_0 = 1.5831e-04
Loss = 1.1746e-04, PNorm = 35.8997, GNorm = 0.0544, lr_0 = 1.5793e-04
Loss = 1.4584e-04, PNorm = 35.9002, GNorm = 0.1861, lr_0 = 1.5755e-04
Loss = 1.3065e-04, PNorm = 35.9008, GNorm = 0.0378, lr_0 = 1.5717e-04
Validation mae = nan
Epoch 80
Loss = 2.2565e-04, PNorm = 35.9014, GNorm = 0.1570, lr_0 = 1.5680e-04
Loss = 2.4356e-04, PNorm = 35.9020, GNorm = 0.1680, lr_0 = 1.5642e-04
Loss = 2.2496e-04, PNorm = 35.9020, GNorm = 0.1765, lr_0 = 1.5605e-04
Loss = 2.1676e-04, PNorm = 35.9025, GNorm = 0.0955, lr_0 = 1.5567e-04
Loss = 1.6539e-04, PNorm = 35.9032, GNorm = 0.0367, lr_0 = 1.5530e-04
Loss = 1.1691e-04, PNorm = 35.9037, GNorm = 0.0446, lr_0 = 1.5493e-04
Loss = 1.0881e-04, PNorm = 35.9041, GNorm = 0.0278, lr_0 = 1.5456e-04
Loss = 1.4696e-04, PNorm = 35.9043, GNorm = 0.0377, lr_0 = 1.5419e-04
Loss = 1.2825e-04, PNorm = 35.9047, GNorm = 0.0334, lr_0 = 1.5382e-04
Loss = 1.4852e-04, PNorm = 35.9052, GNorm = 0.1369, lr_0 = 1.5345e-04
Validation mae = nan
Epoch 81
Loss = 1.9068e-04, PNorm = 35.9055, GNorm = 0.0377, lr_0 = 1.5304e-04
Loss = 1.9567e-04, PNorm = 35.9064, GNorm = 0.1057, lr_0 = 1.5268e-04
Loss = 1.3982e-04, PNorm = 35.9068, GNorm = 0.1332, lr_0 = 1.5231e-04
Loss = 1.3059e-04, PNorm = 35.9072, GNorm = 0.0663, lr_0 = 1.5195e-04
Loss = 1.4780e-04, PNorm = 35.9080, GNorm = 0.1272, lr_0 = 1.5158e-04
Loss = 2.0239e-04, PNorm = 35.9083, GNorm = 0.0957, lr_0 = 1.5122e-04
Loss = 1.3269e-04, PNorm = 35.9084, GNorm = 0.0921, lr_0 = 1.5086e-04
Loss = 9.9282e-05, PNorm = 35.9087, GNorm = 0.0412, lr_0 = 1.5050e-04
Loss = 1.1473e-04, PNorm = 35.9091, GNorm = 0.0664, lr_0 = 1.5014e-04
Loss = 1.2078e-04, PNorm = 35.9093, GNorm = 0.0699, lr_0 = 1.4978e-04
Validation mae = nan
Epoch 82
Loss = 4.4456e-04, PNorm = 35.9098, GNorm = 0.2891, lr_0 = 1.4938e-04
Loss = 3.2220e-04, PNorm = 35.9107, GNorm = 0.1549, lr_0 = 1.4903e-04
Loss = 2.0158e-04, PNorm = 35.9115, GNorm = 0.1101, lr_0 = 1.4867e-04
Loss = 2.2205e-04, PNorm = 35.9123, GNorm = 0.0566, lr_0 = 1.4831e-04
Loss = 2.6289e-04, PNorm = 35.9132, GNorm = 0.2560, lr_0 = 1.4796e-04
Loss = 1.9946e-04, PNorm = 35.9141, GNorm = 0.0962, lr_0 = 1.4760e-04
Loss = 2.7986e-04, PNorm = 35.9142, GNorm = 0.1677, lr_0 = 1.4725e-04
Loss = 2.5306e-04, PNorm = 35.9149, GNorm = 0.0678, lr_0 = 1.4690e-04
Loss = 1.3829e-04, PNorm = 35.9154, GNorm = 0.1063, lr_0 = 1.4655e-04
Loss = 1.9365e-04, PNorm = 35.9154, GNorm = 0.0893, lr_0 = 1.4619e-04
Validation mae = nan
Epoch 83
Loss = 1.6270e-04, PNorm = 35.9159, GNorm = 0.0535, lr_0 = 1.4584e-04
Loss = 1.6097e-04, PNorm = 35.9163, GNorm = 0.0885, lr_0 = 1.4550e-04
Loss = 1.3810e-04, PNorm = 35.9165, GNorm = 0.0410, lr_0 = 1.4515e-04
Loss = 1.3266e-04, PNorm = 35.9167, GNorm = 0.0759, lr_0 = 1.4480e-04
Loss = 1.5429e-04, PNorm = 35.9173, GNorm = 0.1603, lr_0 = 1.4445e-04
Loss = 1.9067e-04, PNorm = 35.9180, GNorm = 0.1722, lr_0 = 1.4411e-04
Loss = 2.1894e-04, PNorm = 35.9182, GNorm = 0.1485, lr_0 = 1.4376e-04
Loss = 1.4125e-04, PNorm = 35.9185, GNorm = 0.0558, lr_0 = 1.4342e-04
Loss = 1.5274e-04, PNorm = 35.9190, GNorm = 0.1618, lr_0 = 1.4307e-04
Loss = 1.9873e-04, PNorm = 35.9197, GNorm = 0.1183, lr_0 = 1.4273e-04
Loss = 1.1006e-04, PNorm = 35.9198, GNorm = 0.1135, lr_0 = 1.4270e-04
Validation mae = nan
Epoch 84
Loss = 1.8007e-04, PNorm = 35.9200, GNorm = 0.0741, lr_0 = 1.4236e-04
Loss = 1.2028e-04, PNorm = 35.9204, GNorm = 0.1177, lr_0 = 1.4201e-04
Loss = 1.7243e-04, PNorm = 35.9205, GNorm = 0.1035, lr_0 = 1.4167e-04
Loss = 1.3807e-04, PNorm = 35.9211, GNorm = 0.0773, lr_0 = 1.4134e-04
Loss = 1.4512e-04, PNorm = 35.9218, GNorm = 0.0917, lr_0 = 1.4100e-04
Loss = 1.5204e-04, PNorm = 35.9220, GNorm = 0.0568, lr_0 = 1.4066e-04
Loss = 1.0693e-04, PNorm = 35.9223, GNorm = 0.0838, lr_0 = 1.4032e-04
Loss = 1.1539e-04, PNorm = 35.9227, GNorm = 0.0367, lr_0 = 1.3999e-04
Loss = 1.1389e-04, PNorm = 35.9232, GNorm = 0.0482, lr_0 = 1.3965e-04
Validation mae = nan
Epoch 85
Loss = 1.6389e-04, PNorm = 35.9239, GNorm = 0.0923, lr_0 = 1.3928e-04
Loss = 1.2073e-04, PNorm = 35.9245, GNorm = 0.0288, lr_0 = 1.3895e-04
Loss = 1.2949e-04, PNorm = 35.9248, GNorm = 0.0646, lr_0 = 1.3862e-04
Loss = 1.7599e-04, PNorm = 35.9249, GNorm = 0.0728, lr_0 = 1.3828e-04
Loss = 1.2270e-04, PNorm = 35.9254, GNorm = 0.0473, lr_0 = 1.3795e-04
Loss = 1.5075e-04, PNorm = 35.9259, GNorm = 0.0329, lr_0 = 1.3762e-04
Loss = 1.3957e-04, PNorm = 35.9264, GNorm = 0.0360, lr_0 = 1.3729e-04
Loss = 8.8892e-05, PNorm = 35.9265, GNorm = 0.0713, lr_0 = 1.3697e-04
Loss = 1.3007e-04, PNorm = 35.9268, GNorm = 0.0437, lr_0 = 1.3664e-04
Loss = 1.0884e-04, PNorm = 35.9272, GNorm = 0.0389, lr_0 = 1.3631e-04
Validation mae = nan
Epoch 86
Loss = 2.3407e-04, PNorm = 35.9279, GNorm = 0.0709, lr_0 = 1.3598e-04
Loss = 1.7620e-04, PNorm = 35.9283, GNorm = 0.1172, lr_0 = 1.3566e-04
Loss = 2.6205e-04, PNorm = 35.9287, GNorm = 0.1933, lr_0 = 1.3533e-04
Loss = 1.7228e-04, PNorm = 35.9289, GNorm = 0.0823, lr_0 = 1.3501e-04
Loss = 1.0872e-04, PNorm = 35.9296, GNorm = 0.0829, lr_0 = 1.3469e-04
Loss = 9.9598e-05, PNorm = 35.9298, GNorm = 0.1131, lr_0 = 1.3436e-04
Loss = 1.1895e-04, PNorm = 35.9302, GNorm = 0.0918, lr_0 = 1.3404e-04
Loss = 1.0412e-04, PNorm = 35.9308, GNorm = 0.0533, lr_0 = 1.3372e-04
Loss = 9.3856e-05, PNorm = 35.9311, GNorm = 0.0222, lr_0 = 1.3340e-04
Loss = 9.5003e-05, PNorm = 35.9312, GNorm = 0.0723, lr_0 = 1.3308e-04
Validation mae = nan
Epoch 87
Loss = 1.1586e-04, PNorm = 35.9315, GNorm = 0.0313, lr_0 = 1.3273e-04
Loss = 1.1154e-04, PNorm = 35.9319, GNorm = 0.0741, lr_0 = 1.3241e-04
Loss = 1.0977e-04, PNorm = 35.9320, GNorm = 0.0851, lr_0 = 1.3210e-04
Loss = 1.2259e-04, PNorm = 35.9325, GNorm = 0.0890, lr_0 = 1.3178e-04
Loss = 1.2115e-04, PNorm = 35.9331, GNorm = 0.0556, lr_0 = 1.3146e-04
Loss = 1.3449e-04, PNorm = 35.9334, GNorm = 0.0764, lr_0 = 1.3115e-04
Loss = 1.0972e-04, PNorm = 35.9338, GNorm = 0.0627, lr_0 = 1.3083e-04
Loss = 1.3495e-04, PNorm = 35.9343, GNorm = 0.0621, lr_0 = 1.3052e-04
Loss = 1.2518e-04, PNorm = 35.9345, GNorm = 0.1755, lr_0 = 1.3021e-04
Loss = 1.2962e-04, PNorm = 35.9350, GNorm = 0.0356, lr_0 = 1.2990e-04
Validation mae = nan
Epoch 88
Loss = 1.7315e-04, PNorm = 35.9353, GNorm = 0.0730, lr_0 = 1.2955e-04
Loss = 1.5040e-04, PNorm = 35.9358, GNorm = 0.1238, lr_0 = 1.2924e-04
Loss = 1.5006e-04, PNorm = 35.9362, GNorm = 0.1550, lr_0 = 1.2893e-04
Loss = 1.2195e-04, PNorm = 35.9367, GNorm = 0.0584, lr_0 = 1.2863e-04
Loss = 1.4553e-04, PNorm = 35.9371, GNorm = 0.1548, lr_0 = 1.2832e-04
Loss = 1.6785e-04, PNorm = 35.9373, GNorm = 0.1300, lr_0 = 1.2801e-04
Loss = 2.1237e-04, PNorm = 35.9377, GNorm = 0.1166, lr_0 = 1.2770e-04
Loss = 1.5963e-04, PNorm = 35.9383, GNorm = 0.1063, lr_0 = 1.2740e-04
Loss = 1.5213e-04, PNorm = 35.9387, GNorm = 0.0695, lr_0 = 1.2709e-04
Loss = 1.3151e-04, PNorm = 35.9389, GNorm = 0.0828, lr_0 = 1.2679e-04
Validation mae = nan
Epoch 89
Loss = 7.0846e-05, PNorm = 35.9395, GNorm = 0.0204, lr_0 = 1.2649e-04
Loss = 9.2007e-05, PNorm = 35.9397, GNorm = 0.0330, lr_0 = 1.2618e-04
Loss = 9.8201e-05, PNorm = 35.9401, GNorm = 0.0468, lr_0 = 1.2588e-04
Loss = 9.7046e-05, PNorm = 35.9403, GNorm = 0.0301, lr_0 = 1.2558e-04
Loss = 9.4984e-05, PNorm = 35.9406, GNorm = 0.0335, lr_0 = 1.2528e-04
Loss = 1.1542e-04, PNorm = 35.9409, GNorm = 0.0730, lr_0 = 1.2498e-04
Loss = 1.1273e-04, PNorm = 35.9413, GNorm = 0.0890, lr_0 = 1.2468e-04
Loss = 1.0330e-04, PNorm = 35.9415, GNorm = 0.0336, lr_0 = 1.2438e-04
Loss = 8.7758e-05, PNorm = 35.9418, GNorm = 0.0519, lr_0 = 1.2408e-04
Loss = 7.5785e-05, PNorm = 35.9423, GNorm = 0.0324, lr_0 = 1.2379e-04
Loss = 7.1467e-05, PNorm = 35.9424, GNorm = 0.0494, lr_0 = 1.2376e-04
Validation mae = nan
Epoch 90
Loss = 1.2395e-04, PNorm = 35.9427, GNorm = 0.0564, lr_0 = 1.2346e-04
Loss = 1.0935e-04, PNorm = 35.9431, GNorm = 0.0813, lr_0 = 1.2316e-04
Loss = 9.0473e-05, PNorm = 35.9436, GNorm = 0.0256, lr_0 = 1.2287e-04
Loss = 7.0789e-05, PNorm = 35.9441, GNorm = 0.0270, lr_0 = 1.2257e-04
Loss = 8.8012e-05, PNorm = 35.9444, GNorm = 0.0438, lr_0 = 1.2228e-04
Loss = 9.0594e-05, PNorm = 35.9448, GNorm = 0.0299, lr_0 = 1.2199e-04
Loss = 1.2455e-04, PNorm = 35.9450, GNorm = 0.0481, lr_0 = 1.2170e-04
Loss = 9.2957e-05, PNorm = 35.9452, GNorm = 0.0743, lr_0 = 1.2140e-04
Loss = 8.3222e-05, PNorm = 35.9455, GNorm = 0.0763, lr_0 = 1.2111e-04
Validation mae = nan
Epoch 91
Loss = 3.9475e-04, PNorm = 35.9460, GNorm = 0.1548, lr_0 = 1.2080e-04
Loss = 2.5085e-04, PNorm = 35.9465, GNorm = 0.0480, lr_0 = 1.2051e-04
Loss = 1.9301e-04, PNorm = 35.9466, GNorm = 0.2076, lr_0 = 1.2022e-04
Loss = 2.0753e-04, PNorm = 35.9470, GNorm = 0.1079, lr_0 = 1.1993e-04
Loss = 1.7699e-04, PNorm = 35.9473, GNorm = 0.0893, lr_0 = 1.1964e-04
Loss = 1.5047e-04, PNorm = 35.9479, GNorm = 0.0773, lr_0 = 1.1936e-04
Loss = 1.2632e-04, PNorm = 35.9479, GNorm = 0.0905, lr_0 = 1.1907e-04
Loss = 1.2242e-04, PNorm = 35.9485, GNorm = 0.0801, lr_0 = 1.1878e-04
Loss = 1.8523e-04, PNorm = 35.9487, GNorm = 0.0334, lr_0 = 1.1850e-04
Loss = 1.2915e-04, PNorm = 35.9496, GNorm = 0.1072, lr_0 = 1.1822e-04
Validation mae = nan
Epoch 92
Loss = 1.9598e-04, PNorm = 35.9498, GNorm = 0.1096, lr_0 = 1.1793e-04
Loss = 1.5732e-04, PNorm = 35.9505, GNorm = 0.0343, lr_0 = 1.1765e-04
Loss = 1.5212e-04, PNorm = 35.9508, GNorm = 0.0982, lr_0 = 1.1737e-04
Loss = 1.2622e-04, PNorm = 35.9510, GNorm = 0.0435, lr_0 = 1.1709e-04
Loss = 1.8341e-04, PNorm = 35.9516, GNorm = 0.1016, lr_0 = 1.1681e-04
Loss = 1.7126e-04, PNorm = 35.9516, GNorm = 0.1397, lr_0 = 1.1653e-04
Loss = 1.1067e-04, PNorm = 35.9523, GNorm = 0.0713, lr_0 = 1.1625e-04
Loss = 8.3666e-05, PNorm = 35.9527, GNorm = 0.0341, lr_0 = 1.1597e-04
Loss = 1.2967e-04, PNorm = 35.9532, GNorm = 0.0834, lr_0 = 1.1569e-04
Loss = 1.2228e-04, PNorm = 35.9534, GNorm = 0.0483, lr_0 = 1.1542e-04
Validation mae = nan
Epoch 93
Loss = 1.0879e-04, PNorm = 35.9538, GNorm = 0.0369, lr_0 = 1.1511e-04
Loss = 9.8029e-05, PNorm = 35.9539, GNorm = 0.0930, lr_0 = 1.1484e-04
Loss = 1.0527e-04, PNorm = 35.9543, GNorm = 0.0707, lr_0 = 1.1456e-04
Loss = 1.2985e-04, PNorm = 35.9545, GNorm = 0.0749, lr_0 = 1.1429e-04
Loss = 1.3865e-04, PNorm = 35.9547, GNorm = 0.1160, lr_0 = 1.1401e-04
Loss = 1.1094e-04, PNorm = 35.9554, GNorm = 0.0641, lr_0 = 1.1374e-04
Loss = 1.0551e-04, PNorm = 35.9558, GNorm = 0.0533, lr_0 = 1.1347e-04
Loss = 1.0233e-04, PNorm = 35.9562, GNorm = 0.0335, lr_0 = 1.1320e-04
Loss = 9.2873e-05, PNorm = 35.9563, GNorm = 0.0901, lr_0 = 1.1293e-04
Loss = 8.8830e-05, PNorm = 35.9564, GNorm = 0.0418, lr_0 = 1.1265e-04
Validation mae = nan
Epoch 94
Loss = 1.2128e-04, PNorm = 35.9569, GNorm = 0.0340, lr_0 = 1.1236e-04
Loss = 1.2424e-04, PNorm = 35.9570, GNorm = 0.0412, lr_0 = 1.1209e-04
Loss = 1.3443e-04, PNorm = 35.9574, GNorm = 0.1203, lr_0 = 1.1182e-04
Loss = 9.4785e-05, PNorm = 35.9578, GNorm = 0.0950, lr_0 = 1.1155e-04
Loss = 7.3157e-05, PNorm = 35.9581, GNorm = 0.0538, lr_0 = 1.1129e-04
Loss = 1.1156e-04, PNorm = 35.9586, GNorm = 0.0766, lr_0 = 1.1102e-04
Loss = 1.0584e-04, PNorm = 35.9590, GNorm = 0.0637, lr_0 = 1.1075e-04
Loss = 8.1366e-05, PNorm = 35.9590, GNorm = 0.0530, lr_0 = 1.1049e-04
Loss = 6.8515e-05, PNorm = 35.9594, GNorm = 0.0277, lr_0 = 1.1022e-04
Loss = 6.2201e-05, PNorm = 35.9595, GNorm = 0.0731, lr_0 = 1.0996e-04
Validation mae = nan
Epoch 95
Loss = 7.7090e-05, PNorm = 35.9597, GNorm = 0.0503, lr_0 = 1.0970e-04
Loss = 8.0298e-05, PNorm = 35.9599, GNorm = 0.0381, lr_0 = 1.0943e-04
Loss = 9.5879e-05, PNorm = 35.9602, GNorm = 0.0406, lr_0 = 1.0917e-04
Loss = 8.2262e-05, PNorm = 35.9605, GNorm = 0.0675, lr_0 = 1.0891e-04
Loss = 9.7898e-05, PNorm = 35.9608, GNorm = 0.1543, lr_0 = 1.0865e-04
Loss = 1.1324e-04, PNorm = 35.9613, GNorm = 0.0723, lr_0 = 1.0839e-04
Loss = 1.2625e-04, PNorm = 35.9614, GNorm = 0.0657, lr_0 = 1.0813e-04
Loss = 1.3952e-04, PNorm = 35.9618, GNorm = 0.0660, lr_0 = 1.0787e-04
Loss = 1.2461e-04, PNorm = 35.9621, GNorm = 0.0990, lr_0 = 1.0761e-04
Loss = 9.7200e-05, PNorm = 35.9625, GNorm = 0.0353, lr_0 = 1.0735e-04
Loss = 1.4338e-04, PNorm = 35.9625, GNorm = 0.1211, lr_0 = 1.0733e-04
Validation mae = nan
Epoch 96
Loss = 1.3209e-04, PNorm = 35.9630, GNorm = 0.0860, lr_0 = 1.0707e-04
Loss = 1.3632e-04, PNorm = 35.9632, GNorm = 0.0666, lr_0 = 1.0682e-04
Loss = 1.3019e-04, PNorm = 35.9636, GNorm = 0.0712, lr_0 = 1.0656e-04
Loss = 1.4731e-04, PNorm = 35.9642, GNorm = 0.1183, lr_0 = 1.0630e-04
Loss = 1.0535e-04, PNorm = 35.9647, GNorm = 0.0655, lr_0 = 1.0605e-04
Loss = 8.6815e-05, PNorm = 35.9648, GNorm = 0.0381, lr_0 = 1.0580e-04
Loss = 8.9161e-05, PNorm = 35.9648, GNorm = 0.1520, lr_0 = 1.0554e-04
Loss = 1.4978e-04, PNorm = 35.9653, GNorm = 0.0984, lr_0 = 1.0529e-04
Loss = 9.1828e-05, PNorm = 35.9656, GNorm = 0.0489, lr_0 = 1.0504e-04
Validation mae = nan
Epoch 97
Loss = 8.5812e-05, PNorm = 35.9661, GNorm = 0.0559, lr_0 = 1.0476e-04
Loss = 9.0210e-05, PNorm = 35.9666, GNorm = 0.0263, lr_0 = 1.0451e-04
Loss = 8.6601e-05, PNorm = 35.9669, GNorm = 0.0621, lr_0 = 1.0426e-04
Loss = 8.8837e-05, PNorm = 35.9672, GNorm = 0.0497, lr_0 = 1.0401e-04
Loss = 1.2857e-04, PNorm = 35.9675, GNorm = 0.1666, lr_0 = 1.0376e-04
Loss = 1.1866e-04, PNorm = 35.9678, GNorm = 0.0638, lr_0 = 1.0351e-04
Loss = 1.1246e-04, PNorm = 35.9683, GNorm = 0.0998, lr_0 = 1.0326e-04
Loss = 1.0000e-04, PNorm = 35.9687, GNorm = 0.0411, lr_0 = 1.0302e-04
Loss = 6.2932e-05, PNorm = 35.9690, GNorm = 0.0599, lr_0 = 1.0277e-04
Loss = 6.7904e-05, PNorm = 35.9693, GNorm = 0.0457, lr_0 = 1.0252e-04
Validation mae = nan
Epoch 98
Loss = 7.0075e-05, PNorm = 35.9694, GNorm = 0.0801, lr_0 = 1.0228e-04
Loss = 8.4106e-05, PNorm = 35.9696, GNorm = 0.0713, lr_0 = 1.0203e-04
Loss = 1.0449e-04, PNorm = 35.9699, GNorm = 0.1055, lr_0 = 1.0179e-04
Loss = 1.0769e-04, PNorm = 35.9704, GNorm = 0.0621, lr_0 = 1.0155e-04
Loss = 1.1107e-04, PNorm = 35.9708, GNorm = 0.0490, lr_0 = 1.0130e-04
Loss = 8.2011e-05, PNorm = 35.9709, GNorm = 0.0665, lr_0 = 1.0106e-04
Loss = 1.0633e-04, PNorm = 35.9712, GNorm = 0.1017, lr_0 = 1.0082e-04
Loss = 9.1558e-05, PNorm = 35.9715, GNorm = 0.0616, lr_0 = 1.0058e-04
Loss = 8.4567e-05, PNorm = 35.9720, GNorm = 0.0252, lr_0 = 1.0034e-04
Loss = 8.0401e-05, PNorm = 35.9723, GNorm = 0.0765, lr_0 = 1.0010e-04
Validation mae = nan
Epoch 99
Loss = 8.8530e-05, PNorm = 35.9727, GNorm = 0.1069, lr_0 = 1.0000e-04
Loss = 8.0148e-05, PNorm = 35.9730, GNorm = 0.0951, lr_0 = 1.0000e-04
Loss = 1.0568e-04, PNorm = 35.9730, GNorm = 0.0587, lr_0 = 1.0000e-04
Loss = 8.0611e-05, PNorm = 35.9733, GNorm = 0.0652, lr_0 = 1.0000e-04
Loss = 8.5199e-05, PNorm = 35.9737, GNorm = 0.0348, lr_0 = 1.0000e-04
Loss = 7.9371e-05, PNorm = 35.9742, GNorm = 0.0456, lr_0 = 1.0000e-04
Loss = 1.2878e-04, PNorm = 35.9749, GNorm = 0.1532, lr_0 = 1.0000e-04
Loss = 1.3833e-04, PNorm = 35.9754, GNorm = 0.1547, lr_0 = 1.0000e-04
Loss = 1.4310e-04, PNorm = 35.9754, GNorm = 0.1385, lr_0 = 1.0000e-04
Loss = 1.4155e-04, PNorm = 35.9758, GNorm = 0.1398, lr_0 = 1.0000e-04
Validation mae = nan
Model 0 best validation mae = inf on epoch 0
Loading pretrained parameter "encoder.encoder.0.cached_zero_vector".
Loading pretrained parameter "encoder.encoder.0.W_i.weight".
Loading pretrained parameter "encoder.encoder.0.W_h.weight".
Loading pretrained parameter "encoder.encoder.0.W_o.weight".
Loading pretrained parameter "encoder.encoder.0.W_o.bias".
Loading pretrained parameter "ffn.1.weight".
Loading pretrained parameter "ffn.1.bias".
Loading pretrained parameter "ffn.4.weight".
Loading pretrained parameter "ffn.4.bias".
Moving model to cuda
Model 0 test mae = nan
Ensemble test mae = nan
1-fold cross validation
	Seed 0 ==> test mae = nan
Overall test mae = nan +/- nan
Elapsed time = 0:06:04
