Command line
python train.py --data_path data/data_0.5_2/hvap.csv --smiles_columns smiles --target_columns hvap --dataset_type regression --split_sizes 1.0 0.0 0.0 --features_generator rdkit_2d --features_columns T --save_dir data/data_0.5_2/hvap --save_preds --epochs 100 --metric mae
Args
{'activation': 'ReLU',
 'aggregation': 'mean',
 'aggregation_norm': 100,
 'atom_descriptor_scaling': True,
 'atom_descriptors': None,
 'atom_descriptors_path': None,
 'atom_descriptors_size': 0,
 'atom_features_size': 0,
 'atom_messages': False,
 'batch_size': 50,
 'bias': False,
 'bond_feature_scaling': True,
 'bond_features_path': None,
 'bond_features_size': 0,
 'cache_cutoff': 10000,
 'checkpoint_dir': None,
 'checkpoint_path': None,
 'checkpoint_paths': None,
 'class_balance': False,
 'config_path': None,
 'crossval_index_dir': None,
 'crossval_index_file': None,
 'crossval_index_sets': None,
 'cuda': True,
 'data_path': 'data/data_0.5_2/hvap.csv',
 'dataset_type': 'regression',
 'depth': 3,
 'device': device(type='cuda'),
 'dropout': 0.0,
 'empty_cache': False,
 'ensemble_size': 1,
 'epochs': 100,
 'explicit_h': False,
 'extra_metrics': [],
 'features_columns': ['T'],
 'features_generator': ['rdkit_2d'],
 'features_only': False,
 'features_path': None,
 'features_scaling': True,
 'features_size': None,
 'ffn_hidden_size': 300,
 'ffn_num_layers': 2,
 'final_lr': 0.0001,
 'folds_file': None,
 'gpu': None,
 'grad_clip': None,
 'hidden_size': 300,
 'ignore_columns': None,
 'init_lr': 0.0001,
 'log_frequency': 10,
 'max_data_size': None,
 'max_lr': 0.001,
 'metric': 'mae',
 'metrics': ['mae'],
 'minimize_score': True,
 'mpn_shared': False,
 'multiclass_num_classes': 3,
 'no_atom_descriptor_scaling': False,
 'no_bond_features_scaling': False,
 'no_cache_mol': False,
 'no_cuda': False,
 'no_features_scaling': False,
 'num_folds': 1,
 'num_lrs': 1,
 'num_tasks': 1,
 'num_workers': 8,
 'number_of_molecules': 1,
 'overwrite_default_atom_features': False,
 'overwrite_default_bond_features': False,
 'pytorch_seed': 0,
 'quiet': False,
 'reaction': False,
 'reaction_mode': 'reac_diff',
 'resume_experiment': False,
 'save_dir': 'data/data_0.5_2/hvap',
 'save_preds': True,
 'save_smiles_splits': False,
 'seed': 0,
 'separate_test_atom_descriptors_path': None,
 'separate_test_bond_features_path': None,
 'separate_test_features_path': None,
 'separate_test_path': None,
 'separate_val_atom_descriptors_path': None,
 'separate_val_bond_features_path': None,
 'separate_val_features_path': None,
 'separate_val_path': None,
 'show_individual_scores': False,
 'smiles_columns': ['smiles'],
 'split_sizes': (1.0, 0.0, 0.0),
 'split_type': 'random',
 'target_columns': ['hvap'],
 'task_names': ['hvap'],
 'test': False,
 'test_fold_index': None,
 'train_data_size': None,
 'undirected': False,
 'use_input_features': True,
 'val_fold_index': None,
 'warmup_epochs': 2.0}
Loading data
Number of tasks = 1
Fold 0
Splitting data with seed 0
Total size = 4,913 | train size = 4,913 | val size = 0 | test size = 0
Fitting scaler
Building model 0
MoleculeModel(
  (encoder): MPN(
    (encoder): ModuleList(
      (0): MPNEncoder(
        (dropout_layer): Dropout(p=0.0, inplace=False)
        (act_func): ReLU()
        (W_i): Linear(in_features=147, out_features=300, bias=False)
        (W_h): Linear(in_features=300, out_features=300, bias=False)
        (W_o): Linear(in_features=433, out_features=300, bias=True)
      )
    )
  )
  (ffn): Sequential(
    (0): Dropout(p=0.0, inplace=False)
    (1): Linear(in_features=501, out_features=300, bias=True)
    (2): ReLU()
    (3): Dropout(p=0.0, inplace=False)
    (4): Linear(in_features=300, out_features=1, bias=True)
  )
)
Number of parameters = 415,201
Moving model to cuda
Epoch 0
Loss = 8.5558e-01, PNorm = 35.0931, GNorm = 1.8383, lr_0 = 1.5051e-04
Loss = 3.7238e-01, PNorm = 35.0967, GNorm = 2.9685, lr_0 = 1.9643e-04
Loss = 2.6816e-01, PNorm = 35.0985, GNorm = 2.5626, lr_0 = 2.4235e-04
Loss = 2.3276e-01, PNorm = 35.1032, GNorm = 2.0508, lr_0 = 2.8827e-04
Loss = 1.3534e-01, PNorm = 35.1091, GNorm = 3.8092, lr_0 = 3.3418e-04
Loss = 1.0376e-01, PNorm = 35.1146, GNorm = 1.9083, lr_0 = 3.8010e-04
Loss = 8.6054e-02, PNorm = 35.1191, GNorm = 2.8826, lr_0 = 4.2602e-04
Loss = 5.7627e-02, PNorm = 35.1219, GNorm = 1.0887, lr_0 = 4.7194e-04
Loss = 3.0276e-02, PNorm = 35.1249, GNorm = 1.9851, lr_0 = 5.1786e-04
Validation mae = nan
Epoch 1
Loss = 3.9491e-02, PNorm = 35.1271, GNorm = 0.8876, lr_0 = 5.6837e-04
Loss = 2.5743e-02, PNorm = 35.1282, GNorm = 0.4670, lr_0 = 6.1429e-04
Loss = 1.8755e-02, PNorm = 35.1289, GNorm = 1.0883, lr_0 = 6.6020e-04
Loss = 1.6672e-02, PNorm = 35.1299, GNorm = 0.6910, lr_0 = 7.0612e-04
Loss = 1.4789e-02, PNorm = 35.1307, GNorm = 1.3804, lr_0 = 7.5204e-04
Loss = 1.3196e-02, PNorm = 35.1323, GNorm = 1.4114, lr_0 = 7.9796e-04
Loss = 1.3049e-02, PNorm = 35.1336, GNorm = 1.4448, lr_0 = 8.4388e-04
Loss = 9.4393e-03, PNorm = 35.1352, GNorm = 0.4069, lr_0 = 8.8980e-04
Loss = 1.2927e-02, PNorm = 35.1368, GNorm = 0.9180, lr_0 = 9.3571e-04
Loss = 1.3144e-02, PNorm = 35.1382, GNorm = 0.9033, lr_0 = 9.8163e-04
Validation mae = nan
Epoch 2
Loss = 1.7207e-02, PNorm = 35.1397, GNorm = 1.0705, lr_0 = 9.9832e-04
Loss = 9.9810e-03, PNorm = 35.1416, GNorm = 0.5787, lr_0 = 9.9593e-04
Loss = 8.8308e-03, PNorm = 35.1443, GNorm = 1.7893, lr_0 = 9.9355e-04
Loss = 1.0542e-02, PNorm = 35.1472, GNorm = 0.8732, lr_0 = 9.9117e-04
Loss = 1.0370e-02, PNorm = 35.1494, GNorm = 0.9384, lr_0 = 9.8879e-04
Loss = 6.5897e-03, PNorm = 35.1518, GNorm = 0.5456, lr_0 = 9.8643e-04
Loss = 7.2206e-03, PNorm = 35.1548, GNorm = 0.1629, lr_0 = 9.8406e-04
Loss = 4.8818e-03, PNorm = 35.1577, GNorm = 0.4208, lr_0 = 9.8171e-04
Loss = 4.2677e-03, PNorm = 35.1608, GNorm = 0.3230, lr_0 = 9.7936e-04
Loss = 6.1945e-03, PNorm = 35.1623, GNorm = 0.4706, lr_0 = 9.7701e-04
Validation mae = nan
Epoch 3
Loss = 6.1338e-03, PNorm = 35.1649, GNorm = 0.4912, lr_0 = 9.7444e-04
Loss = 6.3061e-03, PNorm = 35.1680, GNorm = 0.7758, lr_0 = 9.7211e-04
Loss = 4.0789e-03, PNorm = 35.1716, GNorm = 0.7177, lr_0 = 9.6978e-04
Loss = 3.2280e-03, PNorm = 35.1757, GNorm = 0.2665, lr_0 = 9.6746e-04
Loss = 2.6476e-03, PNorm = 35.1788, GNorm = 0.2336, lr_0 = 9.6514e-04
Loss = 3.0555e-03, PNorm = 35.1814, GNorm = 0.4567, lr_0 = 9.6283e-04
Loss = 2.5939e-03, PNorm = 35.1847, GNorm = 0.3887, lr_0 = 9.6052e-04
Loss = 2.4262e-03, PNorm = 35.1863, GNorm = 0.3038, lr_0 = 9.5822e-04
Loss = 2.5130e-03, PNorm = 35.1886, GNorm = 0.3988, lr_0 = 9.5593e-04
Loss = 2.3942e-03, PNorm = 35.1903, GNorm = 0.2988, lr_0 = 9.5364e-04
Validation mae = nan
Epoch 4
Loss = 3.5135e-03, PNorm = 35.1921, GNorm = 0.5479, lr_0 = 9.5135e-04
Loss = 3.3946e-03, PNorm = 35.1933, GNorm = 0.5149, lr_0 = 9.4908e-04
Loss = 2.7380e-03, PNorm = 35.1950, GNorm = 0.2269, lr_0 = 9.4680e-04
Loss = 2.5446e-03, PNorm = 35.1975, GNorm = 0.5557, lr_0 = 9.4454e-04
Loss = 2.4528e-03, PNorm = 35.1989, GNorm = 0.7131, lr_0 = 9.4227e-04
Loss = 2.5042e-03, PNorm = 35.2012, GNorm = 0.8259, lr_0 = 9.4002e-04
Loss = 1.9083e-03, PNorm = 35.2037, GNorm = 0.4596, lr_0 = 9.3777e-04
Loss = 1.5818e-03, PNorm = 35.2059, GNorm = 0.2040, lr_0 = 9.3552e-04
Loss = 2.3228e-03, PNorm = 35.2081, GNorm = 0.4698, lr_0 = 9.3328e-04
Loss = 1.8314e-03, PNorm = 35.2099, GNorm = 0.4733, lr_0 = 9.3105e-04
Validation mae = nan
Epoch 5
Loss = 1.5198e-03, PNorm = 35.2115, GNorm = 0.1882, lr_0 = 9.2859e-04
Loss = 2.1301e-03, PNorm = 35.2127, GNorm = 0.4055, lr_0 = 9.2637e-04
Loss = 2.1267e-03, PNorm = 35.2141, GNorm = 0.3410, lr_0 = 9.2415e-04
Loss = 2.2105e-03, PNorm = 35.2158, GNorm = 0.4378, lr_0 = 9.2194e-04
Loss = 2.3873e-03, PNorm = 35.2166, GNorm = 0.5990, lr_0 = 9.1973e-04
Loss = 2.8789e-03, PNorm = 35.2184, GNorm = 0.4938, lr_0 = 9.1753e-04
Loss = 2.2239e-03, PNorm = 35.2205, GNorm = 0.3522, lr_0 = 9.1533e-04
Loss = 1.4589e-03, PNorm = 35.2223, GNorm = 0.2288, lr_0 = 9.1314e-04
Loss = 2.3765e-03, PNorm = 35.2233, GNorm = 0.4390, lr_0 = 9.1095e-04
Validation mae = nan
Epoch 6
Loss = 2.6371e-03, PNorm = 35.2269, GNorm = 0.2596, lr_0 = 9.0855e-04
Loss = 1.6963e-03, PNorm = 35.2311, GNorm = 0.2791, lr_0 = 9.0638e-04
Loss = 1.5151e-03, PNorm = 35.2343, GNorm = 0.0794, lr_0 = 9.0421e-04
Loss = 1.4982e-03, PNorm = 35.2364, GNorm = 0.3272, lr_0 = 9.0204e-04
Loss = 1.3762e-03, PNorm = 35.2380, GNorm = 0.1830, lr_0 = 8.9988e-04
Loss = 1.9552e-03, PNorm = 35.2392, GNorm = 0.2873, lr_0 = 8.9773e-04
Loss = 1.4859e-03, PNorm = 35.2407, GNorm = 0.2549, lr_0 = 8.9558e-04
Loss = 1.4026e-03, PNorm = 35.2423, GNorm = 0.2532, lr_0 = 8.9343e-04
Loss = 1.5555e-03, PNorm = 35.2440, GNorm = 0.2034, lr_0 = 8.9129e-04
Loss = 1.2359e-03, PNorm = 35.2459, GNorm = 0.1837, lr_0 = 8.8916e-04
Validation mae = nan
Epoch 7
Loss = 1.7660e-03, PNorm = 35.2484, GNorm = 0.3395, lr_0 = 8.8682e-04
Loss = 1.5218e-03, PNorm = 35.2501, GNorm = 0.4640, lr_0 = 8.8469e-04
Loss = 1.6793e-03, PNorm = 35.2519, GNorm = 0.2998, lr_0 = 8.8258e-04
Loss = 1.7277e-03, PNorm = 35.2529, GNorm = 0.3714, lr_0 = 8.8046e-04
Loss = 1.0934e-03, PNorm = 35.2539, GNorm = 0.1704, lr_0 = 8.7835e-04
Loss = 1.3557e-03, PNorm = 35.2557, GNorm = 0.1090, lr_0 = 8.7625e-04
Loss = 1.1078e-03, PNorm = 35.2574, GNorm = 0.2027, lr_0 = 8.7415e-04
Loss = 1.3373e-03, PNorm = 35.2591, GNorm = 0.2477, lr_0 = 8.7206e-04
Loss = 1.2276e-03, PNorm = 35.2607, GNorm = 0.1481, lr_0 = 8.6997e-04
Loss = 1.0477e-03, PNorm = 35.2622, GNorm = 0.1705, lr_0 = 8.6789e-04
Validation mae = nan
Epoch 8
Loss = 1.9785e-03, PNorm = 35.2646, GNorm = 0.5618, lr_0 = 8.6581e-04
Loss = 1.3594e-03, PNorm = 35.2678, GNorm = 0.4482, lr_0 = 8.6374e-04
Loss = 1.3760e-03, PNorm = 35.2705, GNorm = 0.4513, lr_0 = 8.6167e-04
Loss = 1.3900e-03, PNorm = 35.2723, GNorm = 0.1924, lr_0 = 8.5960e-04
Loss = 9.7919e-04, PNorm = 35.2740, GNorm = 0.2876, lr_0 = 8.5755e-04
Loss = 7.9985e-04, PNorm = 35.2758, GNorm = 0.1343, lr_0 = 8.5549e-04
Loss = 9.7202e-04, PNorm = 35.2780, GNorm = 0.1732, lr_0 = 8.5344e-04
Loss = 1.1148e-03, PNorm = 35.2799, GNorm = 0.1921, lr_0 = 8.5140e-04
Loss = 1.3497e-03, PNorm = 35.2813, GNorm = 0.1251, lr_0 = 8.4936e-04
Loss = 1.1970e-03, PNorm = 35.2830, GNorm = 0.3451, lr_0 = 8.4733e-04
Validation mae = nan
Epoch 9
Loss = 1.9013e-03, PNorm = 35.2856, GNorm = 0.6765, lr_0 = 8.4509e-04
Loss = 1.2239e-03, PNorm = 35.2879, GNorm = 0.3527, lr_0 = 8.4307e-04
Loss = 1.4880e-03, PNorm = 35.2895, GNorm = 0.1863, lr_0 = 8.4105e-04
Loss = 1.3447e-03, PNorm = 35.2915, GNorm = 0.2234, lr_0 = 8.3904e-04
Loss = 1.3460e-03, PNorm = 35.2928, GNorm = 0.3140, lr_0 = 8.3703e-04
Loss = 1.8520e-03, PNorm = 35.2941, GNorm = 0.3059, lr_0 = 8.3502e-04
Loss = 1.8382e-03, PNorm = 35.2953, GNorm = 0.3434, lr_0 = 8.3303e-04
Loss = 2.1609e-03, PNorm = 35.2992, GNorm = 0.4267, lr_0 = 8.3103e-04
Loss = 2.5361e-03, PNorm = 35.3027, GNorm = 0.2674, lr_0 = 8.2904e-04
Loss = 1.9582e-03, PNorm = 35.3065, GNorm = 0.1404, lr_0 = 8.2705e-04
Validation mae = nan
Epoch 10
Loss = 4.1311e-03, PNorm = 35.3094, GNorm = 1.0258, lr_0 = 8.2488e-04
Loss = 2.9083e-03, PNorm = 35.3123, GNorm = 0.6399, lr_0 = 8.2290e-04
Loss = 2.2378e-03, PNorm = 35.3156, GNorm = 0.5278, lr_0 = 8.2093e-04
Loss = 1.9244e-03, PNorm = 35.3188, GNorm = 0.1673, lr_0 = 8.1896e-04
Loss = 1.8547e-03, PNorm = 35.3215, GNorm = 0.2813, lr_0 = 8.1700e-04
Loss = 1.3846e-03, PNorm = 35.3252, GNorm = 0.1192, lr_0 = 8.1505e-04
Loss = 9.4859e-04, PNorm = 35.3287, GNorm = 0.1202, lr_0 = 8.1310e-04
Loss = 9.1541e-04, PNorm = 35.3310, GNorm = 0.1550, lr_0 = 8.1115e-04
Loss = 1.0056e-03, PNorm = 35.3322, GNorm = 0.1439, lr_0 = 8.0921e-04
Loss = 1.6372e-03, PNorm = 35.3334, GNorm = 0.3650, lr_0 = 8.0727e-04
Loss = 1.3170e-03, PNorm = 35.3336, GNorm = 0.2853, lr_0 = 8.0707e-04
Validation mae = nan
Epoch 11
Loss = 2.0845e-03, PNorm = 35.3348, GNorm = 0.2861, lr_0 = 8.0514e-04
Loss = 1.3176e-03, PNorm = 35.3363, GNorm = 0.1095, lr_0 = 8.0321e-04
Loss = 1.2953e-03, PNorm = 35.3371, GNorm = 0.2600, lr_0 = 8.0129e-04
Loss = 1.0465e-03, PNorm = 35.3397, GNorm = 0.1652, lr_0 = 7.9937e-04
Loss = 1.1356e-03, PNorm = 35.3422, GNorm = 0.1425, lr_0 = 7.9746e-04
Loss = 1.4607e-03, PNorm = 35.3446, GNorm = 0.3725, lr_0 = 7.9555e-04
Loss = 1.6055e-03, PNorm = 35.3460, GNorm = 0.1781, lr_0 = 7.9364e-04
Loss = 9.7964e-04, PNorm = 35.3480, GNorm = 0.0572, lr_0 = 7.9174e-04
Loss = 7.9462e-04, PNorm = 35.3504, GNorm = 0.2469, lr_0 = 7.8985e-04
Validation mae = nan
Epoch 12
Loss = 2.0987e-03, PNorm = 35.3513, GNorm = 0.5342, lr_0 = 7.8796e-04
Loss = 8.9707e-04, PNorm = 35.3519, GNorm = 0.1697, lr_0 = 7.8607e-04
Loss = 9.5169e-04, PNorm = 35.3530, GNorm = 0.1028, lr_0 = 7.8419e-04
Loss = 7.6651e-04, PNorm = 35.3548, GNorm = 0.2197, lr_0 = 7.8231e-04
Loss = 7.4958e-04, PNorm = 35.3574, GNorm = 0.0684, lr_0 = 7.8043e-04
Loss = 6.5981e-04, PNorm = 35.3600, GNorm = 0.1126, lr_0 = 7.7857e-04
Loss = 7.3021e-04, PNorm = 35.3617, GNorm = 0.1832, lr_0 = 7.7670e-04
Loss = 9.6468e-04, PNorm = 35.3632, GNorm = 0.2585, lr_0 = 7.7484e-04
Loss = 9.9376e-04, PNorm = 35.3645, GNorm = 0.3899, lr_0 = 7.7299e-04
Loss = 1.5306e-03, PNorm = 35.3657, GNorm = 0.4357, lr_0 = 7.7113e-04
Validation mae = nan
Epoch 13
Loss = 1.0769e-03, PNorm = 35.3664, GNorm = 0.2236, lr_0 = 7.6910e-04
Loss = 1.1274e-03, PNorm = 35.3683, GNorm = 0.0814, lr_0 = 7.6726e-04
Loss = 1.0957e-03, PNorm = 35.3702, GNorm = 0.1956, lr_0 = 7.6542e-04
Loss = 7.3429e-04, PNorm = 35.3715, GNorm = 0.0631, lr_0 = 7.6359e-04
Loss = 8.6339e-04, PNorm = 35.3727, GNorm = 0.3385, lr_0 = 7.6176e-04
Loss = 9.8198e-04, PNorm = 35.3747, GNorm = 0.3565, lr_0 = 7.5994e-04
Loss = 8.5113e-04, PNorm = 35.3764, GNorm = 0.1861, lr_0 = 7.5812e-04
Loss = 7.3827e-04, PNorm = 35.3776, GNorm = 0.1779, lr_0 = 7.5630e-04
Loss = 8.1986e-04, PNorm = 35.3787, GNorm = 0.1277, lr_0 = 7.5449e-04
Loss = 7.5744e-04, PNorm = 35.3807, GNorm = 0.1525, lr_0 = 7.5269e-04
Validation mae = nan
Epoch 14
Loss = 1.2358e-03, PNorm = 35.3823, GNorm = 0.3274, lr_0 = 7.5070e-04
Loss = 8.7942e-04, PNorm = 35.3841, GNorm = 0.0703, lr_0 = 7.4891e-04
Loss = 8.5204e-04, PNorm = 35.3855, GNorm = 0.1538, lr_0 = 7.4711e-04
Loss = 7.4508e-04, PNorm = 35.3865, GNorm = 0.1719, lr_0 = 7.4532e-04
Loss = 6.1525e-04, PNorm = 35.3887, GNorm = 0.1384, lr_0 = 7.4354e-04
Loss = 8.6254e-04, PNorm = 35.3915, GNorm = 0.2008, lr_0 = 7.4176e-04
Loss = 7.9883e-04, PNorm = 35.3941, GNorm = 0.2786, lr_0 = 7.3998e-04
Loss = 1.0646e-03, PNorm = 35.3957, GNorm = 0.1276, lr_0 = 7.3821e-04
Loss = 8.5425e-04, PNorm = 35.3978, GNorm = 0.1770, lr_0 = 7.3644e-04
Loss = 8.5159e-04, PNorm = 35.3998, GNorm = 0.1809, lr_0 = 7.3468e-04
Validation mae = nan
Epoch 15
Loss = 8.9321e-04, PNorm = 35.4013, GNorm = 0.2348, lr_0 = 7.3274e-04
Loss = 7.6526e-04, PNorm = 35.4024, GNorm = 0.2141, lr_0 = 7.3099e-04
Loss = 1.1264e-03, PNorm = 35.4035, GNorm = 0.2722, lr_0 = 7.2924e-04
Loss = 8.0559e-04, PNorm = 35.4050, GNorm = 0.1041, lr_0 = 7.2749e-04
Loss = 1.5373e-03, PNorm = 35.4069, GNorm = 0.5066, lr_0 = 7.2575e-04
Loss = 1.5186e-03, PNorm = 35.4083, GNorm = 0.1977, lr_0 = 7.2401e-04
Loss = 1.2902e-03, PNorm = 35.4098, GNorm = 0.5123, lr_0 = 7.2228e-04
Loss = 2.3073e-03, PNorm = 35.4113, GNorm = 0.7841, lr_0 = 7.2055e-04
Loss = 2.1978e-03, PNorm = 35.4133, GNorm = 0.1511, lr_0 = 7.1882e-04
Loss = 1.3087e-03, PNorm = 35.4162, GNorm = 0.0739, lr_0 = 7.1710e-04
Validation mae = nan
Epoch 16
Loss = 1.0469e-03, PNorm = 35.4181, GNorm = 0.2006, lr_0 = 7.1538e-04
Loss = 1.0525e-03, PNorm = 35.4197, GNorm = 0.1174, lr_0 = 7.1367e-04
Loss = 9.2422e-04, PNorm = 35.4220, GNorm = 0.1679, lr_0 = 7.1196e-04
Loss = 9.4741e-04, PNorm = 35.4238, GNorm = 0.3637, lr_0 = 7.1026e-04
Loss = 1.3622e-03, PNorm = 35.4245, GNorm = 0.4760, lr_0 = 7.0856e-04
Loss = 1.2890e-03, PNorm = 35.4258, GNorm = 0.3425, lr_0 = 7.0686e-04
Loss = 1.1211e-03, PNorm = 35.4274, GNorm = 0.1979, lr_0 = 7.0517e-04
Loss = 1.5035e-03, PNorm = 35.4292, GNorm = 0.3578, lr_0 = 7.0348e-04
Loss = 1.3448e-03, PNorm = 35.4303, GNorm = 0.3632, lr_0 = 7.0179e-04
Loss = 9.4470e-04, PNorm = 35.4319, GNorm = 0.0990, lr_0 = 7.0011e-04
Loss = 7.2988e-04, PNorm = 35.4322, GNorm = 0.3226, lr_0 = 6.9995e-04
Validation mae = nan
Epoch 17
Loss = 1.1204e-03, PNorm = 35.4340, GNorm = 0.2491, lr_0 = 6.9827e-04
Loss = 6.7102e-04, PNorm = 35.4363, GNorm = 0.1655, lr_0 = 6.9660e-04
Loss = 5.0273e-04, PNorm = 35.4389, GNorm = 0.1144, lr_0 = 6.9493e-04
Loss = 6.1684e-04, PNorm = 35.4402, GNorm = 0.1091, lr_0 = 6.9327e-04
Loss = 7.8971e-04, PNorm = 35.4408, GNorm = 0.2094, lr_0 = 6.9161e-04
Loss = 8.7993e-04, PNorm = 35.4425, GNorm = 0.2492, lr_0 = 6.8995e-04
Loss = 9.0850e-04, PNorm = 35.4444, GNorm = 0.3588, lr_0 = 6.8830e-04
Loss = 8.4960e-04, PNorm = 35.4455, GNorm = 0.1799, lr_0 = 6.8665e-04
Loss = 7.3419e-04, PNorm = 35.4464, GNorm = 0.3502, lr_0 = 6.8500e-04
Validation mae = nan
Epoch 18
Loss = 1.2414e-03, PNorm = 35.4482, GNorm = 0.1594, lr_0 = 6.8320e-04
Loss = 5.8014e-04, PNorm = 35.4492, GNorm = 0.2654, lr_0 = 6.8156e-04
Loss = 5.3729e-04, PNorm = 35.4505, GNorm = 0.0809, lr_0 = 6.7993e-04
Loss = 5.9525e-04, PNorm = 35.4519, GNorm = 0.1248, lr_0 = 6.7830e-04
Loss = 6.5390e-04, PNorm = 35.4533, GNorm = 0.1127, lr_0 = 6.7668e-04
Loss = 5.2202e-04, PNorm = 35.4544, GNorm = 0.2832, lr_0 = 6.7506e-04
Loss = 7.4990e-04, PNorm = 35.4559, GNorm = 0.2745, lr_0 = 6.7344e-04
Loss = 6.0466e-04, PNorm = 35.4576, GNorm = 0.1261, lr_0 = 6.7183e-04
Loss = 7.9517e-04, PNorm = 35.4594, GNorm = 0.2079, lr_0 = 6.7022e-04
Loss = 5.9959e-04, PNorm = 35.4604, GNorm = 0.1246, lr_0 = 6.6862e-04
Validation mae = nan
Epoch 19
Loss = 4.1237e-04, PNorm = 35.4619, GNorm = 0.0713, lr_0 = 6.6686e-04
Loss = 5.8552e-04, PNorm = 35.4638, GNorm = 0.0844, lr_0 = 6.6526e-04
Loss = 3.7827e-04, PNorm = 35.4654, GNorm = 0.0494, lr_0 = 6.6367e-04
Loss = 7.5069e-04, PNorm = 35.4662, GNorm = 0.2883, lr_0 = 6.6208e-04
Loss = 6.9212e-04, PNorm = 35.4667, GNorm = 0.3852, lr_0 = 6.6049e-04
Loss = 6.9094e-04, PNorm = 35.4682, GNorm = 0.1351, lr_0 = 6.5891e-04
Loss = 5.9437e-04, PNorm = 35.4701, GNorm = 0.1212, lr_0 = 6.5733e-04
Loss = 6.6417e-04, PNorm = 35.4710, GNorm = 0.2395, lr_0 = 6.5576e-04
Loss = 8.4851e-04, PNorm = 35.4721, GNorm = 0.2666, lr_0 = 6.5419e-04
Loss = 8.4822e-04, PNorm = 35.4731, GNorm = 0.1488, lr_0 = 6.5262e-04
Validation mae = nan
Epoch 20
Loss = 1.0742e-03, PNorm = 35.4748, GNorm = 0.4670, lr_0 = 6.5106e-04
Loss = 9.4966e-04, PNorm = 35.4770, GNorm = 0.3670, lr_0 = 6.4950e-04
Loss = 6.2415e-04, PNorm = 35.4783, GNorm = 0.2132, lr_0 = 6.4794e-04
Loss = 4.2037e-04, PNorm = 35.4793, GNorm = 0.1883, lr_0 = 6.4639e-04
Loss = 7.5596e-04, PNorm = 35.4810, GNorm = 0.3050, lr_0 = 6.4484e-04
Loss = 8.0419e-04, PNorm = 35.4819, GNorm = 0.2141, lr_0 = 6.4330e-04
Loss = 6.5259e-04, PNorm = 35.4833, GNorm = 0.1246, lr_0 = 6.4176e-04
Loss = 7.2594e-04, PNorm = 35.4843, GNorm = 0.1710, lr_0 = 6.4022e-04
Loss = 8.8619e-04, PNorm = 35.4857, GNorm = 0.1863, lr_0 = 6.3869e-04
Loss = 7.8288e-04, PNorm = 35.4871, GNorm = 0.0796, lr_0 = 6.3716e-04
Validation mae = nan
Epoch 21
Loss = 1.0073e-03, PNorm = 35.4890, GNorm = 0.2335, lr_0 = 6.3548e-04
Loss = 9.4769e-04, PNorm = 35.4909, GNorm = 0.2586, lr_0 = 6.3396e-04
Loss = 1.2803e-03, PNorm = 35.4924, GNorm = 0.2491, lr_0 = 6.3244e-04
Loss = 9.2700e-04, PNorm = 35.4939, GNorm = 0.1154, lr_0 = 6.3093e-04
Loss = 7.1022e-04, PNorm = 35.4950, GNorm = 0.1154, lr_0 = 6.2942e-04
Loss = 8.9513e-04, PNorm = 35.4960, GNorm = 0.2260, lr_0 = 6.2791e-04
Loss = 6.4674e-04, PNorm = 35.4972, GNorm = 0.2496, lr_0 = 6.2641e-04
Loss = 8.2553e-04, PNorm = 35.4989, GNorm = 0.1786, lr_0 = 6.2491e-04
Loss = 7.0068e-04, PNorm = 35.5003, GNorm = 0.2770, lr_0 = 6.2341e-04
Loss = 7.9433e-04, PNorm = 35.5012, GNorm = 0.1576, lr_0 = 6.2192e-04
Validation mae = nan
Epoch 22
Loss = 1.1346e-03, PNorm = 35.5025, GNorm = 0.3605, lr_0 = 6.2028e-04
Loss = 2.0953e-03, PNorm = 35.5030, GNorm = 0.0841, lr_0 = 6.1879e-04
Loss = 2.2134e-03, PNorm = 35.5041, GNorm = 0.4247, lr_0 = 6.1731e-04
Loss = 1.5103e-03, PNorm = 35.5054, GNorm = 0.3243, lr_0 = 6.1583e-04
Loss = 1.2450e-03, PNorm = 35.5069, GNorm = 0.2820, lr_0 = 6.1436e-04
Loss = 8.9860e-04, PNorm = 35.5094, GNorm = 0.2086, lr_0 = 6.1289e-04
Loss = 1.2058e-03, PNorm = 35.5108, GNorm = 0.2504, lr_0 = 6.1142e-04
Loss = 1.4891e-03, PNorm = 35.5124, GNorm = 0.6536, lr_0 = 6.0995e-04
Loss = 2.0880e-03, PNorm = 35.5143, GNorm = 0.4769, lr_0 = 6.0849e-04
Validation mae = nan
Epoch 23
Loss = 6.4833e-04, PNorm = 35.5180, GNorm = 0.1342, lr_0 = 6.0689e-04
Loss = 1.5682e-03, PNorm = 35.5202, GNorm = 0.1698, lr_0 = 6.0544e-04
Loss = 9.3440e-04, PNorm = 35.5218, GNorm = 0.1689, lr_0 = 6.0399e-04
Loss = 7.4615e-04, PNorm = 35.5230, GNorm = 0.1356, lr_0 = 6.0254e-04
Loss = 9.0948e-04, PNorm = 35.5244, GNorm = 0.3904, lr_0 = 6.0110e-04
Loss = 9.4396e-04, PNorm = 35.5257, GNorm = 0.3100, lr_0 = 5.9966e-04
Loss = 6.9519e-04, PNorm = 35.5279, GNorm = 0.1089, lr_0 = 5.9822e-04
Loss = 8.6394e-04, PNorm = 35.5298, GNorm = 0.1212, lr_0 = 5.9679e-04
Loss = 9.0307e-04, PNorm = 35.5323, GNorm = 0.1658, lr_0 = 5.9536e-04
Loss = 5.4592e-04, PNorm = 35.5332, GNorm = 0.1187, lr_0 = 5.9394e-04
Validation mae = nan
Epoch 24
Loss = 3.7979e-04, PNorm = 35.5339, GNorm = 0.0784, lr_0 = 5.9251e-04
Loss = 6.1241e-04, PNorm = 35.5349, GNorm = 0.1434, lr_0 = 5.9110e-04
Loss = 5.9576e-04, PNorm = 35.5359, GNorm = 0.1850, lr_0 = 5.8968e-04
Loss = 3.8068e-04, PNorm = 35.5370, GNorm = 0.1415, lr_0 = 5.8827e-04
Loss = 4.9493e-04, PNorm = 35.5386, GNorm = 0.1668, lr_0 = 5.8686e-04
Loss = 6.3521e-04, PNorm = 35.5397, GNorm = 0.1553, lr_0 = 5.8545e-04
Loss = 4.4480e-04, PNorm = 35.5400, GNorm = 0.1129, lr_0 = 5.8405e-04
Loss = 5.1664e-04, PNorm = 35.5407, GNorm = 0.0762, lr_0 = 5.8265e-04
Loss = 5.0108e-04, PNorm = 35.5423, GNorm = 0.2206, lr_0 = 5.8126e-04
Loss = 5.5858e-04, PNorm = 35.5430, GNorm = 0.0829, lr_0 = 5.7987e-04
Validation mae = nan
Epoch 25
Loss = 5.5996e-04, PNorm = 35.5446, GNorm = 0.1452, lr_0 = 5.7834e-04
Loss = 4.9634e-04, PNorm = 35.5455, GNorm = 0.1628, lr_0 = 5.7695e-04
Loss = 4.9065e-04, PNorm = 35.5469, GNorm = 0.1080, lr_0 = 5.7557e-04
Loss = 7.1767e-04, PNorm = 35.5480, GNorm = 0.3159, lr_0 = 5.7419e-04
Loss = 6.8718e-04, PNorm = 35.5485, GNorm = 0.3651, lr_0 = 5.7282e-04
Loss = 6.0688e-04, PNorm = 35.5495, GNorm = 0.1338, lr_0 = 5.7145e-04
Loss = 7.9046e-04, PNorm = 35.5514, GNorm = 0.3074, lr_0 = 5.7008e-04
Loss = 1.4192e-03, PNorm = 35.5526, GNorm = 0.1139, lr_0 = 5.6871e-04
Loss = 1.3846e-03, PNorm = 35.5534, GNorm = 0.2631, lr_0 = 5.6735e-04
Loss = 8.1031e-04, PNorm = 35.5546, GNorm = 0.1491, lr_0 = 5.6599e-04
Validation mae = nan
Epoch 26
Loss = 1.0394e-03, PNorm = 35.5565, GNorm = 0.1976, lr_0 = 5.6450e-04
Loss = 8.5002e-04, PNorm = 35.5580, GNorm = 0.3138, lr_0 = 5.6315e-04
Loss = 6.9725e-04, PNorm = 35.5594, GNorm = 0.2191, lr_0 = 5.6180e-04
Loss = 5.7206e-04, PNorm = 35.5612, GNorm = 0.1548, lr_0 = 5.6046e-04
Loss = 5.2170e-04, PNorm = 35.5632, GNorm = 0.1534, lr_0 = 5.5911e-04
Loss = 6.2077e-04, PNorm = 35.5647, GNorm = 0.1209, lr_0 = 5.5778e-04
Loss = 5.2680e-04, PNorm = 35.5658, GNorm = 0.1904, lr_0 = 5.5644e-04
Loss = 5.9214e-04, PNorm = 35.5666, GNorm = 0.1570, lr_0 = 5.5511e-04
Loss = 5.6391e-04, PNorm = 35.5675, GNorm = 0.1210, lr_0 = 5.5378e-04
Loss = 5.1601e-04, PNorm = 35.5693, GNorm = 0.1367, lr_0 = 5.5245e-04
Validation mae = nan
Epoch 27
Loss = 5.6868e-04, PNorm = 35.5698, GNorm = 0.2449, lr_0 = 5.5113e-04
Loss = 4.2747e-04, PNorm = 35.5707, GNorm = 0.0758, lr_0 = 5.4981e-04
Loss = 4.4329e-04, PNorm = 35.5717, GNorm = 0.1719, lr_0 = 5.4849e-04
Loss = 4.6260e-04, PNorm = 35.5730, GNorm = 0.1557, lr_0 = 5.4718e-04
Loss = 4.2534e-04, PNorm = 35.5742, GNorm = 0.0888, lr_0 = 5.4587e-04
Loss = 5.7645e-04, PNorm = 35.5751, GNorm = 0.0934, lr_0 = 5.4456e-04
Loss = 3.6886e-04, PNorm = 35.5763, GNorm = 0.1159, lr_0 = 5.4326e-04
Loss = 4.5214e-04, PNorm = 35.5769, GNorm = 0.0850, lr_0 = 5.4196e-04
Loss = 5.6470e-04, PNorm = 35.5772, GNorm = 0.0543, lr_0 = 5.4066e-04
Loss = 5.1760e-04, PNorm = 35.5786, GNorm = 0.1344, lr_0 = 5.3936e-04
Validation mae = nan
Epoch 28
Loss = 4.4242e-04, PNorm = 35.5798, GNorm = 0.1059, lr_0 = 5.3794e-04
Loss = 6.9981e-04, PNorm = 35.5809, GNorm = 0.1088, lr_0 = 5.3666e-04
Loss = 5.1158e-04, PNorm = 35.5820, GNorm = 0.3328, lr_0 = 5.3537e-04
Loss = 4.9343e-04, PNorm = 35.5829, GNorm = 0.1291, lr_0 = 5.3409e-04
Loss = 5.7314e-04, PNorm = 35.5838, GNorm = 0.1113, lr_0 = 5.3281e-04
Loss = 7.4963e-04, PNorm = 35.5851, GNorm = 0.2323, lr_0 = 5.3153e-04
Loss = 5.1253e-04, PNorm = 35.5861, GNorm = 0.2411, lr_0 = 5.3026e-04
Loss = 6.8704e-04, PNorm = 35.5871, GNorm = 0.3299, lr_0 = 5.2899e-04
Loss = 6.2848e-04, PNorm = 35.5885, GNorm = 0.1323, lr_0 = 5.2772e-04
Validation mae = nan
Epoch 29
Loss = 6.2195e-04, PNorm = 35.5902, GNorm = 0.1968, lr_0 = 5.2633e-04
Loss = 1.4654e-03, PNorm = 35.5905, GNorm = 0.3283, lr_0 = 5.2507e-04
Loss = 1.8299e-03, PNorm = 35.5907, GNorm = 0.5340, lr_0 = 5.2382e-04
Loss = 9.6833e-04, PNorm = 35.5926, GNorm = 0.3920, lr_0 = 5.2256e-04
Loss = 7.6736e-04, PNorm = 35.5955, GNorm = 0.2273, lr_0 = 5.2131e-04
Loss = 1.1294e-03, PNorm = 35.5978, GNorm = 0.0927, lr_0 = 5.2006e-04
Loss = 1.0820e-03, PNorm = 35.5991, GNorm = 0.1491, lr_0 = 5.1882e-04
Loss = 7.3133e-04, PNorm = 35.6014, GNorm = 0.1050, lr_0 = 5.1758e-04
Loss = 4.7843e-04, PNorm = 35.6030, GNorm = 0.1973, lr_0 = 5.1634e-04
Loss = 4.3433e-04, PNorm = 35.6040, GNorm = 0.1185, lr_0 = 5.1510e-04
Validation mae = nan
Epoch 30
Loss = 3.0986e-04, PNorm = 35.6046, GNorm = 0.0988, lr_0 = 5.1374e-04
Loss = 5.2213e-04, PNorm = 35.6058, GNorm = 0.1880, lr_0 = 5.1251e-04
Loss = 3.7406e-04, PNorm = 35.6065, GNorm = 0.1873, lr_0 = 5.1129e-04
Loss = 3.8027e-04, PNorm = 35.6074, GNorm = 0.0913, lr_0 = 5.1006e-04
Loss = 3.4029e-04, PNorm = 35.6082, GNorm = 0.2057, lr_0 = 5.0884e-04
Loss = 3.0019e-04, PNorm = 35.6084, GNorm = 0.0417, lr_0 = 5.0762e-04
Loss = 3.4940e-04, PNorm = 35.6088, GNorm = 0.1334, lr_0 = 5.0641e-04
Loss = 2.8674e-04, PNorm = 35.6098, GNorm = 0.1329, lr_0 = 5.0519e-04
Loss = 2.5235e-04, PNorm = 35.6112, GNorm = 0.0357, lr_0 = 5.0398e-04
Loss = 4.2972e-04, PNorm = 35.6122, GNorm = 0.1401, lr_0 = 5.0278e-04
Validation mae = nan
Epoch 31
Loss = 5.6606e-04, PNorm = 35.6131, GNorm = 0.2188, lr_0 = 5.0157e-04
Loss = 6.5903e-04, PNorm = 35.6140, GNorm = 0.2848, lr_0 = 5.0037e-04
Loss = 1.1270e-03, PNorm = 35.6154, GNorm = 0.2162, lr_0 = 4.9917e-04
Loss = 7.0605e-04, PNorm = 35.6164, GNorm = 0.1111, lr_0 = 4.9798e-04
Loss = 5.2059e-04, PNorm = 35.6173, GNorm = 0.2176, lr_0 = 4.9678e-04
Loss = 6.0364e-04, PNorm = 35.6189, GNorm = 0.1267, lr_0 = 4.9560e-04
Loss = 5.7664e-04, PNorm = 35.6200, GNorm = 0.1091, lr_0 = 4.9441e-04
Loss = 5.3393e-04, PNorm = 35.6215, GNorm = 0.1716, lr_0 = 4.9322e-04
Loss = 5.3065e-04, PNorm = 35.6227, GNorm = 0.3595, lr_0 = 4.9204e-04
Loss = 4.7306e-04, PNorm = 35.6237, GNorm = 0.1829, lr_0 = 4.9087e-04
Validation mae = nan
Epoch 32
Loss = 6.9165e-04, PNorm = 35.6251, GNorm = 0.1604, lr_0 = 4.8957e-04
Loss = 5.8581e-04, PNorm = 35.6258, GNorm = 0.2376, lr_0 = 4.8840e-04
Loss = 3.6979e-04, PNorm = 35.6269, GNorm = 0.0645, lr_0 = 4.8723e-04
Loss = 4.1539e-04, PNorm = 35.6279, GNorm = 0.0807, lr_0 = 4.8606e-04
Loss = 4.9566e-04, PNorm = 35.6292, GNorm = 0.0963, lr_0 = 4.8490e-04
Loss = 4.6706e-04, PNorm = 35.6303, GNorm = 0.0651, lr_0 = 4.8374e-04
Loss = 3.2188e-04, PNorm = 35.6318, GNorm = 0.0661, lr_0 = 4.8258e-04
Loss = 3.4038e-04, PNorm = 35.6336, GNorm = 0.0431, lr_0 = 4.8142e-04
Loss = 4.1996e-04, PNorm = 35.6351, GNorm = 0.2156, lr_0 = 4.8027e-04
Loss = 3.8370e-04, PNorm = 35.6367, GNorm = 0.0467, lr_0 = 4.7912e-04
Validation mae = nan
Epoch 33
Loss = 3.0699e-04, PNorm = 35.6382, GNorm = 0.1089, lr_0 = 4.7786e-04
Loss = 4.1651e-04, PNorm = 35.6390, GNorm = 0.2174, lr_0 = 4.7672e-04
Loss = 3.8431e-04, PNorm = 35.6401, GNorm = 0.0499, lr_0 = 4.7557e-04
Loss = 3.7664e-04, PNorm = 35.6411, GNorm = 0.1480, lr_0 = 4.7443e-04
Loss = 2.7136e-04, PNorm = 35.6417, GNorm = 0.0923, lr_0 = 4.7330e-04
Loss = 4.0921e-04, PNorm = 35.6421, GNorm = 0.1215, lr_0 = 4.7217e-04
Loss = 3.7694e-04, PNorm = 35.6430, GNorm = 0.1367, lr_0 = 4.7103e-04
Loss = 5.6080e-04, PNorm = 35.6437, GNorm = 0.3026, lr_0 = 4.6991e-04
Loss = 7.0720e-04, PNorm = 35.6436, GNorm = 0.0970, lr_0 = 4.6878e-04
Loss = 4.1760e-04, PNorm = 35.6441, GNorm = 0.0695, lr_0 = 4.6766e-04
Loss = 3.6435e-04, PNorm = 35.6442, GNorm = 0.1645, lr_0 = 4.6755e-04
Validation mae = nan
Epoch 34
Loss = 2.9240e-04, PNorm = 35.6447, GNorm = 0.1229, lr_0 = 4.6643e-04
Loss = 4.1590e-04, PNorm = 35.6454, GNorm = 0.1592, lr_0 = 4.6531e-04
Loss = 3.2300e-04, PNorm = 35.6464, GNorm = 0.1158, lr_0 = 4.6420e-04
Loss = 2.7344e-04, PNorm = 35.6474, GNorm = 0.0584, lr_0 = 4.6308e-04
Loss = 3.7444e-04, PNorm = 35.6481, GNorm = 0.0937, lr_0 = 4.6198e-04
Loss = 2.6482e-04, PNorm = 35.6491, GNorm = 0.1031, lr_0 = 4.6087e-04
Loss = 4.4910e-04, PNorm = 35.6499, GNorm = 0.1674, lr_0 = 4.5977e-04
Loss = 5.3288e-04, PNorm = 35.6510, GNorm = 0.1537, lr_0 = 4.5866e-04
Loss = 4.5243e-04, PNorm = 35.6524, GNorm = 0.1580, lr_0 = 4.5757e-04
Validation mae = nan
Epoch 35
Loss = 3.9262e-04, PNorm = 35.6538, GNorm = 0.1884, lr_0 = 4.5647e-04
Loss = 1.3130e-03, PNorm = 35.6559, GNorm = 0.5596, lr_0 = 4.5538e-04
Loss = 1.0356e-03, PNorm = 35.6580, GNorm = 0.1000, lr_0 = 4.5429e-04
Loss = 6.6803e-04, PNorm = 35.6592, GNorm = 0.1155, lr_0 = 4.5320e-04
Loss = 5.8070e-04, PNorm = 35.6609, GNorm = 0.0917, lr_0 = 4.5211e-04
Loss = 3.3272e-04, PNorm = 35.6622, GNorm = 0.0416, lr_0 = 4.5103e-04
Loss = 3.3577e-04, PNorm = 35.6636, GNorm = 0.0944, lr_0 = 4.4995e-04
Loss = 4.7687e-04, PNorm = 35.6648, GNorm = 0.1612, lr_0 = 4.4887e-04
Loss = 4.1514e-04, PNorm = 35.6654, GNorm = 0.0899, lr_0 = 4.4780e-04
Loss = 5.4212e-04, PNorm = 35.6670, GNorm = 0.1348, lr_0 = 4.4673e-04
Validation mae = nan
Epoch 36
Loss = 6.9687e-04, PNorm = 35.6683, GNorm = 0.1260, lr_0 = 4.4555e-04
Loss = 8.9731e-04, PNorm = 35.6688, GNorm = 0.1729, lr_0 = 4.4448e-04
Loss = 6.9730e-04, PNorm = 35.6695, GNorm = 0.1516, lr_0 = 4.4342e-04
Loss = 5.0684e-04, PNorm = 35.6707, GNorm = 0.1946, lr_0 = 4.4236e-04
Loss = 3.6515e-04, PNorm = 35.6718, GNorm = 0.0859, lr_0 = 4.4130e-04
Loss = 4.1997e-04, PNorm = 35.6727, GNorm = 0.1592, lr_0 = 4.4024e-04
Loss = 3.7469e-04, PNorm = 35.6732, GNorm = 0.0798, lr_0 = 4.3919e-04
Loss = 4.1902e-04, PNorm = 35.6744, GNorm = 0.1024, lr_0 = 4.3813e-04
Loss = 3.4232e-04, PNorm = 35.6749, GNorm = 0.0439, lr_0 = 4.3709e-04
Loss = 3.0892e-04, PNorm = 35.6757, GNorm = 0.0777, lr_0 = 4.3604e-04
Validation mae = nan
Epoch 37
Loss = 2.4359e-04, PNorm = 35.6767, GNorm = 0.1183, lr_0 = 4.3489e-04
Loss = 2.3083e-04, PNorm = 35.6769, GNorm = 0.0490, lr_0 = 4.3385e-04
Loss = 2.7105e-04, PNorm = 35.6776, GNorm = 0.0789, lr_0 = 4.3281e-04
Loss = 3.1662e-04, PNorm = 35.6786, GNorm = 0.1218, lr_0 = 4.3177e-04
Loss = 4.6021e-04, PNorm = 35.6799, GNorm = 0.1770, lr_0 = 4.3074e-04
Loss = 5.6639e-04, PNorm = 35.6803, GNorm = 0.2291, lr_0 = 4.2971e-04
Loss = 4.6928e-04, PNorm = 35.6809, GNorm = 0.1247, lr_0 = 4.2868e-04
Loss = 3.2419e-04, PNorm = 35.6813, GNorm = 0.0528, lr_0 = 4.2765e-04
Loss = 2.7836e-04, PNorm = 35.6822, GNorm = 0.0984, lr_0 = 4.2663e-04
Loss = 3.7173e-04, PNorm = 35.6839, GNorm = 0.0819, lr_0 = 4.2561e-04
Validation mae = nan
Epoch 38
Loss = 4.9472e-04, PNorm = 35.6845, GNorm = 0.0777, lr_0 = 4.2449e-04
Loss = 4.1618e-04, PNorm = 35.6857, GNorm = 0.0912, lr_0 = 4.2347e-04
Loss = 4.2746e-04, PNorm = 35.6863, GNorm = 0.1389, lr_0 = 4.2246e-04
Loss = 3.8389e-04, PNorm = 35.6869, GNorm = 0.1028, lr_0 = 4.2144e-04
Loss = 2.4842e-04, PNorm = 35.6877, GNorm = 0.1224, lr_0 = 4.2043e-04
Loss = 3.8730e-04, PNorm = 35.6885, GNorm = 0.2300, lr_0 = 4.1943e-04
Loss = 4.5980e-04, PNorm = 35.6886, GNorm = 0.1379, lr_0 = 4.1842e-04
Loss = 3.4594e-04, PNorm = 35.6893, GNorm = 0.0950, lr_0 = 4.1742e-04
Loss = 5.9645e-04, PNorm = 35.6898, GNorm = 0.0558, lr_0 = 4.1642e-04
Loss = 3.9695e-04, PNorm = 35.6910, GNorm = 0.1483, lr_0 = 4.1542e-04
Validation mae = nan
Epoch 39
Loss = 3.8079e-04, PNorm = 35.6923, GNorm = 0.1139, lr_0 = 4.1443e-04
Loss = 3.5948e-04, PNorm = 35.6936, GNorm = 0.1056, lr_0 = 4.1344e-04
Loss = 4.1027e-04, PNorm = 35.6942, GNorm = 0.1084, lr_0 = 4.1245e-04
Loss = 4.8716e-04, PNorm = 35.6952, GNorm = 0.1453, lr_0 = 4.1146e-04
Loss = 3.9003e-04, PNorm = 35.6957, GNorm = 0.1302, lr_0 = 4.1047e-04
Loss = 4.1346e-04, PNorm = 35.6976, GNorm = 0.1099, lr_0 = 4.0949e-04
Loss = 3.0751e-04, PNorm = 35.6985, GNorm = 0.1541, lr_0 = 4.0851e-04
Loss = 3.0131e-04, PNorm = 35.6987, GNorm = 0.0870, lr_0 = 4.0753e-04
Loss = 3.9065e-04, PNorm = 35.6995, GNorm = 0.2176, lr_0 = 4.0656e-04
Loss = 2.9147e-04, PNorm = 35.7002, GNorm = 0.0433, lr_0 = 4.0558e-04
Loss = 4.9201e-04, PNorm = 35.7003, GNorm = 0.2240, lr_0 = 4.0549e-04
Validation mae = nan
Epoch 40
Loss = 5.7456e-04, PNorm = 35.7009, GNorm = 0.2506, lr_0 = 4.0451e-04
Loss = 5.7492e-04, PNorm = 35.7016, GNorm = 0.2522, lr_0 = 4.0355e-04
Loss = 4.8184e-04, PNorm = 35.7029, GNorm = 0.2064, lr_0 = 4.0258e-04
Loss = 5.2265e-04, PNorm = 35.7041, GNorm = 0.0825, lr_0 = 4.0162e-04
Loss = 3.9818e-04, PNorm = 35.7054, GNorm = 0.0496, lr_0 = 4.0065e-04
Loss = 4.0517e-04, PNorm = 35.7066, GNorm = 0.2359, lr_0 = 3.9969e-04
Loss = 2.7388e-04, PNorm = 35.7075, GNorm = 0.0888, lr_0 = 3.9874e-04
Loss = 3.8398e-04, PNorm = 35.7084, GNorm = 0.1057, lr_0 = 3.9778e-04
Loss = 3.3443e-04, PNorm = 35.7089, GNorm = 0.1992, lr_0 = 3.9683e-04
Validation mae = nan
Epoch 41
Loss = 2.3591e-04, PNorm = 35.7099, GNorm = 0.1307, lr_0 = 3.9579e-04
Loss = 4.1323e-04, PNorm = 35.7106, GNorm = 0.0786, lr_0 = 3.9484e-04
Loss = 3.3671e-04, PNorm = 35.7116, GNorm = 0.0811, lr_0 = 3.9389e-04
Loss = 2.9360e-04, PNorm = 35.7126, GNorm = 0.0723, lr_0 = 3.9295e-04
Loss = 2.3468e-04, PNorm = 35.7132, GNorm = 0.0481, lr_0 = 3.9201e-04
Loss = 2.2546e-04, PNorm = 35.7142, GNorm = 0.1202, lr_0 = 3.9107e-04
Loss = 3.2710e-04, PNorm = 35.7151, GNorm = 0.1207, lr_0 = 3.9013e-04
Loss = 2.6947e-04, PNorm = 35.7152, GNorm = 0.1211, lr_0 = 3.8920e-04
Loss = 4.4044e-04, PNorm = 35.7155, GNorm = 0.0989, lr_0 = 3.8827e-04
Loss = 3.1057e-04, PNorm = 35.7157, GNorm = 0.1106, lr_0 = 3.8734e-04
Validation mae = nan
Epoch 42
Loss = 3.5474e-04, PNorm = 35.7167, GNorm = 0.1096, lr_0 = 3.8632e-04
Loss = 3.8548e-04, PNorm = 35.7178, GNorm = 0.0421, lr_0 = 3.8539e-04
Loss = 3.6861e-04, PNorm = 35.7183, GNorm = 0.0831, lr_0 = 3.8447e-04
Loss = 2.5009e-04, PNorm = 35.7192, GNorm = 0.0337, lr_0 = 3.8355e-04
Loss = 3.5196e-04, PNorm = 35.7200, GNorm = 0.2152, lr_0 = 3.8263e-04
Loss = 3.5484e-04, PNorm = 35.7211, GNorm = 0.1573, lr_0 = 3.8171e-04
Loss = 4.6492e-04, PNorm = 35.7214, GNorm = 0.2116, lr_0 = 3.8080e-04
Loss = 3.5492e-04, PNorm = 35.7218, GNorm = 0.1183, lr_0 = 3.7989e-04
Loss = 4.9898e-04, PNorm = 35.7232, GNorm = 0.1767, lr_0 = 3.7898e-04
Loss = 3.6355e-04, PNorm = 35.7241, GNorm = 0.1019, lr_0 = 3.7807e-04
Validation mae = nan
Epoch 43
Loss = 3.1275e-04, PNorm = 35.7249, GNorm = 0.1470, lr_0 = 3.7716e-04
Loss = 3.9835e-04, PNorm = 35.7251, GNorm = 0.1090, lr_0 = 3.7626e-04
Loss = 6.6007e-04, PNorm = 35.7259, GNorm = 0.2020, lr_0 = 3.7536e-04
Loss = 9.7846e-04, PNorm = 35.7266, GNorm = 0.3685, lr_0 = 3.7446e-04
Loss = 6.0943e-04, PNorm = 35.7279, GNorm = 0.2565, lr_0 = 3.7356e-04
Loss = 4.7496e-04, PNorm = 35.7286, GNorm = 0.1784, lr_0 = 3.7267e-04
Loss = 7.8981e-04, PNorm = 35.7289, GNorm = 0.5693, lr_0 = 3.7178e-04
Loss = 7.9529e-04, PNorm = 35.7303, GNorm = 0.1163, lr_0 = 3.7089e-04
Loss = 6.0494e-04, PNorm = 35.7326, GNorm = 0.0997, lr_0 = 3.7000e-04
Loss = 3.8881e-04, PNorm = 35.7340, GNorm = 0.1756, lr_0 = 3.6911e-04
Validation mae = nan
Epoch 44
Loss = 2.5472e-04, PNorm = 35.7352, GNorm = 0.0733, lr_0 = 3.6814e-04
Loss = 2.4089e-04, PNorm = 35.7359, GNorm = 0.1501, lr_0 = 3.6726e-04
Loss = 2.2620e-04, PNorm = 35.7364, GNorm = 0.0741, lr_0 = 3.6638e-04
Loss = 2.6083e-04, PNorm = 35.7371, GNorm = 0.1005, lr_0 = 3.6550e-04
Loss = 2.6801e-04, PNorm = 35.7377, GNorm = 0.1320, lr_0 = 3.6463e-04
Loss = 2.8925e-04, PNorm = 35.7390, GNorm = 0.1844, lr_0 = 3.6375e-04
Loss = 6.9661e-04, PNorm = 35.7396, GNorm = 0.3641, lr_0 = 3.6288e-04
Loss = 7.4175e-04, PNorm = 35.7405, GNorm = 0.3661, lr_0 = 3.6201e-04
Loss = 6.6238e-04, PNorm = 35.7424, GNorm = 0.1358, lr_0 = 3.6115e-04
Loss = 4.2233e-04, PNorm = 35.7442, GNorm = 0.1302, lr_0 = 3.6028e-04
Validation mae = nan
Epoch 45
Loss = 3.2025e-04, PNorm = 35.7453, GNorm = 0.1419, lr_0 = 3.5933e-04
Loss = 2.5106e-04, PNorm = 35.7461, GNorm = 0.0855, lr_0 = 3.5847e-04
Loss = 4.8610e-04, PNorm = 35.7466, GNorm = 0.0850, lr_0 = 3.5761e-04
Loss = 3.6064e-04, PNorm = 35.7477, GNorm = 0.1089, lr_0 = 3.5676e-04
Loss = 3.0827e-04, PNorm = 35.7490, GNorm = 0.0672, lr_0 = 3.5590e-04
Loss = 4.0137e-04, PNorm = 35.7495, GNorm = 0.1064, lr_0 = 3.5505e-04
Loss = 4.2222e-04, PNorm = 35.7501, GNorm = 0.1823, lr_0 = 3.5420e-04
Loss = 3.8907e-04, PNorm = 35.7507, GNorm = 0.0786, lr_0 = 3.5335e-04
Loss = 5.1010e-04, PNorm = 35.7520, GNorm = 0.2383, lr_0 = 3.5251e-04
Validation mae = nan
Epoch 46
Loss = 2.5337e-04, PNorm = 35.7532, GNorm = 0.1391, lr_0 = 3.5158e-04
Loss = 3.4555e-04, PNorm = 35.7541, GNorm = 0.1023, lr_0 = 3.5074e-04
Loss = 2.3368e-04, PNorm = 35.7550, GNorm = 0.0646, lr_0 = 3.4990e-04
Loss = 3.1981e-04, PNorm = 35.7558, GNorm = 0.1679, lr_0 = 3.4906e-04
Loss = 4.0818e-04, PNorm = 35.7557, GNorm = 0.0821, lr_0 = 3.4822e-04
Loss = 2.9467e-04, PNorm = 35.7559, GNorm = 0.0774, lr_0 = 3.4739e-04
Loss = 4.2588e-04, PNorm = 35.7571, GNorm = 0.2022, lr_0 = 3.4656e-04
Loss = 2.8565e-04, PNorm = 35.7576, GNorm = 0.0881, lr_0 = 3.4573e-04
Loss = 4.0063e-04, PNorm = 35.7578, GNorm = 0.1203, lr_0 = 3.4490e-04
Loss = 1.9151e-04, PNorm = 35.7587, GNorm = 0.0803, lr_0 = 3.4407e-04
Validation mae = nan
Epoch 47
Loss = 5.8853e-04, PNorm = 35.7598, GNorm = 0.1696, lr_0 = 3.4325e-04
Loss = 3.3482e-04, PNorm = 35.7596, GNorm = 0.1057, lr_0 = 3.4243e-04
Loss = 3.3222e-04, PNorm = 35.7608, GNorm = 0.1109, lr_0 = 3.4161e-04
Loss = 2.8884e-04, PNorm = 35.7617, GNorm = 0.0740, lr_0 = 3.4079e-04
Loss = 1.9864e-04, PNorm = 35.7616, GNorm = 0.1441, lr_0 = 3.3997e-04
Loss = 1.7617e-04, PNorm = 35.7619, GNorm = 0.0217, lr_0 = 3.3916e-04
Loss = 3.1946e-04, PNorm = 35.7626, GNorm = 0.0773, lr_0 = 3.3835e-04
Loss = 2.3510e-04, PNorm = 35.7635, GNorm = 0.0350, lr_0 = 3.3754e-04
Loss = 1.6733e-04, PNorm = 35.7640, GNorm = 0.0507, lr_0 = 3.3673e-04
Loss = 2.7579e-04, PNorm = 35.7648, GNorm = 0.0717, lr_0 = 3.3592e-04
Validation mae = nan
Epoch 48
Loss = 3.5298e-04, PNorm = 35.7658, GNorm = 0.1543, lr_0 = 3.3504e-04
Loss = 5.0054e-04, PNorm = 35.7661, GNorm = 0.2846, lr_0 = 3.3424e-04
Loss = 5.8666e-04, PNorm = 35.7668, GNorm = 0.1130, lr_0 = 3.3344e-04
Loss = 4.2010e-04, PNorm = 35.7672, GNorm = 0.1128, lr_0 = 3.3264e-04
Loss = 4.0342e-04, PNorm = 35.7682, GNorm = 0.1034, lr_0 = 3.3184e-04
Loss = 3.6644e-04, PNorm = 35.7690, GNorm = 0.1656, lr_0 = 3.3105e-04
Loss = 5.1506e-04, PNorm = 35.7702, GNorm = 0.1860, lr_0 = 3.3025e-04
Loss = 3.2992e-04, PNorm = 35.7718, GNorm = 0.0633, lr_0 = 3.2946e-04
Loss = 1.9585e-04, PNorm = 35.7726, GNorm = 0.0614, lr_0 = 3.2867e-04
Loss = 2.0103e-04, PNorm = 35.7735, GNorm = 0.0859, lr_0 = 3.2789e-04
Validation mae = nan
Epoch 49
Loss = 1.9376e-04, PNorm = 35.7742, GNorm = 0.1931, lr_0 = 3.2702e-04
Loss = 2.1918e-04, PNorm = 35.7746, GNorm = 0.0747, lr_0 = 3.2624e-04
Loss = 2.4919e-04, PNorm = 35.7755, GNorm = 0.1047, lr_0 = 3.2546e-04
Loss = 1.9808e-04, PNorm = 35.7758, GNorm = 0.1028, lr_0 = 3.2468e-04
Loss = 2.4237e-04, PNorm = 35.7765, GNorm = 0.1004, lr_0 = 3.2390e-04
Loss = 2.0845e-04, PNorm = 35.7780, GNorm = 0.1042, lr_0 = 3.2313e-04
Loss = 3.2441e-04, PNorm = 35.7785, GNorm = 0.1011, lr_0 = 3.2235e-04
Loss = 2.6807e-04, PNorm = 35.7789, GNorm = 0.0736, lr_0 = 3.2158e-04
Loss = 2.2508e-04, PNorm = 35.7791, GNorm = 0.0529, lr_0 = 3.2081e-04
Loss = 1.4819e-04, PNorm = 35.7795, GNorm = 0.0676, lr_0 = 3.2004e-04
Validation mae = nan
Epoch 50
Loss = 1.1767e-04, PNorm = 35.7804, GNorm = 0.0375, lr_0 = 3.1928e-04
Loss = 3.1887e-04, PNorm = 35.7808, GNorm = 0.1050, lr_0 = 3.1851e-04
Loss = 2.1197e-04, PNorm = 35.7814, GNorm = 0.0297, lr_0 = 3.1775e-04
Loss = 1.4811e-04, PNorm = 35.7815, GNorm = 0.1044, lr_0 = 3.1699e-04
Loss = 1.9691e-04, PNorm = 35.7819, GNorm = 0.1288, lr_0 = 3.1623e-04
Loss = 2.1222e-04, PNorm = 35.7827, GNorm = 0.0804, lr_0 = 3.1547e-04
Loss = 2.6407e-04, PNorm = 35.7832, GNorm = 0.2653, lr_0 = 3.1472e-04
Loss = 4.8662e-04, PNorm = 35.7841, GNorm = 0.2141, lr_0 = 3.1396e-04
Loss = 4.5781e-04, PNorm = 35.7855, GNorm = 0.1130, lr_0 = 3.1321e-04
Loss = 3.3297e-04, PNorm = 35.7862, GNorm = 0.0941, lr_0 = 3.1246e-04
Validation mae = nan
Epoch 51
Loss = 2.1249e-04, PNorm = 35.7876, GNorm = 0.0919, lr_0 = 3.1164e-04
Loss = 2.3967e-04, PNorm = 35.7884, GNorm = 0.1223, lr_0 = 3.1089e-04
Loss = 2.8890e-04, PNorm = 35.7890, GNorm = 0.1215, lr_0 = 3.1015e-04
Loss = 2.5871e-04, PNorm = 35.7902, GNorm = 0.1605, lr_0 = 3.0940e-04
Loss = 3.1818e-04, PNorm = 35.7908, GNorm = 0.1586, lr_0 = 3.0866e-04
Loss = 3.2916e-04, PNorm = 35.7914, GNorm = 0.1027, lr_0 = 3.0792e-04
Loss = 5.7139e-04, PNorm = 35.7926, GNorm = 0.1234, lr_0 = 3.0719e-04
Loss = 4.7950e-04, PNorm = 35.7927, GNorm = 0.3625, lr_0 = 3.0645e-04
Loss = 5.2782e-04, PNorm = 35.7934, GNorm = 0.1014, lr_0 = 3.0572e-04
Validation mae = nan
Epoch 52
Loss = 7.9822e-04, PNorm = 35.7953, GNorm = 0.3555, lr_0 = 3.0491e-04
Loss = 8.9138e-04, PNorm = 35.7970, GNorm = 0.1783, lr_0 = 3.0418e-04
Loss = 6.1961e-04, PNorm = 35.7967, GNorm = 0.1587, lr_0 = 3.0345e-04
Loss = 8.2623e-04, PNorm = 35.7964, GNorm = 0.1708, lr_0 = 3.0273e-04
Loss = 7.1922e-04, PNorm = 35.7974, GNorm = 0.3226, lr_0 = 3.0200e-04
Loss = 5.7652e-04, PNorm = 35.7989, GNorm = 0.1464, lr_0 = 3.0128e-04
Loss = 5.4542e-04, PNorm = 35.7998, GNorm = 0.2672, lr_0 = 3.0056e-04
Loss = 4.2017e-04, PNorm = 35.8012, GNorm = 0.2517, lr_0 = 2.9984e-04
Loss = 4.3821e-04, PNorm = 35.8021, GNorm = 0.3028, lr_0 = 2.9912e-04
Loss = 5.3387e-04, PNorm = 35.8028, GNorm = 0.1619, lr_0 = 2.9840e-04
Validation mae = nan
Epoch 53
Loss = 2.1741e-04, PNorm = 35.8042, GNorm = 0.0865, lr_0 = 2.9762e-04
Loss = 2.1092e-04, PNorm = 35.8050, GNorm = 0.0633, lr_0 = 2.9690e-04
Loss = 2.1766e-04, PNorm = 35.8055, GNorm = 0.1281, lr_0 = 2.9619e-04
Loss = 2.8112e-04, PNorm = 35.8061, GNorm = 0.0479, lr_0 = 2.9548e-04
Loss = 1.7343e-04, PNorm = 35.8068, GNorm = 0.0571, lr_0 = 2.9478e-04
Loss = 1.5253e-04, PNorm = 35.8076, GNorm = 0.0625, lr_0 = 2.9407e-04
Loss = 2.5007e-04, PNorm = 35.8078, GNorm = 0.1518, lr_0 = 2.9337e-04
Loss = 1.3875e-04, PNorm = 35.8084, GNorm = 0.0479, lr_0 = 2.9266e-04
Loss = 1.8010e-04, PNorm = 35.8090, GNorm = 0.0900, lr_0 = 2.9196e-04
Loss = 1.9702e-04, PNorm = 35.8096, GNorm = 0.0553, lr_0 = 2.9126e-04
Validation mae = nan
Epoch 54
Loss = 1.5593e-04, PNorm = 35.8101, GNorm = 0.0375, lr_0 = 2.9057e-04
Loss = 1.4302e-04, PNorm = 35.8107, GNorm = 0.0995, lr_0 = 2.8987e-04
Loss = 1.4387e-04, PNorm = 35.8111, GNorm = 0.0447, lr_0 = 2.8918e-04
Loss = 3.1441e-04, PNorm = 35.8115, GNorm = 0.0338, lr_0 = 2.8848e-04
Loss = 4.0829e-04, PNorm = 35.8122, GNorm = 0.1461, lr_0 = 2.8779e-04
Loss = 5.2905e-04, PNorm = 35.8125, GNorm = 0.0851, lr_0 = 2.8710e-04
Loss = 5.4742e-04, PNorm = 35.8139, GNorm = 0.2222, lr_0 = 2.8642e-04
Loss = 3.3053e-04, PNorm = 35.8155, GNorm = 0.1129, lr_0 = 2.8573e-04
Loss = 3.7374e-04, PNorm = 35.8163, GNorm = 0.1717, lr_0 = 2.8505e-04
Loss = 1.8236e-04, PNorm = 35.8167, GNorm = 0.0936, lr_0 = 2.8436e-04
Validation mae = nan
Epoch 55
Loss = 2.0552e-04, PNorm = 35.8168, GNorm = 0.0563, lr_0 = 2.8361e-04
Loss = 1.5871e-04, PNorm = 35.8174, GNorm = 0.0297, lr_0 = 2.8294e-04
Loss = 9.7840e-05, PNorm = 35.8182, GNorm = 0.0491, lr_0 = 2.8226e-04
Loss = 1.4692e-04, PNorm = 35.8185, GNorm = 0.0518, lr_0 = 2.8158e-04
Loss = 2.7058e-04, PNorm = 35.8188, GNorm = 0.1035, lr_0 = 2.8091e-04
Loss = 1.9192e-04, PNorm = 35.8192, GNorm = 0.0425, lr_0 = 2.8023e-04
Loss = 3.2630e-04, PNorm = 35.8200, GNorm = 0.1433, lr_0 = 2.7956e-04
Loss = 3.9617e-04, PNorm = 35.8207, GNorm = 0.1518, lr_0 = 2.7889e-04
Loss = 3.3426e-04, PNorm = 35.8211, GNorm = 0.1446, lr_0 = 2.7823e-04
Loss = 3.3468e-04, PNorm = 35.8222, GNorm = 0.0896, lr_0 = 2.7756e-04
Validation mae = nan
Epoch 56
Loss = 2.9985e-04, PNorm = 35.8234, GNorm = 0.0699, lr_0 = 2.7683e-04
Loss = 3.0734e-04, PNorm = 35.8235, GNorm = 0.1508, lr_0 = 2.7617e-04
Loss = 2.1099e-04, PNorm = 35.8238, GNorm = 0.1152, lr_0 = 2.7550e-04
Loss = 2.6010e-04, PNorm = 35.8247, GNorm = 0.0529, lr_0 = 2.7485e-04
Loss = 1.8019e-04, PNorm = 35.8257, GNorm = 0.0804, lr_0 = 2.7419e-04
Loss = 1.1847e-04, PNorm = 35.8260, GNorm = 0.0344, lr_0 = 2.7353e-04
Loss = 3.0995e-04, PNorm = 35.8269, GNorm = 0.1124, lr_0 = 2.7288e-04
Loss = 2.2886e-04, PNorm = 35.8278, GNorm = 0.0492, lr_0 = 2.7222e-04
Loss = 1.4421e-04, PNorm = 35.8281, GNorm = 0.0851, lr_0 = 2.7157e-04
Loss = 1.4229e-04, PNorm = 35.8284, GNorm = 0.0293, lr_0 = 2.7092e-04
Loss = 7.2600e-05, PNorm = 35.8284, GNorm = 0.0629, lr_0 = 2.7085e-04
Validation mae = nan
Epoch 57
Loss = 1.9751e-04, PNorm = 35.8290, GNorm = 0.1019, lr_0 = 2.7021e-04
Loss = 1.4196e-04, PNorm = 35.8299, GNorm = 0.0422, lr_0 = 2.6956e-04
Loss = 1.4956e-04, PNorm = 35.8304, GNorm = 0.0406, lr_0 = 2.6891e-04
Loss = 1.2378e-04, PNorm = 35.8311, GNorm = 0.0483, lr_0 = 2.6827e-04
Loss = 3.0797e-04, PNorm = 35.8311, GNorm = 0.1707, lr_0 = 2.6763e-04
Loss = 4.4518e-04, PNorm = 35.8315, GNorm = 0.0900, lr_0 = 2.6699e-04
Loss = 2.7320e-04, PNorm = 35.8320, GNorm = 0.1192, lr_0 = 2.6635e-04
Loss = 3.2947e-04, PNorm = 35.8328, GNorm = 0.1574, lr_0 = 2.6571e-04
Loss = 2.4072e-04, PNorm = 35.8336, GNorm = 0.1602, lr_0 = 2.6507e-04
Validation mae = nan
Epoch 58
Loss = 2.2351e-04, PNorm = 35.8344, GNorm = 0.0885, lr_0 = 2.6444e-04
Loss = 2.1058e-04, PNorm = 35.8347, GNorm = 0.0370, lr_0 = 2.6380e-04
Loss = 2.5820e-04, PNorm = 35.8349, GNorm = 0.0871, lr_0 = 2.6317e-04
Loss = 2.6187e-04, PNorm = 35.8350, GNorm = 0.1199, lr_0 = 2.6254e-04
Loss = 2.4028e-04, PNorm = 35.8356, GNorm = 0.0293, lr_0 = 2.6191e-04
Loss = 1.3618e-04, PNorm = 35.8363, GNorm = 0.0706, lr_0 = 2.6129e-04
Loss = 2.0589e-04, PNorm = 35.8369, GNorm = 0.1091, lr_0 = 2.6066e-04
Loss = 1.8306e-04, PNorm = 35.8371, GNorm = 0.0494, lr_0 = 2.6004e-04
Loss = 1.4944e-04, PNorm = 35.8375, GNorm = 0.1564, lr_0 = 2.5941e-04
Loss = 3.1200e-04, PNorm = 35.8381, GNorm = 0.0612, lr_0 = 2.5879e-04
Validation mae = nan
Epoch 59
Loss = 3.4278e-04, PNorm = 35.8395, GNorm = 0.0728, lr_0 = 2.5811e-04
Loss = 3.1563e-04, PNorm = 35.8399, GNorm = 0.2230, lr_0 = 2.5749e-04
Loss = 2.2766e-04, PNorm = 35.8411, GNorm = 0.0402, lr_0 = 2.5688e-04
Loss = 2.4989e-04, PNorm = 35.8418, GNorm = 0.0818, lr_0 = 2.5626e-04
Loss = 2.2406e-04, PNorm = 35.8424, GNorm = 0.1107, lr_0 = 2.5565e-04
Loss = 1.6970e-04, PNorm = 35.8430, GNorm = 0.0745, lr_0 = 2.5504e-04
Loss = 1.5664e-04, PNorm = 35.8439, GNorm = 0.0737, lr_0 = 2.5443e-04
Loss = 1.3720e-04, PNorm = 35.8442, GNorm = 0.0151, lr_0 = 2.5382e-04
Loss = 1.1494e-04, PNorm = 35.8444, GNorm = 0.0315, lr_0 = 2.5321e-04
Loss = 2.7241e-04, PNorm = 35.8448, GNorm = 0.1406, lr_0 = 2.5260e-04
Validation mae = nan
Epoch 60
Loss = 2.6194e-04, PNorm = 35.8461, GNorm = 0.1197, lr_0 = 2.5194e-04
Loss = 2.6450e-04, PNorm = 35.8465, GNorm = 0.1009, lr_0 = 2.5133e-04
Loss = 3.4601e-04, PNorm = 35.8475, GNorm = 0.2074, lr_0 = 2.5073e-04
Loss = 3.0710e-04, PNorm = 35.8482, GNorm = 0.1975, lr_0 = 2.5013e-04
Loss = 2.5110e-04, PNorm = 35.8484, GNorm = 0.0907, lr_0 = 2.4953e-04
Loss = 3.6099e-04, PNorm = 35.8490, GNorm = 0.0276, lr_0 = 2.4893e-04
Loss = 1.9458e-04, PNorm = 35.8499, GNorm = 0.0729, lr_0 = 2.4834e-04
Loss = 1.8079e-04, PNorm = 35.8503, GNorm = 0.1060, lr_0 = 2.4774e-04
Loss = 1.1442e-04, PNorm = 35.8506, GNorm = 0.0957, lr_0 = 2.4715e-04
Loss = 1.2446e-04, PNorm = 35.8512, GNorm = 0.0220, lr_0 = 2.4656e-04
Validation mae = nan
Epoch 61
Loss = 1.7815e-04, PNorm = 35.8513, GNorm = 0.0287, lr_0 = 2.4591e-04
Loss = 1.8378e-04, PNorm = 35.8510, GNorm = 0.1069, lr_0 = 2.4532e-04
Loss = 1.1987e-04, PNorm = 35.8514, GNorm = 0.0582, lr_0 = 2.4473e-04
Loss = 1.8438e-04, PNorm = 35.8523, GNorm = 0.1426, lr_0 = 2.4415e-04
Loss = 3.9531e-04, PNorm = 35.8530, GNorm = 0.0600, lr_0 = 2.4356e-04
Loss = 3.9476e-04, PNorm = 35.8539, GNorm = 0.1644, lr_0 = 2.4298e-04
Loss = 5.7196e-04, PNorm = 35.8545, GNorm = 0.1782, lr_0 = 2.4240e-04
Loss = 2.4384e-04, PNorm = 35.8554, GNorm = 0.0915, lr_0 = 2.4182e-04
Loss = 3.2535e-04, PNorm = 35.8559, GNorm = 0.0936, lr_0 = 2.4124e-04
Loss = 2.6222e-04, PNorm = 35.8564, GNorm = 0.0943, lr_0 = 2.4066e-04
Validation mae = nan
Epoch 62
Loss = 2.0884e-04, PNorm = 35.8576, GNorm = 0.0702, lr_0 = 2.4008e-04
Loss = 2.2071e-04, PNorm = 35.8583, GNorm = 0.1169, lr_0 = 2.3951e-04
Loss = 1.6324e-04, PNorm = 35.8588, GNorm = 0.0332, lr_0 = 2.3894e-04
Loss = 2.3108e-04, PNorm = 35.8588, GNorm = 0.0611, lr_0 = 2.3836e-04
Loss = 1.7426e-04, PNorm = 35.8595, GNorm = 0.1148, lr_0 = 2.3779e-04
Loss = 1.8329e-04, PNorm = 35.8601, GNorm = 0.0462, lr_0 = 2.3722e-04
Loss = 2.5827e-04, PNorm = 35.8603, GNorm = 0.1454, lr_0 = 2.3665e-04
Loss = 2.8955e-04, PNorm = 35.8611, GNorm = 0.0939, lr_0 = 2.3609e-04
Loss = 2.1716e-04, PNorm = 35.8620, GNorm = 0.0515, lr_0 = 2.3552e-04
Loss = 1.7667e-04, PNorm = 35.8626, GNorm = 0.0636, lr_0 = 2.3496e-04
Loss = 9.6947e-05, PNorm = 35.8626, GNorm = 0.0660, lr_0 = 2.3490e-04
Validation mae = nan
Epoch 63
Loss = 2.0397e-04, PNorm = 35.8629, GNorm = 0.0382, lr_0 = 2.3434e-04
Loss = 1.2521e-04, PNorm = 35.8635, GNorm = 0.0567, lr_0 = 2.3378e-04
Loss = 1.3636e-04, PNorm = 35.8639, GNorm = 0.0680, lr_0 = 2.3322e-04
Loss = 1.6331e-04, PNorm = 35.8643, GNorm = 0.1325, lr_0 = 2.3266e-04
Loss = 1.3175e-04, PNorm = 35.8650, GNorm = 0.0756, lr_0 = 2.3210e-04
Loss = 1.6185e-04, PNorm = 35.8656, GNorm = 0.1052, lr_0 = 2.3155e-04
Loss = 1.8354e-04, PNorm = 35.8661, GNorm = 0.0845, lr_0 = 2.3099e-04
Loss = 2.0179e-04, PNorm = 35.8665, GNorm = 0.0913, lr_0 = 2.3044e-04
Loss = 1.5091e-04, PNorm = 35.8670, GNorm = 0.0647, lr_0 = 2.2989e-04
Validation mae = nan
Epoch 64
Loss = 1.0832e-04, PNorm = 35.8676, GNorm = 0.0406, lr_0 = 2.2928e-04
Loss = 1.8020e-04, PNorm = 35.8681, GNorm = 0.1017, lr_0 = 2.2873e-04
Loss = 8.2362e-05, PNorm = 35.8687, GNorm = 0.0397, lr_0 = 2.2819e-04
Loss = 2.1079e-04, PNorm = 35.8687, GNorm = 0.0646, lr_0 = 2.2764e-04
Loss = 1.3008e-04, PNorm = 35.8695, GNorm = 0.0598, lr_0 = 2.2709e-04
Loss = 1.6792e-04, PNorm = 35.8696, GNorm = 0.1088, lr_0 = 2.2655e-04
Loss = 1.7876e-04, PNorm = 35.8702, GNorm = 0.0689, lr_0 = 2.2601e-04
Loss = 8.9939e-05, PNorm = 35.8708, GNorm = 0.0579, lr_0 = 2.2547e-04
Loss = 1.7262e-04, PNorm = 35.8712, GNorm = 0.0746, lr_0 = 2.2493e-04
Loss = 1.2786e-04, PNorm = 35.8715, GNorm = 0.0796, lr_0 = 2.2439e-04
Validation mae = nan
Epoch 65
Loss = 1.7164e-04, PNorm = 35.8724, GNorm = 0.0956, lr_0 = 2.2380e-04
Loss = 1.3093e-04, PNorm = 35.8728, GNorm = 0.0701, lr_0 = 2.2326e-04
Loss = 1.6304e-04, PNorm = 35.8734, GNorm = 0.0766, lr_0 = 2.2273e-04
Loss = 1.5475e-04, PNorm = 35.8745, GNorm = 0.0797, lr_0 = 2.2219e-04
Loss = 1.6651e-04, PNorm = 35.8749, GNorm = 0.0442, lr_0 = 2.2166e-04
Loss = 1.4234e-04, PNorm = 35.8749, GNorm = 0.1005, lr_0 = 2.2113e-04
Loss = 1.3652e-04, PNorm = 35.8754, GNorm = 0.0665, lr_0 = 2.2060e-04
Loss = 1.2079e-04, PNorm = 35.8757, GNorm = 0.0431, lr_0 = 2.2007e-04
Loss = 2.9725e-04, PNorm = 35.8766, GNorm = 0.1071, lr_0 = 2.1955e-04
Loss = 1.5699e-04, PNorm = 35.8769, GNorm = 0.1257, lr_0 = 2.1902e-04
Validation mae = nan
Epoch 66
Loss = 2.2783e-04, PNorm = 35.8773, GNorm = 0.0595, lr_0 = 2.1850e-04
Loss = 1.5560e-04, PNorm = 35.8770, GNorm = 0.1006, lr_0 = 2.1797e-04
Loss = 1.0341e-04, PNorm = 35.8772, GNorm = 0.0738, lr_0 = 2.1745e-04
Loss = 1.5429e-04, PNorm = 35.8780, GNorm = 0.0887, lr_0 = 2.1693e-04
Loss = 1.1059e-04, PNorm = 35.8786, GNorm = 0.0884, lr_0 = 2.1641e-04
Loss = 1.3486e-04, PNorm = 35.8792, GNorm = 0.0632, lr_0 = 2.1589e-04
Loss = 9.7515e-05, PNorm = 35.8798, GNorm = 0.0280, lr_0 = 2.1537e-04
Loss = 1.4854e-04, PNorm = 35.8806, GNorm = 0.0780, lr_0 = 2.1486e-04
Loss = 1.6261e-04, PNorm = 35.8808, GNorm = 0.0973, lr_0 = 2.1434e-04
Loss = 2.2454e-04, PNorm = 35.8815, GNorm = 0.0812, lr_0 = 2.1383e-04
Validation mae = nan
Epoch 67
Loss = 2.1696e-04, PNorm = 35.8822, GNorm = 0.1596, lr_0 = 2.1327e-04
Loss = 2.1459e-04, PNorm = 35.8825, GNorm = 0.0658, lr_0 = 2.1276e-04
Loss = 1.7225e-04, PNorm = 35.8830, GNorm = 0.0618, lr_0 = 2.1225e-04
Loss = 3.4192e-04, PNorm = 35.8834, GNorm = 0.1257, lr_0 = 2.1174e-04
Loss = 2.2996e-04, PNorm = 35.8840, GNorm = 0.0577, lr_0 = 2.1123e-04
Loss = 1.9961e-04, PNorm = 35.8844, GNorm = 0.0595, lr_0 = 2.1073e-04
Loss = 1.5911e-04, PNorm = 35.8852, GNorm = 0.0661, lr_0 = 2.1022e-04
Loss = 1.3170e-04, PNorm = 35.8858, GNorm = 0.1002, lr_0 = 2.0972e-04
Loss = 2.3096e-04, PNorm = 35.8867, GNorm = 0.0758, lr_0 = 2.0922e-04
Loss = 2.2977e-04, PNorm = 35.8874, GNorm = 0.1189, lr_0 = 2.0872e-04
Validation mae = nan
Epoch 68
Loss = 1.3403e-04, PNorm = 35.8872, GNorm = 0.0790, lr_0 = 2.0817e-04
Loss = 1.1401e-04, PNorm = 35.8877, GNorm = 0.0486, lr_0 = 2.0767e-04
Loss = 1.2485e-04, PNorm = 35.8884, GNorm = 0.0861, lr_0 = 2.0717e-04
Loss = 1.8580e-04, PNorm = 35.8886, GNorm = 0.0672, lr_0 = 2.0667e-04
Loss = 1.3099e-04, PNorm = 35.8894, GNorm = 0.0256, lr_0 = 2.0618e-04
Loss = 1.0568e-04, PNorm = 35.8897, GNorm = 0.0606, lr_0 = 2.0569e-04
Loss = 1.4186e-04, PNorm = 35.8902, GNorm = 0.0803, lr_0 = 2.0519e-04
Loss = 1.7746e-04, PNorm = 35.8906, GNorm = 0.0956, lr_0 = 2.0470e-04
Loss = 1.7130e-04, PNorm = 35.8905, GNorm = 0.0508, lr_0 = 2.0421e-04
Validation mae = nan
Epoch 69
Loss = 1.5022e-04, PNorm = 35.8908, GNorm = 0.0413, lr_0 = 2.0367e-04
Loss = 2.1793e-04, PNorm = 35.8913, GNorm = 0.1011, lr_0 = 2.0319e-04
Loss = 1.7417e-04, PNorm = 35.8920, GNorm = 0.0449, lr_0 = 2.0270e-04
Loss = 9.1363e-05, PNorm = 35.8925, GNorm = 0.0495, lr_0 = 2.0221e-04
Loss = 1.3415e-04, PNorm = 35.8933, GNorm = 0.0918, lr_0 = 2.0173e-04
Loss = 1.2833e-04, PNorm = 35.8938, GNorm = 0.0827, lr_0 = 2.0125e-04
Loss = 1.2933e-04, PNorm = 35.8940, GNorm = 0.0683, lr_0 = 2.0076e-04
Loss = 1.0727e-04, PNorm = 35.8943, GNorm = 0.0369, lr_0 = 2.0028e-04
Loss = 1.1632e-04, PNorm = 35.8950, GNorm = 0.0262, lr_0 = 1.9980e-04
Loss = 1.5159e-04, PNorm = 35.8953, GNorm = 0.1859, lr_0 = 1.9933e-04
Validation mae = nan
Epoch 70
Loss = 3.5051e-04, PNorm = 35.8957, GNorm = 0.1527, lr_0 = 1.9885e-04
Loss = 1.9827e-04, PNorm = 35.8959, GNorm = 0.1963, lr_0 = 1.9837e-04
Loss = 1.3412e-04, PNorm = 35.8962, GNorm = 0.0543, lr_0 = 1.9790e-04
Loss = 1.3699e-04, PNorm = 35.8967, GNorm = 0.0937, lr_0 = 1.9742e-04
Loss = 1.0159e-04, PNorm = 35.8974, GNorm = 0.1289, lr_0 = 1.9695e-04
Loss = 2.4812e-04, PNorm = 35.8977, GNorm = 0.0635, lr_0 = 1.9648e-04
Loss = 1.6649e-04, PNorm = 35.8988, GNorm = 0.0790, lr_0 = 1.9601e-04
Loss = 1.1558e-04, PNorm = 35.8995, GNorm = 0.0526, lr_0 = 1.9554e-04
Loss = 9.4350e-05, PNorm = 35.9003, GNorm = 0.0755, lr_0 = 1.9507e-04
Loss = 1.2101e-04, PNorm = 35.9003, GNorm = 0.0501, lr_0 = 1.9460e-04
Validation mae = nan
Epoch 71
Loss = 1.1212e-04, PNorm = 35.9005, GNorm = 0.0740, lr_0 = 1.9409e-04
Loss = 1.4542e-04, PNorm = 35.9013, GNorm = 0.0527, lr_0 = 1.9363e-04
Loss = 1.5948e-04, PNorm = 35.9020, GNorm = 0.0677, lr_0 = 1.9316e-04
Loss = 1.1970e-04, PNorm = 35.9020, GNorm = 0.0512, lr_0 = 1.9270e-04
Loss = 1.3015e-04, PNorm = 35.9021, GNorm = 0.0313, lr_0 = 1.9224e-04
Loss = 1.9891e-04, PNorm = 35.9022, GNorm = 0.0965, lr_0 = 1.9178e-04
Loss = 1.4101e-04, PNorm = 35.9027, GNorm = 0.1122, lr_0 = 1.9132e-04
Loss = 1.8477e-04, PNorm = 35.9037, GNorm = 0.1432, lr_0 = 1.9086e-04
Loss = 2.8865e-04, PNorm = 35.9037, GNorm = 0.0702, lr_0 = 1.9040e-04
Loss = 2.6564e-04, PNorm = 35.9037, GNorm = 0.2179, lr_0 = 1.8995e-04
Validation mae = nan
Epoch 72
Loss = 4.5712e-04, PNorm = 35.9043, GNorm = 0.2422, lr_0 = 1.8945e-04
Loss = 2.4201e-04, PNorm = 35.9052, GNorm = 0.1095, lr_0 = 1.8899e-04
Loss = 2.4125e-04, PNorm = 35.9062, GNorm = 0.0696, lr_0 = 1.8854e-04
Loss = 1.4130e-04, PNorm = 35.9069, GNorm = 0.1287, lr_0 = 1.8809e-04
Loss = 2.0366e-04, PNorm = 35.9069, GNorm = 0.1382, lr_0 = 1.8764e-04
Loss = 1.7866e-04, PNorm = 35.9071, GNorm = 0.1134, lr_0 = 1.8719e-04
Loss = 1.2213e-04, PNorm = 35.9078, GNorm = 0.0574, lr_0 = 1.8674e-04
Loss = 1.3413e-04, PNorm = 35.9081, GNorm = 0.0922, lr_0 = 1.8629e-04
Loss = 1.9183e-04, PNorm = 35.9085, GNorm = 0.0661, lr_0 = 1.8585e-04
Loss = 1.4501e-04, PNorm = 35.9091, GNorm = 0.0351, lr_0 = 1.8540e-04
Validation mae = nan
Epoch 73
Loss = 1.5148e-04, PNorm = 35.9091, GNorm = 0.0501, lr_0 = 1.8491e-04
Loss = 1.9600e-04, PNorm = 35.9097, GNorm = 0.1021, lr_0 = 1.8447e-04
Loss = 1.5202e-04, PNorm = 35.9101, GNorm = 0.0352, lr_0 = 1.8403e-04
Loss = 1.7783e-04, PNorm = 35.9106, GNorm = 0.0399, lr_0 = 1.8359e-04
Loss = 1.5711e-04, PNorm = 35.9114, GNorm = 0.1235, lr_0 = 1.8315e-04
Loss = 1.6537e-04, PNorm = 35.9118, GNorm = 0.0678, lr_0 = 1.8271e-04
Loss = 2.1589e-04, PNorm = 35.9121, GNorm = 0.1405, lr_0 = 1.8227e-04
Loss = 1.3972e-04, PNorm = 35.9128, GNorm = 0.1182, lr_0 = 1.8184e-04
Loss = 1.4422e-04, PNorm = 35.9133, GNorm = 0.0773, lr_0 = 1.8140e-04
Loss = 1.6206e-04, PNorm = 35.9135, GNorm = 0.0942, lr_0 = 1.8097e-04
Validation mae = nan
Epoch 74
Loss = 1.1956e-04, PNorm = 35.9143, GNorm = 0.0984, lr_0 = 1.8053e-04
Loss = 2.3963e-04, PNorm = 35.9149, GNorm = 0.1150, lr_0 = 1.8010e-04
Loss = 2.1687e-04, PNorm = 35.9148, GNorm = 0.1205, lr_0 = 1.7967e-04
Loss = 1.8883e-04, PNorm = 35.9149, GNorm = 0.1313, lr_0 = 1.7924e-04
Loss = 2.3134e-04, PNorm = 35.9158, GNorm = 0.0345, lr_0 = 1.7881e-04
Loss = 1.8186e-04, PNorm = 35.9166, GNorm = 0.1178, lr_0 = 1.7838e-04
Loss = 1.4754e-04, PNorm = 35.9173, GNorm = 0.0317, lr_0 = 1.7796e-04
Loss = 1.7028e-04, PNorm = 35.9176, GNorm = 0.0895, lr_0 = 1.7753e-04
Loss = 2.2401e-04, PNorm = 35.9175, GNorm = 0.1891, lr_0 = 1.7710e-04
Validation mae = nan
Epoch 75
Loss = 1.8000e-04, PNorm = 35.9183, GNorm = 0.0821, lr_0 = 1.7664e-04
Loss = 2.0490e-04, PNorm = 35.9184, GNorm = 0.2126, lr_0 = 1.7622e-04
Loss = 1.8057e-04, PNorm = 35.9189, GNorm = 0.0391, lr_0 = 1.7579e-04
Loss = 1.2948e-04, PNorm = 35.9197, GNorm = 0.0646, lr_0 = 1.7537e-04
Loss = 2.3554e-04, PNorm = 35.9199, GNorm = 0.0932, lr_0 = 1.7495e-04
Loss = 1.9827e-04, PNorm = 35.9201, GNorm = 0.0513, lr_0 = 1.7453e-04
Loss = 1.1276e-04, PNorm = 35.9204, GNorm = 0.0427, lr_0 = 1.7412e-04
Loss = 1.0142e-04, PNorm = 35.9209, GNorm = 0.0520, lr_0 = 1.7370e-04
Loss = 1.2452e-04, PNorm = 35.9217, GNorm = 0.0548, lr_0 = 1.7328e-04
Loss = 1.1225e-04, PNorm = 35.9221, GNorm = 0.0628, lr_0 = 1.7287e-04
Validation mae = nan
Epoch 76
Loss = 1.4411e-04, PNorm = 35.9224, GNorm = 0.0926, lr_0 = 1.7241e-04
Loss = 8.6364e-05, PNorm = 35.9227, GNorm = 0.0404, lr_0 = 1.7200e-04
Loss = 9.3768e-05, PNorm = 35.9232, GNorm = 0.0284, lr_0 = 1.7159e-04
Loss = 7.6201e-05, PNorm = 35.9238, GNorm = 0.0428, lr_0 = 1.7118e-04
Loss = 1.0549e-04, PNorm = 35.9240, GNorm = 0.0501, lr_0 = 1.7077e-04
Loss = 1.0077e-04, PNorm = 35.9244, GNorm = 0.0424, lr_0 = 1.7036e-04
Loss = 1.0551e-04, PNorm = 35.9253, GNorm = 0.0528, lr_0 = 1.6995e-04
Loss = 9.2039e-05, PNorm = 35.9257, GNorm = 0.0457, lr_0 = 1.6954e-04
Loss = 9.0143e-05, PNorm = 35.9260, GNorm = 0.0513, lr_0 = 1.6914e-04
Loss = 2.0012e-04, PNorm = 35.9266, GNorm = 0.0465, lr_0 = 1.6873e-04
Validation mae = nan
Epoch 77
Loss = 1.1649e-04, PNorm = 35.9271, GNorm = 0.0477, lr_0 = 1.6833e-04
Loss = 1.1622e-04, PNorm = 35.9274, GNorm = 0.0837, lr_0 = 1.6792e-04
Loss = 1.9185e-04, PNorm = 35.9278, GNorm = 0.0581, lr_0 = 1.6752e-04
Loss = 1.6285e-04, PNorm = 35.9282, GNorm = 0.0903, lr_0 = 1.6712e-04
Loss = 1.0683e-04, PNorm = 35.9285, GNorm = 0.0292, lr_0 = 1.6672e-04
Loss = 1.8389e-04, PNorm = 35.9289, GNorm = 0.0607, lr_0 = 1.6632e-04
Loss = 1.2759e-04, PNorm = 35.9293, GNorm = 0.0361, lr_0 = 1.6592e-04
Loss = 1.5761e-04, PNorm = 35.9294, GNorm = 0.0744, lr_0 = 1.6553e-04
Loss = 9.8749e-05, PNorm = 35.9301, GNorm = 0.0470, lr_0 = 1.6513e-04
Loss = 1.0699e-04, PNorm = 35.9305, GNorm = 0.0962, lr_0 = 1.6473e-04
Validation mae = nan
Epoch 78
Loss = 1.1043e-04, PNorm = 35.9307, GNorm = 0.1065, lr_0 = 1.6430e-04
Loss = 8.1461e-05, PNorm = 35.9310, GNorm = 0.0736, lr_0 = 1.6391e-04
Loss = 1.3380e-04, PNorm = 35.9312, GNorm = 0.0304, lr_0 = 1.6351e-04
Loss = 8.4910e-05, PNorm = 35.9317, GNorm = 0.0559, lr_0 = 1.6312e-04
Loss = 1.0421e-04, PNorm = 35.9322, GNorm = 0.0420, lr_0 = 1.6273e-04
Loss = 7.3739e-05, PNorm = 35.9326, GNorm = 0.0699, lr_0 = 1.6234e-04
Loss = 8.8849e-05, PNorm = 35.9331, GNorm = 0.0622, lr_0 = 1.6195e-04
Loss = 9.0027e-05, PNorm = 35.9335, GNorm = 0.0597, lr_0 = 1.6157e-04
Loss = 1.7825e-04, PNorm = 35.9341, GNorm = 0.0905, lr_0 = 1.6118e-04
Loss = 1.2106e-04, PNorm = 35.9345, GNorm = 0.0671, lr_0 = 1.6079e-04
Validation mae = nan
Epoch 79
Loss = 1.5414e-04, PNorm = 35.9344, GNorm = 0.0554, lr_0 = 1.6037e-04
Loss = 1.4483e-04, PNorm = 35.9348, GNorm = 0.0598, lr_0 = 1.5999e-04
Loss = 8.4501e-05, PNorm = 35.9352, GNorm = 0.0792, lr_0 = 1.5960e-04
Loss = 1.5593e-04, PNorm = 35.9354, GNorm = 0.0428, lr_0 = 1.5922e-04
Loss = 1.7018e-04, PNorm = 35.9356, GNorm = 0.0762, lr_0 = 1.5884e-04
Loss = 1.3431e-04, PNorm = 35.9363, GNorm = 0.0212, lr_0 = 1.5846e-04
Loss = 1.6140e-04, PNorm = 35.9367, GNorm = 0.0452, lr_0 = 1.5808e-04
Loss = 1.0088e-04, PNorm = 35.9371, GNorm = 0.0257, lr_0 = 1.5770e-04
Loss = 1.3403e-04, PNorm = 35.9372, GNorm = 0.0558, lr_0 = 1.5732e-04
Loss = 1.4250e-04, PNorm = 35.9381, GNorm = 0.0694, lr_0 = 1.5695e-04
Loss = 8.0913e-05, PNorm = 35.9381, GNorm = 0.0512, lr_0 = 1.5691e-04
Validation mae = nan
Epoch 80
Loss = 1.1152e-04, PNorm = 35.9386, GNorm = 0.0899, lr_0 = 1.5653e-04
Loss = 1.4367e-04, PNorm = 35.9385, GNorm = 0.0667, lr_0 = 1.5616e-04
Loss = 2.3656e-04, PNorm = 35.9391, GNorm = 0.1379, lr_0 = 1.5578e-04
Loss = 1.6199e-04, PNorm = 35.9390, GNorm = 0.1301, lr_0 = 1.5541e-04
Loss = 3.3533e-04, PNorm = 35.9399, GNorm = 0.1652, lr_0 = 1.5504e-04
Loss = 3.8726e-04, PNorm = 35.9406, GNorm = 0.3059, lr_0 = 1.5467e-04
Loss = 4.6902e-04, PNorm = 35.9410, GNorm = 0.0894, lr_0 = 1.5430e-04
Loss = 3.1985e-04, PNorm = 35.9418, GNorm = 0.1865, lr_0 = 1.5393e-04
Loss = 1.6585e-04, PNorm = 35.9426, GNorm = 0.0797, lr_0 = 1.5356e-04
Validation mae = nan
Epoch 81
Loss = 1.6174e-04, PNorm = 35.9431, GNorm = 0.1010, lr_0 = 1.5319e-04
Loss = 2.0878e-04, PNorm = 35.9430, GNorm = 0.1285, lr_0 = 1.5282e-04
Loss = 1.5049e-04, PNorm = 35.9435, GNorm = 0.0689, lr_0 = 1.5246e-04
Loss = 1.2692e-04, PNorm = 35.9441, GNorm = 0.0616, lr_0 = 1.5209e-04
Loss = 1.0970e-04, PNorm = 35.9448, GNorm = 0.0775, lr_0 = 1.5173e-04
Loss = 1.0054e-04, PNorm = 35.9451, GNorm = 0.0425, lr_0 = 1.5137e-04
Loss = 8.8245e-05, PNorm = 35.9454, GNorm = 0.0559, lr_0 = 1.5100e-04
Loss = 1.2514e-04, PNorm = 35.9455, GNorm = 0.0598, lr_0 = 1.5064e-04
Loss = 1.8159e-04, PNorm = 35.9455, GNorm = 0.0929, lr_0 = 1.5028e-04
Loss = 1.3265e-04, PNorm = 35.9466, GNorm = 0.0693, lr_0 = 1.4992e-04
Validation mae = nan
Epoch 82
Loss = 7.7442e-05, PNorm = 35.9467, GNorm = 0.0753, lr_0 = 1.4953e-04
Loss = 9.5892e-05, PNorm = 35.9469, GNorm = 0.0492, lr_0 = 1.4917e-04
Loss = 9.0564e-05, PNorm = 35.9474, GNorm = 0.0976, lr_0 = 1.4881e-04
Loss = 7.7596e-05, PNorm = 35.9475, GNorm = 0.0748, lr_0 = 1.4846e-04
Loss = 8.2514e-05, PNorm = 35.9479, GNorm = 0.0479, lr_0 = 1.4810e-04
Loss = 6.5901e-05, PNorm = 35.9484, GNorm = 0.0704, lr_0 = 1.4774e-04
Loss = 7.3805e-05, PNorm = 35.9484, GNorm = 0.0463, lr_0 = 1.4739e-04
Loss = 1.6958e-04, PNorm = 35.9486, GNorm = 0.0563, lr_0 = 1.4704e-04
Loss = 1.2118e-04, PNorm = 35.9492, GNorm = 0.0326, lr_0 = 1.4669e-04
Loss = 1.6057e-04, PNorm = 35.9498, GNorm = 0.1052, lr_0 = 1.4633e-04
Validation mae = nan
Epoch 83
Loss = 1.1873e-04, PNorm = 35.9504, GNorm = 0.1036, lr_0 = 1.4595e-04
Loss = 1.2696e-04, PNorm = 35.9507, GNorm = 0.0778, lr_0 = 1.4560e-04
Loss = 8.9186e-05, PNorm = 35.9513, GNorm = 0.0314, lr_0 = 1.4525e-04
Loss = 9.2603e-05, PNorm = 35.9514, GNorm = 0.0388, lr_0 = 1.4490e-04
Loss = 9.7326e-05, PNorm = 35.9518, GNorm = 0.0541, lr_0 = 1.4456e-04
Loss = 9.9607e-05, PNorm = 35.9524, GNorm = 0.0480, lr_0 = 1.4421e-04
Loss = 1.8514e-04, PNorm = 35.9529, GNorm = 0.0539, lr_0 = 1.4386e-04
Loss = 9.4943e-05, PNorm = 35.9532, GNorm = 0.0963, lr_0 = 1.4352e-04
Loss = 1.0982e-04, PNorm = 35.9535, GNorm = 0.0863, lr_0 = 1.4318e-04
Loss = 1.0297e-04, PNorm = 35.9536, GNorm = 0.0436, lr_0 = 1.4283e-04
Validation mae = nan
Epoch 84
Loss = 5.8849e-05, PNorm = 35.9541, GNorm = 0.0882, lr_0 = 1.4246e-04
Loss = 7.2836e-05, PNorm = 35.9544, GNorm = 0.0573, lr_0 = 1.4212e-04
Loss = 1.5237e-04, PNorm = 35.9548, GNorm = 0.0827, lr_0 = 1.4178e-04
Loss = 1.0765e-04, PNorm = 35.9553, GNorm = 0.0348, lr_0 = 1.4144e-04
Loss = 9.8792e-05, PNorm = 35.9556, GNorm = 0.0652, lr_0 = 1.4110e-04
Loss = 1.3372e-04, PNorm = 35.9560, GNorm = 0.0828, lr_0 = 1.4076e-04
Loss = 6.8292e-05, PNorm = 35.9565, GNorm = 0.0444, lr_0 = 1.4042e-04
Loss = 9.0430e-05, PNorm = 35.9567, GNorm = 0.0618, lr_0 = 1.4009e-04
Loss = 1.0930e-04, PNorm = 35.9568, GNorm = 0.0529, lr_0 = 1.3975e-04
Loss = 8.9866e-05, PNorm = 35.9574, GNorm = 0.0254, lr_0 = 1.3942e-04
Validation mae = nan
Epoch 85
Loss = 1.6402e-04, PNorm = 35.9573, GNorm = 0.1404, lr_0 = 1.3908e-04
Loss = 2.0698e-04, PNorm = 35.9576, GNorm = 0.1219, lr_0 = 1.3875e-04
Loss = 1.5539e-04, PNorm = 35.9579, GNorm = 0.0971, lr_0 = 1.3842e-04
Loss = 1.1328e-04, PNorm = 35.9582, GNorm = 0.0603, lr_0 = 1.3809e-04
Loss = 1.1539e-04, PNorm = 35.9586, GNorm = 0.0820, lr_0 = 1.3776e-04
Loss = 1.1178e-04, PNorm = 35.9590, GNorm = 0.0844, lr_0 = 1.3743e-04
Loss = 9.6552e-05, PNorm = 35.9596, GNorm = 0.0347, lr_0 = 1.3710e-04
Loss = 1.1245e-04, PNorm = 35.9597, GNorm = 0.0565, lr_0 = 1.3677e-04
Loss = 8.2319e-05, PNorm = 35.9599, GNorm = 0.0473, lr_0 = 1.3644e-04
Loss = 9.4087e-05, PNorm = 35.9600, GNorm = 0.0649, lr_0 = 1.3611e-04
Loss = 1.1683e-04, PNorm = 35.9600, GNorm = 0.1317, lr_0 = 1.3608e-04
Validation mae = nan
Epoch 86
Loss = 1.8136e-04, PNorm = 35.9605, GNorm = 0.0600, lr_0 = 1.3576e-04
Loss = 1.9198e-04, PNorm = 35.9617, GNorm = 0.0321, lr_0 = 1.3543e-04
Loss = 1.4590e-04, PNorm = 35.9620, GNorm = 0.0211, lr_0 = 1.3511e-04
Loss = 1.4659e-04, PNorm = 35.9622, GNorm = 0.0260, lr_0 = 1.3478e-04
Loss = 1.3550e-04, PNorm = 35.9623, GNorm = 0.1223, lr_0 = 1.3446e-04
Loss = 1.4055e-04, PNorm = 35.9624, GNorm = 0.0975, lr_0 = 1.3414e-04
Loss = 1.0161e-04, PNorm = 35.9626, GNorm = 0.0640, lr_0 = 1.3382e-04
Loss = 1.1602e-04, PNorm = 35.9629, GNorm = 0.0782, lr_0 = 1.3350e-04
Loss = 1.5294e-04, PNorm = 35.9638, GNorm = 0.0578, lr_0 = 1.3318e-04
Validation mae = nan
Epoch 87
Loss = 1.3569e-04, PNorm = 35.9640, GNorm = 0.0742, lr_0 = 1.3283e-04
Loss = 1.0429e-04, PNorm = 35.9644, GNorm = 0.0641, lr_0 = 1.3251e-04
Loss = 1.1185e-04, PNorm = 35.9650, GNorm = 0.0878, lr_0 = 1.3219e-04
Loss = 1.9577e-04, PNorm = 35.9654, GNorm = 0.1208, lr_0 = 1.3187e-04
Loss = 2.4394e-04, PNorm = 35.9654, GNorm = 0.0992, lr_0 = 1.3156e-04
Loss = 3.6824e-04, PNorm = 35.9659, GNorm = 0.1286, lr_0 = 1.3124e-04
Loss = 2.1950e-04, PNorm = 35.9667, GNorm = 0.0789, lr_0 = 1.3093e-04
Loss = 1.2782e-04, PNorm = 35.9671, GNorm = 0.0360, lr_0 = 1.3062e-04
Loss = 1.0349e-04, PNorm = 35.9675, GNorm = 0.0620, lr_0 = 1.3030e-04
Loss = 1.6893e-04, PNorm = 35.9677, GNorm = 0.1057, lr_0 = 1.2999e-04
Validation mae = nan
Epoch 88
Loss = 1.0064e-04, PNorm = 35.9680, GNorm = 0.0309, lr_0 = 1.2965e-04
Loss = 9.5155e-05, PNorm = 35.9685, GNorm = 0.0516, lr_0 = 1.2934e-04
Loss = 1.8336e-04, PNorm = 35.9691, GNorm = 0.0742, lr_0 = 1.2903e-04
Loss = 8.5649e-05, PNorm = 35.9696, GNorm = 0.0672, lr_0 = 1.2872e-04
Loss = 8.6302e-05, PNorm = 35.9702, GNorm = 0.0992, lr_0 = 1.2841e-04
Loss = 8.2134e-05, PNorm = 35.9708, GNorm = 0.0649, lr_0 = 1.2810e-04
Loss = 8.6736e-05, PNorm = 35.9709, GNorm = 0.0607, lr_0 = 1.2780e-04
Loss = 1.1526e-04, PNorm = 35.9707, GNorm = 0.0820, lr_0 = 1.2749e-04
Loss = 1.4319e-04, PNorm = 35.9710, GNorm = 0.0867, lr_0 = 1.2718e-04
Loss = 2.4409e-04, PNorm = 35.9713, GNorm = 0.1886, lr_0 = 1.2688e-04
Validation mae = nan
Epoch 89
Loss = 2.1610e-04, PNorm = 35.9714, GNorm = 0.0860, lr_0 = 1.2658e-04
Loss = 2.1827e-04, PNorm = 35.9721, GNorm = 0.1309, lr_0 = 1.2627e-04
Loss = 1.1586e-04, PNorm = 35.9726, GNorm = 0.0371, lr_0 = 1.2597e-04
Loss = 1.3788e-04, PNorm = 35.9729, GNorm = 0.1068, lr_0 = 1.2567e-04
Loss = 1.5426e-04, PNorm = 35.9733, GNorm = 0.1293, lr_0 = 1.2537e-04
Loss = 1.3814e-04, PNorm = 35.9738, GNorm = 0.1069, lr_0 = 1.2507e-04
Loss = 1.1605e-04, PNorm = 35.9743, GNorm = 0.0545, lr_0 = 1.2477e-04
Loss = 1.4491e-04, PNorm = 35.9742, GNorm = 0.0491, lr_0 = 1.2447e-04
Loss = 9.6247e-05, PNorm = 35.9746, GNorm = 0.0414, lr_0 = 1.2417e-04
Loss = 8.6655e-05, PNorm = 35.9749, GNorm = 0.0700, lr_0 = 1.2387e-04
Validation mae = nan
Epoch 90
Loss = 6.8728e-05, PNorm = 35.9755, GNorm = 0.0670, lr_0 = 1.2355e-04
Loss = 1.2112e-04, PNorm = 35.9759, GNorm = 0.0647, lr_0 = 1.2325e-04
Loss = 8.1253e-05, PNorm = 35.9761, GNorm = 0.0743, lr_0 = 1.2296e-04
Loss = 8.2547e-05, PNorm = 35.9764, GNorm = 0.0542, lr_0 = 1.2266e-04
Loss = 1.2190e-04, PNorm = 35.9762, GNorm = 0.0906, lr_0 = 1.2237e-04
Loss = 9.3143e-05, PNorm = 35.9766, GNorm = 0.0628, lr_0 = 1.2208e-04
Loss = 9.4610e-05, PNorm = 35.9769, GNorm = 0.0498, lr_0 = 1.2178e-04
Loss = 8.3168e-05, PNorm = 35.9770, GNorm = 0.0441, lr_0 = 1.2149e-04
Loss = 5.8127e-05, PNorm = 35.9774, GNorm = 0.0484, lr_0 = 1.2120e-04
Loss = 7.7565e-05, PNorm = 35.9778, GNorm = 0.0231, lr_0 = 1.2091e-04
Validation mae = nan
Epoch 91
Loss = 6.9242e-05, PNorm = 35.9785, GNorm = 0.0346, lr_0 = 1.2059e-04
Loss = 6.2379e-05, PNorm = 35.9786, GNorm = 0.0689, lr_0 = 1.2030e-04
Loss = 4.2348e-05, PNorm = 35.9788, GNorm = 0.0217, lr_0 = 1.2002e-04
Loss = 9.8156e-05, PNorm = 35.9792, GNorm = 0.0536, lr_0 = 1.1973e-04
Loss = 7.4368e-05, PNorm = 35.9795, GNorm = 0.0202, lr_0 = 1.1944e-04
Loss = 6.0072e-05, PNorm = 35.9796, GNorm = 0.0410, lr_0 = 1.1916e-04
Loss = 8.4007e-05, PNorm = 35.9794, GNorm = 0.0650, lr_0 = 1.1887e-04
Loss = 8.3057e-05, PNorm = 35.9798, GNorm = 0.0538, lr_0 = 1.1859e-04
Loss = 1.1595e-04, PNorm = 35.9798, GNorm = 0.0425, lr_0 = 1.1830e-04
Validation mae = nan
Epoch 92
Loss = 6.2319e-05, PNorm = 35.9801, GNorm = 0.0393, lr_0 = 1.1799e-04
Loss = 6.1470e-05, PNorm = 35.9805, GNorm = 0.0168, lr_0 = 1.1771e-04
Loss = 1.3543e-04, PNorm = 35.9807, GNorm = 0.0425, lr_0 = 1.1743e-04
Loss = 1.0208e-04, PNorm = 35.9813, GNorm = 0.0408, lr_0 = 1.1714e-04
Loss = 5.1168e-05, PNorm = 35.9816, GNorm = 0.0582, lr_0 = 1.1686e-04
Loss = 5.4439e-05, PNorm = 35.9818, GNorm = 0.0214, lr_0 = 1.1658e-04
Loss = 6.7410e-05, PNorm = 35.9822, GNorm = 0.0356, lr_0 = 1.1630e-04
Loss = 8.0447e-05, PNorm = 35.9822, GNorm = 0.0310, lr_0 = 1.1603e-04
Loss = 5.4549e-05, PNorm = 35.9822, GNorm = 0.0289, lr_0 = 1.1575e-04
Loss = 7.2944e-05, PNorm = 35.9824, GNorm = 0.0270, lr_0 = 1.1547e-04
Validation mae = nan
Epoch 93
Loss = 6.0345e-05, PNorm = 35.9824, GNorm = 0.0745, lr_0 = 1.1519e-04
Loss = 8.0410e-05, PNorm = 35.9827, GNorm = 0.0504, lr_0 = 1.1492e-04
Loss = 8.1433e-05, PNorm = 35.9832, GNorm = 0.0559, lr_0 = 1.1464e-04
Loss = 6.3591e-05, PNorm = 35.9835, GNorm = 0.0505, lr_0 = 1.1437e-04
Loss = 6.4846e-05, PNorm = 35.9835, GNorm = 0.0395, lr_0 = 1.1410e-04
Loss = 6.7702e-05, PNorm = 35.9836, GNorm = 0.0555, lr_0 = 1.1382e-04
Loss = 6.3542e-05, PNorm = 35.9839, GNorm = 0.0624, lr_0 = 1.1355e-04
Loss = 1.0666e-04, PNorm = 35.9842, GNorm = 0.0430, lr_0 = 1.1328e-04
Loss = 1.4809e-04, PNorm = 35.9846, GNorm = 0.0667, lr_0 = 1.1301e-04
Loss = 1.1638e-04, PNorm = 35.9848, GNorm = 0.0771, lr_0 = 1.1274e-04
Validation mae = nan
Epoch 94
Loss = 5.5999e-05, PNorm = 35.9850, GNorm = 0.0474, lr_0 = 1.1244e-04
Loss = 7.8906e-05, PNorm = 35.9852, GNorm = 0.0182, lr_0 = 1.1217e-04
Loss = 8.0404e-05, PNorm = 35.9856, GNorm = 0.0767, lr_0 = 1.1190e-04
Loss = 7.5472e-05, PNorm = 35.9859, GNorm = 0.0258, lr_0 = 1.1163e-04
Loss = 1.5476e-04, PNorm = 35.9861, GNorm = 0.1342, lr_0 = 1.1137e-04
Loss = 1.3608e-04, PNorm = 35.9864, GNorm = 0.1737, lr_0 = 1.1110e-04
Loss = 1.5765e-04, PNorm = 35.9866, GNorm = 0.0708, lr_0 = 1.1083e-04
Loss = 1.6847e-04, PNorm = 35.9869, GNorm = 0.1079, lr_0 = 1.1057e-04
Loss = 1.1049e-04, PNorm = 35.9874, GNorm = 0.0955, lr_0 = 1.1030e-04
Loss = 1.3922e-04, PNorm = 35.9876, GNorm = 0.1202, lr_0 = 1.1004e-04
Validation mae = nan
Epoch 95
Loss = 7.8312e-05, PNorm = 35.9878, GNorm = 0.0249, lr_0 = 1.0975e-04
Loss = 1.1714e-04, PNorm = 35.9883, GNorm = 0.0707, lr_0 = 1.0949e-04
Loss = 9.0911e-05, PNorm = 35.9889, GNorm = 0.0551, lr_0 = 1.0922e-04
Loss = 7.9922e-05, PNorm = 35.9890, GNorm = 0.0325, lr_0 = 1.0896e-04
Loss = 8.2889e-05, PNorm = 35.9892, GNorm = 0.0330, lr_0 = 1.0870e-04
Loss = 6.7376e-05, PNorm = 35.9891, GNorm = 0.0453, lr_0 = 1.0844e-04
Loss = 4.9262e-05, PNorm = 35.9894, GNorm = 0.0475, lr_0 = 1.0818e-04
Loss = 9.4461e-05, PNorm = 35.9897, GNorm = 0.0655, lr_0 = 1.0792e-04
Loss = 6.6852e-05, PNorm = 35.9903, GNorm = 0.0415, lr_0 = 1.0766e-04
Loss = 5.2894e-05, PNorm = 35.9904, GNorm = 0.0693, lr_0 = 1.0741e-04
Validation mae = nan
Epoch 96
Loss = 9.5153e-05, PNorm = 35.9908, GNorm = 0.0271, lr_0 = 1.0712e-04
Loss = 7.9907e-05, PNorm = 35.9911, GNorm = 0.0543, lr_0 = 1.0687e-04
Loss = 6.7363e-05, PNorm = 35.9910, GNorm = 0.0642, lr_0 = 1.0661e-04
Loss = 6.7182e-05, PNorm = 35.9913, GNorm = 0.0371, lr_0 = 1.0636e-04
Loss = 7.4963e-05, PNorm = 35.9916, GNorm = 0.0800, lr_0 = 1.0610e-04
Loss = 5.3048e-05, PNorm = 35.9918, GNorm = 0.0770, lr_0 = 1.0585e-04
Loss = 6.1641e-05, PNorm = 35.9917, GNorm = 0.0470, lr_0 = 1.0559e-04
Loss = 8.1869e-05, PNorm = 35.9920, GNorm = 0.0242, lr_0 = 1.0534e-04
Loss = 1.1690e-04, PNorm = 35.9924, GNorm = 0.0758, lr_0 = 1.0509e-04
Loss = 5.5969e-05, PNorm = 35.9927, GNorm = 0.0353, lr_0 = 1.0484e-04
Validation mae = nan
Epoch 97
Loss = 7.7289e-05, PNorm = 35.9928, GNorm = 0.0465, lr_0 = 1.0459e-04
Loss = 6.2783e-05, PNorm = 35.9929, GNorm = 0.0579, lr_0 = 1.0433e-04
Loss = 1.4510e-04, PNorm = 35.9928, GNorm = 0.1122, lr_0 = 1.0409e-04
Loss = 1.5692e-04, PNorm = 35.9932, GNorm = 0.0859, lr_0 = 1.0384e-04
Loss = 9.7039e-05, PNorm = 35.9940, GNorm = 0.0440, lr_0 = 1.0359e-04
Loss = 5.3502e-05, PNorm = 35.9943, GNorm = 0.0588, lr_0 = 1.0334e-04
Loss = 7.5563e-05, PNorm = 35.9946, GNorm = 0.0344, lr_0 = 1.0309e-04
Loss = 8.0736e-05, PNorm = 35.9949, GNorm = 0.0520, lr_0 = 1.0284e-04
Loss = 7.3765e-05, PNorm = 35.9950, GNorm = 0.0278, lr_0 = 1.0260e-04
Validation mae = nan
Epoch 98
Loss = 8.7056e-05, PNorm = 35.9952, GNorm = 0.0560, lr_0 = 1.0233e-04
Loss = 9.7056e-05, PNorm = 35.9953, GNorm = 0.0579, lr_0 = 1.0208e-04
Loss = 1.0183e-04, PNorm = 35.9956, GNorm = 0.0598, lr_0 = 1.0184e-04
Loss = 6.0460e-05, PNorm = 35.9956, GNorm = 0.0369, lr_0 = 1.0159e-04
Loss = 1.2610e-04, PNorm = 35.9959, GNorm = 0.0553, lr_0 = 1.0135e-04
Loss = 7.4575e-05, PNorm = 35.9962, GNorm = 0.0752, lr_0 = 1.0111e-04
Loss = 9.1318e-05, PNorm = 35.9967, GNorm = 0.0321, lr_0 = 1.0087e-04
Loss = 1.0727e-04, PNorm = 35.9970, GNorm = 0.0354, lr_0 = 1.0063e-04
Loss = 7.1755e-05, PNorm = 35.9973, GNorm = 0.0233, lr_0 = 1.0038e-04
Loss = 9.2764e-05, PNorm = 35.9976, GNorm = 0.0200, lr_0 = 1.0014e-04
Validation mae = nan
Epoch 99
Loss = 9.9012e-05, PNorm = 35.9979, GNorm = 0.0620, lr_0 = 1.0000e-04
Loss = 8.1746e-05, PNorm = 35.9979, GNorm = 0.0306, lr_0 = 1.0000e-04
Loss = 9.9318e-05, PNorm = 35.9982, GNorm = 0.0411, lr_0 = 1.0000e-04
Loss = 1.1264e-04, PNorm = 35.9987, GNorm = 0.0641, lr_0 = 1.0000e-04
Loss = 8.4197e-05, PNorm = 35.9989, GNorm = 0.0297, lr_0 = 1.0000e-04
Loss = 8.2065e-05, PNorm = 35.9992, GNorm = 0.0383, lr_0 = 1.0000e-04
Loss = 6.2354e-05, PNorm = 35.9993, GNorm = 0.0308, lr_0 = 1.0000e-04
Loss = 6.1297e-05, PNorm = 35.9996, GNorm = 0.0826, lr_0 = 1.0000e-04
Loss = 1.3034e-04, PNorm = 35.9997, GNorm = 0.0814, lr_0 = 1.0000e-04
Loss = 1.3620e-04, PNorm = 36.0003, GNorm = 0.1324, lr_0 = 1.0000e-04
Validation mae = nan
Model 0 best validation mae = inf on epoch 0
Loading pretrained parameter "encoder.encoder.0.cached_zero_vector".
Loading pretrained parameter "encoder.encoder.0.W_i.weight".
Loading pretrained parameter "encoder.encoder.0.W_h.weight".
Loading pretrained parameter "encoder.encoder.0.W_o.weight".
Loading pretrained parameter "encoder.encoder.0.W_o.bias".
Loading pretrained parameter "ffn.1.weight".
Loading pretrained parameter "ffn.1.bias".
Loading pretrained parameter "ffn.4.weight".
Loading pretrained parameter "ffn.4.bias".
Moving model to cuda
Model 0 test mae = nan
Ensemble test mae = nan
1-fold cross validation
	Seed 0 ==> test mae = nan
Overall test mae = nan +/- nan
Elapsed time = 0:07:28
