Command line
python train.py --data_path data/data_0.5_random2/cp.csv --smiles_columns smiles --target_columns cp --dataset_type regression --split_sizes 1.0 0.0 0.0 --features_generator rdkit_2d --features_columns T --save_dir data/data_0.5_random2/cp --save_preds --epochs 100 --metric mae
Args
{'activation': 'ReLU',
 'aggregation': 'mean',
 'aggregation_norm': 100,
 'atom_descriptor_scaling': True,
 'atom_descriptors': None,
 'atom_descriptors_path': None,
 'atom_descriptors_size': 0,
 'atom_features_size': 0,
 'atom_messages': False,
 'batch_size': 50,
 'bias': False,
 'bond_feature_scaling': True,
 'bond_features_path': None,
 'bond_features_size': 0,
 'cache_cutoff': 10000,
 'checkpoint_dir': None,
 'checkpoint_path': None,
 'checkpoint_paths': None,
 'class_balance': False,
 'config_path': None,
 'crossval_index_dir': None,
 'crossval_index_file': None,
 'crossval_index_sets': None,
 'cuda': True,
 'data_path': 'data/data_0.5_random2/cp.csv',
 'dataset_type': 'regression',
 'depth': 3,
 'device': device(type='cuda'),
 'dropout': 0.0,
 'empty_cache': False,
 'ensemble_size': 1,
 'epochs': 100,
 'explicit_h': False,
 'extra_metrics': [],
 'features_columns': ['T'],
 'features_generator': ['rdkit_2d'],
 'features_only': False,
 'features_path': None,
 'features_scaling': True,
 'features_size': None,
 'ffn_hidden_size': 300,
 'ffn_num_layers': 2,
 'final_lr': 0.0001,
 'folds_file': None,
 'gpu': None,
 'grad_clip': None,
 'hidden_size': 300,
 'ignore_columns': None,
 'init_lr': 0.0001,
 'log_frequency': 10,
 'max_data_size': None,
 'max_lr': 0.001,
 'metric': 'mae',
 'metrics': ['mae'],
 'minimize_score': True,
 'mpn_shared': False,
 'multiclass_num_classes': 3,
 'no_atom_descriptor_scaling': False,
 'no_bond_features_scaling': False,
 'no_cache_mol': False,
 'no_cuda': False,
 'no_features_scaling': False,
 'num_folds': 1,
 'num_lrs': 1,
 'num_tasks': 1,
 'num_workers': 8,
 'number_of_molecules': 1,
 'overwrite_default_atom_features': False,
 'overwrite_default_bond_features': False,
 'pytorch_seed': 0,
 'quiet': False,
 'reaction': False,
 'reaction_mode': 'reac_diff',
 'resume_experiment': False,
 'save_dir': 'data/data_0.5_random2/cp',
 'save_preds': True,
 'save_smiles_splits': False,
 'seed': 0,
 'separate_test_atom_descriptors_path': None,
 'separate_test_bond_features_path': None,
 'separate_test_features_path': None,
 'separate_test_path': None,
 'separate_val_atom_descriptors_path': None,
 'separate_val_bond_features_path': None,
 'separate_val_features_path': None,
 'separate_val_path': None,
 'show_individual_scores': False,
 'smiles_columns': ['smiles'],
 'split_sizes': (1.0, 0.0, 0.0),
 'split_type': 'random',
 'target_columns': ['cp'],
 'task_names': ['cp'],
 'test': False,
 'test_fold_index': None,
 'train_data_size': None,
 'undirected': False,
 'use_input_features': True,
 'val_fold_index': None,
 'warmup_epochs': 2.0}
Loading data
Number of tasks = 1
Fold 0
Splitting data with seed 0
Total size = 4,911 | train size = 4,911 | val size = 0 | test size = 0
Fitting scaler
Building model 0
MoleculeModel(
  (encoder): MPN(
    (encoder): ModuleList(
      (0): MPNEncoder(
        (dropout_layer): Dropout(p=0.0, inplace=False)
        (act_func): ReLU()
        (W_i): Linear(in_features=147, out_features=300, bias=False)
        (W_h): Linear(in_features=300, out_features=300, bias=False)
        (W_o): Linear(in_features=433, out_features=300, bias=True)
      )
    )
  )
  (ffn): Sequential(
    (0): Dropout(p=0.0, inplace=False)
    (1): Linear(in_features=501, out_features=300, bias=True)
    (2): ReLU()
    (3): Dropout(p=0.0, inplace=False)
    (4): Linear(in_features=300, out_features=1, bias=True)
  )
)
Number of parameters = 415,201
Moving model to cuda
Epoch 0
Loss = 1.0221e+00, PNorm = 35.0914, GNorm = 3.7684, lr_0 = 1.5051e-04
Loss = 8.3829e-01, PNorm = 35.0940, GNorm = 4.9142, lr_0 = 1.9643e-04
Loss = 6.5524e-01, PNorm = 35.0974, GNorm = 4.5769, lr_0 = 2.4235e-04
Loss = 5.2331e-01, PNorm = 35.1028, GNorm = 2.4706, lr_0 = 2.8827e-04
Loss = 4.2834e-01, PNorm = 35.1097, GNorm = 2.3825, lr_0 = 3.3418e-04
Loss = 3.6598e-01, PNorm = 35.1155, GNorm = 2.7983, lr_0 = 3.8010e-04
Loss = 2.8686e-01, PNorm = 35.1185, GNorm = 9.1625, lr_0 = 4.2602e-04
Loss = 2.6123e-01, PNorm = 35.1199, GNorm = 4.7954, lr_0 = 4.7194e-04
Loss = 1.7134e-01, PNorm = 35.1228, GNorm = 1.6015, lr_0 = 5.1786e-04
Validation mae = nan
Epoch 1
Loss = 8.8306e-02, PNorm = 35.1263, GNorm = 1.7807, lr_0 = 5.6837e-04
Loss = 1.1548e-01, PNorm = 35.1264, GNorm = 7.2358, lr_0 = 6.1429e-04
Loss = 6.3611e-02, PNorm = 35.1269, GNorm = 2.8902, lr_0 = 6.6020e-04
Loss = 4.8051e-02, PNorm = 35.1277, GNorm = 0.9951, lr_0 = 7.0612e-04
Loss = 2.2570e-02, PNorm = 35.1291, GNorm = 1.8911, lr_0 = 7.5204e-04
Loss = 1.4050e-02, PNorm = 35.1311, GNorm = 1.3473, lr_0 = 7.9796e-04
Loss = 1.2448e-02, PNorm = 35.1330, GNorm = 0.3991, lr_0 = 8.4388e-04
Loss = 8.9684e-03, PNorm = 35.1344, GNorm = 0.5321, lr_0 = 8.8980e-04
Loss = 8.9558e-03, PNorm = 35.1347, GNorm = 1.3013, lr_0 = 9.3571e-04
Loss = 9.8990e-03, PNorm = 35.1346, GNorm = 0.7170, lr_0 = 9.8163e-04
Validation mae = nan
Epoch 2
Loss = 1.0276e-02, PNorm = 35.1350, GNorm = 0.6724, lr_0 = 9.9832e-04
Loss = 1.0143e-02, PNorm = 35.1349, GNorm = 0.4438, lr_0 = 9.9593e-04
Loss = 9.6851e-03, PNorm = 35.1354, GNorm = 0.5655, lr_0 = 9.9355e-04
Loss = 9.7067e-03, PNorm = 35.1359, GNorm = 0.4003, lr_0 = 9.9117e-04
Loss = 7.9471e-03, PNorm = 35.1363, GNorm = 0.5638, lr_0 = 9.8879e-04
Loss = 6.6120e-03, PNorm = 35.1367, GNorm = 0.4146, lr_0 = 9.8643e-04
Loss = 8.4669e-03, PNorm = 35.1372, GNorm = 0.7618, lr_0 = 9.8406e-04
Loss = 1.0543e-02, PNorm = 35.1381, GNorm = 0.2217, lr_0 = 9.8171e-04
Loss = 8.5233e-03, PNorm = 35.1386, GNorm = 0.3078, lr_0 = 9.7936e-04
Loss = 8.1522e-03, PNorm = 35.1392, GNorm = 0.4709, lr_0 = 9.7701e-04
Validation mae = nan
Epoch 3
Loss = 9.4563e-03, PNorm = 35.1400, GNorm = 2.1069, lr_0 = 9.7444e-04
Loss = 1.0523e-02, PNorm = 35.1400, GNorm = 0.6767, lr_0 = 9.7211e-04
Loss = 1.0569e-02, PNorm = 35.1396, GNorm = 1.1961, lr_0 = 9.6978e-04
Loss = 9.4000e-03, PNorm = 35.1393, GNorm = 0.6636, lr_0 = 9.6746e-04
Loss = 7.2139e-03, PNorm = 35.1399, GNorm = 0.6149, lr_0 = 9.6514e-04
Loss = 8.0376e-03, PNorm = 35.1403, GNorm = 0.2514, lr_0 = 9.6283e-04
Loss = 6.7371e-03, PNorm = 35.1411, GNorm = 0.3260, lr_0 = 9.6052e-04
Loss = 6.0989e-03, PNorm = 35.1418, GNorm = 1.0010, lr_0 = 9.5822e-04
Loss = 6.0572e-03, PNorm = 35.1424, GNorm = 0.2688, lr_0 = 9.5593e-04
Loss = 6.0704e-03, PNorm = 35.1430, GNorm = 0.9183, lr_0 = 9.5364e-04
Validation mae = nan
Epoch 4
Loss = 6.9222e-03, PNorm = 35.1431, GNorm = 0.4943, lr_0 = 9.5113e-04
Loss = 7.4048e-03, PNorm = 35.1435, GNorm = 0.3429, lr_0 = 9.4885e-04
Loss = 8.6977e-03, PNorm = 35.1436, GNorm = 0.2403, lr_0 = 9.4658e-04
Loss = 8.8252e-03, PNorm = 35.1437, GNorm = 0.7932, lr_0 = 9.4431e-04
Loss = 9.6828e-03, PNorm = 35.1449, GNorm = 0.8499, lr_0 = 9.4205e-04
Loss = 6.8234e-03, PNorm = 35.1475, GNorm = 0.3973, lr_0 = 9.3979e-04
Loss = 6.3872e-03, PNorm = 35.1487, GNorm = 0.4781, lr_0 = 9.3754e-04
Loss = 6.4510e-03, PNorm = 35.1493, GNorm = 0.1975, lr_0 = 9.3530e-04
Loss = 5.8883e-03, PNorm = 35.1497, GNorm = 0.8903, lr_0 = 9.3306e-04
Loss = 6.1068e-03, PNorm = 35.1500, GNorm = 0.7993, lr_0 = 9.3082e-04
Validation mae = nan
Epoch 5
Loss = 5.9437e-03, PNorm = 35.1508, GNorm = 0.8606, lr_0 = 9.2859e-04
Loss = 6.4931e-03, PNorm = 35.1514, GNorm = 0.6397, lr_0 = 9.2637e-04
Loss = 5.6759e-03, PNorm = 35.1515, GNorm = 0.4341, lr_0 = 9.2415e-04
Loss = 6.4889e-03, PNorm = 35.1515, GNorm = 2.0496, lr_0 = 9.2194e-04
Loss = 5.8396e-03, PNorm = 35.1514, GNorm = 0.5496, lr_0 = 9.1973e-04
Loss = 6.0386e-03, PNorm = 35.1513, GNorm = 1.1856, lr_0 = 9.1753e-04
Loss = 6.5386e-03, PNorm = 35.1520, GNorm = 1.2110, lr_0 = 9.1533e-04
Loss = 5.2177e-03, PNorm = 35.1528, GNorm = 0.2189, lr_0 = 9.1314e-04
Loss = 4.6485e-03, PNorm = 35.1535, GNorm = 0.2980, lr_0 = 9.1095e-04
Validation mae = nan
Epoch 6
Loss = 4.4464e-03, PNorm = 35.1541, GNorm = 0.2848, lr_0 = 9.0855e-04
Loss = 3.8646e-03, PNorm = 35.1550, GNorm = 0.5542, lr_0 = 9.0638e-04
Loss = 4.4496e-03, PNorm = 35.1556, GNorm = 0.2746, lr_0 = 9.0421e-04
Loss = 3.8029e-03, PNorm = 35.1566, GNorm = 0.2909, lr_0 = 9.0204e-04
Loss = 6.1597e-03, PNorm = 35.1573, GNorm = 0.9164, lr_0 = 8.9988e-04
Loss = 6.8036e-03, PNorm = 35.1580, GNorm = 1.1976, lr_0 = 8.9773e-04
Loss = 6.2371e-03, PNorm = 35.1581, GNorm = 0.4044, lr_0 = 8.9558e-04
Loss = 5.4442e-03, PNorm = 35.1593, GNorm = 0.2069, lr_0 = 8.9343e-04
Loss = 4.9015e-03, PNorm = 35.1597, GNorm = 0.3884, lr_0 = 8.9129e-04
Loss = 5.1194e-03, PNorm = 35.1599, GNorm = 1.0821, lr_0 = 8.8916e-04
Validation mae = nan
Epoch 7
Loss = 3.2358e-03, PNorm = 35.1606, GNorm = 0.2319, lr_0 = 8.8682e-04
Loss = 3.8489e-03, PNorm = 35.1609, GNorm = 0.3722, lr_0 = 8.8469e-04
Loss = 3.6583e-03, PNorm = 35.1615, GNorm = 0.2266, lr_0 = 8.8258e-04
Loss = 3.5563e-03, PNorm = 35.1625, GNorm = 0.2942, lr_0 = 8.8046e-04
Loss = 5.0353e-03, PNorm = 35.1622, GNorm = 0.9481, lr_0 = 8.7835e-04
Loss = 5.9413e-03, PNorm = 35.1628, GNorm = 0.6956, lr_0 = 8.7625e-04
Loss = 6.7946e-03, PNorm = 35.1640, GNorm = 0.5981, lr_0 = 8.7415e-04
Loss = 4.3600e-03, PNorm = 35.1658, GNorm = 0.7866, lr_0 = 8.7206e-04
Loss = 4.5048e-03, PNorm = 35.1668, GNorm = 0.6058, lr_0 = 8.6997e-04
Loss = 4.7852e-03, PNorm = 35.1676, GNorm = 0.2704, lr_0 = 8.6789e-04
Validation mae = nan
Epoch 8
Loss = 5.0622e-03, PNorm = 35.1687, GNorm = 0.6710, lr_0 = 8.6560e-04
Loss = 3.6089e-03, PNorm = 35.1700, GNorm = 0.3216, lr_0 = 8.6353e-04
Loss = 3.2521e-03, PNorm = 35.1709, GNorm = 0.6120, lr_0 = 8.6146e-04
Loss = 3.1289e-03, PNorm = 35.1720, GNorm = 0.2312, lr_0 = 8.5940e-04
Loss = 3.3485e-03, PNorm = 35.1736, GNorm = 0.4090, lr_0 = 8.5734e-04
Loss = 3.4226e-03, PNorm = 35.1750, GNorm = 0.3593, lr_0 = 8.5529e-04
Loss = 3.0623e-03, PNorm = 35.1761, GNorm = 0.2832, lr_0 = 8.5324e-04
Loss = 3.4867e-03, PNorm = 35.1776, GNorm = 0.3643, lr_0 = 8.5120e-04
Loss = 4.0134e-03, PNorm = 35.1793, GNorm = 0.5203, lr_0 = 8.4916e-04
Loss = 2.7398e-03, PNorm = 35.1804, GNorm = 0.1722, lr_0 = 8.4712e-04
Validation mae = nan
Epoch 9
Loss = 2.7005e-03, PNorm = 35.1817, GNorm = 0.2361, lr_0 = 8.4489e-04
Loss = 2.4405e-03, PNorm = 35.1832, GNorm = 0.1875, lr_0 = 8.4287e-04
Loss = 2.7268e-03, PNorm = 35.1842, GNorm = 0.5624, lr_0 = 8.4085e-04
Loss = 3.2384e-03, PNorm = 35.1852, GNorm = 0.6043, lr_0 = 8.3884e-04
Loss = 4.0548e-03, PNorm = 35.1856, GNorm = 0.5088, lr_0 = 8.3683e-04
Loss = 3.3645e-03, PNorm = 35.1868, GNorm = 0.3338, lr_0 = 8.3482e-04
Loss = 2.8581e-03, PNorm = 35.1878, GNorm = 0.2484, lr_0 = 8.3283e-04
Loss = 2.7631e-03, PNorm = 35.1889, GNorm = 0.7623, lr_0 = 8.3083e-04
Loss = 3.0971e-03, PNorm = 35.1903, GNorm = 0.4970, lr_0 = 8.2884e-04
Loss = 4.5857e-03, PNorm = 35.1919, GNorm = 1.0988, lr_0 = 8.2686e-04
Validation mae = nan
Epoch 10
Loss = 4.3426e-03, PNorm = 35.1927, GNorm = 0.5699, lr_0 = 8.2488e-04
Loss = 4.5809e-03, PNorm = 35.1938, GNorm = 1.3486, lr_0 = 8.2290e-04
Loss = 3.2264e-03, PNorm = 35.1951, GNorm = 0.2503, lr_0 = 8.2093e-04
Loss = 2.6560e-03, PNorm = 35.1964, GNorm = 0.2164, lr_0 = 8.1896e-04
Loss = 2.7087e-03, PNorm = 35.1980, GNorm = 0.5161, lr_0 = 8.1700e-04
Loss = 2.4447e-03, PNorm = 35.1993, GNorm = 0.3646, lr_0 = 8.1505e-04
Loss = 2.4735e-03, PNorm = 35.2007, GNorm = 0.1572, lr_0 = 8.1310e-04
Loss = 2.4479e-03, PNorm = 35.2025, GNorm = 0.3296, lr_0 = 8.1115e-04
Loss = 2.6597e-03, PNorm = 35.2036, GNorm = 0.4535, lr_0 = 8.0921e-04
Loss = 3.6101e-03, PNorm = 35.2050, GNorm = 0.4590, lr_0 = 8.0727e-04
Loss = 1.4213e-03, PNorm = 35.2051, GNorm = 0.3774, lr_0 = 8.0707e-04
Validation mae = nan
Epoch 11
Loss = 2.8742e-03, PNorm = 35.2063, GNorm = 0.2917, lr_0 = 8.0514e-04
Loss = 2.7556e-03, PNorm = 35.2077, GNorm = 0.4075, lr_0 = 8.0321e-04
Loss = 3.0006e-03, PNorm = 35.2096, GNorm = 0.2485, lr_0 = 8.0129e-04
Loss = 2.5086e-03, PNorm = 35.2119, GNorm = 0.3177, lr_0 = 7.9937e-04
Loss = 2.1894e-03, PNorm = 35.2142, GNorm = 0.2928, lr_0 = 7.9746e-04
Loss = 2.1218e-03, PNorm = 35.2161, GNorm = 0.4017, lr_0 = 7.9555e-04
Loss = 2.7781e-03, PNorm = 35.2173, GNorm = 0.1817, lr_0 = 7.9364e-04
Loss = 3.3718e-03, PNorm = 35.2191, GNorm = 0.7854, lr_0 = 7.9174e-04
Loss = 5.5704e-03, PNorm = 35.2213, GNorm = 0.1236, lr_0 = 7.8985e-04
Validation mae = nan
Epoch 12
Loss = 1.4871e-02, PNorm = 35.2231, GNorm = 1.0939, lr_0 = 7.8777e-04
Loss = 5.9520e-03, PNorm = 35.2248, GNorm = 0.3412, lr_0 = 7.8588e-04
Loss = 5.2723e-03, PNorm = 35.2266, GNorm = 0.5573, lr_0 = 7.8400e-04
Loss = 3.7841e-03, PNorm = 35.2294, GNorm = 0.7871, lr_0 = 7.8212e-04
Loss = 2.9037e-03, PNorm = 35.2311, GNorm = 0.3519, lr_0 = 7.8025e-04
Loss = 2.5473e-03, PNorm = 35.2330, GNorm = 0.5427, lr_0 = 7.7838e-04
Loss = 2.2233e-03, PNorm = 35.2351, GNorm = 0.1859, lr_0 = 7.7652e-04
Loss = 2.3605e-03, PNorm = 35.2365, GNorm = 0.1194, lr_0 = 7.7466e-04
Loss = 2.2463e-03, PNorm = 35.2380, GNorm = 0.5769, lr_0 = 7.7280e-04
Loss = 2.6841e-03, PNorm = 35.2389, GNorm = 0.5629, lr_0 = 7.7095e-04
Validation mae = nan
Epoch 13
Loss = 1.7154e-03, PNorm = 35.2410, GNorm = 0.3354, lr_0 = 7.6892e-04
Loss = 2.7448e-03, PNorm = 35.2422, GNorm = 0.2486, lr_0 = 7.6708e-04
Loss = 2.5929e-03, PNorm = 35.2437, GNorm = 0.4438, lr_0 = 7.6524e-04
Loss = 1.9781e-03, PNorm = 35.2449, GNorm = 0.2363, lr_0 = 7.6341e-04
Loss = 2.0186e-03, PNorm = 35.2471, GNorm = 0.2672, lr_0 = 7.6158e-04
Loss = 1.7800e-03, PNorm = 35.2486, GNorm = 0.3400, lr_0 = 7.5976e-04
Loss = 1.9449e-03, PNorm = 35.2504, GNorm = 0.2111, lr_0 = 7.5794e-04
Loss = 2.2057e-03, PNorm = 35.2523, GNorm = 0.2271, lr_0 = 7.5612e-04
Loss = 2.0355e-03, PNorm = 35.2544, GNorm = 0.2353, lr_0 = 7.5431e-04
Loss = 2.7944e-03, PNorm = 35.2565, GNorm = 0.6023, lr_0 = 7.5251e-04
Validation mae = nan
Epoch 14
Loss = 2.2715e-03, PNorm = 35.2585, GNorm = 0.4493, lr_0 = 7.5070e-04
Loss = 2.0183e-03, PNorm = 35.2605, GNorm = 0.1941, lr_0 = 7.4891e-04
Loss = 1.9481e-03, PNorm = 35.2625, GNorm = 0.1848, lr_0 = 7.4711e-04
Loss = 2.0058e-03, PNorm = 35.2640, GNorm = 0.3138, lr_0 = 7.4532e-04
Loss = 1.9098e-03, PNorm = 35.2658, GNorm = 0.4772, lr_0 = 7.4354e-04
Loss = 2.2772e-03, PNorm = 35.2679, GNorm = 0.1861, lr_0 = 7.4176e-04
Loss = 2.3887e-03, PNorm = 35.2711, GNorm = 0.6447, lr_0 = 7.3998e-04
Loss = 2.4534e-03, PNorm = 35.2731, GNorm = 0.2084, lr_0 = 7.3821e-04
Loss = 2.4398e-03, PNorm = 35.2756, GNorm = 0.1709, lr_0 = 7.3644e-04
Loss = 2.4179e-03, PNorm = 35.2775, GNorm = 0.7706, lr_0 = 7.3468e-04
Validation mae = nan
Epoch 15
Loss = 2.4275e-03, PNorm = 35.2800, GNorm = 0.3235, lr_0 = 7.3274e-04
Loss = 2.1335e-03, PNorm = 35.2820, GNorm = 0.5053, lr_0 = 7.3099e-04
Loss = 2.9501e-03, PNorm = 35.2836, GNorm = 0.5884, lr_0 = 7.2924e-04
Loss = 2.6583e-03, PNorm = 35.2848, GNorm = 0.4412, lr_0 = 7.2749e-04
Loss = 2.1167e-03, PNorm = 35.2883, GNorm = 0.1985, lr_0 = 7.2575e-04
Loss = 1.7699e-03, PNorm = 35.2907, GNorm = 0.3058, lr_0 = 7.2401e-04
Loss = 1.4805e-03, PNorm = 35.2935, GNorm = 0.2459, lr_0 = 7.2228e-04
Loss = 1.5641e-03, PNorm = 35.2954, GNorm = 0.1203, lr_0 = 7.2055e-04
Loss = 1.7033e-03, PNorm = 35.2976, GNorm = 0.2213, lr_0 = 7.1882e-04
Loss = 1.4736e-03, PNorm = 35.2997, GNorm = 0.1797, lr_0 = 7.1710e-04
Validation mae = nan
Epoch 16
Loss = 1.4196e-03, PNorm = 35.3017, GNorm = 0.1711, lr_0 = 7.1521e-04
Loss = 1.6360e-03, PNorm = 35.3044, GNorm = 0.2813, lr_0 = 7.1350e-04
Loss = 1.6303e-03, PNorm = 35.3071, GNorm = 0.2493, lr_0 = 7.1179e-04
Loss = 1.5242e-03, PNorm = 35.3095, GNorm = 0.1876, lr_0 = 7.1009e-04
Loss = 1.8736e-03, PNorm = 35.3121, GNorm = 0.4248, lr_0 = 7.0839e-04
Loss = 1.6167e-03, PNorm = 35.3144, GNorm = 0.4779, lr_0 = 7.0669e-04
Loss = 2.0932e-03, PNorm = 35.3164, GNorm = 0.2538, lr_0 = 7.0500e-04
Loss = 1.8689e-03, PNorm = 35.3192, GNorm = 0.3375, lr_0 = 7.0331e-04
Loss = 1.6199e-03, PNorm = 35.3209, GNorm = 0.1931, lr_0 = 7.0163e-04
Validation mae = nan
Epoch 17
Loss = 2.4988e-03, PNorm = 35.3235, GNorm = 0.2646, lr_0 = 6.9978e-04
Loss = 2.9046e-03, PNorm = 35.3249, GNorm = 0.5124, lr_0 = 6.9810e-04
Loss = 1.9050e-03, PNorm = 35.3267, GNorm = 0.3026, lr_0 = 6.9643e-04
Loss = 2.1420e-03, PNorm = 35.3287, GNorm = 0.6423, lr_0 = 6.9476e-04
Loss = 1.8000e-03, PNorm = 35.3322, GNorm = 0.1230, lr_0 = 6.9310e-04
Loss = 1.8856e-03, PNorm = 35.3352, GNorm = 0.2204, lr_0 = 6.9144e-04
Loss = 2.0428e-03, PNorm = 35.3386, GNorm = 0.3490, lr_0 = 6.8978e-04
Loss = 1.6581e-03, PNorm = 35.3414, GNorm = 0.3100, lr_0 = 6.8813e-04
Loss = 1.5158e-03, PNorm = 35.3437, GNorm = 0.0797, lr_0 = 6.8648e-04
Loss = 1.6928e-03, PNorm = 35.3459, GNorm = 0.1684, lr_0 = 6.8484e-04
Validation mae = nan
Epoch 18
Loss = 1.2319e-03, PNorm = 35.3489, GNorm = 0.1081, lr_0 = 6.8304e-04
Loss = 1.4140e-03, PNorm = 35.3517, GNorm = 0.1382, lr_0 = 6.8140e-04
Loss = 1.5424e-03, PNorm = 35.3546, GNorm = 0.0851, lr_0 = 6.7977e-04
Loss = 1.3518e-03, PNorm = 35.3579, GNorm = 0.1478, lr_0 = 6.7814e-04
Loss = 1.7353e-03, PNorm = 35.3613, GNorm = 0.1760, lr_0 = 6.7652e-04
Loss = 1.4334e-03, PNorm = 35.3654, GNorm = 0.3430, lr_0 = 6.7490e-04
Loss = 1.2536e-03, PNorm = 35.3691, GNorm = 0.1888, lr_0 = 6.7328e-04
Loss = 1.3282e-03, PNorm = 35.3713, GNorm = 0.5144, lr_0 = 6.7167e-04
Loss = 1.9888e-03, PNorm = 35.3746, GNorm = 0.4108, lr_0 = 6.7006e-04
Loss = 1.7543e-03, PNorm = 35.3780, GNorm = 0.1470, lr_0 = 6.6846e-04
Validation mae = nan
Epoch 19
Loss = 2.2152e-03, PNorm = 35.3814, GNorm = 0.5984, lr_0 = 6.6686e-04
Loss = 1.9693e-03, PNorm = 35.3844, GNorm = 0.4725, lr_0 = 6.6526e-04
Loss = 1.7210e-03, PNorm = 35.3872, GNorm = 0.1517, lr_0 = 6.6367e-04
Loss = 1.5916e-03, PNorm = 35.3907, GNorm = 0.1817, lr_0 = 6.6208e-04
Loss = 1.2869e-03, PNorm = 35.3938, GNorm = 0.1121, lr_0 = 6.6049e-04
Loss = 1.5374e-03, PNorm = 35.3963, GNorm = 0.4171, lr_0 = 6.5891e-04
Loss = 1.4185e-03, PNorm = 35.3986, GNorm = 0.1934, lr_0 = 6.5733e-04
Loss = 1.2526e-03, PNorm = 35.4015, GNorm = 0.1946, lr_0 = 6.5576e-04
Loss = 1.2570e-03, PNorm = 35.4051, GNorm = 0.3201, lr_0 = 6.5419e-04
Loss = 1.4236e-03, PNorm = 35.4069, GNorm = 0.4194, lr_0 = 6.5262e-04
Validation mae = nan
Epoch 20
Loss = 1.7692e-03, PNorm = 35.4103, GNorm = 0.3070, lr_0 = 6.5090e-04
Loss = 2.0290e-03, PNorm = 35.4129, GNorm = 0.2848, lr_0 = 6.4934e-04
Loss = 2.0633e-03, PNorm = 35.4159, GNorm = 0.4241, lr_0 = 6.4779e-04
Loss = 1.8680e-03, PNorm = 35.4178, GNorm = 0.1805, lr_0 = 6.4624e-04
Loss = 2.6410e-03, PNorm = 35.4213, GNorm = 0.5175, lr_0 = 6.4469e-04
Loss = 1.6903e-03, PNorm = 35.4249, GNorm = 0.1095, lr_0 = 6.4315e-04
Loss = 1.3263e-03, PNorm = 35.4275, GNorm = 0.1873, lr_0 = 6.4161e-04
Loss = 1.2674e-03, PNorm = 35.4298, GNorm = 0.2512, lr_0 = 6.4007e-04
Loss = 1.1829e-03, PNorm = 35.4327, GNorm = 0.2877, lr_0 = 6.3854e-04
Loss = 1.4080e-03, PNorm = 35.4351, GNorm = 0.3878, lr_0 = 6.3701e-04
Validation mae = nan
Epoch 21
Loss = 2.2530e-03, PNorm = 35.4389, GNorm = 0.6900, lr_0 = 6.3533e-04
Loss = 1.5296e-03, PNorm = 35.4404, GNorm = 0.1316, lr_0 = 6.3381e-04
Loss = 1.3816e-03, PNorm = 35.4450, GNorm = 0.1875, lr_0 = 6.3229e-04
Loss = 1.2672e-03, PNorm = 35.4503, GNorm = 0.1278, lr_0 = 6.3078e-04
Loss = 1.8800e-03, PNorm = 35.4542, GNorm = 0.2536, lr_0 = 6.2927e-04
Loss = 1.5355e-03, PNorm = 35.4565, GNorm = 0.3483, lr_0 = 6.2776e-04
Loss = 1.3528e-03, PNorm = 35.4593, GNorm = 0.4207, lr_0 = 6.2626e-04
Loss = 1.1882e-03, PNorm = 35.4615, GNorm = 0.1886, lr_0 = 6.2476e-04
Loss = 1.6036e-03, PNorm = 35.4637, GNorm = 0.0921, lr_0 = 6.2326e-04
Loss = 1.5515e-03, PNorm = 35.4668, GNorm = 0.3968, lr_0 = 6.2177e-04
Loss = 1.8814e-03, PNorm = 35.4673, GNorm = 0.3551, lr_0 = 6.2162e-04
Validation mae = nan
Epoch 22
Loss = 2.0097e-03, PNorm = 35.4700, GNorm = 0.7548, lr_0 = 6.2013e-04
Loss = 1.9925e-03, PNorm = 35.4728, GNorm = 0.1966, lr_0 = 6.1864e-04
Loss = 1.5107e-03, PNorm = 35.4754, GNorm = 0.1321, lr_0 = 6.1716e-04
Loss = 1.2295e-03, PNorm = 35.4782, GNorm = 0.1581, lr_0 = 6.1569e-04
Loss = 1.4113e-03, PNorm = 35.4814, GNorm = 0.4685, lr_0 = 6.1421e-04
Loss = 1.3255e-03, PNorm = 35.4831, GNorm = 0.1962, lr_0 = 6.1274e-04
Loss = 1.2141e-03, PNorm = 35.4866, GNorm = 0.1212, lr_0 = 6.1127e-04
Loss = 1.1907e-03, PNorm = 35.4892, GNorm = 0.2807, lr_0 = 6.0981e-04
Loss = 1.7738e-03, PNorm = 35.4926, GNorm = 0.3004, lr_0 = 6.0835e-04
Validation mae = nan
Epoch 23
Loss = 1.1611e-03, PNorm = 35.4949, GNorm = 0.1841, lr_0 = 6.0689e-04
Loss = 1.8934e-03, PNorm = 35.4992, GNorm = 0.1587, lr_0 = 6.0544e-04
Loss = 1.4293e-03, PNorm = 35.5030, GNorm = 0.0833, lr_0 = 6.0399e-04
Loss = 1.1007e-03, PNorm = 35.5062, GNorm = 0.2829, lr_0 = 6.0254e-04
Loss = 1.1999e-03, PNorm = 35.5090, GNorm = 0.1896, lr_0 = 6.0110e-04
Loss = 1.1931e-03, PNorm = 35.5118, GNorm = 0.3381, lr_0 = 5.9966e-04
Loss = 1.4132e-03, PNorm = 35.5158, GNorm = 0.3170, lr_0 = 5.9822e-04
Loss = 1.0237e-03, PNorm = 35.5194, GNorm = 0.2118, lr_0 = 5.9679e-04
Loss = 9.8460e-04, PNorm = 35.5234, GNorm = 0.1120, lr_0 = 5.9536e-04
Loss = 9.4161e-04, PNorm = 35.5263, GNorm = 0.1530, lr_0 = 5.9394e-04
Validation mae = nan
Epoch 24
Loss = 1.6430e-03, PNorm = 35.5292, GNorm = 0.0822, lr_0 = 5.9237e-04
Loss = 1.6806e-03, PNorm = 35.5308, GNorm = 0.3383, lr_0 = 5.9095e-04
Loss = 1.4096e-03, PNorm = 35.5324, GNorm = 0.4109, lr_0 = 5.8954e-04
Loss = 1.2208e-03, PNorm = 35.5356, GNorm = 0.1705, lr_0 = 5.8813e-04
Loss = 1.6731e-03, PNorm = 35.5393, GNorm = 0.2562, lr_0 = 5.8672e-04
Loss = 1.9938e-03, PNorm = 35.5423, GNorm = 0.4285, lr_0 = 5.8531e-04
Loss = 1.5294e-03, PNorm = 35.5468, GNorm = 0.1646, lr_0 = 5.8391e-04
Loss = 1.4247e-03, PNorm = 35.5495, GNorm = 0.2478, lr_0 = 5.8251e-04
Loss = 1.4157e-03, PNorm = 35.5521, GNorm = 0.1519, lr_0 = 5.8112e-04
Loss = 1.5397e-03, PNorm = 35.5545, GNorm = 0.2061, lr_0 = 5.7973e-04
Validation mae = nan
Epoch 25
Loss = 1.3622e-03, PNorm = 35.5562, GNorm = 0.4788, lr_0 = 5.7820e-04
Loss = 1.7002e-03, PNorm = 35.5583, GNorm = 0.2625, lr_0 = 5.7682e-04
Loss = 1.4023e-03, PNorm = 35.5610, GNorm = 0.2898, lr_0 = 5.7543e-04
Loss = 1.3546e-03, PNorm = 35.5645, GNorm = 0.3079, lr_0 = 5.7406e-04
Loss = 1.6579e-03, PNorm = 35.5671, GNorm = 0.1939, lr_0 = 5.7268e-04
Loss = 1.5287e-03, PNorm = 35.5697, GNorm = 0.4045, lr_0 = 5.7131e-04
Loss = 1.1145e-03, PNorm = 35.5718, GNorm = 0.3999, lr_0 = 5.6994e-04
Loss = 1.4354e-03, PNorm = 35.5748, GNorm = 0.3409, lr_0 = 5.6858e-04
Loss = 1.8914e-03, PNorm = 35.5789, GNorm = 0.2299, lr_0 = 5.6722e-04
Loss = 1.3705e-03, PNorm = 35.5823, GNorm = 0.1825, lr_0 = 5.6586e-04
Validation mae = nan
Epoch 26
Loss = 2.8281e-03, PNorm = 35.5842, GNorm = 0.8089, lr_0 = 5.6437e-04
Loss = 2.4352e-03, PNorm = 35.5862, GNorm = 0.4760, lr_0 = 5.6302e-04
Loss = 1.9447e-03, PNorm = 35.5894, GNorm = 0.1667, lr_0 = 5.6167e-04
Loss = 1.8903e-03, PNorm = 35.5912, GNorm = 0.2882, lr_0 = 5.6032e-04
Loss = 1.4113e-03, PNorm = 35.5939, GNorm = 0.1495, lr_0 = 5.5898e-04
Loss = 1.0204e-03, PNorm = 35.5968, GNorm = 0.1122, lr_0 = 5.5764e-04
Loss = 1.3764e-03, PNorm = 35.5989, GNorm = 0.2062, lr_0 = 5.5631e-04
Loss = 1.7691e-03, PNorm = 35.6011, GNorm = 0.2142, lr_0 = 5.5497e-04
Loss = 1.3110e-03, PNorm = 35.6039, GNorm = 0.2722, lr_0 = 5.5365e-04
Loss = 1.0024e-03, PNorm = 35.6074, GNorm = 0.0881, lr_0 = 5.5232e-04
Validation mae = nan
Epoch 27
Loss = 1.2087e-03, PNorm = 35.6108, GNorm = 0.0702, lr_0 = 5.5087e-04
Loss = 9.6389e-04, PNorm = 35.6137, GNorm = 0.1667, lr_0 = 5.4955e-04
Loss = 7.8073e-04, PNorm = 35.6160, GNorm = 0.1051, lr_0 = 5.4823e-04
Loss = 1.1272e-03, PNorm = 35.6188, GNorm = 0.2199, lr_0 = 5.4692e-04
Loss = 8.1528e-04, PNorm = 35.6213, GNorm = 0.1796, lr_0 = 5.4561e-04
Loss = 8.4776e-04, PNorm = 35.6245, GNorm = 0.0529, lr_0 = 5.4430e-04
Loss = 9.1783e-04, PNorm = 35.6267, GNorm = 0.1135, lr_0 = 5.4300e-04
Loss = 9.2576e-04, PNorm = 35.6288, GNorm = 0.1609, lr_0 = 5.4170e-04
Loss = 9.1125e-04, PNorm = 35.6312, GNorm = 0.1019, lr_0 = 5.4040e-04
Loss = 9.2699e-04, PNorm = 35.6351, GNorm = 0.4000, lr_0 = 5.3911e-04
Validation mae = nan
Epoch 28
Loss = 8.2294e-04, PNorm = 35.6382, GNorm = 0.1085, lr_0 = 5.3782e-04
Loss = 9.0463e-04, PNorm = 35.6414, GNorm = 0.1664, lr_0 = 5.3653e-04
Loss = 1.0422e-03, PNorm = 35.6445, GNorm = 0.2985, lr_0 = 5.3524e-04
Loss = 1.2116e-03, PNorm = 35.6481, GNorm = 0.2295, lr_0 = 5.3396e-04
Loss = 1.0713e-03, PNorm = 35.6507, GNorm = 0.3329, lr_0 = 5.3268e-04
Loss = 1.1821e-03, PNorm = 35.6531, GNorm = 0.3254, lr_0 = 5.3141e-04
Loss = 1.3665e-03, PNorm = 35.6559, GNorm = 0.2737, lr_0 = 5.3013e-04
Loss = 1.0524e-03, PNorm = 35.6592, GNorm = 0.1622, lr_0 = 5.2886e-04
Loss = 1.2401e-03, PNorm = 35.6623, GNorm = 0.2368, lr_0 = 5.2760e-04
Validation mae = nan
Epoch 29
Loss = 2.5400e-03, PNorm = 35.6643, GNorm = 0.2948, lr_0 = 5.2621e-04
Loss = 2.1092e-03, PNorm = 35.6663, GNorm = 0.1270, lr_0 = 5.2495e-04
Loss = 9.9906e-04, PNorm = 35.6688, GNorm = 0.1489, lr_0 = 5.2369e-04
Loss = 8.2971e-04, PNorm = 35.6720, GNorm = 0.0443, lr_0 = 5.2244e-04
Loss = 8.6586e-04, PNorm = 35.6743, GNorm = 0.1206, lr_0 = 5.2119e-04
Loss = 7.3306e-04, PNorm = 35.6772, GNorm = 0.2272, lr_0 = 5.1994e-04
Loss = 7.6927e-04, PNorm = 35.6796, GNorm = 0.1077, lr_0 = 5.1869e-04
Loss = 6.9455e-04, PNorm = 35.6822, GNorm = 0.2111, lr_0 = 5.1745e-04
Loss = 7.6882e-04, PNorm = 35.6840, GNorm = 0.1513, lr_0 = 5.1621e-04
Loss = 1.0119e-03, PNorm = 35.6865, GNorm = 0.1962, lr_0 = 5.1498e-04
Validation mae = nan
Epoch 30
Loss = 1.2264e-03, PNorm = 35.6907, GNorm = 0.2856, lr_0 = 5.1362e-04
Loss = 1.1207e-03, PNorm = 35.6946, GNorm = 0.1897, lr_0 = 5.1239e-04
Loss = 8.9329e-04, PNorm = 35.6968, GNorm = 0.2469, lr_0 = 5.1116e-04
Loss = 9.0924e-04, PNorm = 35.6988, GNorm = 0.3022, lr_0 = 5.0994e-04
Loss = 1.1698e-03, PNorm = 35.7019, GNorm = 0.1542, lr_0 = 5.0872e-04
Loss = 7.6563e-04, PNorm = 35.7045, GNorm = 0.0554, lr_0 = 5.0750e-04
Loss = 6.4650e-04, PNorm = 35.7071, GNorm = 0.1341, lr_0 = 5.0628e-04
Loss = 6.1971e-04, PNorm = 35.7094, GNorm = 0.1501, lr_0 = 5.0507e-04
Loss = 5.9226e-04, PNorm = 35.7117, GNorm = 0.1538, lr_0 = 5.0386e-04
Loss = 7.1002e-04, PNorm = 35.7142, GNorm = 0.2177, lr_0 = 5.0266e-04
Validation mae = nan
Epoch 31
Loss = 7.2604e-04, PNorm = 35.7175, GNorm = 0.2873, lr_0 = 5.0133e-04
Loss = 9.7778e-04, PNorm = 35.7201, GNorm = 0.1577, lr_0 = 5.0013e-04
Loss = 7.8596e-04, PNorm = 35.7236, GNorm = 0.1572, lr_0 = 4.9893e-04
Loss = 7.5940e-04, PNorm = 35.7276, GNorm = 0.1785, lr_0 = 4.9774e-04
Loss = 7.7605e-04, PNorm = 35.7303, GNorm = 0.0925, lr_0 = 4.9655e-04
Loss = 6.4861e-04, PNorm = 35.7325, GNorm = 0.1263, lr_0 = 4.9536e-04
Loss = 6.1354e-04, PNorm = 35.7344, GNorm = 0.2950, lr_0 = 4.9417e-04
Loss = 8.0865e-04, PNorm = 35.7369, GNorm = 0.1017, lr_0 = 4.9299e-04
Loss = 6.0832e-04, PNorm = 35.7390, GNorm = 0.1260, lr_0 = 4.9181e-04
Loss = 6.2810e-04, PNorm = 35.7415, GNorm = 0.1739, lr_0 = 4.9063e-04
Validation mae = nan
Epoch 32
Loss = 8.1475e-04, PNorm = 35.7438, GNorm = 0.1877, lr_0 = 4.8945e-04
Loss = 9.1041e-04, PNorm = 35.7470, GNorm = 0.2133, lr_0 = 4.8828e-04
Loss = 7.2016e-04, PNorm = 35.7490, GNorm = 0.1500, lr_0 = 4.8711e-04
Loss = 7.1812e-04, PNorm = 35.7514, GNorm = 0.2508, lr_0 = 4.8595e-04
Loss = 8.3076e-04, PNorm = 35.7532, GNorm = 0.1429, lr_0 = 4.8478e-04
Loss = 5.7285e-04, PNorm = 35.7560, GNorm = 0.0814, lr_0 = 4.8362e-04
Loss = 7.4196e-04, PNorm = 35.7587, GNorm = 0.3090, lr_0 = 4.8246e-04
Loss = 7.9967e-04, PNorm = 35.7606, GNorm = 0.3056, lr_0 = 4.8131e-04
Loss = 1.0069e-03, PNorm = 35.7641, GNorm = 0.3029, lr_0 = 4.8016e-04
Loss = 1.5331e-03, PNorm = 35.7666, GNorm = 0.1149, lr_0 = 4.7901e-04
Validation mae = nan
Epoch 33
Loss = 3.5638e-03, PNorm = 35.7685, GNorm = 0.5070, lr_0 = 4.7775e-04
Loss = 2.5174e-03, PNorm = 35.7735, GNorm = 0.2561, lr_0 = 4.7660e-04
Loss = 1.7628e-03, PNorm = 35.7779, GNorm = 0.1320, lr_0 = 4.7546e-04
Loss = 1.1524e-03, PNorm = 35.7805, GNorm = 0.1355, lr_0 = 4.7432e-04
Loss = 1.0590e-03, PNorm = 35.7813, GNorm = 0.2688, lr_0 = 4.7319e-04
Loss = 8.3753e-04, PNorm = 35.7834, GNorm = 0.1185, lr_0 = 4.7205e-04
Loss = 6.3053e-04, PNorm = 35.7853, GNorm = 0.0880, lr_0 = 4.7092e-04
Loss = 6.6229e-04, PNorm = 35.7880, GNorm = 0.0700, lr_0 = 4.6979e-04
Loss = 6.6036e-04, PNorm = 35.7906, GNorm = 0.1166, lr_0 = 4.6867e-04
Validation mae = nan
Epoch 34
Loss = 8.8198e-04, PNorm = 35.7927, GNorm = 0.2188, lr_0 = 4.6743e-04
Loss = 7.1196e-04, PNorm = 35.7945, GNorm = 0.1417, lr_0 = 4.6632e-04
Loss = 6.6900e-04, PNorm = 35.7971, GNorm = 0.1510, lr_0 = 4.6520e-04
Loss = 5.8650e-04, PNorm = 35.7998, GNorm = 0.1477, lr_0 = 4.6408e-04
Loss = 8.4379e-04, PNorm = 35.8023, GNorm = 0.2332, lr_0 = 4.6297e-04
Loss = 6.3363e-04, PNorm = 35.8038, GNorm = 0.1451, lr_0 = 4.6186e-04
Loss = 7.7235e-04, PNorm = 35.8057, GNorm = 0.1551, lr_0 = 4.6076e-04
Loss = 8.4742e-04, PNorm = 35.8081, GNorm = 0.3253, lr_0 = 4.5966e-04
Loss = 7.0234e-04, PNorm = 35.8097, GNorm = 0.0920, lr_0 = 4.5855e-04
Loss = 9.1911e-04, PNorm = 35.8125, GNorm = 0.0937, lr_0 = 4.5746e-04
Validation mae = nan
Epoch 35
Loss = 1.2240e-03, PNorm = 35.8149, GNorm = 0.3176, lr_0 = 4.5625e-04
Loss = 7.4318e-04, PNorm = 35.8171, GNorm = 0.1757, lr_0 = 4.5516e-04
Loss = 5.7780e-04, PNorm = 35.8199, GNorm = 0.1732, lr_0 = 4.5407e-04
Loss = 6.6265e-04, PNorm = 35.8224, GNorm = 0.1408, lr_0 = 4.5298e-04
Loss = 5.4107e-04, PNorm = 35.8245, GNorm = 0.1693, lr_0 = 4.5190e-04
Loss = 7.5334e-04, PNorm = 35.8258, GNorm = 0.3206, lr_0 = 4.5081e-04
Loss = 7.3103e-04, PNorm = 35.8279, GNorm = 0.2316, lr_0 = 4.4974e-04
Loss = 6.5836e-04, PNorm = 35.8301, GNorm = 0.1319, lr_0 = 4.4866e-04
Loss = 5.3297e-04, PNorm = 35.8325, GNorm = 0.1729, lr_0 = 4.4758e-04
Loss = 6.0759e-04, PNorm = 35.8351, GNorm = 0.1552, lr_0 = 4.4651e-04
Validation mae = nan
Epoch 36
Loss = 6.6755e-04, PNorm = 35.8377, GNorm = 0.2828, lr_0 = 4.4534e-04
Loss = 4.9756e-04, PNorm = 35.8397, GNorm = 0.1763, lr_0 = 4.4427e-04
Loss = 4.7258e-04, PNorm = 35.8422, GNorm = 0.0624, lr_0 = 4.4321e-04
Loss = 4.9065e-04, PNorm = 35.8445, GNorm = 0.0934, lr_0 = 4.4214e-04
Loss = 5.1556e-04, PNorm = 35.8467, GNorm = 0.1060, lr_0 = 4.4109e-04
Loss = 5.0988e-04, PNorm = 35.8486, GNorm = 0.1761, lr_0 = 4.4003e-04
Loss = 4.4435e-04, PNorm = 35.8514, GNorm = 0.2315, lr_0 = 4.3898e-04
Loss = 4.3464e-04, PNorm = 35.8537, GNorm = 0.0439, lr_0 = 4.3792e-04
Loss = 5.0047e-04, PNorm = 35.8568, GNorm = 0.1034, lr_0 = 4.3688e-04
Loss = 6.6697e-04, PNorm = 35.8599, GNorm = 0.1335, lr_0 = 4.3583e-04
Validation mae = nan
Epoch 37
Loss = 8.0048e-04, PNorm = 35.8613, GNorm = 0.2419, lr_0 = 4.3479e-04
Loss = 4.1769e-04, PNorm = 35.8630, GNorm = 0.1553, lr_0 = 4.3375e-04
Loss = 4.4758e-04, PNorm = 35.8645, GNorm = 0.0783, lr_0 = 4.3271e-04
Loss = 4.2797e-04, PNorm = 35.8662, GNorm = 0.1095, lr_0 = 4.3167e-04
Loss = 4.5001e-04, PNorm = 35.8685, GNorm = 0.0822, lr_0 = 4.3064e-04
Loss = 6.1620e-04, PNorm = 35.8704, GNorm = 0.1438, lr_0 = 4.2961e-04
Loss = 6.1193e-04, PNorm = 35.8723, GNorm = 0.2790, lr_0 = 4.2858e-04
Loss = 5.4604e-04, PNorm = 35.8753, GNorm = 0.2028, lr_0 = 4.2755e-04
Loss = 5.3887e-04, PNorm = 35.8783, GNorm = 0.1865, lr_0 = 4.2653e-04
Loss = 4.9754e-04, PNorm = 35.8805, GNorm = 0.0779, lr_0 = 4.2550e-04
Validation mae = nan
Epoch 38
Loss = 9.4412e-04, PNorm = 35.8825, GNorm = 0.2154, lr_0 = 4.2438e-04
Loss = 7.9914e-04, PNorm = 35.8852, GNorm = 0.1628, lr_0 = 4.2337e-04
Loss = 6.2519e-04, PNorm = 35.8877, GNorm = 0.1500, lr_0 = 4.2235e-04
Loss = 6.1692e-04, PNorm = 35.8904, GNorm = 0.2770, lr_0 = 4.2134e-04
Loss = 6.5001e-04, PNorm = 35.8925, GNorm = 0.2388, lr_0 = 4.2033e-04
Loss = 4.6678e-04, PNorm = 35.8939, GNorm = 0.1208, lr_0 = 4.1933e-04
Loss = 5.5091e-04, PNorm = 35.8961, GNorm = 0.2041, lr_0 = 4.1832e-04
Loss = 5.7798e-04, PNorm = 35.8980, GNorm = 0.1899, lr_0 = 4.1732e-04
Loss = 4.6777e-04, PNorm = 35.9000, GNorm = 0.0650, lr_0 = 4.1632e-04
Loss = 4.4840e-04, PNorm = 35.9021, GNorm = 0.0750, lr_0 = 4.1533e-04
Loss = 7.4468e-04, PNorm = 35.9021, GNorm = 0.2725, lr_0 = 4.1523e-04
Validation mae = nan
Epoch 39
Loss = 6.6006e-04, PNorm = 35.9038, GNorm = 0.0843, lr_0 = 4.1423e-04
Loss = 5.5427e-04, PNorm = 35.9054, GNorm = 0.2001, lr_0 = 4.1324e-04
Loss = 5.7617e-04, PNorm = 35.9081, GNorm = 0.2611, lr_0 = 4.1225e-04
Loss = 4.9271e-04, PNorm = 35.9107, GNorm = 0.3002, lr_0 = 4.1126e-04
Loss = 6.7276e-04, PNorm = 35.9118, GNorm = 0.3380, lr_0 = 4.1028e-04
Loss = 7.9276e-04, PNorm = 35.9135, GNorm = 0.3323, lr_0 = 4.0930e-04
Loss = 1.0198e-03, PNorm = 35.9155, GNorm = 0.3002, lr_0 = 4.0832e-04
Loss = 1.0627e-03, PNorm = 35.9180, GNorm = 0.2450, lr_0 = 4.0734e-04
Loss = 9.6598e-04, PNorm = 35.9191, GNorm = 0.3202, lr_0 = 4.0636e-04
Validation mae = nan
Epoch 40
Loss = 9.0324e-04, PNorm = 35.9216, GNorm = 0.1361, lr_0 = 4.0529e-04
Loss = 5.6987e-04, PNorm = 35.9239, GNorm = 0.1831, lr_0 = 4.0432e-04
Loss = 5.4630e-04, PNorm = 35.9259, GNorm = 0.0557, lr_0 = 4.0335e-04
Loss = 5.0800e-04, PNorm = 35.9269, GNorm = 0.2235, lr_0 = 4.0239e-04
Loss = 4.7821e-04, PNorm = 35.9292, GNorm = 0.0809, lr_0 = 4.0142e-04
Loss = 4.3361e-04, PNorm = 35.9318, GNorm = 0.1337, lr_0 = 4.0046e-04
Loss = 4.3262e-04, PNorm = 35.9339, GNorm = 0.0949, lr_0 = 3.9950e-04
Loss = 3.8393e-04, PNorm = 35.9363, GNorm = 0.1037, lr_0 = 3.9855e-04
Loss = 4.9704e-04, PNorm = 35.9386, GNorm = 0.1469, lr_0 = 3.9759e-04
Loss = 3.6731e-04, PNorm = 35.9412, GNorm = 0.0361, lr_0 = 3.9664e-04
Validation mae = nan
Epoch 41
Loss = 4.0086e-04, PNorm = 35.9430, GNorm = 0.0697, lr_0 = 3.9569e-04
Loss = 5.9260e-04, PNorm = 35.9448, GNorm = 0.1410, lr_0 = 3.9474e-04
Loss = 5.5964e-04, PNorm = 35.9464, GNorm = 0.2153, lr_0 = 3.9380e-04
Loss = 4.6612e-04, PNorm = 35.9477, GNorm = 0.0855, lr_0 = 3.9285e-04
Loss = 6.2573e-04, PNorm = 35.9488, GNorm = 0.2225, lr_0 = 3.9191e-04
Loss = 5.3483e-04, PNorm = 35.9510, GNorm = 0.1604, lr_0 = 3.9098e-04
Loss = 5.3018e-04, PNorm = 35.9528, GNorm = 0.1294, lr_0 = 3.9004e-04
Loss = 4.4750e-04, PNorm = 35.9550, GNorm = 0.1759, lr_0 = 3.8910e-04
Loss = 4.4941e-04, PNorm = 35.9570, GNorm = 0.1664, lr_0 = 3.8817e-04
Loss = 4.3371e-04, PNorm = 35.9589, GNorm = 0.0882, lr_0 = 3.8724e-04
Validation mae = nan
Epoch 42
Loss = 4.8180e-04, PNorm = 35.9620, GNorm = 0.0537, lr_0 = 3.8622e-04
Loss = 5.3404e-04, PNorm = 35.9653, GNorm = 0.1246, lr_0 = 3.8530e-04
Loss = 5.2911e-04, PNorm = 35.9673, GNorm = 0.0378, lr_0 = 3.8438e-04
Loss = 4.3187e-04, PNorm = 35.9691, GNorm = 0.1874, lr_0 = 3.8346e-04
Loss = 4.7155e-04, PNorm = 35.9701, GNorm = 0.0973, lr_0 = 3.8254e-04
Loss = 4.7225e-04, PNorm = 35.9725, GNorm = 0.1648, lr_0 = 3.8162e-04
Loss = 4.3636e-04, PNorm = 35.9732, GNorm = 0.0849, lr_0 = 3.8071e-04
Loss = 4.3415e-04, PNorm = 35.9746, GNorm = 0.0927, lr_0 = 3.7980e-04
Loss = 3.6605e-04, PNorm = 35.9761, GNorm = 0.2494, lr_0 = 3.7889e-04
Loss = 3.5644e-04, PNorm = 35.9779, GNorm = 0.1796, lr_0 = 3.7798e-04
Validation mae = nan
Epoch 43
Loss = 3.8810e-04, PNorm = 35.9790, GNorm = 0.1480, lr_0 = 3.7698e-04
Loss = 7.3511e-04, PNorm = 35.9804, GNorm = 0.1648, lr_0 = 3.7608e-04
Loss = 4.3722e-04, PNorm = 35.9821, GNorm = 0.0979, lr_0 = 3.7518e-04
Loss = 5.2283e-04, PNorm = 35.9841, GNorm = 0.2490, lr_0 = 3.7428e-04
Loss = 8.6044e-04, PNorm = 35.9858, GNorm = 0.3388, lr_0 = 3.7339e-04
Loss = 9.7285e-04, PNorm = 35.9875, GNorm = 0.1605, lr_0 = 3.7249e-04
Loss = 8.2247e-04, PNorm = 35.9893, GNorm = 0.2190, lr_0 = 3.7160e-04
Loss = 8.3098e-04, PNorm = 35.9911, GNorm = 0.1706, lr_0 = 3.7071e-04
Loss = 1.0849e-03, PNorm = 35.9922, GNorm = 0.1652, lr_0 = 3.6982e-04
Loss = 9.0730e-04, PNorm = 35.9937, GNorm = 0.1769, lr_0 = 3.6894e-04
Validation mae = nan
Epoch 44
Loss = 1.2192e-03, PNorm = 35.9957, GNorm = 0.3073, lr_0 = 3.6796e-04
Loss = 1.1715e-03, PNorm = 35.9969, GNorm = 0.2972, lr_0 = 3.6708e-04
Loss = 1.1255e-03, PNorm = 35.9983, GNorm = 0.2499, lr_0 = 3.6620e-04
Loss = 9.3388e-04, PNorm = 36.0014, GNorm = 0.2779, lr_0 = 3.6533e-04
Loss = 8.1524e-04, PNorm = 36.0028, GNorm = 0.2581, lr_0 = 3.6445e-04
Loss = 6.1142e-04, PNorm = 36.0050, GNorm = 0.0773, lr_0 = 3.6358e-04
Loss = 6.2978e-04, PNorm = 36.0067, GNorm = 0.2239, lr_0 = 3.6271e-04
Loss = 7.2078e-04, PNorm = 36.0085, GNorm = 0.3909, lr_0 = 3.6184e-04
Loss = 6.7157e-04, PNorm = 36.0105, GNorm = 0.0908, lr_0 = 3.6097e-04
Validation mae = nan
Epoch 45
Loss = 1.1508e-03, PNorm = 36.0111, GNorm = 0.3028, lr_0 = 3.6002e-04
Loss = 1.2378e-03, PNorm = 36.0111, GNorm = 0.1921, lr_0 = 3.5916e-04
Loss = 1.0464e-03, PNorm = 36.0131, GNorm = 0.1324, lr_0 = 3.5830e-04
Loss = 1.0293e-03, PNorm = 36.0152, GNorm = 0.3314, lr_0 = 3.5744e-04
Loss = 7.3654e-04, PNorm = 36.0165, GNorm = 0.1350, lr_0 = 3.5659e-04
Loss = 5.1605e-04, PNorm = 36.0185, GNorm = 0.1407, lr_0 = 3.5573e-04
Loss = 4.6654e-04, PNorm = 36.0199, GNorm = 0.2003, lr_0 = 3.5488e-04
Loss = 5.1380e-04, PNorm = 36.0222, GNorm = 0.2392, lr_0 = 3.5403e-04
Loss = 5.4190e-04, PNorm = 36.0246, GNorm = 0.1358, lr_0 = 3.5318e-04
Loss = 5.6523e-04, PNorm = 36.0265, GNorm = 0.2013, lr_0 = 3.5234e-04
Validation mae = nan
Epoch 46
Loss = 4.4999e-04, PNorm = 36.0284, GNorm = 0.1029, lr_0 = 3.5149e-04
Loss = 5.4023e-04, PNorm = 36.0303, GNorm = 0.1146, lr_0 = 3.5065e-04
Loss = 5.9264e-04, PNorm = 36.0315, GNorm = 0.2049, lr_0 = 3.4981e-04
Loss = 4.5827e-04, PNorm = 36.0325, GNorm = 0.1663, lr_0 = 3.4898e-04
Loss = 5.4564e-04, PNorm = 36.0341, GNorm = 0.1620, lr_0 = 3.4814e-04
Loss = 5.3977e-04, PNorm = 36.0357, GNorm = 0.2054, lr_0 = 3.4731e-04
Loss = 6.9511e-04, PNorm = 36.0366, GNorm = 0.1952, lr_0 = 3.4647e-04
Loss = 6.2991e-04, PNorm = 36.0379, GNorm = 0.2210, lr_0 = 3.4564e-04
Loss = 7.2034e-04, PNorm = 36.0397, GNorm = 0.2365, lr_0 = 3.4482e-04
Loss = 6.2439e-04, PNorm = 36.0411, GNorm = 0.1444, lr_0 = 3.4399e-04
Validation mae = nan
Epoch 47
Loss = 4.0063e-04, PNorm = 36.0432, GNorm = 0.1285, lr_0 = 3.4309e-04
Loss = 3.1903e-04, PNorm = 36.0449, GNorm = 0.0562, lr_0 = 3.4226e-04
Loss = 3.8777e-04, PNorm = 36.0467, GNorm = 0.0973, lr_0 = 3.4144e-04
Loss = 5.2470e-04, PNorm = 36.0477, GNorm = 0.1491, lr_0 = 3.4063e-04
Loss = 6.7628e-04, PNorm = 36.0487, GNorm = 0.2872, lr_0 = 3.3981e-04
Loss = 8.2271e-04, PNorm = 36.0502, GNorm = 0.0980, lr_0 = 3.3900e-04
Loss = 8.2920e-04, PNorm = 36.0521, GNorm = 0.1604, lr_0 = 3.3819e-04
Loss = 6.0919e-04, PNorm = 36.0540, GNorm = 0.2441, lr_0 = 3.3738e-04
Loss = 6.0223e-04, PNorm = 36.0549, GNorm = 0.1109, lr_0 = 3.3657e-04
Loss = 5.1998e-04, PNorm = 36.0577, GNorm = 0.0935, lr_0 = 3.3576e-04
Validation mae = nan
Epoch 48
Loss = 4.4794e-04, PNorm = 36.0599, GNorm = 0.2192, lr_0 = 3.3488e-04
Loss = 5.1543e-04, PNorm = 36.0615, GNorm = 0.1201, lr_0 = 3.3408e-04
Loss = 5.6201e-04, PNorm = 36.0630, GNorm = 0.2583, lr_0 = 3.3328e-04
Loss = 4.8696e-04, PNorm = 36.0642, GNorm = 0.2575, lr_0 = 3.3248e-04
Loss = 4.7357e-04, PNorm = 36.0653, GNorm = 0.0840, lr_0 = 3.3168e-04
Loss = 3.0897e-04, PNorm = 36.0664, GNorm = 0.0473, lr_0 = 3.3089e-04
Loss = 2.8239e-04, PNorm = 36.0679, GNorm = 0.0556, lr_0 = 3.3009e-04
Loss = 3.8893e-04, PNorm = 36.0693, GNorm = 0.0936, lr_0 = 3.2930e-04
Loss = 3.3219e-04, PNorm = 36.0710, GNorm = 0.1342, lr_0 = 3.2852e-04
Loss = 3.3390e-04, PNorm = 36.0727, GNorm = 0.0847, lr_0 = 3.2773e-04
Validation mae = nan
Epoch 49
Loss = 4.0279e-04, PNorm = 36.0742, GNorm = 0.1007, lr_0 = 3.2687e-04
Loss = 3.5556e-04, PNorm = 36.0763, GNorm = 0.0513, lr_0 = 3.2608e-04
Loss = 3.4690e-04, PNorm = 36.0778, GNorm = 0.1381, lr_0 = 3.2530e-04
Loss = 3.5338e-04, PNorm = 36.0792, GNorm = 0.1301, lr_0 = 3.2452e-04
Loss = 4.5647e-04, PNorm = 36.0807, GNorm = 0.0599, lr_0 = 3.2375e-04
Loss = 3.8404e-04, PNorm = 36.0823, GNorm = 0.0836, lr_0 = 3.2297e-04
Loss = 4.1847e-04, PNorm = 36.0836, GNorm = 0.1384, lr_0 = 3.2220e-04
Loss = 4.2102e-04, PNorm = 36.0842, GNorm = 0.0544, lr_0 = 3.2143e-04
Loss = 4.7497e-04, PNorm = 36.0850, GNorm = 0.0547, lr_0 = 3.2066e-04
Loss = 4.5190e-04, PNorm = 36.0860, GNorm = 0.1996, lr_0 = 3.1989e-04
Validation mae = nan
Epoch 50
Loss = 9.6930e-04, PNorm = 36.0873, GNorm = 0.4851, lr_0 = 3.1912e-04
Loss = 9.7553e-04, PNorm = 36.0881, GNorm = 0.4682, lr_0 = 3.1836e-04
Loss = 8.7643e-04, PNorm = 36.0895, GNorm = 0.0971, lr_0 = 3.1760e-04
Loss = 7.1432e-04, PNorm = 36.0915, GNorm = 0.2347, lr_0 = 3.1683e-04
Loss = 8.1523e-04, PNorm = 36.0937, GNorm = 0.4804, lr_0 = 3.1608e-04
Loss = 7.6294e-04, PNorm = 36.0960, GNorm = 0.3594, lr_0 = 3.1532e-04
Loss = 6.1100e-04, PNorm = 36.0984, GNorm = 0.2541, lr_0 = 3.1456e-04
Loss = 4.7926e-04, PNorm = 36.1008, GNorm = 0.0825, lr_0 = 3.1381e-04
Loss = 4.0353e-04, PNorm = 36.1025, GNorm = 0.1829, lr_0 = 3.1306e-04
Validation mae = nan
Epoch 51
Loss = 7.0214e-04, PNorm = 36.1039, GNorm = 0.2582, lr_0 = 3.1223e-04
Loss = 6.2809e-04, PNorm = 36.1053, GNorm = 0.1786, lr_0 = 3.1149e-04
Loss = 5.7158e-04, PNorm = 36.1071, GNorm = 0.0958, lr_0 = 3.1074e-04
Loss = 5.6825e-04, PNorm = 36.1080, GNorm = 0.3185, lr_0 = 3.1000e-04
Loss = 4.4778e-04, PNorm = 36.1092, GNorm = 0.0858, lr_0 = 3.0925e-04
Loss = 3.8366e-04, PNorm = 36.1110, GNorm = 0.1272, lr_0 = 3.0851e-04
Loss = 4.0092e-04, PNorm = 36.1126, GNorm = 0.0572, lr_0 = 3.0778e-04
Loss = 4.8512e-04, PNorm = 36.1149, GNorm = 0.2580, lr_0 = 3.0704e-04
Loss = 4.8052e-04, PNorm = 36.1161, GNorm = 0.2255, lr_0 = 3.0630e-04
Loss = 4.7793e-04, PNorm = 36.1173, GNorm = 0.1997, lr_0 = 3.0557e-04
Validation mae = nan
Epoch 52
Loss = 8.0830e-04, PNorm = 36.1190, GNorm = 0.2245, lr_0 = 3.0476e-04
Loss = 4.6767e-04, PNorm = 36.1205, GNorm = 0.1343, lr_0 = 3.0404e-04
Loss = 3.5515e-04, PNorm = 36.1218, GNorm = 0.0912, lr_0 = 3.0331e-04
Loss = 3.8174e-04, PNorm = 36.1220, GNorm = 0.0729, lr_0 = 3.0258e-04
Loss = 5.0212e-04, PNorm = 36.1233, GNorm = 0.3213, lr_0 = 3.0186e-04
Loss = 5.1025e-04, PNorm = 36.1246, GNorm = 0.1156, lr_0 = 3.0113e-04
Loss = 5.2155e-04, PNorm = 36.1265, GNorm = 0.3276, lr_0 = 3.0041e-04
Loss = 3.4783e-04, PNorm = 36.1280, GNorm = 0.0891, lr_0 = 2.9969e-04
Loss = 5.1848e-04, PNorm = 36.1286, GNorm = 0.2339, lr_0 = 2.9898e-04
Loss = 5.4644e-04, PNorm = 36.1297, GNorm = 0.2342, lr_0 = 2.9826e-04
Validation mae = nan
Epoch 53
Loss = 6.6062e-04, PNorm = 36.1308, GNorm = 0.1644, lr_0 = 2.9747e-04
Loss = 4.3341e-04, PNorm = 36.1318, GNorm = 0.0561, lr_0 = 2.9676e-04
Loss = 4.4059e-04, PNorm = 36.1334, GNorm = 0.2170, lr_0 = 2.9605e-04
Loss = 6.8313e-04, PNorm = 36.1343, GNorm = 0.1373, lr_0 = 2.9534e-04
Loss = 7.8822e-04, PNorm = 36.1366, GNorm = 0.2999, lr_0 = 2.9463e-04
Loss = 7.1547e-04, PNorm = 36.1382, GNorm = 0.1007, lr_0 = 2.9393e-04
Loss = 7.0614e-04, PNorm = 36.1386, GNorm = 0.3564, lr_0 = 2.9323e-04
Loss = 6.6921e-04, PNorm = 36.1404, GNorm = 0.1485, lr_0 = 2.9252e-04
Loss = 6.4486e-04, PNorm = 36.1415, GNorm = 0.2309, lr_0 = 2.9182e-04
Loss = 3.5060e-04, PNorm = 36.1434, GNorm = 0.1024, lr_0 = 2.9112e-04
Validation mae = nan
Epoch 54
Loss = 2.7552e-04, PNorm = 36.1450, GNorm = 0.0989, lr_0 = 2.9036e-04
Loss = 3.2224e-04, PNorm = 36.1460, GNorm = 0.1330, lr_0 = 2.8966e-04
Loss = 3.7560e-04, PNorm = 36.1471, GNorm = 0.1461, lr_0 = 2.8897e-04
Loss = 3.2214e-04, PNorm = 36.1483, GNorm = 0.0684, lr_0 = 2.8828e-04
Loss = 2.4854e-04, PNorm = 36.1497, GNorm = 0.0785, lr_0 = 2.8759e-04
Loss = 1.9422e-04, PNorm = 36.1508, GNorm = 0.0882, lr_0 = 2.8690e-04
Loss = 1.9350e-04, PNorm = 36.1518, GNorm = 0.0533, lr_0 = 2.8621e-04
Loss = 2.4931e-04, PNorm = 36.1531, GNorm = 0.1696, lr_0 = 2.8552e-04
Loss = 2.2059e-04, PNorm = 36.1544, GNorm = 0.0771, lr_0 = 2.8484e-04
Loss = 3.0121e-04, PNorm = 36.1555, GNorm = 0.0890, lr_0 = 2.8416e-04
Validation mae = nan
Epoch 55
Loss = 2.7644e-04, PNorm = 36.1563, GNorm = 0.1496, lr_0 = 2.8348e-04
Loss = 2.4508e-04, PNorm = 36.1577, GNorm = 0.1524, lr_0 = 2.8280e-04
Loss = 2.9953e-04, PNorm = 36.1592, GNorm = 0.1225, lr_0 = 2.8212e-04
Loss = 2.2878e-04, PNorm = 36.1599, GNorm = 0.0654, lr_0 = 2.8145e-04
Loss = 1.9465e-04, PNorm = 36.1612, GNorm = 0.0650, lr_0 = 2.8077e-04
Loss = 2.1318e-04, PNorm = 36.1627, GNorm = 0.1170, lr_0 = 2.8010e-04
Loss = 1.9645e-04, PNorm = 36.1638, GNorm = 0.0562, lr_0 = 2.7943e-04
Loss = 3.2021e-04, PNorm = 36.1647, GNorm = 0.1510, lr_0 = 2.7876e-04
Loss = 3.2853e-04, PNorm = 36.1657, GNorm = 0.1560, lr_0 = 2.7809e-04
Loss = 3.8650e-04, PNorm = 36.1661, GNorm = 0.1784, lr_0 = 2.7743e-04
Loss = 6.1424e-04, PNorm = 36.1661, GNorm = 0.2523, lr_0 = 2.7736e-04
Validation mae = nan
Epoch 56
Loss = 6.3655e-04, PNorm = 36.1668, GNorm = 0.2295, lr_0 = 2.7670e-04
Loss = 4.8154e-04, PNorm = 36.1682, GNorm = 0.1632, lr_0 = 2.7603e-04
Loss = 4.0362e-04, PNorm = 36.1699, GNorm = 0.2373, lr_0 = 2.7537e-04
Loss = 3.9636e-04, PNorm = 36.1712, GNorm = 0.1127, lr_0 = 2.7471e-04
Loss = 3.2653e-04, PNorm = 36.1723, GNorm = 0.0911, lr_0 = 2.7406e-04
Loss = 4.2300e-04, PNorm = 36.1740, GNorm = 0.1235, lr_0 = 2.7340e-04
Loss = 5.4499e-04, PNorm = 36.1744, GNorm = 0.2157, lr_0 = 2.7274e-04
Loss = 4.1535e-04, PNorm = 36.1761, GNorm = 0.2275, lr_0 = 2.7209e-04
Loss = 3.3801e-04, PNorm = 36.1773, GNorm = 0.0264, lr_0 = 2.7144e-04
Validation mae = nan
Epoch 57
Loss = 5.6852e-04, PNorm = 36.1784, GNorm = 0.2611, lr_0 = 2.7072e-04
Loss = 4.8174e-04, PNorm = 36.1792, GNorm = 0.0796, lr_0 = 2.7008e-04
Loss = 3.0062e-04, PNorm = 36.1802, GNorm = 0.0647, lr_0 = 2.6943e-04
Loss = 2.7272e-04, PNorm = 36.1814, GNorm = 0.1531, lr_0 = 2.6878e-04
Loss = 3.0424e-04, PNorm = 36.1825, GNorm = 0.0853, lr_0 = 2.6814e-04
Loss = 2.5281e-04, PNorm = 36.1835, GNorm = 0.0677, lr_0 = 2.6750e-04
Loss = 3.1966e-04, PNorm = 36.1841, GNorm = 0.0999, lr_0 = 2.6686e-04
Loss = 3.9483e-04, PNorm = 36.1849, GNorm = 0.1859, lr_0 = 2.6622e-04
Loss = 3.5622e-04, PNorm = 36.1864, GNorm = 0.1694, lr_0 = 2.6558e-04
Loss = 3.0998e-04, PNorm = 36.1881, GNorm = 0.1170, lr_0 = 2.6495e-04
Validation mae = nan
Epoch 58
Loss = 2.4142e-04, PNorm = 36.1896, GNorm = 0.0775, lr_0 = 2.6425e-04
Loss = 1.9303e-04, PNorm = 36.1905, GNorm = 0.0444, lr_0 = 2.6362e-04
Loss = 1.8313e-04, PNorm = 36.1913, GNorm = 0.0426, lr_0 = 2.6298e-04
Loss = 2.0978e-04, PNorm = 36.1922, GNorm = 0.1037, lr_0 = 2.6235e-04
Loss = 2.1949e-04, PNorm = 36.1933, GNorm = 0.0633, lr_0 = 2.6173e-04
Loss = 1.7005e-04, PNorm = 36.1942, GNorm = 0.0618, lr_0 = 2.6110e-04
Loss = 1.9031e-04, PNorm = 36.1950, GNorm = 0.0383, lr_0 = 2.6047e-04
Loss = 1.9139e-04, PNorm = 36.1960, GNorm = 0.0312, lr_0 = 2.5985e-04
Loss = 1.8488e-04, PNorm = 36.1972, GNorm = 0.0562, lr_0 = 2.5923e-04
Loss = 1.7712e-04, PNorm = 36.1987, GNorm = 0.0569, lr_0 = 2.5861e-04
Validation mae = nan
Epoch 59
Loss = 2.2068e-04, PNorm = 36.1993, GNorm = 0.1277, lr_0 = 2.5793e-04
Loss = 2.3360e-04, PNorm = 36.2006, GNorm = 0.0941, lr_0 = 2.5731e-04
Loss = 2.0906e-04, PNorm = 36.2014, GNorm = 0.1069, lr_0 = 2.5669e-04
Loss = 1.8288e-04, PNorm = 36.2023, GNorm = 0.1113, lr_0 = 2.5608e-04
Loss = 2.3698e-04, PNorm = 36.2034, GNorm = 0.1440, lr_0 = 2.5546e-04
Loss = 2.9400e-04, PNorm = 36.2041, GNorm = 0.1564, lr_0 = 2.5485e-04
Loss = 2.9743e-04, PNorm = 36.2057, GNorm = 0.0666, lr_0 = 2.5424e-04
Loss = 3.8402e-04, PNorm = 36.2065, GNorm = 0.1948, lr_0 = 2.5363e-04
Loss = 2.6483e-04, PNorm = 36.2079, GNorm = 0.1344, lr_0 = 2.5303e-04
Loss = 2.3913e-04, PNorm = 36.2092, GNorm = 0.1033, lr_0 = 2.5242e-04
Validation mae = nan
Epoch 60
Loss = 2.3119e-04, PNorm = 36.2100, GNorm = 0.0912, lr_0 = 2.5182e-04
Loss = 1.7151e-04, PNorm = 36.2108, GNorm = 0.0508, lr_0 = 2.5121e-04
Loss = 2.4008e-04, PNorm = 36.2120, GNorm = 0.1221, lr_0 = 2.5061e-04
Loss = 1.6386e-04, PNorm = 36.2135, GNorm = 0.0466, lr_0 = 2.5001e-04
Loss = 2.1433e-04, PNorm = 36.2143, GNorm = 0.0610, lr_0 = 2.4941e-04
Loss = 1.8457e-04, PNorm = 36.2150, GNorm = 0.1001, lr_0 = 2.4882e-04
Loss = 1.5094e-04, PNorm = 36.2165, GNorm = 0.0574, lr_0 = 2.4822e-04
Loss = 2.3373e-04, PNorm = 36.2180, GNorm = 0.0914, lr_0 = 2.4762e-04
Loss = 3.5844e-04, PNorm = 36.2195, GNorm = 0.0652, lr_0 = 2.4703e-04
Loss = 2.8390e-04, PNorm = 36.2205, GNorm = 0.0825, lr_0 = 2.4644e-04
Validation mae = nan
Epoch 61
Loss = 3.8192e-04, PNorm = 36.2208, GNorm = 0.2919, lr_0 = 2.4579e-04
Loss = 4.3300e-04, PNorm = 36.2213, GNorm = 0.0460, lr_0 = 2.4520e-04
Loss = 3.2290e-04, PNorm = 36.2227, GNorm = 0.1463, lr_0 = 2.4462e-04
Loss = 2.5283e-04, PNorm = 36.2244, GNorm = 0.0575, lr_0 = 2.4403e-04
Loss = 2.4006e-04, PNorm = 36.2256, GNorm = 0.0879, lr_0 = 2.4345e-04
Loss = 2.7709e-04, PNorm = 36.2269, GNorm = 0.1584, lr_0 = 2.4286e-04
Loss = 2.4868e-04, PNorm = 36.2278, GNorm = 0.1736, lr_0 = 2.4228e-04
Loss = 2.2955e-04, PNorm = 36.2282, GNorm = 0.0821, lr_0 = 2.4170e-04
Loss = 2.4550e-04, PNorm = 36.2287, GNorm = 0.0412, lr_0 = 2.4112e-04
Validation mae = nan
Epoch 62
Loss = 1.8668e-04, PNorm = 36.2296, GNorm = 0.0786, lr_0 = 2.4049e-04
Loss = 2.4532e-04, PNorm = 36.2308, GNorm = 0.1430, lr_0 = 2.3991e-04
Loss = 2.0630e-04, PNorm = 36.2315, GNorm = 0.0716, lr_0 = 2.3934e-04
Loss = 2.8694e-04, PNorm = 36.2328, GNorm = 0.1902, lr_0 = 2.3876e-04
Loss = 2.4459e-04, PNorm = 36.2338, GNorm = 0.0780, lr_0 = 2.3819e-04
Loss = 2.4594e-04, PNorm = 36.2352, GNorm = 0.0988, lr_0 = 2.3762e-04
Loss = 1.9385e-04, PNorm = 36.2366, GNorm = 0.0660, lr_0 = 2.3705e-04
Loss = 2.2199e-04, PNorm = 36.2379, GNorm = 0.1116, lr_0 = 2.3648e-04
Loss = 2.7741e-04, PNorm = 36.2387, GNorm = 0.1803, lr_0 = 2.3592e-04
Loss = 2.2561e-04, PNorm = 36.2400, GNorm = 0.1678, lr_0 = 2.3535e-04
Validation mae = nan
Epoch 63
Loss = 2.2194e-04, PNorm = 36.2413, GNorm = 0.0642, lr_0 = 2.3473e-04
Loss = 2.0837e-04, PNorm = 36.2420, GNorm = 0.0937, lr_0 = 2.3417e-04
Loss = 2.0564e-04, PNorm = 36.2428, GNorm = 0.0401, lr_0 = 2.3361e-04
Loss = 1.9420e-04, PNorm = 36.2440, GNorm = 0.1234, lr_0 = 2.3305e-04
Loss = 1.9778e-04, PNorm = 36.2453, GNorm = 0.0621, lr_0 = 2.3249e-04
Loss = 1.7648e-04, PNorm = 36.2467, GNorm = 0.0844, lr_0 = 2.3194e-04
Loss = 2.1744e-04, PNorm = 36.2474, GNorm = 0.1217, lr_0 = 2.3138e-04
Loss = 2.6566e-04, PNorm = 36.2482, GNorm = 0.0369, lr_0 = 2.3083e-04
Loss = 2.0684e-04, PNorm = 36.2485, GNorm = 0.1179, lr_0 = 2.3027e-04
Loss = 2.4896e-04, PNorm = 36.2494, GNorm = 0.0913, lr_0 = 2.2972e-04
Validation mae = nan
Epoch 64
Loss = 4.3570e-04, PNorm = 36.2505, GNorm = 0.1605, lr_0 = 2.2917e-04
Loss = 4.4085e-04, PNorm = 36.2519, GNorm = 0.1751, lr_0 = 2.2862e-04
Loss = 3.2210e-04, PNorm = 36.2531, GNorm = 0.1602, lr_0 = 2.2808e-04
Loss = 3.2004e-04, PNorm = 36.2545, GNorm = 0.0894, lr_0 = 2.2753e-04
Loss = 2.3296e-04, PNorm = 36.2556, GNorm = 0.0472, lr_0 = 2.2699e-04
Loss = 2.0320e-04, PNorm = 36.2565, GNorm = 0.0314, lr_0 = 2.2644e-04
Loss = 1.7532e-04, PNorm = 36.2567, GNorm = 0.0642, lr_0 = 2.2590e-04
Loss = 2.2588e-04, PNorm = 36.2574, GNorm = 0.1062, lr_0 = 2.2536e-04
Loss = 2.6408e-04, PNorm = 36.2582, GNorm = 0.2175, lr_0 = 2.2482e-04
Loss = 2.9790e-04, PNorm = 36.2595, GNorm = 0.0851, lr_0 = 2.2428e-04
Validation mae = nan
Epoch 65
Loss = 1.9430e-04, PNorm = 36.2602, GNorm = 0.0982, lr_0 = 2.2369e-04
Loss = 1.9158e-04, PNorm = 36.2612, GNorm = 0.1113, lr_0 = 2.2315e-04
Loss = 1.4879e-04, PNorm = 36.2624, GNorm = 0.0919, lr_0 = 2.2262e-04
Loss = 1.9288e-04, PNorm = 36.2633, GNorm = 0.1046, lr_0 = 2.2209e-04
Loss = 1.5547e-04, PNorm = 36.2640, GNorm = 0.0271, lr_0 = 2.2155e-04
Loss = 1.7390e-04, PNorm = 36.2645, GNorm = 0.0668, lr_0 = 2.2102e-04
Loss = 1.6130e-04, PNorm = 36.2653, GNorm = 0.0911, lr_0 = 2.2049e-04
Loss = 2.0442e-04, PNorm = 36.2663, GNorm = 0.0912, lr_0 = 2.1997e-04
Loss = 2.2313e-04, PNorm = 36.2666, GNorm = 0.0664, lr_0 = 2.1944e-04
Loss = 2.1684e-04, PNorm = 36.2677, GNorm = 0.0517, lr_0 = 2.1891e-04
Validation mae = nan
Epoch 66
Loss = 1.4274e-04, PNorm = 36.2688, GNorm = 0.0627, lr_0 = 2.1834e-04
Loss = 1.7078e-04, PNorm = 36.2700, GNorm = 0.0456, lr_0 = 2.1782e-04
Loss = 1.2030e-04, PNorm = 36.2709, GNorm = 0.0510, lr_0 = 2.1729e-04
Loss = 1.6338e-04, PNorm = 36.2714, GNorm = 0.0764, lr_0 = 2.1677e-04
Loss = 1.9624e-04, PNorm = 36.2721, GNorm = 0.0592, lr_0 = 2.1625e-04
Loss = 1.9650e-04, PNorm = 36.2726, GNorm = 0.1795, lr_0 = 2.1574e-04
Loss = 1.4960e-04, PNorm = 36.2737, GNorm = 0.0892, lr_0 = 2.1522e-04
Loss = 1.6089e-04, PNorm = 36.2749, GNorm = 0.0804, lr_0 = 2.1470e-04
Loss = 2.0280e-04, PNorm = 36.2757, GNorm = 0.1203, lr_0 = 2.1419e-04
Loss = 2.2331e-04, PNorm = 36.2765, GNorm = 0.0295, lr_0 = 2.1368e-04
Loss = 2.5478e-04, PNorm = 36.2766, GNorm = 0.1737, lr_0 = 2.1363e-04
Validation mae = nan
Epoch 67
Loss = 2.2104e-04, PNorm = 36.2775, GNorm = 0.0847, lr_0 = 2.1311e-04
Loss = 2.1478e-04, PNorm = 36.2785, GNorm = 0.0673, lr_0 = 2.1260e-04
Loss = 1.9903e-04, PNorm = 36.2794, GNorm = 0.0925, lr_0 = 2.1210e-04
Loss = 1.8076e-04, PNorm = 36.2800, GNorm = 0.0808, lr_0 = 2.1159e-04
Loss = 1.7451e-04, PNorm = 36.2810, GNorm = 0.0446, lr_0 = 2.1108e-04
Loss = 1.4975e-04, PNorm = 36.2821, GNorm = 0.0526, lr_0 = 2.1058e-04
Loss = 2.1896e-04, PNorm = 36.2828, GNorm = 0.1192, lr_0 = 2.1007e-04
Loss = 2.1547e-04, PNorm = 36.2837, GNorm = 0.1801, lr_0 = 2.0957e-04
Loss = 2.0959e-04, PNorm = 36.2848, GNorm = 0.0652, lr_0 = 2.0907e-04
Validation mae = nan
Epoch 68
Loss = 2.3945e-04, PNorm = 36.2865, GNorm = 0.1835, lr_0 = 2.0852e-04
Loss = 2.3244e-04, PNorm = 36.2874, GNorm = 0.1483, lr_0 = 2.0802e-04
Loss = 2.0890e-04, PNorm = 36.2885, GNorm = 0.0517, lr_0 = 2.0752e-04
Loss = 1.6066e-04, PNorm = 36.2898, GNorm = 0.0473, lr_0 = 2.0702e-04
Loss = 1.2846e-04, PNorm = 36.2911, GNorm = 0.0828, lr_0 = 2.0653e-04
Loss = 1.8765e-04, PNorm = 36.2921, GNorm = 0.1528, lr_0 = 2.0603e-04
Loss = 1.5741e-04, PNorm = 36.2926, GNorm = 0.0594, lr_0 = 2.0554e-04
Loss = 1.5076e-04, PNorm = 36.2932, GNorm = 0.0691, lr_0 = 2.0505e-04
Loss = 1.7590e-04, PNorm = 36.2937, GNorm = 0.0384, lr_0 = 2.0455e-04
Loss = 1.9585e-04, PNorm = 36.2946, GNorm = 0.1349, lr_0 = 2.0406e-04
Validation mae = nan
Epoch 69
Loss = 1.3991e-04, PNorm = 36.2955, GNorm = 0.0824, lr_0 = 2.0358e-04
Loss = 1.5042e-04, PNorm = 36.2964, GNorm = 0.0484, lr_0 = 2.0309e-04
Loss = 1.5454e-04, PNorm = 36.2972, GNorm = 0.0701, lr_0 = 2.0260e-04
Loss = 1.4525e-04, PNorm = 36.2975, GNorm = 0.0974, lr_0 = 2.0212e-04
Loss = 1.1265e-04, PNorm = 36.2981, GNorm = 0.0404, lr_0 = 2.0163e-04
Loss = 1.2802e-04, PNorm = 36.2992, GNorm = 0.0496, lr_0 = 2.0115e-04
Loss = 1.4200e-04, PNorm = 36.3002, GNorm = 0.0396, lr_0 = 2.0067e-04
Loss = 1.3068e-04, PNorm = 36.3009, GNorm = 0.0854, lr_0 = 2.0019e-04
Loss = 1.3403e-04, PNorm = 36.3017, GNorm = 0.0388, lr_0 = 1.9971e-04
Loss = 1.2250e-04, PNorm = 36.3026, GNorm = 0.0872, lr_0 = 1.9923e-04
Validation mae = nan
Epoch 70
Loss = 1.2637e-04, PNorm = 36.3037, GNorm = 0.0601, lr_0 = 1.9871e-04
Loss = 1.5992e-04, PNorm = 36.3046, GNorm = 0.1011, lr_0 = 1.9823e-04
Loss = 1.9236e-04, PNorm = 36.3055, GNorm = 0.1718, lr_0 = 1.9775e-04
Loss = 2.2803e-04, PNorm = 36.3065, GNorm = 0.1698, lr_0 = 1.9728e-04
Loss = 2.0469e-04, PNorm = 36.3077, GNorm = 0.1041, lr_0 = 1.9681e-04
Loss = 1.9979e-04, PNorm = 36.3083, GNorm = 0.0641, lr_0 = 1.9634e-04
Loss = 1.6646e-04, PNorm = 36.3089, GNorm = 0.0795, lr_0 = 1.9587e-04
Loss = 1.4444e-04, PNorm = 36.3096, GNorm = 0.0764, lr_0 = 1.9540e-04
Loss = 1.6884e-04, PNorm = 36.3103, GNorm = 0.0699, lr_0 = 1.9493e-04
Loss = 2.1090e-04, PNorm = 36.3112, GNorm = 0.2191, lr_0 = 1.9446e-04
Validation mae = nan
Epoch 71
Loss = 3.0866e-04, PNorm = 36.3127, GNorm = 0.1632, lr_0 = 1.9395e-04
Loss = 3.3261e-04, PNorm = 36.3141, GNorm = 0.1204, lr_0 = 1.9349e-04
Loss = 3.4353e-04, PNorm = 36.3153, GNorm = 0.2220, lr_0 = 1.9302e-04
Loss = 4.2332e-04, PNorm = 36.3157, GNorm = 0.2082, lr_0 = 1.9256e-04
Loss = 2.7811e-04, PNorm = 36.3162, GNorm = 0.1485, lr_0 = 1.9210e-04
Loss = 2.4835e-04, PNorm = 36.3169, GNorm = 0.1556, lr_0 = 1.9164e-04
Loss = 1.6558e-04, PNorm = 36.3175, GNorm = 0.0574, lr_0 = 1.9118e-04
Loss = 1.5172e-04, PNorm = 36.3182, GNorm = 0.0449, lr_0 = 1.9072e-04
Loss = 1.5490e-04, PNorm = 36.3192, GNorm = 0.0570, lr_0 = 1.9027e-04
Loss = 1.5990e-04, PNorm = 36.3202, GNorm = 0.0434, lr_0 = 1.8981e-04
Validation mae = nan
Epoch 72
Loss = 1.6080e-04, PNorm = 36.3210, GNorm = 0.1114, lr_0 = 1.8931e-04
Loss = 2.1694e-04, PNorm = 36.3216, GNorm = 0.1155, lr_0 = 1.8886e-04
Loss = 2.1951e-04, PNorm = 36.3224, GNorm = 0.0677, lr_0 = 1.8841e-04
Loss = 2.6420e-04, PNorm = 36.3227, GNorm = 0.0799, lr_0 = 1.8795e-04
Loss = 1.8630e-04, PNorm = 36.3244, GNorm = 0.0809, lr_0 = 1.8750e-04
Loss = 1.8411e-04, PNorm = 36.3254, GNorm = 0.0624, lr_0 = 1.8706e-04
Loss = 2.6718e-04, PNorm = 36.3260, GNorm = 0.1109, lr_0 = 1.8661e-04
Loss = 2.6499e-04, PNorm = 36.3265, GNorm = 0.1434, lr_0 = 1.8616e-04
Loss = 2.9532e-04, PNorm = 36.3269, GNorm = 0.1022, lr_0 = 1.8571e-04
Loss = 3.8430e-04, PNorm = 36.3280, GNorm = 0.1398, lr_0 = 1.8527e-04
Validation mae = nan
Epoch 73
Loss = 3.1256e-04, PNorm = 36.3284, GNorm = 0.0947, lr_0 = 1.8483e-04
Loss = 3.0186e-04, PNorm = 36.3291, GNorm = 0.1308, lr_0 = 1.8438e-04
Loss = 2.9072e-04, PNorm = 36.3302, GNorm = 0.1374, lr_0 = 1.8394e-04
Loss = 2.1786e-04, PNorm = 36.3312, GNorm = 0.1677, lr_0 = 1.8350e-04
Loss = 2.0712e-04, PNorm = 36.3319, GNorm = 0.1126, lr_0 = 1.8306e-04
Loss = 1.6897e-04, PNorm = 36.3326, GNorm = 0.0419, lr_0 = 1.8262e-04
Loss = 2.1333e-04, PNorm = 36.3335, GNorm = 0.1038, lr_0 = 1.8219e-04
Loss = 2.3315e-04, PNorm = 36.3346, GNorm = 0.1708, lr_0 = 1.8175e-04
Loss = 2.4213e-04, PNorm = 36.3352, GNorm = 0.1299, lr_0 = 1.8132e-04
Validation mae = nan
Epoch 74
Loss = 5.0786e-04, PNorm = 36.3363, GNorm = 0.2261, lr_0 = 1.8084e-04
Loss = 3.4320e-04, PNorm = 36.3370, GNorm = 0.2091, lr_0 = 1.8040e-04
Loss = 2.2389e-04, PNorm = 36.3379, GNorm = 0.0845, lr_0 = 1.7997e-04
Loss = 1.4724e-04, PNorm = 36.3389, GNorm = 0.0271, lr_0 = 1.7954e-04
Loss = 1.5902e-04, PNorm = 36.3396, GNorm = 0.0928, lr_0 = 1.7911e-04
Loss = 1.5133e-04, PNorm = 36.3402, GNorm = 0.0979, lr_0 = 1.7868e-04
Loss = 1.7702e-04, PNorm = 36.3406, GNorm = 0.0949, lr_0 = 1.7825e-04
Loss = 1.8386e-04, PNorm = 36.3415, GNorm = 0.1102, lr_0 = 1.7783e-04
Loss = 1.5780e-04, PNorm = 36.3421, GNorm = 0.0752, lr_0 = 1.7740e-04
Loss = 1.4866e-04, PNorm = 36.3428, GNorm = 0.0829, lr_0 = 1.7698e-04
Validation mae = nan
Epoch 75
Loss = 1.3856e-04, PNorm = 36.3438, GNorm = 0.0363, lr_0 = 1.7651e-04
Loss = 1.1590e-04, PNorm = 36.3449, GNorm = 0.1096, lr_0 = 1.7609e-04
Loss = 1.1852e-04, PNorm = 36.3454, GNorm = 0.0674, lr_0 = 1.7567e-04
Loss = 1.5913e-04, PNorm = 36.3459, GNorm = 0.0635, lr_0 = 1.7525e-04
Loss = 1.3362e-04, PNorm = 36.3467, GNorm = 0.0891, lr_0 = 1.7483e-04
Loss = 1.3732e-04, PNorm = 36.3480, GNorm = 0.1180, lr_0 = 1.7441e-04
Loss = 1.0705e-04, PNorm = 36.3484, GNorm = 0.0307, lr_0 = 1.7399e-04
Loss = 1.0752e-04, PNorm = 36.3491, GNorm = 0.0371, lr_0 = 1.7357e-04
Loss = 9.3954e-05, PNorm = 36.3499, GNorm = 0.0206, lr_0 = 1.7316e-04
Loss = 1.1845e-04, PNorm = 36.3505, GNorm = 0.0683, lr_0 = 1.7274e-04
Validation mae = nan
Epoch 76
Loss = 1.2338e-04, PNorm = 36.3512, GNorm = 0.1002, lr_0 = 1.7229e-04
Loss = 1.4606e-04, PNorm = 36.3519, GNorm = 0.1164, lr_0 = 1.7188e-04
Loss = 1.2290e-04, PNorm = 36.3524, GNorm = 0.0464, lr_0 = 1.7146e-04
Loss = 1.4025e-04, PNorm = 36.3531, GNorm = 0.0759, lr_0 = 1.7105e-04
Loss = 1.5146e-04, PNorm = 36.3538, GNorm = 0.0575, lr_0 = 1.7064e-04
Loss = 1.6857e-04, PNorm = 36.3546, GNorm = 0.0976, lr_0 = 1.7024e-04
Loss = 2.0356e-04, PNorm = 36.3547, GNorm = 0.1540, lr_0 = 1.6983e-04
Loss = 1.8009e-04, PNorm = 36.3563, GNorm = 0.1056, lr_0 = 1.6942e-04
Loss = 1.7553e-04, PNorm = 36.3571, GNorm = 0.0891, lr_0 = 1.6902e-04
Loss = 1.3556e-04, PNorm = 36.3579, GNorm = 0.0904, lr_0 = 1.6861e-04
Validation mae = nan
Epoch 77
Loss = 1.5070e-04, PNorm = 36.3591, GNorm = 0.0891, lr_0 = 1.6817e-04
Loss = 1.9091e-04, PNorm = 36.3599, GNorm = 0.0820, lr_0 = 1.6776e-04
Loss = 1.6984e-04, PNorm = 36.3606, GNorm = 0.0640, lr_0 = 1.6736e-04
Loss = 1.4993e-04, PNorm = 36.3613, GNorm = 0.0616, lr_0 = 1.6696e-04
Loss = 1.2188e-04, PNorm = 36.3618, GNorm = 0.0509, lr_0 = 1.6656e-04
Loss = 1.2142e-04, PNorm = 36.3627, GNorm = 0.0453, lr_0 = 1.6616e-04
Loss = 1.1802e-04, PNorm = 36.3632, GNorm = 0.0414, lr_0 = 1.6576e-04
Loss = 9.7634e-05, PNorm = 36.3639, GNorm = 0.0310, lr_0 = 1.6537e-04
Loss = 1.3552e-04, PNorm = 36.3644, GNorm = 0.0426, lr_0 = 1.6497e-04
Loss = 1.1453e-04, PNorm = 36.3649, GNorm = 0.0482, lr_0 = 1.6458e-04
Validation mae = nan
Epoch 78
Loss = 1.0337e-04, PNorm = 36.3656, GNorm = 0.0693, lr_0 = 1.6418e-04
Loss = 1.0434e-04, PNorm = 36.3662, GNorm = 0.0924, lr_0 = 1.6379e-04
Loss = 1.1837e-04, PNorm = 36.3669, GNorm = 0.0458, lr_0 = 1.6340e-04
Loss = 1.0484e-04, PNorm = 36.3674, GNorm = 0.0438, lr_0 = 1.6301e-04
Loss = 9.5250e-05, PNorm = 36.3681, GNorm = 0.0221, lr_0 = 1.6262e-04
Loss = 1.0216e-04, PNorm = 36.3690, GNorm = 0.0918, lr_0 = 1.6223e-04
Loss = 1.0445e-04, PNorm = 36.3699, GNorm = 0.0308, lr_0 = 1.6184e-04
Loss = 9.4343e-05, PNorm = 36.3707, GNorm = 0.0709, lr_0 = 1.6145e-04
Loss = 1.0634e-04, PNorm = 36.3714, GNorm = 0.0374, lr_0 = 1.6106e-04
Validation mae = nan
Epoch 79
Loss = 1.2456e-04, PNorm = 36.3720, GNorm = 0.0810, lr_0 = 1.6064e-04
Loss = 1.0939e-04, PNorm = 36.3728, GNorm = 0.0621, lr_0 = 1.6025e-04
Loss = 8.7683e-05, PNorm = 36.3735, GNorm = 0.0470, lr_0 = 1.5987e-04
Loss = 8.6875e-05, PNorm = 36.3739, GNorm = 0.0443, lr_0 = 1.5949e-04
Loss = 1.1179e-04, PNorm = 36.3744, GNorm = 0.0296, lr_0 = 1.5911e-04
Loss = 1.1350e-04, PNorm = 36.3750, GNorm = 0.1055, lr_0 = 1.5873e-04
Loss = 1.4595e-04, PNorm = 36.3756, GNorm = 0.1182, lr_0 = 1.5834e-04
Loss = 1.1227e-04, PNorm = 36.3763, GNorm = 0.0779, lr_0 = 1.5797e-04
Loss = 1.2126e-04, PNorm = 36.3768, GNorm = 0.1402, lr_0 = 1.5759e-04
Loss = 1.3410e-04, PNorm = 36.3776, GNorm = 0.0505, lr_0 = 1.5721e-04
Validation mae = nan
Epoch 80
Loss = 1.5304e-04, PNorm = 36.3786, GNorm = 0.0651, lr_0 = 1.5680e-04
Loss = 1.4476e-04, PNorm = 36.3793, GNorm = 0.0594, lr_0 = 1.5642e-04
Loss = 1.4130e-04, PNorm = 36.3798, GNorm = 0.0595, lr_0 = 1.5605e-04
Loss = 1.1442e-04, PNorm = 36.3801, GNorm = 0.0826, lr_0 = 1.5567e-04
Loss = 1.1948e-04, PNorm = 36.3808, GNorm = 0.1164, lr_0 = 1.5530e-04
Loss = 1.3031e-04, PNorm = 36.3814, GNorm = 0.0815, lr_0 = 1.5493e-04
Loss = 1.3079e-04, PNorm = 36.3821, GNorm = 0.1323, lr_0 = 1.5456e-04
Loss = 1.0106e-04, PNorm = 36.3828, GNorm = 0.1121, lr_0 = 1.5419e-04
Loss = 1.6204e-04, PNorm = 36.3831, GNorm = 0.1067, lr_0 = 1.5382e-04
Loss = 1.3053e-04, PNorm = 36.3839, GNorm = 0.0782, lr_0 = 1.5345e-04
Validation mae = nan
Epoch 81
Loss = 9.0864e-05, PNorm = 36.3849, GNorm = 0.0363, lr_0 = 1.5304e-04
Loss = 8.7189e-05, PNorm = 36.3854, GNorm = 0.0553, lr_0 = 1.5268e-04
Loss = 1.0222e-04, PNorm = 36.3859, GNorm = 0.0940, lr_0 = 1.5231e-04
Loss = 1.0320e-04, PNorm = 36.3866, GNorm = 0.0484, lr_0 = 1.5195e-04
Loss = 1.3331e-04, PNorm = 36.3871, GNorm = 0.0479, lr_0 = 1.5158e-04
Loss = 1.1103e-04, PNorm = 36.3877, GNorm = 0.0682, lr_0 = 1.5122e-04
Loss = 9.4490e-05, PNorm = 36.3886, GNorm = 0.0147, lr_0 = 1.5086e-04
Loss = 8.6949e-05, PNorm = 36.3894, GNorm = 0.0728, lr_0 = 1.5050e-04
Loss = 1.4393e-04, PNorm = 36.3900, GNorm = 0.1046, lr_0 = 1.5014e-04
Loss = 1.4400e-04, PNorm = 36.3905, GNorm = 0.0561, lr_0 = 1.4978e-04
Validation mae = nan
Epoch 82
Loss = 1.4427e-04, PNorm = 36.3909, GNorm = 0.0500, lr_0 = 1.4942e-04
Loss = 1.2737e-04, PNorm = 36.3913, GNorm = 0.0409, lr_0 = 1.4906e-04
Loss = 1.0487e-04, PNorm = 36.3919, GNorm = 0.0520, lr_0 = 1.4870e-04
Loss = 1.0501e-04, PNorm = 36.3927, GNorm = 0.0524, lr_0 = 1.4835e-04
Loss = 1.2187e-04, PNorm = 36.3933, GNorm = 0.0747, lr_0 = 1.4799e-04
Loss = 1.2100e-04, PNorm = 36.3942, GNorm = 0.0310, lr_0 = 1.4764e-04
Loss = 1.4048e-04, PNorm = 36.3946, GNorm = 0.1224, lr_0 = 1.4729e-04
Loss = 1.6285e-04, PNorm = 36.3954, GNorm = 0.0776, lr_0 = 1.4693e-04
Loss = 1.2552e-04, PNorm = 36.3957, GNorm = 0.0613, lr_0 = 1.4658e-04
Loss = 1.6702e-04, PNorm = 36.3963, GNorm = 0.0449, lr_0 = 1.4623e-04
Validation mae = nan
Epoch 83
Loss = 2.0909e-04, PNorm = 36.3971, GNorm = 0.1360, lr_0 = 1.4584e-04
Loss = 1.8231e-04, PNorm = 36.3978, GNorm = 0.0781, lr_0 = 1.4550e-04
Loss = 1.2689e-04, PNorm = 36.3987, GNorm = 0.0399, lr_0 = 1.4515e-04
Loss = 1.1062e-04, PNorm = 36.3992, GNorm = 0.1280, lr_0 = 1.4480e-04
Loss = 2.0694e-04, PNorm = 36.3996, GNorm = 0.1276, lr_0 = 1.4445e-04
Loss = 1.5095e-04, PNorm = 36.4002, GNorm = 0.0502, lr_0 = 1.4411e-04
Loss = 1.4877e-04, PNorm = 36.4007, GNorm = 0.0769, lr_0 = 1.4376e-04
Loss = 1.2476e-04, PNorm = 36.4014, GNorm = 0.1096, lr_0 = 1.4342e-04
Loss = 1.0666e-04, PNorm = 36.4020, GNorm = 0.0456, lr_0 = 1.4307e-04
Loss = 9.1744e-05, PNorm = 36.4026, GNorm = 0.0337, lr_0 = 1.4273e-04
Loss = 4.2513e-05, PNorm = 36.4027, GNorm = 0.0578, lr_0 = 1.4270e-04
Validation mae = nan
Epoch 84
Loss = 9.3725e-05, PNorm = 36.4037, GNorm = 0.0572, lr_0 = 1.4236e-04
Loss = 8.2564e-05, PNorm = 36.4040, GNorm = 0.0690, lr_0 = 1.4201e-04
Loss = 7.5817e-05, PNorm = 36.4044, GNorm = 0.0282, lr_0 = 1.4167e-04
Loss = 8.5249e-05, PNorm = 36.4048, GNorm = 0.0786, lr_0 = 1.4134e-04
Loss = 1.2641e-04, PNorm = 36.4053, GNorm = 0.0807, lr_0 = 1.4100e-04
Loss = 1.3333e-04, PNorm = 36.4057, GNorm = 0.0237, lr_0 = 1.4066e-04
Loss = 1.1098e-04, PNorm = 36.4066, GNorm = 0.0739, lr_0 = 1.4032e-04
Loss = 7.5634e-05, PNorm = 36.4077, GNorm = 0.0746, lr_0 = 1.3999e-04
Loss = 8.8300e-05, PNorm = 36.4084, GNorm = 0.0446, lr_0 = 1.3965e-04
Validation mae = nan
Epoch 85
Loss = 1.0770e-04, PNorm = 36.4092, GNorm = 0.0916, lr_0 = 1.3928e-04
Loss = 1.1396e-04, PNorm = 36.4095, GNorm = 0.0810, lr_0 = 1.3895e-04
Loss = 1.0044e-04, PNorm = 36.4096, GNorm = 0.0643, lr_0 = 1.3862e-04
Loss = 1.2102e-04, PNorm = 36.4101, GNorm = 0.0465, lr_0 = 1.3828e-04
Loss = 1.2530e-04, PNorm = 36.4107, GNorm = 0.0360, lr_0 = 1.3795e-04
Loss = 1.0226e-04, PNorm = 36.4113, GNorm = 0.0494, lr_0 = 1.3762e-04
Loss = 9.4806e-05, PNorm = 36.4119, GNorm = 0.0475, lr_0 = 1.3729e-04
Loss = 9.7610e-05, PNorm = 36.4123, GNorm = 0.0724, lr_0 = 1.3697e-04
Loss = 1.0422e-04, PNorm = 36.4128, GNorm = 0.0281, lr_0 = 1.3664e-04
Loss = 9.9127e-05, PNorm = 36.4133, GNorm = 0.0760, lr_0 = 1.3631e-04
Validation mae = nan
Epoch 86
Loss = 8.1564e-05, PNorm = 36.4140, GNorm = 0.0448, lr_0 = 1.3595e-04
Loss = 1.1501e-04, PNorm = 36.4143, GNorm = 0.0773, lr_0 = 1.3563e-04
Loss = 7.4598e-05, PNorm = 36.4146, GNorm = 0.0388, lr_0 = 1.3530e-04
Loss = 9.9197e-05, PNorm = 36.4152, GNorm = 0.0386, lr_0 = 1.3498e-04
Loss = 1.0989e-04, PNorm = 36.4162, GNorm = 0.1292, lr_0 = 1.3465e-04
Loss = 1.1857e-04, PNorm = 36.4170, GNorm = 0.0545, lr_0 = 1.3433e-04
Loss = 1.0328e-04, PNorm = 36.4176, GNorm = 0.0496, lr_0 = 1.3401e-04
Loss = 1.4297e-04, PNorm = 36.4178, GNorm = 0.0976, lr_0 = 1.3369e-04
Loss = 1.4137e-04, PNorm = 36.4185, GNorm = 0.0459, lr_0 = 1.3337e-04
Loss = 1.5669e-04, PNorm = 36.4193, GNorm = 0.0769, lr_0 = 1.3305e-04
Validation mae = nan
Epoch 87
Loss = 1.7534e-04, PNorm = 36.4198, GNorm = 0.0640, lr_0 = 1.3273e-04
Loss = 1.1444e-04, PNorm = 36.4204, GNorm = 0.0582, lr_0 = 1.3241e-04
Loss = 1.1910e-04, PNorm = 36.4211, GNorm = 0.0838, lr_0 = 1.3210e-04
Loss = 1.5601e-04, PNorm = 36.4218, GNorm = 0.1529, lr_0 = 1.3178e-04
Loss = 1.7346e-04, PNorm = 36.4219, GNorm = 0.1162, lr_0 = 1.3146e-04
Loss = 1.4568e-04, PNorm = 36.4224, GNorm = 0.0626, lr_0 = 1.3115e-04
Loss = 2.3064e-04, PNorm = 36.4231, GNorm = 0.0774, lr_0 = 1.3083e-04
Loss = 1.7650e-04, PNorm = 36.4236, GNorm = 0.0629, lr_0 = 1.3052e-04
Loss = 1.2636e-04, PNorm = 36.4249, GNorm = 0.1004, lr_0 = 1.3021e-04
Loss = 1.1007e-04, PNorm = 36.4258, GNorm = 0.0348, lr_0 = 1.2990e-04
Validation mae = nan
Epoch 88
Loss = 1.1646e-04, PNorm = 36.4266, GNorm = 0.0509, lr_0 = 1.2955e-04
Loss = 1.5778e-04, PNorm = 36.4273, GNorm = 0.0899, lr_0 = 1.2924e-04
Loss = 1.4285e-04, PNorm = 36.4277, GNorm = 0.0931, lr_0 = 1.2893e-04
Loss = 1.3530e-04, PNorm = 36.4285, GNorm = 0.0936, lr_0 = 1.2863e-04
Loss = 1.7593e-04, PNorm = 36.4292, GNorm = 0.0738, lr_0 = 1.2832e-04
Loss = 1.6317e-04, PNorm = 36.4296, GNorm = 0.0537, lr_0 = 1.2801e-04
Loss = 1.5227e-04, PNorm = 36.4302, GNorm = 0.0446, lr_0 = 1.2770e-04
Loss = 9.6133e-05, PNorm = 36.4307, GNorm = 0.0521, lr_0 = 1.2740e-04
Loss = 9.1533e-05, PNorm = 36.4309, GNorm = 0.1023, lr_0 = 1.2709e-04
Loss = 1.0762e-04, PNorm = 36.4314, GNorm = 0.0286, lr_0 = 1.2679e-04
Validation mae = nan
Epoch 89
Loss = 8.7579e-05, PNorm = 36.4321, GNorm = 0.0499, lr_0 = 1.2646e-04
Loss = 9.7707e-05, PNorm = 36.4322, GNorm = 0.0438, lr_0 = 1.2615e-04
Loss = 1.0195e-04, PNorm = 36.4329, GNorm = 0.0323, lr_0 = 1.2585e-04
Loss = 1.2675e-04, PNorm = 36.4334, GNorm = 0.0530, lr_0 = 1.2555e-04
Loss = 1.3833e-04, PNorm = 36.4336, GNorm = 0.1217, lr_0 = 1.2525e-04
Loss = 1.2193e-04, PNorm = 36.4342, GNorm = 0.0300, lr_0 = 1.2495e-04
Loss = 1.4069e-04, PNorm = 36.4346, GNorm = 0.0984, lr_0 = 1.2465e-04
Loss = 2.1582e-04, PNorm = 36.4351, GNorm = 0.1119, lr_0 = 1.2435e-04
Loss = 1.5802e-04, PNorm = 36.4354, GNorm = 0.0906, lr_0 = 1.2405e-04
Validation mae = nan
Epoch 90
Loss = 1.0748e-04, PNorm = 36.4364, GNorm = 0.0614, lr_0 = 1.2373e-04
Loss = 1.0140e-04, PNorm = 36.4371, GNorm = 0.1137, lr_0 = 1.2343e-04
Loss = 1.1337e-04, PNorm = 36.4377, GNorm = 0.0586, lr_0 = 1.2313e-04
Loss = 9.7050e-05, PNorm = 36.4380, GNorm = 0.0290, lr_0 = 1.2284e-04
Loss = 9.2155e-05, PNorm = 36.4384, GNorm = 0.0833, lr_0 = 1.2255e-04
Loss = 8.2687e-05, PNorm = 36.4390, GNorm = 0.0234, lr_0 = 1.2225e-04
Loss = 7.8885e-05, PNorm = 36.4398, GNorm = 0.0265, lr_0 = 1.2196e-04
Loss = 8.4684e-05, PNorm = 36.4404, GNorm = 0.0586, lr_0 = 1.2167e-04
Loss = 7.3634e-05, PNorm = 36.4410, GNorm = 0.0419, lr_0 = 1.2138e-04
Loss = 7.5514e-05, PNorm = 36.4413, GNorm = 0.0712, lr_0 = 1.2109e-04
Validation mae = nan
Epoch 91
Loss = 1.0123e-04, PNorm = 36.4420, GNorm = 0.0683, lr_0 = 1.2080e-04
Loss = 7.1127e-05, PNorm = 36.4426, GNorm = 0.0520, lr_0 = 1.2051e-04
Loss = 7.8565e-05, PNorm = 36.4428, GNorm = 0.0355, lr_0 = 1.2022e-04
Loss = 7.7221e-05, PNorm = 36.4433, GNorm = 0.0584, lr_0 = 1.1993e-04
Loss = 1.5074e-04, PNorm = 36.4435, GNorm = 0.1387, lr_0 = 1.1964e-04
Loss = 1.5325e-04, PNorm = 36.4443, GNorm = 0.0527, lr_0 = 1.1936e-04
Loss = 1.2064e-04, PNorm = 36.4449, GNorm = 0.0679, lr_0 = 1.1907e-04
Loss = 1.0732e-04, PNorm = 36.4454, GNorm = 0.1194, lr_0 = 1.1878e-04
Loss = 9.2815e-05, PNorm = 36.4459, GNorm = 0.0479, lr_0 = 1.1850e-04
Loss = 8.0540e-05, PNorm = 36.4460, GNorm = 0.0433, lr_0 = 1.1822e-04
Validation mae = nan
Epoch 92
Loss = 1.8364e-04, PNorm = 36.4468, GNorm = 0.1273, lr_0 = 1.1791e-04
Loss = 2.1501e-04, PNorm = 36.4473, GNorm = 0.0752, lr_0 = 1.1762e-04
Loss = 1.7524e-04, PNorm = 36.4479, GNorm = 0.0509, lr_0 = 1.1734e-04
Loss = 1.4807e-04, PNorm = 36.4479, GNorm = 0.0772, lr_0 = 1.1706e-04
Loss = 1.5416e-04, PNorm = 36.4484, GNorm = 0.0774, lr_0 = 1.1678e-04
Loss = 1.0902e-04, PNorm = 36.4494, GNorm = 0.0415, lr_0 = 1.1650e-04
Loss = 1.4592e-04, PNorm = 36.4497, GNorm = 0.0652, lr_0 = 1.1622e-04
Loss = 1.0080e-04, PNorm = 36.4501, GNorm = 0.0400, lr_0 = 1.1594e-04
Loss = 9.2614e-05, PNorm = 36.4506, GNorm = 0.0894, lr_0 = 1.1567e-04
Loss = 1.0811e-04, PNorm = 36.4510, GNorm = 0.0960, lr_0 = 1.1539e-04
Validation mae = nan
Epoch 93
Loss = 1.2622e-04, PNorm = 36.4514, GNorm = 0.0499, lr_0 = 1.1508e-04
Loss = 1.2034e-04, PNorm = 36.4521, GNorm = 0.0739, lr_0 = 1.1481e-04
Loss = 1.0078e-04, PNorm = 36.4525, GNorm = 0.0293, lr_0 = 1.1453e-04
Loss = 1.1904e-04, PNorm = 36.4530, GNorm = 0.1500, lr_0 = 1.1426e-04
Loss = 1.6471e-04, PNorm = 36.4539, GNorm = 0.1089, lr_0 = 1.1399e-04
Loss = 1.5690e-04, PNorm = 36.4543, GNorm = 0.1308, lr_0 = 1.1371e-04
Loss = 1.2298e-04, PNorm = 36.4550, GNorm = 0.0808, lr_0 = 1.1344e-04
Loss = 1.0606e-04, PNorm = 36.4552, GNorm = 0.0298, lr_0 = 1.1317e-04
Loss = 1.3802e-04, PNorm = 36.4558, GNorm = 0.1027, lr_0 = 1.1290e-04
Loss = 9.8141e-05, PNorm = 36.4564, GNorm = 0.0466, lr_0 = 1.1263e-04
Validation mae = nan
Epoch 94
Loss = 1.3551e-04, PNorm = 36.4569, GNorm = 0.0348, lr_0 = 1.1233e-04
Loss = 1.2465e-04, PNorm = 36.4573, GNorm = 0.0745, lr_0 = 1.1206e-04
Loss = 1.2637e-04, PNorm = 36.4578, GNorm = 0.0544, lr_0 = 1.1179e-04
Loss = 1.2019e-04, PNorm = 36.4580, GNorm = 0.0516, lr_0 = 1.1153e-04
Loss = 1.2102e-04, PNorm = 36.4585, GNorm = 0.0268, lr_0 = 1.1126e-04
Loss = 1.1379e-04, PNorm = 36.4589, GNorm = 0.0522, lr_0 = 1.1099e-04
Loss = 1.3574e-04, PNorm = 36.4592, GNorm = 0.1759, lr_0 = 1.1073e-04
Loss = 1.3948e-04, PNorm = 36.4599, GNorm = 0.0653, lr_0 = 1.1046e-04
Loss = 1.1630e-04, PNorm = 36.4605, GNorm = 0.1223, lr_0 = 1.1020e-04
Loss = 1.7761e-04, PNorm = 36.4609, GNorm = 0.1149, lr_0 = 1.0993e-04
Loss = 7.3467e-05, PNorm = 36.4609, GNorm = 0.0381, lr_0 = 1.0991e-04
Validation mae = nan
Epoch 95
Loss = 1.1836e-04, PNorm = 36.4615, GNorm = 0.0656, lr_0 = 1.0964e-04
Loss = 8.2500e-05, PNorm = 36.4620, GNorm = 0.0325, lr_0 = 1.0938e-04
Loss = 7.2315e-05, PNorm = 36.4621, GNorm = 0.0576, lr_0 = 1.0912e-04
Loss = 7.2617e-05, PNorm = 36.4626, GNorm = 0.0258, lr_0 = 1.0886e-04
Loss = 6.1254e-05, PNorm = 36.4633, GNorm = 0.0323, lr_0 = 1.0860e-04
Loss = 6.5575e-05, PNorm = 36.4636, GNorm = 0.0449, lr_0 = 1.0834e-04
Loss = 6.2523e-05, PNorm = 36.4640, GNorm = 0.0638, lr_0 = 1.0808e-04
Loss = 6.0090e-05, PNorm = 36.4645, GNorm = 0.0256, lr_0 = 1.0782e-04
Loss = 6.0544e-05, PNorm = 36.4648, GNorm = 0.0664, lr_0 = 1.0756e-04
Validation mae = nan
Epoch 96
Loss = 6.1554e-05, PNorm = 36.4650, GNorm = 0.0590, lr_0 = 1.0730e-04
Loss = 6.8274e-05, PNorm = 36.4655, GNorm = 0.0174, lr_0 = 1.0705e-04
Loss = 6.6263e-05, PNorm = 36.4661, GNorm = 0.0656, lr_0 = 1.0679e-04
Loss = 7.6485e-05, PNorm = 36.4667, GNorm = 0.0440, lr_0 = 1.0653e-04
Loss = 8.2146e-05, PNorm = 36.4670, GNorm = 0.0361, lr_0 = 1.0628e-04
Loss = 6.1966e-05, PNorm = 36.4672, GNorm = 0.0588, lr_0 = 1.0602e-04
Loss = 7.0617e-05, PNorm = 36.4674, GNorm = 0.0354, lr_0 = 1.0577e-04
Loss = 7.9015e-05, PNorm = 36.4678, GNorm = 0.0374, lr_0 = 1.0552e-04
Loss = 8.2445e-05, PNorm = 36.4681, GNorm = 0.0174, lr_0 = 1.0526e-04
Loss = 6.8626e-05, PNorm = 36.4686, GNorm = 0.0286, lr_0 = 1.0501e-04
Validation mae = nan
Epoch 97
Loss = 9.6655e-05, PNorm = 36.4692, GNorm = 0.0421, lr_0 = 1.0474e-04
Loss = 1.0485e-04, PNorm = 36.4698, GNorm = 0.0824, lr_0 = 1.0449e-04
Loss = 1.1224e-04, PNorm = 36.4704, GNorm = 0.1150, lr_0 = 1.0423e-04
Loss = 7.1925e-05, PNorm = 36.4710, GNorm = 0.0250, lr_0 = 1.0399e-04
Loss = 7.3363e-05, PNorm = 36.4713, GNorm = 0.0766, lr_0 = 1.0374e-04
Loss = 7.5268e-05, PNorm = 36.4715, GNorm = 0.0858, lr_0 = 1.0349e-04
Loss = 7.4257e-05, PNorm = 36.4718, GNorm = 0.0558, lr_0 = 1.0324e-04
Loss = 6.0585e-05, PNorm = 36.4724, GNorm = 0.0713, lr_0 = 1.0299e-04
Loss = 7.9933e-05, PNorm = 36.4728, GNorm = 0.1293, lr_0 = 1.0275e-04
Loss = 8.0910e-05, PNorm = 36.4730, GNorm = 0.0272, lr_0 = 1.0250e-04
Validation mae = nan
Epoch 98
Loss = 8.0464e-05, PNorm = 36.4731, GNorm = 0.0723, lr_0 = 1.0223e-04
Loss = 1.1172e-04, PNorm = 36.4734, GNorm = 0.0433, lr_0 = 1.0199e-04
Loss = 1.3402e-04, PNorm = 36.4736, GNorm = 0.0403, lr_0 = 1.0174e-04
Loss = 8.2266e-05, PNorm = 36.4743, GNorm = 0.0773, lr_0 = 1.0150e-04
Loss = 8.4644e-05, PNorm = 36.4745, GNorm = 0.0452, lr_0 = 1.0125e-04
Loss = 9.9655e-05, PNorm = 36.4750, GNorm = 0.0292, lr_0 = 1.0101e-04
Loss = 1.0660e-04, PNorm = 36.4757, GNorm = 0.1247, lr_0 = 1.0077e-04
Loss = 8.2234e-05, PNorm = 36.4760, GNorm = 0.0233, lr_0 = 1.0053e-04
Loss = 6.9604e-05, PNorm = 36.4763, GNorm = 0.0405, lr_0 = 1.0029e-04
Loss = 6.2343e-05, PNorm = 36.4768, GNorm = 0.0199, lr_0 = 1.0005e-04
Validation mae = nan
Epoch 99
Loss = 7.5344e-05, PNorm = 36.4771, GNorm = 0.0689, lr_0 = 1.0000e-04
Loss = 6.6822e-05, PNorm = 36.4778, GNorm = 0.0637, lr_0 = 1.0000e-04
Loss = 8.0038e-05, PNorm = 36.4783, GNorm = 0.0761, lr_0 = 1.0000e-04
Loss = 8.0112e-05, PNorm = 36.4788, GNorm = 0.0149, lr_0 = 1.0000e-04
Loss = 5.4012e-05, PNorm = 36.4792, GNorm = 0.0490, lr_0 = 1.0000e-04
Loss = 5.4470e-05, PNorm = 36.4797, GNorm = 0.0215, lr_0 = 1.0000e-04
Loss = 6.7455e-05, PNorm = 36.4800, GNorm = 0.0885, lr_0 = 1.0000e-04
Loss = 7.9797e-05, PNorm = 36.4804, GNorm = 0.0501, lr_0 = 1.0000e-04
Loss = 5.8462e-05, PNorm = 36.4808, GNorm = 0.0477, lr_0 = 1.0000e-04
Loss = 9.5173e-05, PNorm = 36.4810, GNorm = 0.0576, lr_0 = 1.0000e-04
Validation mae = nan
Model 0 best validation mae = inf on epoch 0
Loading pretrained parameter "encoder.encoder.0.cached_zero_vector".
Loading pretrained parameter "encoder.encoder.0.W_i.weight".
Loading pretrained parameter "encoder.encoder.0.W_h.weight".
Loading pretrained parameter "encoder.encoder.0.W_o.weight".
Loading pretrained parameter "encoder.encoder.0.W_o.bias".
Loading pretrained parameter "ffn.1.weight".
Loading pretrained parameter "ffn.1.bias".
Loading pretrained parameter "ffn.4.weight".
Loading pretrained parameter "ffn.4.bias".
Moving model to cuda
Model 0 test mae = nan
Ensemble test mae = nan
1-fold cross validation
	Seed 0 ==> test mae = nan
Overall test mae = nan +/- nan
Elapsed time = 0:11:01
