Command line
python train.py --data_path data/data_0.5_1/hvap.csv --smiles_columns smiles --target_columns hvap --dataset_type regression --split_sizes 1.0 0.0 0.0 --features_generator rdkit_2d --features_columns T --save_dir data/data_0.5_1/hvap --save_preds --epochs 100 --metric mae
Args
{'activation': 'ReLU',
 'aggregation': 'mean',
 'aggregation_norm': 100,
 'atom_descriptor_scaling': True,
 'atom_descriptors': None,
 'atom_descriptors_path': None,
 'atom_descriptors_size': 0,
 'atom_features_size': 0,
 'atom_messages': False,
 'batch_size': 50,
 'bias': False,
 'bond_feature_scaling': True,
 'bond_features_path': None,
 'bond_features_size': 0,
 'cache_cutoff': 10000,
 'checkpoint_dir': None,
 'checkpoint_path': None,
 'checkpoint_paths': None,
 'class_balance': False,
 'config_path': None,
 'crossval_index_dir': None,
 'crossval_index_file': None,
 'crossval_index_sets': None,
 'cuda': True,
 'data_path': 'data/data_0.5_1/hvap.csv',
 'dataset_type': 'regression',
 'depth': 3,
 'device': device(type='cuda'),
 'dropout': 0.0,
 'empty_cache': False,
 'ensemble_size': 1,
 'epochs': 100,
 'explicit_h': False,
 'extra_metrics': [],
 'features_columns': ['T'],
 'features_generator': ['rdkit_2d'],
 'features_only': False,
 'features_path': None,
 'features_scaling': True,
 'features_size': None,
 'ffn_hidden_size': 300,
 'ffn_num_layers': 2,
 'final_lr': 0.0001,
 'folds_file': None,
 'gpu': None,
 'grad_clip': None,
 'hidden_size': 300,
 'ignore_columns': None,
 'init_lr': 0.0001,
 'log_frequency': 10,
 'max_data_size': None,
 'max_lr': 0.001,
 'metric': 'mae',
 'metrics': ['mae'],
 'minimize_score': True,
 'mpn_shared': False,
 'multiclass_num_classes': 3,
 'no_atom_descriptor_scaling': False,
 'no_bond_features_scaling': False,
 'no_cache_mol': False,
 'no_cuda': False,
 'no_features_scaling': False,
 'num_folds': 1,
 'num_lrs': 1,
 'num_tasks': 1,
 'num_workers': 8,
 'number_of_molecules': 1,
 'overwrite_default_atom_features': False,
 'overwrite_default_bond_features': False,
 'pytorch_seed': 0,
 'quiet': False,
 'reaction': False,
 'reaction_mode': 'reac_diff',
 'resume_experiment': False,
 'save_dir': 'data/data_0.5_1/hvap',
 'save_preds': True,
 'save_smiles_splits': False,
 'seed': 0,
 'separate_test_atom_descriptors_path': None,
 'separate_test_bond_features_path': None,
 'separate_test_features_path': None,
 'separate_test_path': None,
 'separate_val_atom_descriptors_path': None,
 'separate_val_bond_features_path': None,
 'separate_val_features_path': None,
 'separate_val_path': None,
 'show_individual_scores': False,
 'smiles_columns': ['smiles'],
 'split_sizes': (1.0, 0.0, 0.0),
 'split_type': 'random',
 'target_columns': ['hvap'],
 'task_names': ['hvap'],
 'test': False,
 'test_fold_index': None,
 'train_data_size': None,
 'undirected': False,
 'use_input_features': True,
 'val_fold_index': None,
 'warmup_epochs': 2.0}
Loading data
Number of tasks = 1
Fold 0
Splitting data with seed 0
Total size = 4,802 | train size = 4,802 | val size = 0 | test size = 0
Fitting scaler
Building model 0
MoleculeModel(
  (encoder): MPN(
    (encoder): ModuleList(
      (0): MPNEncoder(
        (dropout_layer): Dropout(p=0.0, inplace=False)
        (act_func): ReLU()
        (W_i): Linear(in_features=147, out_features=300, bias=False)
        (W_h): Linear(in_features=300, out_features=300, bias=False)
        (W_o): Linear(in_features=433, out_features=300, bias=True)
      )
    )
  )
  (ffn): Sequential(
    (0): Dropout(p=0.0, inplace=False)
    (1): Linear(in_features=501, out_features=300, bias=True)
    (2): ReLU()
    (3): Dropout(p=0.0, inplace=False)
    (4): Linear(in_features=300, out_features=1, bias=True)
  )
)
Number of parameters = 415,201
Moving model to cuda
Epoch 0
Loss = 8.0093e-01, PNorm = 35.0931, GNorm = 2.3284, lr_0 = 1.5156e-04
Loss = 3.8846e-01, PNorm = 35.0967, GNorm = 3.0098, lr_0 = 1.9844e-04
Loss = 2.8854e-01, PNorm = 35.0981, GNorm = 1.7677, lr_0 = 2.4531e-04
Loss = 1.8243e-01, PNorm = 35.1025, GNorm = 1.3245, lr_0 = 2.9219e-04
Loss = 1.5691e-01, PNorm = 35.1092, GNorm = 3.9520, lr_0 = 3.3906e-04
Loss = 7.3620e-02, PNorm = 35.1159, GNorm = 1.7786, lr_0 = 3.8594e-04
Loss = 6.1629e-02, PNorm = 35.1210, GNorm = 1.7759, lr_0 = 4.3281e-04
Loss = 5.5364e-02, PNorm = 35.1239, GNorm = 3.4541, lr_0 = 4.7969e-04
Loss = 4.6759e-02, PNorm = 35.1253, GNorm = 0.8416, lr_0 = 5.2656e-04
Validation mae = nan
Epoch 1
Loss = 2.8865e-02, PNorm = 35.1260, GNorm = 2.2300, lr_0 = 5.7812e-04
Loss = 2.8801e-02, PNorm = 35.1269, GNorm = 1.5561, lr_0 = 6.2500e-04
Loss = 2.6031e-02, PNorm = 35.1281, GNorm = 2.4531, lr_0 = 6.7187e-04
Loss = 1.9137e-02, PNorm = 35.1289, GNorm = 0.5196, lr_0 = 7.1875e-04
Loss = 1.6988e-02, PNorm = 35.1303, GNorm = 0.8865, lr_0 = 7.6563e-04
Loss = 1.7693e-02, PNorm = 35.1317, GNorm = 1.8858, lr_0 = 8.1250e-04
Loss = 1.7953e-02, PNorm = 35.1336, GNorm = 0.5960, lr_0 = 8.5938e-04
Loss = 1.7317e-02, PNorm = 35.1359, GNorm = 1.5743, lr_0 = 9.0625e-04
Loss = 1.6114e-02, PNorm = 35.1381, GNorm = 2.0672, lr_0 = 9.5312e-04
Loss = 1.2472e-02, PNorm = 35.1406, GNorm = 1.4597, lr_0 = 1.0000e-03
Validation mae = nan
Epoch 2
Loss = 1.0565e-02, PNorm = 35.1435, GNorm = 0.8250, lr_0 = 9.9731e-04
Loss = 1.0378e-02, PNorm = 35.1463, GNorm = 1.6750, lr_0 = 9.9487e-04
Loss = 8.1928e-03, PNorm = 35.1495, GNorm = 0.3519, lr_0 = 9.9244e-04
Loss = 9.0983e-03, PNorm = 35.1519, GNorm = 0.9991, lr_0 = 9.9002e-04
Loss = 5.5366e-03, PNorm = 35.1542, GNorm = 0.2570, lr_0 = 9.8760e-04
Loss = 4.7096e-03, PNorm = 35.1571, GNorm = 0.3282, lr_0 = 9.8518e-04
Loss = 5.6976e-03, PNorm = 35.1598, GNorm = 0.5749, lr_0 = 9.8277e-04
Loss = 4.8227e-03, PNorm = 35.1621, GNorm = 0.6015, lr_0 = 9.8037e-04
Loss = 4.6124e-03, PNorm = 35.1644, GNorm = 0.6539, lr_0 = 9.7797e-04
Validation mae = nan
Epoch 3
Loss = 3.2102e-03, PNorm = 35.1665, GNorm = 0.6239, lr_0 = 9.7534e-04
Loss = 3.9972e-03, PNorm = 35.1681, GNorm = 0.3215, lr_0 = 9.7296e-04
Loss = 3.5658e-03, PNorm = 35.1695, GNorm = 0.7928, lr_0 = 9.7058e-04
Loss = 2.5814e-03, PNorm = 35.1713, GNorm = 0.4141, lr_0 = 9.6821e-04
Loss = 2.4471e-03, PNorm = 35.1736, GNorm = 0.2019, lr_0 = 9.6584e-04
Loss = 2.3670e-03, PNorm = 35.1755, GNorm = 0.3232, lr_0 = 9.6348e-04
Loss = 2.5407e-03, PNorm = 35.1773, GNorm = 0.5144, lr_0 = 9.6113e-04
Loss = 2.8854e-03, PNorm = 35.1791, GNorm = 0.3157, lr_0 = 9.5878e-04
Loss = 2.7180e-03, PNorm = 35.1806, GNorm = 0.1844, lr_0 = 9.5643e-04
Loss = 2.6407e-03, PNorm = 35.1829, GNorm = 0.4656, lr_0 = 9.5410e-04
Validation mae = nan
Epoch 4
Loss = 6.2005e-03, PNorm = 35.1857, GNorm = 0.5123, lr_0 = 9.5153e-04
Loss = 4.4827e-03, PNorm = 35.1887, GNorm = 0.4442, lr_0 = 9.4920e-04
Loss = 2.7273e-03, PNorm = 35.1927, GNorm = 0.1830, lr_0 = 9.4688e-04
Loss = 2.4786e-03, PNorm = 35.1963, GNorm = 0.3136, lr_0 = 9.4457e-04
Loss = 2.1586e-03, PNorm = 35.1993, GNorm = 0.2123, lr_0 = 9.4226e-04
Loss = 2.1066e-03, PNorm = 35.2023, GNorm = 0.4194, lr_0 = 9.3996e-04
Loss = 1.5860e-03, PNorm = 35.2045, GNorm = 0.1171, lr_0 = 9.3766e-04
Loss = 2.1323e-03, PNorm = 35.2061, GNorm = 0.3483, lr_0 = 9.3537e-04
Loss = 2.4646e-03, PNorm = 35.2078, GNorm = 0.4269, lr_0 = 9.3308e-04
Loss = 2.2118e-03, PNorm = 35.2093, GNorm = 0.6978, lr_0 = 9.3080e-04
Loss = 4.9909e-03, PNorm = 35.2094, GNorm = 1.3516, lr_0 = 9.3057e-04
Validation mae = nan
Epoch 5
Loss = 5.8566e-03, PNorm = 35.2109, GNorm = 1.0871, lr_0 = 9.2830e-04
Loss = 4.9278e-03, PNorm = 35.2128, GNorm = 0.2274, lr_0 = 9.2603e-04
Loss = 4.5162e-03, PNorm = 35.2152, GNorm = 0.6245, lr_0 = 9.2376e-04
Loss = 3.2571e-03, PNorm = 35.2177, GNorm = 0.3317, lr_0 = 9.2151e-04
Loss = 2.3230e-03, PNorm = 35.2201, GNorm = 0.2716, lr_0 = 9.1925e-04
Loss = 1.8099e-03, PNorm = 35.2218, GNorm = 0.2605, lr_0 = 9.1701e-04
Loss = 1.7245e-03, PNorm = 35.2242, GNorm = 0.2038, lr_0 = 9.1476e-04
Loss = 1.7767e-03, PNorm = 35.2261, GNorm = 0.3007, lr_0 = 9.1253e-04
Loss = 1.4124e-03, PNorm = 35.2288, GNorm = 0.3193, lr_0 = 9.1030e-04
Validation mae = nan
Epoch 6
Loss = 1.7986e-03, PNorm = 35.2312, GNorm = 0.3185, lr_0 = 9.0785e-04
Loss = 1.2768e-03, PNorm = 35.2332, GNorm = 0.1852, lr_0 = 9.0563e-04
Loss = 1.2664e-03, PNorm = 35.2349, GNorm = 0.1244, lr_0 = 9.0342e-04
Loss = 1.4184e-03, PNorm = 35.2365, GNorm = 0.4066, lr_0 = 9.0121e-04
Loss = 1.0922e-03, PNorm = 35.2383, GNorm = 0.3015, lr_0 = 8.9901e-04
Loss = 1.4947e-03, PNorm = 35.2406, GNorm = 0.3303, lr_0 = 8.9681e-04
Loss = 1.5705e-03, PNorm = 35.2427, GNorm = 0.4858, lr_0 = 8.9462e-04
Loss = 2.0461e-03, PNorm = 35.2443, GNorm = 0.4658, lr_0 = 8.9243e-04
Loss = 1.5365e-03, PNorm = 35.2460, GNorm = 0.0651, lr_0 = 8.9025e-04
Loss = 1.8583e-03, PNorm = 35.2475, GNorm = 0.2600, lr_0 = 8.8807e-04
Validation mae = nan
Epoch 7
Loss = 2.0969e-03, PNorm = 35.2487, GNorm = 0.0994, lr_0 = 8.8568e-04
Loss = 1.7940e-03, PNorm = 35.2506, GNorm = 0.1561, lr_0 = 8.8352e-04
Loss = 1.1926e-03, PNorm = 35.2529, GNorm = 0.2223, lr_0 = 8.8136e-04
Loss = 1.6522e-03, PNorm = 35.2557, GNorm = 0.1999, lr_0 = 8.7920e-04
Loss = 1.5202e-03, PNorm = 35.2566, GNorm = 0.1874, lr_0 = 8.7706e-04
Loss = 1.1016e-03, PNorm = 35.2580, GNorm = 0.1492, lr_0 = 8.7491e-04
Loss = 1.4006e-03, PNorm = 35.2595, GNorm = 0.2179, lr_0 = 8.7277e-04
Loss = 9.2013e-04, PNorm = 35.2613, GNorm = 0.1668, lr_0 = 8.7064e-04
Loss = 8.6629e-04, PNorm = 35.2630, GNorm = 0.1740, lr_0 = 8.6851e-04
Validation mae = nan
Epoch 8
Loss = 2.1953e-03, PNorm = 35.2648, GNorm = 0.5258, lr_0 = 8.6618e-04
Loss = 1.9741e-03, PNorm = 35.2657, GNorm = 0.3576, lr_0 = 8.6406e-04
Loss = 1.9177e-03, PNorm = 35.2671, GNorm = 0.2816, lr_0 = 8.6195e-04
Loss = 1.6973e-03, PNorm = 35.2692, GNorm = 0.2342, lr_0 = 8.5984e-04
Loss = 1.6594e-03, PNorm = 35.2704, GNorm = 0.2955, lr_0 = 8.5774e-04
Loss = 1.8437e-03, PNorm = 35.2711, GNorm = 0.5302, lr_0 = 8.5564e-04
Loss = 1.4809e-03, PNorm = 35.2729, GNorm = 0.2209, lr_0 = 8.5355e-04
Loss = 1.0568e-03, PNorm = 35.2747, GNorm = 0.2416, lr_0 = 8.5146e-04
Loss = 1.2398e-03, PNorm = 35.2767, GNorm = 0.1083, lr_0 = 8.4938e-04
Loss = 1.2677e-03, PNorm = 35.2789, GNorm = 0.2520, lr_0 = 8.4731e-04
Validation mae = nan
Epoch 9
Loss = 1.2073e-03, PNorm = 35.2806, GNorm = 0.1426, lr_0 = 8.4503e-04
Loss = 1.1440e-03, PNorm = 35.2818, GNorm = 0.3244, lr_0 = 8.4296e-04
Loss = 1.4199e-03, PNorm = 35.2830, GNorm = 0.2989, lr_0 = 8.4090e-04
Loss = 1.0715e-03, PNorm = 35.2835, GNorm = 0.2386, lr_0 = 8.3885e-04
Loss = 1.0084e-03, PNorm = 35.2850, GNorm = 0.2530, lr_0 = 8.3679e-04
Loss = 9.4124e-04, PNorm = 35.2857, GNorm = 0.2553, lr_0 = 8.3475e-04
Loss = 1.0028e-03, PNorm = 35.2873, GNorm = 0.1602, lr_0 = 8.3271e-04
Loss = 8.5558e-04, PNorm = 35.2885, GNorm = 0.2127, lr_0 = 8.3067e-04
Loss = 7.9619e-04, PNorm = 35.2899, GNorm = 0.1768, lr_0 = 8.2864e-04
Loss = 8.7083e-04, PNorm = 35.2912, GNorm = 0.1276, lr_0 = 8.2662e-04
Loss = 1.3243e-05, PNorm = 35.2914, GNorm = 0.0412, lr_0 = 8.2641e-04
Validation mae = nan
Epoch 10
Loss = 1.3858e-03, PNorm = 35.2928, GNorm = 0.2304, lr_0 = 8.2439e-04
Loss = 1.7901e-03, PNorm = 35.2938, GNorm = 0.4332, lr_0 = 8.2238e-04
Loss = 9.5124e-04, PNorm = 35.2957, GNorm = 0.1744, lr_0 = 8.2037e-04
Loss = 7.6909e-04, PNorm = 35.2977, GNorm = 0.3302, lr_0 = 8.1836e-04
Loss = 9.1566e-04, PNorm = 35.3002, GNorm = 0.3706, lr_0 = 8.1636e-04
Loss = 7.5119e-04, PNorm = 35.3013, GNorm = 0.2053, lr_0 = 8.1437e-04
Loss = 1.4895e-03, PNorm = 35.3025, GNorm = 0.7833, lr_0 = 8.1238e-04
Loss = 1.3648e-03, PNorm = 35.3040, GNorm = 0.1421, lr_0 = 8.1039e-04
Loss = 1.0656e-03, PNorm = 35.3049, GNorm = 0.2658, lr_0 = 8.0841e-04
Validation mae = nan
Epoch 11
Loss = 1.7045e-03, PNorm = 35.3072, GNorm = 0.1829, lr_0 = 8.0624e-04
Loss = 2.5799e-03, PNorm = 35.3079, GNorm = 0.1939, lr_0 = 8.0427e-04
Loss = 1.6095e-03, PNorm = 35.3090, GNorm = 0.4348, lr_0 = 8.0230e-04
Loss = 1.0311e-03, PNorm = 35.3116, GNorm = 0.1556, lr_0 = 8.0034e-04
Loss = 1.2531e-03, PNorm = 35.3140, GNorm = 0.3174, lr_0 = 7.9838e-04
Loss = 1.1746e-03, PNorm = 35.3156, GNorm = 0.3402, lr_0 = 7.9643e-04
Loss = 1.4760e-03, PNorm = 35.3166, GNorm = 0.1660, lr_0 = 7.9448e-04
Loss = 1.0507e-03, PNorm = 35.3184, GNorm = 0.3145, lr_0 = 7.9254e-04
Loss = 1.0338e-03, PNorm = 35.3197, GNorm = 0.1077, lr_0 = 7.9060e-04
Loss = 7.8674e-04, PNorm = 35.3212, GNorm = 0.1082, lr_0 = 7.8867e-04
Validation mae = nan
Epoch 12
Loss = 9.7973e-04, PNorm = 35.3229, GNorm = 0.2860, lr_0 = 7.8655e-04
Loss = 1.0952e-03, PNorm = 35.3236, GNorm = 0.1748, lr_0 = 7.8463e-04
Loss = 1.6485e-03, PNorm = 35.3261, GNorm = 0.6898, lr_0 = 7.8271e-04
Loss = 1.3901e-03, PNorm = 35.3281, GNorm = 0.4766, lr_0 = 7.8080e-04
Loss = 9.6428e-04, PNorm = 35.3291, GNorm = 0.1650, lr_0 = 7.7889e-04
Loss = 1.0072e-03, PNorm = 35.3305, GNorm = 0.0745, lr_0 = 7.7698e-04
Loss = 8.8692e-04, PNorm = 35.3317, GNorm = 0.1679, lr_0 = 7.7509e-04
Loss = 8.1611e-04, PNorm = 35.3329, GNorm = 0.1194, lr_0 = 7.7319e-04
Loss = 1.1415e-03, PNorm = 35.3330, GNorm = 0.2606, lr_0 = 7.7130e-04
Validation mae = nan
Epoch 13
Loss = 3.7155e-03, PNorm = 35.3347, GNorm = 0.4610, lr_0 = 7.6923e-04
Loss = 2.8617e-03, PNorm = 35.3376, GNorm = 0.2863, lr_0 = 7.6735e-04
Loss = 3.4647e-03, PNorm = 35.3399, GNorm = 0.1613, lr_0 = 7.6547e-04
Loss = 2.3387e-03, PNorm = 35.3419, GNorm = 0.1763, lr_0 = 7.6360e-04
Loss = 2.1072e-03, PNorm = 35.3441, GNorm = 0.4564, lr_0 = 7.6173e-04
Loss = 1.7805e-03, PNorm = 35.3451, GNorm = 0.3593, lr_0 = 7.5987e-04
Loss = 1.3656e-03, PNorm = 35.3467, GNorm = 0.3083, lr_0 = 7.5801e-04
Loss = 1.8446e-03, PNorm = 35.3476, GNorm = 0.5691, lr_0 = 7.5616e-04
Loss = 2.9466e-03, PNorm = 35.3485, GNorm = 0.3576, lr_0 = 7.5431e-04
Loss = 1.6260e-03, PNorm = 35.3499, GNorm = 0.3757, lr_0 = 7.5247e-04
Validation mae = nan
Epoch 14
Loss = 1.1403e-03, PNorm = 35.3514, GNorm = 0.3407, lr_0 = 7.5045e-04
Loss = 1.7216e-03, PNorm = 35.3527, GNorm = 0.3301, lr_0 = 7.4861e-04
Loss = 1.5739e-03, PNorm = 35.3541, GNorm = 0.2888, lr_0 = 7.4678e-04
Loss = 1.0149e-03, PNorm = 35.3564, GNorm = 0.0437, lr_0 = 7.4496e-04
Loss = 1.1923e-03, PNorm = 35.3573, GNorm = 0.1658, lr_0 = 7.4313e-04
Loss = 7.4558e-04, PNorm = 35.3585, GNorm = 0.1225, lr_0 = 7.4132e-04
Loss = 8.6469e-04, PNorm = 35.3593, GNorm = 0.1027, lr_0 = 7.3951e-04
Loss = 6.1790e-04, PNorm = 35.3605, GNorm = 0.0957, lr_0 = 7.3770e-04
Loss = 7.0677e-04, PNorm = 35.3609, GNorm = 0.1671, lr_0 = 7.3589e-04
Loss = 6.9892e-04, PNorm = 35.3622, GNorm = 0.1357, lr_0 = 7.3410e-04
Loss = 8.9178e-04, PNorm = 35.3621, GNorm = 0.4599, lr_0 = 7.3392e-04
Validation mae = nan
Epoch 15
Loss = 1.0190e-03, PNorm = 35.3624, GNorm = 0.0797, lr_0 = 7.3212e-04
Loss = 8.9128e-04, PNorm = 35.3642, GNorm = 0.2525, lr_0 = 7.3033e-04
Loss = 5.9233e-04, PNorm = 35.3648, GNorm = 0.1025, lr_0 = 7.2855e-04
Loss = 6.0420e-04, PNorm = 35.3662, GNorm = 0.1303, lr_0 = 7.2677e-04
Loss = 7.3325e-04, PNorm = 35.3675, GNorm = 0.1442, lr_0 = 7.2499e-04
Loss = 6.7848e-04, PNorm = 35.3681, GNorm = 0.1780, lr_0 = 7.2322e-04
Loss = 5.0423e-04, PNorm = 35.3684, GNorm = 0.1488, lr_0 = 7.2145e-04
Loss = 1.0031e-03, PNorm = 35.3692, GNorm = 0.3051, lr_0 = 7.1969e-04
Loss = 1.2076e-03, PNorm = 35.3698, GNorm = 0.2847, lr_0 = 7.1793e-04
Validation mae = nan
Epoch 16
Loss = 9.8650e-04, PNorm = 35.3712, GNorm = 0.4090, lr_0 = 7.1600e-04
Loss = 1.0248e-03, PNorm = 35.3723, GNorm = 0.1540, lr_0 = 7.1425e-04
Loss = 9.3219e-04, PNorm = 35.3739, GNorm = 0.2230, lr_0 = 7.1250e-04
Loss = 7.8680e-04, PNorm = 35.3755, GNorm = 0.2713, lr_0 = 7.1076e-04
Loss = 5.9911e-04, PNorm = 35.3770, GNorm = 0.2354, lr_0 = 7.0902e-04
Loss = 6.0318e-04, PNorm = 35.3777, GNorm = 0.1311, lr_0 = 7.0729e-04
Loss = 8.3242e-04, PNorm = 35.3779, GNorm = 0.1473, lr_0 = 7.0556e-04
Loss = 6.0847e-04, PNorm = 35.3792, GNorm = 0.1295, lr_0 = 7.0383e-04
Loss = 5.2018e-04, PNorm = 35.3802, GNorm = 0.1506, lr_0 = 7.0211e-04
Loss = 4.7563e-04, PNorm = 35.3815, GNorm = 0.1456, lr_0 = 7.0040e-04
Validation mae = nan
Epoch 17
Loss = 4.4781e-04, PNorm = 35.3825, GNorm = 0.0831, lr_0 = 6.9851e-04
Loss = 3.9013e-04, PNorm = 35.3837, GNorm = 0.1388, lr_0 = 6.9681e-04
Loss = 6.8211e-04, PNorm = 35.3844, GNorm = 0.1766, lr_0 = 6.9510e-04
Loss = 9.3565e-04, PNorm = 35.3852, GNorm = 0.3572, lr_0 = 6.9340e-04
Loss = 7.5755e-04, PNorm = 35.3861, GNorm = 0.1364, lr_0 = 6.9171e-04
Loss = 8.0562e-04, PNorm = 35.3876, GNorm = 0.2064, lr_0 = 6.9002e-04
Loss = 7.6666e-04, PNorm = 35.3888, GNorm = 0.2927, lr_0 = 6.8833e-04
Loss = 9.5736e-04, PNorm = 35.3888, GNorm = 0.2450, lr_0 = 6.8665e-04
Loss = 6.2272e-04, PNorm = 35.3894, GNorm = 0.0695, lr_0 = 6.8497e-04
Validation mae = nan
Epoch 18
Loss = 4.4355e-04, PNorm = 35.3905, GNorm = 0.0581, lr_0 = 6.8313e-04
Loss = 5.2517e-04, PNorm = 35.3915, GNorm = 0.1727, lr_0 = 6.8146e-04
Loss = 5.5576e-04, PNorm = 35.3926, GNorm = 0.2433, lr_0 = 6.7979e-04
Loss = 1.0302e-03, PNorm = 35.3934, GNorm = 0.6426, lr_0 = 6.7813e-04
Loss = 1.2187e-03, PNorm = 35.3945, GNorm = 0.1253, lr_0 = 6.7647e-04
Loss = 8.7983e-04, PNorm = 35.3950, GNorm = 0.2359, lr_0 = 6.7482e-04
Loss = 5.1046e-04, PNorm = 35.3968, GNorm = 0.0950, lr_0 = 6.7317e-04
Loss = 8.1113e-04, PNorm = 35.3984, GNorm = 0.1132, lr_0 = 6.7152e-04
Loss = 5.4817e-04, PNorm = 35.3996, GNorm = 0.0904, lr_0 = 6.6988e-04
Loss = 6.7399e-04, PNorm = 35.4005, GNorm = 0.1136, lr_0 = 6.6825e-04
Validation mae = nan
Epoch 19
Loss = 5.9964e-04, PNorm = 35.4019, GNorm = 0.1414, lr_0 = 6.6645e-04
Loss = 5.0077e-04, PNorm = 35.4044, GNorm = 0.1822, lr_0 = 6.6482e-04
Loss = 5.1297e-04, PNorm = 35.4065, GNorm = 0.1998, lr_0 = 6.6319e-04
Loss = 5.8067e-04, PNorm = 35.4073, GNorm = 0.1147, lr_0 = 6.6157e-04
Loss = 7.2945e-04, PNorm = 35.4089, GNorm = 0.1694, lr_0 = 6.5996e-04
Loss = 1.0470e-03, PNorm = 35.4101, GNorm = 0.2737, lr_0 = 6.5834e-04
Loss = 6.9015e-04, PNorm = 35.4112, GNorm = 0.2143, lr_0 = 6.5673e-04
Loss = 7.3187e-04, PNorm = 35.4119, GNorm = 0.2041, lr_0 = 6.5513e-04
Loss = 8.2861e-04, PNorm = 35.4123, GNorm = 0.2641, lr_0 = 6.5353e-04
Loss = 1.1801e-03, PNorm = 35.4134, GNorm = 0.3314, lr_0 = 6.5193e-04
Loss = 1.5552e-04, PNorm = 35.4135, GNorm = 0.2206, lr_0 = 6.5177e-04
Validation mae = nan
Epoch 20
Loss = 1.0031e-03, PNorm = 35.4148, GNorm = 0.2355, lr_0 = 6.5018e-04
Loss = 6.1658e-04, PNorm = 35.4169, GNorm = 0.0991, lr_0 = 6.4859e-04
Loss = 1.1756e-03, PNorm = 35.4187, GNorm = 0.1176, lr_0 = 6.4700e-04
Loss = 7.8721e-04, PNorm = 35.4200, GNorm = 0.2195, lr_0 = 6.4542e-04
Loss = 7.1999e-04, PNorm = 35.4222, GNorm = 0.2883, lr_0 = 6.4384e-04
Loss = 6.8535e-04, PNorm = 35.4233, GNorm = 0.2529, lr_0 = 6.4227e-04
Loss = 5.6928e-04, PNorm = 35.4240, GNorm = 0.1112, lr_0 = 6.4070e-04
Loss = 6.9915e-04, PNorm = 35.4245, GNorm = 0.1122, lr_0 = 6.3913e-04
Loss = 5.9541e-04, PNorm = 35.4256, GNorm = 0.1392, lr_0 = 6.3757e-04
Validation mae = nan
Epoch 21
Loss = 6.2738e-04, PNorm = 35.4262, GNorm = 0.1621, lr_0 = 6.3586e-04
Loss = 8.7050e-04, PNorm = 35.4268, GNorm = 0.0967, lr_0 = 6.3430e-04
Loss = 6.2186e-04, PNorm = 35.4274, GNorm = 0.2633, lr_0 = 6.3275e-04
Loss = 4.9675e-04, PNorm = 35.4280, GNorm = 0.1951, lr_0 = 6.3120e-04
Loss = 7.2217e-04, PNorm = 35.4290, GNorm = 0.2118, lr_0 = 6.2966e-04
Loss = 7.3233e-04, PNorm = 35.4306, GNorm = 0.3245, lr_0 = 6.2812e-04
Loss = 7.5396e-04, PNorm = 35.4317, GNorm = 0.1440, lr_0 = 6.2659e-04
Loss = 9.0853e-04, PNorm = 35.4326, GNorm = 0.2392, lr_0 = 6.2506e-04
Loss = 1.0292e-03, PNorm = 35.4340, GNorm = 0.3532, lr_0 = 6.2353e-04
Loss = 9.7969e-04, PNorm = 35.4351, GNorm = 0.2234, lr_0 = 6.2200e-04
Validation mae = nan
Epoch 22
Loss = 6.6743e-04, PNorm = 35.4363, GNorm = 0.2027, lr_0 = 6.2033e-04
Loss = 7.4500e-04, PNorm = 35.4384, GNorm = 0.0822, lr_0 = 6.1881e-04
Loss = 6.4744e-04, PNorm = 35.4390, GNorm = 0.2265, lr_0 = 6.1730e-04
Loss = 7.5762e-04, PNorm = 35.4394, GNorm = 0.2487, lr_0 = 6.1579e-04
Loss = 5.9178e-04, PNorm = 35.4403, GNorm = 0.1017, lr_0 = 6.1429e-04
Loss = 5.1175e-04, PNorm = 35.4408, GNorm = 0.1250, lr_0 = 6.1279e-04
Loss = 4.8140e-04, PNorm = 35.4418, GNorm = 0.2025, lr_0 = 6.1129e-04
Loss = 4.3179e-04, PNorm = 35.4430, GNorm = 0.0457, lr_0 = 6.0979e-04
Loss = 7.4250e-04, PNorm = 35.4433, GNorm = 0.1061, lr_0 = 6.0830e-04
Validation mae = nan
Epoch 23
Loss = 9.3752e-03, PNorm = 35.4447, GNorm = 1.0283, lr_0 = 6.0667e-04
Loss = 6.9280e-03, PNorm = 35.4466, GNorm = 0.9535, lr_0 = 6.0518e-04
Loss = 4.0817e-03, PNorm = 35.4509, GNorm = 0.4264, lr_0 = 6.0371e-04
Loss = 2.5281e-03, PNorm = 35.4544, GNorm = 0.3447, lr_0 = 6.0223e-04
Loss = 1.4562e-03, PNorm = 35.4572, GNorm = 0.1415, lr_0 = 6.0076e-04
Loss = 1.2719e-03, PNorm = 35.4588, GNorm = 0.3088, lr_0 = 5.9929e-04
Loss = 1.5492e-03, PNorm = 35.4597, GNorm = 0.1500, lr_0 = 5.9782e-04
Loss = 8.3439e-04, PNorm = 35.4608, GNorm = 0.0619, lr_0 = 5.9636e-04
Loss = 5.8843e-04, PNorm = 35.4619, GNorm = 0.2244, lr_0 = 5.9490e-04
Loss = 5.2614e-04, PNorm = 35.4631, GNorm = 0.2012, lr_0 = 5.9345e-04
Validation mae = nan
Epoch 24
Loss = 5.6712e-04, PNorm = 35.4644, GNorm = 0.1610, lr_0 = 5.9185e-04
Loss = 4.1591e-04, PNorm = 35.4651, GNorm = 0.0812, lr_0 = 5.9041e-04
Loss = 4.0209e-04, PNorm = 35.4659, GNorm = 0.0477, lr_0 = 5.8896e-04
Loss = 3.1397e-04, PNorm = 35.4667, GNorm = 0.1665, lr_0 = 5.8753e-04
Loss = 3.3460e-04, PNorm = 35.4680, GNorm = 0.1143, lr_0 = 5.8609e-04
Loss = 4.7562e-04, PNorm = 35.4690, GNorm = 0.2298, lr_0 = 5.8466e-04
Loss = 3.4325e-04, PNorm = 35.4693, GNorm = 0.0759, lr_0 = 5.8323e-04
Loss = 5.6904e-04, PNorm = 35.4703, GNorm = 0.1932, lr_0 = 5.8180e-04
Loss = 6.6874e-04, PNorm = 35.4710, GNorm = 0.1838, lr_0 = 5.8038e-04
Loss = 5.4308e-04, PNorm = 35.4717, GNorm = 0.1176, lr_0 = 5.7896e-04
Validation mae = nan
Epoch 25
Loss = 6.4845e-04, PNorm = 35.4726, GNorm = 0.1161, lr_0 = 5.7755e-04
Loss = 5.1463e-04, PNorm = 35.4738, GNorm = 0.0977, lr_0 = 5.7613e-04
Loss = 4.6361e-04, PNorm = 35.4745, GNorm = 0.1751, lr_0 = 5.7472e-04
Loss = 4.9972e-04, PNorm = 35.4748, GNorm = 0.1326, lr_0 = 5.7332e-04
Loss = 5.4713e-04, PNorm = 35.4754, GNorm = 0.1632, lr_0 = 5.7192e-04
Loss = 5.8683e-04, PNorm = 35.4758, GNorm = 0.0676, lr_0 = 5.7052e-04
Loss = 6.6176e-04, PNorm = 35.4760, GNorm = 0.1182, lr_0 = 5.6913e-04
Loss = 5.0803e-04, PNorm = 35.4771, GNorm = 0.0681, lr_0 = 5.6773e-04
Loss = 5.0840e-04, PNorm = 35.4781, GNorm = 0.2376, lr_0 = 5.6635e-04
Validation mae = nan
Epoch 26
Loss = 2.7976e-03, PNorm = 35.4779, GNorm = 0.5043, lr_0 = 5.6482e-04
Loss = 1.9522e-03, PNorm = 35.4775, GNorm = 0.5003, lr_0 = 5.6344e-04
Loss = 1.0262e-03, PNorm = 35.4789, GNorm = 0.1897, lr_0 = 5.6207e-04
Loss = 1.0315e-03, PNorm = 35.4807, GNorm = 0.1424, lr_0 = 5.6069e-04
Loss = 8.3355e-04, PNorm = 35.4820, GNorm = 0.3151, lr_0 = 5.5932e-04
Loss = 8.4563e-04, PNorm = 35.4828, GNorm = 0.3272, lr_0 = 5.5795e-04
Loss = 6.0740e-04, PNorm = 35.4835, GNorm = 0.0884, lr_0 = 5.5659e-04
Loss = 4.8429e-04, PNorm = 35.4842, GNorm = 0.1413, lr_0 = 5.5523e-04
Loss = 4.2145e-04, PNorm = 35.4856, GNorm = 0.0796, lr_0 = 5.5387e-04
Loss = 3.5714e-04, PNorm = 35.4874, GNorm = 0.1587, lr_0 = 5.5252e-04
Validation mae = nan
Epoch 27
Loss = 4.1308e-04, PNorm = 35.4882, GNorm = 0.1039, lr_0 = 5.5103e-04
Loss = 4.4641e-04, PNorm = 35.4893, GNorm = 0.0608, lr_0 = 5.4969e-04
Loss = 7.4376e-04, PNorm = 35.4905, GNorm = 0.1580, lr_0 = 5.4834e-04
Loss = 4.4612e-04, PNorm = 35.4920, GNorm = 0.0953, lr_0 = 5.4700e-04
Loss = 5.4609e-04, PNorm = 35.4933, GNorm = 0.1033, lr_0 = 5.4566e-04
Loss = 4.2236e-04, PNorm = 35.4945, GNorm = 0.1542, lr_0 = 5.4433e-04
Loss = 5.3622e-04, PNorm = 35.4960, GNorm = 0.2488, lr_0 = 5.4300e-04
Loss = 5.7126e-04, PNorm = 35.4972, GNorm = 0.2068, lr_0 = 5.4167e-04
Loss = 6.5511e-04, PNorm = 35.4982, GNorm = 0.1851, lr_0 = 5.4035e-04
Validation mae = nan
Epoch 28
Loss = 9.6660e-04, PNorm = 35.4995, GNorm = 0.2545, lr_0 = 5.3890e-04
Loss = 8.0099e-04, PNorm = 35.5002, GNorm = 0.1271, lr_0 = 5.3758e-04
Loss = 7.1224e-04, PNorm = 35.5002, GNorm = 0.1907, lr_0 = 5.3626e-04
Loss = 3.9077e-04, PNorm = 35.5012, GNorm = 0.0676, lr_0 = 5.3495e-04
Loss = 5.0279e-04, PNorm = 35.5023, GNorm = 0.0878, lr_0 = 5.3365e-04
Loss = 6.1679e-04, PNorm = 35.5032, GNorm = 0.2139, lr_0 = 5.3234e-04
Loss = 5.0290e-04, PNorm = 35.5045, GNorm = 0.1538, lr_0 = 5.3104e-04
Loss = 4.1711e-04, PNorm = 35.5052, GNorm = 0.0632, lr_0 = 5.2974e-04
Loss = 3.7184e-04, PNorm = 35.5059, GNorm = 0.0866, lr_0 = 5.2845e-04
Loss = 4.2799e-04, PNorm = 35.5067, GNorm = 0.1164, lr_0 = 5.2716e-04
Validation mae = nan
Epoch 29
Loss = 1.0139e-03, PNorm = 35.5074, GNorm = 0.2540, lr_0 = 5.2574e-04
Loss = 5.9754e-04, PNorm = 35.5087, GNorm = 0.1796, lr_0 = 5.2445e-04
Loss = 5.2084e-04, PNorm = 35.5094, GNorm = 0.1307, lr_0 = 5.2317e-04
Loss = 4.9508e-04, PNorm = 35.5099, GNorm = 0.1993, lr_0 = 5.2189e-04
Loss = 7.0495e-04, PNorm = 35.5110, GNorm = 0.2107, lr_0 = 5.2062e-04
Loss = 5.1492e-04, PNorm = 35.5117, GNorm = 0.1722, lr_0 = 5.1934e-04
Loss = 4.0219e-04, PNorm = 35.5127, GNorm = 0.1823, lr_0 = 5.1807e-04
Loss = 5.1126e-04, PNorm = 35.5134, GNorm = 0.3623, lr_0 = 5.1681e-04
Loss = 5.8743e-04, PNorm = 35.5148, GNorm = 0.1226, lr_0 = 5.1554e-04
Loss = 5.2557e-04, PNorm = 35.5158, GNorm = 0.1108, lr_0 = 5.1428e-04
Validation mae = nan
Epoch 30
Loss = 9.6090e-04, PNorm = 35.5164, GNorm = 0.1475, lr_0 = 5.1290e-04
Loss = 5.6424e-04, PNorm = 35.5177, GNorm = 0.1336, lr_0 = 5.1165e-04
Loss = 3.2252e-04, PNorm = 35.5185, GNorm = 0.0959, lr_0 = 5.1040e-04
Loss = 4.3322e-04, PNorm = 35.5195, GNorm = 0.2003, lr_0 = 5.0915e-04
Loss = 5.2118e-04, PNorm = 35.5208, GNorm = 0.1066, lr_0 = 5.0790e-04
Loss = 4.5753e-04, PNorm = 35.5215, GNorm = 0.0940, lr_0 = 5.0666e-04
Loss = 4.5296e-04, PNorm = 35.5221, GNorm = 0.0500, lr_0 = 5.0542e-04
Loss = 3.4773e-04, PNorm = 35.5232, GNorm = 0.0539, lr_0 = 5.0419e-04
Loss = 3.7357e-04, PNorm = 35.5245, GNorm = 0.0619, lr_0 = 5.0296e-04
Validation mae = nan
Epoch 31
Loss = 3.2789e-04, PNorm = 35.5256, GNorm = 0.0963, lr_0 = 5.0160e-04
Loss = 4.7584e-04, PNorm = 35.5271, GNorm = 0.1136, lr_0 = 5.0038e-04
Loss = 4.7649e-04, PNorm = 35.5276, GNorm = 0.1425, lr_0 = 4.9916e-04
Loss = 4.3167e-04, PNorm = 35.5284, GNorm = 0.1695, lr_0 = 4.9793e-04
Loss = 4.8806e-04, PNorm = 35.5288, GNorm = 0.0857, lr_0 = 4.9672e-04
Loss = 3.8596e-04, PNorm = 35.5300, GNorm = 0.1006, lr_0 = 4.9550e-04
Loss = 2.9930e-04, PNorm = 35.5310, GNorm = 0.1369, lr_0 = 4.9429e-04
Loss = 3.8109e-04, PNorm = 35.5312, GNorm = 0.1499, lr_0 = 4.9308e-04
Loss = 3.4027e-04, PNorm = 35.5319, GNorm = 0.0290, lr_0 = 4.9188e-04
Loss = 5.9433e-04, PNorm = 35.5335, GNorm = 0.1122, lr_0 = 4.9068e-04
Validation mae = nan
Epoch 32
Loss = 3.1973e-04, PNorm = 35.5353, GNorm = 0.0425, lr_0 = 4.8936e-04
Loss = 3.0313e-04, PNorm = 35.5363, GNorm = 0.0695, lr_0 = 4.8816e-04
Loss = 4.1386e-04, PNorm = 35.5371, GNorm = 0.1721, lr_0 = 4.8697e-04
Loss = 4.4518e-04, PNorm = 35.5383, GNorm = 0.1643, lr_0 = 4.8578e-04
Loss = 4.8554e-04, PNorm = 35.5392, GNorm = 0.0934, lr_0 = 4.8459e-04
Loss = 3.4803e-04, PNorm = 35.5395, GNorm = 0.1938, lr_0 = 4.8341e-04
Loss = 4.1950e-04, PNorm = 35.5407, GNorm = 0.1624, lr_0 = 4.8222e-04
Loss = 8.4223e-04, PNorm = 35.5408, GNorm = 0.2009, lr_0 = 4.8104e-04
Loss = 6.2048e-04, PNorm = 35.5416, GNorm = 0.0338, lr_0 = 4.7987e-04
Validation mae = nan
Epoch 33
Loss = 3.0983e-04, PNorm = 35.5429, GNorm = 0.0935, lr_0 = 4.7858e-04
Loss = 3.0228e-04, PNorm = 35.5434, GNorm = 0.1502, lr_0 = 4.7741e-04
Loss = 4.4478e-04, PNorm = 35.5444, GNorm = 0.1069, lr_0 = 4.7624e-04
Loss = 6.5038e-04, PNorm = 35.5456, GNorm = 0.2765, lr_0 = 4.7508e-04
Loss = 6.5141e-04, PNorm = 35.5467, GNorm = 0.3456, lr_0 = 4.7392e-04
Loss = 6.8230e-04, PNorm = 35.5476, GNorm = 0.1635, lr_0 = 4.7276e-04
Loss = 3.6501e-04, PNorm = 35.5488, GNorm = 0.1420, lr_0 = 4.7160e-04
Loss = 4.1377e-04, PNorm = 35.5504, GNorm = 0.1276, lr_0 = 4.7045e-04
Loss = 3.6610e-04, PNorm = 35.5513, GNorm = 0.1787, lr_0 = 4.6930e-04
Loss = 4.0666e-04, PNorm = 35.5515, GNorm = 0.0865, lr_0 = 4.6815e-04
Validation mae = nan
Epoch 34
Loss = 4.7229e-04, PNorm = 35.5532, GNorm = 0.0790, lr_0 = 4.6689e-04
Loss = 6.3518e-04, PNorm = 35.5544, GNorm = 0.1571, lr_0 = 4.6575e-04
Loss = 3.9324e-04, PNorm = 35.5547, GNorm = 0.0891, lr_0 = 4.6461e-04
Loss = 4.4955e-04, PNorm = 35.5558, GNorm = 0.1637, lr_0 = 4.6348e-04
Loss = 3.3964e-04, PNorm = 35.5568, GNorm = 0.1248, lr_0 = 4.6234e-04
Loss = 2.1557e-04, PNorm = 35.5577, GNorm = 0.0604, lr_0 = 4.6121e-04
Loss = 2.5193e-04, PNorm = 35.5589, GNorm = 0.1117, lr_0 = 4.6009e-04
Loss = 3.6048e-04, PNorm = 35.5601, GNorm = 0.2384, lr_0 = 4.5896e-04
Loss = 4.2237e-04, PNorm = 35.5606, GNorm = 0.1664, lr_0 = 4.5784e-04
Loss = 3.8786e-04, PNorm = 35.5609, GNorm = 0.1505, lr_0 = 4.5672e-04
Validation mae = nan
Epoch 35
Loss = 6.3591e-04, PNorm = 35.5615, GNorm = 0.1896, lr_0 = 4.5549e-04
Loss = 3.6782e-04, PNorm = 35.5631, GNorm = 0.1169, lr_0 = 4.5438e-04
Loss = 4.2105e-04, PNorm = 35.5646, GNorm = 0.0633, lr_0 = 4.5327e-04
Loss = 4.1118e-04, PNorm = 35.5657, GNorm = 0.1599, lr_0 = 4.5216e-04
Loss = 4.2321e-04, PNorm = 35.5665, GNorm = 0.1960, lr_0 = 4.5106e-04
Loss = 4.7432e-04, PNorm = 35.5672, GNorm = 0.1021, lr_0 = 4.4995e-04
Loss = 4.3910e-04, PNorm = 35.5680, GNorm = 0.0622, lr_0 = 4.4885e-04
Loss = 5.8069e-04, PNorm = 35.5687, GNorm = 0.3021, lr_0 = 4.4776e-04
Loss = 7.7606e-04, PNorm = 35.5704, GNorm = 0.1326, lr_0 = 4.4666e-04
Validation mae = nan
Epoch 36
Loss = 8.9444e-04, PNorm = 35.5720, GNorm = 0.0888, lr_0 = 4.4546e-04
Loss = 7.1173e-04, PNorm = 35.5729, GNorm = 0.1459, lr_0 = 4.4437e-04
Loss = 4.9691e-04, PNorm = 35.5745, GNorm = 0.2010, lr_0 = 4.4329e-04
Loss = 4.1485e-04, PNorm = 35.5748, GNorm = 0.1571, lr_0 = 4.4220e-04
Loss = 4.9338e-04, PNorm = 35.5752, GNorm = 0.1098, lr_0 = 4.4112e-04
Loss = 4.1428e-04, PNorm = 35.5762, GNorm = 0.0814, lr_0 = 4.4004e-04
Loss = 4.9078e-04, PNorm = 35.5771, GNorm = 0.2047, lr_0 = 4.3897e-04
Loss = 4.5231e-04, PNorm = 35.5778, GNorm = 0.2457, lr_0 = 4.3789e-04
Loss = 3.9051e-04, PNorm = 35.5783, GNorm = 0.0839, lr_0 = 4.3682e-04
Loss = 4.0766e-04, PNorm = 35.5791, GNorm = 0.1198, lr_0 = 4.3576e-04
Validation mae = nan
Epoch 37
Loss = 1.2103e-03, PNorm = 35.5801, GNorm = 0.2890, lr_0 = 4.3458e-04
Loss = 1.1226e-03, PNorm = 35.5811, GNorm = 0.3394, lr_0 = 4.3352e-04
Loss = 1.4436e-03, PNorm = 35.5819, GNorm = 0.3732, lr_0 = 4.3246e-04
Loss = 1.3529e-03, PNorm = 35.5842, GNorm = 0.4738, lr_0 = 4.3141e-04
Loss = 1.2096e-03, PNorm = 35.5849, GNorm = 0.4316, lr_0 = 4.3035e-04
Loss = 7.1932e-04, PNorm = 35.5861, GNorm = 0.1681, lr_0 = 4.2930e-04
Loss = 6.4500e-04, PNorm = 35.5876, GNorm = 0.2336, lr_0 = 4.2825e-04
Loss = 6.6056e-04, PNorm = 35.5891, GNorm = 0.1912, lr_0 = 4.2720e-04
Loss = 5.7949e-04, PNorm = 35.5902, GNorm = 0.2087, lr_0 = 4.2616e-04
Validation mae = nan
Epoch 38
Loss = 4.0164e-04, PNorm = 35.5912, GNorm = 0.0868, lr_0 = 4.2501e-04
Loss = 4.1538e-04, PNorm = 35.5922, GNorm = 0.0938, lr_0 = 4.2397e-04
Loss = 3.5590e-04, PNorm = 35.5931, GNorm = 0.0456, lr_0 = 4.2294e-04
Loss = 2.4929e-04, PNorm = 35.5942, GNorm = 0.0411, lr_0 = 4.2190e-04
Loss = 2.4272e-04, PNorm = 35.5948, GNorm = 0.1341, lr_0 = 4.2087e-04
Loss = 3.1485e-04, PNorm = 35.5960, GNorm = 0.1427, lr_0 = 4.1984e-04
Loss = 2.9440e-04, PNorm = 35.5970, GNorm = 0.1653, lr_0 = 4.1882e-04
Loss = 4.8595e-04, PNorm = 35.5977, GNorm = 0.0724, lr_0 = 4.1779e-04
Loss = 5.3388e-04, PNorm = 35.5984, GNorm = 0.1985, lr_0 = 4.1677e-04
Loss = 5.6641e-04, PNorm = 35.5988, GNorm = 0.0912, lr_0 = 4.1575e-04
Validation mae = nan
Epoch 39
Loss = 6.7983e-04, PNorm = 35.5998, GNorm = 0.1440, lr_0 = 4.1463e-04
Loss = 6.0702e-04, PNorm = 35.6002, GNorm = 0.2143, lr_0 = 4.1362e-04
Loss = 4.1115e-04, PNorm = 35.6010, GNorm = 0.1411, lr_0 = 4.1261e-04
Loss = 3.1008e-04, PNorm = 35.6016, GNorm = 0.0698, lr_0 = 4.1160e-04
Loss = 3.1707e-04, PNorm = 35.6025, GNorm = 0.1421, lr_0 = 4.1060e-04
Loss = 3.3541e-04, PNorm = 35.6035, GNorm = 0.1066, lr_0 = 4.0959e-04
Loss = 3.1196e-04, PNorm = 35.6041, GNorm = 0.0948, lr_0 = 4.0859e-04
Loss = 3.3728e-04, PNorm = 35.6056, GNorm = 0.0399, lr_0 = 4.0759e-04
Loss = 2.3812e-04, PNorm = 35.6067, GNorm = 0.1276, lr_0 = 4.0660e-04
Loss = 2.7419e-04, PNorm = 35.6071, GNorm = 0.0574, lr_0 = 4.0560e-04
Validation mae = nan
Epoch 40
Loss = 2.8574e-04, PNorm = 35.6078, GNorm = 0.0562, lr_0 = 4.0451e-04
Loss = 2.7693e-04, PNorm = 35.6082, GNorm = 0.0942, lr_0 = 4.0352e-04
Loss = 2.3313e-04, PNorm = 35.6094, GNorm = 0.0649, lr_0 = 4.0254e-04
Loss = 2.5098e-04, PNorm = 35.6104, GNorm = 0.0575, lr_0 = 4.0155e-04
Loss = 2.7027e-04, PNorm = 35.6109, GNorm = 0.1068, lr_0 = 4.0057e-04
Loss = 2.6739e-04, PNorm = 35.6113, GNorm = 0.1841, lr_0 = 3.9959e-04
Loss = 2.5892e-04, PNorm = 35.6119, GNorm = 0.0665, lr_0 = 3.9861e-04
Loss = 2.4947e-04, PNorm = 35.6128, GNorm = 0.0946, lr_0 = 3.9764e-04
Loss = 2.3321e-04, PNorm = 35.6138, GNorm = 0.0561, lr_0 = 3.9667e-04
Validation mae = nan
Epoch 41
Loss = 1.6705e-04, PNorm = 35.6141, GNorm = 0.0709, lr_0 = 3.9560e-04
Loss = 2.5361e-04, PNorm = 35.6145, GNorm = 0.1920, lr_0 = 3.9463e-04
Loss = 2.3881e-04, PNorm = 35.6157, GNorm = 0.0586, lr_0 = 3.9367e-04
Loss = 1.9341e-04, PNorm = 35.6162, GNorm = 0.0962, lr_0 = 3.9271e-04
Loss = 2.1794e-04, PNorm = 35.6166, GNorm = 0.0476, lr_0 = 3.9175e-04
Loss = 2.3788e-04, PNorm = 35.6171, GNorm = 0.0630, lr_0 = 3.9079e-04
Loss = 3.2007e-04, PNorm = 35.6179, GNorm = 0.0633, lr_0 = 3.8983e-04
Loss = 3.9375e-04, PNorm = 35.6191, GNorm = 0.0888, lr_0 = 3.8888e-04
Loss = 3.4267e-04, PNorm = 35.6200, GNorm = 0.1115, lr_0 = 3.8793e-04
Loss = 2.2105e-04, PNorm = 35.6211, GNorm = 0.0718, lr_0 = 3.8698e-04
Validation mae = nan
Epoch 42
Loss = 4.1076e-04, PNorm = 35.6216, GNorm = 0.1793, lr_0 = 3.8594e-04
Loss = 3.9051e-04, PNorm = 35.6224, GNorm = 0.2181, lr_0 = 3.8500e-04
Loss = 4.7260e-04, PNorm = 35.6233, GNorm = 0.1080, lr_0 = 3.8406e-04
Loss = 3.1110e-04, PNorm = 35.6241, GNorm = 0.0788, lr_0 = 3.8312e-04
Loss = 2.4466e-04, PNorm = 35.6248, GNorm = 0.0820, lr_0 = 3.8218e-04
Loss = 2.2472e-04, PNorm = 35.6252, GNorm = 0.0653, lr_0 = 3.8125e-04
Loss = 2.9886e-04, PNorm = 35.6264, GNorm = 0.1420, lr_0 = 3.8032e-04
Loss = 2.4506e-04, PNorm = 35.6274, GNorm = 0.0819, lr_0 = 3.7939e-04
Loss = 3.4303e-04, PNorm = 35.6283, GNorm = 0.1518, lr_0 = 3.7846e-04
Validation mae = nan
Epoch 43
Loss = 2.8228e-03, PNorm = 35.6291, GNorm = 0.5511, lr_0 = 3.7744e-04
Loss = 2.2846e-03, PNorm = 35.6313, GNorm = 0.1356, lr_0 = 3.7652e-04
Loss = 2.1395e-03, PNorm = 35.6350, GNorm = 0.5124, lr_0 = 3.7560e-04
Loss = 8.8015e-04, PNorm = 35.6375, GNorm = 0.1250, lr_0 = 3.7468e-04
Loss = 6.2039e-04, PNorm = 35.6388, GNorm = 0.1812, lr_0 = 3.7376e-04
Loss = 7.4552e-04, PNorm = 35.6400, GNorm = 0.0965, lr_0 = 3.7285e-04
Loss = 7.3018e-04, PNorm = 35.6412, GNorm = 0.2371, lr_0 = 3.7194e-04
Loss = 3.5716e-04, PNorm = 35.6418, GNorm = 0.0632, lr_0 = 3.7103e-04
Loss = 4.4013e-04, PNorm = 35.6428, GNorm = 0.0892, lr_0 = 3.7012e-04
Loss = 3.3694e-04, PNorm = 35.6436, GNorm = 0.1824, lr_0 = 3.6922e-04
Validation mae = nan
Epoch 44
Loss = 1.5459e-03, PNorm = 35.6448, GNorm = 0.3990, lr_0 = 3.6823e-04
Loss = 1.0773e-03, PNorm = 35.6455, GNorm = 0.2077, lr_0 = 3.6733e-04
Loss = 7.0957e-04, PNorm = 35.6465, GNorm = 0.1653, lr_0 = 3.6643e-04
Loss = 5.3236e-04, PNorm = 35.6473, GNorm = 0.2035, lr_0 = 3.6553e-04
Loss = 5.5717e-04, PNorm = 35.6482, GNorm = 0.0722, lr_0 = 3.6464e-04
Loss = 7.3138e-04, PNorm = 35.6496, GNorm = 0.3065, lr_0 = 3.6375e-04
Loss = 3.8089e-04, PNorm = 35.6513, GNorm = 0.1637, lr_0 = 3.6286e-04
Loss = 4.1682e-04, PNorm = 35.6521, GNorm = 0.1320, lr_0 = 3.6197e-04
Loss = 3.9812e-04, PNorm = 35.6529, GNorm = 0.1421, lr_0 = 3.6109e-04
Loss = 3.1144e-04, PNorm = 35.6531, GNorm = 0.1327, lr_0 = 3.6020e-04
Validation mae = nan
Epoch 45
Loss = 2.3998e-04, PNorm = 35.6540, GNorm = 0.0611, lr_0 = 3.5923e-04
Loss = 3.4866e-04, PNorm = 35.6549, GNorm = 0.1260, lr_0 = 3.5836e-04
Loss = 2.9605e-04, PNorm = 35.6557, GNorm = 0.0919, lr_0 = 3.5748e-04
Loss = 3.4596e-04, PNorm = 35.6564, GNorm = 0.2499, lr_0 = 3.5661e-04
Loss = 3.4160e-04, PNorm = 35.6570, GNorm = 0.0881, lr_0 = 3.5574e-04
Loss = 4.7914e-04, PNorm = 35.6579, GNorm = 0.2195, lr_0 = 3.5487e-04
Loss = 4.4402e-04, PNorm = 35.6588, GNorm = 0.1080, lr_0 = 3.5400e-04
Loss = 4.7242e-04, PNorm = 35.6588, GNorm = 0.0835, lr_0 = 3.5313e-04
Loss = 4.2743e-04, PNorm = 35.6596, GNorm = 0.0588, lr_0 = 3.5227e-04
Validation mae = nan
Epoch 46
Loss = 6.7342e-04, PNorm = 35.6608, GNorm = 0.1783, lr_0 = 3.5132e-04
Loss = 5.7948e-04, PNorm = 35.6618, GNorm = 0.0747, lr_0 = 3.5046e-04
Loss = 3.7647e-04, PNorm = 35.6633, GNorm = 0.0991, lr_0 = 3.4961e-04
Loss = 3.2122e-04, PNorm = 35.6642, GNorm = 0.0571, lr_0 = 3.4875e-04
Loss = 2.6668e-04, PNorm = 35.6651, GNorm = 0.1611, lr_0 = 3.4790e-04
Loss = 3.1955e-04, PNorm = 35.6661, GNorm = 0.0884, lr_0 = 3.4705e-04
Loss = 4.6542e-04, PNorm = 35.6661, GNorm = 0.1626, lr_0 = 3.4620e-04
Loss = 5.4141e-04, PNorm = 35.6668, GNorm = 0.1216, lr_0 = 3.4535e-04
Loss = 2.6417e-04, PNorm = 35.6675, GNorm = 0.1462, lr_0 = 3.4451e-04
Loss = 1.5765e-04, PNorm = 35.6684, GNorm = 0.0653, lr_0 = 3.4367e-04
Validation mae = nan
Epoch 47
Loss = 1.6862e-04, PNorm = 35.6687, GNorm = 0.0432, lr_0 = 3.4274e-04
Loss = 2.6874e-04, PNorm = 35.6691, GNorm = 0.0927, lr_0 = 3.4191e-04
Loss = 1.4260e-04, PNorm = 35.6696, GNorm = 0.0746, lr_0 = 3.4107e-04
Loss = 2.5747e-04, PNorm = 35.6700, GNorm = 0.0584, lr_0 = 3.4024e-04
Loss = 2.2934e-04, PNorm = 35.6705, GNorm = 0.1445, lr_0 = 3.3941e-04
Loss = 2.8846e-04, PNorm = 35.6707, GNorm = 0.0658, lr_0 = 3.3858e-04
Loss = 2.9688e-04, PNorm = 35.6712, GNorm = 0.0896, lr_0 = 3.3775e-04
Loss = 4.0862e-04, PNorm = 35.6725, GNorm = 0.1339, lr_0 = 3.3692e-04
Loss = 2.6620e-04, PNorm = 35.6736, GNorm = 0.1403, lr_0 = 3.3610e-04
Validation mae = nan
Epoch 48
Loss = 2.7634e-04, PNorm = 35.6743, GNorm = 0.1197, lr_0 = 3.3520e-04
Loss = 4.5235e-04, PNorm = 35.6745, GNorm = 0.1365, lr_0 = 3.3438e-04
Loss = 2.1064e-04, PNorm = 35.6752, GNorm = 0.0545, lr_0 = 3.3356e-04
Loss = 2.4981e-04, PNorm = 35.6755, GNorm = 0.0798, lr_0 = 3.3274e-04
Loss = 1.3269e-04, PNorm = 35.6763, GNorm = 0.0581, lr_0 = 3.3193e-04
Loss = 1.7105e-04, PNorm = 35.6773, GNorm = 0.1382, lr_0 = 3.3112e-04
Loss = 1.7976e-04, PNorm = 35.6780, GNorm = 0.0316, lr_0 = 3.3031e-04
Loss = 2.0053e-04, PNorm = 35.6785, GNorm = 0.1338, lr_0 = 3.2950e-04
Loss = 2.5286e-04, PNorm = 35.6791, GNorm = 0.0486, lr_0 = 3.2870e-04
Loss = 2.5835e-04, PNorm = 35.6797, GNorm = 0.1117, lr_0 = 3.2789e-04
Validation mae = nan
Epoch 49
Loss = 7.7252e-04, PNorm = 35.6799, GNorm = 0.2120, lr_0 = 3.2701e-04
Loss = 6.6252e-04, PNorm = 35.6805, GNorm = 0.1167, lr_0 = 3.2621e-04
Loss = 5.1611e-04, PNorm = 35.6817, GNorm = 0.1926, lr_0 = 3.2541e-04
Loss = 2.5862e-04, PNorm = 35.6822, GNorm = 0.0917, lr_0 = 3.2462e-04
Loss = 2.6414e-04, PNorm = 35.6827, GNorm = 0.0879, lr_0 = 3.2382e-04
Loss = 3.8734e-04, PNorm = 35.6835, GNorm = 0.0417, lr_0 = 3.2303e-04
Loss = 2.0247e-04, PNorm = 35.6848, GNorm = 0.0950, lr_0 = 3.2224e-04
Loss = 1.7970e-04, PNorm = 35.6857, GNorm = 0.0376, lr_0 = 3.2146e-04
Loss = 2.3205e-04, PNorm = 35.6864, GNorm = 0.0937, lr_0 = 3.2067e-04
Loss = 2.5808e-04, PNorm = 35.6873, GNorm = 0.0762, lr_0 = 3.1989e-04
Validation mae = nan
Epoch 50
Loss = 3.0921e-04, PNorm = 35.6877, GNorm = 0.0404, lr_0 = 3.1910e-04
Loss = 1.8470e-04, PNorm = 35.6887, GNorm = 0.0747, lr_0 = 3.1832e-04
Loss = 3.1678e-04, PNorm = 35.6893, GNorm = 0.1412, lr_0 = 3.1755e-04
Loss = 2.2607e-04, PNorm = 35.6903, GNorm = 0.1090, lr_0 = 3.1677e-04
Loss = 1.7370e-04, PNorm = 35.6909, GNorm = 0.1108, lr_0 = 3.1600e-04
Loss = 2.5845e-04, PNorm = 35.6912, GNorm = 0.0727, lr_0 = 3.1522e-04
Loss = 3.7923e-04, PNorm = 35.6922, GNorm = 0.1455, lr_0 = 3.1445e-04
Loss = 4.0892e-04, PNorm = 35.6923, GNorm = 0.1229, lr_0 = 3.1368e-04
Loss = 3.4421e-04, PNorm = 35.6931, GNorm = 0.1905, lr_0 = 3.1292e-04
Validation mae = nan
Epoch 51
Loss = 3.3040e-04, PNorm = 35.6941, GNorm = 0.0792, lr_0 = 3.1208e-04
Loss = 2.9942e-04, PNorm = 35.6950, GNorm = 0.0907, lr_0 = 3.1131e-04
Loss = 2.9268e-04, PNorm = 35.6957, GNorm = 0.0729, lr_0 = 3.1055e-04
Loss = 1.9932e-04, PNorm = 35.6964, GNorm = 0.0381, lr_0 = 3.0979e-04
Loss = 1.3977e-04, PNorm = 35.6971, GNorm = 0.1234, lr_0 = 3.0904e-04
Loss = 2.1056e-04, PNorm = 35.6977, GNorm = 0.1117, lr_0 = 3.0828e-04
Loss = 1.8198e-04, PNorm = 35.6984, GNorm = 0.1072, lr_0 = 3.0753e-04
Loss = 2.3992e-04, PNorm = 35.6986, GNorm = 0.1488, lr_0 = 3.0677e-04
Loss = 2.8730e-04, PNorm = 35.6995, GNorm = 0.0626, lr_0 = 3.0602e-04
Loss = 2.6037e-04, PNorm = 35.7000, GNorm = 0.0759, lr_0 = 3.0528e-04
Validation mae = nan
Epoch 52
Loss = 2.6739e-04, PNorm = 35.7006, GNorm = 0.0928, lr_0 = 3.0446e-04
Loss = 2.9125e-04, PNorm = 35.7006, GNorm = 0.1076, lr_0 = 3.0371e-04
Loss = 1.9499e-04, PNorm = 35.7013, GNorm = 0.0528, lr_0 = 3.0297e-04
Loss = 2.2124e-04, PNorm = 35.7020, GNorm = 0.0611, lr_0 = 3.0223e-04
Loss = 1.9922e-04, PNorm = 35.7030, GNorm = 0.1254, lr_0 = 3.0149e-04
Loss = 2.3250e-04, PNorm = 35.7035, GNorm = 0.0927, lr_0 = 3.0075e-04
Loss = 2.6918e-04, PNorm = 35.7040, GNorm = 0.0958, lr_0 = 3.0002e-04
Loss = 2.0664e-04, PNorm = 35.7046, GNorm = 0.0349, lr_0 = 2.9928e-04
Loss = 2.3586e-04, PNorm = 35.7056, GNorm = 0.1196, lr_0 = 2.9855e-04
Loss = 1.8830e-04, PNorm = 35.7065, GNorm = 0.0893, lr_0 = 2.9782e-04
Loss = 1.1305e-04, PNorm = 35.7066, GNorm = 0.1422, lr_0 = 2.9775e-04
Validation mae = nan
Epoch 53
Loss = 3.1403e-04, PNorm = 35.7069, GNorm = 0.0891, lr_0 = 2.9702e-04
Loss = 2.1418e-04, PNorm = 35.7073, GNorm = 0.0954, lr_0 = 2.9630e-04
Loss = 2.3839e-04, PNorm = 35.7078, GNorm = 0.1557, lr_0 = 2.9557e-04
Loss = 2.1466e-04, PNorm = 35.7084, GNorm = 0.0957, lr_0 = 2.9485e-04
Loss = 2.0629e-04, PNorm = 35.7089, GNorm = 0.0726, lr_0 = 2.9413e-04
Loss = 2.6243e-04, PNorm = 35.7098, GNorm = 0.1185, lr_0 = 2.9341e-04
Loss = 3.1809e-04, PNorm = 35.7107, GNorm = 0.1260, lr_0 = 2.9269e-04
Loss = 2.6693e-04, PNorm = 35.7113, GNorm = 0.1073, lr_0 = 2.9198e-04
Loss = 1.9762e-04, PNorm = 35.7119, GNorm = 0.0737, lr_0 = 2.9126e-04
Validation mae = nan
Epoch 54
Loss = 2.6645e-04, PNorm = 35.7123, GNorm = 0.0674, lr_0 = 2.9048e-04
Loss = 2.1079e-04, PNorm = 35.7131, GNorm = 0.0322, lr_0 = 2.8977e-04
Loss = 2.0443e-04, PNorm = 35.7139, GNorm = 0.0940, lr_0 = 2.8906e-04
Loss = 2.1457e-04, PNorm = 35.7143, GNorm = 0.1731, lr_0 = 2.8836e-04
Loss = 2.0415e-04, PNorm = 35.7151, GNorm = 0.0435, lr_0 = 2.8765e-04
Loss = 2.2245e-04, PNorm = 35.7152, GNorm = 0.0588, lr_0 = 2.8695e-04
Loss = 1.4923e-04, PNorm = 35.7156, GNorm = 0.0717, lr_0 = 2.8625e-04
Loss = 1.7214e-04, PNorm = 35.7164, GNorm = 0.0336, lr_0 = 2.8555e-04
Loss = 1.2119e-04, PNorm = 35.7169, GNorm = 0.0714, lr_0 = 2.8485e-04
Loss = 1.4495e-04, PNorm = 35.7173, GNorm = 0.1199, lr_0 = 2.8415e-04
Validation mae = nan
Epoch 55
Loss = 3.0279e-04, PNorm = 35.7178, GNorm = 0.1571, lr_0 = 2.8339e-04
Loss = 2.8477e-04, PNorm = 35.7185, GNorm = 0.1428, lr_0 = 2.8269e-04
Loss = 2.4872e-04, PNorm = 35.7190, GNorm = 0.0447, lr_0 = 2.8200e-04
Loss = 2.5022e-04, PNorm = 35.7199, GNorm = 0.1120, lr_0 = 2.8131e-04
Loss = 3.4385e-04, PNorm = 35.7207, GNorm = 0.1173, lr_0 = 2.8063e-04
Loss = 2.9924e-04, PNorm = 35.7220, GNorm = 0.0905, lr_0 = 2.7994e-04
Loss = 2.3018e-04, PNorm = 35.7228, GNorm = 0.0930, lr_0 = 2.7926e-04
Loss = 1.8627e-04, PNorm = 35.7235, GNorm = 0.0887, lr_0 = 2.7857e-04
Loss = 1.5653e-04, PNorm = 35.7239, GNorm = 0.0574, lr_0 = 2.7789e-04
Validation mae = nan
Epoch 56
Loss = 6.4707e-04, PNorm = 35.7240, GNorm = 0.2425, lr_0 = 2.7715e-04
Loss = 4.6112e-04, PNorm = 35.7242, GNorm = 0.1313, lr_0 = 2.7647e-04
Loss = 2.0188e-04, PNorm = 35.7245, GNorm = 0.1121, lr_0 = 2.7579e-04
Loss = 1.8522e-04, PNorm = 35.7255, GNorm = 0.0715, lr_0 = 2.7512e-04
Loss = 1.9379e-04, PNorm = 35.7266, GNorm = 0.0550, lr_0 = 2.7445e-04
Loss = 1.8294e-04, PNorm = 35.7271, GNorm = 0.0718, lr_0 = 2.7377e-04
Loss = 1.3451e-04, PNorm = 35.7274, GNorm = 0.0494, lr_0 = 2.7311e-04
Loss = 1.3758e-04, PNorm = 35.7284, GNorm = 0.0822, lr_0 = 2.7244e-04
Loss = 2.0388e-04, PNorm = 35.7287, GNorm = 0.1074, lr_0 = 2.7177e-04
Loss = 2.2796e-04, PNorm = 35.7294, GNorm = 0.1095, lr_0 = 2.7111e-04
Validation mae = nan
Epoch 57
Loss = 4.5721e-04, PNorm = 35.7298, GNorm = 0.1094, lr_0 = 2.7038e-04
Loss = 5.0173e-04, PNorm = 35.7304, GNorm = 0.2244, lr_0 = 2.6972e-04
Loss = 2.9243e-04, PNorm = 35.7312, GNorm = 0.1551, lr_0 = 2.6906e-04
Loss = 4.4257e-04, PNorm = 35.7322, GNorm = 0.1774, lr_0 = 2.6840e-04
Loss = 5.0501e-04, PNorm = 35.7331, GNorm = 0.2221, lr_0 = 2.6774e-04
Loss = 5.0261e-04, PNorm = 35.7340, GNorm = 0.1591, lr_0 = 2.6709e-04
Loss = 5.4385e-04, PNorm = 35.7345, GNorm = 0.1158, lr_0 = 2.6644e-04
Loss = 2.4578e-04, PNorm = 35.7358, GNorm = 0.0744, lr_0 = 2.6579e-04
Loss = 2.4192e-04, PNorm = 35.7366, GNorm = 0.1085, lr_0 = 2.6514e-04
Loss = 1.9819e-04, PNorm = 35.7373, GNorm = 0.0462, lr_0 = 2.6449e-04
Loss = 1.3065e-04, PNorm = 35.7373, GNorm = 0.1128, lr_0 = 2.6442e-04
Validation mae = nan
Epoch 58
Loss = 2.5515e-04, PNorm = 35.7376, GNorm = 0.0502, lr_0 = 2.6378e-04
Loss = 2.2970e-04, PNorm = 35.7375, GNorm = 0.1650, lr_0 = 2.6313e-04
Loss = 3.7692e-04, PNorm = 35.7378, GNorm = 0.2806, lr_0 = 2.6249e-04
Loss = 2.9576e-04, PNorm = 35.7384, GNorm = 0.1094, lr_0 = 2.6185e-04
Loss = 3.0100e-04, PNorm = 35.7396, GNorm = 0.1893, lr_0 = 2.6121e-04
Loss = 2.4990e-04, PNorm = 35.7397, GNorm = 0.1147, lr_0 = 2.6057e-04
Loss = 2.6241e-04, PNorm = 35.7408, GNorm = 0.1544, lr_0 = 2.5993e-04
Loss = 2.7681e-04, PNorm = 35.7417, GNorm = 0.0548, lr_0 = 2.5930e-04
Loss = 1.6198e-04, PNorm = 35.7425, GNorm = 0.0618, lr_0 = 2.5866e-04
Validation mae = nan
Epoch 59
Loss = 4.7840e-04, PNorm = 35.7432, GNorm = 0.3265, lr_0 = 2.5797e-04
Loss = 3.6445e-04, PNorm = 35.7439, GNorm = 0.1150, lr_0 = 2.5734e-04
Loss = 2.5120e-04, PNorm = 35.7449, GNorm = 0.1089, lr_0 = 2.5671e-04
Loss = 2.0577e-04, PNorm = 35.7454, GNorm = 0.0945, lr_0 = 2.5608e-04
Loss = 3.9572e-04, PNorm = 35.7459, GNorm = 0.1229, lr_0 = 2.5545e-04
Loss = 3.2952e-04, PNorm = 35.7472, GNorm = 0.1189, lr_0 = 2.5483e-04
Loss = 2.0926e-04, PNorm = 35.7480, GNorm = 0.0977, lr_0 = 2.5421e-04
Loss = 1.6428e-04, PNorm = 35.7487, GNorm = 0.0782, lr_0 = 2.5359e-04
Loss = 1.6677e-04, PNorm = 35.7491, GNorm = 0.0654, lr_0 = 2.5297e-04
Loss = 2.8414e-04, PNorm = 35.7497, GNorm = 0.1564, lr_0 = 2.5235e-04
Validation mae = nan
Epoch 60
Loss = 3.9838e-04, PNorm = 35.7502, GNorm = 0.2726, lr_0 = 2.5167e-04
Loss = 2.9914e-04, PNorm = 35.7508, GNorm = 0.1441, lr_0 = 2.5105e-04
Loss = 3.4380e-04, PNorm = 35.7512, GNorm = 0.1955, lr_0 = 2.5044e-04
Loss = 3.4762e-04, PNorm = 35.7515, GNorm = 0.1405, lr_0 = 2.4983e-04
Loss = 3.8397e-04, PNorm = 35.7526, GNorm = 0.0983, lr_0 = 2.4922e-04
Loss = 2.3314e-04, PNorm = 35.7537, GNorm = 0.0356, lr_0 = 2.4861e-04
Loss = 2.5831e-04, PNorm = 35.7550, GNorm = 0.1242, lr_0 = 2.4800e-04
Loss = 2.5297e-04, PNorm = 35.7560, GNorm = 0.1075, lr_0 = 2.4739e-04
Loss = 2.6887e-04, PNorm = 35.7566, GNorm = 0.1953, lr_0 = 2.4679e-04
Validation mae = nan
Epoch 61
Loss = 3.3151e-04, PNorm = 35.7577, GNorm = 0.1502, lr_0 = 2.4613e-04
Loss = 2.8018e-04, PNorm = 35.7584, GNorm = 0.1023, lr_0 = 2.4552e-04
Loss = 2.4192e-04, PNorm = 35.7591, GNorm = 0.0557, lr_0 = 2.4492e-04
Loss = 2.6232e-04, PNorm = 35.7596, GNorm = 0.1341, lr_0 = 2.4432e-04
Loss = 2.4540e-04, PNorm = 35.7599, GNorm = 0.0797, lr_0 = 2.4373e-04
Loss = 1.8209e-04, PNorm = 35.7605, GNorm = 0.0398, lr_0 = 2.4313e-04
Loss = 1.6277e-04, PNorm = 35.7609, GNorm = 0.0715, lr_0 = 2.4254e-04
Loss = 2.0490e-04, PNorm = 35.7615, GNorm = 0.0885, lr_0 = 2.4194e-04
Loss = 1.2292e-04, PNorm = 35.7618, GNorm = 0.0399, lr_0 = 2.4135e-04
Loss = 1.0663e-04, PNorm = 35.7623, GNorm = 0.0605, lr_0 = 2.4076e-04
Validation mae = nan
Epoch 62
Loss = 2.5790e-04, PNorm = 35.7628, GNorm = 0.0758, lr_0 = 2.4012e-04
Loss = 3.0565e-04, PNorm = 35.7630, GNorm = 0.1533, lr_0 = 2.3953e-04
Loss = 2.7729e-04, PNorm = 35.7637, GNorm = 0.1020, lr_0 = 2.3894e-04
Loss = 2.4200e-04, PNorm = 35.7643, GNorm = 0.0572, lr_0 = 2.3836e-04
Loss = 2.1650e-04, PNorm = 35.7649, GNorm = 0.0627, lr_0 = 2.3778e-04
Loss = 2.9519e-04, PNorm = 35.7659, GNorm = 0.0563, lr_0 = 2.3720e-04
Loss = 2.2607e-04, PNorm = 35.7665, GNorm = 0.1080, lr_0 = 2.3662e-04
Loss = 1.5951e-04, PNorm = 35.7675, GNorm = 0.0734, lr_0 = 2.3604e-04
Loss = 2.0522e-04, PNorm = 35.7682, GNorm = 0.0392, lr_0 = 2.3546e-04
Loss = 1.6124e-04, PNorm = 35.7687, GNorm = 0.0604, lr_0 = 2.3488e-04
Loss = 1.0813e-04, PNorm = 35.7688, GNorm = 0.1393, lr_0 = 2.3483e-04
Validation mae = nan
Epoch 63
Loss = 1.6500e-04, PNorm = 35.7694, GNorm = 0.0792, lr_0 = 2.3425e-04
Loss = 1.9400e-04, PNorm = 35.7698, GNorm = 0.0659, lr_0 = 2.3368e-04
Loss = 1.5568e-04, PNorm = 35.7701, GNorm = 0.0686, lr_0 = 2.3311e-04
Loss = 1.4714e-04, PNorm = 35.7702, GNorm = 0.0502, lr_0 = 2.3254e-04
Loss = 1.2230e-04, PNorm = 35.7707, GNorm = 0.0472, lr_0 = 2.3197e-04
Loss = 1.0847e-04, PNorm = 35.7713, GNorm = 0.0466, lr_0 = 2.3140e-04
Loss = 1.6211e-04, PNorm = 35.7723, GNorm = 0.0723, lr_0 = 2.3084e-04
Loss = 1.9678e-04, PNorm = 35.7730, GNorm = 0.1527, lr_0 = 2.3027e-04
Loss = 2.4067e-04, PNorm = 35.7735, GNorm = 0.1114, lr_0 = 2.2971e-04
Validation mae = nan
Epoch 64
Loss = 3.3453e-04, PNorm = 35.7735, GNorm = 0.1966, lr_0 = 2.2909e-04
Loss = 2.5595e-04, PNorm = 35.7741, GNorm = 0.1117, lr_0 = 2.2853e-04
Loss = 2.8352e-04, PNorm = 35.7747, GNorm = 0.1166, lr_0 = 2.2797e-04
Loss = 1.8572e-04, PNorm = 35.7752, GNorm = 0.0827, lr_0 = 2.2742e-04
Loss = 2.0941e-04, PNorm = 35.7756, GNorm = 0.0940, lr_0 = 2.2686e-04
Loss = 1.8551e-04, PNorm = 35.7760, GNorm = 0.0757, lr_0 = 2.2631e-04
Loss = 1.3220e-04, PNorm = 35.7766, GNorm = 0.1103, lr_0 = 2.2575e-04
Loss = 2.0156e-04, PNorm = 35.7775, GNorm = 0.0932, lr_0 = 2.2520e-04
Loss = 2.1821e-04, PNorm = 35.7785, GNorm = 0.0836, lr_0 = 2.2465e-04
Loss = 2.0600e-04, PNorm = 35.7785, GNorm = 0.0582, lr_0 = 2.2410e-04
Validation mae = nan
Epoch 65
Loss = 4.1390e-04, PNorm = 35.7791, GNorm = 0.1260, lr_0 = 2.2350e-04
Loss = 3.3743e-04, PNorm = 35.7799, GNorm = 0.2032, lr_0 = 2.2295e-04
Loss = 3.0211e-04, PNorm = 35.7816, GNorm = 0.1160, lr_0 = 2.2241e-04
Loss = 2.4026e-04, PNorm = 35.7820, GNorm = 0.1025, lr_0 = 2.2186e-04
Loss = 1.8872e-04, PNorm = 35.7830, GNorm = 0.1115, lr_0 = 2.2132e-04
Loss = 1.6932e-04, PNorm = 35.7832, GNorm = 0.0564, lr_0 = 2.2078e-04
Loss = 1.6792e-04, PNorm = 35.7839, GNorm = 0.0713, lr_0 = 2.2024e-04
Loss = 1.3550e-04, PNorm = 35.7843, GNorm = 0.0309, lr_0 = 2.1970e-04
Loss = 1.6395e-04, PNorm = 35.7849, GNorm = 0.0871, lr_0 = 2.1917e-04
Validation mae = nan
Epoch 66
Loss = 3.8089e-04, PNorm = 35.7857, GNorm = 0.1811, lr_0 = 2.1858e-04
Loss = 5.4334e-04, PNorm = 35.7866, GNorm = 0.1485, lr_0 = 2.1804e-04
Loss = 3.9746e-04, PNorm = 35.7875, GNorm = 0.0779, lr_0 = 2.1751e-04
Loss = 3.9464e-04, PNorm = 35.7879, GNorm = 0.1949, lr_0 = 2.1698e-04
Loss = 3.1590e-04, PNorm = 35.7882, GNorm = 0.0424, lr_0 = 2.1645e-04
Loss = 2.1305e-04, PNorm = 35.7888, GNorm = 0.1251, lr_0 = 2.1592e-04
Loss = 3.4031e-04, PNorm = 35.7896, GNorm = 0.0516, lr_0 = 2.1539e-04
Loss = 2.9648e-04, PNorm = 35.7906, GNorm = 0.2253, lr_0 = 2.1486e-04
Loss = 2.9077e-04, PNorm = 35.7914, GNorm = 0.1335, lr_0 = 2.1434e-04
Loss = 3.3248e-04, PNorm = 35.7926, GNorm = 0.0923, lr_0 = 2.1382e-04
Validation mae = nan
Epoch 67
Loss = 1.7407e-04, PNorm = 35.7931, GNorm = 0.0393, lr_0 = 2.1324e-04
Loss = 1.5175e-04, PNorm = 35.7932, GNorm = 0.0588, lr_0 = 2.1272e-04
Loss = 2.0422e-04, PNorm = 35.7936, GNorm = 0.1271, lr_0 = 2.1220e-04
Loss = 1.1527e-04, PNorm = 35.7944, GNorm = 0.0680, lr_0 = 2.1168e-04
Loss = 1.0717e-04, PNorm = 35.7952, GNorm = 0.0599, lr_0 = 2.1116e-04
Loss = 1.6663e-04, PNorm = 35.7957, GNorm = 0.0845, lr_0 = 2.1065e-04
Loss = 2.2019e-04, PNorm = 35.7962, GNorm = 0.1081, lr_0 = 2.1013e-04
Loss = 1.7397e-04, PNorm = 35.7966, GNorm = 0.0729, lr_0 = 2.0962e-04
Loss = 9.9760e-05, PNorm = 35.7973, GNorm = 0.0374, lr_0 = 2.0911e-04
Loss = 1.2824e-04, PNorm = 35.7978, GNorm = 0.0846, lr_0 = 2.0859e-04
Loss = 6.3437e-05, PNorm = 35.7979, GNorm = 0.1150, lr_0 = 2.0854e-04
Validation mae = nan
Epoch 68
Loss = 2.0028e-04, PNorm = 35.7985, GNorm = 0.1098, lr_0 = 2.0803e-04
Loss = 1.4116e-04, PNorm = 35.7992, GNorm = 0.0516, lr_0 = 2.0753e-04
Loss = 1.6321e-04, PNorm = 35.7998, GNorm = 0.0834, lr_0 = 2.0702e-04
Loss = 1.3090e-04, PNorm = 35.8004, GNorm = 0.0393, lr_0 = 2.0651e-04
Loss = 9.6377e-05, PNorm = 35.8009, GNorm = 0.0434, lr_0 = 2.0601e-04
Loss = 1.1770e-04, PNorm = 35.8012, GNorm = 0.0702, lr_0 = 2.0550e-04
Loss = 1.8794e-04, PNorm = 35.8014, GNorm = 0.0889, lr_0 = 2.0500e-04
Loss = 2.0613e-04, PNorm = 35.8024, GNorm = 0.0977, lr_0 = 2.0450e-04
Loss = 1.8376e-04, PNorm = 35.8032, GNorm = 0.1477, lr_0 = 2.0400e-04
Validation mae = nan
Epoch 69
Loss = 2.5887e-04, PNorm = 35.8039, GNorm = 0.1267, lr_0 = 2.0345e-04
Loss = 1.6183e-04, PNorm = 35.8042, GNorm = 0.0785, lr_0 = 2.0295e-04
Loss = 1.7419e-04, PNorm = 35.8048, GNorm = 0.0488, lr_0 = 2.0246e-04
Loss = 1.3496e-04, PNorm = 35.8053, GNorm = 0.0825, lr_0 = 2.0196e-04
Loss = 1.4422e-04, PNorm = 35.8056, GNorm = 0.0984, lr_0 = 2.0147e-04
Loss = 1.3069e-04, PNorm = 35.8059, GNorm = 0.0465, lr_0 = 2.0098e-04
Loss = 1.3868e-04, PNorm = 35.8065, GNorm = 0.0811, lr_0 = 2.0049e-04
Loss = 1.1708e-04, PNorm = 35.8067, GNorm = 0.0602, lr_0 = 2.0000e-04
Loss = 1.3021e-04, PNorm = 35.8070, GNorm = 0.0541, lr_0 = 1.9951e-04
Loss = 1.8860e-04, PNorm = 35.8076, GNorm = 0.0440, lr_0 = 1.9902e-04
Validation mae = nan
Epoch 70
Loss = 1.5845e-04, PNorm = 35.8080, GNorm = 0.0661, lr_0 = 1.9848e-04
Loss = 1.3738e-04, PNorm = 35.8086, GNorm = 0.0876, lr_0 = 1.9800e-04
Loss = 2.8347e-04, PNorm = 35.8090, GNorm = 0.1392, lr_0 = 1.9751e-04
Loss = 3.4753e-04, PNorm = 35.8096, GNorm = 0.0650, lr_0 = 1.9703e-04
Loss = 2.9237e-04, PNorm = 35.8101, GNorm = 0.0779, lr_0 = 1.9655e-04
Loss = 2.4140e-04, PNorm = 35.8104, GNorm = 0.1721, lr_0 = 1.9607e-04
Loss = 2.4035e-04, PNorm = 35.8107, GNorm = 0.1189, lr_0 = 1.9559e-04
Loss = 3.6746e-04, PNorm = 35.8110, GNorm = 0.0662, lr_0 = 1.9511e-04
Loss = 2.1286e-04, PNorm = 35.8111, GNorm = 0.0808, lr_0 = 1.9464e-04
Validation mae = nan
Epoch 71
Loss = 3.8917e-04, PNorm = 35.8118, GNorm = 0.0674, lr_0 = 1.9411e-04
Loss = 2.5308e-04, PNorm = 35.8127, GNorm = 0.0837, lr_0 = 1.9364e-04
Loss = 2.1052e-04, PNorm = 35.8128, GNorm = 0.0702, lr_0 = 1.9316e-04
Loss = 1.8149e-04, PNorm = 35.8131, GNorm = 0.0365, lr_0 = 1.9269e-04
Loss = 1.1264e-04, PNorm = 35.8138, GNorm = 0.0315, lr_0 = 1.9222e-04
Loss = 1.1544e-04, PNorm = 35.8141, GNorm = 0.0346, lr_0 = 1.9175e-04
Loss = 1.1121e-04, PNorm = 35.8149, GNorm = 0.0235, lr_0 = 1.9128e-04
Loss = 8.5253e-05, PNorm = 35.8154, GNorm = 0.0364, lr_0 = 1.9081e-04
Loss = 9.9030e-05, PNorm = 35.8159, GNorm = 0.0418, lr_0 = 1.9035e-04
Loss = 8.3982e-05, PNorm = 35.8161, GNorm = 0.0465, lr_0 = 1.8988e-04
Validation mae = nan
Epoch 72
Loss = 3.0936e-03, PNorm = 35.8176, GNorm = 0.5635, lr_0 = 1.8937e-04
Loss = 1.9799e-03, PNorm = 35.8188, GNorm = 0.4922, lr_0 = 1.8891e-04
Loss = 1.0958e-03, PNorm = 35.8200, GNorm = 0.2854, lr_0 = 1.8845e-04
Loss = 6.7592e-04, PNorm = 35.8221, GNorm = 0.2025, lr_0 = 1.8799e-04
Loss = 5.7432e-04, PNorm = 35.8234, GNorm = 0.2205, lr_0 = 1.8753e-04
Loss = 5.0828e-04, PNorm = 35.8247, GNorm = 0.2199, lr_0 = 1.8707e-04
Loss = 4.6626e-04, PNorm = 35.8254, GNorm = 0.1514, lr_0 = 1.8661e-04
Loss = 2.9477e-04, PNorm = 35.8264, GNorm = 0.1168, lr_0 = 1.8616e-04
Loss = 1.7421e-04, PNorm = 35.8271, GNorm = 0.0575, lr_0 = 1.8570e-04
Loss = 1.4512e-04, PNorm = 35.8279, GNorm = 0.0768, lr_0 = 1.8525e-04
Loss = 1.1306e-04, PNorm = 35.8279, GNorm = 0.1654, lr_0 = 1.8520e-04
Validation mae = nan
Epoch 73
Loss = 2.4290e-04, PNorm = 35.8287, GNorm = 0.1157, lr_0 = 1.8475e-04
Loss = 1.6492e-04, PNorm = 35.8288, GNorm = 0.0384, lr_0 = 1.8430e-04
Loss = 1.6187e-04, PNorm = 35.8291, GNorm = 0.0401, lr_0 = 1.8385e-04
Loss = 2.1484e-04, PNorm = 35.8296, GNorm = 0.0869, lr_0 = 1.8340e-04
Loss = 2.0839e-04, PNorm = 35.8303, GNorm = 0.1305, lr_0 = 1.8295e-04
Loss = 1.3073e-04, PNorm = 35.8310, GNorm = 0.0484, lr_0 = 1.8250e-04
Loss = 1.5019e-04, PNorm = 35.8311, GNorm = 0.1186, lr_0 = 1.8206e-04
Loss = 1.1257e-04, PNorm = 35.8315, GNorm = 0.0303, lr_0 = 1.8161e-04
Loss = 1.0389e-04, PNorm = 35.8320, GNorm = 0.0795, lr_0 = 1.8117e-04
Validation mae = nan
Epoch 74
Loss = 1.6370e-04, PNorm = 35.8326, GNorm = 0.0802, lr_0 = 1.8068e-04
Loss = 1.6103e-04, PNorm = 35.8335, GNorm = 0.0573, lr_0 = 1.8024e-04
Loss = 2.1530e-04, PNorm = 35.8342, GNorm = 0.1430, lr_0 = 1.7980e-04
Loss = 2.1633e-04, PNorm = 35.8347, GNorm = 0.1408, lr_0 = 1.7936e-04
Loss = 1.4303e-04, PNorm = 35.8352, GNorm = 0.0831, lr_0 = 1.7892e-04
Loss = 1.0675e-04, PNorm = 35.8355, GNorm = 0.0449, lr_0 = 1.7848e-04
Loss = 9.9383e-05, PNorm = 35.8356, GNorm = 0.0790, lr_0 = 1.7805e-04
Loss = 1.2461e-04, PNorm = 35.8362, GNorm = 0.0773, lr_0 = 1.7761e-04
Loss = 1.2445e-04, PNorm = 35.8364, GNorm = 0.0310, lr_0 = 1.7718e-04
Loss = 1.2190e-04, PNorm = 35.8371, GNorm = 0.0631, lr_0 = 1.7674e-04
Validation mae = nan
Epoch 75
Loss = 1.6082e-04, PNorm = 35.8376, GNorm = 0.0518, lr_0 = 1.7631e-04
Loss = 1.4818e-04, PNorm = 35.8379, GNorm = 0.0282, lr_0 = 1.7588e-04
Loss = 2.2182e-04, PNorm = 35.8386, GNorm = 0.0818, lr_0 = 1.7545e-04
Loss = 1.6516e-04, PNorm = 35.8390, GNorm = 0.0364, lr_0 = 1.7502e-04
Loss = 1.1474e-04, PNorm = 35.8397, GNorm = 0.0265, lr_0 = 1.7459e-04
Loss = 9.0747e-05, PNorm = 35.8400, GNorm = 0.0523, lr_0 = 1.7417e-04
Loss = 1.2551e-04, PNorm = 35.8404, GNorm = 0.0771, lr_0 = 1.7374e-04
Loss = 1.0615e-04, PNorm = 35.8408, GNorm = 0.0399, lr_0 = 1.7332e-04
Loss = 1.1712e-04, PNorm = 35.8409, GNorm = 0.0368, lr_0 = 1.7289e-04
Validation mae = nan
Epoch 76
Loss = 2.9992e-04, PNorm = 35.8414, GNorm = 0.1794, lr_0 = 1.7243e-04
Loss = 1.6714e-04, PNorm = 35.8420, GNorm = 0.0623, lr_0 = 1.7201e-04
Loss = 1.5179e-04, PNorm = 35.8428, GNorm = 0.0776, lr_0 = 1.7159e-04
Loss = 1.1157e-04, PNorm = 35.8433, GNorm = 0.0529, lr_0 = 1.7117e-04
Loss = 1.0964e-04, PNorm = 35.8437, GNorm = 0.0504, lr_0 = 1.7075e-04
Loss = 1.0054e-04, PNorm = 35.8438, GNorm = 0.0536, lr_0 = 1.7033e-04
Loss = 1.6944e-04, PNorm = 35.8441, GNorm = 0.0716, lr_0 = 1.6991e-04
Loss = 1.2602e-04, PNorm = 35.8445, GNorm = 0.1035, lr_0 = 1.6950e-04
Loss = 1.4560e-04, PNorm = 35.8450, GNorm = 0.0626, lr_0 = 1.6908e-04
Loss = 1.0682e-04, PNorm = 35.8453, GNorm = 0.0330, lr_0 = 1.6867e-04
Validation mae = nan
Epoch 77
Loss = 2.8818e-04, PNorm = 35.8455, GNorm = 0.1626, lr_0 = 1.6822e-04
Loss = 2.2510e-04, PNorm = 35.8458, GNorm = 0.0674, lr_0 = 1.6781e-04
Loss = 1.7937e-04, PNorm = 35.8462, GNorm = 0.0509, lr_0 = 1.6740e-04
Loss = 1.1146e-04, PNorm = 35.8469, GNorm = 0.0571, lr_0 = 1.6699e-04
Loss = 1.6797e-04, PNorm = 35.8473, GNorm = 0.2257, lr_0 = 1.6658e-04
Loss = 1.9695e-04, PNorm = 35.8475, GNorm = 0.0582, lr_0 = 1.6617e-04
Loss = 1.4152e-04, PNorm = 35.8481, GNorm = 0.0508, lr_0 = 1.6577e-04
Loss = 1.0565e-04, PNorm = 35.8487, GNorm = 0.0423, lr_0 = 1.6536e-04
Loss = 1.8335e-04, PNorm = 35.8489, GNorm = 0.0779, lr_0 = 1.6496e-04
Loss = 1.4395e-04, PNorm = 35.8493, GNorm = 0.0863, lr_0 = 1.6455e-04
Validation mae = nan
Epoch 78
Loss = 2.3245e-04, PNorm = 35.8494, GNorm = 0.1613, lr_0 = 1.6411e-04
Loss = 1.7836e-04, PNorm = 35.8500, GNorm = 0.0699, lr_0 = 1.6371e-04
Loss = 1.0686e-04, PNorm = 35.8504, GNorm = 0.0517, lr_0 = 1.6331e-04
Loss = 8.5565e-05, PNorm = 35.8509, GNorm = 0.0548, lr_0 = 1.6291e-04
Loss = 1.0330e-04, PNorm = 35.8512, GNorm = 0.0283, lr_0 = 1.6251e-04
Loss = 1.0156e-04, PNorm = 35.8514, GNorm = 0.0531, lr_0 = 1.6211e-04
Loss = 1.1447e-04, PNorm = 35.8522, GNorm = 0.0560, lr_0 = 1.6172e-04
Loss = 7.8592e-05, PNorm = 35.8524, GNorm = 0.0372, lr_0 = 1.6132e-04
Loss = 1.0364e-04, PNorm = 35.8528, GNorm = 0.0409, lr_0 = 1.6093e-04
Validation mae = nan
Epoch 79
Loss = 1.0518e-04, PNorm = 35.8530, GNorm = 0.0312, lr_0 = 1.6050e-04
Loss = 1.5557e-04, PNorm = 35.8533, GNorm = 0.0567, lr_0 = 1.6010e-04
Loss = 1.6485e-04, PNorm = 35.8539, GNorm = 0.0672, lr_0 = 1.5971e-04
Loss = 9.3869e-05, PNorm = 35.8545, GNorm = 0.0413, lr_0 = 1.5932e-04
Loss = 8.3571e-05, PNorm = 35.8550, GNorm = 0.0188, lr_0 = 1.5893e-04
Loss = 8.0913e-05, PNorm = 35.8554, GNorm = 0.0313, lr_0 = 1.5854e-04
Loss = 6.6388e-05, PNorm = 35.8556, GNorm = 0.0268, lr_0 = 1.5816e-04
Loss = 1.1154e-04, PNorm = 35.8559, GNorm = 0.0293, lr_0 = 1.5777e-04
Loss = 1.0816e-04, PNorm = 35.8564, GNorm = 0.0243, lr_0 = 1.5738e-04
Loss = 6.9921e-05, PNorm = 35.8569, GNorm = 0.0335, lr_0 = 1.5700e-04
Validation mae = nan
Epoch 80
Loss = 7.1857e-05, PNorm = 35.8576, GNorm = 0.0281, lr_0 = 1.5658e-04
Loss = 7.8751e-05, PNorm = 35.8579, GNorm = 0.0395, lr_0 = 1.5619e-04
Loss = 8.3707e-05, PNorm = 35.8579, GNorm = 0.0617, lr_0 = 1.5581e-04
Loss = 8.1566e-05, PNorm = 35.8584, GNorm = 0.0518, lr_0 = 1.5543e-04
Loss = 9.0790e-05, PNorm = 35.8588, GNorm = 0.0434, lr_0 = 1.5505e-04
Loss = 1.1561e-04, PNorm = 35.8591, GNorm = 0.0567, lr_0 = 1.5467e-04
Loss = 1.2039e-04, PNorm = 35.8594, GNorm = 0.0339, lr_0 = 1.5429e-04
Loss = 8.2944e-05, PNorm = 35.8596, GNorm = 0.0324, lr_0 = 1.5392e-04
Loss = 1.5730e-04, PNorm = 35.8597, GNorm = 0.1131, lr_0 = 1.5354e-04
Validation mae = nan
Epoch 81
Loss = 7.9286e-05, PNorm = 35.8603, GNorm = 0.0295, lr_0 = 1.5313e-04
Loss = 1.0375e-04, PNorm = 35.8604, GNorm = 0.0936, lr_0 = 1.5275e-04
Loss = 1.6186e-04, PNorm = 35.8607, GNorm = 0.0751, lr_0 = 1.5238e-04
Loss = 1.7772e-04, PNorm = 35.8608, GNorm = 0.0741, lr_0 = 1.5201e-04
Loss = 1.2796e-04, PNorm = 35.8613, GNorm = 0.0604, lr_0 = 1.5164e-04
Loss = 1.0877e-04, PNorm = 35.8617, GNorm = 0.0434, lr_0 = 1.5127e-04
Loss = 8.8699e-05, PNorm = 35.8619, GNorm = 0.0450, lr_0 = 1.5090e-04
Loss = 8.8796e-05, PNorm = 35.8623, GNorm = 0.0535, lr_0 = 1.5053e-04
Loss = 1.2512e-04, PNorm = 35.8627, GNorm = 0.0305, lr_0 = 1.5016e-04
Loss = 1.0944e-04, PNorm = 35.8632, GNorm = 0.0609, lr_0 = 1.4979e-04
Validation mae = nan
Epoch 82
Loss = 2.3192e-04, PNorm = 35.8638, GNorm = 0.0779, lr_0 = 1.4939e-04
Loss = 1.4951e-04, PNorm = 35.8644, GNorm = 0.0982, lr_0 = 1.4902e-04
Loss = 1.1900e-04, PNorm = 35.8650, GNorm = 0.0849, lr_0 = 1.4866e-04
Loss = 1.9147e-04, PNorm = 35.8652, GNorm = 0.0917, lr_0 = 1.4830e-04
Loss = 2.7403e-04, PNorm = 35.8656, GNorm = 0.0455, lr_0 = 1.4793e-04
Loss = 2.6640e-04, PNorm = 35.8663, GNorm = 0.0506, lr_0 = 1.4757e-04
Loss = 2.5975e-04, PNorm = 35.8670, GNorm = 0.0534, lr_0 = 1.4721e-04
Loss = 1.6383e-04, PNorm = 35.8676, GNorm = 0.0373, lr_0 = 1.4685e-04
Loss = 1.4937e-04, PNorm = 35.8680, GNorm = 0.0844, lr_0 = 1.4649e-04
Loss = 9.3604e-05, PNorm = 35.8683, GNorm = 0.0455, lr_0 = 1.4613e-04
Validation mae = nan
Epoch 83
Loss = 1.5403e-04, PNorm = 35.8685, GNorm = 0.1450, lr_0 = 1.4574e-04
Loss = 1.8733e-04, PNorm = 35.8691, GNorm = 0.1938, lr_0 = 1.4539e-04
Loss = 1.3841e-04, PNorm = 35.8696, GNorm = 0.0327, lr_0 = 1.4503e-04
Loss = 1.0948e-04, PNorm = 35.8702, GNorm = 0.0825, lr_0 = 1.4468e-04
Loss = 1.0131e-04, PNorm = 35.8704, GNorm = 0.0233, lr_0 = 1.4432e-04
Loss = 9.0422e-05, PNorm = 35.8706, GNorm = 0.0445, lr_0 = 1.4397e-04
Loss = 1.9659e-04, PNorm = 35.8710, GNorm = 0.0505, lr_0 = 1.4362e-04
Loss = 1.1064e-04, PNorm = 35.8713, GNorm = 0.0489, lr_0 = 1.4327e-04
Loss = 1.7648e-04, PNorm = 35.8717, GNorm = 0.1232, lr_0 = 1.4292e-04
Validation mae = nan
Epoch 84
Loss = 1.8428e-04, PNorm = 35.8727, GNorm = 0.0907, lr_0 = 1.4253e-04
Loss = 2.5307e-04, PNorm = 35.8731, GNorm = 0.0562, lr_0 = 1.4218e-04
Loss = 2.3870e-04, PNorm = 35.8733, GNorm = 0.1076, lr_0 = 1.4184e-04
Loss = 3.3116e-04, PNorm = 35.8739, GNorm = 0.1705, lr_0 = 1.4149e-04
Loss = 1.5624e-04, PNorm = 35.8750, GNorm = 0.0812, lr_0 = 1.4114e-04
Loss = 1.3105e-04, PNorm = 35.8756, GNorm = 0.0658, lr_0 = 1.4080e-04
Loss = 1.6116e-04, PNorm = 35.8764, GNorm = 0.1006, lr_0 = 1.4045e-04
Loss = 1.7121e-04, PNorm = 35.8766, GNorm = 0.0613, lr_0 = 1.4011e-04
Loss = 1.0940e-04, PNorm = 35.8769, GNorm = 0.0443, lr_0 = 1.3977e-04
Loss = 1.0141e-04, PNorm = 35.8771, GNorm = 0.0450, lr_0 = 1.3943e-04
Validation mae = nan
Epoch 85
Loss = 1.6984e-04, PNorm = 35.8774, GNorm = 0.0565, lr_0 = 1.3905e-04
Loss = 6.8608e-05, PNorm = 35.8777, GNorm = 0.0304, lr_0 = 1.3871e-04
Loss = 7.7465e-05, PNorm = 35.8780, GNorm = 0.0231, lr_0 = 1.3837e-04
Loss = 8.4091e-05, PNorm = 35.8782, GNorm = 0.0293, lr_0 = 1.3803e-04
Loss = 7.2601e-05, PNorm = 35.8786, GNorm = 0.0517, lr_0 = 1.3770e-04
Loss = 7.2257e-05, PNorm = 35.8789, GNorm = 0.0535, lr_0 = 1.3736e-04
Loss = 1.0529e-04, PNorm = 35.8793, GNorm = 0.0631, lr_0 = 1.3702e-04
Loss = 7.6374e-05, PNorm = 35.8794, GNorm = 0.0631, lr_0 = 1.3669e-04
Loss = 9.5341e-05, PNorm = 35.8798, GNorm = 0.0277, lr_0 = 1.3636e-04
Validation mae = nan
Epoch 86
Loss = 5.9291e-05, PNorm = 35.8802, GNorm = 0.0369, lr_0 = 1.3599e-04
Loss = 6.4501e-05, PNorm = 35.8803, GNorm = 0.0300, lr_0 = 1.3566e-04
Loss = 8.5634e-05, PNorm = 35.8807, GNorm = 0.0386, lr_0 = 1.3532e-04
Loss = 7.8877e-05, PNorm = 35.8809, GNorm = 0.0399, lr_0 = 1.3499e-04
Loss = 1.1002e-04, PNorm = 35.8812, GNorm = 0.0307, lr_0 = 1.3466e-04
Loss = 9.9466e-05, PNorm = 35.8818, GNorm = 0.0461, lr_0 = 1.3433e-04
Loss = 7.4638e-05, PNorm = 35.8821, GNorm = 0.0717, lr_0 = 1.3401e-04
Loss = 7.7704e-05, PNorm = 35.8822, GNorm = 0.0221, lr_0 = 1.3368e-04
Loss = 7.9380e-05, PNorm = 35.8826, GNorm = 0.0433, lr_0 = 1.3335e-04
Loss = 7.3496e-05, PNorm = 35.8832, GNorm = 0.0263, lr_0 = 1.3303e-04
Validation mae = nan
Epoch 87
Loss = 1.4245e-04, PNorm = 35.8837, GNorm = 0.0414, lr_0 = 1.3267e-04
Loss = 1.3125e-04, PNorm = 35.8838, GNorm = 0.0372, lr_0 = 1.3234e-04
Loss = 8.3329e-05, PNorm = 35.8841, GNorm = 0.0181, lr_0 = 1.3202e-04
Loss = 7.4415e-05, PNorm = 35.8844, GNorm = 0.0722, lr_0 = 1.3170e-04
Loss = 7.2493e-05, PNorm = 35.8846, GNorm = 0.0260, lr_0 = 1.3138e-04
Loss = 6.5033e-05, PNorm = 35.8846, GNorm = 0.0287, lr_0 = 1.3105e-04
Loss = 6.9184e-05, PNorm = 35.8851, GNorm = 0.0517, lr_0 = 1.3073e-04
Loss = 1.0137e-04, PNorm = 35.8854, GNorm = 0.0303, lr_0 = 1.3041e-04
Loss = 9.8365e-05, PNorm = 35.8860, GNorm = 0.0313, lr_0 = 1.3010e-04
Loss = 9.2406e-05, PNorm = 35.8864, GNorm = 0.0283, lr_0 = 1.2978e-04
Validation mae = nan
Epoch 88
Loss = 1.2323e-04, PNorm = 35.8870, GNorm = 0.0577, lr_0 = 1.2943e-04
Loss = 1.0162e-04, PNorm = 35.8874, GNorm = 0.0317, lr_0 = 1.2911e-04
Loss = 9.2142e-05, PNorm = 35.8877, GNorm = 0.0191, lr_0 = 1.2880e-04
Loss = 1.2335e-04, PNorm = 35.8881, GNorm = 0.0655, lr_0 = 1.2848e-04
Loss = 1.6292e-04, PNorm = 35.8886, GNorm = 0.1577, lr_0 = 1.2817e-04
Loss = 2.8653e-04, PNorm = 35.8888, GNorm = 0.0368, lr_0 = 1.2785e-04
Loss = 1.5011e-04, PNorm = 35.8899, GNorm = 0.0265, lr_0 = 1.2754e-04
Loss = 1.0016e-04, PNorm = 35.8907, GNorm = 0.0469, lr_0 = 1.2723e-04
Loss = 7.4753e-05, PNorm = 35.8909, GNorm = 0.0296, lr_0 = 1.2692e-04
Validation mae = nan
Epoch 89
Loss = 9.9203e-05, PNorm = 35.8911, GNorm = 0.0522, lr_0 = 1.2658e-04
Loss = 1.2796e-04, PNorm = 35.8914, GNorm = 0.0435, lr_0 = 1.2627e-04
Loss = 1.1988e-04, PNorm = 35.8924, GNorm = 0.0514, lr_0 = 1.2596e-04
Loss = 1.4869e-04, PNorm = 35.8927, GNorm = 0.0819, lr_0 = 1.2565e-04
Loss = 1.4908e-04, PNorm = 35.8931, GNorm = 0.1169, lr_0 = 1.2535e-04
Loss = 1.3039e-04, PNorm = 35.8935, GNorm = 0.0660, lr_0 = 1.2504e-04
Loss = 1.0859e-04, PNorm = 35.8940, GNorm = 0.0597, lr_0 = 1.2473e-04
Loss = 1.0485e-04, PNorm = 35.8942, GNorm = 0.0659, lr_0 = 1.2443e-04
Loss = 1.0562e-04, PNorm = 35.8946, GNorm = 0.0366, lr_0 = 1.2412e-04
Loss = 1.0786e-04, PNorm = 35.8948, GNorm = 0.0568, lr_0 = 1.2382e-04
Validation mae = nan
Epoch 90
Loss = 1.1993e-04, PNorm = 35.8951, GNorm = 0.0854, lr_0 = 1.2349e-04
Loss = 1.1664e-04, PNorm = 35.8956, GNorm = 0.0811, lr_0 = 1.2319e-04
Loss = 9.9554e-05, PNorm = 35.8958, GNorm = 0.0747, lr_0 = 1.2288e-04
Loss = 9.0644e-05, PNorm = 35.8961, GNorm = 0.0722, lr_0 = 1.2258e-04
Loss = 7.3735e-05, PNorm = 35.8964, GNorm = 0.0400, lr_0 = 1.2228e-04
Loss = 7.9670e-05, PNorm = 35.8969, GNorm = 0.0691, lr_0 = 1.2199e-04
Loss = 8.9094e-05, PNorm = 35.8972, GNorm = 0.0353, lr_0 = 1.2169e-04
Loss = 7.4473e-05, PNorm = 35.8975, GNorm = 0.0470, lr_0 = 1.2139e-04
Loss = 8.9905e-05, PNorm = 35.8979, GNorm = 0.0655, lr_0 = 1.2109e-04
Validation mae = nan
Epoch 91
Loss = 6.3351e-05, PNorm = 35.8980, GNorm = 0.0425, lr_0 = 1.2077e-04
Loss = 1.1572e-04, PNorm = 35.8986, GNorm = 0.0439, lr_0 = 1.2047e-04
Loss = 7.5517e-05, PNorm = 35.8990, GNorm = 0.0500, lr_0 = 1.2018e-04
Loss = 9.7835e-05, PNorm = 35.8993, GNorm = 0.0531, lr_0 = 1.1988e-04
Loss = 8.6367e-05, PNorm = 35.8998, GNorm = 0.0452, lr_0 = 1.1959e-04
Loss = 7.8730e-05, PNorm = 35.8998, GNorm = 0.0375, lr_0 = 1.1930e-04
Loss = 7.7997e-05, PNorm = 35.9002, GNorm = 0.0435, lr_0 = 1.1901e-04
Loss = 6.8540e-05, PNorm = 35.9007, GNorm = 0.0317, lr_0 = 1.1872e-04
Loss = 8.1449e-05, PNorm = 35.9009, GNorm = 0.0400, lr_0 = 1.1843e-04
Loss = 7.8020e-05, PNorm = 35.9013, GNorm = 0.0481, lr_0 = 1.1814e-04
Validation mae = nan
Epoch 92
Loss = 1.0331e-04, PNorm = 35.9017, GNorm = 0.0327, lr_0 = 1.1782e-04
Loss = 9.6414e-05, PNorm = 35.9021, GNorm = 0.0380, lr_0 = 1.1753e-04
Loss = 8.4869e-05, PNorm = 35.9025, GNorm = 0.0611, lr_0 = 1.1724e-04
Loss = 9.6517e-05, PNorm = 35.9030, GNorm = 0.0441, lr_0 = 1.1696e-04
Loss = 6.4091e-05, PNorm = 35.9031, GNorm = 0.0517, lr_0 = 1.1667e-04
Loss = 1.0724e-04, PNorm = 35.9033, GNorm = 0.0524, lr_0 = 1.1639e-04
Loss = 9.1600e-05, PNorm = 35.9036, GNorm = 0.0603, lr_0 = 1.1610e-04
Loss = 7.4380e-05, PNorm = 35.9041, GNorm = 0.0748, lr_0 = 1.1582e-04
Loss = 5.9272e-05, PNorm = 35.9045, GNorm = 0.0453, lr_0 = 1.1553e-04
Loss = 1.0825e-04, PNorm = 35.9051, GNorm = 0.0824, lr_0 = 1.1525e-04
Validation mae = nan
Epoch 93
Loss = 1.3795e-04, PNorm = 35.9054, GNorm = 0.0642, lr_0 = 1.1494e-04
Loss = 1.1966e-04, PNorm = 35.9053, GNorm = 0.1058, lr_0 = 1.1466e-04
Loss = 9.9662e-05, PNorm = 35.9054, GNorm = 0.0427, lr_0 = 1.1438e-04
Loss = 8.9661e-05, PNorm = 35.9060, GNorm = 0.0258, lr_0 = 1.1410e-04
Loss = 8.5051e-05, PNorm = 35.9063, GNorm = 0.0814, lr_0 = 1.1382e-04
Loss = 7.4632e-05, PNorm = 35.9068, GNorm = 0.0474, lr_0 = 1.1354e-04
Loss = 6.9544e-05, PNorm = 35.9071, GNorm = 0.0439, lr_0 = 1.1327e-04
Loss = 4.5799e-05, PNorm = 35.9073, GNorm = 0.0152, lr_0 = 1.1299e-04
Loss = 5.2716e-05, PNorm = 35.9077, GNorm = 0.0390, lr_0 = 1.1271e-04
Validation mae = nan
Epoch 94
Loss = 8.5748e-05, PNorm = 35.9084, GNorm = 0.0480, lr_0 = 1.1241e-04
Loss = 1.2260e-04, PNorm = 35.9083, GNorm = 0.0975, lr_0 = 1.1214e-04
Loss = 9.5639e-05, PNorm = 35.9086, GNorm = 0.1044, lr_0 = 1.1186e-04
Loss = 1.1946e-04, PNorm = 35.9090, GNorm = 0.0804, lr_0 = 1.1159e-04
Loss = 9.2843e-05, PNorm = 35.9093, GNorm = 0.0510, lr_0 = 1.1132e-04
Loss = 1.0603e-04, PNorm = 35.9096, GNorm = 0.0387, lr_0 = 1.1104e-04
Loss = 7.1966e-05, PNorm = 35.9098, GNorm = 0.0337, lr_0 = 1.1077e-04
Loss = 1.0361e-04, PNorm = 35.9099, GNorm = 0.0366, lr_0 = 1.1050e-04
Loss = 8.6214e-05, PNorm = 35.9103, GNorm = 0.0493, lr_0 = 1.1023e-04
Loss = 7.2058e-05, PNorm = 35.9108, GNorm = 0.0200, lr_0 = 1.0996e-04
Validation mae = nan
Epoch 95
Loss = 2.8084e-04, PNorm = 35.9112, GNorm = 0.2193, lr_0 = 1.0967e-04
Loss = 1.7152e-04, PNorm = 35.9113, GNorm = 0.0647, lr_0 = 1.0940e-04
Loss = 1.1677e-04, PNorm = 35.9113, GNorm = 0.0610, lr_0 = 1.0913e-04
Loss = 1.3828e-04, PNorm = 35.9114, GNorm = 0.0655, lr_0 = 1.0886e-04
Loss = 1.6426e-04, PNorm = 35.9119, GNorm = 0.0741, lr_0 = 1.0860e-04
Loss = 1.1114e-04, PNorm = 35.9124, GNorm = 0.0340, lr_0 = 1.0833e-04
Loss = 9.3429e-05, PNorm = 35.9130, GNorm = 0.0686, lr_0 = 1.0807e-04
Loss = 9.6355e-05, PNorm = 35.9133, GNorm = 0.0648, lr_0 = 1.0780e-04
Loss = 7.8375e-05, PNorm = 35.9134, GNorm = 0.0615, lr_0 = 1.0754e-04
Validation mae = nan
Epoch 96
Loss = 1.6685e-04, PNorm = 35.9135, GNorm = 0.1011, lr_0 = 1.0725e-04
Loss = 1.3811e-04, PNorm = 35.9140, GNorm = 0.0256, lr_0 = 1.0699e-04
Loss = 7.8289e-05, PNorm = 35.9144, GNorm = 0.0651, lr_0 = 1.0673e-04
Loss = 9.8088e-05, PNorm = 35.9146, GNorm = 0.0173, lr_0 = 1.0647e-04
Loss = 8.5516e-05, PNorm = 35.9153, GNorm = 0.0830, lr_0 = 1.0621e-04
Loss = 6.5400e-05, PNorm = 35.9154, GNorm = 0.0156, lr_0 = 1.0595e-04
Loss = 6.7893e-05, PNorm = 35.9159, GNorm = 0.0277, lr_0 = 1.0569e-04
Loss = 7.6451e-05, PNorm = 35.9163, GNorm = 0.0468, lr_0 = 1.0543e-04
Loss = 5.3910e-05, PNorm = 35.9165, GNorm = 0.0303, lr_0 = 1.0517e-04
Loss = 5.8947e-05, PNorm = 35.9168, GNorm = 0.0242, lr_0 = 1.0491e-04
Validation mae = nan
Epoch 97
Loss = 1.6428e-04, PNorm = 35.9168, GNorm = 0.0973, lr_0 = 1.0463e-04
Loss = 8.9654e-05, PNorm = 35.9171, GNorm = 0.0384, lr_0 = 1.0438e-04
Loss = 6.4126e-05, PNorm = 35.9173, GNorm = 0.0321, lr_0 = 1.0412e-04
Loss = 6.3303e-05, PNorm = 35.9175, GNorm = 0.0346, lr_0 = 1.0387e-04
Loss = 8.2881e-05, PNorm = 35.9178, GNorm = 0.0421, lr_0 = 1.0361e-04
Loss = 5.5246e-05, PNorm = 35.9181, GNorm = 0.0405, lr_0 = 1.0336e-04
Loss = 5.1175e-05, PNorm = 35.9183, GNorm = 0.0247, lr_0 = 1.0311e-04
Loss = 5.8234e-05, PNorm = 35.9185, GNorm = 0.0375, lr_0 = 1.0285e-04
Loss = 6.8889e-05, PNorm = 35.9189, GNorm = 0.0630, lr_0 = 1.0260e-04
Loss = 7.2530e-05, PNorm = 35.9194, GNorm = 0.0881, lr_0 = 1.0235e-04
Validation mae = nan
Epoch 98
Loss = 1.1876e-04, PNorm = 35.9198, GNorm = 0.0728, lr_0 = 1.0208e-04
Loss = 1.0813e-04, PNorm = 35.9201, GNorm = 0.1016, lr_0 = 1.0183e-04
Loss = 1.1130e-04, PNorm = 35.9205, GNorm = 0.0754, lr_0 = 1.0158e-04
Loss = 8.5828e-05, PNorm = 35.9209, GNorm = 0.0615, lr_0 = 1.0133e-04
Loss = 6.0519e-05, PNorm = 35.9212, GNorm = 0.0243, lr_0 = 1.0108e-04
Loss = 8.2008e-05, PNorm = 35.9213, GNorm = 0.0483, lr_0 = 1.0084e-04
Loss = 1.0184e-04, PNorm = 35.9213, GNorm = 0.0680, lr_0 = 1.0059e-04
Loss = 1.3102e-04, PNorm = 35.9215, GNorm = 0.0851, lr_0 = 1.0034e-04
Loss = 8.0410e-05, PNorm = 35.9220, GNorm = 0.0509, lr_0 = 1.0010e-04
Validation mae = nan
Epoch 99
Loss = 5.3683e-03, PNorm = 35.9216, GNorm = 0.2955, lr_0 = 1.0000e-04
Loss = 2.6210e-03, PNorm = 35.9231, GNorm = 0.4773, lr_0 = 1.0000e-04
Loss = 1.5443e-03, PNorm = 35.9258, GNorm = 0.1829, lr_0 = 1.0000e-04
Loss = 8.0889e-04, PNorm = 35.9277, GNorm = 0.3127, lr_0 = 1.0000e-04
Loss = 5.2769e-04, PNorm = 35.9290, GNorm = 0.1811, lr_0 = 1.0000e-04
Loss = 4.4540e-04, PNorm = 35.9300, GNorm = 0.1894, lr_0 = 1.0000e-04
Loss = 2.6686e-04, PNorm = 35.9307, GNorm = 0.0937, lr_0 = 1.0000e-04
Loss = 1.3879e-04, PNorm = 35.9319, GNorm = 0.0516, lr_0 = 1.0000e-04
Loss = 1.3344e-04, PNorm = 35.9327, GNorm = 0.0456, lr_0 = 1.0000e-04
Loss = 1.1004e-04, PNorm = 35.9331, GNorm = 0.0399, lr_0 = 1.0000e-04
Validation mae = nan
Model 0 best validation mae = inf on epoch 0
Loading pretrained parameter "encoder.encoder.0.cached_zero_vector".
Loading pretrained parameter "encoder.encoder.0.W_i.weight".
Loading pretrained parameter "encoder.encoder.0.W_h.weight".
Loading pretrained parameter "encoder.encoder.0.W_o.weight".
Loading pretrained parameter "encoder.encoder.0.W_o.bias".
Loading pretrained parameter "ffn.1.weight".
Loading pretrained parameter "ffn.1.bias".
Loading pretrained parameter "ffn.4.weight".
Loading pretrained parameter "ffn.4.bias".
Moving model to cuda
Model 0 test mae = nan
Ensemble test mae = nan
1-fold cross validation
	Seed 0 ==> test mae = nan
Overall test mae = nan +/- nan
Elapsed time = 0:06:33
