Command line
python train.py --data_path data/data_0.5_0/cp.csv --smiles_columns smiles --target_columns cp --dataset_type regression --split_sizes 1.0 0.0 0.0 --features_generator rdkit_2d --features_columns T --save_dir data/data_0.5_0/cp --save_preds --epochs 100 --metric mae
Args
{'activation': 'ReLU',
 'aggregation': 'mean',
 'aggregation_norm': 100,
 'atom_descriptor_scaling': True,
 'atom_descriptors': None,
 'atom_descriptors_path': None,
 'atom_descriptors_size': 0,
 'atom_features_size': 0,
 'atom_messages': False,
 'batch_size': 50,
 'bias': False,
 'bond_feature_scaling': True,
 'bond_features_path': None,
 'bond_features_size': 0,
 'cache_cutoff': 10000,
 'checkpoint_dir': None,
 'checkpoint_path': None,
 'checkpoint_paths': None,
 'class_balance': False,
 'config_path': None,
 'crossval_index_dir': None,
 'crossval_index_file': None,
 'crossval_index_sets': None,
 'cuda': True,
 'data_path': 'data/data_0.5_0/cp.csv',
 'dataset_type': 'regression',
 'depth': 3,
 'device': device(type='cuda'),
 'dropout': 0.0,
 'empty_cache': False,
 'ensemble_size': 1,
 'epochs': 100,
 'explicit_h': False,
 'extra_metrics': [],
 'features_columns': ['T'],
 'features_generator': ['rdkit_2d'],
 'features_only': False,
 'features_path': None,
 'features_scaling': True,
 'features_size': None,
 'ffn_hidden_size': 300,
 'ffn_num_layers': 2,
 'final_lr': 0.0001,
 'folds_file': None,
 'gpu': None,
 'grad_clip': None,
 'hidden_size': 300,
 'ignore_columns': None,
 'init_lr': 0.0001,
 'log_frequency': 10,
 'max_data_size': None,
 'max_lr': 0.001,
 'metric': 'mae',
 'metrics': ['mae'],
 'minimize_score': True,
 'mpn_shared': False,
 'multiclass_num_classes': 3,
 'no_atom_descriptor_scaling': False,
 'no_bond_features_scaling': False,
 'no_cache_mol': False,
 'no_cuda': False,
 'no_features_scaling': False,
 'num_folds': 1,
 'num_lrs': 1,
 'num_tasks': 1,
 'num_workers': 8,
 'number_of_molecules': 1,
 'overwrite_default_atom_features': False,
 'overwrite_default_bond_features': False,
 'pytorch_seed': 0,
 'quiet': False,
 'reaction': False,
 'reaction_mode': 'reac_diff',
 'resume_experiment': False,
 'save_dir': 'data/data_0.5_0/cp',
 'save_preds': True,
 'save_smiles_splits': False,
 'seed': 0,
 'separate_test_atom_descriptors_path': None,
 'separate_test_bond_features_path': None,
 'separate_test_features_path': None,
 'separate_test_path': None,
 'separate_val_atom_descriptors_path': None,
 'separate_val_bond_features_path': None,
 'separate_val_features_path': None,
 'separate_val_path': None,
 'show_individual_scores': False,
 'smiles_columns': ['smiles'],
 'split_sizes': (1.0, 0.0, 0.0),
 'split_type': 'random',
 'target_columns': ['cp'],
 'task_names': ['cp'],
 'test': False,
 'test_fold_index': None,
 'train_data_size': None,
 'undirected': False,
 'use_input_features': True,
 'val_fold_index': None,
 'warmup_epochs': 2.0}
Loading data
Number of tasks = 1
Fold 0
Splitting data with seed 0
Total size = 4,979 | train size = 4,979 | val size = 0 | test size = 0
Fitting scaler
Building model 0
MoleculeModel(
  (encoder): MPN(
    (encoder): ModuleList(
      (0): MPNEncoder(
        (dropout_layer): Dropout(p=0.0, inplace=False)
        (act_func): ReLU()
        (W_i): Linear(in_features=147, out_features=300, bias=False)
        (W_h): Linear(in_features=300, out_features=300, bias=False)
        (W_o): Linear(in_features=433, out_features=300, bias=True)
      )
    )
  )
  (ffn): Sequential(
    (0): Dropout(p=0.0, inplace=False)
    (1): Linear(in_features=501, out_features=300, bias=True)
    (2): ReLU()
    (3): Dropout(p=0.0, inplace=False)
    (4): Linear(in_features=300, out_features=1, bias=True)
  )
)
Number of parameters = 415,201
Moving model to cuda
Epoch 0
Loss = 8.2651e-01, PNorm = 35.0921, GNorm = 3.1906, lr_0 = 1.5000e-04
Loss = 3.0994e-01, PNorm = 35.0945, GNorm = 3.7994, lr_0 = 1.9545e-04
Loss = 2.5190e-01, PNorm = 35.0947, GNorm = 1.7946, lr_0 = 2.4091e-04
Loss = 1.6882e-01, PNorm = 35.0974, GNorm = 2.1234, lr_0 = 2.8636e-04
Loss = 1.2490e-01, PNorm = 35.1015, GNorm = 1.8690, lr_0 = 3.3182e-04
Loss = 8.2334e-02, PNorm = 35.1051, GNorm = 0.9598, lr_0 = 3.7727e-04
Loss = 6.7784e-02, PNorm = 35.1097, GNorm = 1.2912, lr_0 = 4.2273e-04
Loss = 4.6907e-02, PNorm = 35.1141, GNorm = 1.1274, lr_0 = 4.6818e-04
Loss = 3.1463e-02, PNorm = 35.1179, GNorm = 2.8146, lr_0 = 5.1364e-04
Validation mae = nan
Epoch 1
Loss = 8.3761e-03, PNorm = 35.1198, GNorm = 1.0161, lr_0 = 5.6364e-04
Loss = 1.2762e-02, PNorm = 35.1207, GNorm = 0.5690, lr_0 = 6.0909e-04
Loss = 8.4458e-03, PNorm = 35.1219, GNorm = 0.7451, lr_0 = 6.5455e-04
Loss = 5.4134e-03, PNorm = 35.1228, GNorm = 0.3576, lr_0 = 7.0000e-04
Loss = 5.6196e-03, PNorm = 35.1232, GNorm = 0.1991, lr_0 = 7.4545e-04
Loss = 5.3969e-03, PNorm = 35.1230, GNorm = 0.4331, lr_0 = 7.9091e-04
Loss = 4.8228e-03, PNorm = 35.1232, GNorm = 0.6753, lr_0 = 8.3636e-04
Loss = 4.7865e-03, PNorm = 35.1234, GNorm = 1.5430, lr_0 = 8.8182e-04
Loss = 6.5266e-03, PNorm = 35.1231, GNorm = 2.5531, lr_0 = 9.2727e-04
Loss = 1.1748e-02, PNorm = 35.1213, GNorm = 1.3783, lr_0 = 9.7273e-04
Validation mae = nan
Epoch 2
Loss = 3.7392e-03, PNorm = 35.1205, GNorm = 0.4040, lr_0 = 9.9905e-04
Loss = 5.0641e-03, PNorm = 35.1213, GNorm = 0.2571, lr_0 = 9.9668e-04
Loss = 3.0356e-03, PNorm = 35.1227, GNorm = 0.1740, lr_0 = 9.9432e-04
Loss = 2.6589e-03, PNorm = 35.1239, GNorm = 0.3966, lr_0 = 9.9196e-04
Loss = 2.8445e-03, PNorm = 35.1248, GNorm = 0.0887, lr_0 = 9.8961e-04
Loss = 3.4043e-03, PNorm = 35.1253, GNorm = 0.4270, lr_0 = 9.8727e-04
Loss = 2.6876e-03, PNorm = 35.1256, GNorm = 0.3389, lr_0 = 9.8493e-04
Loss = 3.0740e-03, PNorm = 35.1262, GNorm = 0.6703, lr_0 = 9.8259e-04
Loss = 2.6532e-03, PNorm = 35.1266, GNorm = 0.3479, lr_0 = 9.8026e-04
Loss = 2.3099e-03, PNorm = 35.1274, GNorm = 0.0814, lr_0 = 9.7794e-04
Validation mae = nan
Epoch 3
Loss = 2.9536e-03, PNorm = 35.1279, GNorm = 0.3031, lr_0 = 9.7539e-04
Loss = 2.1442e-03, PNorm = 35.1283, GNorm = 0.6259, lr_0 = 9.7308e-04
Loss = 2.5058e-03, PNorm = 35.1287, GNorm = 0.3314, lr_0 = 9.7077e-04
Loss = 2.6172e-03, PNorm = 35.1291, GNorm = 0.1475, lr_0 = 9.6847e-04
Loss = 2.6136e-03, PNorm = 35.1295, GNorm = 0.2482, lr_0 = 9.6617e-04
Loss = 2.2338e-03, PNorm = 35.1298, GNorm = 0.6509, lr_0 = 9.6388e-04
Loss = 1.9996e-03, PNorm = 35.1304, GNorm = 0.1092, lr_0 = 9.6160e-04
Loss = 1.8282e-03, PNorm = 35.1310, GNorm = 0.1411, lr_0 = 9.5932e-04
Loss = 1.9501e-03, PNorm = 35.1314, GNorm = 0.3400, lr_0 = 9.5704e-04
Loss = 1.9755e-03, PNorm = 35.1318, GNorm = 0.5757, lr_0 = 9.5478e-04
Validation mae = nan
Epoch 4
Loss = 2.7404e-03, PNorm = 35.1315, GNorm = 0.3480, lr_0 = 9.5251e-04
Loss = 1.9615e-03, PNorm = 35.1320, GNorm = 0.2142, lr_0 = 9.5025e-04
Loss = 2.1616e-03, PNorm = 35.1323, GNorm = 0.2465, lr_0 = 9.4800e-04
Loss = 1.9723e-03, PNorm = 35.1332, GNorm = 0.4010, lr_0 = 9.4575e-04
Loss = 1.9042e-03, PNorm = 35.1348, GNorm = 0.3255, lr_0 = 9.4351e-04
Loss = 1.9191e-03, PNorm = 35.1359, GNorm = 0.4777, lr_0 = 9.4128e-04
Loss = 2.2330e-03, PNorm = 35.1365, GNorm = 0.4208, lr_0 = 9.3904e-04
Loss = 1.9737e-03, PNorm = 35.1375, GNorm = 0.3557, lr_0 = 9.3682e-04
Loss = 2.0208e-03, PNorm = 35.1383, GNorm = 0.3111, lr_0 = 9.3460e-04
Loss = 1.7825e-03, PNorm = 35.1392, GNorm = 0.1397, lr_0 = 9.3238e-04
Validation mae = nan
Epoch 5
Loss = 1.6884e-03, PNorm = 35.1404, GNorm = 0.2866, lr_0 = 9.2995e-04
Loss = 1.8766e-03, PNorm = 35.1412, GNorm = 0.1576, lr_0 = 9.2775e-04
Loss = 1.7106e-03, PNorm = 35.1427, GNorm = 0.1512, lr_0 = 9.2555e-04
Loss = 1.6636e-03, PNorm = 35.1442, GNorm = 0.2678, lr_0 = 9.2335e-04
Loss = 1.2295e-03, PNorm = 35.1448, GNorm = 0.2907, lr_0 = 9.2116e-04
Loss = 1.5678e-03, PNorm = 35.1450, GNorm = 0.4596, lr_0 = 9.1898e-04
Loss = 1.1250e-03, PNorm = 35.1457, GNorm = 0.2634, lr_0 = 9.1680e-04
Loss = 1.0060e-03, PNorm = 35.1464, GNorm = 0.0471, lr_0 = 9.1463e-04
Loss = 1.4988e-03, PNorm = 35.1472, GNorm = 0.3111, lr_0 = 9.1246e-04
Loss = 1.7394e-03, PNorm = 35.1490, GNorm = 0.1556, lr_0 = 9.1030e-04
Validation mae = nan
Epoch 6
Loss = 1.4241e-03, PNorm = 35.1498, GNorm = 0.2690, lr_0 = 9.0814e-04
Loss = 1.7182e-03, PNorm = 35.1507, GNorm = 0.3879, lr_0 = 9.0599e-04
Loss = 1.4402e-03, PNorm = 35.1511, GNorm = 0.1984, lr_0 = 9.0384e-04
Loss = 1.4116e-03, PNorm = 35.1516, GNorm = 0.3095, lr_0 = 9.0170e-04
Loss = 1.6679e-03, PNorm = 35.1519, GNorm = 0.3184, lr_0 = 8.9956e-04
Loss = 1.2563e-03, PNorm = 35.1529, GNorm = 0.1429, lr_0 = 8.9743e-04
Loss = 1.3425e-03, PNorm = 35.1543, GNorm = 0.2751, lr_0 = 8.9530e-04
Loss = 1.3766e-03, PNorm = 35.1556, GNorm = 0.3142, lr_0 = 8.9318e-04
Loss = 1.3011e-03, PNorm = 35.1562, GNorm = 0.2998, lr_0 = 8.9106e-04
Loss = 1.0929e-03, PNorm = 35.1568, GNorm = 0.1672, lr_0 = 8.8895e-04
Validation mae = nan
Epoch 7
Loss = 6.9001e-04, PNorm = 35.1577, GNorm = 0.1952, lr_0 = 8.8684e-04
Loss = 1.1991e-03, PNorm = 35.1584, GNorm = 0.5908, lr_0 = 8.8474e-04
Loss = 1.4407e-03, PNorm = 35.1592, GNorm = 0.1593, lr_0 = 8.8264e-04
Loss = 1.1747e-03, PNorm = 35.1603, GNorm = 0.3659, lr_0 = 8.8055e-04
Loss = 1.1879e-03, PNorm = 35.1610, GNorm = 0.2364, lr_0 = 8.7846e-04
Loss = 7.7149e-04, PNorm = 35.1619, GNorm = 0.1439, lr_0 = 8.7638e-04
Loss = 1.0678e-03, PNorm = 35.1624, GNorm = 0.1301, lr_0 = 8.7430e-04
Loss = 1.1973e-03, PNorm = 35.1631, GNorm = 0.3895, lr_0 = 8.7223e-04
Loss = 1.8200e-03, PNorm = 35.1640, GNorm = 0.4704, lr_0 = 8.7016e-04
Loss = 1.1931e-03, PNorm = 35.1650, GNorm = 0.3140, lr_0 = 8.6810e-04
Validation mae = nan
Epoch 8
Loss = 1.1050e-03, PNorm = 35.1666, GNorm = 0.1466, lr_0 = 8.6584e-04
Loss = 1.6535e-03, PNorm = 35.1677, GNorm = 0.4743, lr_0 = 8.6378e-04
Loss = 7.1305e-04, PNorm = 35.1687, GNorm = 0.0824, lr_0 = 8.6174e-04
Loss = 1.0521e-03, PNorm = 35.1704, GNorm = 0.3195, lr_0 = 8.5969e-04
Loss = 9.7744e-04, PNorm = 35.1717, GNorm = 0.1354, lr_0 = 8.5766e-04
Loss = 7.9376e-04, PNorm = 35.1726, GNorm = 0.0983, lr_0 = 8.5562e-04
Loss = 6.6682e-04, PNorm = 35.1735, GNorm = 0.1733, lr_0 = 8.5359e-04
Loss = 6.6522e-04, PNorm = 35.1739, GNorm = 0.2723, lr_0 = 8.5157e-04
Loss = 7.8892e-04, PNorm = 35.1750, GNorm = 0.1820, lr_0 = 8.4955e-04
Loss = 8.9268e-04, PNorm = 35.1763, GNorm = 0.1577, lr_0 = 8.4754e-04
Validation mae = nan
Epoch 9
Loss = 1.3268e-03, PNorm = 35.1780, GNorm = 0.4318, lr_0 = 8.4553e-04
Loss = 7.5521e-04, PNorm = 35.1796, GNorm = 0.2294, lr_0 = 8.4352e-04
Loss = 6.9129e-04, PNorm = 35.1810, GNorm = 0.3120, lr_0 = 8.4152e-04
Loss = 8.1074e-04, PNorm = 35.1817, GNorm = 0.2155, lr_0 = 8.3953e-04
Loss = 8.6932e-04, PNorm = 35.1824, GNorm = 0.2222, lr_0 = 8.3754e-04
Loss = 7.8539e-04, PNorm = 35.1837, GNorm = 0.1717, lr_0 = 8.3555e-04
Loss = 7.2825e-04, PNorm = 35.1845, GNorm = 0.0997, lr_0 = 8.3357e-04
Loss = 8.5508e-04, PNorm = 35.1853, GNorm = 0.2602, lr_0 = 8.3160e-04
Loss = 7.4544e-04, PNorm = 35.1862, GNorm = 0.1843, lr_0 = 8.2963e-04
Loss = 7.1380e-04, PNorm = 35.1873, GNorm = 0.1647, lr_0 = 8.2766e-04
Validation mae = nan
Epoch 10
Loss = 1.3727e-03, PNorm = 35.1880, GNorm = 0.4811, lr_0 = 8.2550e-04
Loss = 1.2038e-03, PNorm = 35.1895, GNorm = 0.2989, lr_0 = 8.2355e-04
Loss = 7.6967e-04, PNorm = 35.1910, GNorm = 0.1425, lr_0 = 8.2159e-04
Loss = 5.8018e-04, PNorm = 35.1923, GNorm = 0.1204, lr_0 = 8.1965e-04
Loss = 7.2143e-04, PNorm = 35.1936, GNorm = 0.0820, lr_0 = 8.1770e-04
Loss = 6.7611e-04, PNorm = 35.1949, GNorm = 0.1489, lr_0 = 8.1576e-04
Loss = 8.4876e-04, PNorm = 35.1957, GNorm = 0.1642, lr_0 = 8.1383e-04
Loss = 6.6925e-04, PNorm = 35.1972, GNorm = 0.0662, lr_0 = 8.1190e-04
Loss = 7.3909e-04, PNorm = 35.1985, GNorm = 0.2360, lr_0 = 8.0998e-04
Loss = 8.4053e-04, PNorm = 35.1986, GNorm = 0.2900, lr_0 = 8.0806e-04
Validation mae = nan
Epoch 11
Loss = 8.6819e-04, PNorm = 35.1990, GNorm = 0.3764, lr_0 = 8.0614e-04
Loss = 1.1036e-03, PNorm = 35.2004, GNorm = 0.2573, lr_0 = 8.0423e-04
Loss = 7.8706e-04, PNorm = 35.2020, GNorm = 0.2252, lr_0 = 8.0232e-04
Loss = 7.6791e-04, PNorm = 35.2029, GNorm = 0.1251, lr_0 = 8.0042e-04
Loss = 6.8248e-04, PNorm = 35.2042, GNorm = 0.1211, lr_0 = 7.9852e-04
Loss = 7.6751e-04, PNorm = 35.2054, GNorm = 0.4059, lr_0 = 7.9663e-04
Loss = 8.2277e-04, PNorm = 35.2066, GNorm = 0.2057, lr_0 = 7.9474e-04
Loss = 7.1082e-04, PNorm = 35.2077, GNorm = 0.1921, lr_0 = 7.9286e-04
Loss = 8.6719e-04, PNorm = 35.2088, GNorm = 0.2157, lr_0 = 7.9098e-04
Loss = 8.6991e-04, PNorm = 35.2101, GNorm = 0.2222, lr_0 = 7.8910e-04
Validation mae = nan
Epoch 12
Loss = 1.0885e-03, PNorm = 35.2112, GNorm = 0.3537, lr_0 = 7.8705e-04
Loss = 9.9667e-04, PNorm = 35.2124, GNorm = 0.1372, lr_0 = 7.8518e-04
Loss = 6.0698e-04, PNorm = 35.2138, GNorm = 0.2018, lr_0 = 7.8332e-04
Loss = 5.5534e-04, PNorm = 35.2148, GNorm = 0.1171, lr_0 = 7.8146e-04
Loss = 5.7048e-04, PNorm = 35.2161, GNorm = 0.1967, lr_0 = 7.7961e-04
Loss = 8.3587e-04, PNorm = 35.2172, GNorm = 0.1824, lr_0 = 7.7776e-04
Loss = 7.1650e-04, PNorm = 35.2185, GNorm = 0.1695, lr_0 = 7.7592e-04
Loss = 8.9642e-04, PNorm = 35.2195, GNorm = 0.4666, lr_0 = 7.7408e-04
Loss = 6.8036e-04, PNorm = 35.2207, GNorm = 0.2414, lr_0 = 7.7224e-04
Loss = 5.6484e-04, PNorm = 35.2221, GNorm = 0.1219, lr_0 = 7.7041e-04
Validation mae = nan
Epoch 13
Loss = 8.7441e-04, PNorm = 35.2234, GNorm = 0.3343, lr_0 = 7.6859e-04
Loss = 9.5798e-04, PNorm = 35.2240, GNorm = 0.1790, lr_0 = 7.6677e-04
Loss = 1.0836e-03, PNorm = 35.2252, GNorm = 0.0705, lr_0 = 7.6495e-04
Loss = 6.8160e-04, PNorm = 35.2263, GNorm = 0.1117, lr_0 = 7.6314e-04
Loss = 6.3762e-04, PNorm = 35.2278, GNorm = 0.1795, lr_0 = 7.6133e-04
Loss = 7.2293e-04, PNorm = 35.2296, GNorm = 0.1234, lr_0 = 7.5952e-04
Loss = 5.0972e-04, PNorm = 35.2312, GNorm = 0.1751, lr_0 = 7.5772e-04
Loss = 6.3842e-04, PNorm = 35.2326, GNorm = 0.2178, lr_0 = 7.5592e-04
Loss = 7.1347e-04, PNorm = 35.2344, GNorm = 0.2762, lr_0 = 7.5413e-04
Loss = 9.6512e-04, PNorm = 35.2362, GNorm = 0.4463, lr_0 = 7.5235e-04
Validation mae = nan
Epoch 14
Loss = 1.1425e-03, PNorm = 35.2379, GNorm = 0.4547, lr_0 = 7.5056e-04
Loss = 1.0080e-03, PNorm = 35.2389, GNorm = 0.2662, lr_0 = 7.4878e-04
Loss = 1.0930e-03, PNorm = 35.2405, GNorm = 0.3965, lr_0 = 7.4701e-04
Loss = 7.6805e-04, PNorm = 35.2432, GNorm = 0.2221, lr_0 = 7.4524e-04
Loss = 8.8745e-04, PNorm = 35.2457, GNorm = 0.1044, lr_0 = 7.4347e-04
Loss = 9.6541e-04, PNorm = 35.2475, GNorm = 0.4594, lr_0 = 7.4171e-04
Loss = 1.2671e-03, PNorm = 35.2495, GNorm = 0.2987, lr_0 = 7.3995e-04
Loss = 1.2546e-03, PNorm = 35.2516, GNorm = 0.3992, lr_0 = 7.3820e-04
Loss = 8.8300e-04, PNorm = 35.2534, GNorm = 0.2423, lr_0 = 7.3645e-04
Loss = 9.1924e-04, PNorm = 35.2549, GNorm = 0.2213, lr_0 = 7.3470e-04
Validation mae = nan
Epoch 15
Loss = 9.5270e-04, PNorm = 35.2562, GNorm = 0.2591, lr_0 = 7.3278e-04
Loss = 1.0360e-03, PNorm = 35.2569, GNorm = 0.3675, lr_0 = 7.3105e-04
Loss = 7.3990e-04, PNorm = 35.2576, GNorm = 0.1444, lr_0 = 7.2931e-04
Loss = 5.6294e-04, PNorm = 35.2586, GNorm = 0.2144, lr_0 = 7.2759e-04
Loss = 6.2695e-04, PNorm = 35.2597, GNorm = 0.1874, lr_0 = 7.2586e-04
Loss = 6.3449e-04, PNorm = 35.2610, GNorm = 0.0494, lr_0 = 7.2414e-04
Loss = 6.3259e-04, PNorm = 35.2622, GNorm = 0.1859, lr_0 = 7.2242e-04
Loss = 9.1567e-04, PNorm = 35.2630, GNorm = 0.2110, lr_0 = 7.2071e-04
Loss = 5.3763e-04, PNorm = 35.2641, GNorm = 0.1801, lr_0 = 7.1900e-04
Loss = 5.4266e-04, PNorm = 35.2661, GNorm = 0.0478, lr_0 = 7.1730e-04
Validation mae = nan
Epoch 16
Loss = 5.4035e-04, PNorm = 35.2676, GNorm = 0.2437, lr_0 = 7.1560e-04
Loss = 3.6530e-04, PNorm = 35.2687, GNorm = 0.1130, lr_0 = 7.1390e-04
Loss = 6.1041e-04, PNorm = 35.2690, GNorm = 0.2055, lr_0 = 7.1221e-04
Loss = 5.0475e-04, PNorm = 35.2699, GNorm = 0.2064, lr_0 = 7.1052e-04
Loss = 4.4782e-04, PNorm = 35.2713, GNorm = 0.1346, lr_0 = 7.0884e-04
Loss = 5.1144e-04, PNorm = 35.2725, GNorm = 0.1125, lr_0 = 7.0716e-04
Loss = 5.2306e-04, PNorm = 35.2738, GNorm = 0.0932, lr_0 = 7.0548e-04
Loss = 4.3961e-04, PNorm = 35.2745, GNorm = 0.0681, lr_0 = 7.0381e-04
Loss = 5.2905e-04, PNorm = 35.2757, GNorm = 0.1198, lr_0 = 7.0214e-04
Loss = 5.1985e-04, PNorm = 35.2765, GNorm = 0.1844, lr_0 = 7.0048e-04
Validation mae = nan
Epoch 17
Loss = 5.2985e-04, PNorm = 35.2784, GNorm = 0.2813, lr_0 = 6.9865e-04
Loss = 6.9426e-04, PNorm = 35.2794, GNorm = 0.2988, lr_0 = 6.9699e-04
Loss = 1.1925e-03, PNorm = 35.2810, GNorm = 0.1484, lr_0 = 6.9534e-04
Loss = 6.3637e-04, PNorm = 35.2830, GNorm = 0.2316, lr_0 = 6.9369e-04
Loss = 5.3185e-04, PNorm = 35.2842, GNorm = 0.1625, lr_0 = 6.9205e-04
Loss = 4.9218e-04, PNorm = 35.2867, GNorm = 0.1058, lr_0 = 6.9041e-04
Loss = 4.1068e-04, PNorm = 35.2882, GNorm = 0.1012, lr_0 = 6.8877e-04
Loss = 4.4148e-04, PNorm = 35.2892, GNorm = 0.1352, lr_0 = 6.8714e-04
Loss = 5.5858e-04, PNorm = 35.2899, GNorm = 0.2229, lr_0 = 6.8551e-04
Loss = 5.5912e-04, PNorm = 35.2912, GNorm = 0.0749, lr_0 = 6.8388e-04
Validation mae = nan
Epoch 18
Loss = 5.0977e-04, PNorm = 35.2923, GNorm = 0.1818, lr_0 = 6.8226e-04
Loss = 5.4195e-04, PNorm = 35.2939, GNorm = 0.0908, lr_0 = 6.8065e-04
Loss = 7.9207e-04, PNorm = 35.2951, GNorm = 0.2001, lr_0 = 6.7903e-04
Loss = 6.7463e-04, PNorm = 35.2970, GNorm = 0.1571, lr_0 = 6.7742e-04
Loss = 7.0770e-04, PNorm = 35.2989, GNorm = 0.1501, lr_0 = 6.7582e-04
Loss = 5.9626e-04, PNorm = 35.2993, GNorm = 0.0825, lr_0 = 6.7421e-04
Loss = 6.1979e-04, PNorm = 35.3001, GNorm = 0.2607, lr_0 = 6.7262e-04
Loss = 6.5191e-04, PNorm = 35.3009, GNorm = 0.1298, lr_0 = 6.7102e-04
Loss = 5.1411e-04, PNorm = 35.3025, GNorm = 0.1979, lr_0 = 6.6943e-04
Loss = 5.4973e-04, PNorm = 35.3044, GNorm = 0.2432, lr_0 = 6.6784e-04
Validation mae = nan
Epoch 19
Loss = 4.0965e-04, PNorm = 35.3063, GNorm = 0.0690, lr_0 = 6.6626e-04
Loss = 5.3816e-04, PNorm = 35.3071, GNorm = 0.0896, lr_0 = 6.6468e-04
Loss = 4.0643e-04, PNorm = 35.3077, GNorm = 0.1356, lr_0 = 6.6311e-04
Loss = 3.7585e-04, PNorm = 35.3092, GNorm = 0.1671, lr_0 = 6.6153e-04
Loss = 4.5885e-04, PNorm = 35.3104, GNorm = 0.0807, lr_0 = 6.5997e-04
Loss = 4.2996e-04, PNorm = 35.3121, GNorm = 0.0689, lr_0 = 6.5840e-04
Loss = 4.0516e-04, PNorm = 35.3136, GNorm = 0.1057, lr_0 = 6.5684e-04
Loss = 4.6780e-04, PNorm = 35.3149, GNorm = 0.1520, lr_0 = 6.5528e-04
Loss = 4.1251e-04, PNorm = 35.3171, GNorm = 0.1682, lr_0 = 6.5373e-04
Loss = 3.3479e-04, PNorm = 35.3197, GNorm = 0.1106, lr_0 = 6.5218e-04
Validation mae = nan
Epoch 20
Loss = 3.1296e-04, PNorm = 35.3217, GNorm = 0.1007, lr_0 = 6.5048e-04
Loss = 3.5360e-04, PNorm = 35.3230, GNorm = 0.1095, lr_0 = 6.4894e-04
Loss = 3.5343e-04, PNorm = 35.3240, GNorm = 0.1131, lr_0 = 6.4740e-04
Loss = 3.7288e-04, PNorm = 35.3246, GNorm = 0.1544, lr_0 = 6.4587e-04
Loss = 6.4285e-04, PNorm = 35.3258, GNorm = 0.3761, lr_0 = 6.4433e-04
Loss = 8.0527e-04, PNorm = 35.3274, GNorm = 0.1755, lr_0 = 6.4281e-04
Loss = 4.9739e-04, PNorm = 35.3297, GNorm = 0.2383, lr_0 = 6.4128e-04
Loss = 4.4994e-04, PNorm = 35.3315, GNorm = 0.0544, lr_0 = 6.3976e-04
Loss = 3.3270e-04, PNorm = 35.3327, GNorm = 0.0301, lr_0 = 6.3825e-04
Loss = 3.9590e-04, PNorm = 35.3340, GNorm = 0.2543, lr_0 = 6.3673e-04
Validation mae = nan
Epoch 21
Loss = 3.4894e-04, PNorm = 35.3346, GNorm = 0.0921, lr_0 = 6.3522e-04
Loss = 3.0208e-04, PNorm = 35.3358, GNorm = 0.0914, lr_0 = 6.3372e-04
Loss = 3.5779e-04, PNorm = 35.3374, GNorm = 0.1221, lr_0 = 6.3222e-04
Loss = 3.9167e-04, PNorm = 35.3385, GNorm = 0.2479, lr_0 = 6.3072e-04
Loss = 6.3755e-04, PNorm = 35.3391, GNorm = 0.0861, lr_0 = 6.2922e-04
Loss = 3.4557e-04, PNorm = 35.3406, GNorm = 0.0402, lr_0 = 6.2773e-04
Loss = 3.9010e-04, PNorm = 35.3417, GNorm = 0.0972, lr_0 = 6.2624e-04
Loss = 7.3379e-04, PNorm = 35.3431, GNorm = 0.2889, lr_0 = 6.2476e-04
Loss = 7.6252e-04, PNorm = 35.3443, GNorm = 0.3836, lr_0 = 6.2328e-04
Loss = 1.1152e-03, PNorm = 35.3457, GNorm = 0.5446, lr_0 = 6.2180e-04
Loss = 8.2051e-04, PNorm = 35.3459, GNorm = 0.2754, lr_0 = 6.2165e-04
Validation mae = nan
Epoch 22
Loss = 1.3248e-03, PNorm = 35.3471, GNorm = 0.1575, lr_0 = 6.2018e-04
Loss = 1.4286e-03, PNorm = 35.3486, GNorm = 0.2881, lr_0 = 6.1871e-04
Loss = 1.5789e-03, PNorm = 35.3513, GNorm = 0.2627, lr_0 = 6.1724e-04
Loss = 1.2881e-03, PNorm = 35.3528, GNorm = 0.1977, lr_0 = 6.1578e-04
Loss = 9.6686e-04, PNorm = 35.3544, GNorm = 0.1079, lr_0 = 6.1432e-04
Loss = 7.8412e-04, PNorm = 35.3561, GNorm = 0.2476, lr_0 = 6.1286e-04
Loss = 6.1387e-04, PNorm = 35.3580, GNorm = 0.1905, lr_0 = 6.1141e-04
Loss = 6.2107e-04, PNorm = 35.3596, GNorm = 0.2684, lr_0 = 6.0996e-04
Loss = 5.5344e-04, PNorm = 35.3610, GNorm = 0.0963, lr_0 = 6.0851e-04
Loss = 5.6675e-04, PNorm = 35.3623, GNorm = 0.2525, lr_0 = 6.0707e-04
Validation mae = nan
Epoch 23
Loss = 6.8359e-04, PNorm = 35.3640, GNorm = 0.1670, lr_0 = 6.0563e-04
Loss = 5.5957e-04, PNorm = 35.3657, GNorm = 0.0614, lr_0 = 6.0420e-04
Loss = 6.4679e-04, PNorm = 35.3674, GNorm = 0.1310, lr_0 = 6.0277e-04
Loss = 6.1145e-04, PNorm = 35.3684, GNorm = 0.0812, lr_0 = 6.0134e-04
Loss = 7.4321e-04, PNorm = 35.3696, GNorm = 0.1094, lr_0 = 5.9991e-04
Loss = 5.2511e-04, PNorm = 35.3710, GNorm = 0.1764, lr_0 = 5.9849e-04
Loss = 6.0770e-04, PNorm = 35.3724, GNorm = 0.1336, lr_0 = 5.9707e-04
Loss = 5.4980e-04, PNorm = 35.3750, GNorm = 0.1081, lr_0 = 5.9566e-04
Loss = 5.0983e-04, PNorm = 35.3767, GNorm = 0.1713, lr_0 = 5.9424e-04
Validation mae = nan
Epoch 24
Loss = 3.8288e-04, PNorm = 35.3789, GNorm = 0.1023, lr_0 = 5.9269e-04
Loss = 5.1063e-04, PNorm = 35.3809, GNorm = 0.2102, lr_0 = 5.9129e-04
Loss = 4.9024e-04, PNorm = 35.3821, GNorm = 0.1717, lr_0 = 5.8989e-04
Loss = 5.7577e-04, PNorm = 35.3832, GNorm = 0.1241, lr_0 = 5.8849e-04
Loss = 7.2924e-04, PNorm = 35.3850, GNorm = 0.4061, lr_0 = 5.8709e-04
Loss = 8.8179e-04, PNorm = 35.3863, GNorm = 0.2721, lr_0 = 5.8570e-04
Loss = 9.2829e-04, PNorm = 35.3873, GNorm = 0.3006, lr_0 = 5.8431e-04
Loss = 7.8405e-04, PNorm = 35.3888, GNorm = 0.1859, lr_0 = 5.8293e-04
Loss = 8.6074e-04, PNorm = 35.3904, GNorm = 0.1374, lr_0 = 5.8155e-04
Loss = 5.1347e-04, PNorm = 35.3924, GNorm = 0.0665, lr_0 = 5.8017e-04
Validation mae = nan
Epoch 25
Loss = 3.2184e-04, PNorm = 35.3939, GNorm = 0.1447, lr_0 = 5.7879e-04
Loss = 5.1905e-04, PNorm = 35.3957, GNorm = 0.1475, lr_0 = 5.7742e-04
Loss = 7.1723e-04, PNorm = 35.3970, GNorm = 0.1721, lr_0 = 5.7605e-04
Loss = 8.0974e-04, PNorm = 35.3980, GNorm = 0.1646, lr_0 = 5.7469e-04
Loss = 5.2465e-04, PNorm = 35.3998, GNorm = 0.0991, lr_0 = 5.7332e-04
Loss = 4.3794e-04, PNorm = 35.4005, GNorm = 0.0553, lr_0 = 5.7197e-04
Loss = 4.1607e-04, PNorm = 35.4014, GNorm = 0.1223, lr_0 = 5.7061e-04
Loss = 5.1016e-04, PNorm = 35.4028, GNorm = 0.0713, lr_0 = 5.6926e-04
Loss = 3.5191e-04, PNorm = 35.4036, GNorm = 0.1277, lr_0 = 5.6791e-04
Loss = 4.0782e-04, PNorm = 35.4051, GNorm = 0.0498, lr_0 = 5.6656e-04
Validation mae = nan
Epoch 26
Loss = 1.8026e-04, PNorm = 35.4066, GNorm = 0.0703, lr_0 = 5.6522e-04
Loss = 2.4992e-04, PNorm = 35.4084, GNorm = 0.0996, lr_0 = 5.6388e-04
Loss = 2.8658e-04, PNorm = 35.4101, GNorm = 0.1539, lr_0 = 5.6254e-04
Loss = 2.2055e-04, PNorm = 35.4122, GNorm = 0.1162, lr_0 = 5.6121e-04
Loss = 2.2938e-04, PNorm = 35.4137, GNorm = 0.0638, lr_0 = 5.5988e-04
Loss = 4.2138e-04, PNorm = 35.4148, GNorm = 0.1604, lr_0 = 5.5855e-04
Loss = 5.3880e-04, PNorm = 35.4162, GNorm = 0.3005, lr_0 = 5.5723e-04
Loss = 8.3859e-04, PNorm = 35.4177, GNorm = 0.4313, lr_0 = 5.5591e-04
Loss = 1.2365e-03, PNorm = 35.4198, GNorm = 0.5770, lr_0 = 5.5459e-04
Loss = 1.6588e-03, PNorm = 35.4222, GNorm = 0.3519, lr_0 = 5.5327e-04
Validation mae = nan
Epoch 27
Loss = 6.1655e-04, PNorm = 35.4247, GNorm = 0.2078, lr_0 = 5.5183e-04
Loss = 8.2230e-04, PNorm = 35.4264, GNorm = 0.1797, lr_0 = 5.5052e-04
Loss = 5.6320e-04, PNorm = 35.4279, GNorm = 0.1857, lr_0 = 5.4922e-04
Loss = 5.3499e-04, PNorm = 35.4295, GNorm = 0.0662, lr_0 = 5.4792e-04
Loss = 4.6074e-04, PNorm = 35.4309, GNorm = 0.1237, lr_0 = 5.4662e-04
Loss = 4.3112e-04, PNorm = 35.4324, GNorm = 0.1287, lr_0 = 5.4532e-04
Loss = 4.4765e-04, PNorm = 35.4342, GNorm = 0.1556, lr_0 = 5.4403e-04
Loss = 3.8318e-04, PNorm = 35.4356, GNorm = 0.0606, lr_0 = 5.4274e-04
Loss = 3.4574e-04, PNorm = 35.4374, GNorm = 0.1450, lr_0 = 5.4145e-04
Loss = 2.5828e-04, PNorm = 35.4390, GNorm = 0.0801, lr_0 = 5.4017e-04
Validation mae = nan
Epoch 28
Loss = 2.6392e-04, PNorm = 35.4398, GNorm = 0.1631, lr_0 = 5.3889e-04
Loss = 2.5756e-04, PNorm = 35.4415, GNorm = 0.0901, lr_0 = 5.3761e-04
Loss = 4.5646e-04, PNorm = 35.4437, GNorm = 0.0941, lr_0 = 5.3634e-04
Loss = 5.7584e-04, PNorm = 35.4455, GNorm = 0.1178, lr_0 = 5.3506e-04
Loss = 5.1897e-04, PNorm = 35.4469, GNorm = 0.2151, lr_0 = 5.3380e-04
Loss = 4.0062e-04, PNorm = 35.4485, GNorm = 0.1172, lr_0 = 5.3253e-04
Loss = 4.5225e-04, PNorm = 35.4502, GNorm = 0.1432, lr_0 = 5.3127e-04
Loss = 2.5619e-04, PNorm = 35.4511, GNorm = 0.0836, lr_0 = 5.3001e-04
Loss = 2.8156e-04, PNorm = 35.4524, GNorm = 0.1219, lr_0 = 5.2875e-04
Loss = 2.3578e-04, PNorm = 35.4538, GNorm = 0.0866, lr_0 = 5.2750e-04
Validation mae = nan
Epoch 29
Loss = 3.2760e-04, PNorm = 35.4552, GNorm = 0.1550, lr_0 = 5.2612e-04
Loss = 3.1132e-04, PNorm = 35.4567, GNorm = 0.1633, lr_0 = 5.2488e-04
Loss = 3.9044e-04, PNorm = 35.4579, GNorm = 0.1095, lr_0 = 5.2363e-04
Loss = 4.7485e-04, PNorm = 35.4590, GNorm = 0.2680, lr_0 = 5.2239e-04
Loss = 3.7065e-04, PNorm = 35.4600, GNorm = 0.0843, lr_0 = 5.2115e-04
Loss = 3.3635e-04, PNorm = 35.4615, GNorm = 0.1708, lr_0 = 5.1992e-04
Loss = 2.2999e-04, PNorm = 35.4625, GNorm = 0.0549, lr_0 = 5.1869e-04
Loss = 2.3945e-04, PNorm = 35.4634, GNorm = 0.0878, lr_0 = 5.1746e-04
Loss = 2.8662e-04, PNorm = 35.4651, GNorm = 0.1410, lr_0 = 5.1623e-04
Loss = 4.2774e-04, PNorm = 35.4670, GNorm = 0.0920, lr_0 = 5.1501e-04
Validation mae = nan
Epoch 30
Loss = 3.3123e-04, PNorm = 35.4689, GNorm = 0.1965, lr_0 = 5.1378e-04
Loss = 4.7640e-04, PNorm = 35.4709, GNorm = 0.2600, lr_0 = 5.1257e-04
Loss = 5.5016e-04, PNorm = 35.4726, GNorm = 0.2282, lr_0 = 5.1135e-04
Loss = 3.8745e-04, PNorm = 35.4735, GNorm = 0.0657, lr_0 = 5.1014e-04
Loss = 2.1952e-04, PNorm = 35.4745, GNorm = 0.0184, lr_0 = 5.0893e-04
Loss = 3.0277e-04, PNorm = 35.4753, GNorm = 0.2068, lr_0 = 5.0772e-04
Loss = 3.7630e-04, PNorm = 35.4773, GNorm = 0.1187, lr_0 = 5.0652e-04
Loss = 3.4297e-04, PNorm = 35.4791, GNorm = 0.0980, lr_0 = 5.0532e-04
Loss = 3.3038e-04, PNorm = 35.4802, GNorm = 0.1803, lr_0 = 5.0412e-04
Loss = 3.7364e-04, PNorm = 35.4815, GNorm = 0.2501, lr_0 = 5.0293e-04
Validation mae = nan
Epoch 31
Loss = 7.0009e-04, PNorm = 35.4836, GNorm = 0.1485, lr_0 = 5.0162e-04
Loss = 3.6261e-04, PNorm = 35.4856, GNorm = 0.1246, lr_0 = 5.0043e-04
Loss = 3.4950e-04, PNorm = 35.4877, GNorm = 0.1707, lr_0 = 4.9924e-04
Loss = 3.8241e-04, PNorm = 35.4887, GNorm = 0.1378, lr_0 = 4.9806e-04
Loss = 2.9558e-04, PNorm = 35.4899, GNorm = 0.0752, lr_0 = 4.9688e-04
Loss = 2.6914e-04, PNorm = 35.4913, GNorm = 0.0616, lr_0 = 4.9570e-04
Loss = 2.1063e-04, PNorm = 35.4929, GNorm = 0.0698, lr_0 = 4.9452e-04
Loss = 2.1301e-04, PNorm = 35.4941, GNorm = 0.0470, lr_0 = 4.9335e-04
Loss = 1.5676e-04, PNorm = 35.4953, GNorm = 0.0744, lr_0 = 4.9218e-04
Loss = 1.7738e-04, PNorm = 35.4964, GNorm = 0.0735, lr_0 = 4.9101e-04
Validation mae = nan
Epoch 32
Loss = 2.2557e-04, PNorm = 35.4977, GNorm = 0.0526, lr_0 = 4.8985e-04
Loss = 2.0771e-04, PNorm = 35.4993, GNorm = 0.0832, lr_0 = 4.8869e-04
Loss = 1.4519e-04, PNorm = 35.5004, GNorm = 0.0258, lr_0 = 4.8753e-04
Loss = 1.5003e-04, PNorm = 35.5014, GNorm = 0.0752, lr_0 = 4.8638e-04
Loss = 2.0459e-04, PNorm = 35.5025, GNorm = 0.0587, lr_0 = 4.8522e-04
Loss = 2.9038e-04, PNorm = 35.5034, GNorm = 0.0980, lr_0 = 4.8407e-04
Loss = 2.9708e-04, PNorm = 35.5049, GNorm = 0.0735, lr_0 = 4.8292e-04
Loss = 2.9829e-04, PNorm = 35.5060, GNorm = 0.0750, lr_0 = 4.8178e-04
Loss = 3.9787e-04, PNorm = 35.5073, GNorm = 0.1927, lr_0 = 4.8064e-04
Loss = 6.1355e-04, PNorm = 35.5089, GNorm = 0.1801, lr_0 = 4.7950e-04
Validation mae = nan
Epoch 33
Loss = 3.8982e-04, PNorm = 35.5105, GNorm = 0.2224, lr_0 = 4.7836e-04
Loss = 4.0942e-04, PNorm = 35.5120, GNorm = 0.0948, lr_0 = 4.7723e-04
Loss = 3.8383e-04, PNorm = 35.5140, GNorm = 0.1992, lr_0 = 4.7610e-04
Loss = 2.9896e-04, PNorm = 35.5151, GNorm = 0.0979, lr_0 = 4.7497e-04
Loss = 2.1237e-04, PNorm = 35.5162, GNorm = 0.0912, lr_0 = 4.7384e-04
Loss = 2.2885e-04, PNorm = 35.5175, GNorm = 0.0622, lr_0 = 4.7272e-04
Loss = 2.2712e-04, PNorm = 35.5188, GNorm = 0.0906, lr_0 = 4.7160e-04
Loss = 1.6473e-04, PNorm = 35.5199, GNorm = 0.0552, lr_0 = 4.7048e-04
Loss = 2.4223e-04, PNorm = 35.5213, GNorm = 0.0848, lr_0 = 4.6937e-04
Loss = 3.5719e-04, PNorm = 35.5228, GNorm = 0.2745, lr_0 = 4.6825e-04
Validation mae = nan
Epoch 34
Loss = 3.6704e-04, PNorm = 35.5242, GNorm = 0.1144, lr_0 = 4.6703e-04
Loss = 3.8658e-04, PNorm = 35.5265, GNorm = 0.1986, lr_0 = 4.6592e-04
Loss = 4.7420e-04, PNorm = 35.5286, GNorm = 0.1828, lr_0 = 4.6482e-04
Loss = 4.3195e-04, PNorm = 35.5302, GNorm = 0.0825, lr_0 = 4.6372e-04
Loss = 4.9451e-04, PNorm = 35.5317, GNorm = 0.2111, lr_0 = 4.6262e-04
Loss = 5.1931e-04, PNorm = 35.5329, GNorm = 0.2687, lr_0 = 4.6152e-04
Loss = 4.2978e-04, PNorm = 35.5342, GNorm = 0.1213, lr_0 = 4.6043e-04
Loss = 4.7615e-04, PNorm = 35.5356, GNorm = 0.0708, lr_0 = 4.5934e-04
Loss = 7.1522e-04, PNorm = 35.5374, GNorm = 0.3389, lr_0 = 4.5825e-04
Loss = 6.6696e-04, PNorm = 35.5386, GNorm = 0.1885, lr_0 = 4.5716e-04
Validation mae = nan
Epoch 35
Loss = 5.6790e-04, PNorm = 35.5405, GNorm = 0.0494, lr_0 = 4.5608e-04
Loss = 3.3560e-04, PNorm = 35.5422, GNorm = 0.0432, lr_0 = 4.5500e-04
Loss = 3.9276e-04, PNorm = 35.5440, GNorm = 0.0775, lr_0 = 4.5392e-04
Loss = 2.1637e-04, PNorm = 35.5456, GNorm = 0.0570, lr_0 = 4.5284e-04
Loss = 2.5376e-04, PNorm = 35.5467, GNorm = 0.1764, lr_0 = 4.5177e-04
Loss = 5.6675e-04, PNorm = 35.5480, GNorm = 0.2207, lr_0 = 4.5070e-04
Loss = 4.4818e-04, PNorm = 35.5486, GNorm = 0.0955, lr_0 = 4.4963e-04
Loss = 3.1773e-04, PNorm = 35.5498, GNorm = 0.0954, lr_0 = 4.4856e-04
Loss = 2.5928e-04, PNorm = 35.5513, GNorm = 0.0680, lr_0 = 4.4750e-04
Loss = 2.3222e-04, PNorm = 35.5527, GNorm = 0.0724, lr_0 = 4.4644e-04
Validation mae = nan
Epoch 36
Loss = 2.2383e-04, PNorm = 35.5540, GNorm = 0.0879, lr_0 = 4.4528e-04
Loss = 2.0631e-04, PNorm = 35.5550, GNorm = 0.0824, lr_0 = 4.4422e-04
Loss = 1.8255e-04, PNorm = 35.5559, GNorm = 0.1004, lr_0 = 4.4317e-04
Loss = 2.4064e-04, PNorm = 35.5572, GNorm = 0.0575, lr_0 = 4.4212e-04
Loss = 3.2091e-04, PNorm = 35.5588, GNorm = 0.1412, lr_0 = 4.4107e-04
Loss = 3.1803e-04, PNorm = 35.5604, GNorm = 0.0480, lr_0 = 4.4002e-04
Loss = 2.5998e-04, PNorm = 35.5617, GNorm = 0.1413, lr_0 = 4.3898e-04
Loss = 2.0711e-04, PNorm = 35.5625, GNorm = 0.0971, lr_0 = 4.3794e-04
Loss = 2.0764e-04, PNorm = 35.5639, GNorm = 0.0812, lr_0 = 4.3690e-04
Loss = 1.7421e-04, PNorm = 35.5650, GNorm = 0.0838, lr_0 = 4.3587e-04
Validation mae = nan
Epoch 37
Loss = 1.9975e-04, PNorm = 35.5659, GNorm = 0.0560, lr_0 = 4.3483e-04
Loss = 2.7416e-04, PNorm = 35.5673, GNorm = 0.1152, lr_0 = 4.3380e-04
Loss = 2.7621e-04, PNorm = 35.5685, GNorm = 0.0653, lr_0 = 4.3277e-04
Loss = 2.5141e-04, PNorm = 35.5691, GNorm = 0.1733, lr_0 = 4.3175e-04
Loss = 2.9607e-04, PNorm = 35.5698, GNorm = 0.1449, lr_0 = 4.3072e-04
Loss = 2.5415e-04, PNorm = 35.5713, GNorm = 0.0940, lr_0 = 4.2970e-04
Loss = 1.6915e-04, PNorm = 35.5726, GNorm = 0.0583, lr_0 = 4.2868e-04
Loss = 1.3848e-04, PNorm = 35.5735, GNorm = 0.0311, lr_0 = 4.2767e-04
Loss = 1.4009e-04, PNorm = 35.5742, GNorm = 0.1358, lr_0 = 4.2665e-04
Loss = 1.4571e-04, PNorm = 35.5751, GNorm = 0.0574, lr_0 = 4.2564e-04
Validation mae = nan
Epoch 38
Loss = 2.0364e-04, PNorm = 35.5765, GNorm = 0.0262, lr_0 = 4.2463e-04
Loss = 1.3613e-04, PNorm = 35.5781, GNorm = 0.0950, lr_0 = 4.2363e-04
Loss = 1.5658e-04, PNorm = 35.5793, GNorm = 0.1060, lr_0 = 4.2262e-04
Loss = 2.4430e-04, PNorm = 35.5802, GNorm = 0.1799, lr_0 = 4.2162e-04
Loss = 2.4142e-04, PNorm = 35.5813, GNorm = 0.0478, lr_0 = 4.2062e-04
Loss = 2.3975e-04, PNorm = 35.5822, GNorm = 0.1625, lr_0 = 4.1962e-04
Loss = 3.4137e-04, PNorm = 35.5827, GNorm = 0.1866, lr_0 = 4.1863e-04
Loss = 4.5413e-04, PNorm = 35.5832, GNorm = 0.1624, lr_0 = 4.1764e-04
Loss = 4.7988e-04, PNorm = 35.5841, GNorm = 0.2193, lr_0 = 4.1665e-04
Loss = 5.1984e-04, PNorm = 35.5859, GNorm = 0.1000, lr_0 = 4.1566e-04
Validation mae = nan
Epoch 39
Loss = 3.3820e-04, PNorm = 35.5876, GNorm = 0.0583, lr_0 = 4.1458e-04
Loss = 4.7708e-04, PNorm = 35.5890, GNorm = 0.1355, lr_0 = 4.1359e-04
Loss = 4.2741e-04, PNorm = 35.5907, GNorm = 0.2886, lr_0 = 4.1261e-04
Loss = 5.5922e-04, PNorm = 35.5919, GNorm = 0.1058, lr_0 = 4.1164e-04
Loss = 3.1419e-04, PNorm = 35.5931, GNorm = 0.0580, lr_0 = 4.1066e-04
Loss = 4.7748e-04, PNorm = 35.5945, GNorm = 0.1850, lr_0 = 4.0969e-04
Loss = 2.7809e-04, PNorm = 35.5963, GNorm = 0.0651, lr_0 = 4.0871e-04
Loss = 2.2404e-04, PNorm = 35.5976, GNorm = 0.0350, lr_0 = 4.0775e-04
Loss = 2.1466e-04, PNorm = 35.5986, GNorm = 0.0846, lr_0 = 4.0678e-04
Loss = 1.9611e-04, PNorm = 35.5996, GNorm = 0.0833, lr_0 = 4.0582e-04
Validation mae = nan
Epoch 40
Loss = 1.9921e-04, PNorm = 35.6005, GNorm = 0.1481, lr_0 = 4.0485e-04
Loss = 2.5864e-04, PNorm = 35.6016, GNorm = 0.0878, lr_0 = 4.0389e-04
Loss = 2.1498e-04, PNorm = 35.6025, GNorm = 0.1579, lr_0 = 4.0294e-04
Loss = 1.7471e-04, PNorm = 35.6037, GNorm = 0.0838, lr_0 = 4.0198e-04
Loss = 1.9888e-04, PNorm = 35.6045, GNorm = 0.0861, lr_0 = 4.0103e-04
Loss = 3.5383e-04, PNorm = 35.6060, GNorm = 0.1972, lr_0 = 4.0008e-04
Loss = 2.7870e-04, PNorm = 35.6074, GNorm = 0.0525, lr_0 = 3.9913e-04
Loss = 2.0963e-04, PNorm = 35.6085, GNorm = 0.0367, lr_0 = 3.9818e-04
Loss = 2.6996e-04, PNorm = 35.6095, GNorm = 0.1013, lr_0 = 3.9724e-04
Loss = 2.3967e-04, PNorm = 35.6108, GNorm = 0.0488, lr_0 = 3.9630e-04
Validation mae = nan
Epoch 41
Loss = 4.5940e-04, PNorm = 35.6118, GNorm = 0.1501, lr_0 = 3.9526e-04
Loss = 5.0701e-04, PNorm = 35.6137, GNorm = 0.0862, lr_0 = 3.9433e-04
Loss = 4.8035e-04, PNorm = 35.6144, GNorm = 0.2596, lr_0 = 3.9339e-04
Loss = 3.6128e-04, PNorm = 35.6154, GNorm = 0.0624, lr_0 = 3.9246e-04
Loss = 2.5707e-04, PNorm = 35.6162, GNorm = 0.1407, lr_0 = 3.9153e-04
Loss = 1.9817e-04, PNorm = 35.6171, GNorm = 0.1239, lr_0 = 3.9060e-04
Loss = 2.5170e-04, PNorm = 35.6182, GNorm = 0.1715, lr_0 = 3.8968e-04
Loss = 2.9915e-04, PNorm = 35.6199, GNorm = 0.1063, lr_0 = 3.8875e-04
Loss = 1.6244e-04, PNorm = 35.6208, GNorm = 0.1329, lr_0 = 3.8783e-04
Loss = 1.8181e-04, PNorm = 35.6220, GNorm = 0.0918, lr_0 = 3.8691e-04
Validation mae = nan
Epoch 42
Loss = 1.4982e-04, PNorm = 35.6231, GNorm = 0.0590, lr_0 = 3.8599e-04
Loss = 2.1586e-04, PNorm = 35.6245, GNorm = 0.1141, lr_0 = 3.8508e-04
Loss = 2.4144e-04, PNorm = 35.6258, GNorm = 0.0725, lr_0 = 3.8417e-04
Loss = 3.7310e-04, PNorm = 35.6266, GNorm = 0.2055, lr_0 = 3.8326e-04
Loss = 2.8598e-04, PNorm = 35.6269, GNorm = 0.1170, lr_0 = 3.8235e-04
Loss = 2.2295e-04, PNorm = 35.6284, GNorm = 0.1517, lr_0 = 3.8144e-04
Loss = 4.5288e-04, PNorm = 35.6299, GNorm = 0.1672, lr_0 = 3.8054e-04
Loss = 3.4240e-04, PNorm = 35.6313, GNorm = 0.0944, lr_0 = 3.7963e-04
Loss = 2.0066e-04, PNorm = 35.6324, GNorm = 0.0980, lr_0 = 3.7873e-04
Loss = 1.6372e-04, PNorm = 35.6333, GNorm = 0.1068, lr_0 = 3.7784e-04
Validation mae = nan
Epoch 43
Loss = 1.8604e-04, PNorm = 35.6342, GNorm = 0.1490, lr_0 = 3.7685e-04
Loss = 1.4532e-04, PNorm = 35.6351, GNorm = 0.0875, lr_0 = 3.7596e-04
Loss = 1.1155e-04, PNorm = 35.6364, GNorm = 0.0680, lr_0 = 3.7507e-04
Loss = 1.3034e-04, PNorm = 35.6371, GNorm = 0.0398, lr_0 = 3.7418e-04
Loss = 1.6328e-04, PNorm = 35.6377, GNorm = 0.0931, lr_0 = 3.7329e-04
Loss = 1.5302e-04, PNorm = 35.6386, GNorm = 0.0439, lr_0 = 3.7241e-04
Loss = 2.5124e-04, PNorm = 35.6399, GNorm = 0.1936, lr_0 = 3.7152e-04
Loss = 2.3936e-04, PNorm = 35.6407, GNorm = 0.1070, lr_0 = 3.7064e-04
Loss = 2.1840e-04, PNorm = 35.6424, GNorm = 0.0982, lr_0 = 3.6976e-04
Loss = 2.2701e-04, PNorm = 35.6434, GNorm = 0.0794, lr_0 = 3.6889e-04
Validation mae = nan
Epoch 44
Loss = 1.6879e-04, PNorm = 35.6436, GNorm = 0.0325, lr_0 = 3.6801e-04
Loss = 2.1855e-04, PNorm = 35.6446, GNorm = 0.0890, lr_0 = 3.6714e-04
Loss = 2.2086e-04, PNorm = 35.6458, GNorm = 0.0562, lr_0 = 3.6627e-04
Loss = 1.9627e-04, PNorm = 35.6469, GNorm = 0.0440, lr_0 = 3.6540e-04
Loss = 1.7835e-04, PNorm = 35.6480, GNorm = 0.1409, lr_0 = 3.6454e-04
Loss = 2.6661e-04, PNorm = 35.6485, GNorm = 0.1841, lr_0 = 3.6367e-04
Loss = 2.5560e-04, PNorm = 35.6493, GNorm = 0.1257, lr_0 = 3.6281e-04
Loss = 2.6652e-04, PNorm = 35.6504, GNorm = 0.0971, lr_0 = 3.6195e-04
Loss = 1.9675e-04, PNorm = 35.6520, GNorm = 0.1215, lr_0 = 3.6109e-04
Loss = 1.2371e-04, PNorm = 35.6531, GNorm = 0.0561, lr_0 = 3.6024e-04
Validation mae = nan
Epoch 45
Loss = 1.3119e-04, PNorm = 35.6539, GNorm = 0.1010, lr_0 = 3.5938e-04
Loss = 1.1225e-04, PNorm = 35.6549, GNorm = 0.0824, lr_0 = 3.5853e-04
Loss = 1.6237e-04, PNorm = 35.6557, GNorm = 0.0850, lr_0 = 3.5768e-04
Loss = 1.6163e-04, PNorm = 35.6566, GNorm = 0.0766, lr_0 = 3.5683e-04
Loss = 1.6136e-04, PNorm = 35.6575, GNorm = 0.0749, lr_0 = 3.5599e-04
Loss = 2.0213e-04, PNorm = 35.6585, GNorm = 0.0366, lr_0 = 3.5514e-04
Loss = 1.7627e-04, PNorm = 35.6594, GNorm = 0.1287, lr_0 = 3.5430e-04
Loss = 1.6795e-04, PNorm = 35.6598, GNorm = 0.0649, lr_0 = 3.5346e-04
Loss = 1.3891e-04, PNorm = 35.6608, GNorm = 0.0566, lr_0 = 3.5262e-04
Loss = 1.2523e-04, PNorm = 35.6615, GNorm = 0.0745, lr_0 = 3.5179e-04
Loss = 6.7156e-05, PNorm = 35.6616, GNorm = 0.0409, lr_0 = 3.5170e-04
Validation mae = nan
Epoch 46
Loss = 1.2189e-04, PNorm = 35.6629, GNorm = 0.0687, lr_0 = 3.5087e-04
Loss = 1.2853e-04, PNorm = 35.6638, GNorm = 0.0522, lr_0 = 3.5004e-04
Loss = 1.6618e-04, PNorm = 35.6643, GNorm = 0.1668, lr_0 = 3.4921e-04
Loss = 1.6033e-04, PNorm = 35.6647, GNorm = 0.0241, lr_0 = 3.4838e-04
Loss = 9.6963e-05, PNorm = 35.6652, GNorm = 0.0413, lr_0 = 3.4755e-04
Loss = 1.9377e-04, PNorm = 35.6665, GNorm = 0.1609, lr_0 = 3.4673e-04
Loss = 1.1952e-04, PNorm = 35.6678, GNorm = 0.0674, lr_0 = 3.4591e-04
Loss = 1.3185e-04, PNorm = 35.6687, GNorm = 0.1124, lr_0 = 3.4509e-04
Loss = 1.7620e-04, PNorm = 35.6699, GNorm = 0.0552, lr_0 = 3.4427e-04
Loss = 1.6674e-04, PNorm = 35.6713, GNorm = 0.1425, lr_0 = 3.4345e-04
Validation mae = nan
Epoch 47
Loss = 3.3920e-04, PNorm = 35.6718, GNorm = 0.2307, lr_0 = 3.4264e-04
Loss = 2.5950e-04, PNorm = 35.6728, GNorm = 0.0983, lr_0 = 3.4183e-04
Loss = 1.7998e-04, PNorm = 35.6743, GNorm = 0.1085, lr_0 = 3.4102e-04
Loss = 2.4638e-04, PNorm = 35.6749, GNorm = 0.0596, lr_0 = 3.4021e-04
Loss = 1.9633e-04, PNorm = 35.6750, GNorm = 0.0496, lr_0 = 3.3940e-04
Loss = 3.6141e-04, PNorm = 35.6757, GNorm = 0.1672, lr_0 = 3.3860e-04
Loss = 3.8247e-04, PNorm = 35.6769, GNorm = 0.0903, lr_0 = 3.3780e-04
Loss = 3.4789e-04, PNorm = 35.6785, GNorm = 0.2345, lr_0 = 3.3699e-04
Loss = 3.2159e-04, PNorm = 35.6804, GNorm = 0.0784, lr_0 = 3.3620e-04
Validation mae = nan
Epoch 48
Loss = 3.2165e-04, PNorm = 35.6818, GNorm = 0.1347, lr_0 = 3.3532e-04
Loss = 2.0924e-04, PNorm = 35.6825, GNorm = 0.0886, lr_0 = 3.3452e-04
Loss = 1.5742e-04, PNorm = 35.6837, GNorm = 0.0474, lr_0 = 3.3373e-04
Loss = 1.9300e-04, PNorm = 35.6852, GNorm = 0.0883, lr_0 = 3.3294e-04
Loss = 2.1574e-04, PNorm = 35.6863, GNorm = 0.1012, lr_0 = 3.3215e-04
Loss = 1.4592e-04, PNorm = 35.6872, GNorm = 0.1176, lr_0 = 3.3136e-04
Loss = 1.3662e-04, PNorm = 35.6879, GNorm = 0.1020, lr_0 = 3.3058e-04
Loss = 2.1301e-04, PNorm = 35.6891, GNorm = 0.0717, lr_0 = 3.2979e-04
Loss = 1.0002e-04, PNorm = 35.6905, GNorm = 0.0511, lr_0 = 3.2901e-04
Loss = 1.3306e-04, PNorm = 35.6915, GNorm = 0.1090, lr_0 = 3.2823e-04
Validation mae = nan
Epoch 49
Loss = 2.0160e-04, PNorm = 35.6923, GNorm = 0.1086, lr_0 = 3.2745e-04
Loss = 2.7113e-04, PNorm = 35.6932, GNorm = 0.1744, lr_0 = 3.2668e-04
Loss = 2.5862e-04, PNorm = 35.6941, GNorm = 0.0807, lr_0 = 3.2590e-04
Loss = 1.8437e-04, PNorm = 35.6952, GNorm = 0.1163, lr_0 = 3.2513e-04
Loss = 2.3306e-04, PNorm = 35.6958, GNorm = 0.0446, lr_0 = 3.2436e-04
Loss = 1.5929e-04, PNorm = 35.6965, GNorm = 0.0352, lr_0 = 3.2359e-04
Loss = 1.2056e-04, PNorm = 35.6973, GNorm = 0.0316, lr_0 = 3.2283e-04
Loss = 1.5081e-04, PNorm = 35.6986, GNorm = 0.0948, lr_0 = 3.2206e-04
Loss = 1.4430e-04, PNorm = 35.6995, GNorm = 0.0436, lr_0 = 3.2130e-04
Loss = 1.7430e-04, PNorm = 35.7006, GNorm = 0.0424, lr_0 = 3.2053e-04
Validation mae = nan
Epoch 50
Loss = 1.4266e-04, PNorm = 35.7016, GNorm = 0.0772, lr_0 = 3.1977e-04
Loss = 1.7336e-04, PNorm = 35.7022, GNorm = 0.1051, lr_0 = 3.1902e-04
Loss = 1.5456e-04, PNorm = 35.7026, GNorm = 0.1030, lr_0 = 3.1826e-04
Loss = 1.2418e-04, PNorm = 35.7031, GNorm = 0.0986, lr_0 = 3.1751e-04
Loss = 1.4507e-04, PNorm = 35.7037, GNorm = 0.1053, lr_0 = 3.1675e-04
Loss = 1.4930e-04, PNorm = 35.7047, GNorm = 0.0908, lr_0 = 3.1600e-04
Loss = 1.9314e-04, PNorm = 35.7058, GNorm = 0.0880, lr_0 = 3.1525e-04
Loss = 2.0300e-04, PNorm = 35.7069, GNorm = 0.0773, lr_0 = 3.1451e-04
Loss = 2.9021e-04, PNorm = 35.7078, GNorm = 0.1125, lr_0 = 3.1376e-04
Loss = 2.6160e-04, PNorm = 35.7093, GNorm = 0.1014, lr_0 = 3.1302e-04
Validation mae = nan
Epoch 51
Loss = 1.6647e-04, PNorm = 35.7105, GNorm = 0.0716, lr_0 = 3.1220e-04
Loss = 1.2174e-04, PNorm = 35.7112, GNorm = 0.0751, lr_0 = 3.1146e-04
Loss = 7.9034e-05, PNorm = 35.7120, GNorm = 0.0236, lr_0 = 3.1072e-04
Loss = 1.4085e-04, PNorm = 35.7130, GNorm = 0.0391, lr_0 = 3.0999e-04
Loss = 1.1392e-04, PNorm = 35.7135, GNorm = 0.0482, lr_0 = 3.0925e-04
Loss = 1.0641e-04, PNorm = 35.7139, GNorm = 0.0572, lr_0 = 3.0852e-04
Loss = 2.2002e-04, PNorm = 35.7154, GNorm = 0.0811, lr_0 = 3.0779e-04
Loss = 2.0943e-04, PNorm = 35.7168, GNorm = 0.0829, lr_0 = 3.0706e-04
Loss = 1.5230e-04, PNorm = 35.7180, GNorm = 0.0733, lr_0 = 3.0633e-04
Loss = 1.6848e-04, PNorm = 35.7188, GNorm = 0.1017, lr_0 = 3.0560e-04
Validation mae = nan
Epoch 52
Loss = 1.2588e-04, PNorm = 35.7198, GNorm = 0.0650, lr_0 = 3.0488e-04
Loss = 2.1716e-04, PNorm = 35.7204, GNorm = 0.0578, lr_0 = 3.0416e-04
Loss = 3.4495e-04, PNorm = 35.7217, GNorm = 0.2870, lr_0 = 3.0343e-04
Loss = 4.5016e-04, PNorm = 35.7226, GNorm = 0.1832, lr_0 = 3.0272e-04
Loss = 2.0655e-04, PNorm = 35.7233, GNorm = 0.0973, lr_0 = 3.0200e-04
Loss = 1.1586e-04, PNorm = 35.7246, GNorm = 0.0566, lr_0 = 3.0128e-04
Loss = 1.2611e-04, PNorm = 35.7257, GNorm = 0.0618, lr_0 = 3.0057e-04
Loss = 1.0445e-04, PNorm = 35.7265, GNorm = 0.0377, lr_0 = 2.9986e-04
Loss = 1.4130e-04, PNorm = 35.7277, GNorm = 0.0617, lr_0 = 2.9914e-04
Loss = 1.4205e-04, PNorm = 35.7284, GNorm = 0.0646, lr_0 = 2.9844e-04
Validation mae = nan
Epoch 53
Loss = 7.4623e-05, PNorm = 35.7301, GNorm = 0.0254, lr_0 = 2.9766e-04
Loss = 9.3413e-05, PNorm = 35.7310, GNorm = 0.0707, lr_0 = 2.9695e-04
Loss = 1.3311e-04, PNorm = 35.7314, GNorm = 0.1084, lr_0 = 2.9625e-04
Loss = 1.4417e-04, PNorm = 35.7324, GNorm = 0.1324, lr_0 = 2.9555e-04
Loss = 1.4696e-04, PNorm = 35.7330, GNorm = 0.0635, lr_0 = 2.9485e-04
Loss = 1.5467e-04, PNorm = 35.7343, GNorm = 0.1171, lr_0 = 2.9415e-04
Loss = 1.3843e-04, PNorm = 35.7350, GNorm = 0.0769, lr_0 = 2.9345e-04
Loss = 1.6562e-04, PNorm = 35.7355, GNorm = 0.0696, lr_0 = 2.9275e-04
Loss = 3.1672e-04, PNorm = 35.7362, GNorm = 0.2987, lr_0 = 2.9206e-04
Loss = 4.0017e-04, PNorm = 35.7374, GNorm = 0.1399, lr_0 = 2.9137e-04
Validation mae = nan
Epoch 54
Loss = 7.5347e-04, PNorm = 35.7385, GNorm = 0.1942, lr_0 = 2.9068e-04
Loss = 4.3909e-04, PNorm = 35.7393, GNorm = 0.0854, lr_0 = 2.8999e-04
Loss = 2.0422e-04, PNorm = 35.7400, GNorm = 0.0612, lr_0 = 2.8930e-04
Loss = 1.1093e-04, PNorm = 35.7413, GNorm = 0.0362, lr_0 = 2.8861e-04
Loss = 1.2408e-04, PNorm = 35.7423, GNorm = 0.0495, lr_0 = 2.8793e-04
Loss = 1.6570e-04, PNorm = 35.7431, GNorm = 0.0538, lr_0 = 2.8725e-04
Loss = 1.2874e-04, PNorm = 35.7439, GNorm = 0.0975, lr_0 = 2.8657e-04
Loss = 2.8782e-04, PNorm = 35.7450, GNorm = 0.0975, lr_0 = 2.8589e-04
Loss = 3.4535e-04, PNorm = 35.7462, GNorm = 0.1215, lr_0 = 2.8521e-04
Loss = 3.3671e-04, PNorm = 35.7473, GNorm = 0.2423, lr_0 = 2.8453e-04
Validation mae = nan
Epoch 55
Loss = 4.0708e-04, PNorm = 35.7476, GNorm = 0.1625, lr_0 = 2.8379e-04
Loss = 2.9684e-04, PNorm = 35.7487, GNorm = 0.0647, lr_0 = 2.8312e-04
Loss = 3.1737e-04, PNorm = 35.7503, GNorm = 0.1600, lr_0 = 2.8245e-04
Loss = 1.4737e-04, PNorm = 35.7512, GNorm = 0.0582, lr_0 = 2.8178e-04
Loss = 1.4171e-04, PNorm = 35.7521, GNorm = 0.0878, lr_0 = 2.8111e-04
Loss = 1.3441e-04, PNorm = 35.7530, GNorm = 0.0517, lr_0 = 2.8044e-04
Loss = 1.2916e-04, PNorm = 35.7534, GNorm = 0.0551, lr_0 = 2.7978e-04
Loss = 1.4030e-04, PNorm = 35.7539, GNorm = 0.0551, lr_0 = 2.7912e-04
Loss = 1.4516e-04, PNorm = 35.7542, GNorm = 0.0887, lr_0 = 2.7845e-04
Loss = 1.8284e-04, PNorm = 35.7545, GNorm = 0.1111, lr_0 = 2.7779e-04
Validation mae = nan
Epoch 56
Loss = 2.2005e-04, PNorm = 35.7555, GNorm = 0.1417, lr_0 = 2.7714e-04
Loss = 1.7187e-04, PNorm = 35.7564, GNorm = 0.0880, lr_0 = 2.7648e-04
Loss = 1.4364e-04, PNorm = 35.7574, GNorm = 0.0794, lr_0 = 2.7582e-04
Loss = 1.4736e-04, PNorm = 35.7587, GNorm = 0.0758, lr_0 = 2.7517e-04
Loss = 1.2492e-04, PNorm = 35.7596, GNorm = 0.0367, lr_0 = 2.7452e-04
Loss = 8.4634e-05, PNorm = 35.7604, GNorm = 0.0352, lr_0 = 2.7387e-04
Loss = 7.3504e-05, PNorm = 35.7608, GNorm = 0.0419, lr_0 = 2.7322e-04
Loss = 1.3602e-04, PNorm = 35.7618, GNorm = 0.0728, lr_0 = 2.7257e-04
Loss = 1.4449e-04, PNorm = 35.7630, GNorm = 0.0414, lr_0 = 2.7192e-04
Loss = 9.5782e-05, PNorm = 35.7642, GNorm = 0.0480, lr_0 = 2.7128e-04
Validation mae = nan
Epoch 57
Loss = 8.7420e-05, PNorm = 35.7648, GNorm = 0.0139, lr_0 = 2.7064e-04
Loss = 1.0749e-04, PNorm = 35.7650, GNorm = 0.0653, lr_0 = 2.6999e-04
Loss = 8.4338e-05, PNorm = 35.7654, GNorm = 0.0503, lr_0 = 2.6935e-04
Loss = 9.3823e-05, PNorm = 35.7663, GNorm = 0.0751, lr_0 = 2.6872e-04
Loss = 8.5415e-05, PNorm = 35.7671, GNorm = 0.0458, lr_0 = 2.6808e-04
Loss = 6.4437e-05, PNorm = 35.7678, GNorm = 0.0389, lr_0 = 2.6744e-04
Loss = 1.4918e-04, PNorm = 35.7682, GNorm = 0.2045, lr_0 = 2.6681e-04
Loss = 2.0220e-04, PNorm = 35.7693, GNorm = 0.1053, lr_0 = 2.6618e-04
Loss = 1.6961e-04, PNorm = 35.7704, GNorm = 0.0935, lr_0 = 2.6555e-04
Loss = 2.3187e-04, PNorm = 35.7718, GNorm = 0.0487, lr_0 = 2.6492e-04
Validation mae = nan
Epoch 58
Loss = 8.6518e-05, PNorm = 35.7723, GNorm = 0.0296, lr_0 = 2.6423e-04
Loss = 7.0764e-05, PNorm = 35.7731, GNorm = 0.0464, lr_0 = 2.6360e-04
Loss = 9.2009e-05, PNorm = 35.7738, GNorm = 0.0251, lr_0 = 2.6297e-04
Loss = 9.6815e-05, PNorm = 35.7746, GNorm = 0.1043, lr_0 = 2.6235e-04
Loss = 1.1817e-04, PNorm = 35.7754, GNorm = 0.0402, lr_0 = 2.6173e-04
Loss = 1.7174e-04, PNorm = 35.7759, GNorm = 0.0383, lr_0 = 2.6111e-04
Loss = 1.1313e-04, PNorm = 35.7762, GNorm = 0.0511, lr_0 = 2.6049e-04
Loss = 1.1790e-04, PNorm = 35.7771, GNorm = 0.0373, lr_0 = 2.5987e-04
Loss = 8.4790e-05, PNorm = 35.7779, GNorm = 0.0409, lr_0 = 2.5926e-04
Loss = 7.9139e-05, PNorm = 35.7789, GNorm = 0.0519, lr_0 = 2.5864e-04
Validation mae = nan
Epoch 59
Loss = 7.2739e-05, PNorm = 35.7798, GNorm = 0.0415, lr_0 = 2.5803e-04
Loss = 8.0300e-05, PNorm = 35.7805, GNorm = 0.0404, lr_0 = 2.5742e-04
Loss = 8.0835e-05, PNorm = 35.7810, GNorm = 0.0492, lr_0 = 2.5681e-04
Loss = 6.9814e-05, PNorm = 35.7813, GNorm = 0.0545, lr_0 = 2.5620e-04
Loss = 7.9920e-05, PNorm = 35.7817, GNorm = 0.0422, lr_0 = 2.5559e-04
Loss = 8.6423e-05, PNorm = 35.7826, GNorm = 0.0380, lr_0 = 2.5498e-04
Loss = 7.7055e-05, PNorm = 35.7834, GNorm = 0.0389, lr_0 = 2.5438e-04
Loss = 8.9256e-05, PNorm = 35.7840, GNorm = 0.0364, lr_0 = 2.5378e-04
Loss = 1.2236e-04, PNorm = 35.7847, GNorm = 0.0990, lr_0 = 2.5318e-04
Loss = 9.1554e-05, PNorm = 35.7852, GNorm = 0.0593, lr_0 = 2.5258e-04
Validation mae = nan
Epoch 60
Loss = 6.0933e-05, PNorm = 35.7857, GNorm = 0.0588, lr_0 = 2.5192e-04
Loss = 4.4673e-05, PNorm = 35.7861, GNorm = 0.0444, lr_0 = 2.5132e-04
Loss = 9.0575e-05, PNorm = 35.7867, GNorm = 0.1222, lr_0 = 2.5072e-04
Loss = 1.1146e-04, PNorm = 35.7876, GNorm = 0.0695, lr_0 = 2.5013e-04
Loss = 1.5081e-04, PNorm = 35.7888, GNorm = 0.0764, lr_0 = 2.4954e-04
Loss = 1.4279e-04, PNorm = 35.7896, GNorm = 0.0552, lr_0 = 2.4895e-04
Loss = 1.2769e-04, PNorm = 35.7902, GNorm = 0.0473, lr_0 = 2.4836e-04
Loss = 1.7098e-04, PNorm = 35.7904, GNorm = 0.0734, lr_0 = 2.4777e-04
Loss = 1.7429e-04, PNorm = 35.7913, GNorm = 0.0707, lr_0 = 2.4718e-04
Loss = 1.4541e-04, PNorm = 35.7923, GNorm = 0.0554, lr_0 = 2.4659e-04
Validation mae = nan
Epoch 61
Loss = 1.2774e-04, PNorm = 35.7931, GNorm = 0.1248, lr_0 = 2.4601e-04
Loss = 1.3761e-04, PNorm = 35.7936, GNorm = 0.0992, lr_0 = 2.4543e-04
Loss = 1.5674e-04, PNorm = 35.7942, GNorm = 0.0829, lr_0 = 2.4484e-04
Loss = 1.8305e-04, PNorm = 35.7946, GNorm = 0.1400, lr_0 = 2.4426e-04
Loss = 2.1365e-04, PNorm = 35.7949, GNorm = 0.0589, lr_0 = 2.4368e-04
Loss = 3.9531e-04, PNorm = 35.7956, GNorm = 0.0841, lr_0 = 2.4311e-04
Loss = 3.2933e-04, PNorm = 35.7965, GNorm = 0.0412, lr_0 = 2.4253e-04
Loss = 3.4846e-04, PNorm = 35.7977, GNorm = 0.1196, lr_0 = 2.4196e-04
Loss = 5.0596e-04, PNorm = 35.7982, GNorm = 0.1392, lr_0 = 2.4138e-04
Loss = 6.7025e-04, PNorm = 35.7988, GNorm = 0.1503, lr_0 = 2.4081e-04
Validation mae = nan
Epoch 62
Loss = 6.4629e-04, PNorm = 35.7995, GNorm = 0.1900, lr_0 = 2.4018e-04
Loss = 5.9430e-04, PNorm = 35.8008, GNorm = 0.2127, lr_0 = 2.3961e-04
Loss = 3.3843e-04, PNorm = 35.8025, GNorm = 0.1142, lr_0 = 2.3904e-04
Loss = 2.3260e-04, PNorm = 35.8035, GNorm = 0.1198, lr_0 = 2.3848e-04
Loss = 1.8197e-04, PNorm = 35.8042, GNorm = 0.0995, lr_0 = 2.3791e-04
Loss = 1.5519e-04, PNorm = 35.8051, GNorm = 0.0821, lr_0 = 2.3735e-04
Loss = 1.2352e-04, PNorm = 35.8060, GNorm = 0.0557, lr_0 = 2.3679e-04
Loss = 1.2546e-04, PNorm = 35.8071, GNorm = 0.0907, lr_0 = 2.3622e-04
Loss = 1.2073e-04, PNorm = 35.8082, GNorm = 0.0868, lr_0 = 2.3566e-04
Loss = 9.1007e-05, PNorm = 35.8088, GNorm = 0.0482, lr_0 = 2.3511e-04
Validation mae = nan
Epoch 63
Loss = 7.9840e-05, PNorm = 35.8096, GNorm = 0.0611, lr_0 = 2.3455e-04
Loss = 8.2269e-05, PNorm = 35.8102, GNorm = 0.0779, lr_0 = 2.3399e-04
Loss = 8.6838e-05, PNorm = 35.8105, GNorm = 0.0412, lr_0 = 2.3344e-04
Loss = 9.4916e-05, PNorm = 35.8112, GNorm = 0.0564, lr_0 = 2.3288e-04
Loss = 1.1694e-04, PNorm = 35.8124, GNorm = 0.0550, lr_0 = 2.3233e-04
Loss = 9.9046e-05, PNorm = 35.8133, GNorm = 0.0437, lr_0 = 2.3178e-04
Loss = 1.3379e-04, PNorm = 35.8134, GNorm = 0.0445, lr_0 = 2.3123e-04
Loss = 1.7585e-04, PNorm = 35.8145, GNorm = 0.0733, lr_0 = 2.3068e-04
Loss = 1.7385e-04, PNorm = 35.8155, GNorm = 0.0484, lr_0 = 2.3014e-04
Loss = 1.3382e-04, PNorm = 35.8164, GNorm = 0.1102, lr_0 = 2.2959e-04
Validation mae = nan
Epoch 64
Loss = 1.1822e-04, PNorm = 35.8167, GNorm = 0.0389, lr_0 = 2.2905e-04
Loss = 1.3962e-04, PNorm = 35.8180, GNorm = 0.0960, lr_0 = 2.2850e-04
Loss = 1.4082e-04, PNorm = 35.8189, GNorm = 0.0369, lr_0 = 2.2796e-04
Loss = 1.4380e-04, PNorm = 35.8194, GNorm = 0.0663, lr_0 = 2.2742e-04
Loss = 2.2897e-04, PNorm = 35.8198, GNorm = 0.0884, lr_0 = 2.2688e-04
Loss = 1.1005e-04, PNorm = 35.8203, GNorm = 0.1012, lr_0 = 2.2635e-04
Loss = 2.2305e-04, PNorm = 35.8212, GNorm = 0.1462, lr_0 = 2.2581e-04
Loss = 2.0758e-04, PNorm = 35.8217, GNorm = 0.1123, lr_0 = 2.2527e-04
Loss = 1.7985e-04, PNorm = 35.8223, GNorm = 0.0644, lr_0 = 2.2474e-04
Loss = 1.4313e-04, PNorm = 35.8232, GNorm = 0.0739, lr_0 = 2.2421e-04
Validation mae = nan
Epoch 65
Loss = 1.3545e-04, PNorm = 35.8237, GNorm = 0.0841, lr_0 = 2.2362e-04
Loss = 1.2944e-04, PNorm = 35.8242, GNorm = 0.0741, lr_0 = 2.2309e-04
Loss = 9.3130e-05, PNorm = 35.8248, GNorm = 0.0542, lr_0 = 2.2256e-04
Loss = 9.3900e-05, PNorm = 35.8256, GNorm = 0.0171, lr_0 = 2.2204e-04
Loss = 1.0008e-04, PNorm = 35.8263, GNorm = 0.0340, lr_0 = 2.2151e-04
Loss = 7.4158e-05, PNorm = 35.8265, GNorm = 0.0505, lr_0 = 2.2098e-04
Loss = 7.3545e-05, PNorm = 35.8269, GNorm = 0.0264, lr_0 = 2.2046e-04
Loss = 7.8168e-05, PNorm = 35.8279, GNorm = 0.0474, lr_0 = 2.1994e-04
Loss = 6.7266e-05, PNorm = 35.8287, GNorm = 0.0307, lr_0 = 2.1942e-04
Loss = 5.9150e-05, PNorm = 35.8291, GNorm = 0.0613, lr_0 = 2.1890e-04
Validation mae = nan
Epoch 66
Loss = 7.9519e-05, PNorm = 35.8293, GNorm = 0.0433, lr_0 = 2.1838e-04
Loss = 8.9415e-05, PNorm = 35.8297, GNorm = 0.0535, lr_0 = 2.1786e-04
Loss = 9.1654e-05, PNorm = 35.8303, GNorm = 0.0568, lr_0 = 2.1734e-04
Loss = 1.2266e-04, PNorm = 35.8306, GNorm = 0.0602, lr_0 = 2.1683e-04
Loss = 6.2560e-05, PNorm = 35.8313, GNorm = 0.0426, lr_0 = 2.1631e-04
Loss = 6.0468e-05, PNorm = 35.8318, GNorm = 0.0185, lr_0 = 2.1580e-04
Loss = 8.3074e-05, PNorm = 35.8320, GNorm = 0.0488, lr_0 = 2.1529e-04
Loss = 1.1294e-04, PNorm = 35.8325, GNorm = 0.0527, lr_0 = 2.1478e-04
Loss = 1.3200e-04, PNorm = 35.8328, GNorm = 0.1587, lr_0 = 2.1427e-04
Loss = 1.3889e-04, PNorm = 35.8334, GNorm = 0.0663, lr_0 = 2.1376e-04
Validation mae = nan
Epoch 67
Loss = 9.0026e-05, PNorm = 35.8343, GNorm = 0.0429, lr_0 = 2.1321e-04
Loss = 1.1072e-04, PNorm = 35.8351, GNorm = 0.0313, lr_0 = 2.1270e-04
Loss = 1.1531e-04, PNorm = 35.8359, GNorm = 0.0662, lr_0 = 2.1220e-04
Loss = 1.0347e-04, PNorm = 35.8366, GNorm = 0.0680, lr_0 = 2.1169e-04
Loss = 1.4682e-04, PNorm = 35.8368, GNorm = 0.1672, lr_0 = 2.1119e-04
Loss = 2.3324e-04, PNorm = 35.8370, GNorm = 0.1248, lr_0 = 2.1069e-04
Loss = 2.7501e-04, PNorm = 35.8374, GNorm = 0.2076, lr_0 = 2.1019e-04
Loss = 1.3102e-04, PNorm = 35.8383, GNorm = 0.0930, lr_0 = 2.0969e-04
Loss = 1.2323e-04, PNorm = 35.8385, GNorm = 0.0512, lr_0 = 2.0920e-04
Loss = 1.0239e-04, PNorm = 35.8393, GNorm = 0.0575, lr_0 = 2.0870e-04
Validation mae = nan
Epoch 68
Loss = 9.0238e-05, PNorm = 35.8397, GNorm = 0.0637, lr_0 = 2.0820e-04
Loss = 7.6936e-05, PNorm = 35.8400, GNorm = 0.0698, lr_0 = 2.0771e-04
Loss = 8.7785e-05, PNorm = 35.8409, GNorm = 0.0680, lr_0 = 2.0722e-04
Loss = 7.8639e-05, PNorm = 35.8419, GNorm = 0.0515, lr_0 = 2.0673e-04
Loss = 1.0384e-04, PNorm = 35.8422, GNorm = 0.0848, lr_0 = 2.0624e-04
Loss = 9.7899e-05, PNorm = 35.8425, GNorm = 0.0268, lr_0 = 2.0575e-04
Loss = 9.6185e-05, PNorm = 35.8432, GNorm = 0.0518, lr_0 = 2.0526e-04
Loss = 1.0270e-04, PNorm = 35.8433, GNorm = 0.0814, lr_0 = 2.0477e-04
Loss = 1.0333e-04, PNorm = 35.8435, GNorm = 0.0356, lr_0 = 2.0429e-04
Loss = 8.1918e-05, PNorm = 35.8440, GNorm = 0.0436, lr_0 = 2.0380e-04
Validation mae = nan
Epoch 69
Loss = 5.6140e-05, PNorm = 35.8443, GNorm = 0.0812, lr_0 = 2.0332e-04
Loss = 7.7058e-05, PNorm = 35.8450, GNorm = 0.0485, lr_0 = 2.0284e-04
Loss = 5.7502e-05, PNorm = 35.8454, GNorm = 0.0226, lr_0 = 2.0236e-04
Loss = 7.0287e-05, PNorm = 35.8459, GNorm = 0.0534, lr_0 = 2.0188e-04
Loss = 1.2339e-04, PNorm = 35.8462, GNorm = 0.1246, lr_0 = 2.0140e-04
Loss = 1.0879e-04, PNorm = 35.8466, GNorm = 0.0232, lr_0 = 2.0092e-04
Loss = 1.6264e-04, PNorm = 35.8473, GNorm = 0.1161, lr_0 = 2.0045e-04
Loss = 1.3385e-04, PNorm = 35.8479, GNorm = 0.0614, lr_0 = 1.9997e-04
Loss = 8.5372e-05, PNorm = 35.8482, GNorm = 0.0266, lr_0 = 1.9950e-04
Loss = 7.5211e-05, PNorm = 35.8490, GNorm = 0.0400, lr_0 = 1.9902e-04
Loss = 1.2363e-04, PNorm = 35.8491, GNorm = 0.1010, lr_0 = 1.9898e-04
Validation mae = nan
Epoch 70
Loss = 9.5552e-05, PNorm = 35.8497, GNorm = 0.0695, lr_0 = 1.9851e-04
Loss = 1.0916e-04, PNorm = 35.8502, GNorm = 0.0778, lr_0 = 1.9804e-04
Loss = 1.2097e-04, PNorm = 35.8507, GNorm = 0.0800, lr_0 = 1.9757e-04
Loss = 1.0990e-04, PNorm = 35.8511, GNorm = 0.0974, lr_0 = 1.9710e-04
Loss = 9.1437e-05, PNorm = 35.8515, GNorm = 0.0585, lr_0 = 1.9663e-04
Loss = 8.5547e-05, PNorm = 35.8521, GNorm = 0.0579, lr_0 = 1.9616e-04
Loss = 8.6338e-05, PNorm = 35.8531, GNorm = 0.0355, lr_0 = 1.9570e-04
Loss = 6.6035e-05, PNorm = 35.8539, GNorm = 0.0781, lr_0 = 1.9524e-04
Loss = 6.9213e-05, PNorm = 35.8545, GNorm = 0.0540, lr_0 = 1.9477e-04
Loss = 7.8346e-05, PNorm = 35.8548, GNorm = 0.0495, lr_0 = 1.9431e-04
Validation mae = nan
Epoch 71
Loss = 7.0425e-05, PNorm = 35.8553, GNorm = 0.0705, lr_0 = 1.9385e-04
Loss = 7.6282e-05, PNorm = 35.8558, GNorm = 0.0385, lr_0 = 1.9339e-04
Loss = 8.4021e-05, PNorm = 35.8563, GNorm = 0.0593, lr_0 = 1.9293e-04
Loss = 6.0926e-05, PNorm = 35.8568, GNorm = 0.0565, lr_0 = 1.9248e-04
Loss = 6.5994e-05, PNorm = 35.8571, GNorm = 0.0341, lr_0 = 1.9202e-04
Loss = 6.9169e-05, PNorm = 35.8572, GNorm = 0.0704, lr_0 = 1.9156e-04
Loss = 6.1235e-05, PNorm = 35.8577, GNorm = 0.0523, lr_0 = 1.9111e-04
Loss = 7.1708e-05, PNorm = 35.8585, GNorm = 0.0578, lr_0 = 1.9066e-04
Loss = 8.9594e-05, PNorm = 35.8589, GNorm = 0.0354, lr_0 = 1.9020e-04
Validation mae = nan
Epoch 72
Loss = 1.1530e-04, PNorm = 35.8596, GNorm = 0.0369, lr_0 = 1.8971e-04
Loss = 5.7981e-05, PNorm = 35.8602, GNorm = 0.0444, lr_0 = 1.8926e-04
Loss = 6.3671e-05, PNorm = 35.8605, GNorm = 0.0420, lr_0 = 1.8881e-04
Loss = 5.8031e-05, PNorm = 35.8610, GNorm = 0.0408, lr_0 = 1.8836e-04
Loss = 6.9942e-05, PNorm = 35.8614, GNorm = 0.0430, lr_0 = 1.8792e-04
Loss = 6.1384e-05, PNorm = 35.8621, GNorm = 0.0798, lr_0 = 1.8747e-04
Loss = 9.6706e-05, PNorm = 35.8629, GNorm = 0.0366, lr_0 = 1.8703e-04
Loss = 5.9816e-05, PNorm = 35.8633, GNorm = 0.0461, lr_0 = 1.8658e-04
Loss = 7.5412e-05, PNorm = 35.8638, GNorm = 0.0194, lr_0 = 1.8614e-04
Loss = 1.1604e-04, PNorm = 35.8640, GNorm = 0.0393, lr_0 = 1.8570e-04
Validation mae = nan
Epoch 73
Loss = 4.4575e-05, PNorm = 35.8643, GNorm = 0.0417, lr_0 = 1.8526e-04
Loss = 5.8101e-05, PNorm = 35.8647, GNorm = 0.0566, lr_0 = 1.8482e-04
Loss = 5.2873e-05, PNorm = 35.8649, GNorm = 0.0182, lr_0 = 1.8438e-04
Loss = 5.5023e-05, PNorm = 35.8652, GNorm = 0.0296, lr_0 = 1.8394e-04
Loss = 9.9494e-05, PNorm = 35.8658, GNorm = 0.0692, lr_0 = 1.8351e-04
Loss = 1.2331e-04, PNorm = 35.8665, GNorm = 0.1035, lr_0 = 1.8307e-04
Loss = 8.7052e-05, PNorm = 35.8673, GNorm = 0.0435, lr_0 = 1.8264e-04
Loss = 1.5316e-04, PNorm = 35.8675, GNorm = 0.1684, lr_0 = 1.8221e-04
Loss = 1.6987e-04, PNorm = 35.8671, GNorm = 0.0919, lr_0 = 1.8177e-04
Loss = 1.1646e-04, PNorm = 35.8682, GNorm = 0.0496, lr_0 = 1.8134e-04
Validation mae = nan
Epoch 74
Loss = 8.7035e-05, PNorm = 35.8691, GNorm = 0.0476, lr_0 = 1.8087e-04
Loss = 7.9558e-05, PNorm = 35.8696, GNorm = 0.0501, lr_0 = 1.8044e-04
Loss = 7.0238e-05, PNorm = 35.8699, GNorm = 0.0506, lr_0 = 1.8001e-04
Loss = 7.6483e-05, PNorm = 35.8704, GNorm = 0.0516, lr_0 = 1.7959e-04
Loss = 7.8530e-05, PNorm = 35.8709, GNorm = 0.0702, lr_0 = 1.7916e-04
Loss = 8.0825e-05, PNorm = 35.8713, GNorm = 0.0747, lr_0 = 1.7874e-04
Loss = 8.9466e-05, PNorm = 35.8722, GNorm = 0.0703, lr_0 = 1.7831e-04
Loss = 6.7275e-05, PNorm = 35.8723, GNorm = 0.0678, lr_0 = 1.7789e-04
Loss = 8.8187e-05, PNorm = 35.8728, GNorm = 0.0538, lr_0 = 1.7747e-04
Loss = 8.7448e-05, PNorm = 35.8738, GNorm = 0.0876, lr_0 = 1.7705e-04
Validation mae = nan
Epoch 75
Loss = 6.4598e-05, PNorm = 35.8743, GNorm = 0.0221, lr_0 = 1.7663e-04
Loss = 5.2167e-05, PNorm = 35.8748, GNorm = 0.0441, lr_0 = 1.7621e-04
Loss = 5.4949e-05, PNorm = 35.8751, GNorm = 0.0355, lr_0 = 1.7579e-04
Loss = 7.2500e-05, PNorm = 35.8750, GNorm = 0.0393, lr_0 = 1.7538e-04
Loss = 7.3406e-05, PNorm = 35.8755, GNorm = 0.0680, lr_0 = 1.7496e-04
Loss = 9.8071e-05, PNorm = 35.8759, GNorm = 0.0647, lr_0 = 1.7455e-04
Loss = 7.7628e-05, PNorm = 35.8764, GNorm = 0.0359, lr_0 = 1.7413e-04
Loss = 1.0628e-04, PNorm = 35.8767, GNorm = 0.0720, lr_0 = 1.7372e-04
Loss = 5.8387e-05, PNorm = 35.8770, GNorm = 0.0383, lr_0 = 1.7331e-04
Loss = 5.9733e-05, PNorm = 35.8777, GNorm = 0.0454, lr_0 = 1.7290e-04
Validation mae = nan
Epoch 76
Loss = 7.8152e-05, PNorm = 35.8782, GNorm = 0.0335, lr_0 = 1.7249e-04
Loss = 6.1476e-05, PNorm = 35.8789, GNorm = 0.0298, lr_0 = 1.7208e-04
Loss = 5.5813e-05, PNorm = 35.8793, GNorm = 0.0245, lr_0 = 1.7167e-04
Loss = 1.0011e-04, PNorm = 35.8797, GNorm = 0.1111, lr_0 = 1.7126e-04
Loss = 1.2370e-04, PNorm = 35.8800, GNorm = 0.0515, lr_0 = 1.7086e-04
Loss = 1.5438e-04, PNorm = 35.8806, GNorm = 0.0437, lr_0 = 1.7045e-04
Loss = 1.2626e-04, PNorm = 35.8815, GNorm = 0.0294, lr_0 = 1.7005e-04
Loss = 1.4846e-04, PNorm = 35.8821, GNorm = 0.0841, lr_0 = 1.6964e-04
Loss = 1.3686e-04, PNorm = 35.8826, GNorm = 0.0725, lr_0 = 1.6924e-04
Loss = 9.7719e-05, PNorm = 35.8833, GNorm = 0.0894, lr_0 = 1.6884e-04
Validation mae = nan
Epoch 77
Loss = 1.8311e-04, PNorm = 35.8835, GNorm = 0.1186, lr_0 = 1.6840e-04
Loss = 1.8183e-04, PNorm = 35.8839, GNorm = 0.1963, lr_0 = 1.6800e-04
Loss = 1.5935e-04, PNorm = 35.8844, GNorm = 0.0974, lr_0 = 1.6760e-04
Loss = 1.3949e-04, PNorm = 35.8852, GNorm = 0.0378, lr_0 = 1.6721e-04
Loss = 9.8466e-05, PNorm = 35.8854, GNorm = 0.0391, lr_0 = 1.6681e-04
Loss = 7.8990e-05, PNorm = 35.8861, GNorm = 0.0967, lr_0 = 1.6641e-04
Loss = 8.0023e-05, PNorm = 35.8864, GNorm = 0.0528, lr_0 = 1.6602e-04
Loss = 6.7036e-05, PNorm = 35.8872, GNorm = 0.0598, lr_0 = 1.6563e-04
Loss = 6.1616e-05, PNorm = 35.8875, GNorm = 0.0276, lr_0 = 1.6523e-04
Loss = 5.2506e-05, PNorm = 35.8879, GNorm = 0.0502, lr_0 = 1.6484e-04
Validation mae = nan
Epoch 78
Loss = 5.0422e-05, PNorm = 35.8881, GNorm = 0.0387, lr_0 = 1.6445e-04
Loss = 4.7378e-05, PNorm = 35.8884, GNorm = 0.0499, lr_0 = 1.6406e-04
Loss = 6.3488e-05, PNorm = 35.8890, GNorm = 0.0612, lr_0 = 1.6367e-04
Loss = 6.7023e-05, PNorm = 35.8897, GNorm = 0.0399, lr_0 = 1.6328e-04
Loss = 5.8950e-05, PNorm = 35.8898, GNorm = 0.0552, lr_0 = 1.6290e-04
Loss = 7.1019e-05, PNorm = 35.8900, GNorm = 0.0383, lr_0 = 1.6251e-04
Loss = 4.3135e-05, PNorm = 35.8900, GNorm = 0.0334, lr_0 = 1.6213e-04
Loss = 7.9324e-05, PNorm = 35.8902, GNorm = 0.0523, lr_0 = 1.6174e-04
Loss = 4.3537e-05, PNorm = 35.8907, GNorm = 0.0231, lr_0 = 1.6136e-04
Loss = 5.2773e-05, PNorm = 35.8909, GNorm = 0.0348, lr_0 = 1.6098e-04
Validation mae = nan
Epoch 79
Loss = 3.3304e-05, PNorm = 35.8914, GNorm = 0.0263, lr_0 = 1.6056e-04
Loss = 4.1784e-05, PNorm = 35.8918, GNorm = 0.0478, lr_0 = 1.6018e-04
Loss = 4.4118e-05, PNorm = 35.8920, GNorm = 0.0244, lr_0 = 1.5980e-04
Loss = 4.8963e-05, PNorm = 35.8922, GNorm = 0.0554, lr_0 = 1.5942e-04
Loss = 8.1867e-05, PNorm = 35.8924, GNorm = 0.0385, lr_0 = 1.5904e-04
Loss = 1.5928e-04, PNorm = 35.8929, GNorm = 0.0798, lr_0 = 1.5866e-04
Loss = 6.9160e-05, PNorm = 35.8936, GNorm = 0.0300, lr_0 = 1.5829e-04
Loss = 7.3569e-05, PNorm = 35.8947, GNorm = 0.0554, lr_0 = 1.5791e-04
Loss = 6.4779e-05, PNorm = 35.8950, GNorm = 0.0558, lr_0 = 1.5754e-04
Loss = 4.6720e-05, PNorm = 35.8952, GNorm = 0.0354, lr_0 = 1.5716e-04
Validation mae = nan
Epoch 80
Loss = 4.0858e-05, PNorm = 35.8955, GNorm = 0.0285, lr_0 = 1.5679e-04
Loss = 4.1053e-05, PNorm = 35.8959, GNorm = 0.0376, lr_0 = 1.5642e-04
Loss = 5.0408e-05, PNorm = 35.8963, GNorm = 0.0739, lr_0 = 1.5605e-04
Loss = 5.6804e-05, PNorm = 35.8968, GNorm = 0.0427, lr_0 = 1.5568e-04
Loss = 8.6575e-05, PNorm = 35.8972, GNorm = 0.0600, lr_0 = 1.5531e-04
Loss = 5.1169e-05, PNorm = 35.8974, GNorm = 0.0561, lr_0 = 1.5494e-04
Loss = 4.1550e-05, PNorm = 35.8974, GNorm = 0.0156, lr_0 = 1.5457e-04
Loss = 6.3874e-05, PNorm = 35.8978, GNorm = 0.0441, lr_0 = 1.5421e-04
Loss = 8.3938e-05, PNorm = 35.8984, GNorm = 0.0624, lr_0 = 1.5384e-04
Loss = 4.9568e-05, PNorm = 35.8990, GNorm = 0.0480, lr_0 = 1.5348e-04
Validation mae = nan
Epoch 81
Loss = 3.8958e-05, PNorm = 35.8996, GNorm = 0.0360, lr_0 = 1.5308e-04
Loss = 6.8271e-05, PNorm = 35.9000, GNorm = 0.0650, lr_0 = 1.5271e-04
Loss = 6.4015e-05, PNorm = 35.9003, GNorm = 0.0270, lr_0 = 1.5235e-04
Loss = 4.6829e-05, PNorm = 35.9008, GNorm = 0.0273, lr_0 = 1.5199e-04
Loss = 1.0872e-04, PNorm = 35.9011, GNorm = 0.2500, lr_0 = 1.5163e-04
Loss = 1.8638e-04, PNorm = 35.9017, GNorm = 0.0530, lr_0 = 1.5127e-04
Loss = 1.7897e-04, PNorm = 35.9020, GNorm = 0.0804, lr_0 = 1.5091e-04
Loss = 7.5109e-05, PNorm = 35.9022, GNorm = 0.0178, lr_0 = 1.5056e-04
Loss = 1.0312e-04, PNorm = 35.9028, GNorm = 0.1286, lr_0 = 1.5020e-04
Loss = 9.0393e-05, PNorm = 35.9035, GNorm = 0.0618, lr_0 = 1.4984e-04
Validation mae = nan
Epoch 82
Loss = 6.5722e-05, PNorm = 35.9042, GNorm = 0.0517, lr_0 = 1.4949e-04
Loss = 7.3188e-05, PNorm = 35.9045, GNorm = 0.0529, lr_0 = 1.4913e-04
Loss = 6.0085e-05, PNorm = 35.9050, GNorm = 0.0173, lr_0 = 1.4878e-04
Loss = 6.2397e-05, PNorm = 35.9054, GNorm = 0.0136, lr_0 = 1.4843e-04
Loss = 5.0152e-05, PNorm = 35.9055, GNorm = 0.0581, lr_0 = 1.4807e-04
Loss = 4.4832e-05, PNorm = 35.9061, GNorm = 0.0271, lr_0 = 1.4772e-04
Loss = 4.2086e-05, PNorm = 35.9066, GNorm = 0.0250, lr_0 = 1.4737e-04
Loss = 4.8225e-05, PNorm = 35.9071, GNorm = 0.0638, lr_0 = 1.4702e-04
Loss = 4.5878e-05, PNorm = 35.9076, GNorm = 0.0417, lr_0 = 1.4668e-04
Loss = 4.6480e-05, PNorm = 35.9081, GNorm = 0.0462, lr_0 = 1.4633e-04
Validation mae = nan
Epoch 83
Loss = 4.7572e-05, PNorm = 35.9084, GNorm = 0.0327, lr_0 = 1.4598e-04
Loss = 4.6553e-05, PNorm = 35.9086, GNorm = 0.0693, lr_0 = 1.4563e-04
Loss = 6.0609e-05, PNorm = 35.9089, GNorm = 0.0472, lr_0 = 1.4529e-04
Loss = 6.0903e-05, PNorm = 35.9092, GNorm = 0.0412, lr_0 = 1.4495e-04
Loss = 9.0307e-05, PNorm = 35.9094, GNorm = 0.0753, lr_0 = 1.4460e-04
Loss = 7.6270e-05, PNorm = 35.9095, GNorm = 0.0537, lr_0 = 1.4426e-04
Loss = 4.9073e-05, PNorm = 35.9095, GNorm = 0.0466, lr_0 = 1.4392e-04
Loss = 6.0941e-05, PNorm = 35.9101, GNorm = 0.0333, lr_0 = 1.4358e-04
Loss = 6.9890e-05, PNorm = 35.9106, GNorm = 0.0785, lr_0 = 1.4324e-04
Loss = 6.1647e-05, PNorm = 35.9107, GNorm = 0.1025, lr_0 = 1.4290e-04
Validation mae = nan
Epoch 84
Loss = 7.6958e-05, PNorm = 35.9118, GNorm = 0.0921, lr_0 = 1.4252e-04
Loss = 7.1286e-05, PNorm = 35.9125, GNorm = 0.0250, lr_0 = 1.4219e-04
Loss = 8.0234e-05, PNorm = 35.9126, GNorm = 0.0887, lr_0 = 1.4185e-04
Loss = 9.6645e-05, PNorm = 35.9130, GNorm = 0.0196, lr_0 = 1.4151e-04
Loss = 1.0198e-04, PNorm = 35.9134, GNorm = 0.1196, lr_0 = 1.4118e-04
Loss = 1.0278e-04, PNorm = 35.9136, GNorm = 0.0604, lr_0 = 1.4084e-04
Loss = 1.2251e-04, PNorm = 35.9140, GNorm = 0.0972, lr_0 = 1.4051e-04
Loss = 1.2468e-04, PNorm = 35.9148, GNorm = 0.0438, lr_0 = 1.4018e-04
Loss = 1.1574e-04, PNorm = 35.9156, GNorm = 0.0923, lr_0 = 1.3984e-04
Loss = 1.2120e-04, PNorm = 35.9157, GNorm = 0.0362, lr_0 = 1.3951e-04
Validation mae = nan
Epoch 85
Loss = 1.0165e-04, PNorm = 35.9157, GNorm = 0.0665, lr_0 = 1.3918e-04
Loss = 1.4852e-04, PNorm = 35.9160, GNorm = 0.0830, lr_0 = 1.3885e-04
Loss = 1.2307e-04, PNorm = 35.9161, GNorm = 0.0684, lr_0 = 1.3852e-04
Loss = 1.1618e-04, PNorm = 35.9167, GNorm = 0.0728, lr_0 = 1.3819e-04
Loss = 1.0079e-04, PNorm = 35.9169, GNorm = 0.0756, lr_0 = 1.3787e-04
Loss = 7.0049e-05, PNorm = 35.9172, GNorm = 0.0340, lr_0 = 1.3754e-04
Loss = 6.0783e-05, PNorm = 35.9176, GNorm = 0.0295, lr_0 = 1.3721e-04
Loss = 7.3221e-05, PNorm = 35.9183, GNorm = 0.0451, lr_0 = 1.3689e-04
Loss = 5.3259e-05, PNorm = 35.9186, GNorm = 0.0154, lr_0 = 1.3656e-04
Loss = 5.6638e-05, PNorm = 35.9188, GNorm = 0.0484, lr_0 = 1.3624e-04
Validation mae = nan
Epoch 86
Loss = 5.1872e-05, PNorm = 35.9191, GNorm = 0.0350, lr_0 = 1.3588e-04
Loss = 5.9672e-05, PNorm = 35.9197, GNorm = 0.0367, lr_0 = 1.3556e-04
Loss = 4.6414e-05, PNorm = 35.9200, GNorm = 0.0419, lr_0 = 1.3524e-04
Loss = 5.5136e-05, PNorm = 35.9202, GNorm = 0.0551, lr_0 = 1.3492e-04
Loss = 4.0847e-05, PNorm = 35.9206, GNorm = 0.0111, lr_0 = 1.3460e-04
Loss = 3.0767e-05, PNorm = 35.9210, GNorm = 0.0421, lr_0 = 1.3428e-04
Loss = 3.7246e-05, PNorm = 35.9212, GNorm = 0.0130, lr_0 = 1.3396e-04
Loss = 3.9990e-05, PNorm = 35.9211, GNorm = 0.0418, lr_0 = 1.3365e-04
Loss = 3.7793e-05, PNorm = 35.9212, GNorm = 0.0342, lr_0 = 1.3333e-04
Loss = 4.3565e-05, PNorm = 35.9211, GNorm = 0.0341, lr_0 = 1.3301e-04
Validation mae = nan
Epoch 87
Loss = 3.3213e-05, PNorm = 35.9212, GNorm = 0.0260, lr_0 = 1.3270e-04
Loss = 4.3211e-05, PNorm = 35.9217, GNorm = 0.0177, lr_0 = 1.3238e-04
Loss = 5.3187e-05, PNorm = 35.9221, GNorm = 0.0757, lr_0 = 1.3207e-04
Loss = 4.9427e-05, PNorm = 35.9224, GNorm = 0.0502, lr_0 = 1.3176e-04
Loss = 5.4374e-05, PNorm = 35.9226, GNorm = 0.0448, lr_0 = 1.3144e-04
Loss = 4.4412e-05, PNorm = 35.9229, GNorm = 0.0377, lr_0 = 1.3113e-04
Loss = 5.6486e-05, PNorm = 35.9235, GNorm = 0.0470, lr_0 = 1.3082e-04
Loss = 3.4765e-05, PNorm = 35.9241, GNorm = 0.0341, lr_0 = 1.3051e-04
Loss = 3.6676e-05, PNorm = 35.9243, GNorm = 0.0339, lr_0 = 1.3020e-04
Loss = 3.7996e-05, PNorm = 35.9244, GNorm = 0.0226, lr_0 = 1.2989e-04
Validation mae = nan
Epoch 88
Loss = 3.8423e-05, PNorm = 35.9248, GNorm = 0.0375, lr_0 = 1.2958e-04
Loss = 5.2450e-05, PNorm = 35.9259, GNorm = 0.0300, lr_0 = 1.2928e-04
Loss = 5.2297e-05, PNorm = 35.9264, GNorm = 0.0300, lr_0 = 1.2897e-04
Loss = 4.3149e-05, PNorm = 35.9264, GNorm = 0.0332, lr_0 = 1.2867e-04
Loss = 5.1706e-05, PNorm = 35.9263, GNorm = 0.0421, lr_0 = 1.2836e-04
Loss = 5.3197e-05, PNorm = 35.9266, GNorm = 0.0630, lr_0 = 1.2806e-04
Loss = 6.8833e-05, PNorm = 35.9268, GNorm = 0.0671, lr_0 = 1.2775e-04
Loss = 8.5114e-05, PNorm = 35.9269, GNorm = 0.1346, lr_0 = 1.2745e-04
Loss = 7.7641e-05, PNorm = 35.9274, GNorm = 0.0770, lr_0 = 1.2715e-04
Loss = 5.2015e-05, PNorm = 35.9275, GNorm = 0.0227, lr_0 = 1.2685e-04
Validation mae = nan
Epoch 89
Loss = 7.3998e-05, PNorm = 35.9278, GNorm = 0.0678, lr_0 = 1.2652e-04
Loss = 5.4270e-05, PNorm = 35.9282, GNorm = 0.0632, lr_0 = 1.2622e-04
Loss = 4.3830e-05, PNorm = 35.9286, GNorm = 0.0217, lr_0 = 1.2592e-04
Loss = 4.0053e-05, PNorm = 35.9287, GNorm = 0.0285, lr_0 = 1.2562e-04
Loss = 3.6042e-05, PNorm = 35.9291, GNorm = 0.0450, lr_0 = 1.2532e-04
Loss = 4.5708e-05, PNorm = 35.9298, GNorm = 0.0360, lr_0 = 1.2502e-04
Loss = 3.9160e-05, PNorm = 35.9301, GNorm = 0.0308, lr_0 = 1.2473e-04
Loss = 3.2819e-05, PNorm = 35.9306, GNorm = 0.0116, lr_0 = 1.2443e-04
Loss = 3.8372e-05, PNorm = 35.9306, GNorm = 0.0161, lr_0 = 1.2414e-04
Loss = 3.3949e-05, PNorm = 35.9308, GNorm = 0.0441, lr_0 = 1.2384e-04
Validation mae = nan
Epoch 90
Loss = 3.6030e-05, PNorm = 35.9310, GNorm = 0.0277, lr_0 = 1.2355e-04
Loss = 3.7065e-05, PNorm = 35.9312, GNorm = 0.0744, lr_0 = 1.2326e-04
Loss = 4.3298e-05, PNorm = 35.9315, GNorm = 0.0396, lr_0 = 1.2296e-04
Loss = 6.1044e-05, PNorm = 35.9315, GNorm = 0.0754, lr_0 = 1.2267e-04
Loss = 4.9485e-05, PNorm = 35.9315, GNorm = 0.0433, lr_0 = 1.2238e-04
Loss = 3.4703e-05, PNorm = 35.9316, GNorm = 0.0200, lr_0 = 1.2209e-04
Loss = 4.3583e-05, PNorm = 35.9317, GNorm = 0.0437, lr_0 = 1.2180e-04
Loss = 4.3802e-05, PNorm = 35.9319, GNorm = 0.0273, lr_0 = 1.2151e-04
Loss = 4.6732e-05, PNorm = 35.9321, GNorm = 0.0404, lr_0 = 1.2122e-04
Loss = 6.8258e-05, PNorm = 35.9327, GNorm = 0.0307, lr_0 = 1.2094e-04
Validation mae = nan
Epoch 91
Loss = 4.1077e-05, PNorm = 35.9330, GNorm = 0.0624, lr_0 = 1.2062e-04
Loss = 5.5221e-05, PNorm = 35.9334, GNorm = 0.0197, lr_0 = 1.2034e-04
Loss = 6.4973e-05, PNorm = 35.9338, GNorm = 0.0635, lr_0 = 1.2005e-04
Loss = 5.6231e-05, PNorm = 35.9339, GNorm = 0.0561, lr_0 = 1.1977e-04
Loss = 5.0180e-05, PNorm = 35.9342, GNorm = 0.0467, lr_0 = 1.1948e-04
Loss = 6.2705e-05, PNorm = 35.9348, GNorm = 0.0468, lr_0 = 1.1920e-04
Loss = 5.7525e-05, PNorm = 35.9350, GNorm = 0.0630, lr_0 = 1.1892e-04
Loss = 5.1297e-05, PNorm = 35.9354, GNorm = 0.0590, lr_0 = 1.1863e-04
Loss = 4.9843e-05, PNorm = 35.9356, GNorm = 0.0304, lr_0 = 1.1835e-04
Loss = 5.0644e-05, PNorm = 35.9356, GNorm = 0.0597, lr_0 = 1.1807e-04
Validation mae = nan
Epoch 92
Loss = 5.3443e-05, PNorm = 35.9359, GNorm = 0.0231, lr_0 = 1.1779e-04
Loss = 6.8517e-05, PNorm = 35.9362, GNorm = 0.0624, lr_0 = 1.1751e-04
Loss = 6.3257e-05, PNorm = 35.9363, GNorm = 0.0394, lr_0 = 1.1724e-04
Loss = 4.6678e-05, PNorm = 35.9365, GNorm = 0.0577, lr_0 = 1.1696e-04
Loss = 5.1837e-05, PNorm = 35.9370, GNorm = 0.0349, lr_0 = 1.1668e-04
Loss = 5.9444e-05, PNorm = 35.9375, GNorm = 0.0395, lr_0 = 1.1640e-04
Loss = 3.9506e-05, PNorm = 35.9380, GNorm = 0.0164, lr_0 = 1.1613e-04
Loss = 4.0919e-05, PNorm = 35.9386, GNorm = 0.0302, lr_0 = 1.1585e-04
Loss = 3.0280e-05, PNorm = 35.9390, GNorm = 0.0216, lr_0 = 1.1558e-04
Loss = 3.8334e-05, PNorm = 35.9391, GNorm = 0.0432, lr_0 = 1.1530e-04
Loss = 3.5234e-05, PNorm = 35.9391, GNorm = 0.0293, lr_0 = 1.1528e-04
Validation mae = nan
Epoch 93
Loss = 3.4601e-05, PNorm = 35.9395, GNorm = 0.0480, lr_0 = 1.1500e-04
Loss = 3.4311e-05, PNorm = 35.9397, GNorm = 0.0272, lr_0 = 1.1473e-04
Loss = 4.0260e-05, PNorm = 35.9401, GNorm = 0.0692, lr_0 = 1.1446e-04
Loss = 4.7886e-05, PNorm = 35.9406, GNorm = 0.0240, lr_0 = 1.1419e-04
Loss = 4.4974e-05, PNorm = 35.9410, GNorm = 0.0398, lr_0 = 1.1392e-04
Loss = 2.8665e-05, PNorm = 35.9411, GNorm = 0.0214, lr_0 = 1.1365e-04
Loss = 4.1367e-05, PNorm = 35.9415, GNorm = 0.0279, lr_0 = 1.1338e-04
Loss = 4.2880e-05, PNorm = 35.9419, GNorm = 0.0497, lr_0 = 1.1311e-04
Loss = 3.3235e-05, PNorm = 35.9419, GNorm = 0.0192, lr_0 = 1.1284e-04
Loss = 3.8155e-05, PNorm = 35.9419, GNorm = 0.0366, lr_0 = 1.1257e-04
Validation mae = nan
Epoch 94
Loss = 5.7797e-05, PNorm = 35.9419, GNorm = 0.0715, lr_0 = 1.1231e-04
Loss = 6.9065e-05, PNorm = 35.9422, GNorm = 0.0501, lr_0 = 1.1204e-04
Loss = 4.9812e-05, PNorm = 35.9425, GNorm = 0.0552, lr_0 = 1.1177e-04
Loss = 4.2038e-05, PNorm = 35.9428, GNorm = 0.0411, lr_0 = 1.1151e-04
Loss = 5.1681e-05, PNorm = 35.9433, GNorm = 0.0105, lr_0 = 1.1124e-04
Loss = 4.1284e-05, PNorm = 35.9434, GNorm = 0.0412, lr_0 = 1.1098e-04
Loss = 3.7961e-05, PNorm = 35.9435, GNorm = 0.0351, lr_0 = 1.1072e-04
Loss = 3.8739e-05, PNorm = 35.9438, GNorm = 0.0513, lr_0 = 1.1046e-04
Loss = 4.0567e-05, PNorm = 35.9439, GNorm = 0.0396, lr_0 = 1.1019e-04
Loss = 4.3387e-05, PNorm = 35.9442, GNorm = 0.0580, lr_0 = 1.0993e-04
Validation mae = nan
Epoch 95
Loss = 3.4125e-05, PNorm = 35.9446, GNorm = 0.0339, lr_0 = 1.0967e-04
Loss = 2.7655e-05, PNorm = 35.9448, GNorm = 0.0505, lr_0 = 1.0941e-04
Loss = 4.6596e-05, PNorm = 35.9448, GNorm = 0.0263, lr_0 = 1.0915e-04
Loss = 5.3579e-05, PNorm = 35.9449, GNorm = 0.0367, lr_0 = 1.0889e-04
Loss = 5.2538e-05, PNorm = 35.9450, GNorm = 0.0366, lr_0 = 1.0864e-04
Loss = 4.2002e-05, PNorm = 35.9454, GNorm = 0.0194, lr_0 = 1.0838e-04
Loss = 4.3416e-05, PNorm = 35.9457, GNorm = 0.0247, lr_0 = 1.0812e-04
Loss = 5.0669e-05, PNorm = 35.9460, GNorm = 0.0291, lr_0 = 1.0786e-04
Loss = 6.0403e-05, PNorm = 35.9463, GNorm = 0.0383, lr_0 = 1.0761e-04
Validation mae = nan
Epoch 96
Loss = 4.3159e-05, PNorm = 35.9467, GNorm = 0.0436, lr_0 = 1.0733e-04
Loss = 5.0707e-05, PNorm = 35.9469, GNorm = 0.0460, lr_0 = 1.0707e-04
Loss = 4.1752e-05, PNorm = 35.9470, GNorm = 0.0210, lr_0 = 1.0682e-04
Loss = 4.6571e-05, PNorm = 35.9474, GNorm = 0.0524, lr_0 = 1.0657e-04
Loss = 3.5892e-05, PNorm = 35.9475, GNorm = 0.0176, lr_0 = 1.0631e-04
Loss = 2.5715e-05, PNorm = 35.9478, GNorm = 0.0325, lr_0 = 1.0606e-04
Loss = 4.2043e-05, PNorm = 35.9482, GNorm = 0.0333, lr_0 = 1.0581e-04
Loss = 3.9086e-05, PNorm = 35.9483, GNorm = 0.0227, lr_0 = 1.0556e-04
Loss = 4.8670e-05, PNorm = 35.9486, GNorm = 0.0515, lr_0 = 1.0531e-04
Loss = 3.4247e-05, PNorm = 35.9489, GNorm = 0.0453, lr_0 = 1.0506e-04
Validation mae = nan
Epoch 97
Loss = 2.8664e-05, PNorm = 35.9488, GNorm = 0.0310, lr_0 = 1.0481e-04
Loss = 3.0692e-05, PNorm = 35.9490, GNorm = 0.0460, lr_0 = 1.0456e-04
Loss = 4.7507e-05, PNorm = 35.9495, GNorm = 0.0363, lr_0 = 1.0431e-04
Loss = 3.1209e-05, PNorm = 35.9494, GNorm = 0.0137, lr_0 = 1.0407e-04
Loss = 6.4814e-05, PNorm = 35.9498, GNorm = 0.0936, lr_0 = 1.0382e-04
Loss = 5.7579e-05, PNorm = 35.9502, GNorm = 0.0549, lr_0 = 1.0357e-04
Loss = 5.6474e-05, PNorm = 35.9503, GNorm = 0.0471, lr_0 = 1.0333e-04
Loss = 4.6175e-05, PNorm = 35.9507, GNorm = 0.0338, lr_0 = 1.0308e-04
Loss = 5.8415e-05, PNorm = 35.9512, GNorm = 0.0849, lr_0 = 1.0284e-04
Loss = 4.9911e-05, PNorm = 35.9513, GNorm = 0.0180, lr_0 = 1.0260e-04
Validation mae = nan
Epoch 98
Loss = 2.7142e-05, PNorm = 35.9514, GNorm = 0.0233, lr_0 = 1.0233e-04
Loss = 3.7454e-05, PNorm = 35.9517, GNorm = 0.0445, lr_0 = 1.0209e-04
Loss = 4.5574e-05, PNorm = 35.9519, GNorm = 0.0558, lr_0 = 1.0184e-04
Loss = 5.1066e-05, PNorm = 35.9524, GNorm = 0.0338, lr_0 = 1.0160e-04
Loss = 3.8543e-05, PNorm = 35.9523, GNorm = 0.0363, lr_0 = 1.0136e-04
Loss = 3.8942e-05, PNorm = 35.9524, GNorm = 0.0453, lr_0 = 1.0112e-04
Loss = 3.5710e-05, PNorm = 35.9528, GNorm = 0.0115, lr_0 = 1.0088e-04
Loss = 3.6402e-05, PNorm = 35.9529, GNorm = 0.0356, lr_0 = 1.0064e-04
Loss = 3.1195e-05, PNorm = 35.9531, GNorm = 0.0243, lr_0 = 1.0040e-04
Loss = 3.3997e-05, PNorm = 35.9533, GNorm = 0.0198, lr_0 = 1.0017e-04
Validation mae = nan
Epoch 99
Loss = 2.5776e-05, PNorm = 35.9533, GNorm = 0.0290, lr_0 = 1.0000e-04
Loss = 1.9712e-05, PNorm = 35.9535, GNorm = 0.0268, lr_0 = 1.0000e-04
Loss = 2.1799e-05, PNorm = 35.9538, GNorm = 0.0182, lr_0 = 1.0000e-04
Loss = 3.3078e-05, PNorm = 35.9540, GNorm = 0.0266, lr_0 = 1.0000e-04
Loss = 3.9122e-05, PNorm = 35.9541, GNorm = 0.0591, lr_0 = 1.0000e-04
Loss = 4.3550e-05, PNorm = 35.9540, GNorm = 0.0312, lr_0 = 1.0000e-04
Loss = 4.1659e-05, PNorm = 35.9542, GNorm = 0.0428, lr_0 = 1.0000e-04
Loss = 3.1558e-05, PNorm = 35.9545, GNorm = 0.0322, lr_0 = 1.0000e-04
Loss = 2.8794e-05, PNorm = 35.9548, GNorm = 0.0337, lr_0 = 1.0000e-04
Loss = 2.8034e-05, PNorm = 35.9550, GNorm = 0.0225, lr_0 = 1.0000e-04
Validation mae = nan
Model 0 best validation mae = inf on epoch 0
Loading pretrained parameter "encoder.encoder.0.cached_zero_vector".
Loading pretrained parameter "encoder.encoder.0.W_i.weight".
Loading pretrained parameter "encoder.encoder.0.W_h.weight".
Loading pretrained parameter "encoder.encoder.0.W_o.weight".
Loading pretrained parameter "encoder.encoder.0.W_o.bias".
Loading pretrained parameter "ffn.1.weight".
Loading pretrained parameter "ffn.1.bias".
Loading pretrained parameter "ffn.4.weight".
Loading pretrained parameter "ffn.4.bias".
Moving model to cuda
Model 0 test mae = nan
Ensemble test mae = nan
1-fold cross validation
	Seed 0 ==> test mae = nan
Overall test mae = nan +/- nan
Elapsed time = 0:06:44
