Command line
python train.py --data_path data/data_0.5_random0/density.csv --smiles_columns smiles --target_columns density --dataset_type regression --split_sizes 1.0 0.0 0.0 --features_generator rdkit_2d --features_columns T --save_dir data/data_0.5_random0/density --save_preds --epochs 100 --metric mae
Args
{'activation': 'ReLU',
 'aggregation': 'mean',
 'aggregation_norm': 100,
 'atom_descriptor_scaling': True,
 'atom_descriptors': None,
 'atom_descriptors_path': None,
 'atom_descriptors_size': 0,
 'atom_features_size': 0,
 'atom_messages': False,
 'batch_size': 50,
 'bias': False,
 'bond_feature_scaling': True,
 'bond_features_path': None,
 'bond_features_size': 0,
 'cache_cutoff': 10000,
 'checkpoint_dir': None,
 'checkpoint_path': None,
 'checkpoint_paths': None,
 'class_balance': False,
 'config_path': None,
 'crossval_index_dir': None,
 'crossval_index_file': None,
 'crossval_index_sets': None,
 'cuda': True,
 'data_path': 'data/data_0.5_random0/density.csv',
 'dataset_type': 'regression',
 'depth': 3,
 'device': device(type='cuda'),
 'dropout': 0.0,
 'empty_cache': False,
 'ensemble_size': 1,
 'epochs': 100,
 'explicit_h': False,
 'extra_metrics': [],
 'features_columns': ['T'],
 'features_generator': ['rdkit_2d'],
 'features_only': False,
 'features_path': None,
 'features_scaling': True,
 'features_size': None,
 'ffn_hidden_size': 300,
 'ffn_num_layers': 2,
 'final_lr': 0.0001,
 'folds_file': None,
 'gpu': None,
 'grad_clip': None,
 'hidden_size': 300,
 'ignore_columns': None,
 'init_lr': 0.0001,
 'log_frequency': 10,
 'max_data_size': None,
 'max_lr': 0.001,
 'metric': 'mae',
 'metrics': ['mae'],
 'minimize_score': True,
 'mpn_shared': False,
 'multiclass_num_classes': 3,
 'no_atom_descriptor_scaling': False,
 'no_bond_features_scaling': False,
 'no_cache_mol': False,
 'no_cuda': False,
 'no_features_scaling': False,
 'num_folds': 1,
 'num_lrs': 1,
 'num_tasks': 1,
 'num_workers': 8,
 'number_of_molecules': 1,
 'overwrite_default_atom_features': False,
 'overwrite_default_bond_features': False,
 'pytorch_seed': 0,
 'quiet': False,
 'reaction': False,
 'reaction_mode': 'reac_diff',
 'resume_experiment': False,
 'save_dir': 'data/data_0.5_random0/density',
 'save_preds': True,
 'save_smiles_splits': False,
 'seed': 0,
 'separate_test_atom_descriptors_path': None,
 'separate_test_bond_features_path': None,
 'separate_test_features_path': None,
 'separate_test_path': None,
 'separate_val_atom_descriptors_path': None,
 'separate_val_bond_features_path': None,
 'separate_val_features_path': None,
 'separate_val_path': None,
 'show_individual_scores': False,
 'smiles_columns': ['smiles'],
 'split_sizes': (1.0, 0.0, 0.0),
 'split_type': 'random',
 'target_columns': ['density'],
 'task_names': ['density'],
 'test': False,
 'test_fold_index': None,
 'train_data_size': None,
 'undirected': False,
 'use_input_features': True,
 'val_fold_index': None,
 'warmup_epochs': 2.0}
Loading data
Number of tasks = 1
Fold 0
Splitting data with seed 0
Total size = 4,996 | train size = 4,996 | val size = 0 | test size = 0
Fitting scaler
Building model 0
MoleculeModel(
  (encoder): MPN(
    (encoder): ModuleList(
      (0): MPNEncoder(
        (dropout_layer): Dropout(p=0.0, inplace=False)
        (act_func): ReLU()
        (W_i): Linear(in_features=147, out_features=300, bias=False)
        (W_h): Linear(in_features=300, out_features=300, bias=False)
        (W_o): Linear(in_features=433, out_features=300, bias=True)
      )
    )
  )
  (ffn): Sequential(
    (0): Dropout(p=0.0, inplace=False)
    (1): Linear(in_features=501, out_features=300, bias=True)
    (2): ReLU()
    (3): Dropout(p=0.0, inplace=False)
    (4): Linear(in_features=300, out_features=1, bias=True)
  )
)
Number of parameters = 415,201
Moving model to cuda
Epoch 0
Loss = 8.8484e-01, PNorm = 35.0906, GNorm = 3.1563, lr_0 = 1.5000e-04
Loss = 7.5827e-01, PNorm = 35.0936, GNorm = 4.5219, lr_0 = 1.9545e-04
Loss = 5.5964e-01, PNorm = 35.0989, GNorm = 3.1258, lr_0 = 2.4091e-04
Loss = 4.5446e-01, PNorm = 35.1040, GNorm = 5.2155, lr_0 = 2.8636e-04
Loss = 3.4710e-01, PNorm = 35.1092, GNorm = 1.8905, lr_0 = 3.3182e-04
Loss = 2.8553e-01, PNorm = 35.1152, GNorm = 6.0957, lr_0 = 3.7727e-04
Loss = 2.3424e-01, PNorm = 35.1188, GNorm = 6.2516, lr_0 = 4.2273e-04
Loss = 1.6373e-01, PNorm = 35.1209, GNorm = 8.4479, lr_0 = 4.6818e-04
Loss = 1.1443e-01, PNorm = 35.1227, GNorm = 1.4251, lr_0 = 5.1364e-04
Validation mae = nan
Epoch 1
Loss = 7.2422e-02, PNorm = 35.1247, GNorm = 3.5159, lr_0 = 5.6364e-04
Loss = 5.2374e-02, PNorm = 35.1266, GNorm = 3.3699, lr_0 = 6.0909e-04
Loss = 3.3729e-02, PNorm = 35.1283, GNorm = 2.5515, lr_0 = 6.5455e-04
Loss = 3.9952e-02, PNorm = 35.1294, GNorm = 5.1330, lr_0 = 7.0000e-04
Loss = 4.3361e-02, PNorm = 35.1293, GNorm = 7.4072, lr_0 = 7.4545e-04
Loss = 2.2854e-02, PNorm = 35.1293, GNorm = 2.1061, lr_0 = 7.9091e-04
Loss = 1.9919e-02, PNorm = 35.1303, GNorm = 0.9168, lr_0 = 8.3636e-04
Loss = 1.6935e-02, PNorm = 35.1315, GNorm = 1.4847, lr_0 = 8.8182e-04
Loss = 2.3836e-02, PNorm = 35.1316, GNorm = 2.7187, lr_0 = 9.2727e-04
Loss = 1.9798e-02, PNorm = 35.1307, GNorm = 2.3541, lr_0 = 9.7273e-04
Validation mae = nan
Epoch 2
Loss = 1.4897e-02, PNorm = 35.1309, GNorm = 1.4265, lr_0 = 9.9905e-04
Loss = 1.7529e-02, PNorm = 35.1320, GNorm = 2.0341, lr_0 = 9.9668e-04
Loss = 2.0548e-02, PNorm = 35.1334, GNorm = 1.5013, lr_0 = 9.9432e-04
Loss = 1.9124e-02, PNorm = 35.1349, GNorm = 1.4527, lr_0 = 9.9196e-04
Loss = 2.0711e-02, PNorm = 35.1366, GNorm = 3.2369, lr_0 = 9.8961e-04
Loss = 1.4916e-02, PNorm = 35.1378, GNorm = 0.4147, lr_0 = 9.8727e-04
Loss = 1.4521e-02, PNorm = 35.1384, GNorm = 0.9616, lr_0 = 9.8493e-04
Loss = 1.1879e-02, PNorm = 35.1394, GNorm = 1.8324, lr_0 = 9.8259e-04
Loss = 1.1058e-02, PNorm = 35.1405, GNorm = 1.2657, lr_0 = 9.8026e-04
Loss = 9.7433e-03, PNorm = 35.1413, GNorm = 1.3290, lr_0 = 9.7794e-04
Validation mae = nan
Epoch 3
Loss = 5.6757e-03, PNorm = 35.1421, GNorm = 0.6322, lr_0 = 9.7562e-04
Loss = 1.0438e-02, PNorm = 35.1424, GNorm = 1.0776, lr_0 = 9.7331e-04
Loss = 1.3137e-02, PNorm = 35.1423, GNorm = 1.1353, lr_0 = 9.7100e-04
Loss = 1.2586e-02, PNorm = 35.1431, GNorm = 1.7321, lr_0 = 9.6870e-04
Loss = 1.0862e-02, PNorm = 35.1442, GNorm = 0.9670, lr_0 = 9.6640e-04
Loss = 1.3108e-02, PNorm = 35.1455, GNorm = 1.0762, lr_0 = 9.6411e-04
Loss = 1.4339e-02, PNorm = 35.1468, GNorm = 1.1004, lr_0 = 9.6183e-04
Loss = 9.5147e-03, PNorm = 35.1476, GNorm = 0.3673, lr_0 = 9.5955e-04
Loss = 9.5647e-03, PNorm = 35.1488, GNorm = 0.6397, lr_0 = 9.5727e-04
Loss = 9.1409e-03, PNorm = 35.1497, GNorm = 0.6455, lr_0 = 9.5500e-04
Validation mae = nan
Epoch 4
Loss = 6.0011e-03, PNorm = 35.1504, GNorm = 0.5901, lr_0 = 9.5274e-04
Loss = 1.0359e-02, PNorm = 35.1502, GNorm = 0.4674, lr_0 = 9.5048e-04
Loss = 7.4534e-03, PNorm = 35.1502, GNorm = 0.4481, lr_0 = 9.4823e-04
Loss = 9.4823e-03, PNorm = 35.1513, GNorm = 0.8780, lr_0 = 9.4598e-04
Loss = 6.9645e-03, PNorm = 35.1522, GNorm = 0.4110, lr_0 = 9.4374e-04
Loss = 6.3736e-03, PNorm = 35.1526, GNorm = 0.6729, lr_0 = 9.4150e-04
Loss = 7.3279e-03, PNorm = 35.1530, GNorm = 0.7474, lr_0 = 9.3927e-04
Loss = 1.0813e-02, PNorm = 35.1532, GNorm = 1.6665, lr_0 = 9.3704e-04
Loss = 7.8897e-03, PNorm = 35.1539, GNorm = 0.7259, lr_0 = 9.3482e-04
Loss = 7.0865e-03, PNorm = 35.1540, GNorm = 0.3778, lr_0 = 9.3260e-04
Validation mae = nan
Epoch 5
Loss = 7.8308e-03, PNorm = 35.1545, GNorm = 1.2037, lr_0 = 9.3039e-04
Loss = 5.8480e-03, PNorm = 35.1552, GNorm = 0.5743, lr_0 = 9.2819e-04
Loss = 4.5070e-03, PNorm = 35.1562, GNorm = 0.3036, lr_0 = 9.2599e-04
Loss = 5.0919e-03, PNorm = 35.1570, GNorm = 1.2764, lr_0 = 9.2379e-04
Loss = 6.2011e-03, PNorm = 35.1587, GNorm = 0.3096, lr_0 = 9.2160e-04
Loss = 3.8441e-03, PNorm = 35.1600, GNorm = 0.5432, lr_0 = 9.1942e-04
Loss = 4.6850e-03, PNorm = 35.1613, GNorm = 0.3324, lr_0 = 9.1724e-04
Loss = 5.1488e-03, PNorm = 35.1620, GNorm = 0.5627, lr_0 = 9.1506e-04
Loss = 5.2846e-03, PNorm = 35.1628, GNorm = 1.1578, lr_0 = 9.1289e-04
Loss = 7.0124e-03, PNorm = 35.1629, GNorm = 1.0170, lr_0 = 9.1073e-04
Validation mae = nan
Epoch 6
Loss = 2.7778e-03, PNorm = 35.1636, GNorm = 0.2607, lr_0 = 9.0857e-04
Loss = 3.7459e-03, PNorm = 35.1652, GNorm = 0.7070, lr_0 = 9.0642e-04
Loss = 3.7898e-03, PNorm = 35.1664, GNorm = 0.2773, lr_0 = 9.0427e-04
Loss = 3.9620e-03, PNorm = 35.1671, GNorm = 0.4456, lr_0 = 9.0213e-04
Loss = 4.0404e-03, PNorm = 35.1680, GNorm = 0.6193, lr_0 = 8.9999e-04
Loss = 4.3225e-03, PNorm = 35.1684, GNorm = 0.7998, lr_0 = 8.9785e-04
Loss = 4.8476e-03, PNorm = 35.1691, GNorm = 0.6509, lr_0 = 8.9573e-04
Loss = 4.8216e-03, PNorm = 35.1694, GNorm = 0.4439, lr_0 = 8.9360e-04
Loss = 5.4927e-03, PNorm = 35.1702, GNorm = 0.4147, lr_0 = 8.9148e-04
Loss = 6.3152e-03, PNorm = 35.1705, GNorm = 0.8605, lr_0 = 8.8937e-04
Validation mae = nan
Epoch 7
Loss = 3.9619e-03, PNorm = 35.1711, GNorm = 0.5583, lr_0 = 8.8726e-04
Loss = 4.5061e-03, PNorm = 35.1724, GNorm = 0.5060, lr_0 = 8.8516e-04
Loss = 3.4083e-03, PNorm = 35.1736, GNorm = 0.2268, lr_0 = 8.8306e-04
Loss = 3.5950e-03, PNorm = 35.1747, GNorm = 0.2266, lr_0 = 8.8097e-04
Loss = 3.4867e-03, PNorm = 35.1756, GNorm = 0.6791, lr_0 = 8.7888e-04
Loss = 3.6945e-03, PNorm = 35.1762, GNorm = 1.0127, lr_0 = 8.7680e-04
Loss = 3.2622e-03, PNorm = 35.1765, GNorm = 0.4247, lr_0 = 8.7472e-04
Loss = 2.5406e-03, PNorm = 35.1772, GNorm = 0.4827, lr_0 = 8.7264e-04
Loss = 2.2106e-03, PNorm = 35.1778, GNorm = 0.3220, lr_0 = 8.7058e-04
Loss = 2.4281e-03, PNorm = 35.1788, GNorm = 0.7140, lr_0 = 8.6851e-04
Validation mae = nan
Epoch 8
Loss = 2.5209e-03, PNorm = 35.1794, GNorm = 0.3026, lr_0 = 8.6645e-04
Loss = 3.2492e-03, PNorm = 35.1798, GNorm = 0.4193, lr_0 = 8.6440e-04
Loss = 2.7124e-03, PNorm = 35.1807, GNorm = 0.5685, lr_0 = 8.6235e-04
Loss = 2.4119e-03, PNorm = 35.1814, GNorm = 0.2166, lr_0 = 8.6031e-04
Loss = 2.9046e-03, PNorm = 35.1818, GNorm = 1.0850, lr_0 = 8.5827e-04
Loss = 5.4567e-03, PNorm = 35.1820, GNorm = 1.5086, lr_0 = 8.5623e-04
Loss = 5.3886e-03, PNorm = 35.1827, GNorm = 0.2062, lr_0 = 8.5420e-04
Loss = 5.6018e-03, PNorm = 35.1832, GNorm = 0.9083, lr_0 = 8.5218e-04
Loss = 3.7154e-03, PNorm = 35.1838, GNorm = 0.3913, lr_0 = 8.5016e-04
Loss = 5.4555e-03, PNorm = 35.1847, GNorm = 0.6250, lr_0 = 8.4814e-04
Validation mae = nan
Epoch 9
Loss = 2.0834e-03, PNorm = 35.1853, GNorm = 0.3029, lr_0 = 8.4613e-04
Loss = 3.5663e-03, PNorm = 35.1867, GNorm = 0.3857, lr_0 = 8.4413e-04
Loss = 2.3281e-03, PNorm = 35.1887, GNorm = 0.2445, lr_0 = 8.4212e-04
Loss = 1.9336e-03, PNorm = 35.1903, GNorm = 0.1877, lr_0 = 8.4013e-04
Loss = 2.2276e-03, PNorm = 35.1915, GNorm = 0.5676, lr_0 = 8.3814e-04
Loss = 2.0307e-03, PNorm = 35.1921, GNorm = 0.3419, lr_0 = 8.3615e-04
Loss = 3.4791e-03, PNorm = 35.1926, GNorm = 0.3127, lr_0 = 8.3417e-04
Loss = 2.4478e-03, PNorm = 35.1930, GNorm = 0.3543, lr_0 = 8.3219e-04
Loss = 3.2859e-03, PNorm = 35.1939, GNorm = 0.2104, lr_0 = 8.3022e-04
Loss = 2.1337e-03, PNorm = 35.1944, GNorm = 0.3937, lr_0 = 8.2825e-04
Validation mae = nan
Epoch 10
Loss = 1.5407e-03, PNorm = 35.1950, GNorm = 0.2522, lr_0 = 8.2629e-04
Loss = 2.0063e-03, PNorm = 35.1954, GNorm = 0.2892, lr_0 = 8.2433e-04
Loss = 1.4480e-03, PNorm = 35.1960, GNorm = 0.2352, lr_0 = 8.2237e-04
Loss = 1.5709e-03, PNorm = 35.1964, GNorm = 0.6720, lr_0 = 8.2042e-04
Loss = 1.3136e-03, PNorm = 35.1980, GNorm = 0.4660, lr_0 = 8.1848e-04
Loss = 1.4520e-03, PNorm = 35.2004, GNorm = 0.1942, lr_0 = 8.1654e-04
Loss = 1.7258e-03, PNorm = 35.2021, GNorm = 0.1290, lr_0 = 8.1460e-04
Loss = 1.6656e-03, PNorm = 35.2032, GNorm = 0.2087, lr_0 = 8.1267e-04
Loss = 1.5188e-03, PNorm = 35.2041, GNorm = 0.3524, lr_0 = 8.1075e-04
Loss = 1.4941e-03, PNorm = 35.2045, GNorm = 0.1620, lr_0 = 8.0882e-04
Validation mae = nan
Epoch 11
Loss = 1.6156e-03, PNorm = 35.2051, GNorm = 0.3047, lr_0 = 8.0691e-04
Loss = 1.1748e-03, PNorm = 35.2058, GNorm = 0.2242, lr_0 = 8.0499e-04
Loss = 1.5120e-03, PNorm = 35.2066, GNorm = 0.2646, lr_0 = 8.0309e-04
Loss = 1.3456e-03, PNorm = 35.2074, GNorm = 0.1606, lr_0 = 8.0118e-04
Loss = 1.1241e-03, PNorm = 35.2078, GNorm = 0.1481, lr_0 = 7.9928e-04
Loss = 1.2775e-03, PNorm = 35.2083, GNorm = 0.5401, lr_0 = 7.9739e-04
Loss = 1.0353e-03, PNorm = 35.2090, GNorm = 0.3130, lr_0 = 7.9550e-04
Loss = 1.1529e-03, PNorm = 35.2094, GNorm = 0.2725, lr_0 = 7.9361e-04
Loss = 1.3161e-03, PNorm = 35.2100, GNorm = 0.4669, lr_0 = 7.9173e-04
Loss = 1.6235e-03, PNorm = 35.2104, GNorm = 0.1648, lr_0 = 7.8985e-04
Validation mae = nan
Epoch 12
Loss = 1.3549e-03, PNorm = 35.2109, GNorm = 0.2360, lr_0 = 7.8798e-04
Loss = 2.7961e-03, PNorm = 35.2115, GNorm = 0.8893, lr_0 = 7.8611e-04
Loss = 3.7968e-03, PNorm = 35.2125, GNorm = 0.7624, lr_0 = 7.8425e-04
Loss = 3.4279e-03, PNorm = 35.2133, GNorm = 0.4488, lr_0 = 7.8239e-04
Loss = 3.9299e-03, PNorm = 35.2139, GNorm = 0.8855, lr_0 = 7.8054e-04
Loss = 1.9264e-03, PNorm = 35.2140, GNorm = 0.3234, lr_0 = 7.7869e-04
Loss = 1.7663e-03, PNorm = 35.2147, GNorm = 0.1903, lr_0 = 7.7684e-04
Loss = 1.2632e-03, PNorm = 35.2156, GNorm = 0.4199, lr_0 = 7.7500e-04
Loss = 1.6093e-03, PNorm = 35.2167, GNorm = 0.3588, lr_0 = 7.7316e-04
Loss = 1.2790e-03, PNorm = 35.2175, GNorm = 0.1544, lr_0 = 7.7133e-04
Validation mae = nan
Epoch 13
Loss = 9.2235e-04, PNorm = 35.2184, GNorm = 0.1339, lr_0 = 7.6932e-04
Loss = 1.3288e-03, PNorm = 35.2192, GNorm = 0.1307, lr_0 = 7.6749e-04
Loss = 1.7001e-03, PNorm = 35.2200, GNorm = 0.4170, lr_0 = 7.6568e-04
Loss = 1.7448e-03, PNorm = 35.2209, GNorm = 0.7437, lr_0 = 7.6386e-04
Loss = 1.4079e-03, PNorm = 35.2211, GNorm = 0.5519, lr_0 = 7.6205e-04
Loss = 1.4528e-03, PNorm = 35.2216, GNorm = 0.1790, lr_0 = 7.6024e-04
Loss = 1.4746e-03, PNorm = 35.2220, GNorm = 0.3245, lr_0 = 7.5844e-04
Loss = 1.5355e-03, PNorm = 35.2227, GNorm = 0.1307, lr_0 = 7.5664e-04
Loss = 1.4417e-03, PNorm = 35.2230, GNorm = 0.2319, lr_0 = 7.5485e-04
Loss = 1.1058e-03, PNorm = 35.2238, GNorm = 0.1622, lr_0 = 7.5306e-04
Validation mae = nan
Epoch 14
Loss = 1.2181e-03, PNorm = 35.2245, GNorm = 0.6213, lr_0 = 7.5127e-04
Loss = 1.6493e-03, PNorm = 35.2250, GNorm = 0.4454, lr_0 = 7.4949e-04
Loss = 2.5553e-03, PNorm = 35.2255, GNorm = 0.6698, lr_0 = 7.4772e-04
Loss = 2.4985e-03, PNorm = 35.2260, GNorm = 0.5262, lr_0 = 7.4594e-04
Loss = 3.3151e-03, PNorm = 35.2266, GNorm = 0.6326, lr_0 = 7.4418e-04
Loss = 4.1810e-03, PNorm = 35.2278, GNorm = 0.6914, lr_0 = 7.4241e-04
Loss = 6.8389e-03, PNorm = 35.2290, GNorm = 0.8442, lr_0 = 7.4065e-04
Loss = 4.0125e-03, PNorm = 35.2308, GNorm = 0.5093, lr_0 = 7.3890e-04
Loss = 2.9300e-03, PNorm = 35.2320, GNorm = 0.2086, lr_0 = 7.3715e-04
Loss = 3.6101e-03, PNorm = 35.2328, GNorm = 0.4142, lr_0 = 7.3540e-04
Validation mae = nan
Epoch 15
Loss = 7.5892e-03, PNorm = 35.2337, GNorm = 0.7118, lr_0 = 7.3365e-04
Loss = 5.1718e-03, PNorm = 35.2348, GNorm = 0.6360, lr_0 = 7.3192e-04
Loss = 3.1781e-03, PNorm = 35.2360, GNorm = 0.3613, lr_0 = 7.3018e-04
Loss = 2.0339e-03, PNorm = 35.2369, GNorm = 0.2257, lr_0 = 7.2845e-04
Loss = 1.5785e-03, PNorm = 35.2376, GNorm = 0.5312, lr_0 = 7.2672e-04
Loss = 1.9947e-03, PNorm = 35.2382, GNorm = 0.4000, lr_0 = 7.2500e-04
Loss = 1.3257e-03, PNorm = 35.2385, GNorm = 0.1196, lr_0 = 7.2328e-04
Loss = 1.9572e-03, PNorm = 35.2394, GNorm = 0.4842, lr_0 = 7.2157e-04
Loss = 3.7023e-03, PNorm = 35.2397, GNorm = 0.3025, lr_0 = 7.1986e-04
Loss = 2.8407e-03, PNorm = 35.2407, GNorm = 0.5998, lr_0 = 7.1815e-04
Validation mae = nan
Epoch 16
Loss = 2.3047e-03, PNorm = 35.2415, GNorm = 0.2320, lr_0 = 7.1645e-04
Loss = 2.3691e-03, PNorm = 35.2423, GNorm = 0.2412, lr_0 = 7.1475e-04
Loss = 1.9283e-03, PNorm = 35.2433, GNorm = 0.3450, lr_0 = 7.1306e-04
Loss = 1.8480e-03, PNorm = 35.2438, GNorm = 0.4615, lr_0 = 7.1136e-04
Loss = 1.2920e-03, PNorm = 35.2452, GNorm = 0.1697, lr_0 = 7.0968e-04
Loss = 1.3788e-03, PNorm = 35.2457, GNorm = 0.1918, lr_0 = 7.0800e-04
Loss = 8.9692e-04, PNorm = 35.2463, GNorm = 0.1202, lr_0 = 7.0632e-04
Loss = 1.0779e-03, PNorm = 35.2469, GNorm = 0.2853, lr_0 = 7.0464e-04
Loss = 8.3718e-04, PNorm = 35.2477, GNorm = 0.3609, lr_0 = 7.0297e-04
Loss = 7.7867e-04, PNorm = 35.2486, GNorm = 0.1146, lr_0 = 7.0131e-04
Validation mae = nan
Epoch 17
Loss = 8.3730e-04, PNorm = 35.2495, GNorm = 0.1898, lr_0 = 6.9964e-04
Loss = 1.0088e-03, PNorm = 35.2501, GNorm = 0.4124, lr_0 = 6.9799e-04
Loss = 9.4243e-04, PNorm = 35.2510, GNorm = 0.0956, lr_0 = 6.9633e-04
Loss = 9.6603e-04, PNorm = 35.2523, GNorm = 0.1458, lr_0 = 6.9468e-04
Loss = 8.4091e-04, PNorm = 35.2532, GNorm = 0.1597, lr_0 = 6.9303e-04
Loss = 9.6358e-04, PNorm = 35.2543, GNorm = 0.2396, lr_0 = 6.9139e-04
Loss = 1.0154e-03, PNorm = 35.2549, GNorm = 0.3508, lr_0 = 6.8975e-04
Loss = 1.1093e-03, PNorm = 35.2556, GNorm = 0.3140, lr_0 = 6.8812e-04
Loss = 9.4228e-04, PNorm = 35.2563, GNorm = 0.1358, lr_0 = 6.8649e-04
Loss = 8.4204e-04, PNorm = 35.2573, GNorm = 0.1194, lr_0 = 6.8486e-04
Validation mae = nan
Epoch 18
Loss = 6.6526e-04, PNorm = 35.2585, GNorm = 0.1575, lr_0 = 6.8324e-04
Loss = 8.3022e-04, PNorm = 35.2598, GNorm = 0.0887, lr_0 = 6.8162e-04
Loss = 8.0402e-04, PNorm = 35.2608, GNorm = 0.2882, lr_0 = 6.8000e-04
Loss = 8.4001e-04, PNorm = 35.2619, GNorm = 0.2651, lr_0 = 6.7839e-04
Loss = 1.7216e-03, PNorm = 35.2626, GNorm = 0.2345, lr_0 = 6.7678e-04
Loss = 1.2939e-03, PNorm = 35.2633, GNorm = 0.1424, lr_0 = 6.7518e-04
Loss = 1.3335e-03, PNorm = 35.2653, GNorm = 0.2153, lr_0 = 6.7357e-04
Loss = 1.3655e-03, PNorm = 35.2671, GNorm = 0.1647, lr_0 = 6.7198e-04
Loss = 7.4191e-04, PNorm = 35.2684, GNorm = 0.1084, lr_0 = 6.7039e-04
Loss = 1.2699e-03, PNorm = 35.2692, GNorm = 0.5141, lr_0 = 6.6880e-04
Validation mae = nan
Epoch 19
Loss = 1.0804e-03, PNorm = 35.2700, GNorm = 0.2704, lr_0 = 6.6721e-04
Loss = 1.3523e-03, PNorm = 35.2710, GNorm = 0.1839, lr_0 = 6.6563e-04
Loss = 1.4211e-03, PNorm = 35.2719, GNorm = 0.5572, lr_0 = 6.6405e-04
Loss = 1.3505e-03, PNorm = 35.2728, GNorm = 0.3415, lr_0 = 6.6248e-04
Loss = 8.7622e-04, PNorm = 35.2736, GNorm = 0.0944, lr_0 = 6.6091e-04
Loss = 7.8134e-04, PNorm = 35.2747, GNorm = 0.1535, lr_0 = 6.5934e-04
Loss = 7.8987e-04, PNorm = 35.2760, GNorm = 0.2038, lr_0 = 6.5778e-04
Loss = 8.5006e-04, PNorm = 35.2767, GNorm = 0.1583, lr_0 = 6.5622e-04
Loss = 9.5762e-04, PNorm = 35.2774, GNorm = 0.3049, lr_0 = 6.5466e-04
Loss = 8.2134e-04, PNorm = 35.2781, GNorm = 0.1714, lr_0 = 6.5311e-04
Validation mae = nan
Epoch 20
Loss = 8.8313e-04, PNorm = 35.2791, GNorm = 0.1088, lr_0 = 6.5156e-04
Loss = 1.0680e-03, PNorm = 35.2801, GNorm = 0.3174, lr_0 = 6.5002e-04
Loss = 9.5120e-04, PNorm = 35.2807, GNorm = 0.2252, lr_0 = 6.4848e-04
Loss = 5.8306e-04, PNorm = 35.2813, GNorm = 0.1146, lr_0 = 6.4694e-04
Loss = 8.3030e-04, PNorm = 35.2824, GNorm = 0.1671, lr_0 = 6.4541e-04
Loss = 6.4637e-04, PNorm = 35.2833, GNorm = 0.1445, lr_0 = 6.4388e-04
Loss = 7.3505e-04, PNorm = 35.2843, GNorm = 0.1454, lr_0 = 6.4235e-04
Loss = 8.1824e-04, PNorm = 35.2851, GNorm = 0.1837, lr_0 = 6.4083e-04
Loss = 7.7365e-04, PNorm = 35.2857, GNorm = 0.3838, lr_0 = 6.3931e-04
Loss = 1.1292e-03, PNorm = 35.2861, GNorm = 0.3521, lr_0 = 6.3779e-04
Validation mae = nan
Epoch 21
Loss = 5.5895e-04, PNorm = 35.2868, GNorm = 0.1106, lr_0 = 6.3628e-04
Loss = 7.8139e-04, PNorm = 35.2876, GNorm = 0.2496, lr_0 = 6.3477e-04
Loss = 9.5563e-04, PNorm = 35.2886, GNorm = 0.3612, lr_0 = 6.3327e-04
Loss = 9.1832e-04, PNorm = 35.2894, GNorm = 0.3829, lr_0 = 6.3177e-04
Loss = 9.7076e-04, PNorm = 35.2902, GNorm = 0.1564, lr_0 = 6.3027e-04
Loss = 1.1631e-03, PNorm = 35.2910, GNorm = 0.3159, lr_0 = 6.2877e-04
Loss = 8.2474e-04, PNorm = 35.2920, GNorm = 0.2053, lr_0 = 6.2728e-04
Loss = 9.0661e-04, PNorm = 35.2932, GNorm = 0.2525, lr_0 = 6.2580e-04
Loss = 7.6016e-04, PNorm = 35.2937, GNorm = 0.3067, lr_0 = 6.2431e-04
Loss = 9.8701e-04, PNorm = 35.2946, GNorm = 0.5317, lr_0 = 6.2283e-04
Validation mae = nan
Epoch 22
Loss = 7.6110e-04, PNorm = 35.2961, GNorm = 0.0890, lr_0 = 6.2136e-04
Loss = 9.8932e-04, PNorm = 35.2971, GNorm = 0.1714, lr_0 = 6.1988e-04
Loss = 1.1066e-03, PNorm = 35.2982, GNorm = 0.2532, lr_0 = 6.1842e-04
Loss = 7.2169e-04, PNorm = 35.2989, GNorm = 0.1281, lr_0 = 6.1695e-04
Loss = 8.0427e-04, PNorm = 35.2997, GNorm = 0.1096, lr_0 = 6.1549e-04
Loss = 6.7428e-04, PNorm = 35.3005, GNorm = 0.1348, lr_0 = 6.1403e-04
Loss = 6.9115e-04, PNorm = 35.3014, GNorm = 0.1543, lr_0 = 6.1257e-04
Loss = 4.6621e-04, PNorm = 35.3024, GNorm = 0.0875, lr_0 = 6.1112e-04
Loss = 6.2392e-04, PNorm = 35.3031, GNorm = 0.0688, lr_0 = 6.0967e-04
Loss = 6.5661e-04, PNorm = 35.3042, GNorm = 0.1027, lr_0 = 6.0823e-04
Validation mae = nan
Epoch 23
Loss = 5.3893e-04, PNorm = 35.3055, GNorm = 0.2033, lr_0 = 6.0678e-04
Loss = 5.2357e-04, PNorm = 35.3066, GNorm = 0.1343, lr_0 = 6.0535e-04
Loss = 9.3725e-04, PNorm = 35.3077, GNorm = 0.2409, lr_0 = 6.0391e-04
Loss = 9.9600e-04, PNorm = 35.3088, GNorm = 0.2515, lr_0 = 6.0248e-04
Loss = 9.6747e-04, PNorm = 35.3095, GNorm = 0.3460, lr_0 = 6.0105e-04
Loss = 7.9679e-04, PNorm = 35.3098, GNorm = 0.1766, lr_0 = 5.9963e-04
Loss = 8.1267e-04, PNorm = 35.3108, GNorm = 0.1843, lr_0 = 5.9821e-04
Loss = 6.1971e-04, PNorm = 35.3119, GNorm = 0.0896, lr_0 = 5.9679e-04
Loss = 6.6668e-04, PNorm = 35.3132, GNorm = 0.1339, lr_0 = 5.9537e-04
Loss = 6.6807e-04, PNorm = 35.3140, GNorm = 0.1845, lr_0 = 5.9396e-04
Validation mae = nan
Epoch 24
Loss = 5.7107e-04, PNorm = 35.3150, GNorm = 0.0745, lr_0 = 5.9255e-04
Loss = 5.5269e-04, PNorm = 35.3162, GNorm = 0.2525, lr_0 = 5.9115e-04
Loss = 6.8116e-04, PNorm = 35.3172, GNorm = 0.2095, lr_0 = 5.8975e-04
Loss = 8.5773e-04, PNorm = 35.3179, GNorm = 0.4036, lr_0 = 5.8835e-04
Loss = 1.1103e-03, PNorm = 35.3188, GNorm = 0.1795, lr_0 = 5.8695e-04
Loss = 1.3627e-03, PNorm = 35.3203, GNorm = 0.2895, lr_0 = 5.8556e-04
Loss = 1.3482e-03, PNorm = 35.3215, GNorm = 0.1364, lr_0 = 5.8418e-04
Loss = 1.0158e-03, PNorm = 35.3222, GNorm = 0.1610, lr_0 = 5.8279e-04
Loss = 9.9367e-04, PNorm = 35.3238, GNorm = 0.3637, lr_0 = 5.8141e-04
Loss = 8.3319e-04, PNorm = 35.3252, GNorm = 0.4068, lr_0 = 5.8003e-04
Validation mae = nan
Epoch 25
Loss = 6.8340e-04, PNorm = 35.3261, GNorm = 0.2045, lr_0 = 5.7866e-04
Loss = 9.3405e-04, PNorm = 35.3269, GNorm = 0.1202, lr_0 = 5.7728e-04
Loss = 1.0614e-03, PNorm = 35.3279, GNorm = 0.1749, lr_0 = 5.7592e-04
Loss = 1.4895e-03, PNorm = 35.3288, GNorm = 0.0846, lr_0 = 5.7455e-04
Loss = 1.5046e-03, PNorm = 35.3302, GNorm = 0.0572, lr_0 = 5.7319e-04
Loss = 7.4407e-04, PNorm = 35.3319, GNorm = 0.0702, lr_0 = 5.7183e-04
Loss = 7.5130e-04, PNorm = 35.3328, GNorm = 0.1268, lr_0 = 5.7047e-04
Loss = 6.9127e-04, PNorm = 35.3335, GNorm = 0.3958, lr_0 = 5.6912e-04
Loss = 6.2332e-04, PNorm = 35.3342, GNorm = 0.2144, lr_0 = 5.6777e-04
Loss = 5.3979e-04, PNorm = 35.3352, GNorm = 0.1213, lr_0 = 5.6643e-04
Validation mae = nan
Epoch 26
Loss = 1.0789e-03, PNorm = 35.3362, GNorm = 0.4043, lr_0 = 5.6495e-04
Loss = 7.3835e-04, PNorm = 35.3375, GNorm = 0.3471, lr_0 = 5.6361e-04
Loss = 6.0323e-04, PNorm = 35.3386, GNorm = 0.1825, lr_0 = 5.6227e-04
Loss = 1.0137e-03, PNorm = 35.3395, GNorm = 0.3532, lr_0 = 5.6094e-04
Loss = 1.1015e-03, PNorm = 35.3402, GNorm = 0.2744, lr_0 = 5.5961e-04
Loss = 2.0304e-03, PNorm = 35.3410, GNorm = 0.2619, lr_0 = 5.5829e-04
Loss = 1.5898e-03, PNorm = 35.3418, GNorm = 0.3436, lr_0 = 5.5696e-04
Loss = 1.4144e-03, PNorm = 35.3432, GNorm = 0.4784, lr_0 = 5.5564e-04
Loss = 1.6495e-03, PNorm = 35.3447, GNorm = 0.6378, lr_0 = 5.5432e-04
Loss = 1.6219e-03, PNorm = 35.3454, GNorm = 0.2306, lr_0 = 5.5301e-04
Validation mae = nan
Epoch 27
Loss = 1.1273e-03, PNorm = 35.3470, GNorm = 0.4126, lr_0 = 5.5170e-04
Loss = 7.3253e-04, PNorm = 35.3486, GNorm = 0.1630, lr_0 = 5.5039e-04
Loss = 1.0133e-03, PNorm = 35.3497, GNorm = 0.2921, lr_0 = 5.4909e-04
Loss = 9.3475e-04, PNorm = 35.3508, GNorm = 0.3060, lr_0 = 5.4779e-04
Loss = 6.3869e-04, PNorm = 35.3519, GNorm = 0.0990, lr_0 = 5.4649e-04
Loss = 7.0141e-04, PNorm = 35.3525, GNorm = 0.0839, lr_0 = 5.4519e-04
Loss = 5.7022e-04, PNorm = 35.3532, GNorm = 0.0978, lr_0 = 5.4390e-04
Loss = 5.0422e-04, PNorm = 35.3544, GNorm = 0.2309, lr_0 = 5.4261e-04
Loss = 6.4000e-04, PNorm = 35.3554, GNorm = 0.1301, lr_0 = 5.4132e-04
Loss = 8.5775e-04, PNorm = 35.3560, GNorm = 0.2849, lr_0 = 5.4004e-04
Validation mae = nan
Epoch 28
Loss = 9.9543e-04, PNorm = 35.3574, GNorm = 0.3655, lr_0 = 5.3876e-04
Loss = 1.0317e-03, PNorm = 35.3583, GNorm = 0.5575, lr_0 = 5.3748e-04
Loss = 2.9944e-03, PNorm = 35.3591, GNorm = 1.0489, lr_0 = 5.3621e-04
Loss = 6.2924e-03, PNorm = 35.3600, GNorm = 0.9697, lr_0 = 5.3494e-04
Loss = 5.7899e-03, PNorm = 35.3608, GNorm = 0.8984, lr_0 = 5.3367e-04
Loss = 8.7398e-03, PNorm = 35.3626, GNorm = 0.8702, lr_0 = 5.3240e-04
Loss = 1.1067e-02, PNorm = 35.3636, GNorm = 1.4386, lr_0 = 5.3114e-04
Loss = 1.1594e-02, PNorm = 35.3655, GNorm = 1.2862, lr_0 = 5.2988e-04
Loss = 9.0405e-03, PNorm = 35.3678, GNorm = 0.7732, lr_0 = 5.2863e-04
Loss = 1.0487e-02, PNorm = 35.3698, GNorm = 0.7664, lr_0 = 5.2737e-04
Validation mae = nan
Epoch 29
Loss = 5.3553e-03, PNorm = 35.3727, GNorm = 0.4388, lr_0 = 5.2612e-04
Loss = 2.2871e-03, PNorm = 35.3754, GNorm = 0.2756, lr_0 = 5.2488e-04
Loss = 1.5815e-03, PNorm = 35.3767, GNorm = 0.1804, lr_0 = 5.2363e-04
Loss = 1.7950e-03, PNorm = 35.3776, GNorm = 0.2912, lr_0 = 5.2239e-04
Loss = 1.0094e-03, PNorm = 35.3789, GNorm = 0.2055, lr_0 = 5.2115e-04
Loss = 1.1445e-03, PNorm = 35.3802, GNorm = 0.3833, lr_0 = 5.1992e-04
Loss = 1.1826e-03, PNorm = 35.3810, GNorm = 0.1377, lr_0 = 5.1869e-04
Loss = 6.3651e-04, PNorm = 35.3821, GNorm = 0.0787, lr_0 = 5.1746e-04
Loss = 6.9335e-04, PNorm = 35.3827, GNorm = 0.0849, lr_0 = 5.1623e-04
Loss = 7.3869e-04, PNorm = 35.3832, GNorm = 0.1951, lr_0 = 5.1501e-04
Validation mae = nan
Epoch 30
Loss = 9.7583e-04, PNorm = 35.3840, GNorm = 0.3362, lr_0 = 5.1378e-04
Loss = 6.6780e-04, PNorm = 35.3851, GNorm = 0.1764, lr_0 = 5.1257e-04
Loss = 6.6524e-04, PNorm = 35.3858, GNorm = 0.2393, lr_0 = 5.1135e-04
Loss = 7.1579e-04, PNorm = 35.3867, GNorm = 0.3720, lr_0 = 5.1014e-04
Loss = 9.2833e-04, PNorm = 35.3875, GNorm = 0.1511, lr_0 = 5.0893e-04
Loss = 6.6593e-04, PNorm = 35.3886, GNorm = 0.1490, lr_0 = 5.0772e-04
Loss = 7.5492e-04, PNorm = 35.3896, GNorm = 0.3388, lr_0 = 5.0652e-04
Loss = 8.8152e-04, PNorm = 35.3903, GNorm = 0.2088, lr_0 = 5.0532e-04
Loss = 7.1286e-04, PNorm = 35.3913, GNorm = 0.0653, lr_0 = 5.0412e-04
Loss = 9.0796e-04, PNorm = 35.3925, GNorm = 0.2105, lr_0 = 5.0293e-04
Validation mae = nan
Epoch 31
Loss = 5.8727e-04, PNorm = 35.3933, GNorm = 0.2012, lr_0 = 5.0173e-04
Loss = 7.5119e-04, PNorm = 35.3939, GNorm = 0.2441, lr_0 = 5.0055e-04
Loss = 7.4364e-04, PNorm = 35.3946, GNorm = 0.2105, lr_0 = 4.9936e-04
Loss = 8.1422e-04, PNorm = 35.3958, GNorm = 0.1712, lr_0 = 4.9818e-04
Loss = 7.9160e-04, PNorm = 35.3968, GNorm = 0.1703, lr_0 = 4.9699e-04
Loss = 9.0314e-04, PNorm = 35.3976, GNorm = 0.4821, lr_0 = 4.9582e-04
Loss = 1.1523e-03, PNorm = 35.3983, GNorm = 0.4440, lr_0 = 4.9464e-04
Loss = 9.8058e-04, PNorm = 35.3990, GNorm = 0.0769, lr_0 = 4.9347e-04
Loss = 8.9877e-04, PNorm = 35.4003, GNorm = 0.1322, lr_0 = 4.9230e-04
Loss = 5.9191e-04, PNorm = 35.4015, GNorm = 0.0833, lr_0 = 4.9113e-04
Validation mae = nan
Epoch 32
Loss = 5.2960e-04, PNorm = 35.4021, GNorm = 0.1142, lr_0 = 4.8997e-04
Loss = 6.6421e-04, PNorm = 35.4029, GNorm = 0.2267, lr_0 = 4.8881e-04
Loss = 4.8756e-04, PNorm = 35.4036, GNorm = 0.1411, lr_0 = 4.8765e-04
Loss = 5.6783e-04, PNorm = 35.4044, GNorm = 0.2711, lr_0 = 4.8649e-04
Loss = 6.6858e-04, PNorm = 35.4050, GNorm = 0.3521, lr_0 = 4.8534e-04
Loss = 9.2096e-04, PNorm = 35.4059, GNorm = 0.3250, lr_0 = 4.8419e-04
Loss = 1.0203e-03, PNorm = 35.4065, GNorm = 0.2411, lr_0 = 4.8304e-04
Loss = 1.0809e-03, PNorm = 35.4074, GNorm = 0.3090, lr_0 = 4.8189e-04
Loss = 6.6483e-04, PNorm = 35.4084, GNorm = 0.1790, lr_0 = 4.8075e-04
Loss = 7.5897e-04, PNorm = 35.4094, GNorm = 0.1101, lr_0 = 4.7961e-04
Validation mae = nan
Epoch 33
Loss = 7.5370e-04, PNorm = 35.4102, GNorm = 0.4024, lr_0 = 4.7848e-04
Loss = 7.2383e-04, PNorm = 35.4114, GNorm = 0.2542, lr_0 = 4.7734e-04
Loss = 7.1455e-04, PNorm = 35.4126, GNorm = 0.3879, lr_0 = 4.7621e-04
Loss = 7.2615e-04, PNorm = 35.4132, GNorm = 0.1077, lr_0 = 4.7508e-04
Loss = 5.6986e-04, PNorm = 35.4138, GNorm = 0.1937, lr_0 = 4.7395e-04
Loss = 5.9668e-04, PNorm = 35.4147, GNorm = 0.1043, lr_0 = 4.7283e-04
Loss = 5.9889e-04, PNorm = 35.4152, GNorm = 0.1717, lr_0 = 4.7171e-04
Loss = 6.5941e-04, PNorm = 35.4163, GNorm = 0.2394, lr_0 = 4.7059e-04
Loss = 8.7819e-04, PNorm = 35.4168, GNorm = 0.3949, lr_0 = 4.6948e-04
Loss = 7.1880e-04, PNorm = 35.4179, GNorm = 0.1890, lr_0 = 4.6836e-04
Validation mae = nan
Epoch 34
Loss = 4.8912e-04, PNorm = 35.4190, GNorm = 0.2151, lr_0 = 4.6725e-04
Loss = 6.1757e-04, PNorm = 35.4198, GNorm = 0.1911, lr_0 = 4.6615e-04
Loss = 5.5014e-04, PNorm = 35.4206, GNorm = 0.1773, lr_0 = 4.6504e-04
Loss = 6.4252e-04, PNorm = 35.4214, GNorm = 0.2470, lr_0 = 4.6394e-04
Loss = 5.6704e-04, PNorm = 35.4224, GNorm = 0.0967, lr_0 = 4.6284e-04
Loss = 4.0624e-04, PNorm = 35.4231, GNorm = 0.0971, lr_0 = 4.6174e-04
Loss = 5.8485e-04, PNorm = 35.4240, GNorm = 0.1991, lr_0 = 4.6065e-04
Loss = 4.3180e-04, PNorm = 35.4251, GNorm = 0.0532, lr_0 = 4.5956e-04
Loss = 5.0369e-04, PNorm = 35.4259, GNorm = 0.1629, lr_0 = 4.5847e-04
Loss = 6.4020e-04, PNorm = 35.4265, GNorm = 0.1134, lr_0 = 4.5738e-04
Validation mae = nan
Epoch 35
Loss = 4.1055e-04, PNorm = 35.4273, GNorm = 0.1444, lr_0 = 4.5629e-04
Loss = 4.7171e-04, PNorm = 35.4281, GNorm = 0.1517, lr_0 = 4.5521e-04
Loss = 4.8607e-04, PNorm = 35.4288, GNorm = 0.1084, lr_0 = 4.5413e-04
Loss = 4.0796e-04, PNorm = 35.4301, GNorm = 0.1188, lr_0 = 4.5306e-04
Loss = 4.8972e-04, PNorm = 35.4312, GNorm = 0.1231, lr_0 = 4.5198e-04
Loss = 4.3920e-04, PNorm = 35.4315, GNorm = 0.0413, lr_0 = 4.5091e-04
Loss = 5.5754e-04, PNorm = 35.4321, GNorm = 0.1315, lr_0 = 4.4984e-04
Loss = 4.9234e-04, PNorm = 35.4330, GNorm = 0.1334, lr_0 = 4.4878e-04
Loss = 4.0347e-04, PNorm = 35.4340, GNorm = 0.2800, lr_0 = 4.4771e-04
Loss = 3.4812e-04, PNorm = 35.4346, GNorm = 0.1258, lr_0 = 4.4665e-04
Validation mae = nan
Epoch 36
Loss = 4.7959e-04, PNorm = 35.4352, GNorm = 0.0535, lr_0 = 4.4559e-04
Loss = 5.4876e-04, PNorm = 35.4359, GNorm = 0.2813, lr_0 = 4.4454e-04
Loss = 7.6193e-04, PNorm = 35.4365, GNorm = 0.3931, lr_0 = 4.4348e-04
Loss = 8.0508e-04, PNorm = 35.4375, GNorm = 0.2348, lr_0 = 4.4243e-04
Loss = 9.9088e-04, PNorm = 35.4383, GNorm = 0.2665, lr_0 = 4.4138e-04
Loss = 5.1826e-04, PNorm = 35.4388, GNorm = 0.0502, lr_0 = 4.4034e-04
Loss = 8.1057e-04, PNorm = 35.4393, GNorm = 0.1550, lr_0 = 4.3929e-04
Loss = 7.5875e-04, PNorm = 35.4402, GNorm = 0.1318, lr_0 = 4.3825e-04
Loss = 5.4977e-04, PNorm = 35.4413, GNorm = 0.1994, lr_0 = 4.3721e-04
Loss = 6.7498e-04, PNorm = 35.4419, GNorm = 0.1684, lr_0 = 4.3618e-04
Validation mae = nan
Epoch 37
Loss = 6.5390e-04, PNorm = 35.4426, GNorm = 0.2188, lr_0 = 4.3514e-04
Loss = 6.6257e-04, PNorm = 35.4433, GNorm = 0.1270, lr_0 = 4.3411e-04
Loss = 6.9220e-04, PNorm = 35.4439, GNorm = 0.1346, lr_0 = 4.3308e-04
Loss = 6.8016e-04, PNorm = 35.4447, GNorm = 0.1946, lr_0 = 4.3206e-04
Loss = 3.7281e-04, PNorm = 35.4454, GNorm = 0.1025, lr_0 = 4.3103e-04
Loss = 5.4460e-04, PNorm = 35.4463, GNorm = 0.2029, lr_0 = 4.3001e-04
Loss = 4.2210e-04, PNorm = 35.4469, GNorm = 0.1041, lr_0 = 4.2899e-04
Loss = 4.1887e-04, PNorm = 35.4476, GNorm = 0.1307, lr_0 = 4.2797e-04
Loss = 4.4823e-04, PNorm = 35.4487, GNorm = 0.1101, lr_0 = 4.2696e-04
Loss = 4.3764e-04, PNorm = 35.4497, GNorm = 0.1323, lr_0 = 4.2595e-04
Validation mae = nan
Epoch 38
Loss = 3.6036e-04, PNorm = 35.4506, GNorm = 0.1627, lr_0 = 4.2484e-04
Loss = 4.0295e-04, PNorm = 35.4513, GNorm = 0.0800, lr_0 = 4.2383e-04
Loss = 4.2575e-04, PNorm = 35.4522, GNorm = 0.2064, lr_0 = 4.2282e-04
Loss = 5.6264e-04, PNorm = 35.4532, GNorm = 0.1682, lr_0 = 4.2182e-04
Loss = 4.8575e-04, PNorm = 35.4539, GNorm = 0.1709, lr_0 = 4.2082e-04
Loss = 4.5451e-04, PNorm = 35.4545, GNorm = 0.1473, lr_0 = 4.1982e-04
Loss = 4.7920e-04, PNorm = 35.4548, GNorm = 0.1730, lr_0 = 4.1883e-04
Loss = 4.5326e-04, PNorm = 35.4561, GNorm = 0.0455, lr_0 = 4.1784e-04
Loss = 5.1774e-04, PNorm = 35.4568, GNorm = 0.0730, lr_0 = 4.1685e-04
Loss = 3.5152e-04, PNorm = 35.4574, GNorm = 0.1593, lr_0 = 4.1586e-04
Validation mae = nan
Epoch 39
Loss = 4.6091e-04, PNorm = 35.4586, GNorm = 0.1418, lr_0 = 4.1487e-04
Loss = 3.8522e-04, PNorm = 35.4594, GNorm = 0.1041, lr_0 = 4.1389e-04
Loss = 3.5084e-04, PNorm = 35.4599, GNorm = 0.0979, lr_0 = 4.1291e-04
Loss = 4.4358e-04, PNorm = 35.4610, GNorm = 0.1132, lr_0 = 4.1193e-04
Loss = 5.3017e-04, PNorm = 35.4620, GNorm = 0.1550, lr_0 = 4.1095e-04
Loss = 5.2477e-04, PNorm = 35.4627, GNorm = 0.2332, lr_0 = 4.0998e-04
Loss = 5.2453e-04, PNorm = 35.4634, GNorm = 0.0636, lr_0 = 4.0901e-04
Loss = 3.4022e-04, PNorm = 35.4640, GNorm = 0.1252, lr_0 = 4.0804e-04
Loss = 4.4694e-04, PNorm = 35.4646, GNorm = 0.2139, lr_0 = 4.0707e-04
Loss = 4.5095e-04, PNorm = 35.4654, GNorm = 0.2029, lr_0 = 4.0610e-04
Validation mae = nan
Epoch 40
Loss = 2.7576e-04, PNorm = 35.4661, GNorm = 0.0759, lr_0 = 4.0514e-04
Loss = 3.9121e-04, PNorm = 35.4670, GNorm = 0.0840, lr_0 = 4.0418e-04
Loss = 5.2154e-04, PNorm = 35.4684, GNorm = 0.1627, lr_0 = 4.0322e-04
Loss = 5.6312e-04, PNorm = 35.4692, GNorm = 0.0621, lr_0 = 4.0227e-04
Loss = 5.6882e-04, PNorm = 35.4700, GNorm = 0.1130, lr_0 = 4.0131e-04
Loss = 5.3940e-04, PNorm = 35.4705, GNorm = 0.3405, lr_0 = 4.0036e-04
Loss = 5.8081e-04, PNorm = 35.4713, GNorm = 0.1117, lr_0 = 3.9941e-04
Loss = 4.6548e-04, PNorm = 35.4721, GNorm = 0.2234, lr_0 = 3.9847e-04
Loss = 4.8762e-04, PNorm = 35.4729, GNorm = 0.1426, lr_0 = 3.9752e-04
Loss = 2.9862e-04, PNorm = 35.4737, GNorm = 0.0723, lr_0 = 3.9658e-04
Validation mae = nan
Epoch 41
Loss = 5.0598e-04, PNorm = 35.4741, GNorm = 0.1046, lr_0 = 3.9564e-04
Loss = 4.9028e-04, PNorm = 35.4746, GNorm = 0.1503, lr_0 = 3.9470e-04
Loss = 6.2387e-04, PNorm = 35.4758, GNorm = 0.1998, lr_0 = 3.9377e-04
Loss = 4.3549e-04, PNorm = 35.4768, GNorm = 0.1178, lr_0 = 3.9283e-04
Loss = 5.9911e-04, PNorm = 35.4774, GNorm = 0.3154, lr_0 = 3.9190e-04
Loss = 5.9738e-04, PNorm = 35.4785, GNorm = 0.2847, lr_0 = 3.9097e-04
Loss = 5.6696e-04, PNorm = 35.4792, GNorm = 0.1339, lr_0 = 3.9005e-04
Loss = 4.2140e-04, PNorm = 35.4800, GNorm = 0.1862, lr_0 = 3.8912e-04
Loss = 4.4606e-04, PNorm = 35.4807, GNorm = 0.0858, lr_0 = 3.8820e-04
Loss = 3.9377e-04, PNorm = 35.4814, GNorm = 0.1379, lr_0 = 3.8728e-04
Validation mae = nan
Epoch 42
Loss = 2.5145e-04, PNorm = 35.4823, GNorm = 0.0754, lr_0 = 3.8636e-04
Loss = 3.4017e-04, PNorm = 35.4833, GNorm = 0.1840, lr_0 = 3.8544e-04
Loss = 3.5040e-04, PNorm = 35.4839, GNorm = 0.0821, lr_0 = 3.8453e-04
Loss = 4.0042e-04, PNorm = 35.4846, GNorm = 0.1232, lr_0 = 3.8362e-04
Loss = 5.1272e-04, PNorm = 35.4854, GNorm = 0.0593, lr_0 = 3.8271e-04
Loss = 4.1180e-04, PNorm = 35.4859, GNorm = 0.0489, lr_0 = 3.8180e-04
Loss = 4.2773e-04, PNorm = 35.4866, GNorm = 0.0639, lr_0 = 3.8090e-04
Loss = 4.6436e-04, PNorm = 35.4877, GNorm = 0.0980, lr_0 = 3.7999e-04
Loss = 4.1148e-04, PNorm = 35.4885, GNorm = 0.1776, lr_0 = 3.7909e-04
Loss = 5.0627e-04, PNorm = 35.4894, GNorm = 0.2129, lr_0 = 3.7820e-04
Validation mae = nan
Epoch 43
Loss = 5.2472e-04, PNorm = 35.4903, GNorm = 0.1751, lr_0 = 3.7730e-04
Loss = 4.2881e-04, PNorm = 35.4913, GNorm = 0.1785, lr_0 = 3.7640e-04
Loss = 4.5247e-04, PNorm = 35.4926, GNorm = 0.1998, lr_0 = 3.7551e-04
Loss = 4.3311e-04, PNorm = 35.4937, GNorm = 0.1343, lr_0 = 3.7462e-04
Loss = 5.4893e-04, PNorm = 35.4945, GNorm = 0.2304, lr_0 = 3.7373e-04
Loss = 4.2105e-04, PNorm = 35.4954, GNorm = 0.1088, lr_0 = 3.7285e-04
Loss = 4.9541e-04, PNorm = 35.4961, GNorm = 0.1350, lr_0 = 3.7196e-04
Loss = 6.2995e-04, PNorm = 35.4969, GNorm = 0.1664, lr_0 = 3.7108e-04
Loss = 4.5400e-04, PNorm = 35.4981, GNorm = 0.1114, lr_0 = 3.7020e-04
Loss = 3.8385e-04, PNorm = 35.4990, GNorm = 0.0986, lr_0 = 3.6933e-04
Validation mae = nan
Epoch 44
Loss = 3.7549e-04, PNorm = 35.4997, GNorm = 0.2351, lr_0 = 3.6845e-04
Loss = 3.5254e-04, PNorm = 35.5009, GNorm = 0.0597, lr_0 = 3.6758e-04
Loss = 4.5146e-04, PNorm = 35.5018, GNorm = 0.2028, lr_0 = 3.6670e-04
Loss = 6.4265e-04, PNorm = 35.5025, GNorm = 0.0920, lr_0 = 3.6584e-04
Loss = 3.7763e-04, PNorm = 35.5037, GNorm = 0.0726, lr_0 = 3.6497e-04
Loss = 3.1284e-04, PNorm = 35.5048, GNorm = 0.0908, lr_0 = 3.6410e-04
Loss = 3.1729e-04, PNorm = 35.5059, GNorm = 0.0760, lr_0 = 3.6324e-04
Loss = 3.1286e-04, PNorm = 35.5066, GNorm = 0.0541, lr_0 = 3.6238e-04
Loss = 3.8325e-04, PNorm = 35.5068, GNorm = 0.1380, lr_0 = 3.6152e-04
Loss = 4.6803e-04, PNorm = 35.5074, GNorm = 0.0969, lr_0 = 3.6066e-04
Validation mae = nan
Epoch 45
Loss = 4.3317e-04, PNorm = 35.5077, GNorm = 0.0997, lr_0 = 3.5981e-04
Loss = 3.3063e-04, PNorm = 35.5089, GNorm = 0.1208, lr_0 = 3.5896e-04
Loss = 3.5592e-04, PNorm = 35.5097, GNorm = 0.1065, lr_0 = 3.5810e-04
Loss = 4.7233e-04, PNorm = 35.5104, GNorm = 0.1833, lr_0 = 3.5726e-04
Loss = 4.8436e-04, PNorm = 35.5113, GNorm = 0.1559, lr_0 = 3.5641e-04
Loss = 4.8117e-04, PNorm = 35.5124, GNorm = 0.1305, lr_0 = 3.5556e-04
Loss = 3.8169e-04, PNorm = 35.5132, GNorm = 0.0432, lr_0 = 3.5472e-04
Loss = 4.2117e-04, PNorm = 35.5140, GNorm = 0.1397, lr_0 = 3.5388e-04
Loss = 4.2426e-04, PNorm = 35.5151, GNorm = 0.1315, lr_0 = 3.5304e-04
Loss = 3.6211e-04, PNorm = 35.5160, GNorm = 0.2165, lr_0 = 3.5220e-04
Validation mae = nan
Epoch 46
Loss = 3.4757e-04, PNorm = 35.5167, GNorm = 0.1404, lr_0 = 3.5137e-04
Loss = 4.0049e-04, PNorm = 35.5179, GNorm = 0.1927, lr_0 = 3.5054e-04
Loss = 5.0813e-04, PNorm = 35.5183, GNorm = 0.1765, lr_0 = 3.4971e-04
Loss = 4.9120e-04, PNorm = 35.5188, GNorm = 0.1010, lr_0 = 3.4888e-04
Loss = 3.8970e-04, PNorm = 35.5200, GNorm = 0.0841, lr_0 = 3.4805e-04
Loss = 3.8276e-04, PNorm = 35.5208, GNorm = 0.0949, lr_0 = 3.4722e-04
Loss = 3.3720e-04, PNorm = 35.5216, GNorm = 0.2909, lr_0 = 3.4640e-04
Loss = 4.0653e-04, PNorm = 35.5228, GNorm = 0.0524, lr_0 = 3.4558e-04
Loss = 7.8077e-04, PNorm = 35.5240, GNorm = 0.3811, lr_0 = 3.4476e-04
Loss = 8.6150e-04, PNorm = 35.5243, GNorm = 0.1560, lr_0 = 3.4394e-04
Validation mae = nan
Epoch 47
Loss = 1.0144e-03, PNorm = 35.5253, GNorm = 0.1625, lr_0 = 3.4313e-04
Loss = 6.3123e-04, PNorm = 35.5265, GNorm = 0.1010, lr_0 = 3.4231e-04
Loss = 4.8740e-04, PNorm = 35.5275, GNorm = 0.1303, lr_0 = 3.4150e-04
Loss = 5.3451e-04, PNorm = 35.5276, GNorm = 0.1271, lr_0 = 3.4069e-04
Loss = 6.2536e-04, PNorm = 35.5276, GNorm = 0.3538, lr_0 = 3.3989e-04
Loss = 5.5487e-04, PNorm = 35.5286, GNorm = 0.0973, lr_0 = 3.3908e-04
Loss = 4.8327e-04, PNorm = 35.5297, GNorm = 0.1005, lr_0 = 3.3828e-04
Loss = 4.4963e-04, PNorm = 35.5307, GNorm = 0.1898, lr_0 = 3.3747e-04
Loss = 4.4512e-04, PNorm = 35.5317, GNorm = 0.1954, lr_0 = 3.3668e-04
Loss = 4.0865e-04, PNorm = 35.5330, GNorm = 0.0991, lr_0 = 3.3588e-04
Validation mae = nan
Epoch 48
Loss = 4.0845e-04, PNorm = 35.5338, GNorm = 0.1766, lr_0 = 3.3508e-04
Loss = 4.7166e-04, PNorm = 35.5343, GNorm = 0.2136, lr_0 = 3.3429e-04
Loss = 3.8566e-04, PNorm = 35.5349, GNorm = 0.0598, lr_0 = 3.3349e-04
Loss = 3.8269e-04, PNorm = 35.5354, GNorm = 0.2112, lr_0 = 3.3270e-04
Loss = 3.7443e-04, PNorm = 35.5358, GNorm = 0.1117, lr_0 = 3.3191e-04
Loss = 3.0813e-04, PNorm = 35.5358, GNorm = 0.0587, lr_0 = 3.3113e-04
Loss = 3.4110e-04, PNorm = 35.5364, GNorm = 0.1755, lr_0 = 3.3034e-04
Loss = 3.8737e-04, PNorm = 35.5373, GNorm = 0.0776, lr_0 = 3.2956e-04
Loss = 5.0605e-04, PNorm = 35.5382, GNorm = 0.0952, lr_0 = 3.2878e-04
Loss = 4.3161e-04, PNorm = 35.5396, GNorm = 0.0354, lr_0 = 3.2800e-04
Validation mae = nan
Epoch 49
Loss = 4.1046e-04, PNorm = 35.5404, GNorm = 0.0658, lr_0 = 3.2722e-04
Loss = 3.3788e-04, PNorm = 35.5414, GNorm = 0.1712, lr_0 = 3.2645e-04
Loss = 4.0445e-04, PNorm = 35.5423, GNorm = 0.0885, lr_0 = 3.2567e-04
Loss = 4.1396e-04, PNorm = 35.5435, GNorm = 0.1054, lr_0 = 3.2490e-04
Loss = 5.2937e-04, PNorm = 35.5443, GNorm = 0.2179, lr_0 = 3.2413e-04
Loss = 2.0098e-03, PNorm = 35.5447, GNorm = 0.4550, lr_0 = 3.2336e-04
Loss = 1.6704e-03, PNorm = 35.5453, GNorm = 0.6615, lr_0 = 3.2260e-04
Loss = 1.3729e-03, PNorm = 35.5458, GNorm = 0.2011, lr_0 = 3.2183e-04
Loss = 1.1904e-03, PNorm = 35.5461, GNorm = 0.3122, lr_0 = 3.2107e-04
Loss = 1.0679e-03, PNorm = 35.5477, GNorm = 0.2302, lr_0 = 3.2031e-04
Validation mae = nan
Epoch 50
Loss = 6.8265e-04, PNorm = 35.5486, GNorm = 0.1255, lr_0 = 3.1955e-04
Loss = 5.6703e-04, PNorm = 35.5495, GNorm = 0.1490, lr_0 = 3.1879e-04
Loss = 6.2288e-04, PNorm = 35.5508, GNorm = 0.2072, lr_0 = 3.1803e-04
Loss = 4.3620e-04, PNorm = 35.5519, GNorm = 0.0984, lr_0 = 3.1728e-04
Loss = 4.5467e-04, PNorm = 35.5525, GNorm = 0.0648, lr_0 = 3.1653e-04
Loss = 3.6761e-04, PNorm = 35.5531, GNorm = 0.1920, lr_0 = 3.1578e-04
Loss = 4.1633e-04, PNorm = 35.5539, GNorm = 0.1262, lr_0 = 3.1503e-04
Loss = 4.3324e-04, PNorm = 35.5545, GNorm = 0.2720, lr_0 = 3.1428e-04
Loss = 5.1304e-04, PNorm = 35.5553, GNorm = 0.2286, lr_0 = 3.1354e-04
Loss = 8.7748e-04, PNorm = 35.5558, GNorm = 0.4012, lr_0 = 3.1279e-04
Validation mae = nan
Epoch 51
Loss = 4.6510e-04, PNorm = 35.5567, GNorm = 0.2313, lr_0 = 3.1198e-04
Loss = 9.2457e-04, PNorm = 35.5574, GNorm = 0.2503, lr_0 = 3.1124e-04
Loss = 7.8042e-04, PNorm = 35.5580, GNorm = 0.2459, lr_0 = 3.1050e-04
Loss = 7.2340e-04, PNorm = 35.5590, GNorm = 0.1222, lr_0 = 3.0977e-04
Loss = 6.1832e-04, PNorm = 35.5600, GNorm = 0.1585, lr_0 = 3.0903e-04
Loss = 6.8209e-04, PNorm = 35.5611, GNorm = 0.2577, lr_0 = 3.0830e-04
Loss = 8.6986e-04, PNorm = 35.5621, GNorm = 0.3717, lr_0 = 3.0757e-04
Loss = 5.6784e-04, PNorm = 35.5628, GNorm = 0.2334, lr_0 = 3.0684e-04
Loss = 4.3338e-04, PNorm = 35.5635, GNorm = 0.0895, lr_0 = 3.0611e-04
Loss = 2.6251e-04, PNorm = 35.5640, GNorm = 0.0903, lr_0 = 3.0539e-04
Validation mae = nan
Epoch 52
Loss = 2.6568e-04, PNorm = 35.5646, GNorm = 0.0773, lr_0 = 3.0466e-04
Loss = 3.0588e-04, PNorm = 35.5652, GNorm = 0.1650, lr_0 = 3.0394e-04
Loss = 3.7831e-04, PNorm = 35.5656, GNorm = 0.2178, lr_0 = 3.0322e-04
Loss = 3.2624e-04, PNorm = 35.5662, GNorm = 0.0543, lr_0 = 3.0250e-04
Loss = 3.0565e-04, PNorm = 35.5669, GNorm = 0.1611, lr_0 = 3.0178e-04
Loss = 4.0074e-04, PNorm = 35.5678, GNorm = 0.0924, lr_0 = 3.0107e-04
Loss = 3.2398e-04, PNorm = 35.5685, GNorm = 0.0741, lr_0 = 3.0035e-04
Loss = 3.0995e-04, PNorm = 35.5693, GNorm = 0.0439, lr_0 = 2.9964e-04
Loss = 2.9582e-04, PNorm = 35.5699, GNorm = 0.0698, lr_0 = 2.9893e-04
Loss = 5.1565e-04, PNorm = 35.5708, GNorm = 0.1553, lr_0 = 2.9822e-04
Validation mae = nan
Epoch 53
Loss = 3.3572e-04, PNorm = 35.5718, GNorm = 0.1697, lr_0 = 2.9752e-04
Loss = 3.5965e-04, PNorm = 35.5724, GNorm = 0.0766, lr_0 = 2.9681e-04
Loss = 4.1292e-04, PNorm = 35.5732, GNorm = 0.0637, lr_0 = 2.9611e-04
Loss = 3.4552e-04, PNorm = 35.5741, GNorm = 0.2092, lr_0 = 2.9541e-04
Loss = 4.4466e-04, PNorm = 35.5748, GNorm = 0.2084, lr_0 = 2.9471e-04
Loss = 3.9470e-04, PNorm = 35.5757, GNorm = 0.1637, lr_0 = 2.9401e-04
Loss = 4.1356e-04, PNorm = 35.5766, GNorm = 0.1245, lr_0 = 2.9331e-04
Loss = 4.1851e-04, PNorm = 35.5773, GNorm = 0.1540, lr_0 = 2.9261e-04
Loss = 5.9113e-04, PNorm = 35.5777, GNorm = 0.3387, lr_0 = 2.9192e-04
Loss = 7.1430e-04, PNorm = 35.5784, GNorm = 0.1614, lr_0 = 2.9123e-04
Validation mae = nan
Epoch 54
Loss = 4.2539e-04, PNorm = 35.5796, GNorm = 0.1763, lr_0 = 2.9054e-04
Loss = 3.5784e-04, PNorm = 35.5802, GNorm = 0.0617, lr_0 = 2.8985e-04
Loss = 3.5910e-04, PNorm = 35.5802, GNorm = 0.0768, lr_0 = 2.8916e-04
Loss = 3.0531e-04, PNorm = 35.5802, GNorm = 0.1522, lr_0 = 2.8848e-04
Loss = 4.2622e-04, PNorm = 35.5810, GNorm = 0.2314, lr_0 = 2.8779e-04
Loss = 3.9555e-04, PNorm = 35.5818, GNorm = 0.1335, lr_0 = 2.8711e-04
Loss = 4.1769e-04, PNorm = 35.5826, GNorm = 0.2654, lr_0 = 2.8643e-04
Loss = 5.2438e-04, PNorm = 35.5834, GNorm = 0.2479, lr_0 = 2.8575e-04
Loss = 7.3055e-04, PNorm = 35.5842, GNorm = 0.2119, lr_0 = 2.8507e-04
Loss = 6.7050e-04, PNorm = 35.5851, GNorm = 0.1747, lr_0 = 2.8440e-04
Validation mae = nan
Epoch 55
Loss = 3.6571e-04, PNorm = 35.5863, GNorm = 0.0617, lr_0 = 2.8372e-04
Loss = 3.1539e-04, PNorm = 35.5869, GNorm = 0.0990, lr_0 = 2.8305e-04
Loss = 2.8459e-04, PNorm = 35.5875, GNorm = 0.1822, lr_0 = 2.8238e-04
Loss = 3.2307e-04, PNorm = 35.5883, GNorm = 0.0591, lr_0 = 2.8171e-04
Loss = 2.6772e-04, PNorm = 35.5888, GNorm = 0.0651, lr_0 = 2.8104e-04
Loss = 2.5099e-04, PNorm = 35.5894, GNorm = 0.0550, lr_0 = 2.8038e-04
Loss = 2.8266e-04, PNorm = 35.5899, GNorm = 0.1114, lr_0 = 2.7971e-04
Loss = 3.7861e-04, PNorm = 35.5909, GNorm = 0.1846, lr_0 = 2.7905e-04
Loss = 3.0906e-04, PNorm = 35.5912, GNorm = 0.0800, lr_0 = 2.7839e-04
Loss = 3.1151e-04, PNorm = 35.5922, GNorm = 0.0535, lr_0 = 2.7773e-04
Validation mae = nan
Epoch 56
Loss = 2.3396e-04, PNorm = 35.5930, GNorm = 0.0896, lr_0 = 2.7707e-04
Loss = 2.4673e-04, PNorm = 35.5935, GNorm = 0.0274, lr_0 = 2.7641e-04
Loss = 2.2141e-04, PNorm = 35.5940, GNorm = 0.0885, lr_0 = 2.7576e-04
Loss = 3.6062e-04, PNorm = 35.5948, GNorm = 0.2303, lr_0 = 2.7510e-04
Loss = 4.0048e-04, PNorm = 35.5954, GNorm = 0.0928, lr_0 = 2.7445e-04
Loss = 3.7234e-04, PNorm = 35.5957, GNorm = 0.1141, lr_0 = 2.7380e-04
Loss = 2.2802e-04, PNorm = 35.5962, GNorm = 0.0683, lr_0 = 2.7315e-04
Loss = 2.8436e-04, PNorm = 35.5969, GNorm = 0.0446, lr_0 = 2.7250e-04
Loss = 2.6471e-04, PNorm = 35.5976, GNorm = 0.0893, lr_0 = 2.7186e-04
Loss = 2.5016e-04, PNorm = 35.5984, GNorm = 0.0652, lr_0 = 2.7121e-04
Validation mae = nan
Epoch 57
Loss = 1.6092e-04, PNorm = 35.5991, GNorm = 0.0573, lr_0 = 2.7057e-04
Loss = 2.5418e-04, PNorm = 35.5996, GNorm = 0.0935, lr_0 = 2.6993e-04
Loss = 3.2596e-04, PNorm = 35.6005, GNorm = 0.1625, lr_0 = 2.6929e-04
Loss = 3.6104e-04, PNorm = 35.6015, GNorm = 0.0971, lr_0 = 2.6865e-04
Loss = 2.4463e-04, PNorm = 35.6025, GNorm = 0.1193, lr_0 = 2.6802e-04
Loss = 3.8908e-04, PNorm = 35.6030, GNorm = 0.1233, lr_0 = 2.6738e-04
Loss = 4.4220e-04, PNorm = 35.6031, GNorm = 0.3093, lr_0 = 2.6675e-04
Loss = 2.9147e-04, PNorm = 35.6039, GNorm = 0.0769, lr_0 = 2.6611e-04
Loss = 3.2858e-04, PNorm = 35.6044, GNorm = 0.1429, lr_0 = 2.6548e-04
Loss = 2.5434e-04, PNorm = 35.6048, GNorm = 0.0757, lr_0 = 2.6485e-04
Validation mae = nan
Epoch 58
Loss = 2.5490e-04, PNorm = 35.6050, GNorm = 0.0547, lr_0 = 2.6423e-04
Loss = 1.9050e-04, PNorm = 35.6056, GNorm = 0.1168, lr_0 = 2.6360e-04
Loss = 2.2718e-04, PNorm = 35.6063, GNorm = 0.1242, lr_0 = 2.6297e-04
Loss = 2.1308e-04, PNorm = 35.6072, GNorm = 0.0435, lr_0 = 2.6235e-04
Loss = 3.2095e-04, PNorm = 35.6078, GNorm = 0.0550, lr_0 = 2.6173e-04
Loss = 2.7740e-04, PNorm = 35.6086, GNorm = 0.1199, lr_0 = 2.6111e-04
Loss = 2.4746e-04, PNorm = 35.6093, GNorm = 0.1113, lr_0 = 2.6049e-04
Loss = 2.4850e-04, PNorm = 35.6098, GNorm = 0.0320, lr_0 = 2.5987e-04
Loss = 2.5119e-04, PNorm = 35.6102, GNorm = 0.0843, lr_0 = 2.5926e-04
Loss = 2.9818e-04, PNorm = 35.6110, GNorm = 0.0813, lr_0 = 2.5864e-04
Validation mae = nan
Epoch 59
Loss = 2.1613e-04, PNorm = 35.6116, GNorm = 0.0740, lr_0 = 2.5803e-04
Loss = 2.4463e-04, PNorm = 35.6126, GNorm = 0.0907, lr_0 = 2.5742e-04
Loss = 2.8742e-04, PNorm = 35.6136, GNorm = 0.1425, lr_0 = 2.5681e-04
Loss = 3.1995e-04, PNorm = 35.6141, GNorm = 0.2642, lr_0 = 2.5620e-04
Loss = 3.7246e-04, PNorm = 35.6147, GNorm = 0.1339, lr_0 = 2.5559e-04
Loss = 2.2455e-04, PNorm = 35.6153, GNorm = 0.0695, lr_0 = 2.5498e-04
Loss = 2.2805e-04, PNorm = 35.6161, GNorm = 0.1402, lr_0 = 2.5438e-04
Loss = 2.7910e-04, PNorm = 35.6165, GNorm = 0.1402, lr_0 = 2.5378e-04
Loss = 4.9557e-04, PNorm = 35.6176, GNorm = 0.2802, lr_0 = 2.5318e-04
Loss = 8.5682e-04, PNorm = 35.6184, GNorm = 0.2222, lr_0 = 2.5258e-04
Validation mae = nan
Epoch 60
Loss = 5.7375e-04, PNorm = 35.6190, GNorm = 0.2264, lr_0 = 2.5198e-04
Loss = 6.5442e-04, PNorm = 35.6195, GNorm = 0.1485, lr_0 = 2.5138e-04
Loss = 8.0255e-04, PNorm = 35.6204, GNorm = 0.1782, lr_0 = 2.5078e-04
Loss = 5.5050e-04, PNorm = 35.6210, GNorm = 0.0712, lr_0 = 2.5019e-04
Loss = 3.2334e-04, PNorm = 35.6218, GNorm = 0.1931, lr_0 = 2.4960e-04
Loss = 3.4398e-04, PNorm = 35.6227, GNorm = 0.0610, lr_0 = 2.4900e-04
Loss = 5.0207e-04, PNorm = 35.6238, GNorm = 0.3073, lr_0 = 2.4841e-04
Loss = 1.6537e-03, PNorm = 35.6252, GNorm = 0.8172, lr_0 = 2.4783e-04
Loss = 2.6878e-03, PNorm = 35.6272, GNorm = 0.7112, lr_0 = 2.4724e-04
Loss = 5.0318e-03, PNorm = 35.6283, GNorm = 1.1204, lr_0 = 2.4665e-04
Validation mae = nan
Epoch 61
Loss = 2.0299e-03, PNorm = 35.6296, GNorm = 0.3530, lr_0 = 2.4607e-04
Loss = 1.2010e-03, PNorm = 35.6320, GNorm = 0.1428, lr_0 = 2.4548e-04
Loss = 6.1248e-04, PNorm = 35.6329, GNorm = 0.1686, lr_0 = 2.4490e-04
Loss = 6.3721e-04, PNorm = 35.6335, GNorm = 0.1929, lr_0 = 2.4432e-04
Loss = 5.2253e-04, PNorm = 35.6341, GNorm = 0.1289, lr_0 = 2.4374e-04
Loss = 3.8091e-04, PNorm = 35.6350, GNorm = 0.2431, lr_0 = 2.4316e-04
Loss = 3.8137e-04, PNorm = 35.6360, GNorm = 0.1796, lr_0 = 2.4259e-04
Loss = 2.7534e-04, PNorm = 35.6371, GNorm = 0.0858, lr_0 = 2.4201e-04
Loss = 3.3274e-04, PNorm = 35.6379, GNorm = 0.0873, lr_0 = 2.4144e-04
Loss = 4.1412e-04, PNorm = 35.6384, GNorm = 0.2441, lr_0 = 2.4087e-04
Validation mae = nan
Epoch 62
Loss = 2.6290e-04, PNorm = 35.6388, GNorm = 0.0797, lr_0 = 2.4030e-04
Loss = 8.1371e-04, PNorm = 35.6397, GNorm = 0.3659, lr_0 = 2.3973e-04
Loss = 1.0819e-03, PNorm = 35.6405, GNorm = 0.1182, lr_0 = 2.3916e-04
Loss = 7.9885e-04, PNorm = 35.6415, GNorm = 0.2184, lr_0 = 2.3859e-04
Loss = 8.3603e-04, PNorm = 35.6417, GNorm = 0.1986, lr_0 = 2.3803e-04
Loss = 5.0539e-04, PNorm = 35.6425, GNorm = 0.1047, lr_0 = 2.3746e-04
Loss = 5.1596e-04, PNorm = 35.6433, GNorm = 0.0557, lr_0 = 2.3690e-04
Loss = 5.9968e-04, PNorm = 35.6440, GNorm = 0.2020, lr_0 = 2.3634e-04
Loss = 2.6563e-04, PNorm = 35.6444, GNorm = 0.0836, lr_0 = 2.3578e-04
Loss = 2.3459e-04, PNorm = 35.6449, GNorm = 0.0517, lr_0 = 2.3522e-04
Validation mae = nan
Epoch 63
Loss = 2.5009e-04, PNorm = 35.6457, GNorm = 0.0617, lr_0 = 2.3460e-04
Loss = 2.8262e-04, PNorm = 35.6461, GNorm = 0.0950, lr_0 = 2.3405e-04
Loss = 2.2541e-04, PNorm = 35.6463, GNorm = 0.0553, lr_0 = 2.3349e-04
Loss = 3.1597e-04, PNorm = 35.6467, GNorm = 0.1935, lr_0 = 2.3294e-04
Loss = 2.8430e-04, PNorm = 35.6471, GNorm = 0.0557, lr_0 = 2.3239e-04
Loss = 2.2735e-04, PNorm = 35.6477, GNorm = 0.0612, lr_0 = 2.3184e-04
Loss = 2.1300e-04, PNorm = 35.6483, GNorm = 0.0628, lr_0 = 2.3129e-04
Loss = 2.0295e-04, PNorm = 35.6488, GNorm = 0.0387, lr_0 = 2.3074e-04
Loss = 1.8841e-04, PNorm = 35.6494, GNorm = 0.0514, lr_0 = 2.3019e-04
Loss = 1.7528e-04, PNorm = 35.6497, GNorm = 0.1032, lr_0 = 2.2965e-04
Validation mae = nan
Epoch 64
Loss = 2.0114e-04, PNorm = 35.6501, GNorm = 0.0591, lr_0 = 2.2910e-04
Loss = 3.1912e-04, PNorm = 35.6507, GNorm = 0.1695, lr_0 = 2.2856e-04
Loss = 2.0775e-04, PNorm = 35.6513, GNorm = 0.0776, lr_0 = 2.2802e-04
Loss = 2.2140e-04, PNorm = 35.6519, GNorm = 0.0432, lr_0 = 2.2748e-04
Loss = 1.4633e-04, PNorm = 35.6521, GNorm = 0.0261, lr_0 = 2.2694e-04
Loss = 1.3892e-04, PNorm = 35.6523, GNorm = 0.0817, lr_0 = 2.2640e-04
Loss = 2.0887e-04, PNorm = 35.6526, GNorm = 0.0503, lr_0 = 2.2586e-04
Loss = 2.2793e-04, PNorm = 35.6535, GNorm = 0.0999, lr_0 = 2.2533e-04
Loss = 2.4790e-04, PNorm = 35.6543, GNorm = 0.1402, lr_0 = 2.2479e-04
Loss = 2.0532e-04, PNorm = 35.6551, GNorm = 0.0987, lr_0 = 2.2426e-04
Validation mae = nan
Epoch 65
Loss = 2.3593e-04, PNorm = 35.6558, GNorm = 0.1357, lr_0 = 2.2373e-04
Loss = 1.9262e-04, PNorm = 35.6558, GNorm = 0.0861, lr_0 = 2.2320e-04
Loss = 2.4824e-04, PNorm = 35.6561, GNorm = 0.0974, lr_0 = 2.2267e-04
Loss = 2.3778e-04, PNorm = 35.6567, GNorm = 0.1289, lr_0 = 2.2214e-04
Loss = 2.3507e-04, PNorm = 35.6573, GNorm = 0.0892, lr_0 = 2.2161e-04
Loss = 2.6024e-04, PNorm = 35.6578, GNorm = 0.1643, lr_0 = 2.2109e-04
Loss = 3.6021e-04, PNorm = 35.6585, GNorm = 0.2138, lr_0 = 2.2057e-04
Loss = 3.1211e-04, PNorm = 35.6590, GNorm = 0.1635, lr_0 = 2.2004e-04
Loss = 3.2947e-04, PNorm = 35.6598, GNorm = 0.1130, lr_0 = 2.1952e-04
Loss = 2.8392e-04, PNorm = 35.6606, GNorm = 0.0713, lr_0 = 2.1900e-04
Validation mae = nan
Epoch 66
Loss = 2.4710e-04, PNorm = 35.6611, GNorm = 0.0509, lr_0 = 2.1848e-04
Loss = 2.6968e-04, PNorm = 35.6617, GNorm = 0.1556, lr_0 = 2.1796e-04
Loss = 2.6912e-04, PNorm = 35.6622, GNorm = 0.1372, lr_0 = 2.1745e-04
Loss = 4.0419e-04, PNorm = 35.6624, GNorm = 0.2361, lr_0 = 2.1693e-04
Loss = 3.3021e-04, PNorm = 35.6633, GNorm = 0.0985, lr_0 = 2.1642e-04
Loss = 4.1854e-04, PNorm = 35.6642, GNorm = 0.0862, lr_0 = 2.1590e-04
Loss = 4.3759e-04, PNorm = 35.6652, GNorm = 0.1154, lr_0 = 2.1539e-04
Loss = 3.1317e-04, PNorm = 35.6656, GNorm = 0.0504, lr_0 = 2.1488e-04
Loss = 3.6011e-04, PNorm = 35.6659, GNorm = 0.0821, lr_0 = 2.1437e-04
Loss = 2.2767e-04, PNorm = 35.6662, GNorm = 0.1061, lr_0 = 2.1386e-04
Validation mae = nan
Epoch 67
Loss = 2.9027e-04, PNorm = 35.6667, GNorm = 0.0827, lr_0 = 2.1336e-04
Loss = 2.8698e-04, PNorm = 35.6672, GNorm = 0.1515, lr_0 = 2.1285e-04
Loss = 2.7957e-04, PNorm = 35.6676, GNorm = 0.0725, lr_0 = 2.1235e-04
Loss = 2.0437e-04, PNorm = 35.6684, GNorm = 0.0586, lr_0 = 2.1184e-04
Loss = 3.0655e-04, PNorm = 35.6691, GNorm = 0.0945, lr_0 = 2.1134e-04
Loss = 2.6400e-04, PNorm = 35.6699, GNorm = 0.1556, lr_0 = 2.1084e-04
Loss = 2.8398e-04, PNorm = 35.6704, GNorm = 0.1908, lr_0 = 2.1034e-04
Loss = 2.9910e-04, PNorm = 35.6708, GNorm = 0.2277, lr_0 = 2.0984e-04
Loss = 2.4060e-04, PNorm = 35.6711, GNorm = 0.0918, lr_0 = 2.0934e-04
Loss = 2.1480e-04, PNorm = 35.6719, GNorm = 0.1184, lr_0 = 2.0885e-04
Validation mae = nan
Epoch 68
Loss = 1.6171e-04, PNorm = 35.6728, GNorm = 0.0440, lr_0 = 2.0835e-04
Loss = 2.1008e-04, PNorm = 35.6732, GNorm = 0.0878, lr_0 = 2.0786e-04
Loss = 2.1810e-04, PNorm = 35.6738, GNorm = 0.0684, lr_0 = 2.0737e-04
Loss = 2.3749e-04, PNorm = 35.6742, GNorm = 0.0968, lr_0 = 2.0688e-04
Loss = 1.9759e-04, PNorm = 35.6744, GNorm = 0.0443, lr_0 = 2.0638e-04
Loss = 2.1319e-04, PNorm = 35.6750, GNorm = 0.0812, lr_0 = 2.0590e-04
Loss = 2.1254e-04, PNorm = 35.6756, GNorm = 0.0728, lr_0 = 2.0541e-04
Loss = 1.7434e-04, PNorm = 35.6761, GNorm = 0.0414, lr_0 = 2.0492e-04
Loss = 2.0364e-04, PNorm = 35.6767, GNorm = 0.1020, lr_0 = 2.0443e-04
Loss = 1.7779e-04, PNorm = 35.6775, GNorm = 0.1223, lr_0 = 2.0395e-04
Validation mae = nan
Epoch 69
Loss = 1.5728e-04, PNorm = 35.6781, GNorm = 0.0381, lr_0 = 2.0347e-04
Loss = 2.1234e-04, PNorm = 35.6788, GNorm = 0.0789, lr_0 = 2.0298e-04
Loss = 1.9633e-04, PNorm = 35.6793, GNorm = 0.0705, lr_0 = 2.0250e-04
Loss = 2.0083e-04, PNorm = 35.6799, GNorm = 0.0968, lr_0 = 2.0202e-04
Loss = 1.6736e-04, PNorm = 35.6804, GNorm = 0.0386, lr_0 = 2.0154e-04
Loss = 1.9100e-04, PNorm = 35.6807, GNorm = 0.0654, lr_0 = 2.0107e-04
Loss = 2.1900e-04, PNorm = 35.6815, GNorm = 0.1178, lr_0 = 2.0059e-04
Loss = 1.9819e-04, PNorm = 35.6818, GNorm = 0.1041, lr_0 = 2.0011e-04
Loss = 1.5312e-04, PNorm = 35.6821, GNorm = 0.0775, lr_0 = 1.9964e-04
Loss = 2.1805e-04, PNorm = 35.6826, GNorm = 0.1105, lr_0 = 1.9917e-04
Validation mae = nan
Epoch 70
Loss = 1.9822e-04, PNorm = 35.6829, GNorm = 0.0935, lr_0 = 1.9869e-04
Loss = 1.9958e-04, PNorm = 35.6835, GNorm = 0.0945, lr_0 = 1.9822e-04
Loss = 1.5360e-04, PNorm = 35.6843, GNorm = 0.0466, lr_0 = 1.9775e-04
Loss = 1.5432e-04, PNorm = 35.6850, GNorm = 0.0502, lr_0 = 1.9728e-04
Loss = 1.8079e-04, PNorm = 35.6857, GNorm = 0.0708, lr_0 = 1.9682e-04
Loss = 2.6953e-04, PNorm = 35.6864, GNorm = 0.1047, lr_0 = 1.9635e-04
Loss = 4.4206e-04, PNorm = 35.6869, GNorm = 0.2665, lr_0 = 1.9589e-04
Loss = 3.2495e-04, PNorm = 35.6868, GNorm = 0.1076, lr_0 = 1.9542e-04
Loss = 3.9277e-04, PNorm = 35.6874, GNorm = 0.1661, lr_0 = 1.9496e-04
Loss = 3.9854e-04, PNorm = 35.6881, GNorm = 0.1482, lr_0 = 1.9450e-04
Validation mae = nan
Epoch 71
Loss = 2.4386e-04, PNorm = 35.6886, GNorm = 0.0895, lr_0 = 1.9403e-04
Loss = 2.0351e-04, PNorm = 35.6893, GNorm = 0.0735, lr_0 = 1.9357e-04
Loss = 1.7809e-04, PNorm = 35.6902, GNorm = 0.0411, lr_0 = 1.9312e-04
Loss = 1.7861e-04, PNorm = 35.6908, GNorm = 0.0757, lr_0 = 1.9266e-04
Loss = 1.9907e-04, PNorm = 35.6913, GNorm = 0.1774, lr_0 = 1.9220e-04
Loss = 2.2386e-04, PNorm = 35.6916, GNorm = 0.0960, lr_0 = 1.9175e-04
Loss = 1.8936e-04, PNorm = 35.6923, GNorm = 0.0607, lr_0 = 1.9129e-04
Loss = 2.1583e-04, PNorm = 35.6930, GNorm = 0.0720, lr_0 = 1.9084e-04
Loss = 2.3328e-04, PNorm = 35.6932, GNorm = 0.0735, lr_0 = 1.9039e-04
Loss = 1.5939e-04, PNorm = 35.6935, GNorm = 0.0830, lr_0 = 1.8993e-04
Validation mae = nan
Epoch 72
Loss = 1.4461e-04, PNorm = 35.6940, GNorm = 0.0644, lr_0 = 1.8948e-04
Loss = 1.9988e-04, PNorm = 35.6948, GNorm = 0.0474, lr_0 = 1.8903e-04
Loss = 1.6713e-04, PNorm = 35.6956, GNorm = 0.0434, lr_0 = 1.8859e-04
Loss = 1.7290e-04, PNorm = 35.6960, GNorm = 0.0952, lr_0 = 1.8814e-04
Loss = 1.6978e-04, PNorm = 35.6963, GNorm = 0.1358, lr_0 = 1.8769e-04
Loss = 2.1772e-04, PNorm = 35.6964, GNorm = 0.0883, lr_0 = 1.8725e-04
Loss = 2.3768e-04, PNorm = 35.6969, GNorm = 0.1249, lr_0 = 1.8680e-04
Loss = 2.1354e-04, PNorm = 35.6978, GNorm = 0.1385, lr_0 = 1.8636e-04
Loss = 1.7502e-04, PNorm = 35.6981, GNorm = 0.0734, lr_0 = 1.8592e-04
Loss = 2.0594e-04, PNorm = 35.6989, GNorm = 0.1072, lr_0 = 1.8548e-04
Validation mae = nan
Epoch 73
Loss = 1.4725e-04, PNorm = 35.6995, GNorm = 0.0854, lr_0 = 1.8504e-04
Loss = 1.3669e-04, PNorm = 35.6998, GNorm = 0.0477, lr_0 = 1.8460e-04
Loss = 1.4978e-04, PNorm = 35.7002, GNorm = 0.0990, lr_0 = 1.8416e-04
Loss = 1.8335e-04, PNorm = 35.7008, GNorm = 0.0957, lr_0 = 1.8373e-04
Loss = 1.8706e-04, PNorm = 35.7012, GNorm = 0.0362, lr_0 = 1.8329e-04
Loss = 2.2035e-04, PNorm = 35.7018, GNorm = 0.1279, lr_0 = 1.8286e-04
Loss = 2.8634e-04, PNorm = 35.7024, GNorm = 0.0640, lr_0 = 1.8242e-04
Loss = 2.4574e-04, PNorm = 35.7029, GNorm = 0.0313, lr_0 = 1.8199e-04
Loss = 2.0985e-04, PNorm = 35.7037, GNorm = 0.0989, lr_0 = 1.8156e-04
Loss = 2.1018e-04, PNorm = 35.7042, GNorm = 0.0442, lr_0 = 1.8113e-04
Validation mae = nan
Epoch 74
Loss = 3.1806e-04, PNorm = 35.7046, GNorm = 0.1416, lr_0 = 1.8070e-04
Loss = 2.5407e-04, PNorm = 35.7051, GNorm = 0.1282, lr_0 = 1.8027e-04
Loss = 3.1874e-04, PNorm = 35.7058, GNorm = 0.0992, lr_0 = 1.7984e-04
Loss = 3.4071e-04, PNorm = 35.7061, GNorm = 0.0948, lr_0 = 1.7942e-04
Loss = 2.6234e-04, PNorm = 35.7067, GNorm = 0.1861, lr_0 = 1.7899e-04
Loss = 1.7308e-04, PNorm = 35.7074, GNorm = 0.0597, lr_0 = 1.7857e-04
Loss = 2.4851e-04, PNorm = 35.7080, GNorm = 0.0733, lr_0 = 1.7814e-04
Loss = 2.7829e-04, PNorm = 35.7088, GNorm = 0.0936, lr_0 = 1.7772e-04
Loss = 2.8577e-04, PNorm = 35.7090, GNorm = 0.1056, lr_0 = 1.7730e-04
Loss = 2.3541e-04, PNorm = 35.7099, GNorm = 0.0740, lr_0 = 1.7688e-04
Validation mae = nan
Epoch 75
Loss = 2.6619e-04, PNorm = 35.7106, GNorm = 0.1138, lr_0 = 1.7646e-04
Loss = 2.6902e-04, PNorm = 35.7110, GNorm = 0.0479, lr_0 = 1.7604e-04
Loss = 2.9928e-04, PNorm = 35.7110, GNorm = 0.0873, lr_0 = 1.7563e-04
Loss = 2.4335e-04, PNorm = 35.7114, GNorm = 0.0567, lr_0 = 1.7521e-04
Loss = 1.7287e-04, PNorm = 35.7120, GNorm = 0.0305, lr_0 = 1.7479e-04
Loss = 1.7788e-04, PNorm = 35.7127, GNorm = 0.0940, lr_0 = 1.7438e-04
Loss = 1.8786e-04, PNorm = 35.7132, GNorm = 0.0638, lr_0 = 1.7397e-04
Loss = 1.7581e-04, PNorm = 35.7139, GNorm = 0.0703, lr_0 = 1.7355e-04
Loss = 1.3834e-04, PNorm = 35.7145, GNorm = 0.0639, lr_0 = 1.7314e-04
Loss = 1.5100e-04, PNorm = 35.7150, GNorm = 0.0346, lr_0 = 1.7273e-04
Validation mae = nan
Epoch 76
Loss = 1.2823e-04, PNorm = 35.7154, GNorm = 0.0761, lr_0 = 1.7228e-04
Loss = 1.9233e-04, PNorm = 35.7155, GNorm = 0.1296, lr_0 = 1.7187e-04
Loss = 1.9969e-04, PNorm = 35.7159, GNorm = 0.0893, lr_0 = 1.7147e-04
Loss = 1.8801e-04, PNorm = 35.7163, GNorm = 0.0651, lr_0 = 1.7106e-04
Loss = 2.0832e-04, PNorm = 35.7167, GNorm = 0.0815, lr_0 = 1.7065e-04
Loss = 1.6184e-04, PNorm = 35.7173, GNorm = 0.0457, lr_0 = 1.7025e-04
Loss = 2.0546e-04, PNorm = 35.7178, GNorm = 0.0677, lr_0 = 1.6985e-04
Loss = 2.4055e-04, PNorm = 35.7186, GNorm = 0.0917, lr_0 = 1.6944e-04
Loss = 2.2331e-04, PNorm = 35.7189, GNorm = 0.0466, lr_0 = 1.6904e-04
Loss = 1.6212e-04, PNorm = 35.7196, GNorm = 0.0557, lr_0 = 1.6864e-04
Validation mae = nan
Epoch 77
Loss = 1.3734e-04, PNorm = 35.7202, GNorm = 0.0845, lr_0 = 1.6824e-04
Loss = 1.9616e-04, PNorm = 35.7208, GNorm = 0.0690, lr_0 = 1.6784e-04
Loss = 1.6930e-04, PNorm = 35.7215, GNorm = 0.1064, lr_0 = 1.6744e-04
Loss = 1.5752e-04, PNorm = 35.7219, GNorm = 0.0373, lr_0 = 1.6705e-04
Loss = 2.3036e-04, PNorm = 35.7226, GNorm = 0.0941, lr_0 = 1.6665e-04
Loss = 2.3708e-04, PNorm = 35.7231, GNorm = 0.1466, lr_0 = 1.6626e-04
Loss = 2.5492e-04, PNorm = 35.7235, GNorm = 0.2198, lr_0 = 1.6586e-04
Loss = 2.9294e-04, PNorm = 35.7245, GNorm = 0.2243, lr_0 = 1.6547e-04
Loss = 1.9593e-04, PNorm = 35.7251, GNorm = 0.0878, lr_0 = 1.6508e-04
Loss = 1.5994e-04, PNorm = 35.7254, GNorm = 0.0518, lr_0 = 1.6469e-04
Validation mae = nan
Epoch 78
Loss = 1.4488e-04, PNorm = 35.7257, GNorm = 0.0839, lr_0 = 1.6430e-04
Loss = 1.7365e-04, PNorm = 35.7261, GNorm = 0.0581, lr_0 = 1.6391e-04
Loss = 2.5388e-04, PNorm = 35.7267, GNorm = 0.2488, lr_0 = 1.6352e-04
Loss = 3.2332e-04, PNorm = 35.7275, GNorm = 0.0570, lr_0 = 1.6313e-04
Loss = 2.8199e-04, PNorm = 35.7277, GNorm = 0.1264, lr_0 = 1.6274e-04
Loss = 4.2902e-04, PNorm = 35.7284, GNorm = 0.1112, lr_0 = 1.6236e-04
Loss = 7.8669e-04, PNorm = 35.7285, GNorm = 0.6058, lr_0 = 1.6197e-04
Loss = 5.2200e-04, PNorm = 35.7289, GNorm = 0.1408, lr_0 = 1.6159e-04
Loss = 4.4219e-04, PNorm = 35.7295, GNorm = 0.1081, lr_0 = 1.6121e-04
Loss = 2.6340e-04, PNorm = 35.7304, GNorm = 0.0461, lr_0 = 1.6082e-04
Validation mae = nan
Epoch 79
Loss = 1.6226e-04, PNorm = 35.7311, GNorm = 0.1009, lr_0 = 1.6044e-04
Loss = 2.1580e-04, PNorm = 35.7320, GNorm = 0.0835, lr_0 = 1.6006e-04
Loss = 1.5854e-04, PNorm = 35.7324, GNorm = 0.0659, lr_0 = 1.5968e-04
Loss = 1.9186e-04, PNorm = 35.7326, GNorm = 0.0438, lr_0 = 1.5930e-04
Loss = 1.7640e-04, PNorm = 35.7332, GNorm = 0.0703, lr_0 = 1.5893e-04
Loss = 2.1165e-04, PNorm = 35.7340, GNorm = 0.1336, lr_0 = 1.5855e-04
Loss = 2.2921e-04, PNorm = 35.7347, GNorm = 0.1722, lr_0 = 1.5817e-04
Loss = 2.4144e-04, PNorm = 35.7350, GNorm = 0.1408, lr_0 = 1.5780e-04
Loss = 3.8564e-04, PNorm = 35.7353, GNorm = 0.1644, lr_0 = 1.5742e-04
Loss = 3.8629e-04, PNorm = 35.7353, GNorm = 0.0617, lr_0 = 1.5705e-04
Validation mae = nan
Epoch 80
Loss = 4.1721e-04, PNorm = 35.7360, GNorm = 0.2506, lr_0 = 1.5668e-04
Loss = 3.7840e-04, PNorm = 35.7370, GNorm = 0.1610, lr_0 = 1.5631e-04
Loss = 3.0605e-04, PNorm = 35.7374, GNorm = 0.1799, lr_0 = 1.5594e-04
Loss = 4.1740e-04, PNorm = 35.7379, GNorm = 0.1552, lr_0 = 1.5557e-04
Loss = 2.6781e-04, PNorm = 35.7387, GNorm = 0.0539, lr_0 = 1.5520e-04
Loss = 1.8334e-04, PNorm = 35.7390, GNorm = 0.0477, lr_0 = 1.5483e-04
Loss = 1.8893e-04, PNorm = 35.7396, GNorm = 0.0843, lr_0 = 1.5446e-04
Loss = 1.5988e-04, PNorm = 35.7401, GNorm = 0.0941, lr_0 = 1.5410e-04
Loss = 2.2602e-04, PNorm = 35.7406, GNorm = 0.1795, lr_0 = 1.5373e-04
Loss = 2.0048e-04, PNorm = 35.7411, GNorm = 0.0546, lr_0 = 1.5337e-04
Validation mae = nan
Epoch 81
Loss = 1.6131e-04, PNorm = 35.7416, GNorm = 0.0725, lr_0 = 1.5300e-04
Loss = 1.4448e-04, PNorm = 35.7418, GNorm = 0.0480, lr_0 = 1.5264e-04
Loss = 1.7734e-04, PNorm = 35.7422, GNorm = 0.1277, lr_0 = 1.5228e-04
Loss = 1.5191e-04, PNorm = 35.7425, GNorm = 0.1319, lr_0 = 1.5192e-04
Loss = 1.7084e-04, PNorm = 35.7432, GNorm = 0.0617, lr_0 = 1.5156e-04
Loss = 2.0610e-04, PNorm = 35.7437, GNorm = 0.1296, lr_0 = 1.5120e-04
Loss = 1.6993e-04, PNorm = 35.7443, GNorm = 0.0436, lr_0 = 1.5084e-04
Loss = 1.6770e-04, PNorm = 35.7446, GNorm = 0.0778, lr_0 = 1.5048e-04
Loss = 1.3253e-04, PNorm = 35.7450, GNorm = 0.0407, lr_0 = 1.5013e-04
Loss = 1.3176e-04, PNorm = 35.7454, GNorm = 0.1141, lr_0 = 1.4977e-04
Validation mae = nan
Epoch 82
Loss = 1.6273e-04, PNorm = 35.7457, GNorm = 0.0469, lr_0 = 1.4942e-04
Loss = 2.0468e-04, PNorm = 35.7463, GNorm = 0.0819, lr_0 = 1.4906e-04
Loss = 2.6588e-04, PNorm = 35.7471, GNorm = 0.2011, lr_0 = 1.4871e-04
Loss = 1.8212e-04, PNorm = 35.7477, GNorm = 0.0475, lr_0 = 1.4836e-04
Loss = 1.5026e-04, PNorm = 35.7480, GNorm = 0.0222, lr_0 = 1.4800e-04
Loss = 1.4513e-04, PNorm = 35.7485, GNorm = 0.0314, lr_0 = 1.4765e-04
Loss = 1.4596e-04, PNorm = 35.7489, GNorm = 0.0625, lr_0 = 1.4730e-04
Loss = 1.6611e-04, PNorm = 35.7491, GNorm = 0.1251, lr_0 = 1.4695e-04
Loss = 1.4976e-04, PNorm = 35.7497, GNorm = 0.0742, lr_0 = 1.4661e-04
Loss = 1.3526e-04, PNorm = 35.7501, GNorm = 0.0273, lr_0 = 1.4626e-04
Validation mae = nan
Epoch 83
Loss = 1.3256e-04, PNorm = 35.7504, GNorm = 0.0940, lr_0 = 1.4591e-04
Loss = 1.5051e-04, PNorm = 35.7512, GNorm = 0.0990, lr_0 = 1.4557e-04
Loss = 2.5411e-04, PNorm = 35.7515, GNorm = 0.0833, lr_0 = 1.4522e-04
Loss = 2.0257e-04, PNorm = 35.7518, GNorm = 0.1041, lr_0 = 1.4488e-04
Loss = 1.4568e-04, PNorm = 35.7522, GNorm = 0.0331, lr_0 = 1.4453e-04
Loss = 1.8379e-04, PNorm = 35.7526, GNorm = 0.0846, lr_0 = 1.4419e-04
Loss = 1.3968e-04, PNorm = 35.7534, GNorm = 0.1017, lr_0 = 1.4385e-04
Loss = 1.6863e-04, PNorm = 35.7535, GNorm = 0.0408, lr_0 = 1.4351e-04
Loss = 1.6837e-04, PNorm = 35.7540, GNorm = 0.1107, lr_0 = 1.4317e-04
Loss = 2.0872e-04, PNorm = 35.7546, GNorm = 0.1013, lr_0 = 1.4283e-04
Validation mae = nan
Epoch 84
Loss = 1.9335e-04, PNorm = 35.7552, GNorm = 0.1452, lr_0 = 1.4249e-04
Loss = 1.4638e-04, PNorm = 35.7557, GNorm = 0.0613, lr_0 = 1.4215e-04
Loss = 1.3707e-04, PNorm = 35.7560, GNorm = 0.0744, lr_0 = 1.4181e-04
Loss = 1.5526e-04, PNorm = 35.7564, GNorm = 0.1039, lr_0 = 1.4148e-04
Loss = 1.8754e-04, PNorm = 35.7568, GNorm = 0.0455, lr_0 = 1.4114e-04
Loss = 1.6472e-04, PNorm = 35.7574, GNorm = 0.0565, lr_0 = 1.4081e-04
Loss = 1.5626e-04, PNorm = 35.7579, GNorm = 0.0856, lr_0 = 1.4047e-04
Loss = 1.5743e-04, PNorm = 35.7583, GNorm = 0.0804, lr_0 = 1.4014e-04
Loss = 1.3743e-04, PNorm = 35.7587, GNorm = 0.0444, lr_0 = 1.3981e-04
Loss = 1.3695e-04, PNorm = 35.7592, GNorm = 0.0963, lr_0 = 1.3948e-04
Validation mae = nan
Epoch 85
Loss = 1.7828e-04, PNorm = 35.7595, GNorm = 0.1037, lr_0 = 1.3915e-04
Loss = 1.6964e-04, PNorm = 35.7600, GNorm = 0.0791, lr_0 = 1.3882e-04
Loss = 1.7021e-04, PNorm = 35.7601, GNorm = 0.2089, lr_0 = 1.3849e-04
Loss = 1.3085e-04, PNorm = 35.7603, GNorm = 0.0713, lr_0 = 1.3816e-04
Loss = 1.2021e-04, PNorm = 35.7607, GNorm = 0.0717, lr_0 = 1.3783e-04
Loss = 1.3299e-04, PNorm = 35.7613, GNorm = 0.1025, lr_0 = 1.3751e-04
Loss = 1.2215e-04, PNorm = 35.7617, GNorm = 0.0445, lr_0 = 1.3718e-04
Loss = 1.3713e-04, PNorm = 35.7621, GNorm = 0.0859, lr_0 = 1.3685e-04
Loss = 1.4381e-04, PNorm = 35.7625, GNorm = 0.0381, lr_0 = 1.3653e-04
Loss = 1.3856e-04, PNorm = 35.7632, GNorm = 0.0420, lr_0 = 1.3621e-04
Validation mae = nan
Epoch 86
Loss = 1.4540e-04, PNorm = 35.7637, GNorm = 0.0731, lr_0 = 1.3588e-04
Loss = 1.4441e-04, PNorm = 35.7644, GNorm = 0.1004, lr_0 = 1.3556e-04
Loss = 1.4138e-04, PNorm = 35.7649, GNorm = 0.0759, lr_0 = 1.3524e-04
Loss = 1.3305e-04, PNorm = 35.7653, GNorm = 0.1026, lr_0 = 1.3492e-04
Loss = 1.5518e-04, PNorm = 35.7657, GNorm = 0.0977, lr_0 = 1.3460e-04
Loss = 1.4571e-04, PNorm = 35.7661, GNorm = 0.0681, lr_0 = 1.3428e-04
Loss = 1.6712e-04, PNorm = 35.7661, GNorm = 0.0427, lr_0 = 1.3396e-04
Loss = 1.3657e-04, PNorm = 35.7668, GNorm = 0.0564, lr_0 = 1.3365e-04
Loss = 1.0286e-04, PNorm = 35.7674, GNorm = 0.0863, lr_0 = 1.3333e-04
Loss = 1.1137e-04, PNorm = 35.7678, GNorm = 0.0524, lr_0 = 1.3301e-04
Validation mae = nan
Epoch 87
Loss = 9.6442e-05, PNorm = 35.7678, GNorm = 0.0488, lr_0 = 1.3270e-04
Loss = 9.0684e-05, PNorm = 35.7680, GNorm = 0.0348, lr_0 = 1.3238e-04
Loss = 1.1944e-04, PNorm = 35.7684, GNorm = 0.1242, lr_0 = 1.3207e-04
Loss = 1.1066e-04, PNorm = 35.7687, GNorm = 0.0858, lr_0 = 1.3176e-04
Loss = 1.4044e-04, PNorm = 35.7693, GNorm = 0.1125, lr_0 = 1.3144e-04
Loss = 1.7417e-04, PNorm = 35.7698, GNorm = 0.0451, lr_0 = 1.3113e-04
Loss = 2.1251e-04, PNorm = 35.7704, GNorm = 0.1955, lr_0 = 1.3082e-04
Loss = 2.0682e-04, PNorm = 35.7709, GNorm = 0.1061, lr_0 = 1.3051e-04
Loss = 1.7719e-04, PNorm = 35.7711, GNorm = 0.1351, lr_0 = 1.3020e-04
Loss = 2.1104e-04, PNorm = 35.7715, GNorm = 0.0831, lr_0 = 1.2989e-04
Validation mae = nan
Epoch 88
Loss = 1.8141e-04, PNorm = 35.7724, GNorm = 0.0841, lr_0 = 1.2955e-04
Loss = 1.9929e-04, PNorm = 35.7730, GNorm = 0.0948, lr_0 = 1.2925e-04
Loss = 2.1520e-04, PNorm = 35.7733, GNorm = 0.0587, lr_0 = 1.2894e-04
Loss = 1.6342e-04, PNorm = 35.7739, GNorm = 0.0855, lr_0 = 1.2863e-04
Loss = 1.8761e-04, PNorm = 35.7743, GNorm = 0.1038, lr_0 = 1.2833e-04
Loss = 1.6347e-04, PNorm = 35.7748, GNorm = 0.1282, lr_0 = 1.2803e-04
Loss = 1.5968e-04, PNorm = 35.7754, GNorm = 0.0902, lr_0 = 1.2772e-04
Loss = 1.3570e-04, PNorm = 35.7755, GNorm = 0.0292, lr_0 = 1.2742e-04
Loss = 1.3412e-04, PNorm = 35.7760, GNorm = 0.0438, lr_0 = 1.2712e-04
Loss = 1.5802e-04, PNorm = 35.7765, GNorm = 0.1556, lr_0 = 1.2682e-04
Validation mae = nan
Epoch 89
Loss = 1.4716e-04, PNorm = 35.7769, GNorm = 0.0499, lr_0 = 1.2652e-04
Loss = 1.3210e-04, PNorm = 35.7774, GNorm = 0.0599, lr_0 = 1.2622e-04
Loss = 1.6051e-04, PNorm = 35.7778, GNorm = 0.1029, lr_0 = 1.2592e-04
Loss = 1.8471e-04, PNorm = 35.7781, GNorm = 0.1432, lr_0 = 1.2562e-04
Loss = 1.3684e-04, PNorm = 35.7787, GNorm = 0.0734, lr_0 = 1.2532e-04
Loss = 1.1075e-04, PNorm = 35.7792, GNorm = 0.0487, lr_0 = 1.2502e-04
Loss = 1.2545e-04, PNorm = 35.7793, GNorm = 0.0272, lr_0 = 1.2473e-04
Loss = 1.2799e-04, PNorm = 35.7799, GNorm = 0.0443, lr_0 = 1.2443e-04
Loss = 1.2238e-04, PNorm = 35.7802, GNorm = 0.0719, lr_0 = 1.2414e-04
Loss = 1.4590e-04, PNorm = 35.7805, GNorm = 0.0466, lr_0 = 1.2384e-04
Validation mae = nan
Epoch 90
Loss = 1.1158e-04, PNorm = 35.7809, GNorm = 0.0864, lr_0 = 1.2355e-04
Loss = 1.0867e-04, PNorm = 35.7813, GNorm = 0.0343, lr_0 = 1.2326e-04
Loss = 1.2018e-04, PNorm = 35.7816, GNorm = 0.0398, lr_0 = 1.2296e-04
Loss = 1.4066e-04, PNorm = 35.7820, GNorm = 0.0860, lr_0 = 1.2267e-04
Loss = 1.5853e-04, PNorm = 35.7822, GNorm = 0.0613, lr_0 = 1.2238e-04
Loss = 1.3405e-04, PNorm = 35.7828, GNorm = 0.0300, lr_0 = 1.2209e-04
Loss = 1.2624e-04, PNorm = 35.7832, GNorm = 0.0856, lr_0 = 1.2180e-04
Loss = 1.3062e-04, PNorm = 35.7834, GNorm = 0.0271, lr_0 = 1.2151e-04
Loss = 1.1547e-04, PNorm = 35.7837, GNorm = 0.0585, lr_0 = 1.2122e-04
Loss = 1.1380e-04, PNorm = 35.7842, GNorm = 0.0586, lr_0 = 1.2094e-04
Validation mae = nan
Epoch 91
Loss = 1.0281e-04, PNorm = 35.7845, GNorm = 0.0290, lr_0 = 1.2065e-04
Loss = 1.1930e-04, PNorm = 35.7848, GNorm = 0.0745, lr_0 = 1.2036e-04
Loss = 1.2130e-04, PNorm = 35.7850, GNorm = 0.0712, lr_0 = 1.2008e-04
Loss = 1.4523e-04, PNorm = 35.7854, GNorm = 0.1199, lr_0 = 1.1979e-04
Loss = 2.1201e-04, PNorm = 35.7858, GNorm = 0.0800, lr_0 = 1.1951e-04
Loss = 1.8329e-04, PNorm = 35.7861, GNorm = 0.0695, lr_0 = 1.1923e-04
Loss = 1.6248e-04, PNorm = 35.7866, GNorm = 0.0659, lr_0 = 1.1894e-04
Loss = 1.6173e-04, PNorm = 35.7870, GNorm = 0.0873, lr_0 = 1.1866e-04
Loss = 1.5730e-04, PNorm = 35.7875, GNorm = 0.0679, lr_0 = 1.1838e-04
Loss = 1.1510e-04, PNorm = 35.7880, GNorm = 0.0597, lr_0 = 1.1810e-04
Validation mae = nan
Epoch 92
Loss = 1.4988e-04, PNorm = 35.7883, GNorm = 0.1318, lr_0 = 1.1782e-04
Loss = 1.4244e-04, PNorm = 35.7891, GNorm = 0.0329, lr_0 = 1.1754e-04
Loss = 1.1167e-04, PNorm = 35.7894, GNorm = 0.0682, lr_0 = 1.1726e-04
Loss = 1.3171e-04, PNorm = 35.7897, GNorm = 0.0835, lr_0 = 1.1699e-04
Loss = 1.5878e-04, PNorm = 35.7902, GNorm = 0.0865, lr_0 = 1.1671e-04
Loss = 2.5114e-04, PNorm = 35.7907, GNorm = 0.0928, lr_0 = 1.1643e-04
Loss = 1.7055e-04, PNorm = 35.7912, GNorm = 0.1025, lr_0 = 1.1616e-04
Loss = 1.4502e-04, PNorm = 35.7917, GNorm = 0.0815, lr_0 = 1.1588e-04
Loss = 1.2384e-04, PNorm = 35.7920, GNorm = 0.0745, lr_0 = 1.1561e-04
Loss = 1.3625e-04, PNorm = 35.7924, GNorm = 0.0732, lr_0 = 1.1533e-04
Validation mae = nan
Epoch 93
Loss = 1.9455e-04, PNorm = 35.7929, GNorm = 0.1742, lr_0 = 1.1506e-04
Loss = 2.1935e-04, PNorm = 35.7934, GNorm = 0.0843, lr_0 = 1.1478e-04
Loss = 1.4883e-04, PNorm = 35.7939, GNorm = 0.0858, lr_0 = 1.1451e-04
Loss = 1.4139e-04, PNorm = 35.7943, GNorm = 0.0819, lr_0 = 1.1424e-04
Loss = 1.2113e-04, PNorm = 35.7947, GNorm = 0.0714, lr_0 = 1.1397e-04
Loss = 1.0485e-04, PNorm = 35.7953, GNorm = 0.0390, lr_0 = 1.1370e-04
Loss = 1.3153e-04, PNorm = 35.7956, GNorm = 0.0330, lr_0 = 1.1343e-04
Loss = 1.1114e-04, PNorm = 35.7958, GNorm = 0.0324, lr_0 = 1.1316e-04
Loss = 1.0925e-04, PNorm = 35.7960, GNorm = 0.0436, lr_0 = 1.1289e-04
Loss = 1.1755e-04, PNorm = 35.7964, GNorm = 0.0292, lr_0 = 1.1263e-04
Validation mae = nan
Epoch 94
Loss = 1.4725e-04, PNorm = 35.7969, GNorm = 0.0310, lr_0 = 1.1236e-04
Loss = 1.2141e-04, PNorm = 35.7972, GNorm = 0.0651, lr_0 = 1.1209e-04
Loss = 1.3015e-04, PNorm = 35.7978, GNorm = 0.0733, lr_0 = 1.1183e-04
Loss = 1.4723e-04, PNorm = 35.7983, GNorm = 0.0654, lr_0 = 1.1156e-04
Loss = 1.0496e-04, PNorm = 35.7988, GNorm = 0.0277, lr_0 = 1.1130e-04
Loss = 1.5220e-04, PNorm = 35.7993, GNorm = 0.1211, lr_0 = 1.1103e-04
Loss = 1.3738e-04, PNorm = 35.7998, GNorm = 0.0713, lr_0 = 1.1077e-04
Loss = 1.5800e-04, PNorm = 35.8003, GNorm = 0.0634, lr_0 = 1.1051e-04
Loss = 1.0378e-04, PNorm = 35.8007, GNorm = 0.0479, lr_0 = 1.1025e-04
Loss = 1.0213e-04, PNorm = 35.8007, GNorm = 0.0418, lr_0 = 1.0998e-04
Validation mae = nan
Epoch 95
Loss = 1.1661e-04, PNorm = 35.8011, GNorm = 0.0332, lr_0 = 1.0972e-04
Loss = 1.3897e-04, PNorm = 35.8011, GNorm = 0.0976, lr_0 = 1.0946e-04
Loss = 1.4021e-04, PNorm = 35.8015, GNorm = 0.0785, lr_0 = 1.0920e-04
Loss = 1.8664e-04, PNorm = 35.8020, GNorm = 0.2278, lr_0 = 1.0895e-04
Loss = 1.7377e-04, PNorm = 35.8023, GNorm = 0.0866, lr_0 = 1.0869e-04
Loss = 1.5636e-04, PNorm = 35.8030, GNorm = 0.0431, lr_0 = 1.0843e-04
Loss = 1.6019e-04, PNorm = 35.8032, GNorm = 0.0885, lr_0 = 1.0817e-04
Loss = 1.2713e-04, PNorm = 35.8035, GNorm = 0.0370, lr_0 = 1.0792e-04
Loss = 1.7545e-04, PNorm = 35.8038, GNorm = 0.0985, lr_0 = 1.0766e-04
Loss = 1.4484e-04, PNorm = 35.8042, GNorm = 0.1027, lr_0 = 1.0741e-04
Validation mae = nan
Epoch 96
Loss = 1.1344e-04, PNorm = 35.8047, GNorm = 0.0409, lr_0 = 1.0715e-04
Loss = 1.1212e-04, PNorm = 35.8051, GNorm = 0.1092, lr_0 = 1.0690e-04
Loss = 1.2914e-04, PNorm = 35.8055, GNorm = 0.0565, lr_0 = 1.0664e-04
Loss = 1.6633e-04, PNorm = 35.8060, GNorm = 0.0402, lr_0 = 1.0639e-04
Loss = 1.6081e-04, PNorm = 35.8062, GNorm = 0.0329, lr_0 = 1.0614e-04
Loss = 1.4266e-04, PNorm = 35.8067, GNorm = 0.0742, lr_0 = 1.0589e-04
Loss = 1.6621e-04, PNorm = 35.8071, GNorm = 0.0692, lr_0 = 1.0564e-04
Loss = 1.4480e-04, PNorm = 35.8072, GNorm = 0.0296, lr_0 = 1.0539e-04
Loss = 2.0619e-04, PNorm = 35.8076, GNorm = 0.0554, lr_0 = 1.0514e-04
Loss = 1.6009e-04, PNorm = 35.8081, GNorm = 0.0955, lr_0 = 1.0489e-04
Validation mae = nan
Epoch 97
Loss = 1.8092e-04, PNorm = 35.8086, GNorm = 0.0603, lr_0 = 1.0464e-04
Loss = 1.4810e-04, PNorm = 35.8088, GNorm = 0.0436, lr_0 = 1.0439e-04
Loss = 1.4645e-04, PNorm = 35.8091, GNorm = 0.0511, lr_0 = 1.0414e-04
Loss = 1.7509e-04, PNorm = 35.8095, GNorm = 0.1293, lr_0 = 1.0389e-04
Loss = 2.1819e-04, PNorm = 35.8100, GNorm = 0.1258, lr_0 = 1.0365e-04
Loss = 2.3969e-04, PNorm = 35.8105, GNorm = 0.3278, lr_0 = 1.0340e-04
Loss = 3.2424e-04, PNorm = 35.8110, GNorm = 0.0700, lr_0 = 1.0316e-04
Loss = 2.5628e-04, PNorm = 35.8115, GNorm = 0.0844, lr_0 = 1.0291e-04
Loss = 2.3345e-04, PNorm = 35.8120, GNorm = 0.1343, lr_0 = 1.0267e-04
Loss = 2.9321e-04, PNorm = 35.8123, GNorm = 0.2291, lr_0 = 1.0243e-04
Validation mae = nan
Epoch 98
Loss = 8.4622e-04, PNorm = 35.8121, GNorm = 0.1618, lr_0 = 1.0218e-04
Loss = 1.2919e-03, PNorm = 35.8123, GNorm = 0.4369, lr_0 = 1.0194e-04
Loss = 8.4672e-04, PNorm = 35.8130, GNorm = 0.1183, lr_0 = 1.0170e-04
Loss = 3.2642e-04, PNorm = 35.8141, GNorm = 0.1544, lr_0 = 1.0146e-04
Loss = 2.3400e-04, PNorm = 35.8148, GNorm = 0.1260, lr_0 = 1.0122e-04
Loss = 1.9895e-04, PNorm = 35.8154, GNorm = 0.0789, lr_0 = 1.0098e-04
Loss = 1.6867e-04, PNorm = 35.8158, GNorm = 0.1343, lr_0 = 1.0074e-04
Loss = 1.2801e-04, PNorm = 35.8162, GNorm = 0.0564, lr_0 = 1.0050e-04
Loss = 1.3292e-04, PNorm = 35.8166, GNorm = 0.0433, lr_0 = 1.0026e-04
Loss = 1.0146e-04, PNorm = 35.8170, GNorm = 0.0367, lr_0 = 1.0002e-04
Validation mae = nan
Epoch 99
Loss = 7.8984e-05, PNorm = 35.8176, GNorm = 0.0166, lr_0 = 1.0000e-04
Loss = 8.1074e-05, PNorm = 35.8179, GNorm = 0.0347, lr_0 = 1.0000e-04
Loss = 9.7571e-05, PNorm = 35.8181, GNorm = 0.0401, lr_0 = 1.0000e-04
Loss = 1.2699e-04, PNorm = 35.8183, GNorm = 0.0550, lr_0 = 1.0000e-04
Loss = 9.1460e-05, PNorm = 35.8188, GNorm = 0.0403, lr_0 = 1.0000e-04
Loss = 1.0525e-04, PNorm = 35.8190, GNorm = 0.0381, lr_0 = 1.0000e-04
Loss = 9.1162e-05, PNorm = 35.8194, GNorm = 0.0281, lr_0 = 1.0000e-04
Loss = 1.1630e-04, PNorm = 35.8197, GNorm = 0.0828, lr_0 = 1.0000e-04
Loss = 8.9592e-05, PNorm = 35.8201, GNorm = 0.0801, lr_0 = 1.0000e-04
Loss = 9.7383e-05, PNorm = 35.8203, GNorm = 0.0452, lr_0 = 1.0000e-04
Validation mae = nan
Model 0 best validation mae = inf on epoch 0
Loading pretrained parameter "encoder.encoder.0.cached_zero_vector".
Loading pretrained parameter "encoder.encoder.0.W_i.weight".
Loading pretrained parameter "encoder.encoder.0.W_h.weight".
Loading pretrained parameter "encoder.encoder.0.W_o.weight".
Loading pretrained parameter "encoder.encoder.0.W_o.bias".
Loading pretrained parameter "ffn.1.weight".
Loading pretrained parameter "ffn.1.bias".
Loading pretrained parameter "ffn.4.weight".
Loading pretrained parameter "ffn.4.bias".
Moving model to cuda
Model 0 test mae = nan
Ensemble test mae = nan
1-fold cross validation
	Seed 0 ==> test mae = nan
Overall test mae = nan +/- nan
Elapsed time = 0:07:38
