Command line
python train.py --data_path data/data_0.5_nheavy0/density.csv --smiles_columns smiles --target_columns density --dataset_type regression --split_sizes 1.0 0.0 0.0 --features_generator rdkit_2d --features_columns T --save_dir data/data_0.5_nheavy0/density --save_preds --epochs 100 --metric mae
Args
{'activation': 'ReLU',
 'aggregation': 'mean',
 'aggregation_norm': 100,
 'atom_descriptor_scaling': True,
 'atom_descriptors': None,
 'atom_descriptors_path': None,
 'atom_descriptors_size': 0,
 'atom_features_size': 0,
 'atom_messages': False,
 'batch_size': 50,
 'bias': False,
 'bond_feature_scaling': True,
 'bond_features_path': None,
 'bond_features_size': 0,
 'cache_cutoff': 10000,
 'checkpoint_dir': None,
 'checkpoint_path': None,
 'checkpoint_paths': None,
 'class_balance': False,
 'config_path': None,
 'crossval_index_dir': None,
 'crossval_index_file': None,
 'crossval_index_sets': None,
 'cuda': True,
 'data_path': 'data/data_0.5_nheavy0/density.csv',
 'dataset_type': 'regression',
 'depth': 3,
 'device': device(type='cuda'),
 'dropout': 0.0,
 'empty_cache': False,
 'ensemble_size': 1,
 'epochs': 100,
 'explicit_h': False,
 'extra_metrics': [],
 'features_columns': ['T'],
 'features_generator': ['rdkit_2d'],
 'features_only': False,
 'features_path': None,
 'features_scaling': True,
 'features_size': None,
 'ffn_hidden_size': 300,
 'ffn_num_layers': 2,
 'final_lr': 0.0001,
 'folds_file': None,
 'gpu': None,
 'grad_clip': None,
 'hidden_size': 300,
 'ignore_columns': None,
 'init_lr': 0.0001,
 'log_frequency': 10,
 'max_data_size': None,
 'max_lr': 0.001,
 'metric': 'mae',
 'metrics': ['mae'],
 'minimize_score': True,
 'mpn_shared': False,
 'multiclass_num_classes': 3,
 'no_atom_descriptor_scaling': False,
 'no_bond_features_scaling': False,
 'no_cache_mol': False,
 'no_cuda': False,
 'no_features_scaling': False,
 'num_folds': 1,
 'num_lrs': 1,
 'num_tasks': 1,
 'num_workers': 8,
 'number_of_molecules': 1,
 'overwrite_default_atom_features': False,
 'overwrite_default_bond_features': False,
 'pytorch_seed': 0,
 'quiet': False,
 'reaction': False,
 'reaction_mode': 'reac_diff',
 'resume_experiment': False,
 'save_dir': 'data/data_0.5_nheavy0/density',
 'save_preds': True,
 'save_smiles_splits': False,
 'seed': 0,
 'separate_test_atom_descriptors_path': None,
 'separate_test_bond_features_path': None,
 'separate_test_features_path': None,
 'separate_test_path': None,
 'separate_val_atom_descriptors_path': None,
 'separate_val_bond_features_path': None,
 'separate_val_features_path': None,
 'separate_val_path': None,
 'show_individual_scores': False,
 'smiles_columns': ['smiles'],
 'split_sizes': (1.0, 0.0, 0.0),
 'split_type': 'random',
 'target_columns': ['density'],
 'task_names': ['density'],
 'test': False,
 'test_fold_index': None,
 'train_data_size': None,
 'undirected': False,
 'use_input_features': True,
 'val_fold_index': None,
 'warmup_epochs': 2.0}
Loading data
Number of tasks = 1
Fold 0
Splitting data with seed 0
Total size = 5,000 | train size = 5,000 | val size = 0 | test size = 0
Fitting scaler
Building model 0
MoleculeModel(
  (encoder): MPN(
    (encoder): ModuleList(
      (0): MPNEncoder(
        (dropout_layer): Dropout(p=0.0, inplace=False)
        (act_func): ReLU()
        (W_i): Linear(in_features=147, out_features=300, bias=False)
        (W_h): Linear(in_features=300, out_features=300, bias=False)
        (W_o): Linear(in_features=433, out_features=300, bias=True)
      )
    )
  )
  (ffn): Sequential(
    (0): Dropout(p=0.0, inplace=False)
    (1): Linear(in_features=501, out_features=300, bias=True)
    (2): ReLU()
    (3): Dropout(p=0.0, inplace=False)
    (4): Linear(in_features=300, out_features=1, bias=True)
  )
)
Number of parameters = 415,201
Moving model to cuda
Epoch 0
Loss = 9.3384e-01, PNorm = 35.0907, GNorm = 3.1142, lr_0 = 1.4950e-04
Loss = 7.9227e-01, PNorm = 35.0922, GNorm = 4.6289, lr_0 = 1.9450e-04
Loss = 6.4697e-01, PNorm = 35.0965, GNorm = 3.5041, lr_0 = 2.3950e-04
Loss = 5.1705e-01, PNorm = 35.1027, GNorm = 2.2565, lr_0 = 2.8450e-04
Loss = 4.2976e-01, PNorm = 35.1087, GNorm = 3.9909, lr_0 = 3.2950e-04
Loss = 3.5869e-01, PNorm = 35.1136, GNorm = 4.0799, lr_0 = 3.7450e-04
Loss = 3.3220e-01, PNorm = 35.1165, GNorm = 4.4317, lr_0 = 4.1950e-04
Loss = 2.1437e-01, PNorm = 35.1174, GNorm = 1.8805, lr_0 = 4.6450e-04
Loss = 1.6732e-01, PNorm = 35.1199, GNorm = 1.5596, lr_0 = 5.0950e-04
Loss = 1.2730e-01, PNorm = 35.1239, GNorm = 2.4761, lr_0 = 5.5450e-04
Validation mae = nan
Epoch 1
Loss = 8.7155e-02, PNorm = 35.1288, GNorm = 5.9016, lr_0 = 5.9950e-04
Loss = 6.1975e-02, PNorm = 35.1312, GNorm = 3.0975, lr_0 = 6.4450e-04
Loss = 3.8600e-02, PNorm = 35.1325, GNorm = 1.9011, lr_0 = 6.8950e-04
Loss = 3.8382e-02, PNorm = 35.1335, GNorm = 0.6883, lr_0 = 7.3450e-04
Loss = 3.1377e-02, PNorm = 35.1338, GNorm = 1.8466, lr_0 = 7.7950e-04
Loss = 2.1030e-02, PNorm = 35.1352, GNorm = 1.5180, lr_0 = 8.2450e-04
Loss = 2.3390e-02, PNorm = 35.1363, GNorm = 1.6097, lr_0 = 8.6950e-04
Loss = 2.7090e-02, PNorm = 35.1371, GNorm = 1.4332, lr_0 = 9.1450e-04
Loss = 2.6876e-02, PNorm = 35.1378, GNorm = 2.3090, lr_0 = 9.5950e-04
Loss = 2.0331e-02, PNorm = 35.1383, GNorm = 2.3423, lr_0 = 9.9977e-04
Validation mae = nan
Epoch 2
Loss = 2.0628e-02, PNorm = 35.1382, GNorm = 1.4767, lr_0 = 9.9742e-04
Loss = 1.7684e-02, PNorm = 35.1385, GNorm = 1.1424, lr_0 = 9.9508e-04
Loss = 1.4410e-02, PNorm = 35.1398, GNorm = 2.3372, lr_0 = 9.9274e-04
Loss = 1.7053e-02, PNorm = 35.1423, GNorm = 1.0112, lr_0 = 9.9041e-04
Loss = 1.7913e-02, PNorm = 35.1440, GNorm = 1.4025, lr_0 = 9.8809e-04
Loss = 1.5039e-02, PNorm = 35.1456, GNorm = 0.9580, lr_0 = 9.8577e-04
Loss = 1.9370e-02, PNorm = 35.1472, GNorm = 0.9054, lr_0 = 9.8346e-04
Loss = 1.7374e-02, PNorm = 35.1491, GNorm = 0.3808, lr_0 = 9.8115e-04
Loss = 1.4420e-02, PNorm = 35.1498, GNorm = 0.7338, lr_0 = 9.7885e-04
Loss = 1.4165e-02, PNorm = 35.1502, GNorm = 1.4736, lr_0 = 9.7655e-04
Validation mae = nan
Epoch 3
Loss = 1.2863e-02, PNorm = 35.1513, GNorm = 0.2400, lr_0 = 9.7426e-04
Loss = 1.1033e-02, PNorm = 35.1524, GNorm = 0.6190, lr_0 = 9.7197e-04
Loss = 8.9153e-03, PNorm = 35.1531, GNorm = 0.4831, lr_0 = 9.6969e-04
Loss = 9.2879e-03, PNorm = 35.1543, GNorm = 0.2585, lr_0 = 9.6741e-04
Loss = 1.1415e-02, PNorm = 35.1555, GNorm = 0.5443, lr_0 = 9.6514e-04
Loss = 1.0334e-02, PNorm = 35.1564, GNorm = 1.6847, lr_0 = 9.6288e-04
Loss = 1.3188e-02, PNorm = 35.1559, GNorm = 1.5533, lr_0 = 9.6062e-04
Loss = 1.2370e-02, PNorm = 35.1561, GNorm = 1.1974, lr_0 = 9.5836e-04
Loss = 1.3051e-02, PNorm = 35.1566, GNorm = 0.9126, lr_0 = 9.5612e-04
Loss = 1.4279e-02, PNorm = 35.1578, GNorm = 1.3009, lr_0 = 9.5387e-04
Validation mae = nan
Epoch 4
Loss = 8.9626e-03, PNorm = 35.1597, GNorm = 0.5408, lr_0 = 9.5163e-04
Loss = 1.0413e-02, PNorm = 35.1605, GNorm = 1.1800, lr_0 = 9.4940e-04
Loss = 6.3002e-03, PNorm = 35.1617, GNorm = 0.1694, lr_0 = 9.4717e-04
Loss = 9.5936e-03, PNorm = 35.1639, GNorm = 0.5105, lr_0 = 9.4495e-04
Loss = 9.1990e-03, PNorm = 35.1659, GNorm = 1.4034, lr_0 = 9.4273e-04
Loss = 7.3612e-03, PNorm = 35.1669, GNorm = 0.7297, lr_0 = 9.4052e-04
Loss = 7.5606e-03, PNorm = 35.1679, GNorm = 0.8621, lr_0 = 9.3831e-04
Loss = 9.3196e-03, PNorm = 35.1689, GNorm = 0.5267, lr_0 = 9.3611e-04
Loss = 9.7684e-03, PNorm = 35.1692, GNorm = 1.2272, lr_0 = 9.3391e-04
Loss = 6.7673e-03, PNorm = 35.1700, GNorm = 0.7705, lr_0 = 9.3172e-04
Validation mae = nan
Epoch 5
Loss = 5.2202e-03, PNorm = 35.1708, GNorm = 0.4943, lr_0 = 9.2953e-04
Loss = 7.7032e-03, PNorm = 35.1716, GNorm = 1.1296, lr_0 = 9.2735e-04
Loss = 7.9528e-03, PNorm = 35.1730, GNorm = 1.4970, lr_0 = 9.2518e-04
Loss = 9.9584e-03, PNorm = 35.1736, GNorm = 0.4631, lr_0 = 9.2301e-04
Loss = 6.7040e-03, PNorm = 35.1755, GNorm = 0.4660, lr_0 = 9.2084e-04
Loss = 6.6304e-03, PNorm = 35.1774, GNorm = 0.8309, lr_0 = 9.1868e-04
Loss = 5.3441e-03, PNorm = 35.1791, GNorm = 0.8832, lr_0 = 9.1652e-04
Loss = 4.1552e-03, PNorm = 35.1805, GNorm = 0.1442, lr_0 = 9.1437e-04
Loss = 4.5049e-03, PNorm = 35.1819, GNorm = 0.2721, lr_0 = 9.1223e-04
Loss = 4.7500e-03, PNorm = 35.1832, GNorm = 0.4840, lr_0 = 9.1008e-04
Validation mae = nan
Epoch 6
Loss = 3.8460e-03, PNorm = 35.1841, GNorm = 0.1589, lr_0 = 9.0795e-04
Loss = 6.9275e-03, PNorm = 35.1862, GNorm = 0.6179, lr_0 = 9.0582e-04
Loss = 4.3509e-03, PNorm = 35.1887, GNorm = 0.4331, lr_0 = 9.0369e-04
Loss = 4.1292e-03, PNorm = 35.1901, GNorm = 0.6748, lr_0 = 9.0157e-04
Loss = 3.6318e-03, PNorm = 35.1915, GNorm = 0.6980, lr_0 = 8.9946e-04
Loss = 3.2996e-03, PNorm = 35.1930, GNorm = 0.4889, lr_0 = 8.9734e-04
Loss = 3.8866e-03, PNorm = 35.1943, GNorm = 0.7519, lr_0 = 8.9524e-04
Loss = 3.4664e-03, PNorm = 35.1948, GNorm = 0.3423, lr_0 = 8.9314e-04
Loss = 4.0479e-03, PNorm = 35.1955, GNorm = 0.4848, lr_0 = 8.9104e-04
Loss = 4.7247e-03, PNorm = 35.1965, GNorm = 0.9303, lr_0 = 8.8895e-04
Validation mae = nan
Epoch 7
Loss = 4.2804e-03, PNorm = 35.1972, GNorm = 0.1797, lr_0 = 8.8686e-04
Loss = 2.9131e-03, PNorm = 35.1981, GNorm = 0.4238, lr_0 = 8.8478e-04
Loss = 2.7855e-03, PNorm = 35.1989, GNorm = 0.7367, lr_0 = 8.8271e-04
Loss = 4.2794e-03, PNorm = 35.2003, GNorm = 0.6487, lr_0 = 8.8063e-04
Loss = 3.8949e-03, PNorm = 35.2019, GNorm = 0.4165, lr_0 = 8.7857e-04
Loss = 2.4365e-03, PNorm = 35.2031, GNorm = 0.3723, lr_0 = 8.7651e-04
Loss = 2.2572e-03, PNorm = 35.2047, GNorm = 0.3504, lr_0 = 8.7445e-04
Loss = 3.1847e-03, PNorm = 35.2072, GNorm = 0.3591, lr_0 = 8.7240e-04
Loss = 5.0092e-03, PNorm = 35.2096, GNorm = 0.7151, lr_0 = 8.7035e-04
Loss = 4.7218e-03, PNorm = 35.2113, GNorm = 1.3262, lr_0 = 8.6831e-04
Validation mae = nan
Epoch 8
Loss = 5.8623e-03, PNorm = 35.2127, GNorm = 0.7033, lr_0 = 8.6627e-04
Loss = 3.3448e-03, PNorm = 35.2140, GNorm = 0.6755, lr_0 = 8.6424e-04
Loss = 3.4003e-03, PNorm = 35.2151, GNorm = 0.6057, lr_0 = 8.6221e-04
Loss = 2.4240e-03, PNorm = 35.2164, GNorm = 0.1287, lr_0 = 8.6018e-04
Loss = 2.6629e-03, PNorm = 35.2179, GNorm = 0.1054, lr_0 = 8.5817e-04
Loss = 2.1010e-03, PNorm = 35.2196, GNorm = 0.7140, lr_0 = 8.5615e-04
Loss = 2.7574e-03, PNorm = 35.2215, GNorm = 0.3587, lr_0 = 8.5414e-04
Loss = 3.2868e-03, PNorm = 35.2234, GNorm = 0.4758, lr_0 = 8.5214e-04
Loss = 2.9913e-03, PNorm = 35.2248, GNorm = 0.4318, lr_0 = 8.5014e-04
Loss = 2.8185e-03, PNorm = 35.2257, GNorm = 0.4879, lr_0 = 8.4814e-04
Validation mae = nan
Epoch 9
Loss = 2.1229e-03, PNorm = 35.2271, GNorm = 0.2323, lr_0 = 8.4615e-04
Loss = 1.5336e-03, PNorm = 35.2286, GNorm = 0.1709, lr_0 = 8.4417e-04
Loss = 2.2979e-03, PNorm = 35.2296, GNorm = 0.8285, lr_0 = 8.4219e-04
Loss = 1.7887e-03, PNorm = 35.2317, GNorm = 0.3122, lr_0 = 8.4021e-04
Loss = 1.8144e-03, PNorm = 35.2336, GNorm = 0.1100, lr_0 = 8.3824e-04
Loss = 4.1274e-03, PNorm = 35.2352, GNorm = 1.0513, lr_0 = 8.3627e-04
Loss = 3.9255e-03, PNorm = 35.2370, GNorm = 0.5646, lr_0 = 8.3431e-04
Loss = 4.6942e-03, PNorm = 35.2394, GNorm = 1.0044, lr_0 = 8.3235e-04
Loss = 3.9179e-03, PNorm = 35.2409, GNorm = 0.6227, lr_0 = 8.3040e-04
Loss = 3.4672e-03, PNorm = 35.2419, GNorm = 0.4918, lr_0 = 8.2845e-04
Validation mae = nan
Epoch 10
Loss = 2.8270e-03, PNorm = 35.2430, GNorm = 0.3052, lr_0 = 8.2650e-04
Loss = 1.9484e-03, PNorm = 35.2443, GNorm = 0.3106, lr_0 = 8.2456e-04
Loss = 1.3742e-03, PNorm = 35.2459, GNorm = 0.2105, lr_0 = 8.2263e-04
Loss = 1.9238e-03, PNorm = 35.2475, GNorm = 0.4207, lr_0 = 8.2070e-04
Loss = 2.1664e-03, PNorm = 35.2484, GNorm = 0.3761, lr_0 = 8.1877e-04
Loss = 1.7850e-03, PNorm = 35.2496, GNorm = 0.2220, lr_0 = 8.1685e-04
Loss = 1.8305e-03, PNorm = 35.2506, GNorm = 0.2935, lr_0 = 8.1493e-04
Loss = 1.8644e-03, PNorm = 35.2523, GNorm = 0.3409, lr_0 = 8.1302e-04
Loss = 2.1728e-03, PNorm = 35.2541, GNorm = 0.7952, lr_0 = 8.1111e-04
Loss = 3.3114e-03, PNorm = 35.2565, GNorm = 0.8219, lr_0 = 8.0921e-04
Validation mae = nan
Epoch 11
Loss = 2.0973e-03, PNorm = 35.2580, GNorm = 0.3286, lr_0 = 8.0731e-04
Loss = 2.1357e-03, PNorm = 35.2595, GNorm = 0.2953, lr_0 = 8.0542e-04
Loss = 2.3558e-03, PNorm = 35.2613, GNorm = 0.4554, lr_0 = 8.0353e-04
Loss = 2.3819e-03, PNorm = 35.2630, GNorm = 0.1268, lr_0 = 8.0164e-04
Loss = 3.0397e-03, PNorm = 35.2644, GNorm = 0.6487, lr_0 = 7.9976e-04
Loss = 2.0526e-03, PNorm = 35.2654, GNorm = 0.2939, lr_0 = 7.9788e-04
Loss = 1.6841e-03, PNorm = 35.2672, GNorm = 0.3687, lr_0 = 7.9601e-04
Loss = 1.8098e-03, PNorm = 35.2687, GNorm = 0.3184, lr_0 = 7.9414e-04
Loss = 2.4000e-03, PNorm = 35.2705, GNorm = 0.7826, lr_0 = 7.9228e-04
Loss = 2.0745e-03, PNorm = 35.2720, GNorm = 0.3906, lr_0 = 7.9042e-04
Validation mae = nan
Epoch 12
Loss = 1.5995e-03, PNorm = 35.2735, GNorm = 0.4203, lr_0 = 7.8856e-04
Loss = 1.5155e-03, PNorm = 35.2749, GNorm = 0.5188, lr_0 = 7.8671e-04
Loss = 1.2849e-03, PNorm = 35.2765, GNorm = 0.4185, lr_0 = 7.8487e-04
Loss = 1.0947e-03, PNorm = 35.2781, GNorm = 0.2031, lr_0 = 7.8302e-04
Loss = 1.0307e-03, PNorm = 35.2799, GNorm = 0.1902, lr_0 = 7.8119e-04
Loss = 1.2622e-03, PNorm = 35.2814, GNorm = 0.2944, lr_0 = 7.7935e-04
Loss = 1.1184e-03, PNorm = 35.2828, GNorm = 0.1742, lr_0 = 7.7752e-04
Loss = 1.0061e-03, PNorm = 35.2848, GNorm = 0.2106, lr_0 = 7.7570e-04
Loss = 1.4553e-03, PNorm = 35.2861, GNorm = 0.2970, lr_0 = 7.7388e-04
Loss = 1.4944e-03, PNorm = 35.2877, GNorm = 0.3055, lr_0 = 7.7206e-04
Validation mae = nan
Epoch 13
Loss = 1.1958e-03, PNorm = 35.2888, GNorm = 0.3934, lr_0 = 7.7025e-04
Loss = 1.3696e-03, PNorm = 35.2907, GNorm = 0.3806, lr_0 = 7.6844e-04
Loss = 1.8663e-03, PNorm = 35.2928, GNorm = 0.1882, lr_0 = 7.6664e-04
Loss = 2.3907e-03, PNorm = 35.2940, GNorm = 0.5043, lr_0 = 7.6484e-04
Loss = 1.5585e-03, PNorm = 35.2960, GNorm = 0.4120, lr_0 = 7.6305e-04
Loss = 2.2959e-03, PNorm = 35.2977, GNorm = 0.3861, lr_0 = 7.6126e-04
Loss = 1.4730e-03, PNorm = 35.3000, GNorm = 0.3606, lr_0 = 7.5947e-04
Loss = 2.1130e-03, PNorm = 35.3015, GNorm = 0.5238, lr_0 = 7.5769e-04
Loss = 2.5482e-03, PNorm = 35.3038, GNorm = 0.3656, lr_0 = 7.5591e-04
Loss = 2.0311e-03, PNorm = 35.3061, GNorm = 0.4775, lr_0 = 7.5413e-04
Validation mae = nan
Epoch 14
Loss = 2.2278e-03, PNorm = 35.3080, GNorm = 0.5190, lr_0 = 7.5236e-04
Loss = 1.4222e-03, PNorm = 35.3094, GNorm = 0.2034, lr_0 = 7.5060e-04
Loss = 1.7826e-03, PNorm = 35.3103, GNorm = 0.1828, lr_0 = 7.4884e-04
Loss = 1.2859e-03, PNorm = 35.3120, GNorm = 0.2795, lr_0 = 7.4708e-04
Loss = 1.0019e-03, PNorm = 35.3138, GNorm = 0.1359, lr_0 = 7.4533e-04
Loss = 1.1814e-03, PNorm = 35.3153, GNorm = 0.2578, lr_0 = 7.4358e-04
Loss = 1.5533e-03, PNorm = 35.3171, GNorm = 0.1520, lr_0 = 7.4183e-04
Loss = 1.4979e-03, PNorm = 35.3186, GNorm = 0.1931, lr_0 = 7.4009e-04
Loss = 1.3171e-03, PNorm = 35.3196, GNorm = 0.3299, lr_0 = 7.3836e-04
Loss = 1.3434e-03, PNorm = 35.3208, GNorm = 0.4635, lr_0 = 7.3662e-04
Validation mae = nan
Epoch 15
Loss = 1.2633e-03, PNorm = 35.3220, GNorm = 0.3296, lr_0 = 7.3489e-04
Loss = 1.2770e-03, PNorm = 35.3233, GNorm = 0.2328, lr_0 = 7.3317e-04
Loss = 9.9385e-04, PNorm = 35.3245, GNorm = 0.3624, lr_0 = 7.3145e-04
Loss = 1.1875e-03, PNorm = 35.3261, GNorm = 0.3697, lr_0 = 7.2973e-04
Loss = 1.1808e-03, PNorm = 35.3268, GNorm = 0.2252, lr_0 = 7.2802e-04
Loss = 1.0199e-03, PNorm = 35.3286, GNorm = 0.4989, lr_0 = 7.2631e-04
Loss = 1.5939e-03, PNorm = 35.3297, GNorm = 0.7694, lr_0 = 7.2461e-04
Loss = 2.1062e-03, PNorm = 35.3311, GNorm = 0.3876, lr_0 = 7.2291e-04
Loss = 2.7964e-03, PNorm = 35.3324, GNorm = 0.4100, lr_0 = 7.2121e-04
Loss = 1.7984e-03, PNorm = 35.3350, GNorm = 0.2787, lr_0 = 7.1952e-04
Validation mae = nan
Epoch 16
Loss = 1.1263e-03, PNorm = 35.3376, GNorm = 0.2991, lr_0 = 7.1783e-04
Loss = 1.3063e-03, PNorm = 35.3398, GNorm = 0.3370, lr_0 = 7.1614e-04
Loss = 1.0121e-03, PNorm = 35.3417, GNorm = 0.1621, lr_0 = 7.1446e-04
Loss = 8.5811e-04, PNorm = 35.3429, GNorm = 0.0896, lr_0 = 7.1279e-04
Loss = 1.2560e-03, PNorm = 35.3446, GNorm = 0.2681, lr_0 = 7.1111e-04
Loss = 8.4223e-04, PNorm = 35.3464, GNorm = 0.1976, lr_0 = 7.0944e-04
Loss = 8.5388e-04, PNorm = 35.3486, GNorm = 0.2347, lr_0 = 7.0778e-04
Loss = 6.5241e-04, PNorm = 35.3501, GNorm = 0.2591, lr_0 = 7.0612e-04
Loss = 1.2642e-03, PNorm = 35.3518, GNorm = 0.2701, lr_0 = 7.0446e-04
Loss = 1.8485e-03, PNorm = 35.3545, GNorm = 0.4273, lr_0 = 7.0281e-04
Validation mae = nan
Epoch 17
Loss = 1.6539e-03, PNorm = 35.3561, GNorm = 0.4019, lr_0 = 7.0116e-04
Loss = 1.1180e-03, PNorm = 35.3570, GNorm = 0.0737, lr_0 = 6.9951e-04
Loss = 7.5440e-04, PNorm = 35.3591, GNorm = 0.0876, lr_0 = 6.9787e-04
Loss = 7.4910e-04, PNorm = 35.3605, GNorm = 0.1412, lr_0 = 6.9623e-04
Loss = 8.7779e-04, PNorm = 35.3614, GNorm = 0.0875, lr_0 = 6.9460e-04
Loss = 9.6340e-04, PNorm = 35.3629, GNorm = 0.3231, lr_0 = 6.9297e-04
Loss = 8.0095e-04, PNorm = 35.3644, GNorm = 0.0930, lr_0 = 6.9134e-04
Loss = 8.4274e-04, PNorm = 35.3658, GNorm = 0.1441, lr_0 = 6.8972e-04
Loss = 1.2183e-03, PNorm = 35.3674, GNorm = 0.2889, lr_0 = 6.8810e-04
Loss = 9.0718e-04, PNorm = 35.3692, GNorm = 0.1528, lr_0 = 6.8649e-04
Validation mae = nan
Epoch 18
Loss = 6.9234e-04, PNorm = 35.3711, GNorm = 0.4744, lr_0 = 6.8488e-04
Loss = 1.5891e-03, PNorm = 35.3730, GNorm = 0.4073, lr_0 = 6.8327e-04
Loss = 2.4797e-03, PNorm = 35.3737, GNorm = 0.3683, lr_0 = 6.8167e-04
Loss = 1.1363e-03, PNorm = 35.3750, GNorm = 0.3808, lr_0 = 6.8007e-04
Loss = 1.2154e-03, PNorm = 35.3778, GNorm = 0.2978, lr_0 = 6.7847e-04
Loss = 1.6765e-03, PNorm = 35.3802, GNorm = 0.3633, lr_0 = 6.7688e-04
Loss = 2.0941e-03, PNorm = 35.3815, GNorm = 0.5934, lr_0 = 6.7529e-04
Loss = 1.3487e-03, PNorm = 35.3830, GNorm = 0.1422, lr_0 = 6.7370e-04
Loss = 1.6262e-03, PNorm = 35.3841, GNorm = 0.5598, lr_0 = 6.7212e-04
Loss = 1.4724e-03, PNorm = 35.3855, GNorm = 0.2415, lr_0 = 6.7055e-04
Validation mae = nan
Epoch 19
Loss = 7.3214e-04, PNorm = 35.3871, GNorm = 0.0848, lr_0 = 6.6897e-04
Loss = 8.8023e-04, PNorm = 35.3886, GNorm = 0.3425, lr_0 = 6.6740e-04
Loss = 1.0800e-03, PNorm = 35.3911, GNorm = 0.2726, lr_0 = 6.6584e-04
Loss = 1.2292e-03, PNorm = 35.3925, GNorm = 0.2175, lr_0 = 6.6427e-04
Loss = 1.3734e-03, PNorm = 35.3931, GNorm = 0.3313, lr_0 = 6.6271e-04
Loss = 1.9419e-03, PNorm = 35.3942, GNorm = 0.1695, lr_0 = 6.6116e-04
Loss = 2.0846e-03, PNorm = 35.3964, GNorm = 0.4247, lr_0 = 6.5961e-04
Loss = 2.9399e-03, PNorm = 35.3981, GNorm = 0.2926, lr_0 = 6.5806e-04
Loss = 2.2159e-03, PNorm = 35.4009, GNorm = 0.1473, lr_0 = 6.5652e-04
Loss = 1.7614e-03, PNorm = 35.4032, GNorm = 0.4134, lr_0 = 6.5497e-04
Validation mae = nan
Epoch 20
Loss = 1.1250e-03, PNorm = 35.4047, GNorm = 0.3152, lr_0 = 6.5344e-04
Loss = 1.0743e-03, PNorm = 35.4064, GNorm = 0.2630, lr_0 = 6.5190e-04
Loss = 1.1948e-03, PNorm = 35.4080, GNorm = 0.2250, lr_0 = 6.5037e-04
Loss = 7.4693e-04, PNorm = 35.4096, GNorm = 0.1775, lr_0 = 6.4885e-04
Loss = 9.5154e-04, PNorm = 35.4114, GNorm = 0.1131, lr_0 = 6.4733e-04
Loss = 1.1617e-03, PNorm = 35.4127, GNorm = 0.2925, lr_0 = 6.4581e-04
Loss = 9.7309e-04, PNorm = 35.4141, GNorm = 0.2035, lr_0 = 6.4429e-04
Loss = 8.4571e-04, PNorm = 35.4153, GNorm = 0.1819, lr_0 = 6.4278e-04
Loss = 7.0937e-04, PNorm = 35.4170, GNorm = 0.1725, lr_0 = 6.4127e-04
Loss = 1.0854e-03, PNorm = 35.4186, GNorm = 0.3276, lr_0 = 6.3976e-04
Validation mae = nan
Epoch 21
Loss = 1.0446e-03, PNorm = 35.4205, GNorm = 0.2998, lr_0 = 6.3826e-04
Loss = 7.0338e-04, PNorm = 35.4219, GNorm = 0.2458, lr_0 = 6.3677e-04
Loss = 6.9545e-04, PNorm = 35.4234, GNorm = 0.1541, lr_0 = 6.3527e-04
Loss = 8.6014e-04, PNorm = 35.4247, GNorm = 0.2460, lr_0 = 6.3378e-04
Loss = 6.3488e-04, PNorm = 35.4259, GNorm = 0.2085, lr_0 = 6.3229e-04
Loss = 1.0126e-03, PNorm = 35.4270, GNorm = 0.1143, lr_0 = 6.3081e-04
Loss = 9.9271e-04, PNorm = 35.4283, GNorm = 0.2953, lr_0 = 6.2933e-04
Loss = 1.7011e-03, PNorm = 35.4303, GNorm = 0.4002, lr_0 = 6.2785e-04
Loss = 1.3913e-03, PNorm = 35.4326, GNorm = 0.5123, lr_0 = 6.2638e-04
Loss = 1.2049e-03, PNorm = 35.4337, GNorm = 0.2359, lr_0 = 6.2491e-04
Validation mae = nan
Epoch 22
Loss = 1.1079e-03, PNorm = 35.4353, GNorm = 0.2275, lr_0 = 6.2344e-04
Loss = 1.2375e-03, PNorm = 35.4366, GNorm = 0.4886, lr_0 = 6.2198e-04
Loss = 1.6751e-03, PNorm = 35.4375, GNorm = 0.2970, lr_0 = 6.2052e-04
Loss = 2.1806e-03, PNorm = 35.4384, GNorm = 0.4942, lr_0 = 6.1906e-04
Loss = 1.6091e-03, PNorm = 35.4395, GNorm = 0.2186, lr_0 = 6.1761e-04
Loss = 1.6571e-03, PNorm = 35.4409, GNorm = 0.2271, lr_0 = 6.1616e-04
Loss = 8.7468e-04, PNorm = 35.4425, GNorm = 0.1836, lr_0 = 6.1471e-04
Loss = 7.5327e-04, PNorm = 35.4444, GNorm = 0.0698, lr_0 = 6.1327e-04
Loss = 1.2179e-03, PNorm = 35.4455, GNorm = 0.4664, lr_0 = 6.1183e-04
Loss = 1.5908e-03, PNorm = 35.4471, GNorm = 0.2653, lr_0 = 6.1040e-04
Validation mae = nan
Epoch 23
Loss = 1.3181e-03, PNorm = 35.4486, GNorm = 0.3022, lr_0 = 6.0896e-04
Loss = 8.0915e-04, PNorm = 35.4506, GNorm = 0.2282, lr_0 = 6.0754e-04
Loss = 8.1882e-04, PNorm = 35.4518, GNorm = 0.2207, lr_0 = 6.0611e-04
Loss = 1.0562e-03, PNorm = 35.4524, GNorm = 0.3028, lr_0 = 6.0469e-04
Loss = 9.1800e-04, PNorm = 35.4544, GNorm = 0.2770, lr_0 = 6.0327e-04
Loss = 6.1948e-04, PNorm = 35.4558, GNorm = 0.0832, lr_0 = 6.0185e-04
Loss = 8.9449e-04, PNorm = 35.4574, GNorm = 0.0986, lr_0 = 6.0044e-04
Loss = 8.3066e-04, PNorm = 35.4593, GNorm = 0.1756, lr_0 = 5.9903e-04
Loss = 6.7391e-04, PNorm = 35.4607, GNorm = 0.1468, lr_0 = 5.9762e-04
Loss = 6.9757e-04, PNorm = 35.4609, GNorm = 0.3057, lr_0 = 5.9622e-04
Validation mae = nan
Epoch 24
Loss = 1.2611e-03, PNorm = 35.4622, GNorm = 0.3637, lr_0 = 5.9482e-04
Loss = 1.6176e-03, PNorm = 35.4644, GNorm = 0.6567, lr_0 = 5.9343e-04
Loss = 1.2232e-03, PNorm = 35.4658, GNorm = 0.4356, lr_0 = 5.9203e-04
Loss = 1.2075e-03, PNorm = 35.4680, GNorm = 0.2481, lr_0 = 5.9064e-04
Loss = 7.5690e-04, PNorm = 35.4695, GNorm = 0.1449, lr_0 = 5.8926e-04
Loss = 8.8994e-04, PNorm = 35.4708, GNorm = 0.4151, lr_0 = 5.8788e-04
Loss = 8.0457e-04, PNorm = 35.4717, GNorm = 0.1784, lr_0 = 5.8650e-04
Loss = 9.0147e-04, PNorm = 35.4727, GNorm = 0.1861, lr_0 = 5.8512e-04
Loss = 9.4582e-04, PNorm = 35.4737, GNorm = 0.2342, lr_0 = 5.8375e-04
Loss = 2.0233e-03, PNorm = 35.4741, GNorm = 0.2564, lr_0 = 5.8238e-04
Validation mae = nan
Epoch 25
Loss = 2.6245e-03, PNorm = 35.4745, GNorm = 0.1098, lr_0 = 5.8101e-04
Loss = 1.8058e-03, PNorm = 35.4768, GNorm = 0.1740, lr_0 = 5.7965e-04
Loss = 1.5292e-03, PNorm = 35.4774, GNorm = 0.2710, lr_0 = 5.7829e-04
Loss = 1.3371e-03, PNorm = 35.4787, GNorm = 0.4269, lr_0 = 5.7693e-04
Loss = 1.3319e-03, PNorm = 35.4800, GNorm = 0.3737, lr_0 = 5.7558e-04
Loss = 1.1708e-03, PNorm = 35.4816, GNorm = 0.3103, lr_0 = 5.7422e-04
Loss = 8.2875e-04, PNorm = 35.4834, GNorm = 0.2164, lr_0 = 5.7288e-04
Loss = 5.9323e-04, PNorm = 35.4849, GNorm = 0.1328, lr_0 = 5.7153e-04
Loss = 8.3389e-04, PNorm = 35.4866, GNorm = 0.0823, lr_0 = 5.7019e-04
Loss = 7.8234e-04, PNorm = 35.4878, GNorm = 0.2247, lr_0 = 5.6885e-04
Validation mae = nan
Epoch 26
Loss = 6.3049e-04, PNorm = 35.4886, GNorm = 0.1951, lr_0 = 5.6752e-04
Loss = 8.6046e-04, PNorm = 35.4901, GNorm = 0.1150, lr_0 = 5.6619e-04
Loss = 1.1818e-03, PNorm = 35.4916, GNorm = 0.3998, lr_0 = 5.6486e-04
Loss = 1.3017e-03, PNorm = 35.4923, GNorm = 0.2217, lr_0 = 5.6353e-04
Loss = 7.3782e-04, PNorm = 35.4934, GNorm = 0.3700, lr_0 = 5.6221e-04
Loss = 9.2639e-04, PNorm = 35.4944, GNorm = 0.3112, lr_0 = 5.6089e-04
Loss = 8.6230e-04, PNorm = 35.4956, GNorm = 0.3747, lr_0 = 5.5957e-04
Loss = 7.5617e-04, PNorm = 35.4973, GNorm = 0.1065, lr_0 = 5.5826e-04
Loss = 7.5358e-04, PNorm = 35.4985, GNorm = 0.2877, lr_0 = 5.5695e-04
Loss = 6.2632e-04, PNorm = 35.4996, GNorm = 0.2747, lr_0 = 5.5564e-04
Validation mae = nan
Epoch 27
Loss = 9.6296e-04, PNorm = 35.5008, GNorm = 0.2142, lr_0 = 5.5434e-04
Loss = 7.5300e-04, PNorm = 35.5022, GNorm = 0.2185, lr_0 = 5.5304e-04
Loss = 6.3689e-04, PNorm = 35.5035, GNorm = 0.2082, lr_0 = 5.5174e-04
Loss = 8.2156e-04, PNorm = 35.5049, GNorm = 0.1651, lr_0 = 5.5045e-04
Loss = 7.2721e-04, PNorm = 35.5067, GNorm = 0.1426, lr_0 = 5.4915e-04
Loss = 8.7766e-04, PNorm = 35.5072, GNorm = 0.1266, lr_0 = 5.4786e-04
Loss = 1.0692e-03, PNorm = 35.5078, GNorm = 0.2187, lr_0 = 5.4658e-04
Loss = 9.6383e-04, PNorm = 35.5078, GNorm = 0.3471, lr_0 = 5.4530e-04
Loss = 6.0277e-04, PNorm = 35.5092, GNorm = 0.2562, lr_0 = 5.4402e-04
Loss = 4.6384e-04, PNorm = 35.5099, GNorm = 0.1330, lr_0 = 5.4274e-04
Validation mae = nan
Epoch 28
Loss = 7.6349e-04, PNorm = 35.5109, GNorm = 0.3641, lr_0 = 5.4147e-04
Loss = 8.2757e-04, PNorm = 35.5120, GNorm = 0.3285, lr_0 = 5.4020e-04
Loss = 6.7721e-04, PNorm = 35.5130, GNorm = 0.2097, lr_0 = 5.3893e-04
Loss = 4.9856e-04, PNorm = 35.5136, GNorm = 0.1612, lr_0 = 5.3766e-04
Loss = 7.8304e-04, PNorm = 35.5149, GNorm = 0.2120, lr_0 = 5.3640e-04
Loss = 6.5873e-04, PNorm = 35.5162, GNorm = 0.1929, lr_0 = 5.3514e-04
Loss = 4.0594e-04, PNorm = 35.5169, GNorm = 0.2648, lr_0 = 5.3389e-04
Loss = 5.3149e-04, PNorm = 35.5179, GNorm = 0.1177, lr_0 = 5.3263e-04
Loss = 8.3394e-04, PNorm = 35.5186, GNorm = 0.2940, lr_0 = 5.3138e-04
Loss = 8.1531e-04, PNorm = 35.5199, GNorm = 0.1678, lr_0 = 5.3014e-04
Validation mae = nan
Epoch 29
Loss = 7.3305e-04, PNorm = 35.5214, GNorm = 0.1866, lr_0 = 5.2889e-04
Loss = 6.4014e-04, PNorm = 35.5229, GNorm = 0.1058, lr_0 = 5.2765e-04
Loss = 5.4741e-04, PNorm = 35.5237, GNorm = 0.1737, lr_0 = 5.2641e-04
Loss = 7.2444e-04, PNorm = 35.5246, GNorm = 0.2681, lr_0 = 5.2518e-04
Loss = 1.1951e-03, PNorm = 35.5257, GNorm = 0.2500, lr_0 = 5.2395e-04
Loss = 6.9956e-04, PNorm = 35.5273, GNorm = 0.1036, lr_0 = 5.2272e-04
Loss = 8.1925e-04, PNorm = 35.5285, GNorm = 0.1176, lr_0 = 5.2149e-04
Loss = 7.3585e-04, PNorm = 35.5293, GNorm = 0.1893, lr_0 = 5.2026e-04
Loss = 8.1019e-04, PNorm = 35.5300, GNorm = 0.2861, lr_0 = 5.1904e-04
Loss = 7.9800e-04, PNorm = 35.5317, GNorm = 0.1764, lr_0 = 5.1783e-04
Validation mae = nan
Epoch 30
Loss = 6.3481e-04, PNorm = 35.5329, GNorm = 0.2100, lr_0 = 5.1661e-04
Loss = 5.5864e-04, PNorm = 35.5340, GNorm = 0.1600, lr_0 = 5.1540e-04
Loss = 5.5050e-04, PNorm = 35.5347, GNorm = 0.1025, lr_0 = 5.1419e-04
Loss = 7.1885e-04, PNorm = 35.5358, GNorm = 0.2698, lr_0 = 5.1298e-04
Loss = 7.4593e-04, PNorm = 35.5368, GNorm = 0.0988, lr_0 = 5.1178e-04
Loss = 7.0483e-04, PNorm = 35.5373, GNorm = 0.2538, lr_0 = 5.1058e-04
Loss = 8.8396e-04, PNorm = 35.5387, GNorm = 0.3472, lr_0 = 5.0938e-04
Loss = 6.7831e-04, PNorm = 35.5401, GNorm = 0.2239, lr_0 = 5.0818e-04
Loss = 6.9247e-04, PNorm = 35.5416, GNorm = 0.0715, lr_0 = 5.0699e-04
Loss = 5.8269e-04, PNorm = 35.5431, GNorm = 0.1337, lr_0 = 5.0580e-04
Validation mae = nan
Epoch 31
Loss = 4.5093e-04, PNorm = 35.5439, GNorm = 0.0900, lr_0 = 5.0461e-04
Loss = 3.9438e-04, PNorm = 35.5451, GNorm = 0.1112, lr_0 = 5.0343e-04
Loss = 4.5663e-04, PNorm = 35.5465, GNorm = 0.1259, lr_0 = 5.0225e-04
Loss = 5.9734e-04, PNorm = 35.5472, GNorm = 0.1494, lr_0 = 5.0107e-04
Loss = 5.5883e-04, PNorm = 35.5477, GNorm = 0.2038, lr_0 = 4.9989e-04
Loss = 5.1628e-04, PNorm = 35.5483, GNorm = 0.1668, lr_0 = 4.9872e-04
Loss = 6.3522e-04, PNorm = 35.5502, GNorm = 0.2528, lr_0 = 4.9755e-04
Loss = 8.1675e-04, PNorm = 35.5510, GNorm = 0.3074, lr_0 = 4.9638e-04
Loss = 9.6659e-04, PNorm = 35.5524, GNorm = 0.2354, lr_0 = 4.9522e-04
Loss = 5.4573e-04, PNorm = 35.5534, GNorm = 0.2843, lr_0 = 4.9406e-04
Validation mae = nan
Epoch 32
Loss = 6.0510e-04, PNorm = 35.5549, GNorm = 0.0908, lr_0 = 4.9290e-04
Loss = 4.7427e-04, PNorm = 35.5559, GNorm = 0.1218, lr_0 = 4.9174e-04
Loss = 5.9225e-04, PNorm = 35.5585, GNorm = 0.1579, lr_0 = 4.9059e-04
Loss = 3.1433e-04, PNorm = 35.5597, GNorm = 0.0572, lr_0 = 4.8943e-04
Loss = 2.8018e-04, PNorm = 35.5603, GNorm = 0.1095, lr_0 = 4.8829e-04
Loss = 3.5360e-04, PNorm = 35.5614, GNorm = 0.0662, lr_0 = 4.8714e-04
Loss = 4.0880e-04, PNorm = 35.5622, GNorm = 0.1792, lr_0 = 4.8600e-04
Loss = 5.5852e-04, PNorm = 35.5633, GNorm = 0.1724, lr_0 = 4.8486e-04
Loss = 5.6996e-04, PNorm = 35.5643, GNorm = 0.1808, lr_0 = 4.8372e-04
Loss = 5.0087e-04, PNorm = 35.5656, GNorm = 0.3477, lr_0 = 4.8258e-04
Validation mae = nan
Epoch 33
Loss = 5.3072e-04, PNorm = 35.5665, GNorm = 0.2472, lr_0 = 4.8145e-04
Loss = 6.2727e-04, PNorm = 35.5672, GNorm = 0.2287, lr_0 = 4.8032e-04
Loss = 3.7723e-04, PNorm = 35.5683, GNorm = 0.1326, lr_0 = 4.7919e-04
Loss = 3.6607e-04, PNorm = 35.5698, GNorm = 0.1328, lr_0 = 4.7807e-04
Loss = 4.2662e-04, PNorm = 35.5713, GNorm = 0.0957, lr_0 = 4.7695e-04
Loss = 5.2177e-04, PNorm = 35.5725, GNorm = 0.1389, lr_0 = 4.7583e-04
Loss = 9.5559e-04, PNorm = 35.5739, GNorm = 0.1626, lr_0 = 4.7471e-04
Loss = 9.0810e-04, PNorm = 35.5750, GNorm = 0.1064, lr_0 = 4.7360e-04
Loss = 6.5328e-04, PNorm = 35.5757, GNorm = 0.0796, lr_0 = 4.7248e-04
Loss = 4.7630e-04, PNorm = 35.5771, GNorm = 0.1321, lr_0 = 4.7138e-04
Validation mae = nan
Epoch 34
Loss = 4.6773e-04, PNorm = 35.5781, GNorm = 0.0929, lr_0 = 4.7027e-04
Loss = 3.9897e-04, PNorm = 35.5795, GNorm = 0.0506, lr_0 = 4.6917e-04
Loss = 4.9296e-04, PNorm = 35.5804, GNorm = 0.0921, lr_0 = 4.6806e-04
Loss = 4.8915e-04, PNorm = 35.5812, GNorm = 0.3431, lr_0 = 4.6697e-04
Loss = 5.7236e-04, PNorm = 35.5824, GNorm = 0.1025, lr_0 = 4.6587e-04
Loss = 4.7496e-04, PNorm = 35.5830, GNorm = 0.2750, lr_0 = 4.6478e-04
Loss = 5.1850e-04, PNorm = 35.5840, GNorm = 0.1656, lr_0 = 4.6369e-04
Loss = 6.3457e-04, PNorm = 35.5847, GNorm = 0.2405, lr_0 = 4.6260e-04
Loss = 4.8911e-04, PNorm = 35.5852, GNorm = 0.2253, lr_0 = 4.6151e-04
Loss = 5.8667e-04, PNorm = 35.5862, GNorm = 0.0821, lr_0 = 4.6043e-04
Validation mae = nan
Epoch 35
Loss = 3.9917e-04, PNorm = 35.5881, GNorm = 0.0811, lr_0 = 4.5935e-04
Loss = 4.2036e-04, PNorm = 35.5892, GNorm = 0.0880, lr_0 = 4.5827e-04
Loss = 4.6376e-04, PNorm = 35.5901, GNorm = 0.1286, lr_0 = 4.5720e-04
Loss = 4.6214e-04, PNorm = 35.5910, GNorm = 0.1626, lr_0 = 4.5612e-04
Loss = 3.2237e-04, PNorm = 35.5921, GNorm = 0.1108, lr_0 = 4.5505e-04
Loss = 2.8892e-04, PNorm = 35.5930, GNorm = 0.0834, lr_0 = 4.5398e-04
Loss = 5.1612e-04, PNorm = 35.5946, GNorm = 0.2005, lr_0 = 4.5292e-04
Loss = 6.6630e-04, PNorm = 35.5954, GNorm = 0.1106, lr_0 = 4.5186e-04
Loss = 5.7937e-04, PNorm = 35.5961, GNorm = 0.2130, lr_0 = 4.5080e-04
Loss = 5.7612e-04, PNorm = 35.5968, GNorm = 0.0716, lr_0 = 4.4974e-04
Validation mae = nan
Epoch 36
Loss = 6.2321e-04, PNorm = 35.5977, GNorm = 0.5532, lr_0 = 4.4868e-04
Loss = 1.0802e-03, PNorm = 35.5986, GNorm = 0.3958, lr_0 = 4.4763e-04
Loss = 6.5993e-04, PNorm = 35.6002, GNorm = 0.1339, lr_0 = 4.4658e-04
Loss = 4.3830e-04, PNorm = 35.6011, GNorm = 0.2435, lr_0 = 4.4553e-04
Loss = 4.2771e-04, PNorm = 35.6019, GNorm = 0.0512, lr_0 = 4.4449e-04
Loss = 4.3702e-04, PNorm = 35.6027, GNorm = 0.2392, lr_0 = 4.4344e-04
Loss = 3.5614e-04, PNorm = 35.6037, GNorm = 0.1196, lr_0 = 4.4240e-04
Loss = 3.9784e-04, PNorm = 35.6050, GNorm = 0.1106, lr_0 = 4.4136e-04
Loss = 3.6219e-04, PNorm = 35.6062, GNorm = 0.2036, lr_0 = 4.4033e-04
Loss = 4.3395e-04, PNorm = 35.6073, GNorm = 0.1544, lr_0 = 4.3929e-04
Validation mae = nan
Epoch 37
Loss = 3.5565e-04, PNorm = 35.6082, GNorm = 0.2290, lr_0 = 4.3826e-04
Loss = 6.3527e-04, PNorm = 35.6095, GNorm = 0.3122, lr_0 = 4.3723e-04
Loss = 6.2876e-04, PNorm = 35.6101, GNorm = 0.1818, lr_0 = 4.3621e-04
Loss = 4.0448e-04, PNorm = 35.6105, GNorm = 0.2763, lr_0 = 4.3518e-04
Loss = 4.5088e-04, PNorm = 35.6112, GNorm = 0.0503, lr_0 = 4.3416e-04
Loss = 4.1200e-04, PNorm = 35.6128, GNorm = 0.0958, lr_0 = 4.3314e-04
Loss = 4.7636e-04, PNorm = 35.6136, GNorm = 0.0707, lr_0 = 4.3213e-04
Loss = 3.8777e-04, PNorm = 35.6140, GNorm = 0.1474, lr_0 = 4.3111e-04
Loss = 6.2825e-04, PNorm = 35.6149, GNorm = 0.2964, lr_0 = 4.3010e-04
Loss = 5.3789e-04, PNorm = 35.6162, GNorm = 0.1526, lr_0 = 4.2909e-04
Validation mae = nan
Epoch 38
Loss = 3.8043e-04, PNorm = 35.6170, GNorm = 0.2857, lr_0 = 4.2809e-04
Loss = 3.9568e-04, PNorm = 35.6181, GNorm = 0.1136, lr_0 = 4.2708e-04
Loss = 4.1088e-04, PNorm = 35.6198, GNorm = 0.1149, lr_0 = 4.2608e-04
Loss = 4.8919e-04, PNorm = 35.6209, GNorm = 0.2111, lr_0 = 4.2508e-04
Loss = 5.2611e-04, PNorm = 35.6219, GNorm = 0.2226, lr_0 = 4.2408e-04
Loss = 1.1830e-03, PNorm = 35.6239, GNorm = 0.3825, lr_0 = 4.2309e-04
Loss = 1.8338e-03, PNorm = 35.6244, GNorm = 0.4135, lr_0 = 4.2209e-04
Loss = 1.5087e-03, PNorm = 35.6251, GNorm = 0.3780, lr_0 = 4.2110e-04
Loss = 1.2467e-03, PNorm = 35.6265, GNorm = 0.1598, lr_0 = 4.2011e-04
Loss = 8.8155e-04, PNorm = 35.6283, GNorm = 0.1945, lr_0 = 4.1913e-04
Validation mae = nan
Epoch 39
Loss = 7.9439e-04, PNorm = 35.6298, GNorm = 0.1003, lr_0 = 4.1814e-04
Loss = 7.7349e-04, PNorm = 35.6309, GNorm = 0.3765, lr_0 = 4.1716e-04
Loss = 9.2483e-04, PNorm = 35.6320, GNorm = 0.3391, lr_0 = 4.1618e-04
Loss = 1.6825e-03, PNorm = 35.6339, GNorm = 0.3865, lr_0 = 4.1521e-04
Loss = 1.4136e-03, PNorm = 35.6350, GNorm = 0.1191, lr_0 = 4.1423e-04
Loss = 1.8230e-03, PNorm = 35.6361, GNorm = 0.4144, lr_0 = 4.1326e-04
Loss = 1.4971e-03, PNorm = 35.6367, GNorm = 0.2716, lr_0 = 4.1229e-04
Loss = 1.3280e-03, PNorm = 35.6374, GNorm = 0.2414, lr_0 = 4.1132e-04
Loss = 1.1806e-03, PNorm = 35.6387, GNorm = 0.3123, lr_0 = 4.1036e-04
Loss = 1.8843e-03, PNorm = 35.6408, GNorm = 0.4362, lr_0 = 4.0940e-04
Validation mae = nan
Epoch 40
Loss = 1.7305e-03, PNorm = 35.6432, GNorm = 0.3427, lr_0 = 4.0843e-04
Loss = 1.2254e-03, PNorm = 35.6460, GNorm = 0.2502, lr_0 = 4.0748e-04
Loss = 1.2717e-03, PNorm = 35.6472, GNorm = 0.1917, lr_0 = 4.0652e-04
Loss = 1.2062e-03, PNorm = 35.6493, GNorm = 0.1673, lr_0 = 4.0557e-04
Loss = 8.6604e-04, PNorm = 35.6508, GNorm = 0.0493, lr_0 = 4.0461e-04
Loss = 5.4157e-04, PNorm = 35.6517, GNorm = 0.1042, lr_0 = 4.0366e-04
Loss = 6.5825e-04, PNorm = 35.6526, GNorm = 0.1474, lr_0 = 4.0272e-04
Loss = 3.9901e-04, PNorm = 35.6531, GNorm = 0.1132, lr_0 = 4.0177e-04
Loss = 4.0250e-04, PNorm = 35.6535, GNorm = 0.1389, lr_0 = 4.0083e-04
Loss = 5.1173e-04, PNorm = 35.6549, GNorm = 0.2114, lr_0 = 3.9989e-04
Validation mae = nan
Epoch 41
Loss = 3.3524e-04, PNorm = 35.6558, GNorm = 0.0965, lr_0 = 3.9895e-04
Loss = 2.9702e-04, PNorm = 35.6565, GNorm = 0.0696, lr_0 = 3.9801e-04
Loss = 4.1383e-04, PNorm = 35.6575, GNorm = 0.2654, lr_0 = 3.9708e-04
Loss = 5.3464e-04, PNorm = 35.6583, GNorm = 0.1154, lr_0 = 3.9615e-04
Loss = 5.8320e-04, PNorm = 35.6586, GNorm = 0.2719, lr_0 = 3.9522e-04
Loss = 3.3576e-04, PNorm = 35.6600, GNorm = 0.0619, lr_0 = 3.9429e-04
Loss = 3.2467e-04, PNorm = 35.6608, GNorm = 0.1694, lr_0 = 3.9337e-04
Loss = 2.7269e-04, PNorm = 35.6614, GNorm = 0.0628, lr_0 = 3.9244e-04
Loss = 3.5051e-04, PNorm = 35.6620, GNorm = 0.2323, lr_0 = 3.9152e-04
Loss = 6.2851e-04, PNorm = 35.6632, GNorm = 0.2025, lr_0 = 3.9060e-04
Validation mae = nan
Epoch 42
Loss = 5.3068e-04, PNorm = 35.6647, GNorm = 0.0834, lr_0 = 3.8969e-04
Loss = 4.6118e-04, PNorm = 35.6659, GNorm = 0.0749, lr_0 = 3.8877e-04
Loss = 4.2132e-04, PNorm = 35.6670, GNorm = 0.0684, lr_0 = 3.8786e-04
Loss = 4.3476e-04, PNorm = 35.6680, GNorm = 0.0947, lr_0 = 3.8695e-04
Loss = 4.2599e-04, PNorm = 35.6685, GNorm = 0.1388, lr_0 = 3.8604e-04
Loss = 3.8708e-04, PNorm = 35.6692, GNorm = 0.1881, lr_0 = 3.8513e-04
Loss = 4.2631e-04, PNorm = 35.6707, GNorm = 0.2910, lr_0 = 3.8423e-04
Loss = 4.0752e-04, PNorm = 35.6717, GNorm = 0.1497, lr_0 = 3.8333e-04
Loss = 3.7194e-04, PNorm = 35.6723, GNorm = 0.2214, lr_0 = 3.8243e-04
Loss = 5.1586e-04, PNorm = 35.6721, GNorm = 0.2299, lr_0 = 3.8153e-04
Validation mae = nan
Epoch 43
Loss = 3.5361e-04, PNorm = 35.6724, GNorm = 0.0693, lr_0 = 3.8064e-04
Loss = 3.6145e-04, PNorm = 35.6733, GNorm = 0.1142, lr_0 = 3.7974e-04
Loss = 3.4384e-04, PNorm = 35.6747, GNorm = 0.2045, lr_0 = 3.7885e-04
Loss = 5.4709e-04, PNorm = 35.6760, GNorm = 0.3117, lr_0 = 3.7796e-04
Loss = 5.4608e-04, PNorm = 35.6757, GNorm = 0.2554, lr_0 = 3.7708e-04
Loss = 5.2004e-04, PNorm = 35.6762, GNorm = 0.2016, lr_0 = 3.7619e-04
Loss = 7.1006e-04, PNorm = 35.6770, GNorm = 0.1100, lr_0 = 3.7531e-04
Loss = 7.8279e-04, PNorm = 35.6771, GNorm = 0.5225, lr_0 = 3.7443e-04
Loss = 1.1639e-03, PNorm = 35.6781, GNorm = 0.2544, lr_0 = 3.7355e-04
Loss = 7.9253e-04, PNorm = 35.6788, GNorm = 0.2333, lr_0 = 3.7267e-04
Validation mae = nan
Epoch 44
Loss = 8.1302e-04, PNorm = 35.6797, GNorm = 0.4356, lr_0 = 3.7180e-04
Loss = 1.9319e-03, PNorm = 35.6807, GNorm = 0.2227, lr_0 = 3.7092e-04
Loss = 2.0522e-03, PNorm = 35.6816, GNorm = 0.6372, lr_0 = 3.7005e-04
Loss = 8.9203e-04, PNorm = 35.6837, GNorm = 0.3583, lr_0 = 3.6919e-04
Loss = 9.7169e-04, PNorm = 35.6852, GNorm = 0.2442, lr_0 = 3.6832e-04
Loss = 5.1636e-04, PNorm = 35.6862, GNorm = 0.1011, lr_0 = 3.6745e-04
Loss = 5.3261e-04, PNorm = 35.6871, GNorm = 0.0957, lr_0 = 3.6659e-04
Loss = 8.0071e-04, PNorm = 35.6890, GNorm = 0.2627, lr_0 = 3.6573e-04
Loss = 5.4322e-04, PNorm = 35.6914, GNorm = 0.1584, lr_0 = 3.6487e-04
Loss = 5.8906e-04, PNorm = 35.6927, GNorm = 0.1711, lr_0 = 3.6402e-04
Validation mae = nan
Epoch 45
Loss = 4.0224e-04, PNorm = 35.6938, GNorm = 0.0670, lr_0 = 3.6316e-04
Loss = 3.4227e-04, PNorm = 35.6947, GNorm = 0.1142, lr_0 = 3.6231e-04
Loss = 4.1077e-04, PNorm = 35.6956, GNorm = 0.0688, lr_0 = 3.6146e-04
Loss = 3.6052e-04, PNorm = 35.6966, GNorm = 0.1519, lr_0 = 3.6061e-04
Loss = 3.5183e-04, PNorm = 35.6973, GNorm = 0.1425, lr_0 = 3.5977e-04
Loss = 2.7500e-04, PNorm = 35.6981, GNorm = 0.1534, lr_0 = 3.5892e-04
Loss = 4.2504e-04, PNorm = 35.6990, GNorm = 0.1071, lr_0 = 3.5808e-04
Loss = 4.3656e-04, PNorm = 35.7002, GNorm = 0.3513, lr_0 = 3.5724e-04
Loss = 4.0679e-04, PNorm = 35.7010, GNorm = 0.1292, lr_0 = 3.5640e-04
Loss = 4.8267e-04, PNorm = 35.7013, GNorm = 0.0791, lr_0 = 3.5556e-04
Validation mae = nan
Epoch 46
Loss = 3.4608e-04, PNorm = 35.7025, GNorm = 0.0924, lr_0 = 3.5473e-04
Loss = 2.4054e-04, PNorm = 35.7036, GNorm = 0.0603, lr_0 = 3.5390e-04
Loss = 2.6874e-04, PNorm = 35.7044, GNorm = 0.1311, lr_0 = 3.5307e-04
Loss = 3.0958e-04, PNorm = 35.7053, GNorm = 0.0378, lr_0 = 3.5224e-04
Loss = 3.3380e-04, PNorm = 35.7063, GNorm = 0.1713, lr_0 = 3.5141e-04
Loss = 3.5405e-04, PNorm = 35.7066, GNorm = 0.1909, lr_0 = 3.5059e-04
Loss = 2.7891e-04, PNorm = 35.7075, GNorm = 0.1023, lr_0 = 3.4976e-04
Loss = 3.5602e-04, PNorm = 35.7088, GNorm = 0.1341, lr_0 = 3.4894e-04
Loss = 2.8601e-04, PNorm = 35.7097, GNorm = 0.1103, lr_0 = 3.4812e-04
Loss = 2.3708e-04, PNorm = 35.7107, GNorm = 0.0660, lr_0 = 3.4731e-04
Validation mae = nan
Epoch 47
Loss = 2.7787e-04, PNorm = 35.7114, GNorm = 0.0542, lr_0 = 3.4649e-04
Loss = 2.5804e-04, PNorm = 35.7121, GNorm = 0.0827, lr_0 = 3.4568e-04
Loss = 2.4630e-04, PNorm = 35.7130, GNorm = 0.0701, lr_0 = 3.4487e-04
Loss = 2.4928e-04, PNorm = 35.7141, GNorm = 0.0894, lr_0 = 3.4406e-04
Loss = 2.9807e-04, PNorm = 35.7155, GNorm = 0.0309, lr_0 = 3.4325e-04
Loss = 2.3970e-04, PNorm = 35.7163, GNorm = 0.0625, lr_0 = 3.4245e-04
Loss = 2.7185e-04, PNorm = 35.7169, GNorm = 0.0435, lr_0 = 3.4164e-04
Loss = 3.6948e-04, PNorm = 35.7179, GNorm = 0.1616, lr_0 = 3.4084e-04
Loss = 3.5385e-04, PNorm = 35.7190, GNorm = 0.1564, lr_0 = 3.4004e-04
Loss = 3.4366e-04, PNorm = 35.7195, GNorm = 0.2127, lr_0 = 3.3924e-04
Validation mae = nan
Epoch 48
Loss = 2.7867e-04, PNorm = 35.7196, GNorm = 0.0586, lr_0 = 3.3845e-04
Loss = 3.4670e-04, PNorm = 35.7201, GNorm = 0.1661, lr_0 = 3.3765e-04
Loss = 2.6197e-04, PNorm = 35.7202, GNorm = 0.1051, lr_0 = 3.3686e-04
Loss = 2.9834e-04, PNorm = 35.7213, GNorm = 0.0852, lr_0 = 3.3607e-04
Loss = 3.5714e-04, PNorm = 35.7225, GNorm = 0.1970, lr_0 = 3.3528e-04
Loss = 7.1506e-04, PNorm = 35.7237, GNorm = 0.3118, lr_0 = 3.3449e-04
Loss = 4.7299e-04, PNorm = 35.7245, GNorm = 0.3047, lr_0 = 3.3371e-04
Loss = 4.7513e-04, PNorm = 35.7262, GNorm = 0.0512, lr_0 = 3.3293e-04
Loss = 5.7605e-04, PNorm = 35.7275, GNorm = 0.2176, lr_0 = 3.3214e-04
Loss = 6.7845e-04, PNorm = 35.7280, GNorm = 0.1492, lr_0 = 3.3136e-04
Validation mae = nan
Epoch 49
Loss = 5.5345e-04, PNorm = 35.7293, GNorm = 0.1361, lr_0 = 3.3059e-04
Loss = 5.6407e-04, PNorm = 35.7307, GNorm = 0.2398, lr_0 = 3.2981e-04
Loss = 7.3770e-04, PNorm = 35.7319, GNorm = 0.0478, lr_0 = 3.2904e-04
Loss = 8.0164e-04, PNorm = 35.7333, GNorm = 0.2073, lr_0 = 3.2826e-04
Loss = 5.5888e-04, PNorm = 35.7345, GNorm = 0.2333, lr_0 = 3.2749e-04
Loss = 5.0453e-04, PNorm = 35.7354, GNorm = 0.1217, lr_0 = 3.2673e-04
Loss = 4.0196e-04, PNorm = 35.7370, GNorm = 0.1345, lr_0 = 3.2596e-04
Loss = 3.0968e-04, PNorm = 35.7379, GNorm = 0.0381, lr_0 = 3.2519e-04
Loss = 2.6462e-04, PNorm = 35.7386, GNorm = 0.0921, lr_0 = 3.2443e-04
Loss = 3.0179e-04, PNorm = 35.7391, GNorm = 0.1028, lr_0 = 3.2367e-04
Validation mae = nan
Epoch 50
Loss = 5.6363e-04, PNorm = 35.7402, GNorm = 0.1528, lr_0 = 3.2291e-04
Loss = 4.9087e-04, PNorm = 35.7412, GNorm = 0.2296, lr_0 = 3.2215e-04
Loss = 4.1870e-04, PNorm = 35.7412, GNorm = 0.2352, lr_0 = 3.2140e-04
Loss = 5.1468e-04, PNorm = 35.7422, GNorm = 0.2891, lr_0 = 3.2064e-04
Loss = 4.2262e-04, PNorm = 35.7430, GNorm = 0.0647, lr_0 = 3.1989e-04
Loss = 4.0717e-04, PNorm = 35.7440, GNorm = 0.0457, lr_0 = 3.1914e-04
Loss = 2.5611e-04, PNorm = 35.7455, GNorm = 0.0680, lr_0 = 3.1839e-04
Loss = 3.5580e-04, PNorm = 35.7462, GNorm = 0.1795, lr_0 = 3.1764e-04
Loss = 3.0319e-04, PNorm = 35.7472, GNorm = 0.0783, lr_0 = 3.1690e-04
Loss = 2.8522e-04, PNorm = 35.7485, GNorm = 0.0595, lr_0 = 3.1615e-04
Validation mae = nan
Epoch 51
Loss = 2.3591e-04, PNorm = 35.7488, GNorm = 0.1145, lr_0 = 3.1541e-04
Loss = 2.4527e-04, PNorm = 35.7493, GNorm = 0.1059, lr_0 = 3.1467e-04
Loss = 3.5302e-04, PNorm = 35.7498, GNorm = 0.2288, lr_0 = 3.1393e-04
Loss = 2.9276e-04, PNorm = 35.7508, GNorm = 0.0306, lr_0 = 3.1320e-04
Loss = 2.1144e-04, PNorm = 35.7519, GNorm = 0.0930, lr_0 = 3.1246e-04
Loss = 2.5943e-04, PNorm = 35.7527, GNorm = 0.0855, lr_0 = 3.1173e-04
Loss = 2.7724e-04, PNorm = 35.7533, GNorm = 0.1282, lr_0 = 3.1100e-04
Loss = 3.3759e-04, PNorm = 35.7542, GNorm = 0.0571, lr_0 = 3.1027e-04
Loss = 4.2087e-04, PNorm = 35.7547, GNorm = 0.3755, lr_0 = 3.0954e-04
Loss = 6.3286e-04, PNorm = 35.7553, GNorm = 0.1226, lr_0 = 3.0881e-04
Validation mae = nan
Epoch 52
Loss = 5.7479e-04, PNorm = 35.7563, GNorm = 0.0905, lr_0 = 3.0809e-04
Loss = 5.6957e-04, PNorm = 35.7574, GNorm = 0.1367, lr_0 = 3.0736e-04
Loss = 4.4358e-04, PNorm = 35.7579, GNorm = 0.1712, lr_0 = 3.0664e-04
Loss = 4.2387e-04, PNorm = 35.7583, GNorm = 0.1290, lr_0 = 3.0592e-04
Loss = 2.9193e-04, PNorm = 35.7586, GNorm = 0.0387, lr_0 = 3.0521e-04
Loss = 2.5480e-04, PNorm = 35.7593, GNorm = 0.0591, lr_0 = 3.0449e-04
Loss = 3.0747e-04, PNorm = 35.7598, GNorm = 0.2740, lr_0 = 3.0377e-04
Loss = 5.2576e-04, PNorm = 35.7600, GNorm = 0.1488, lr_0 = 3.0306e-04
Loss = 4.6880e-04, PNorm = 35.7608, GNorm = 0.2107, lr_0 = 3.0235e-04
Loss = 3.7942e-04, PNorm = 35.7618, GNorm = 0.1222, lr_0 = 3.0164e-04
Validation mae = nan
Epoch 53
Loss = 3.2375e-04, PNorm = 35.7628, GNorm = 0.1140, lr_0 = 3.0093e-04
Loss = 2.7299e-04, PNorm = 35.7634, GNorm = 0.1247, lr_0 = 3.0023e-04
Loss = 2.1696e-04, PNorm = 35.7645, GNorm = 0.0411, lr_0 = 2.9952e-04
Loss = 2.4075e-04, PNorm = 35.7652, GNorm = 0.0724, lr_0 = 2.9882e-04
Loss = 2.0268e-04, PNorm = 35.7659, GNorm = 0.0446, lr_0 = 2.9812e-04
Loss = 1.9663e-04, PNorm = 35.7663, GNorm = 0.0509, lr_0 = 2.9742e-04
Loss = 1.8185e-04, PNorm = 35.7669, GNorm = 0.1018, lr_0 = 2.9672e-04
Loss = 4.3889e-04, PNorm = 35.7678, GNorm = 0.3292, lr_0 = 2.9602e-04
Loss = 5.3417e-04, PNorm = 35.7686, GNorm = 0.1785, lr_0 = 2.9533e-04
Loss = 3.2947e-04, PNorm = 35.7698, GNorm = 0.1933, lr_0 = 2.9464e-04
Validation mae = nan
Epoch 54
Loss = 2.5126e-04, PNorm = 35.7701, GNorm = 0.1188, lr_0 = 2.9394e-04
Loss = 2.5079e-04, PNorm = 35.7709, GNorm = 0.0975, lr_0 = 2.9325e-04
Loss = 3.2405e-04, PNorm = 35.7718, GNorm = 0.0730, lr_0 = 2.9257e-04
Loss = 3.9387e-04, PNorm = 35.7729, GNorm = 0.1872, lr_0 = 2.9188e-04
Loss = 2.8269e-04, PNorm = 35.7735, GNorm = 0.0750, lr_0 = 2.9119e-04
Loss = 3.5603e-04, PNorm = 35.7742, GNorm = 0.2106, lr_0 = 2.9051e-04
Loss = 3.2588e-04, PNorm = 35.7751, GNorm = 0.1494, lr_0 = 2.8983e-04
Loss = 3.0479e-04, PNorm = 35.7757, GNorm = 0.1045, lr_0 = 2.8915e-04
Loss = 3.7277e-04, PNorm = 35.7766, GNorm = 0.1286, lr_0 = 2.8847e-04
Loss = 3.8369e-04, PNorm = 35.7776, GNorm = 0.1243, lr_0 = 2.8779e-04
Validation mae = nan
Epoch 55
Loss = 3.2905e-04, PNorm = 35.7790, GNorm = 0.1763, lr_0 = 2.8712e-04
Loss = 3.0649e-04, PNorm = 35.7801, GNorm = 0.0875, lr_0 = 2.8644e-04
Loss = 2.9342e-04, PNorm = 35.7812, GNorm = 0.0964, lr_0 = 2.8577e-04
Loss = 2.4272e-04, PNorm = 35.7820, GNorm = 0.0885, lr_0 = 2.8510e-04
Loss = 3.2764e-04, PNorm = 35.7823, GNorm = 0.0984, lr_0 = 2.8443e-04
Loss = 3.4542e-04, PNorm = 35.7832, GNorm = 0.2346, lr_0 = 2.8377e-04
Loss = 2.4364e-04, PNorm = 35.7839, GNorm = 0.0414, lr_0 = 2.8310e-04
Loss = 2.6454e-04, PNorm = 35.7846, GNorm = 0.1792, lr_0 = 2.8243e-04
Loss = 3.2577e-04, PNorm = 35.7849, GNorm = 0.1145, lr_0 = 2.8177e-04
Loss = 2.8253e-04, PNorm = 35.7853, GNorm = 0.1530, lr_0 = 2.8111e-04
Validation mae = nan
Epoch 56
Loss = 4.6546e-04, PNorm = 35.7863, GNorm = 0.4171, lr_0 = 2.8045e-04
Loss = 7.6838e-04, PNorm = 35.7880, GNorm = 0.2743, lr_0 = 2.7979e-04
Loss = 1.0314e-03, PNorm = 35.7896, GNorm = 0.2651, lr_0 = 2.7914e-04
Loss = 1.0620e-03, PNorm = 35.7908, GNorm = 0.2477, lr_0 = 2.7848e-04
Loss = 4.9521e-04, PNorm = 35.7917, GNorm = 0.1370, lr_0 = 2.7783e-04
Loss = 2.9589e-04, PNorm = 35.7932, GNorm = 0.1063, lr_0 = 2.7718e-04
Loss = 4.0106e-04, PNorm = 35.7939, GNorm = 0.1645, lr_0 = 2.7653e-04
Loss = 3.7859e-04, PNorm = 35.7945, GNorm = 0.0922, lr_0 = 2.7588e-04
Loss = 4.0416e-04, PNorm = 35.7951, GNorm = 0.1347, lr_0 = 2.7523e-04
Loss = 5.9093e-04, PNorm = 35.7958, GNorm = 0.3845, lr_0 = 2.7458e-04
Validation mae = nan
Epoch 57
Loss = 5.6044e-04, PNorm = 35.7959, GNorm = 0.1779, lr_0 = 2.7394e-04
Loss = 2.8586e-04, PNorm = 35.7964, GNorm = 0.0547, lr_0 = 2.7330e-04
Loss = 2.4853e-04, PNorm = 35.7976, GNorm = 0.1037, lr_0 = 2.7265e-04
Loss = 3.1949e-04, PNorm = 35.7987, GNorm = 0.1729, lr_0 = 2.7201e-04
Loss = 2.3123e-04, PNorm = 35.7993, GNorm = 0.1721, lr_0 = 2.7138e-04
Loss = 4.0553e-04, PNorm = 35.7998, GNorm = 0.2712, lr_0 = 2.7074e-04
Loss = 5.5280e-04, PNorm = 35.8001, GNorm = 0.2069, lr_0 = 2.7010e-04
Loss = 4.8232e-04, PNorm = 35.8005, GNorm = 0.0996, lr_0 = 2.6947e-04
Loss = 5.2477e-04, PNorm = 35.8013, GNorm = 0.3658, lr_0 = 2.6884e-04
Loss = 3.3269e-04, PNorm = 35.8024, GNorm = 0.1172, lr_0 = 2.6821e-04
Validation mae = nan
Epoch 58
Loss = 2.4299e-04, PNorm = 35.8026, GNorm = 0.1369, lr_0 = 2.6758e-04
Loss = 2.1519e-04, PNorm = 35.8032, GNorm = 0.1421, lr_0 = 2.6695e-04
Loss = 2.3025e-04, PNorm = 35.8044, GNorm = 0.0581, lr_0 = 2.6632e-04
Loss = 2.5732e-04, PNorm = 35.8054, GNorm = 0.1152, lr_0 = 2.6570e-04
Loss = 3.0193e-04, PNorm = 35.8065, GNorm = 0.0973, lr_0 = 2.6507e-04
Loss = 2.0824e-04, PNorm = 35.8072, GNorm = 0.0876, lr_0 = 2.6445e-04
Loss = 2.4696e-04, PNorm = 35.8076, GNorm = 0.1144, lr_0 = 2.6383e-04
Loss = 2.3588e-04, PNorm = 35.8081, GNorm = 0.0970, lr_0 = 2.6321e-04
Loss = 2.5520e-04, PNorm = 35.8084, GNorm = 0.0691, lr_0 = 2.6259e-04
Loss = 2.4170e-04, PNorm = 35.8096, GNorm = 0.1209, lr_0 = 2.6198e-04
Validation mae = nan
Epoch 59
Loss = 2.1005e-04, PNorm = 35.8100, GNorm = 0.0871, lr_0 = 2.6136e-04
Loss = 2.3818e-04, PNorm = 35.8105, GNorm = 0.0847, lr_0 = 2.6075e-04
Loss = 1.8721e-04, PNorm = 35.8113, GNorm = 0.1027, lr_0 = 2.6014e-04
Loss = 2.1192e-04, PNorm = 35.8118, GNorm = 0.0817, lr_0 = 2.5953e-04
Loss = 2.1024e-04, PNorm = 35.8123, GNorm = 0.1176, lr_0 = 2.5892e-04
Loss = 2.5147e-04, PNorm = 35.8126, GNorm = 0.1482, lr_0 = 2.5831e-04
Loss = 1.9606e-04, PNorm = 35.8132, GNorm = 0.1003, lr_0 = 2.5770e-04
Loss = 1.8452e-04, PNorm = 35.8139, GNorm = 0.0205, lr_0 = 2.5710e-04
Loss = 2.4637e-04, PNorm = 35.8143, GNorm = 0.1084, lr_0 = 2.5650e-04
Loss = 2.5695e-04, PNorm = 35.8146, GNorm = 0.0771, lr_0 = 2.5589e-04
Validation mae = nan
Epoch 60
Loss = 2.0249e-04, PNorm = 35.8153, GNorm = 0.0986, lr_0 = 2.5529e-04
Loss = 2.1763e-04, PNorm = 35.8165, GNorm = 0.0656, lr_0 = 2.5469e-04
Loss = 2.2446e-04, PNorm = 35.8172, GNorm = 0.0743, lr_0 = 2.5410e-04
Loss = 2.0535e-04, PNorm = 35.8176, GNorm = 0.1166, lr_0 = 2.5350e-04
Loss = 2.3739e-04, PNorm = 35.8180, GNorm = 0.1139, lr_0 = 2.5291e-04
Loss = 2.0038e-04, PNorm = 35.8189, GNorm = 0.0519, lr_0 = 2.5231e-04
Loss = 2.1461e-04, PNorm = 35.8197, GNorm = 0.1450, lr_0 = 2.5172e-04
Loss = 2.2886e-04, PNorm = 35.8204, GNorm = 0.1918, lr_0 = 2.5113e-04
Loss = 3.3816e-04, PNorm = 35.8207, GNorm = 0.1559, lr_0 = 2.5054e-04
Loss = 4.3812e-04, PNorm = 35.8215, GNorm = 0.2461, lr_0 = 2.4995e-04
Validation mae = nan
Epoch 61
Loss = 4.3911e-04, PNorm = 35.8228, GNorm = 0.1299, lr_0 = 2.4937e-04
Loss = 4.2906e-04, PNorm = 35.8237, GNorm = 0.1898, lr_0 = 2.4878e-04
Loss = 3.5574e-04, PNorm = 35.8245, GNorm = 0.0853, lr_0 = 2.4820e-04
Loss = 5.0936e-04, PNorm = 35.8257, GNorm = 0.0504, lr_0 = 2.4761e-04
Loss = 3.4200e-04, PNorm = 35.8264, GNorm = 0.1099, lr_0 = 2.4703e-04
Loss = 3.9719e-04, PNorm = 35.8274, GNorm = 0.2363, lr_0 = 2.4645e-04
Loss = 5.8215e-04, PNorm = 35.8277, GNorm = 0.1191, lr_0 = 2.4587e-04
Loss = 4.0607e-04, PNorm = 35.8288, GNorm = 0.2411, lr_0 = 2.4530e-04
Loss = 3.8676e-04, PNorm = 35.8291, GNorm = 0.1186, lr_0 = 2.4472e-04
Loss = 4.6206e-04, PNorm = 35.8300, GNorm = 0.0871, lr_0 = 2.4415e-04
Validation mae = nan
Epoch 62
Loss = 3.4896e-04, PNorm = 35.8316, GNorm = 0.1845, lr_0 = 2.4357e-04
Loss = 3.7246e-04, PNorm = 35.8324, GNorm = 0.2393, lr_0 = 2.4300e-04
Loss = 3.2036e-04, PNorm = 35.8335, GNorm = 0.1288, lr_0 = 2.4243e-04
Loss = 2.8140e-04, PNorm = 35.8340, GNorm = 0.1235, lr_0 = 2.4186e-04
Loss = 2.5257e-04, PNorm = 35.8344, GNorm = 0.1619, lr_0 = 2.4130e-04
Loss = 2.1650e-04, PNorm = 35.8352, GNorm = 0.0955, lr_0 = 2.4073e-04
Loss = 2.6567e-04, PNorm = 35.8359, GNorm = 0.1807, lr_0 = 2.4017e-04
Loss = 2.4521e-04, PNorm = 35.8369, GNorm = 0.0515, lr_0 = 2.3960e-04
Loss = 1.9577e-04, PNorm = 35.8373, GNorm = 0.0839, lr_0 = 2.3904e-04
Loss = 2.5044e-04, PNorm = 35.8383, GNorm = 0.0397, lr_0 = 2.3848e-04
Validation mae = nan
Epoch 63
Loss = 2.3174e-04, PNorm = 35.8389, GNorm = 0.0823, lr_0 = 2.3792e-04
Loss = 2.4860e-04, PNorm = 35.8396, GNorm = 0.1631, lr_0 = 2.3736e-04
Loss = 2.6826e-04, PNorm = 35.8402, GNorm = 0.0992, lr_0 = 2.3680e-04
Loss = 1.9581e-04, PNorm = 35.8411, GNorm = 0.0729, lr_0 = 2.3625e-04
Loss = 2.5337e-04, PNorm = 35.8422, GNorm = 0.1753, lr_0 = 2.3569e-04
Loss = 2.2121e-04, PNorm = 35.8429, GNorm = 0.0950, lr_0 = 2.3514e-04
Loss = 4.1777e-04, PNorm = 35.8438, GNorm = 0.2943, lr_0 = 2.3459e-04
Loss = 3.9733e-04, PNorm = 35.8443, GNorm = 0.1449, lr_0 = 2.3404e-04
Loss = 3.7031e-04, PNorm = 35.8452, GNorm = 0.1654, lr_0 = 2.3349e-04
Loss = 2.8089e-04, PNorm = 35.8462, GNorm = 0.1297, lr_0 = 2.3294e-04
Validation mae = nan
Epoch 64
Loss = 2.7443e-04, PNorm = 35.8468, GNorm = 0.1637, lr_0 = 2.3239e-04
Loss = 2.4541e-04, PNorm = 35.8473, GNorm = 0.1859, lr_0 = 2.3185e-04
Loss = 2.3341e-04, PNorm = 35.8480, GNorm = 0.0476, lr_0 = 2.3130e-04
Loss = 2.6546e-04, PNorm = 35.8487, GNorm = 0.1083, lr_0 = 2.3076e-04
Loss = 3.4210e-04, PNorm = 35.8489, GNorm = 0.3317, lr_0 = 2.3022e-04
Loss = 3.1435e-04, PNorm = 35.8495, GNorm = 0.0435, lr_0 = 2.2968e-04
Loss = 4.1466e-04, PNorm = 35.8505, GNorm = 0.1322, lr_0 = 2.2914e-04
Loss = 2.0679e-04, PNorm = 35.8512, GNorm = 0.1162, lr_0 = 2.2860e-04
Loss = 2.0637e-04, PNorm = 35.8518, GNorm = 0.1325, lr_0 = 2.2807e-04
Loss = 2.9996e-04, PNorm = 35.8526, GNorm = 0.1474, lr_0 = 2.2753e-04
Validation mae = nan
Epoch 65
Loss = 2.4554e-04, PNorm = 35.8534, GNorm = 0.1136, lr_0 = 2.2700e-04
Loss = 1.8441e-04, PNorm = 35.8537, GNorm = 0.1398, lr_0 = 2.2646e-04
Loss = 2.0090e-04, PNorm = 35.8541, GNorm = 0.1335, lr_0 = 2.2593e-04
Loss = 2.4493e-04, PNorm = 35.8548, GNorm = 0.0658, lr_0 = 2.2540e-04
Loss = 2.8542e-04, PNorm = 35.8550, GNorm = 0.1201, lr_0 = 2.2487e-04
Loss = 4.8248e-04, PNorm = 35.8556, GNorm = 0.0543, lr_0 = 2.2435e-04
Loss = 6.9811e-04, PNorm = 35.8567, GNorm = 0.0833, lr_0 = 2.2382e-04
Loss = 4.7311e-04, PNorm = 35.8568, GNorm = 0.2084, lr_0 = 2.2329e-04
Loss = 3.2540e-04, PNorm = 35.8568, GNorm = 0.0745, lr_0 = 2.2277e-04
Loss = 2.0849e-04, PNorm = 35.8575, GNorm = 0.0815, lr_0 = 2.2225e-04
Validation mae = nan
Epoch 66
Loss = 2.1037e-04, PNorm = 35.8587, GNorm = 0.1323, lr_0 = 2.2173e-04
Loss = 1.8550e-04, PNorm = 35.8592, GNorm = 0.1068, lr_0 = 2.2121e-04
Loss = 1.4851e-04, PNorm = 35.8595, GNorm = 0.0548, lr_0 = 2.2069e-04
Loss = 2.4697e-04, PNorm = 35.8598, GNorm = 0.1647, lr_0 = 2.2017e-04
Loss = 2.6072e-04, PNorm = 35.8599, GNorm = 0.1699, lr_0 = 2.1965e-04
Loss = 3.1913e-04, PNorm = 35.8605, GNorm = 0.1645, lr_0 = 2.1914e-04
Loss = 2.7804e-04, PNorm = 35.8608, GNorm = 0.0848, lr_0 = 2.1862e-04
Loss = 2.8462e-04, PNorm = 35.8612, GNorm = 0.1873, lr_0 = 2.1811e-04
Loss = 2.6545e-04, PNorm = 35.8617, GNorm = 0.0858, lr_0 = 2.1760e-04
Loss = 3.1167e-04, PNorm = 35.8626, GNorm = 0.0729, lr_0 = 2.1709e-04
Validation mae = nan
Epoch 67
Loss = 4.3913e-04, PNorm = 35.8636, GNorm = 0.2797, lr_0 = 2.1658e-04
Loss = 2.7284e-04, PNorm = 35.8644, GNorm = 0.0943, lr_0 = 2.1607e-04
Loss = 6.3982e-04, PNorm = 35.8657, GNorm = 0.3522, lr_0 = 2.1556e-04
Loss = 5.2310e-04, PNorm = 35.8668, GNorm = 0.1474, lr_0 = 2.1506e-04
Loss = 3.0884e-04, PNorm = 35.8671, GNorm = 0.1020, lr_0 = 2.1455e-04
Loss = 3.1094e-04, PNorm = 35.8676, GNorm = 0.0551, lr_0 = 2.1405e-04
Loss = 2.1993e-04, PNorm = 35.8680, GNorm = 0.1134, lr_0 = 2.1355e-04
Loss = 2.6566e-04, PNorm = 35.8688, GNorm = 0.0655, lr_0 = 2.1304e-04
Loss = 1.7799e-04, PNorm = 35.8694, GNorm = 0.0622, lr_0 = 2.1254e-04
Loss = 3.3277e-04, PNorm = 35.8701, GNorm = 0.1261, lr_0 = 2.1205e-04
Validation mae = nan
Epoch 68
Loss = 3.3264e-04, PNorm = 35.8710, GNorm = 0.2879, lr_0 = 2.1155e-04
Loss = 7.5179e-04, PNorm = 35.8719, GNorm = 0.3691, lr_0 = 2.1105e-04
Loss = 6.3998e-04, PNorm = 35.8730, GNorm = 0.0685, lr_0 = 2.1056e-04
Loss = 7.5831e-04, PNorm = 35.8743, GNorm = 0.3520, lr_0 = 2.1006e-04
Loss = 4.4839e-04, PNorm = 35.8745, GNorm = 0.1707, lr_0 = 2.0957e-04
Loss = 2.2576e-04, PNorm = 35.8754, GNorm = 0.1038, lr_0 = 2.0908e-04
Loss = 3.2058e-04, PNorm = 35.8765, GNorm = 0.0996, lr_0 = 2.0859e-04
Loss = 2.9100e-04, PNorm = 35.8776, GNorm = 0.0364, lr_0 = 2.0810e-04
Loss = 2.6762e-04, PNorm = 35.8786, GNorm = 0.2055, lr_0 = 2.0761e-04
Loss = 3.0265e-04, PNorm = 35.8794, GNorm = 0.0789, lr_0 = 2.0712e-04
Validation mae = nan
Epoch 69
Loss = 2.0566e-04, PNorm = 35.8808, GNorm = 0.0722, lr_0 = 2.0664e-04
Loss = 2.6238e-04, PNorm = 35.8811, GNorm = 0.1252, lr_0 = 2.0615e-04
Loss = 2.4573e-04, PNorm = 35.8811, GNorm = 0.1245, lr_0 = 2.0567e-04
Loss = 3.3335e-04, PNorm = 35.8820, GNorm = 0.1113, lr_0 = 2.0518e-04
Loss = 2.1490e-04, PNorm = 35.8825, GNorm = 0.0448, lr_0 = 2.0470e-04
Loss = 2.8108e-04, PNorm = 35.8825, GNorm = 0.1332, lr_0 = 2.0422e-04
Loss = 3.1922e-04, PNorm = 35.8831, GNorm = 0.0480, lr_0 = 2.0374e-04
Loss = 2.6377e-04, PNorm = 35.8843, GNorm = 0.0831, lr_0 = 2.0326e-04
Loss = 2.8209e-04, PNorm = 35.8852, GNorm = 0.1595, lr_0 = 2.0279e-04
Loss = 2.7902e-04, PNorm = 35.8855, GNorm = 0.0936, lr_0 = 2.0231e-04
Validation mae = nan
Epoch 70
Loss = 2.5412e-04, PNorm = 35.8859, GNorm = 0.1502, lr_0 = 2.0184e-04
Loss = 2.0359e-04, PNorm = 35.8864, GNorm = 0.0875, lr_0 = 2.0136e-04
Loss = 2.0798e-04, PNorm = 35.8863, GNorm = 0.0490, lr_0 = 2.0089e-04
Loss = 1.7935e-04, PNorm = 35.8869, GNorm = 0.0933, lr_0 = 2.0042e-04
Loss = 1.8089e-04, PNorm = 35.8876, GNorm = 0.0273, lr_0 = 1.9995e-04
Loss = 2.1400e-04, PNorm = 35.8883, GNorm = 0.1420, lr_0 = 1.9948e-04
Loss = 2.6639e-04, PNorm = 35.8889, GNorm = 0.1035, lr_0 = 1.9901e-04
Loss = 1.8175e-04, PNorm = 35.8893, GNorm = 0.0775, lr_0 = 1.9854e-04
Loss = 2.1588e-04, PNorm = 35.8899, GNorm = 0.1239, lr_0 = 1.9808e-04
Loss = 2.2553e-04, PNorm = 35.8903, GNorm = 0.1235, lr_0 = 1.9761e-04
Validation mae = nan
Epoch 71
Loss = 1.9306e-04, PNorm = 35.8904, GNorm = 0.0867, lr_0 = 1.9715e-04
Loss = 1.3003e-04, PNorm = 35.8908, GNorm = 0.0700, lr_0 = 1.9669e-04
Loss = 1.7265e-04, PNorm = 35.8912, GNorm = 0.1441, lr_0 = 1.9623e-04
Loss = 2.3186e-04, PNorm = 35.8915, GNorm = 0.1084, lr_0 = 1.9576e-04
Loss = 1.7717e-04, PNorm = 35.8920, GNorm = 0.0682, lr_0 = 1.9531e-04
Loss = 1.3630e-04, PNorm = 35.8924, GNorm = 0.0913, lr_0 = 1.9485e-04
Loss = 1.2647e-04, PNorm = 35.8928, GNorm = 0.0939, lr_0 = 1.9439e-04
Loss = 1.5464e-04, PNorm = 35.8933, GNorm = 0.1201, lr_0 = 1.9393e-04
Loss = 2.7071e-04, PNorm = 35.8937, GNorm = 0.1698, lr_0 = 1.9348e-04
Loss = 5.7362e-04, PNorm = 35.8948, GNorm = 0.2519, lr_0 = 1.9302e-04
Validation mae = nan
Epoch 72
Loss = 3.1037e-04, PNorm = 35.8953, GNorm = 0.1089, lr_0 = 1.9257e-04
Loss = 3.3741e-04, PNorm = 35.8959, GNorm = 0.1167, lr_0 = 1.9212e-04
Loss = 2.8414e-04, PNorm = 35.8972, GNorm = 0.0633, lr_0 = 1.9167e-04
Loss = 1.5143e-04, PNorm = 35.8975, GNorm = 0.0398, lr_0 = 1.9122e-04
Loss = 1.8640e-04, PNorm = 35.8975, GNorm = 0.0330, lr_0 = 1.9077e-04
Loss = 2.1348e-04, PNorm = 35.8978, GNorm = 0.2418, lr_0 = 1.9032e-04
Loss = 1.7043e-04, PNorm = 35.8986, GNorm = 0.0741, lr_0 = 1.8988e-04
Loss = 2.0608e-04, PNorm = 35.8991, GNorm = 0.1381, lr_0 = 1.8943e-04
Loss = 2.2583e-04, PNorm = 35.8994, GNorm = 0.0887, lr_0 = 1.8899e-04
Loss = 2.2883e-04, PNorm = 35.9004, GNorm = 0.0868, lr_0 = 1.8854e-04
Validation mae = nan
Epoch 73
Loss = 1.4455e-04, PNorm = 35.9010, GNorm = 0.0648, lr_0 = 1.8810e-04
Loss = 2.2405e-04, PNorm = 35.9014, GNorm = 0.1094, lr_0 = 1.8766e-04
Loss = 3.3117e-04, PNorm = 35.9017, GNorm = 0.2743, lr_0 = 1.8722e-04
Loss = 2.9220e-04, PNorm = 35.9028, GNorm = 0.0486, lr_0 = 1.8678e-04
Loss = 2.3704e-04, PNorm = 35.9032, GNorm = 0.1267, lr_0 = 1.8634e-04
Loss = 1.4686e-04, PNorm = 35.9034, GNorm = 0.0619, lr_0 = 1.8590e-04
Loss = 1.9493e-04, PNorm = 35.9041, GNorm = 0.0839, lr_0 = 1.8547e-04
Loss = 2.1880e-04, PNorm = 35.9047, GNorm = 0.1119, lr_0 = 1.8503e-04
Loss = 2.6180e-04, PNorm = 35.9051, GNorm = 0.0841, lr_0 = 1.8460e-04
Loss = 2.2426e-04, PNorm = 35.9056, GNorm = 0.1049, lr_0 = 1.8416e-04
Validation mae = nan
Epoch 74
Loss = 2.1229e-04, PNorm = 35.9061, GNorm = 0.0833, lr_0 = 1.8373e-04
Loss = 1.9192e-04, PNorm = 35.9064, GNorm = 0.0543, lr_0 = 1.8330e-04
Loss = 2.2106e-04, PNorm = 35.9068, GNorm = 0.1681, lr_0 = 1.8287e-04
Loss = 1.9364e-04, PNorm = 35.9074, GNorm = 0.1649, lr_0 = 1.8244e-04
Loss = 2.2101e-04, PNorm = 35.9076, GNorm = 0.0933, lr_0 = 1.8201e-04
Loss = 2.0497e-04, PNorm = 35.9080, GNorm = 0.0716, lr_0 = 1.8159e-04
Loss = 1.5601e-04, PNorm = 35.9081, GNorm = 0.1057, lr_0 = 1.8116e-04
Loss = 1.7820e-04, PNorm = 35.9084, GNorm = 0.1284, lr_0 = 1.8073e-04
Loss = 2.2633e-04, PNorm = 35.9089, GNorm = 0.0904, lr_0 = 1.8031e-04
Loss = 1.1161e-04, PNorm = 35.9095, GNorm = 0.0480, lr_0 = 1.7989e-04
Validation mae = nan
Epoch 75
Loss = 1.2919e-04, PNorm = 35.9100, GNorm = 0.0386, lr_0 = 1.7946e-04
Loss = 1.8525e-04, PNorm = 35.9107, GNorm = 0.0966, lr_0 = 1.7904e-04
Loss = 1.3962e-04, PNorm = 35.9109, GNorm = 0.0638, lr_0 = 1.7862e-04
Loss = 1.3547e-04, PNorm = 35.9113, GNorm = 0.1272, lr_0 = 1.7820e-04
Loss = 1.5097e-04, PNorm = 35.9115, GNorm = 0.0306, lr_0 = 1.7779e-04
Loss = 1.3623e-04, PNorm = 35.9121, GNorm = 0.0640, lr_0 = 1.7737e-04
Loss = 1.5043e-04, PNorm = 35.9129, GNorm = 0.0719, lr_0 = 1.7695e-04
Loss = 1.2704e-04, PNorm = 35.9133, GNorm = 0.0731, lr_0 = 1.7654e-04
Loss = 1.2877e-04, PNorm = 35.9135, GNorm = 0.0583, lr_0 = 1.7612e-04
Loss = 1.2942e-04, PNorm = 35.9137, GNorm = 0.0792, lr_0 = 1.7571e-04
Validation mae = nan
Epoch 76
Loss = 1.3895e-04, PNorm = 35.9144, GNorm = 0.0673, lr_0 = 1.7530e-04
Loss = 9.0567e-05, PNorm = 35.9148, GNorm = 0.0329, lr_0 = 1.7489e-04
Loss = 1.0701e-04, PNorm = 35.9155, GNorm = 0.0155, lr_0 = 1.7448e-04
Loss = 1.2704e-04, PNorm = 35.9161, GNorm = 0.0464, lr_0 = 1.7407e-04
Loss = 1.5301e-04, PNorm = 35.9163, GNorm = 0.0398, lr_0 = 1.7366e-04
Loss = 1.2272e-04, PNorm = 35.9163, GNorm = 0.0453, lr_0 = 1.7325e-04
Loss = 2.2099e-04, PNorm = 35.9172, GNorm = 0.1152, lr_0 = 1.7284e-04
Loss = 1.9453e-04, PNorm = 35.9175, GNorm = 0.1302, lr_0 = 1.7244e-04
Loss = 1.8962e-04, PNorm = 35.9181, GNorm = 0.1524, lr_0 = 1.7203e-04
Loss = 1.5618e-04, PNorm = 35.9188, GNorm = 0.0367, lr_0 = 1.7163e-04
Validation mae = nan
Epoch 77
Loss = 1.8570e-04, PNorm = 35.9191, GNorm = 0.1571, lr_0 = 1.7123e-04
Loss = 1.9293e-04, PNorm = 35.9194, GNorm = 0.0713, lr_0 = 1.7082e-04
Loss = 1.5204e-04, PNorm = 35.9195, GNorm = 0.0645, lr_0 = 1.7042e-04
Loss = 1.5619e-04, PNorm = 35.9197, GNorm = 0.1071, lr_0 = 1.7002e-04
Loss = 1.0825e-04, PNorm = 35.9201, GNorm = 0.0556, lr_0 = 1.6962e-04
Loss = 1.5109e-04, PNorm = 35.9202, GNorm = 0.0945, lr_0 = 1.6923e-04
Loss = 1.3027e-04, PNorm = 35.9205, GNorm = 0.0602, lr_0 = 1.6883e-04
Loss = 2.5608e-04, PNorm = 35.9217, GNorm = 0.1744, lr_0 = 1.6843e-04
Loss = 1.8655e-04, PNorm = 35.9225, GNorm = 0.0733, lr_0 = 1.6804e-04
Loss = 1.6476e-04, PNorm = 35.9234, GNorm = 0.0473, lr_0 = 1.6764e-04
Validation mae = nan
Epoch 78
Loss = 1.5489e-04, PNorm = 35.9238, GNorm = 0.0755, lr_0 = 1.6725e-04
Loss = 1.4552e-04, PNorm = 35.9239, GNorm = 0.0934, lr_0 = 1.6686e-04
Loss = 1.8865e-04, PNorm = 35.9242, GNorm = 0.1008, lr_0 = 1.6647e-04
Loss = 2.3164e-04, PNorm = 35.9251, GNorm = 0.1382, lr_0 = 1.6608e-04
Loss = 4.2529e-04, PNorm = 35.9256, GNorm = 0.2642, lr_0 = 1.6569e-04
Loss = 2.5699e-04, PNorm = 35.9260, GNorm = 0.0936, lr_0 = 1.6530e-04
Loss = 2.1245e-04, PNorm = 35.9263, GNorm = 0.1285, lr_0 = 1.6491e-04
Loss = 1.8959e-04, PNorm = 35.9270, GNorm = 0.0826, lr_0 = 1.6452e-04
Loss = 1.9468e-04, PNorm = 35.9275, GNorm = 0.0817, lr_0 = 1.6414e-04
Loss = 1.5623e-04, PNorm = 35.9277, GNorm = 0.0985, lr_0 = 1.6375e-04
Validation mae = nan
Epoch 79
Loss = 1.4828e-04, PNorm = 35.9283, GNorm = 0.1011, lr_0 = 1.6337e-04
Loss = 1.4657e-04, PNorm = 35.9291, GNorm = 0.0595, lr_0 = 1.6298e-04
Loss = 1.4099e-04, PNorm = 35.9296, GNorm = 0.0862, lr_0 = 1.6260e-04
Loss = 1.6958e-04, PNorm = 35.9297, GNorm = 0.0763, lr_0 = 1.6222e-04
Loss = 1.3596e-04, PNorm = 35.9299, GNorm = 0.1015, lr_0 = 1.6184e-04
Loss = 1.3533e-04, PNorm = 35.9304, GNorm = 0.0285, lr_0 = 1.6146e-04
Loss = 9.3335e-05, PNorm = 35.9310, GNorm = 0.0405, lr_0 = 1.6108e-04
Loss = 1.2028e-04, PNorm = 35.9311, GNorm = 0.0756, lr_0 = 1.6070e-04
Loss = 1.7219e-04, PNorm = 35.9315, GNorm = 0.0962, lr_0 = 1.6032e-04
Loss = 1.3747e-04, PNorm = 35.9320, GNorm = 0.0642, lr_0 = 1.5995e-04
Validation mae = nan
Epoch 80
Loss = 9.8265e-05, PNorm = 35.9324, GNorm = 0.0261, lr_0 = 1.5957e-04
Loss = 1.0692e-04, PNorm = 35.9326, GNorm = 0.0285, lr_0 = 1.5920e-04
Loss = 1.0558e-04, PNorm = 35.9330, GNorm = 0.0345, lr_0 = 1.5882e-04
Loss = 9.0593e-05, PNorm = 35.9331, GNorm = 0.0306, lr_0 = 1.5845e-04
Loss = 1.3938e-04, PNorm = 35.9336, GNorm = 0.0470, lr_0 = 1.5808e-04
Loss = 1.6331e-04, PNorm = 35.9339, GNorm = 0.1585, lr_0 = 1.5771e-04
Loss = 2.6474e-04, PNorm = 35.9340, GNorm = 0.1314, lr_0 = 1.5734e-04
Loss = 2.5597e-04, PNorm = 35.9344, GNorm = 0.0903, lr_0 = 1.5697e-04
Loss = 2.4006e-04, PNorm = 35.9348, GNorm = 0.1957, lr_0 = 1.5660e-04
Loss = 2.4702e-04, PNorm = 35.9354, GNorm = 0.0622, lr_0 = 1.5623e-04
Validation mae = nan
Epoch 81
Loss = 1.9197e-04, PNorm = 35.9361, GNorm = 0.1067, lr_0 = 1.5587e-04
Loss = 1.8501e-04, PNorm = 35.9366, GNorm = 0.1170, lr_0 = 1.5550e-04
Loss = 1.4736e-04, PNorm = 35.9372, GNorm = 0.0861, lr_0 = 1.5514e-04
Loss = 1.9374e-04, PNorm = 35.9379, GNorm = 0.0899, lr_0 = 1.5477e-04
Loss = 1.2749e-04, PNorm = 35.9385, GNorm = 0.0365, lr_0 = 1.5441e-04
Loss = 1.4551e-04, PNorm = 35.9390, GNorm = 0.1079, lr_0 = 1.5405e-04
Loss = 1.3823e-04, PNorm = 35.9395, GNorm = 0.0455, lr_0 = 1.5369e-04
Loss = 1.3164e-04, PNorm = 35.9399, GNorm = 0.0787, lr_0 = 1.5332e-04
Loss = 1.3388e-04, PNorm = 35.9405, GNorm = 0.0324, lr_0 = 1.5296e-04
Loss = 1.1940e-04, PNorm = 35.9406, GNorm = 0.1053, lr_0 = 1.5261e-04
Validation mae = nan
Epoch 82
Loss = 2.1865e-04, PNorm = 35.9414, GNorm = 0.1336, lr_0 = 1.5225e-04
Loss = 1.3255e-04, PNorm = 35.9418, GNorm = 0.0466, lr_0 = 1.5189e-04
Loss = 1.4184e-04, PNorm = 35.9422, GNorm = 0.0862, lr_0 = 1.5153e-04
Loss = 1.9195e-04, PNorm = 35.9428, GNorm = 0.0822, lr_0 = 1.5118e-04
Loss = 1.4009e-04, PNorm = 35.9433, GNorm = 0.0404, lr_0 = 1.5082e-04
Loss = 1.1914e-04, PNorm = 35.9438, GNorm = 0.0929, lr_0 = 1.5047e-04
Loss = 1.1202e-04, PNorm = 35.9440, GNorm = 0.0262, lr_0 = 1.5012e-04
Loss = 1.0891e-04, PNorm = 35.9443, GNorm = 0.0590, lr_0 = 1.4976e-04
Loss = 1.2035e-04, PNorm = 35.9445, GNorm = 0.1062, lr_0 = 1.4941e-04
Loss = 1.1262e-04, PNorm = 35.9449, GNorm = 0.0781, lr_0 = 1.4906e-04
Validation mae = nan
Epoch 83
Loss = 9.9317e-05, PNorm = 35.9450, GNorm = 0.0602, lr_0 = 1.4871e-04
Loss = 1.2158e-04, PNorm = 35.9452, GNorm = 0.0917, lr_0 = 1.4836e-04
Loss = 1.3466e-04, PNorm = 35.9457, GNorm = 0.0605, lr_0 = 1.4802e-04
Loss = 1.8262e-04, PNorm = 35.9459, GNorm = 0.0668, lr_0 = 1.4767e-04
Loss = 2.0159e-04, PNorm = 35.9464, GNorm = 0.0792, lr_0 = 1.4732e-04
Loss = 2.1597e-04, PNorm = 35.9473, GNorm = 0.1952, lr_0 = 1.4698e-04
Loss = 1.8000e-04, PNorm = 35.9481, GNorm = 0.0582, lr_0 = 1.4663e-04
Loss = 1.6862e-04, PNorm = 35.9483, GNorm = 0.0763, lr_0 = 1.4629e-04
Loss = 1.1085e-04, PNorm = 35.9491, GNorm = 0.0258, lr_0 = 1.4594e-04
Loss = 9.4210e-05, PNorm = 35.9497, GNorm = 0.0396, lr_0 = 1.4560e-04
Validation mae = nan
Epoch 84
Loss = 1.1669e-04, PNorm = 35.9502, GNorm = 0.0487, lr_0 = 1.4526e-04
Loss = 1.3998e-04, PNorm = 35.9507, GNorm = 0.1440, lr_0 = 1.4492e-04
Loss = 1.2799e-04, PNorm = 35.9512, GNorm = 0.1022, lr_0 = 1.4458e-04
Loss = 1.9741e-04, PNorm = 35.9518, GNorm = 0.0850, lr_0 = 1.4424e-04
Loss = 4.1304e-04, PNorm = 35.9521, GNorm = 0.1927, lr_0 = 1.4390e-04
Loss = 3.7554e-04, PNorm = 35.9531, GNorm = 0.1909, lr_0 = 1.4356e-04
Loss = 1.6418e-04, PNorm = 35.9534, GNorm = 0.0646, lr_0 = 1.4323e-04
Loss = 1.5023e-04, PNorm = 35.9536, GNorm = 0.0762, lr_0 = 1.4289e-04
Loss = 1.7157e-04, PNorm = 35.9538, GNorm = 0.0509, lr_0 = 1.4255e-04
Loss = 2.1837e-04, PNorm = 35.9541, GNorm = 0.1316, lr_0 = 1.4222e-04
Validation mae = nan
Epoch 85
Loss = 1.3994e-04, PNorm = 35.9544, GNorm = 0.0941, lr_0 = 1.4189e-04
Loss = 1.2795e-04, PNorm = 35.9547, GNorm = 0.0496, lr_0 = 1.4155e-04
Loss = 1.3440e-04, PNorm = 35.9552, GNorm = 0.0810, lr_0 = 1.4122e-04
Loss = 1.3558e-04, PNorm = 35.9557, GNorm = 0.0589, lr_0 = 1.4089e-04
Loss = 1.7849e-04, PNorm = 35.9564, GNorm = 0.1723, lr_0 = 1.4056e-04
Loss = 1.8792e-04, PNorm = 35.9571, GNorm = 0.1058, lr_0 = 1.4023e-04
Loss = 2.1047e-04, PNorm = 35.9574, GNorm = 0.0928, lr_0 = 1.3990e-04
Loss = 1.7419e-04, PNorm = 35.9583, GNorm = 0.0822, lr_0 = 1.3957e-04
Loss = 1.2720e-04, PNorm = 35.9584, GNorm = 0.0364, lr_0 = 1.3924e-04
Loss = 1.1628e-04, PNorm = 35.9589, GNorm = 0.0659, lr_0 = 1.3892e-04
Validation mae = nan
Epoch 86
Loss = 9.1712e-05, PNorm = 35.9594, GNorm = 0.0515, lr_0 = 1.3859e-04
Loss = 9.6333e-05, PNorm = 35.9596, GNorm = 0.0711, lr_0 = 1.3827e-04
Loss = 1.4787e-04, PNorm = 35.9597, GNorm = 0.0448, lr_0 = 1.3794e-04
Loss = 2.0469e-04, PNorm = 35.9605, GNorm = 0.0801, lr_0 = 1.3762e-04
Loss = 1.3257e-04, PNorm = 35.9608, GNorm = 0.0609, lr_0 = 1.3729e-04
Loss = 1.2475e-04, PNorm = 35.9611, GNorm = 0.0618, lr_0 = 1.3697e-04
Loss = 1.2812e-04, PNorm = 35.9617, GNorm = 0.0350, lr_0 = 1.3665e-04
Loss = 1.4768e-04, PNorm = 35.9620, GNorm = 0.1310, lr_0 = 1.3633e-04
Loss = 1.7000e-04, PNorm = 35.9623, GNorm = 0.2095, lr_0 = 1.3601e-04
Loss = 2.0754e-04, PNorm = 35.9625, GNorm = 0.1246, lr_0 = 1.3569e-04
Validation mae = nan
Epoch 87
Loss = 1.8846e-04, PNorm = 35.9630, GNorm = 0.0225, lr_0 = 1.3537e-04
Loss = 1.4495e-04, PNorm = 35.9634, GNorm = 0.0367, lr_0 = 1.3505e-04
Loss = 1.2510e-04, PNorm = 35.9638, GNorm = 0.0869, lr_0 = 1.3474e-04
Loss = 1.0691e-04, PNorm = 35.9642, GNorm = 0.0419, lr_0 = 1.3442e-04
Loss = 1.0601e-04, PNorm = 35.9645, GNorm = 0.0364, lr_0 = 1.3411e-04
Loss = 1.1509e-04, PNorm = 35.9648, GNorm = 0.0392, lr_0 = 1.3379e-04
Loss = 1.3258e-04, PNorm = 35.9653, GNorm = 0.1868, lr_0 = 1.3348e-04
Loss = 1.7421e-04, PNorm = 35.9654, GNorm = 0.0935, lr_0 = 1.3316e-04
Loss = 1.0469e-04, PNorm = 35.9657, GNorm = 0.0834, lr_0 = 1.3285e-04
Loss = 1.0132e-04, PNorm = 35.9660, GNorm = 0.0741, lr_0 = 1.3254e-04
Validation mae = nan
Epoch 88
Loss = 1.1219e-04, PNorm = 35.9661, GNorm = 0.0251, lr_0 = 1.3223e-04
Loss = 1.0763e-04, PNorm = 35.9662, GNorm = 0.0525, lr_0 = 1.3192e-04
Loss = 9.4557e-05, PNorm = 35.9668, GNorm = 0.0371, lr_0 = 1.3161e-04
Loss = 1.0328e-04, PNorm = 35.9673, GNorm = 0.0379, lr_0 = 1.3130e-04
Loss = 9.4310e-05, PNorm = 35.9673, GNorm = 0.0399, lr_0 = 1.3099e-04
Loss = 1.1593e-04, PNorm = 35.9674, GNorm = 0.0602, lr_0 = 1.3068e-04
Loss = 1.4694e-04, PNorm = 35.9683, GNorm = 0.0528, lr_0 = 1.3038e-04
Loss = 1.2599e-04, PNorm = 35.9686, GNorm = 0.0588, lr_0 = 1.3007e-04
Loss = 1.7936e-04, PNorm = 35.9688, GNorm = 0.1957, lr_0 = 1.2977e-04
Loss = 1.6267e-04, PNorm = 35.9693, GNorm = 0.0849, lr_0 = 1.2946e-04
Validation mae = nan
Epoch 89
Loss = 1.7570e-04, PNorm = 35.9701, GNorm = 0.0847, lr_0 = 1.2916e-04
Loss = 9.7761e-05, PNorm = 35.9704, GNorm = 0.0210, lr_0 = 1.2886e-04
Loss = 1.6436e-04, PNorm = 35.9707, GNorm = 0.0809, lr_0 = 1.2855e-04
Loss = 1.9204e-04, PNorm = 35.9712, GNorm = 0.1042, lr_0 = 1.2825e-04
Loss = 1.8971e-04, PNorm = 35.9715, GNorm = 0.1457, lr_0 = 1.2795e-04
Loss = 1.4707e-04, PNorm = 35.9715, GNorm = 0.0578, lr_0 = 1.2765e-04
Loss = 1.0359e-04, PNorm = 35.9721, GNorm = 0.0708, lr_0 = 1.2735e-04
Loss = 1.0601e-04, PNorm = 35.9725, GNorm = 0.0330, lr_0 = 1.2705e-04
Loss = 1.0971e-04, PNorm = 35.9728, GNorm = 0.0740, lr_0 = 1.2675e-04
Loss = 9.8820e-05, PNorm = 35.9730, GNorm = 0.0190, lr_0 = 1.2646e-04
Validation mae = nan
Epoch 90
Loss = 9.9395e-05, PNorm = 35.9734, GNorm = 0.0409, lr_0 = 1.2616e-04
Loss = 8.0394e-05, PNorm = 35.9738, GNorm = 0.0200, lr_0 = 1.2586e-04
Loss = 9.4959e-05, PNorm = 35.9741, GNorm = 0.0777, lr_0 = 1.2557e-04
Loss = 7.3695e-05, PNorm = 35.9744, GNorm = 0.0543, lr_0 = 1.2527e-04
Loss = 9.7471e-05, PNorm = 35.9744, GNorm = 0.0525, lr_0 = 1.2498e-04
Loss = 7.8553e-05, PNorm = 35.9747, GNorm = 0.0386, lr_0 = 1.2469e-04
Loss = 9.7272e-05, PNorm = 35.9750, GNorm = 0.0500, lr_0 = 1.2439e-04
Loss = 9.3960e-05, PNorm = 35.9753, GNorm = 0.0406, lr_0 = 1.2410e-04
Loss = 1.5015e-04, PNorm = 35.9759, GNorm = 0.0695, lr_0 = 1.2381e-04
Loss = 1.2443e-04, PNorm = 35.9765, GNorm = 0.0315, lr_0 = 1.2352e-04
Validation mae = nan
Epoch 91
Loss = 1.2606e-04, PNorm = 35.9768, GNorm = 0.0848, lr_0 = 1.2323e-04
Loss = 1.3764e-04, PNorm = 35.9771, GNorm = 0.0777, lr_0 = 1.2294e-04
Loss = 1.2044e-04, PNorm = 35.9776, GNorm = 0.0472, lr_0 = 1.2265e-04
Loss = 1.1815e-04, PNorm = 35.9777, GNorm = 0.0804, lr_0 = 1.2236e-04
Loss = 2.7901e-04, PNorm = 35.9785, GNorm = 0.0542, lr_0 = 1.2208e-04
Loss = 2.7482e-04, PNorm = 35.9786, GNorm = 0.1093, lr_0 = 1.2179e-04
Loss = 3.5819e-04, PNorm = 35.9790, GNorm = 0.2397, lr_0 = 1.2150e-04
Loss = 2.9398e-04, PNorm = 35.9796, GNorm = 0.1975, lr_0 = 1.2122e-04
Loss = 1.6593e-04, PNorm = 35.9801, GNorm = 0.1757, lr_0 = 1.2093e-04
Loss = 1.7529e-04, PNorm = 35.9809, GNorm = 0.0598, lr_0 = 1.2065e-04
Validation mae = nan
Epoch 92
Loss = 1.6872e-04, PNorm = 35.9812, GNorm = 0.1622, lr_0 = 1.2037e-04
Loss = 1.4717e-04, PNorm = 35.9817, GNorm = 0.0814, lr_0 = 1.2009e-04
Loss = 1.4741e-04, PNorm = 35.9822, GNorm = 0.1241, lr_0 = 1.1980e-04
Loss = 1.1955e-04, PNorm = 35.9823, GNorm = 0.0548, lr_0 = 1.1952e-04
Loss = 1.4083e-04, PNorm = 35.9825, GNorm = 0.1224, lr_0 = 1.1924e-04
Loss = 1.7721e-04, PNorm = 35.9829, GNorm = 0.0610, lr_0 = 1.1896e-04
Loss = 1.8966e-04, PNorm = 35.9833, GNorm = 0.1155, lr_0 = 1.1868e-04
Loss = 1.8860e-04, PNorm = 35.9837, GNorm = 0.0535, lr_0 = 1.1840e-04
Loss = 1.7003e-04, PNorm = 35.9842, GNorm = 0.0510, lr_0 = 1.1813e-04
Loss = 1.3259e-04, PNorm = 35.9849, GNorm = 0.0493, lr_0 = 1.1785e-04
Validation mae = nan
Epoch 93
Loss = 1.1065e-04, PNorm = 35.9852, GNorm = 0.0551, lr_0 = 1.1757e-04
Loss = 1.1838e-04, PNorm = 35.9855, GNorm = 0.0789, lr_0 = 1.1730e-04
Loss = 9.6176e-05, PNorm = 35.9857, GNorm = 0.0534, lr_0 = 1.1702e-04
Loss = 9.9868e-05, PNorm = 35.9860, GNorm = 0.0280, lr_0 = 1.1675e-04
Loss = 1.0530e-04, PNorm = 35.9865, GNorm = 0.0502, lr_0 = 1.1647e-04
Loss = 1.2419e-04, PNorm = 35.9870, GNorm = 0.0683, lr_0 = 1.1620e-04
Loss = 1.8761e-04, PNorm = 35.9875, GNorm = 0.1679, lr_0 = 1.1593e-04
Loss = 2.0671e-04, PNorm = 35.9883, GNorm = 0.0459, lr_0 = 1.1565e-04
Loss = 1.6233e-04, PNorm = 35.9887, GNorm = 0.0478, lr_0 = 1.1538e-04
Loss = 1.3096e-04, PNorm = 35.9891, GNorm = 0.0323, lr_0 = 1.1511e-04
Validation mae = nan
Epoch 94
Loss = 8.8896e-05, PNorm = 35.9889, GNorm = 0.0915, lr_0 = 1.1484e-04
Loss = 8.5719e-05, PNorm = 35.9889, GNorm = 0.0827, lr_0 = 1.1457e-04
Loss = 1.1969e-04, PNorm = 35.9893, GNorm = 0.1033, lr_0 = 1.1430e-04
Loss = 1.6944e-04, PNorm = 35.9898, GNorm = 0.0679, lr_0 = 1.1404e-04
Loss = 1.9632e-04, PNorm = 35.9905, GNorm = 0.1993, lr_0 = 1.1377e-04
Loss = 1.8588e-04, PNorm = 35.9911, GNorm = 0.1257, lr_0 = 1.1350e-04
Loss = 1.6577e-04, PNorm = 35.9917, GNorm = 0.1984, lr_0 = 1.1323e-04
Loss = 1.9814e-04, PNorm = 35.9919, GNorm = 0.1238, lr_0 = 1.1297e-04
Loss = 1.6445e-04, PNorm = 35.9919, GNorm = 0.1165, lr_0 = 1.1270e-04
Loss = 1.4046e-04, PNorm = 35.9921, GNorm = 0.1516, lr_0 = 1.1244e-04
Validation mae = nan
Epoch 95
Loss = 1.3840e-04, PNorm = 35.9928, GNorm = 0.1542, lr_0 = 1.1218e-04
Loss = 1.2215e-04, PNorm = 35.9929, GNorm = 0.0602, lr_0 = 1.1191e-04
Loss = 1.1219e-04, PNorm = 35.9933, GNorm = 0.1107, lr_0 = 1.1165e-04
Loss = 8.7138e-05, PNorm = 35.9935, GNorm = 0.0532, lr_0 = 1.1139e-04
Loss = 1.0069e-04, PNorm = 35.9936, GNorm = 0.0649, lr_0 = 1.1113e-04
Loss = 9.8998e-05, PNorm = 35.9940, GNorm = 0.0552, lr_0 = 1.1087e-04
Loss = 1.1159e-04, PNorm = 35.9943, GNorm = 0.0905, lr_0 = 1.1061e-04
Loss = 1.1477e-04, PNorm = 35.9949, GNorm = 0.0259, lr_0 = 1.1035e-04
Loss = 1.2484e-04, PNorm = 35.9952, GNorm = 0.0660, lr_0 = 1.1009e-04
Loss = 1.2180e-04, PNorm = 35.9954, GNorm = 0.0470, lr_0 = 1.0983e-04
Validation mae = nan
Epoch 96
Loss = 8.7583e-05, PNorm = 35.9955, GNorm = 0.0272, lr_0 = 1.0957e-04
Loss = 1.1439e-04, PNorm = 35.9959, GNorm = 0.0379, lr_0 = 1.0931e-04
Loss = 1.8082e-04, PNorm = 35.9963, GNorm = 0.1639, lr_0 = 1.0906e-04
Loss = 2.3279e-04, PNorm = 35.9972, GNorm = 0.2123, lr_0 = 1.0880e-04
Loss = 2.4629e-04, PNorm = 35.9975, GNorm = 0.1135, lr_0 = 1.0855e-04
Loss = 1.8514e-04, PNorm = 35.9980, GNorm = 0.1502, lr_0 = 1.0829e-04
Loss = 2.2579e-04, PNorm = 35.9981, GNorm = 0.1880, lr_0 = 1.0804e-04
Loss = 1.4231e-04, PNorm = 35.9985, GNorm = 0.1345, lr_0 = 1.0778e-04
Loss = 1.2240e-04, PNorm = 35.9988, GNorm = 0.1029, lr_0 = 1.0753e-04
Loss = 1.3805e-04, PNorm = 35.9992, GNorm = 0.1004, lr_0 = 1.0728e-04
Validation mae = nan
Epoch 97
Loss = 1.0551e-04, PNorm = 35.9995, GNorm = 0.0556, lr_0 = 1.0703e-04
Loss = 1.1477e-04, PNorm = 35.9997, GNorm = 0.0488, lr_0 = 1.0677e-04
Loss = 1.0907e-04, PNorm = 36.0001, GNorm = 0.0425, lr_0 = 1.0652e-04
Loss = 9.2024e-05, PNorm = 36.0004, GNorm = 0.0232, lr_0 = 1.0627e-04
Loss = 1.0611e-04, PNorm = 36.0011, GNorm = 0.0334, lr_0 = 1.0602e-04
Loss = 9.7027e-05, PNorm = 36.0015, GNorm = 0.0523, lr_0 = 1.0578e-04
Loss = 1.8191e-04, PNorm = 36.0014, GNorm = 0.0765, lr_0 = 1.0553e-04
Loss = 1.2162e-04, PNorm = 36.0017, GNorm = 0.0593, lr_0 = 1.0528e-04
Loss = 9.4989e-05, PNorm = 36.0021, GNorm = 0.1032, lr_0 = 1.0503e-04
Loss = 1.3385e-04, PNorm = 36.0024, GNorm = 0.0656, lr_0 = 1.0479e-04
Validation mae = nan
Epoch 98
Loss = 9.4559e-05, PNorm = 36.0030, GNorm = 0.0238, lr_0 = 1.0454e-04
Loss = 8.8369e-05, PNorm = 36.0032, GNorm = 0.0327, lr_0 = 1.0430e-04
Loss = 8.1288e-05, PNorm = 36.0033, GNorm = 0.0368, lr_0 = 1.0405e-04
Loss = 8.8934e-05, PNorm = 36.0036, GNorm = 0.0375, lr_0 = 1.0381e-04
Loss = 1.1014e-04, PNorm = 36.0043, GNorm = 0.0660, lr_0 = 1.0356e-04
Loss = 1.1043e-04, PNorm = 36.0047, GNorm = 0.0613, lr_0 = 1.0332e-04
Loss = 8.2907e-05, PNorm = 36.0049, GNorm = 0.0759, lr_0 = 1.0308e-04
Loss = 1.0181e-04, PNorm = 36.0053, GNorm = 0.1006, lr_0 = 1.0284e-04
Loss = 1.2021e-04, PNorm = 36.0053, GNorm = 0.1133, lr_0 = 1.0259e-04
Loss = 1.7294e-04, PNorm = 36.0056, GNorm = 0.0942, lr_0 = 1.0235e-04
Validation mae = nan
Epoch 99
Loss = 1.2549e-04, PNorm = 36.0060, GNorm = 0.0843, lr_0 = 1.0211e-04
Loss = 1.2254e-04, PNorm = 36.0063, GNorm = 0.0309, lr_0 = 1.0187e-04
Loss = 1.2693e-04, PNorm = 36.0066, GNorm = 0.0951, lr_0 = 1.0163e-04
Loss = 1.5106e-04, PNorm = 36.0071, GNorm = 0.0754, lr_0 = 1.0140e-04
Loss = 1.3827e-04, PNorm = 36.0074, GNorm = 0.1122, lr_0 = 1.0116e-04
Loss = 9.6956e-05, PNorm = 36.0075, GNorm = 0.0748, lr_0 = 1.0092e-04
Loss = 9.2925e-05, PNorm = 36.0080, GNorm = 0.0275, lr_0 = 1.0068e-04
Loss = 1.4351e-04, PNorm = 36.0086, GNorm = 0.0228, lr_0 = 1.0045e-04
Loss = 1.6363e-04, PNorm = 36.0087, GNorm = 0.0843, lr_0 = 1.0021e-04
Loss = 1.5862e-04, PNorm = 36.0092, GNorm = 0.0524, lr_0 = 1.0000e-04
Validation mae = nan
Model 0 best validation mae = inf on epoch 0
Loading pretrained parameter "encoder.encoder.0.cached_zero_vector".
Loading pretrained parameter "encoder.encoder.0.W_i.weight".
Loading pretrained parameter "encoder.encoder.0.W_h.weight".
Loading pretrained parameter "encoder.encoder.0.W_o.weight".
Loading pretrained parameter "encoder.encoder.0.W_o.bias".
Loading pretrained parameter "ffn.1.weight".
Loading pretrained parameter "ffn.1.bias".
Loading pretrained parameter "ffn.4.weight".
Loading pretrained parameter "ffn.4.bias".
Moving model to cuda
Model 0 test mae = nan
Ensemble test mae = nan
1-fold cross validation
	Seed 0 ==> test mae = nan
Overall test mae = nan +/- nan
Elapsed time = 0:07:03
