Command line
python train.py --data_path data/data_0.5_random1/density.csv --smiles_columns smiles --target_columns density --dataset_type regression --split_sizes 1.0 0.0 0.0 --features_generator rdkit_2d --features_columns T --save_dir data/data_0.5_random1/density --save_preds --epochs 100 --metric mae
Args
{'activation': 'ReLU',
 'aggregation': 'mean',
 'aggregation_norm': 100,
 'atom_descriptor_scaling': True,
 'atom_descriptors': None,
 'atom_descriptors_path': None,
 'atom_descriptors_size': 0,
 'atom_features_size': 0,
 'atom_messages': False,
 'batch_size': 50,
 'bias': False,
 'bond_feature_scaling': True,
 'bond_features_path': None,
 'bond_features_size': 0,
 'cache_cutoff': 10000,
 'checkpoint_dir': None,
 'checkpoint_path': None,
 'checkpoint_paths': None,
 'class_balance': False,
 'config_path': None,
 'crossval_index_dir': None,
 'crossval_index_file': None,
 'crossval_index_sets': None,
 'cuda': True,
 'data_path': 'data/data_0.5_random1/density.csv',
 'dataset_type': 'regression',
 'depth': 3,
 'device': device(type='cuda'),
 'dropout': 0.0,
 'empty_cache': False,
 'ensemble_size': 1,
 'epochs': 100,
 'explicit_h': False,
 'extra_metrics': [],
 'features_columns': ['T'],
 'features_generator': ['rdkit_2d'],
 'features_only': False,
 'features_path': None,
 'features_scaling': True,
 'features_size': None,
 'ffn_hidden_size': 300,
 'ffn_num_layers': 2,
 'final_lr': 0.0001,
 'folds_file': None,
 'gpu': None,
 'grad_clip': None,
 'hidden_size': 300,
 'ignore_columns': None,
 'init_lr': 0.0001,
 'log_frequency': 10,
 'max_data_size': None,
 'max_lr': 0.001,
 'metric': 'mae',
 'metrics': ['mae'],
 'minimize_score': True,
 'mpn_shared': False,
 'multiclass_num_classes': 3,
 'no_atom_descriptor_scaling': False,
 'no_bond_features_scaling': False,
 'no_cache_mol': False,
 'no_cuda': False,
 'no_features_scaling': False,
 'num_folds': 1,
 'num_lrs': 1,
 'num_tasks': 1,
 'num_workers': 8,
 'number_of_molecules': 1,
 'overwrite_default_atom_features': False,
 'overwrite_default_bond_features': False,
 'pytorch_seed': 0,
 'quiet': False,
 'reaction': False,
 'reaction_mode': 'reac_diff',
 'resume_experiment': False,
 'save_dir': 'data/data_0.5_random1/density',
 'save_preds': True,
 'save_smiles_splits': False,
 'seed': 0,
 'separate_test_atom_descriptors_path': None,
 'separate_test_bond_features_path': None,
 'separate_test_features_path': None,
 'separate_test_path': None,
 'separate_val_atom_descriptors_path': None,
 'separate_val_bond_features_path': None,
 'separate_val_features_path': None,
 'separate_val_path': None,
 'show_individual_scores': False,
 'smiles_columns': ['smiles'],
 'split_sizes': (1.0, 0.0, 0.0),
 'split_type': 'random',
 'target_columns': ['density'],
 'task_names': ['density'],
 'test': False,
 'test_fold_index': None,
 'train_data_size': None,
 'undirected': False,
 'use_input_features': True,
 'val_fold_index': None,
 'warmup_epochs': 2.0}
Loading data
Number of tasks = 1
Fold 0
Splitting data with seed 0
Total size = 4,801 | train size = 4,801 | val size = 0 | test size = 0
Fitting scaler
Building model 0
MoleculeModel(
  (encoder): MPN(
    (encoder): ModuleList(
      (0): MPNEncoder(
        (dropout_layer): Dropout(p=0.0, inplace=False)
        (act_func): ReLU()
        (W_i): Linear(in_features=147, out_features=300, bias=False)
        (W_h): Linear(in_features=300, out_features=300, bias=False)
        (W_o): Linear(in_features=433, out_features=300, bias=True)
      )
    )
  )
  (ffn): Sequential(
    (0): Dropout(p=0.0, inplace=False)
    (1): Linear(in_features=501, out_features=300, bias=True)
    (2): ReLU()
    (3): Dropout(p=0.0, inplace=False)
    (4): Linear(in_features=300, out_features=1, bias=True)
  )
)
Number of parameters = 415,201
Moving model to cuda
Epoch 0
Loss = 9.5730e-01, PNorm = 35.0901, GNorm = 2.2458, lr_0 = 1.5156e-04
Loss = 7.5519e-01, PNorm = 35.0917, GNorm = 5.0071, lr_0 = 1.9844e-04
Loss = 6.6520e-01, PNorm = 35.0962, GNorm = 3.4695, lr_0 = 2.4531e-04
Loss = 4.2994e-01, PNorm = 35.1029, GNorm = 2.6301, lr_0 = 2.9219e-04
Loss = 3.4239e-01, PNorm = 35.1100, GNorm = 2.4980, lr_0 = 3.3906e-04
Loss = 2.7335e-01, PNorm = 35.1162, GNorm = 4.3382, lr_0 = 3.8594e-04
Loss = 2.3164e-01, PNorm = 35.1202, GNorm = 2.3634, lr_0 = 4.3281e-04
Loss = 1.4356e-01, PNorm = 35.1235, GNorm = 6.2328, lr_0 = 4.7969e-04
Loss = 1.1826e-01, PNorm = 35.1262, GNorm = 6.2538, lr_0 = 5.2656e-04
Validation mae = nan
Epoch 1
Loss = 6.7500e-02, PNorm = 35.1275, GNorm = 1.2758, lr_0 = 5.7812e-04
Loss = 5.1916e-02, PNorm = 35.1273, GNorm = 1.9966, lr_0 = 6.2500e-04
Loss = 3.0838e-02, PNorm = 35.1281, GNorm = 1.4837, lr_0 = 6.7187e-04
Loss = 2.1892e-02, PNorm = 35.1301, GNorm = 0.8507, lr_0 = 7.1875e-04
Loss = 2.0028e-02, PNorm = 35.1321, GNorm = 1.0183, lr_0 = 7.6563e-04
Loss = 2.4369e-02, PNorm = 35.1324, GNorm = 0.4294, lr_0 = 8.1250e-04
Loss = 2.2330e-02, PNorm = 35.1320, GNorm = 1.9885, lr_0 = 8.5938e-04
Loss = 1.5712e-02, PNorm = 35.1322, GNorm = 2.0807, lr_0 = 9.0625e-04
Loss = 1.7030e-02, PNorm = 35.1324, GNorm = 1.6069, lr_0 = 9.5312e-04
Loss = 1.9528e-02, PNorm = 35.1324, GNorm = 1.8880, lr_0 = 1.0000e-03
Validation mae = nan
Epoch 2
Loss = 1.5306e-02, PNorm = 35.1331, GNorm = 0.9756, lr_0 = 9.9731e-04
Loss = 1.7841e-02, PNorm = 35.1343, GNorm = 1.2501, lr_0 = 9.9487e-04
Loss = 1.7062e-02, PNorm = 35.1358, GNorm = 3.1058, lr_0 = 9.9244e-04
Loss = 1.5058e-02, PNorm = 35.1369, GNorm = 1.6522, lr_0 = 9.9002e-04
Loss = 1.4684e-02, PNorm = 35.1381, GNorm = 1.3531, lr_0 = 9.8760e-04
Loss = 1.4117e-02, PNorm = 35.1378, GNorm = 0.6765, lr_0 = 9.8518e-04
Loss = 1.0804e-02, PNorm = 35.1384, GNorm = 0.4684, lr_0 = 9.8277e-04
Loss = 9.4898e-03, PNorm = 35.1393, GNorm = 0.4826, lr_0 = 9.8037e-04
Loss = 1.2085e-02, PNorm = 35.1405, GNorm = 0.4842, lr_0 = 9.7797e-04
Validation mae = nan
Epoch 3
Loss = 1.0770e-02, PNorm = 35.1412, GNorm = 1.1990, lr_0 = 9.7534e-04
Loss = 1.6255e-02, PNorm = 35.1411, GNorm = 1.5133, lr_0 = 9.7296e-04
Loss = 2.1992e-02, PNorm = 35.1410, GNorm = 1.6896, lr_0 = 9.7058e-04
Loss = 1.6306e-02, PNorm = 35.1411, GNorm = 1.1245, lr_0 = 9.6821e-04
Loss = 1.7896e-02, PNorm = 35.1433, GNorm = 3.0035, lr_0 = 9.6584e-04
Loss = 1.5210e-02, PNorm = 35.1452, GNorm = 1.6341, lr_0 = 9.6348e-04
Loss = 1.3651e-02, PNorm = 35.1486, GNorm = 0.8733, lr_0 = 9.6113e-04
Loss = 1.2918e-02, PNorm = 35.1509, GNorm = 0.8125, lr_0 = 9.5878e-04
Loss = 9.0911e-03, PNorm = 35.1518, GNorm = 0.3566, lr_0 = 9.5643e-04
Loss = 1.0389e-02, PNorm = 35.1521, GNorm = 0.8067, lr_0 = 9.5410e-04
Validation mae = nan
Epoch 4
Loss = 1.0007e-02, PNorm = 35.1528, GNorm = 0.4614, lr_0 = 9.5153e-04
Loss = 1.4263e-02, PNorm = 35.1534, GNorm = 1.3225, lr_0 = 9.4920e-04
Loss = 1.3078e-02, PNorm = 35.1541, GNorm = 1.9268, lr_0 = 9.4688e-04
Loss = 1.1392e-02, PNorm = 35.1546, GNorm = 0.8553, lr_0 = 9.4457e-04
Loss = 1.0838e-02, PNorm = 35.1553, GNorm = 1.4687, lr_0 = 9.4226e-04
Loss = 6.7186e-03, PNorm = 35.1559, GNorm = 0.4569, lr_0 = 9.3996e-04
Loss = 8.8688e-03, PNorm = 35.1563, GNorm = 1.0698, lr_0 = 9.3766e-04
Loss = 6.2982e-03, PNorm = 35.1570, GNorm = 0.4074, lr_0 = 9.3537e-04
Loss = 6.1769e-03, PNorm = 35.1577, GNorm = 0.4332, lr_0 = 9.3308e-04
Loss = 7.1859e-03, PNorm = 35.1586, GNorm = 0.9053, lr_0 = 9.3080e-04
Loss = 1.2494e-02, PNorm = 35.1587, GNorm = 2.6866, lr_0 = 9.3057e-04
Validation mae = nan
Epoch 5
Loss = 1.4672e-02, PNorm = 35.1581, GNorm = 0.6614, lr_0 = 9.2830e-04
Loss = 1.2786e-02, PNorm = 35.1598, GNorm = 1.1514, lr_0 = 9.2603e-04
Loss = 1.1618e-02, PNorm = 35.1654, GNorm = 1.0302, lr_0 = 9.2376e-04
Loss = 9.0176e-03, PNorm = 35.1696, GNorm = 0.7544, lr_0 = 9.2151e-04
Loss = 1.0847e-02, PNorm = 35.1716, GNorm = 0.6955, lr_0 = 9.1925e-04
Loss = 1.5724e-02, PNorm = 35.1730, GNorm = 0.7973, lr_0 = 9.1701e-04
Loss = 1.7395e-02, PNorm = 35.1743, GNorm = 1.3706, lr_0 = 9.1476e-04
Loss = 1.0357e-02, PNorm = 35.1753, GNorm = 0.8951, lr_0 = 9.1253e-04
Loss = 7.5012e-03, PNorm = 35.1768, GNorm = 0.6485, lr_0 = 9.1030e-04
Validation mae = nan
Epoch 6
Loss = 9.9370e-03, PNorm = 35.1775, GNorm = 0.6144, lr_0 = 9.0785e-04
Loss = 6.6964e-03, PNorm = 35.1782, GNorm = 0.3578, lr_0 = 9.0563e-04
Loss = 5.0082e-03, PNorm = 35.1786, GNorm = 0.1911, lr_0 = 9.0342e-04
Loss = 4.8133e-03, PNorm = 35.1792, GNorm = 0.3528, lr_0 = 9.0121e-04
Loss = 5.2472e-03, PNorm = 35.1801, GNorm = 0.1244, lr_0 = 8.9901e-04
Loss = 4.0427e-03, PNorm = 35.1807, GNorm = 0.3205, lr_0 = 8.9681e-04
Loss = 3.2797e-03, PNorm = 35.1810, GNorm = 0.1820, lr_0 = 8.9462e-04
Loss = 3.3247e-03, PNorm = 35.1813, GNorm = 0.2296, lr_0 = 8.9243e-04
Loss = 3.7662e-03, PNorm = 35.1817, GNorm = 0.2326, lr_0 = 8.9025e-04
Loss = 4.6733e-03, PNorm = 35.1818, GNorm = 0.2709, lr_0 = 8.8807e-04
Validation mae = nan
Epoch 7
Loss = 3.3323e-03, PNorm = 35.1821, GNorm = 0.3376, lr_0 = 8.8568e-04
Loss = 2.9676e-03, PNorm = 35.1824, GNorm = 0.1758, lr_0 = 8.8352e-04
Loss = 3.2196e-03, PNorm = 35.1829, GNorm = 0.3628, lr_0 = 8.8136e-04
Loss = 3.1776e-03, PNorm = 35.1834, GNorm = 0.1980, lr_0 = 8.7920e-04
Loss = 3.8082e-03, PNorm = 35.1838, GNorm = 0.5838, lr_0 = 8.7706e-04
Loss = 3.7203e-03, PNorm = 35.1846, GNorm = 0.2338, lr_0 = 8.7491e-04
Loss = 3.1971e-03, PNorm = 35.1851, GNorm = 0.3858, lr_0 = 8.7277e-04
Loss = 2.7194e-03, PNorm = 35.1855, GNorm = 0.4288, lr_0 = 8.7064e-04
Loss = 3.1078e-03, PNorm = 35.1861, GNorm = 0.5318, lr_0 = 8.6851e-04
Validation mae = nan
Epoch 8
Loss = 1.9139e-02, PNorm = 35.1865, GNorm = 1.9631, lr_0 = 8.6618e-04
Loss = 9.6319e-03, PNorm = 35.1865, GNorm = 0.1915, lr_0 = 8.6406e-04
Loss = 1.1267e-02, PNorm = 35.1879, GNorm = 1.3014, lr_0 = 8.6195e-04
Loss = 6.3641e-03, PNorm = 35.1890, GNorm = 0.8564, lr_0 = 8.5984e-04
Loss = 6.2003e-03, PNorm = 35.1902, GNorm = 0.3554, lr_0 = 8.5774e-04
Loss = 5.0054e-03, PNorm = 35.1914, GNorm = 0.9731, lr_0 = 8.5564e-04
Loss = 3.6957e-03, PNorm = 35.1920, GNorm = 0.3642, lr_0 = 8.5355e-04
Loss = 3.4174e-03, PNorm = 35.1927, GNorm = 0.4099, lr_0 = 8.5146e-04
Loss = 3.1687e-03, PNorm = 35.1928, GNorm = 0.3326, lr_0 = 8.4938e-04
Loss = 1.8625e-03, PNorm = 35.1933, GNorm = 0.2571, lr_0 = 8.4731e-04
Validation mae = nan
Epoch 9
Loss = 2.4004e-03, PNorm = 35.1937, GNorm = 0.2339, lr_0 = 8.4503e-04
Loss = 2.3007e-03, PNorm = 35.1938, GNorm = 0.2572, lr_0 = 8.4296e-04
Loss = 4.9152e-03, PNorm = 35.1939, GNorm = 0.4095, lr_0 = 8.4090e-04
Loss = 4.5436e-03, PNorm = 35.1944, GNorm = 0.4859, lr_0 = 8.3885e-04
Loss = 2.4980e-03, PNorm = 35.1956, GNorm = 0.1429, lr_0 = 8.3679e-04
Loss = 2.0645e-03, PNorm = 35.1965, GNorm = 0.1919, lr_0 = 8.3475e-04
Loss = 1.8193e-03, PNorm = 35.1972, GNorm = 0.3001, lr_0 = 8.3271e-04
Loss = 1.8391e-03, PNorm = 35.1978, GNorm = 0.2497, lr_0 = 8.3067e-04
Loss = 2.5720e-03, PNorm = 35.1983, GNorm = 0.3403, lr_0 = 8.2864e-04
Loss = 1.9095e-03, PNorm = 35.1987, GNorm = 0.1173, lr_0 = 8.2662e-04
Loss = 1.8568e-03, PNorm = 35.1988, GNorm = 0.8316, lr_0 = 8.2641e-04
Validation mae = nan
Epoch 10
Loss = 3.7238e-03, PNorm = 35.1989, GNorm = 0.4220, lr_0 = 8.2439e-04
Loss = 3.6732e-03, PNorm = 35.1995, GNorm = 0.2589, lr_0 = 8.2238e-04
Loss = 2.6097e-03, PNorm = 35.2003, GNorm = 0.2701, lr_0 = 8.2037e-04
Loss = 2.1551e-03, PNorm = 35.2011, GNorm = 0.1231, lr_0 = 8.1836e-04
Loss = 1.9985e-03, PNorm = 35.2016, GNorm = 0.3507, lr_0 = 8.1636e-04
Loss = 1.8856e-03, PNorm = 35.2022, GNorm = 0.3287, lr_0 = 8.1437e-04
Loss = 1.7318e-03, PNorm = 35.2034, GNorm = 0.5710, lr_0 = 8.1238e-04
Loss = 1.9721e-03, PNorm = 35.2041, GNorm = 0.4457, lr_0 = 8.1039e-04
Loss = 1.8714e-03, PNorm = 35.2047, GNorm = 0.4128, lr_0 = 8.0841e-04
Validation mae = nan
Epoch 11
Loss = 1.9718e-03, PNorm = 35.2055, GNorm = 0.2091, lr_0 = 8.0624e-04
Loss = 2.1912e-03, PNorm = 35.2057, GNorm = 0.2290, lr_0 = 8.0427e-04
Loss = 1.9458e-03, PNorm = 35.2062, GNorm = 0.6339, lr_0 = 8.0230e-04
Loss = 1.4734e-03, PNorm = 35.2068, GNorm = 0.2191, lr_0 = 8.0034e-04
Loss = 1.4471e-03, PNorm = 35.2075, GNorm = 0.1329, lr_0 = 7.9838e-04
Loss = 1.5784e-03, PNorm = 35.2097, GNorm = 0.1421, lr_0 = 7.9643e-04
Loss = 1.3964e-03, PNorm = 35.2115, GNorm = 0.1804, lr_0 = 7.9448e-04
Loss = 1.4919e-03, PNorm = 35.2128, GNorm = 0.5021, lr_0 = 7.9254e-04
Loss = 1.6888e-03, PNorm = 35.2135, GNorm = 0.3959, lr_0 = 7.9060e-04
Loss = 1.1088e-03, PNorm = 35.2142, GNorm = 0.3100, lr_0 = 7.8867e-04
Validation mae = nan
Epoch 12
Loss = 2.5538e-03, PNorm = 35.2148, GNorm = 0.2405, lr_0 = 7.8655e-04
Loss = 2.9746e-03, PNorm = 35.2153, GNorm = 0.4429, lr_0 = 7.8463e-04
Loss = 1.7457e-03, PNorm = 35.2159, GNorm = 0.3926, lr_0 = 7.8271e-04
Loss = 1.6208e-03, PNorm = 35.2163, GNorm = 0.2621, lr_0 = 7.8080e-04
Loss = 1.6472e-03, PNorm = 35.2169, GNorm = 0.5595, lr_0 = 7.7889e-04
Loss = 1.6996e-03, PNorm = 35.2176, GNorm = 0.3764, lr_0 = 7.7698e-04
Loss = 1.3129e-03, PNorm = 35.2183, GNorm = 0.0599, lr_0 = 7.7509e-04
Loss = 1.6199e-03, PNorm = 35.2186, GNorm = 0.2413, lr_0 = 7.7319e-04
Loss = 1.8122e-03, PNorm = 35.2192, GNorm = 0.4239, lr_0 = 7.7130e-04
Validation mae = nan
Epoch 13
Loss = 1.3638e-03, PNorm = 35.2201, GNorm = 0.1846, lr_0 = 7.6923e-04
Loss = 1.3205e-03, PNorm = 35.2211, GNorm = 0.2931, lr_0 = 7.6735e-04
Loss = 1.2396e-03, PNorm = 35.2218, GNorm = 0.1165, lr_0 = 7.6547e-04
Loss = 1.4581e-03, PNorm = 35.2226, GNorm = 0.2842, lr_0 = 7.6360e-04
Loss = 1.4113e-03, PNorm = 35.2237, GNorm = 0.2453, lr_0 = 7.6173e-04
Loss = 1.2592e-03, PNorm = 35.2245, GNorm = 0.2737, lr_0 = 7.5987e-04
Loss = 1.1451e-03, PNorm = 35.2255, GNorm = 0.1589, lr_0 = 7.5801e-04
Loss = 1.0949e-03, PNorm = 35.2263, GNorm = 0.2623, lr_0 = 7.5616e-04
Loss = 9.6276e-04, PNorm = 35.2272, GNorm = 0.2930, lr_0 = 7.5431e-04
Loss = 1.0447e-03, PNorm = 35.2279, GNorm = 0.2368, lr_0 = 7.5247e-04
Validation mae = nan
Epoch 14
Loss = 2.6936e-03, PNorm = 35.2288, GNorm = 0.1264, lr_0 = 7.5045e-04
Loss = 1.7141e-03, PNorm = 35.2294, GNorm = 0.1620, lr_0 = 7.4861e-04
Loss = 1.7212e-03, PNorm = 35.2304, GNorm = 0.1772, lr_0 = 7.4678e-04
Loss = 1.2299e-03, PNorm = 35.2313, GNorm = 0.3437, lr_0 = 7.4496e-04
Loss = 1.3826e-03, PNorm = 35.2324, GNorm = 0.2547, lr_0 = 7.4313e-04
Loss = 1.4828e-03, PNorm = 35.2335, GNorm = 0.3760, lr_0 = 7.4132e-04
Loss = 1.4533e-03, PNorm = 35.2347, GNorm = 0.3086, lr_0 = 7.3951e-04
Loss = 1.5655e-03, PNorm = 35.2362, GNorm = 0.4037, lr_0 = 7.3770e-04
Loss = 1.3300e-03, PNorm = 35.2371, GNorm = 0.2084, lr_0 = 7.3589e-04
Loss = 1.1346e-03, PNorm = 35.2389, GNorm = 0.2551, lr_0 = 7.3410e-04
Loss = 3.4782e-03, PNorm = 35.2392, GNorm = 1.2914, lr_0 = 7.3392e-04
Validation mae = nan
Epoch 15
Loss = 2.9057e-03, PNorm = 35.2409, GNorm = 0.4595, lr_0 = 7.3212e-04
Loss = 1.9136e-03, PNorm = 35.2421, GNorm = 0.2260, lr_0 = 7.3033e-04
Loss = 1.1295e-03, PNorm = 35.2429, GNorm = 0.1800, lr_0 = 7.2855e-04
Loss = 1.1732e-03, PNorm = 35.2438, GNorm = 0.1041, lr_0 = 7.2677e-04
Loss = 8.0908e-04, PNorm = 35.2447, GNorm = 0.0958, lr_0 = 7.2499e-04
Loss = 9.9010e-04, PNorm = 35.2454, GNorm = 0.3271, lr_0 = 7.2322e-04
Loss = 1.0144e-03, PNorm = 35.2459, GNorm = 0.0938, lr_0 = 7.2145e-04
Loss = 7.9488e-04, PNorm = 35.2466, GNorm = 0.1181, lr_0 = 7.1969e-04
Loss = 7.9872e-04, PNorm = 35.2472, GNorm = 0.1171, lr_0 = 7.1793e-04
Validation mae = nan
Epoch 16
Loss = 9.2434e-04, PNorm = 35.2481, GNorm = 0.2373, lr_0 = 7.1600e-04
Loss = 8.7777e-04, PNorm = 35.2487, GNorm = 0.1683, lr_0 = 7.1425e-04
Loss = 8.8718e-04, PNorm = 35.2496, GNorm = 0.2338, lr_0 = 7.1250e-04
Loss = 8.5437e-04, PNorm = 35.2503, GNorm = 0.2315, lr_0 = 7.1076e-04
Loss = 9.1980e-04, PNorm = 35.2511, GNorm = 0.2696, lr_0 = 7.0902e-04
Loss = 1.0291e-03, PNorm = 35.2519, GNorm = 0.1725, lr_0 = 7.0729e-04
Loss = 9.7055e-04, PNorm = 35.2528, GNorm = 0.3301, lr_0 = 7.0556e-04
Loss = 1.1360e-03, PNorm = 35.2538, GNorm = 0.3528, lr_0 = 7.0383e-04
Loss = 1.1348e-03, PNorm = 35.2547, GNorm = 0.2531, lr_0 = 7.0211e-04
Loss = 1.9739e-03, PNorm = 35.2556, GNorm = 0.7172, lr_0 = 7.0040e-04
Validation mae = nan
Epoch 17
Loss = 5.0301e-03, PNorm = 35.2566, GNorm = 0.5348, lr_0 = 6.9851e-04
Loss = 1.0066e-02, PNorm = 35.2581, GNorm = 2.0186, lr_0 = 6.9681e-04
Loss = 1.1957e-02, PNorm = 35.2598, GNorm = 0.1979, lr_0 = 6.9510e-04
Loss = 6.9850e-03, PNorm = 35.2630, GNorm = 1.8376, lr_0 = 6.9340e-04
Loss = 7.0416e-03, PNorm = 35.2663, GNorm = 0.7786, lr_0 = 6.9171e-04
Loss = 4.7964e-03, PNorm = 35.2692, GNorm = 0.2492, lr_0 = 6.9002e-04
Loss = 2.9924e-03, PNorm = 35.2712, GNorm = 0.5284, lr_0 = 6.8833e-04
Loss = 1.7017e-03, PNorm = 35.2735, GNorm = 0.1611, lr_0 = 6.8665e-04
Loss = 1.2868e-03, PNorm = 35.2750, GNorm = 0.3032, lr_0 = 6.8497e-04
Validation mae = nan
Epoch 18
Loss = 1.7631e-03, PNorm = 35.2757, GNorm = 0.3952, lr_0 = 6.8313e-04
Loss = 1.8236e-03, PNorm = 35.2766, GNorm = 0.5587, lr_0 = 6.8146e-04
Loss = 1.9870e-03, PNorm = 35.2779, GNorm = 0.2775, lr_0 = 6.7979e-04
Loss = 2.0858e-03, PNorm = 35.2788, GNorm = 0.4906, lr_0 = 6.7813e-04
Loss = 2.1518e-03, PNorm = 35.2800, GNorm = 0.1819, lr_0 = 6.7647e-04
Loss = 1.5012e-03, PNorm = 35.2812, GNorm = 0.3437, lr_0 = 6.7482e-04
Loss = 1.2011e-03, PNorm = 35.2824, GNorm = 0.1789, lr_0 = 6.7317e-04
Loss = 1.1043e-03, PNorm = 35.2834, GNorm = 0.2458, lr_0 = 6.7152e-04
Loss = 6.5721e-04, PNorm = 35.2841, GNorm = 0.0580, lr_0 = 6.6988e-04
Loss = 9.0160e-04, PNorm = 35.2848, GNorm = 0.0947, lr_0 = 6.6825e-04
Validation mae = nan
Epoch 19
Loss = 8.1907e-04, PNorm = 35.2857, GNorm = 0.1523, lr_0 = 6.6645e-04
Loss = 8.4946e-04, PNorm = 35.2866, GNorm = 0.2651, lr_0 = 6.6482e-04
Loss = 7.8198e-04, PNorm = 35.2876, GNorm = 0.1922, lr_0 = 6.6319e-04
Loss = 8.8585e-04, PNorm = 35.2889, GNorm = 0.2219, lr_0 = 6.6157e-04
Loss = 9.8193e-04, PNorm = 35.2902, GNorm = 0.1412, lr_0 = 6.5996e-04
Loss = 1.0339e-03, PNorm = 35.2907, GNorm = 0.1238, lr_0 = 6.5834e-04
Loss = 8.1516e-04, PNorm = 35.2919, GNorm = 0.2446, lr_0 = 6.5673e-04
Loss = 1.0185e-03, PNorm = 35.2929, GNorm = 0.2114, lr_0 = 6.5513e-04
Loss = 1.1550e-03, PNorm = 35.2941, GNorm = 0.2547, lr_0 = 6.5353e-04
Loss = 2.4961e-03, PNorm = 35.2953, GNorm = 0.2834, lr_0 = 6.5193e-04
Loss = 3.3807e-03, PNorm = 35.2955, GNorm = 1.3116, lr_0 = 6.5177e-04
Validation mae = nan
Epoch 20
Loss = 7.0358e-03, PNorm = 35.2959, GNorm = 0.3535, lr_0 = 6.5018e-04
Loss = 5.8711e-03, PNorm = 35.2978, GNorm = 0.4449, lr_0 = 6.4859e-04
Loss = 5.9097e-03, PNorm = 35.3004, GNorm = 0.4041, lr_0 = 6.4700e-04
Loss = 2.8456e-03, PNorm = 35.3020, GNorm = 0.3611, lr_0 = 6.4542e-04
Loss = 2.0231e-03, PNorm = 35.3031, GNorm = 0.5219, lr_0 = 6.4384e-04
Loss = 2.2072e-03, PNorm = 35.3041, GNorm = 0.2000, lr_0 = 6.4227e-04
Loss = 1.8280e-03, PNorm = 35.3048, GNorm = 0.2765, lr_0 = 6.4070e-04
Loss = 1.5222e-03, PNorm = 35.3052, GNorm = 0.2667, lr_0 = 6.3913e-04
Loss = 2.5452e-03, PNorm = 35.3057, GNorm = 1.1078, lr_0 = 6.3757e-04
Validation mae = nan
Epoch 21
Loss = 2.8348e-02, PNorm = 35.3069, GNorm = 1.2363, lr_0 = 6.3586e-04
Loss = 1.9320e-02, PNorm = 35.3135, GNorm = 1.1261, lr_0 = 6.3430e-04
Loss = 1.3187e-02, PNorm = 35.3216, GNorm = 0.7692, lr_0 = 6.3275e-04
Loss = 9.3393e-03, PNorm = 35.3264, GNorm = 0.3995, lr_0 = 6.3120e-04
Loss = 7.9387e-03, PNorm = 35.3299, GNorm = 0.3337, lr_0 = 6.2966e-04
Loss = 5.9159e-03, PNorm = 35.3318, GNorm = 0.5871, lr_0 = 6.2812e-04
Loss = 2.5186e-03, PNorm = 35.3335, GNorm = 0.4001, lr_0 = 6.2659e-04
Loss = 1.8977e-03, PNorm = 35.3343, GNorm = 0.0912, lr_0 = 6.2506e-04
Loss = 1.6238e-03, PNorm = 35.3349, GNorm = 0.1692, lr_0 = 6.2353e-04
Loss = 1.4661e-03, PNorm = 35.3353, GNorm = 0.2141, lr_0 = 6.2200e-04
Validation mae = nan
Epoch 22
Loss = 1.0867e-03, PNorm = 35.3358, GNorm = 0.1518, lr_0 = 6.2033e-04
Loss = 9.7163e-04, PNorm = 35.3364, GNorm = 0.2746, lr_0 = 6.1881e-04
Loss = 1.1964e-03, PNorm = 35.3367, GNorm = 0.1362, lr_0 = 6.1730e-04
Loss = 1.0836e-03, PNorm = 35.3372, GNorm = 0.1399, lr_0 = 6.1579e-04
Loss = 1.0945e-03, PNorm = 35.3378, GNorm = 0.0940, lr_0 = 6.1429e-04
Loss = 8.5769e-04, PNorm = 35.3382, GNorm = 0.0764, lr_0 = 6.1279e-04
Loss = 1.2492e-03, PNorm = 35.3388, GNorm = 0.1086, lr_0 = 6.1129e-04
Loss = 8.6892e-04, PNorm = 35.3392, GNorm = 0.1317, lr_0 = 6.0979e-04
Loss = 1.1195e-03, PNorm = 35.3399, GNorm = 0.1482, lr_0 = 6.0830e-04
Validation mae = nan
Epoch 23
Loss = 2.7746e-03, PNorm = 35.3404, GNorm = 0.5973, lr_0 = 6.0667e-04
Loss = 1.8992e-03, PNorm = 35.3411, GNorm = 0.3343, lr_0 = 6.0518e-04
Loss = 1.3680e-03, PNorm = 35.3416, GNorm = 0.3297, lr_0 = 6.0371e-04
Loss = 9.9569e-04, PNorm = 35.3421, GNorm = 0.2642, lr_0 = 6.0223e-04
Loss = 7.6129e-04, PNorm = 35.3427, GNorm = 0.1566, lr_0 = 6.0076e-04
Loss = 8.2100e-04, PNorm = 35.3435, GNorm = 0.2153, lr_0 = 5.9929e-04
Loss = 8.6311e-04, PNorm = 35.3438, GNorm = 0.1184, lr_0 = 5.9782e-04
Loss = 6.6797e-04, PNorm = 35.3442, GNorm = 0.1289, lr_0 = 5.9636e-04
Loss = 6.6353e-04, PNorm = 35.3448, GNorm = 0.0945, lr_0 = 5.9490e-04
Loss = 6.7444e-04, PNorm = 35.3452, GNorm = 0.1541, lr_0 = 5.9345e-04
Validation mae = nan
Epoch 24
Loss = 1.1997e-03, PNorm = 35.3457, GNorm = 0.2717, lr_0 = 5.9185e-04
Loss = 8.8152e-04, PNorm = 35.3464, GNorm = 0.1928, lr_0 = 5.9041e-04
Loss = 7.6885e-04, PNorm = 35.3470, GNorm = 0.0602, lr_0 = 5.8896e-04
Loss = 7.7464e-04, PNorm = 35.3477, GNorm = 0.1720, lr_0 = 5.8753e-04
Loss = 8.4493e-04, PNorm = 35.3481, GNorm = 0.1491, lr_0 = 5.8609e-04
Loss = 1.6628e-03, PNorm = 35.3486, GNorm = 0.4631, lr_0 = 5.8466e-04
Loss = 1.5289e-03, PNorm = 35.3492, GNorm = 0.2480, lr_0 = 5.8323e-04
Loss = 1.2738e-03, PNorm = 35.3496, GNorm = 0.2075, lr_0 = 5.8180e-04
Loss = 9.7111e-04, PNorm = 35.3504, GNorm = 0.1373, lr_0 = 5.8038e-04
Loss = 7.8426e-04, PNorm = 35.3511, GNorm = 0.1442, lr_0 = 5.7896e-04
Loss = 1.2839e-04, PNorm = 35.3511, GNorm = 0.2227, lr_0 = 5.7882e-04
Validation mae = nan
Epoch 25
Loss = 6.5601e-04, PNorm = 35.3517, GNorm = 0.0954, lr_0 = 5.7740e-04
Loss = 6.3899e-04, PNorm = 35.3523, GNorm = 0.1020, lr_0 = 5.7599e-04
Loss = 6.2591e-04, PNorm = 35.3530, GNorm = 0.2234, lr_0 = 5.7458e-04
Loss = 4.8162e-04, PNorm = 35.3537, GNorm = 0.0554, lr_0 = 5.7318e-04
Loss = 5.7885e-04, PNorm = 35.3542, GNorm = 0.1299, lr_0 = 5.7178e-04
Loss = 6.4993e-04, PNorm = 35.3549, GNorm = 0.0943, lr_0 = 5.7038e-04
Loss = 6.2334e-04, PNorm = 35.3554, GNorm = 0.1711, lr_0 = 5.6899e-04
Loss = 7.0546e-04, PNorm = 35.3557, GNorm = 0.0945, lr_0 = 5.6760e-04
Loss = 5.7586e-04, PNorm = 35.3563, GNorm = 0.2292, lr_0 = 5.6621e-04
Validation mae = nan
Epoch 26
Loss = 7.0093e-04, PNorm = 35.3567, GNorm = 0.2212, lr_0 = 5.6469e-04
Loss = 6.2998e-04, PNorm = 35.3570, GNorm = 0.1079, lr_0 = 5.6331e-04
Loss = 5.9036e-04, PNorm = 35.3575, GNorm = 0.1081, lr_0 = 5.6193e-04
Loss = 6.1767e-04, PNorm = 35.3584, GNorm = 0.3072, lr_0 = 5.6055e-04
Loss = 5.9352e-04, PNorm = 35.3596, GNorm = 0.0871, lr_0 = 5.5918e-04
Loss = 7.2209e-04, PNorm = 35.3603, GNorm = 0.0790, lr_0 = 5.5782e-04
Loss = 6.7372e-04, PNorm = 35.3608, GNorm = 0.1387, lr_0 = 5.5645e-04
Loss = 4.8833e-04, PNorm = 35.3613, GNorm = 0.0790, lr_0 = 5.5509e-04
Loss = 5.2618e-04, PNorm = 35.3620, GNorm = 0.0835, lr_0 = 5.5374e-04
Loss = 4.3457e-04, PNorm = 35.3628, GNorm = 0.1057, lr_0 = 5.5238e-04
Validation mae = nan
Epoch 27
Loss = 9.8816e-04, PNorm = 35.3638, GNorm = 0.1666, lr_0 = 5.5090e-04
Loss = 6.5548e-04, PNorm = 35.3644, GNorm = 0.1252, lr_0 = 5.4955e-04
Loss = 6.4269e-04, PNorm = 35.3650, GNorm = 0.0990, lr_0 = 5.4821e-04
Loss = 5.7093e-04, PNorm = 35.3655, GNorm = 0.1373, lr_0 = 5.4687e-04
Loss = 5.0661e-04, PNorm = 35.3661, GNorm = 0.1015, lr_0 = 5.4553e-04
Loss = 4.8718e-04, PNorm = 35.3666, GNorm = 0.1724, lr_0 = 5.4420e-04
Loss = 5.0844e-04, PNorm = 35.3670, GNorm = 0.0762, lr_0 = 5.4287e-04
Loss = 4.6720e-04, PNorm = 35.3677, GNorm = 0.1144, lr_0 = 5.4154e-04
Loss = 4.5277e-04, PNorm = 35.3683, GNorm = 0.3065, lr_0 = 5.4022e-04
Validation mae = nan
Epoch 28
Loss = 6.2306e-03, PNorm = 35.3696, GNorm = 0.7031, lr_0 = 5.3876e-04
Loss = 6.7266e-03, PNorm = 35.3712, GNorm = 0.6103, lr_0 = 5.3745e-04
Loss = 3.6943e-03, PNorm = 35.3723, GNorm = 0.3726, lr_0 = 5.3613e-04
Loss = 2.0758e-03, PNorm = 35.3733, GNorm = 0.5527, lr_0 = 5.3482e-04
Loss = 1.2174e-03, PNorm = 35.3737, GNorm = 0.2608, lr_0 = 5.3352e-04
Loss = 1.1392e-03, PNorm = 35.3743, GNorm = 0.1995, lr_0 = 5.3221e-04
Loss = 9.5387e-04, PNorm = 35.3749, GNorm = 0.3706, lr_0 = 5.3091e-04
Loss = 1.0038e-03, PNorm = 35.3754, GNorm = 0.1718, lr_0 = 5.2961e-04
Loss = 7.8941e-04, PNorm = 35.3758, GNorm = 0.0748, lr_0 = 5.2832e-04
Loss = 7.5066e-04, PNorm = 35.3762, GNorm = 0.1368, lr_0 = 5.2703e-04
Validation mae = nan
Epoch 29
Loss = 7.6439e-04, PNorm = 35.3771, GNorm = 0.1933, lr_0 = 5.2561e-04
Loss = 5.8992e-04, PNorm = 35.3775, GNorm = 0.1031, lr_0 = 5.2432e-04
Loss = 5.0837e-04, PNorm = 35.3780, GNorm = 0.0852, lr_0 = 5.2304e-04
Loss = 5.5576e-04, PNorm = 35.3786, GNorm = 0.1904, lr_0 = 5.2176e-04
Loss = 5.2127e-04, PNorm = 35.3794, GNorm = 0.1026, lr_0 = 5.2049e-04
Loss = 5.1951e-04, PNorm = 35.3800, GNorm = 0.1004, lr_0 = 5.1922e-04
Loss = 4.2906e-04, PNorm = 35.3807, GNorm = 0.1615, lr_0 = 5.1795e-04
Loss = 5.0188e-04, PNorm = 35.3811, GNorm = 0.1283, lr_0 = 5.1668e-04
Loss = 5.6915e-04, PNorm = 35.3816, GNorm = 0.0926, lr_0 = 5.1542e-04
Loss = 6.4785e-04, PNorm = 35.3826, GNorm = 0.1326, lr_0 = 5.1416e-04
Loss = 9.1693e-05, PNorm = 35.3827, GNorm = 0.1871, lr_0 = 5.1403e-04
Validation mae = nan
Epoch 30
Loss = 5.5725e-04, PNorm = 35.3835, GNorm = 0.1653, lr_0 = 5.1278e-04
Loss = 4.8977e-04, PNorm = 35.3840, GNorm = 0.1434, lr_0 = 5.1152e-04
Loss = 5.5500e-04, PNorm = 35.3847, GNorm = 0.1509, lr_0 = 5.1027e-04
Loss = 7.6220e-04, PNorm = 35.3860, GNorm = 0.1355, lr_0 = 5.0902e-04
Loss = 6.2898e-04, PNorm = 35.3868, GNorm = 0.1596, lr_0 = 5.0778e-04
Loss = 7.0333e-04, PNorm = 35.3875, GNorm = 0.0854, lr_0 = 5.0654e-04
Loss = 6.3723e-04, PNorm = 35.3883, GNorm = 0.1440, lr_0 = 5.0530e-04
Loss = 7.1298e-04, PNorm = 35.3888, GNorm = 0.2026, lr_0 = 5.0407e-04
Loss = 5.6224e-04, PNorm = 35.3897, GNorm = 0.0766, lr_0 = 5.0283e-04
Validation mae = nan
Epoch 31
Loss = 6.5869e-04, PNorm = 35.3905, GNorm = 0.1057, lr_0 = 5.0148e-04
Loss = 7.4777e-04, PNorm = 35.3910, GNorm = 0.1287, lr_0 = 5.0026e-04
Loss = 6.1810e-04, PNorm = 35.3920, GNorm = 0.1042, lr_0 = 4.9903e-04
Loss = 5.4277e-04, PNorm = 35.3928, GNorm = 0.1754, lr_0 = 4.9781e-04
Loss = 5.4113e-04, PNorm = 35.3936, GNorm = 0.1134, lr_0 = 4.9660e-04
Loss = 4.7096e-04, PNorm = 35.3944, GNorm = 0.1360, lr_0 = 4.9538e-04
Loss = 5.1708e-04, PNorm = 35.3950, GNorm = 0.1487, lr_0 = 4.9417e-04
Loss = 5.1465e-04, PNorm = 35.3959, GNorm = 0.0768, lr_0 = 4.9296e-04
Loss = 3.6741e-04, PNorm = 35.3968, GNorm = 0.1235, lr_0 = 4.9176e-04
Loss = 3.4876e-04, PNorm = 35.3973, GNorm = 0.0852, lr_0 = 4.9056e-04
Validation mae = nan
Epoch 32
Loss = 4.2884e-04, PNorm = 35.3979, GNorm = 0.0777, lr_0 = 4.8924e-04
Loss = 3.6977e-04, PNorm = 35.3986, GNorm = 0.0647, lr_0 = 4.8804e-04
Loss = 3.8057e-04, PNorm = 35.3994, GNorm = 0.0687, lr_0 = 4.8685e-04
Loss = 3.3622e-04, PNorm = 35.4003, GNorm = 0.0632, lr_0 = 4.8566e-04
Loss = 4.8078e-04, PNorm = 35.4013, GNorm = 0.1087, lr_0 = 4.8447e-04
Loss = 3.8903e-04, PNorm = 35.4026, GNorm = 0.1316, lr_0 = 4.8329e-04
Loss = 3.3926e-04, PNorm = 35.4037, GNorm = 0.1130, lr_0 = 4.8211e-04
Loss = 3.6787e-04, PNorm = 35.4045, GNorm = 0.0876, lr_0 = 4.8093e-04
Loss = 3.8504e-04, PNorm = 35.4053, GNorm = 0.1270, lr_0 = 4.7975e-04
Validation mae = nan
Epoch 33
Loss = 1.0084e-03, PNorm = 35.4059, GNorm = 0.2762, lr_0 = 4.7846e-04
Loss = 5.9468e-04, PNorm = 35.4063, GNorm = 0.1712, lr_0 = 4.7729e-04
Loss = 4.5423e-04, PNorm = 35.4070, GNorm = 0.0612, lr_0 = 4.7613e-04
Loss = 3.8279e-04, PNorm = 35.4077, GNorm = 0.0545, lr_0 = 4.7496e-04
Loss = 3.6273e-04, PNorm = 35.4083, GNorm = 0.1332, lr_0 = 4.7380e-04
Loss = 6.5449e-04, PNorm = 35.4090, GNorm = 0.1111, lr_0 = 4.7264e-04
Loss = 8.4031e-04, PNorm = 35.4098, GNorm = 0.1800, lr_0 = 4.7149e-04
Loss = 8.0329e-04, PNorm = 35.4105, GNorm = 0.1887, lr_0 = 4.7033e-04
Loss = 6.4266e-04, PNorm = 35.4112, GNorm = 0.0838, lr_0 = 4.6918e-04
Loss = 1.0521e-03, PNorm = 35.4119, GNorm = 0.2647, lr_0 = 4.6804e-04
Validation mae = nan
Epoch 34
Loss = 1.4432e-03, PNorm = 35.4128, GNorm = 0.1707, lr_0 = 4.6678e-04
Loss = 1.2070e-03, PNorm = 35.4135, GNorm = 0.2491, lr_0 = 4.6564e-04
Loss = 8.8429e-04, PNorm = 35.4143, GNorm = 0.0373, lr_0 = 4.6450e-04
Loss = 7.5326e-04, PNorm = 35.4150, GNorm = 0.1834, lr_0 = 4.6336e-04
Loss = 7.8845e-04, PNorm = 35.4156, GNorm = 0.0804, lr_0 = 4.6223e-04
Loss = 6.5050e-04, PNorm = 35.4166, GNorm = 0.1886, lr_0 = 4.6110e-04
Loss = 6.8835e-04, PNorm = 35.4174, GNorm = 0.1329, lr_0 = 4.5997e-04
Loss = 6.4783e-04, PNorm = 35.4182, GNorm = 0.1160, lr_0 = 4.5885e-04
Loss = 5.3846e-04, PNorm = 35.4191, GNorm = 0.1261, lr_0 = 4.5773e-04
Loss = 4.7038e-04, PNorm = 35.4198, GNorm = 0.1505, lr_0 = 4.5661e-04
Loss = 2.8135e-04, PNorm = 35.4198, GNorm = 0.2644, lr_0 = 4.5650e-04
Validation mae = nan
Epoch 35
Loss = 5.7558e-04, PNorm = 35.4206, GNorm = 0.2786, lr_0 = 4.5538e-04
Loss = 6.0238e-04, PNorm = 35.4211, GNorm = 0.2197, lr_0 = 4.5427e-04
Loss = 8.6012e-04, PNorm = 35.4219, GNorm = 0.3127, lr_0 = 4.5316e-04
Loss = 7.0573e-04, PNorm = 35.4229, GNorm = 0.3269, lr_0 = 4.5205e-04
Loss = 7.1938e-04, PNorm = 35.4235, GNorm = 0.2590, lr_0 = 4.5095e-04
Loss = 4.5840e-04, PNorm = 35.4243, GNorm = 0.0944, lr_0 = 4.4984e-04
Loss = 3.7001e-04, PNorm = 35.4251, GNorm = 0.1461, lr_0 = 4.4874e-04
Loss = 3.5289e-04, PNorm = 35.4263, GNorm = 0.0951, lr_0 = 4.4765e-04
Loss = 3.0534e-04, PNorm = 35.4272, GNorm = 0.1336, lr_0 = 4.4655e-04
Validation mae = nan
Epoch 36
Loss = 3.3564e-04, PNorm = 35.4284, GNorm = 0.0654, lr_0 = 4.4535e-04
Loss = 4.6491e-04, PNorm = 35.4293, GNorm = 0.0801, lr_0 = 4.4426e-04
Loss = 5.6755e-04, PNorm = 35.4298, GNorm = 0.3134, lr_0 = 4.4318e-04
Loss = 4.7528e-04, PNorm = 35.4305, GNorm = 0.1607, lr_0 = 4.4209e-04
Loss = 5.0807e-04, PNorm = 35.4314, GNorm = 0.2245, lr_0 = 4.4101e-04
Loss = 4.2907e-04, PNorm = 35.4324, GNorm = 0.0845, lr_0 = 4.3994e-04
Loss = 4.2074e-04, PNorm = 35.4334, GNorm = 0.1550, lr_0 = 4.3886e-04
Loss = 6.2541e-04, PNorm = 35.4341, GNorm = 0.0776, lr_0 = 4.3779e-04
Loss = 4.2588e-04, PNorm = 35.4350, GNorm = 0.0570, lr_0 = 4.3672e-04
Loss = 3.8228e-04, PNorm = 35.4362, GNorm = 0.0584, lr_0 = 4.3565e-04
Validation mae = nan
Epoch 37
Loss = 9.5478e-04, PNorm = 35.4373, GNorm = 0.2557, lr_0 = 4.3448e-04
Loss = 7.9800e-04, PNorm = 35.4377, GNorm = 0.1198, lr_0 = 4.3342e-04
Loss = 4.8791e-04, PNorm = 35.4383, GNorm = 0.0654, lr_0 = 4.3236e-04
Loss = 5.6351e-04, PNorm = 35.4390, GNorm = 0.0855, lr_0 = 4.3130e-04
Loss = 5.1613e-04, PNorm = 35.4396, GNorm = 0.1716, lr_0 = 4.3025e-04
Loss = 4.7847e-04, PNorm = 35.4401, GNorm = 0.0873, lr_0 = 4.2919e-04
Loss = 3.0791e-04, PNorm = 35.4408, GNorm = 0.0858, lr_0 = 4.2814e-04
Loss = 3.8224e-04, PNorm = 35.4416, GNorm = 0.0472, lr_0 = 4.2710e-04
Loss = 3.0369e-04, PNorm = 35.4421, GNorm = 0.1050, lr_0 = 4.2605e-04
Validation mae = nan
Epoch 38
Loss = 6.8013e-04, PNorm = 35.4430, GNorm = 0.1668, lr_0 = 4.2491e-04
Loss = 5.2883e-04, PNorm = 35.4440, GNorm = 0.1217, lr_0 = 4.2387e-04
Loss = 6.1132e-04, PNorm = 35.4447, GNorm = 0.0732, lr_0 = 4.2283e-04
Loss = 6.9060e-04, PNorm = 35.4456, GNorm = 0.1971, lr_0 = 4.2180e-04
Loss = 8.6842e-04, PNorm = 35.4461, GNorm = 0.3084, lr_0 = 4.2077e-04
Loss = 1.5976e-03, PNorm = 35.4471, GNorm = 0.3104, lr_0 = 4.1974e-04
Loss = 7.0311e-04, PNorm = 35.4480, GNorm = 0.2275, lr_0 = 4.1871e-04
Loss = 7.0262e-04, PNorm = 35.4490, GNorm = 0.2763, lr_0 = 4.1769e-04
Loss = 7.6987e-04, PNorm = 35.4500, GNorm = 0.1693, lr_0 = 4.1667e-04
Loss = 1.1196e-03, PNorm = 35.4511, GNorm = 0.3702, lr_0 = 4.1565e-04
Validation mae = nan
Epoch 39
Loss = 5.1825e-04, PNorm = 35.4520, GNorm = 0.1214, lr_0 = 4.1453e-04
Loss = 5.2061e-04, PNorm = 35.4529, GNorm = 0.0917, lr_0 = 4.1352e-04
Loss = 3.9916e-04, PNorm = 35.4536, GNorm = 0.2402, lr_0 = 4.1251e-04
Loss = 4.7473e-04, PNorm = 35.4544, GNorm = 0.1775, lr_0 = 4.1150e-04
Loss = 5.1026e-04, PNorm = 35.4543, GNorm = 0.1712, lr_0 = 4.1049e-04
Loss = 4.1933e-04, PNorm = 35.4548, GNorm = 0.1578, lr_0 = 4.0949e-04
Loss = 3.1941e-04, PNorm = 35.4556, GNorm = 0.0660, lr_0 = 4.0849e-04
Loss = 3.7494e-04, PNorm = 35.4563, GNorm = 0.0875, lr_0 = 4.0749e-04
Loss = 4.2444e-04, PNorm = 35.4568, GNorm = 0.0447, lr_0 = 4.0650e-04
Loss = 5.0238e-04, PNorm = 35.4578, GNorm = 0.1383, lr_0 = 4.0550e-04
Loss = 3.4490e-05, PNorm = 35.4579, GNorm = 0.1577, lr_0 = 4.0540e-04
Validation mae = nan
Epoch 40
Loss = 7.6599e-04, PNorm = 35.4588, GNorm = 0.1873, lr_0 = 4.0441e-04
Loss = 6.5989e-04, PNorm = 35.4599, GNorm = 0.1258, lr_0 = 4.0342e-04
Loss = 5.3589e-04, PNorm = 35.4606, GNorm = 0.1073, lr_0 = 4.0244e-04
Loss = 5.9105e-04, PNorm = 35.4611, GNorm = 0.0938, lr_0 = 4.0145e-04
Loss = 4.0324e-04, PNorm = 35.4624, GNorm = 0.0607, lr_0 = 4.0047e-04
Loss = 3.8061e-04, PNorm = 35.4635, GNorm = 0.0794, lr_0 = 3.9949e-04
Loss = 3.6866e-04, PNorm = 35.4643, GNorm = 0.1163, lr_0 = 3.9852e-04
Loss = 3.2156e-04, PNorm = 35.4652, GNorm = 0.0690, lr_0 = 3.9754e-04
Loss = 3.2075e-04, PNorm = 35.4656, GNorm = 0.1021, lr_0 = 3.9657e-04
Validation mae = nan
Epoch 41
Loss = 6.3937e-04, PNorm = 35.4667, GNorm = 0.0996, lr_0 = 3.9550e-04
Loss = 6.6098e-04, PNorm = 35.4674, GNorm = 0.0732, lr_0 = 3.9454e-04
Loss = 5.3634e-04, PNorm = 35.4683, GNorm = 0.0773, lr_0 = 3.9357e-04
Loss = 5.1985e-04, PNorm = 35.4686, GNorm = 0.2789, lr_0 = 3.9261e-04
Loss = 3.8824e-04, PNorm = 35.4692, GNorm = 0.0867, lr_0 = 3.9165e-04
Loss = 3.9606e-04, PNorm = 35.4699, GNorm = 0.0427, lr_0 = 3.9069e-04
Loss = 3.6887e-04, PNorm = 35.4707, GNorm = 0.1422, lr_0 = 3.8974e-04
Loss = 3.7999e-04, PNorm = 35.4712, GNorm = 0.2036, lr_0 = 3.8879e-04
Loss = 2.9333e-04, PNorm = 35.4718, GNorm = 0.0607, lr_0 = 3.8784e-04
Loss = 3.3215e-04, PNorm = 35.4721, GNorm = 0.0867, lr_0 = 3.8689e-04
Validation mae = nan
Epoch 42
Loss = 3.4806e-04, PNorm = 35.4730, GNorm = 0.0603, lr_0 = 3.8585e-04
Loss = 3.0095e-04, PNorm = 35.4737, GNorm = 0.0982, lr_0 = 3.8490e-04
Loss = 4.3138e-04, PNorm = 35.4748, GNorm = 0.2193, lr_0 = 3.8396e-04
Loss = 5.1440e-04, PNorm = 35.4762, GNorm = 0.1225, lr_0 = 3.8302e-04
Loss = 4.5882e-04, PNorm = 35.4771, GNorm = 0.1856, lr_0 = 3.8209e-04
Loss = 5.0782e-04, PNorm = 35.4783, GNorm = 0.1199, lr_0 = 3.8115e-04
Loss = 4.3209e-04, PNorm = 35.4787, GNorm = 0.2309, lr_0 = 3.8022e-04
Loss = 4.0622e-04, PNorm = 35.4790, GNorm = 0.1963, lr_0 = 3.7929e-04
Loss = 4.9921e-04, PNorm = 35.4796, GNorm = 0.0975, lr_0 = 3.7837e-04
Validation mae = nan
Epoch 43
Loss = 7.7320e-04, PNorm = 35.4808, GNorm = 0.1892, lr_0 = 3.7735e-04
Loss = 6.2234e-04, PNorm = 35.4814, GNorm = 0.1495, lr_0 = 3.7643e-04
Loss = 7.2654e-04, PNorm = 35.4822, GNorm = 0.1215, lr_0 = 3.7551e-04
Loss = 5.8733e-04, PNorm = 35.4831, GNorm = 0.1639, lr_0 = 3.7459e-04
Loss = 3.3517e-04, PNorm = 35.4841, GNorm = 0.1449, lr_0 = 3.7367e-04
Loss = 4.3494e-04, PNorm = 35.4850, GNorm = 0.1738, lr_0 = 3.7276e-04
Loss = 2.7749e-04, PNorm = 35.4856, GNorm = 0.0447, lr_0 = 3.7185e-04
Loss = 2.7599e-04, PNorm = 35.4861, GNorm = 0.0762, lr_0 = 3.7094e-04
Loss = 2.8399e-04, PNorm = 35.4869, GNorm = 0.0888, lr_0 = 3.7003e-04
Loss = 5.2904e-04, PNorm = 35.4877, GNorm = 0.1707, lr_0 = 3.6913e-04
Validation mae = nan
Epoch 44
Loss = 1.2060e-03, PNorm = 35.4883, GNorm = 0.2422, lr_0 = 3.6814e-04
Loss = 1.4034e-03, PNorm = 35.4894, GNorm = 0.1749, lr_0 = 3.6724e-04
Loss = 1.2655e-03, PNorm = 35.4903, GNorm = 0.0839, lr_0 = 3.6634e-04
Loss = 7.8611e-04, PNorm = 35.4913, GNorm = 0.2828, lr_0 = 3.6544e-04
Loss = 6.0348e-04, PNorm = 35.4918, GNorm = 0.1717, lr_0 = 3.6455e-04
Loss = 6.1785e-04, PNorm = 35.4918, GNorm = 0.3277, lr_0 = 3.6366e-04
Loss = 6.2183e-04, PNorm = 35.4927, GNorm = 0.2548, lr_0 = 3.6277e-04
Loss = 6.4448e-04, PNorm = 35.4934, GNorm = 0.1613, lr_0 = 3.6188e-04
Loss = 4.9469e-04, PNorm = 35.4944, GNorm = 0.1117, lr_0 = 3.6100e-04
Loss = 4.0231e-04, PNorm = 35.4953, GNorm = 0.1115, lr_0 = 3.6012e-04
Loss = 4.7060e-05, PNorm = 35.4954, GNorm = 0.1088, lr_0 = 3.6003e-04
Validation mae = nan
Epoch 45
Loss = 6.3580e-04, PNorm = 35.4959, GNorm = 0.0976, lr_0 = 3.5915e-04
Loss = 3.3409e-04, PNorm = 35.4964, GNorm = 0.0809, lr_0 = 3.5827e-04
Loss = 3.5204e-04, PNorm = 35.4971, GNorm = 0.1969, lr_0 = 3.5739e-04
Loss = 4.0475e-04, PNorm = 35.4981, GNorm = 0.1819, lr_0 = 3.5652e-04
Loss = 2.8383e-04, PNorm = 35.4991, GNorm = 0.0267, lr_0 = 3.5565e-04
Loss = 2.6693e-04, PNorm = 35.4999, GNorm = 0.1095, lr_0 = 3.5478e-04
Loss = 3.3245e-04, PNorm = 35.5002, GNorm = 0.0918, lr_0 = 3.5391e-04
Loss = 4.8934e-04, PNorm = 35.5003, GNorm = 0.2187, lr_0 = 3.5305e-04
Loss = 6.2148e-04, PNorm = 35.5009, GNorm = 0.1003, lr_0 = 3.5218e-04
Validation mae = nan
Epoch 46
Loss = 6.2161e-04, PNorm = 35.5018, GNorm = 0.0911, lr_0 = 3.5124e-04
Loss = 9.7230e-04, PNorm = 35.5019, GNorm = 0.2961, lr_0 = 3.5038e-04
Loss = 8.2827e-04, PNorm = 35.5025, GNorm = 0.0810, lr_0 = 3.4952e-04
Loss = 6.8166e-04, PNorm = 35.5038, GNorm = 0.2731, lr_0 = 3.4867e-04
Loss = 6.4089e-04, PNorm = 35.5050, GNorm = 0.4512, lr_0 = 3.4781e-04
Loss = 6.7632e-04, PNorm = 35.5058, GNorm = 0.1091, lr_0 = 3.4696e-04
Loss = 5.9987e-04, PNorm = 35.5062, GNorm = 0.1607, lr_0 = 3.4612e-04
Loss = 5.1916e-04, PNorm = 35.5072, GNorm = 0.1057, lr_0 = 3.4527e-04
Loss = 4.9957e-04, PNorm = 35.5075, GNorm = 0.1725, lr_0 = 3.4443e-04
Loss = 5.7746e-04, PNorm = 35.5082, GNorm = 0.1024, lr_0 = 3.4358e-04
Validation mae = nan
Epoch 47
Loss = 6.3162e-04, PNorm = 35.5090, GNorm = 0.2217, lr_0 = 3.4266e-04
Loss = 7.2528e-04, PNorm = 35.5092, GNorm = 0.2096, lr_0 = 3.4182e-04
Loss = 6.3207e-04, PNorm = 35.5101, GNorm = 0.1132, lr_0 = 3.4099e-04
Loss = 4.8307e-04, PNorm = 35.5109, GNorm = 0.1650, lr_0 = 3.4015e-04
Loss = 4.3988e-04, PNorm = 35.5117, GNorm = 0.2566, lr_0 = 3.3932e-04
Loss = 3.7018e-04, PNorm = 35.5126, GNorm = 0.1228, lr_0 = 3.3849e-04
Loss = 2.8049e-04, PNorm = 35.5135, GNorm = 0.0898, lr_0 = 3.3767e-04
Loss = 2.3733e-04, PNorm = 35.5142, GNorm = 0.0552, lr_0 = 3.3684e-04
Loss = 3.2527e-04, PNorm = 35.5149, GNorm = 0.0762, lr_0 = 3.3602e-04
Validation mae = nan
Epoch 48
Loss = 4.4783e-04, PNorm = 35.5156, GNorm = 0.1117, lr_0 = 3.3511e-04
Loss = 3.9113e-04, PNorm = 35.5163, GNorm = 0.1264, lr_0 = 3.3429e-04
Loss = 3.1614e-04, PNorm = 35.5173, GNorm = 0.0628, lr_0 = 3.3348e-04
Loss = 2.3643e-04, PNorm = 35.5179, GNorm = 0.0508, lr_0 = 3.3266e-04
Loss = 2.4219e-04, PNorm = 35.5182, GNorm = 0.0704, lr_0 = 3.3185e-04
Loss = 3.0004e-04, PNorm = 35.5189, GNorm = 0.1358, lr_0 = 3.3104e-04
Loss = 2.9003e-04, PNorm = 35.5195, GNorm = 0.0910, lr_0 = 3.3023e-04
Loss = 3.2324e-04, PNorm = 35.5202, GNorm = 0.0583, lr_0 = 3.2942e-04
Loss = 2.6400e-04, PNorm = 35.5205, GNorm = 0.0481, lr_0 = 3.2862e-04
Loss = 1.8962e-04, PNorm = 35.5212, GNorm = 0.0436, lr_0 = 3.2781e-04
Validation mae = nan
Epoch 49
Loss = 3.4130e-04, PNorm = 35.5221, GNorm = 0.0574, lr_0 = 3.2693e-04
Loss = 3.7391e-04, PNorm = 35.5231, GNorm = 0.1329, lr_0 = 3.2613e-04
Loss = 3.0208e-04, PNorm = 35.5240, GNorm = 0.0576, lr_0 = 3.2533e-04
Loss = 3.0245e-04, PNorm = 35.5252, GNorm = 0.0943, lr_0 = 3.2454e-04
Loss = 3.0187e-04, PNorm = 35.5261, GNorm = 0.0921, lr_0 = 3.2375e-04
Loss = 2.0735e-04, PNorm = 35.5264, GNorm = 0.0380, lr_0 = 3.2295e-04
Loss = 2.2142e-04, PNorm = 35.5267, GNorm = 0.0942, lr_0 = 3.2216e-04
Loss = 2.6873e-04, PNorm = 35.5273, GNorm = 0.0429, lr_0 = 3.2138e-04
Loss = 2.1670e-04, PNorm = 35.5280, GNorm = 0.0921, lr_0 = 3.2059e-04
Loss = 3.4656e-04, PNorm = 35.5285, GNorm = 0.0759, lr_0 = 3.1981e-04
Validation mae = nan
Epoch 50
Loss = 6.1683e-04, PNorm = 35.5290, GNorm = 0.1707, lr_0 = 3.1903e-04
Loss = 6.5686e-04, PNorm = 35.5298, GNorm = 0.1087, lr_0 = 3.1825e-04
Loss = 1.1817e-03, PNorm = 35.5309, GNorm = 0.3610, lr_0 = 3.1747e-04
Loss = 6.3797e-04, PNorm = 35.5320, GNorm = 0.1569, lr_0 = 3.1669e-04
Loss = 4.2271e-04, PNorm = 35.5328, GNorm = 0.1324, lr_0 = 3.1592e-04
Loss = 4.3629e-04, PNorm = 35.5335, GNorm = 0.1999, lr_0 = 3.1515e-04
Loss = 3.0495e-04, PNorm = 35.5339, GNorm = 0.0843, lr_0 = 3.1438e-04
Loss = 3.5078e-04, PNorm = 35.5343, GNorm = 0.1271, lr_0 = 3.1361e-04
Loss = 3.3042e-04, PNorm = 35.5348, GNorm = 0.1177, lr_0 = 3.1284e-04
Validation mae = nan
Epoch 51
Loss = 5.9991e-04, PNorm = 35.5356, GNorm = 0.1252, lr_0 = 3.1200e-04
Loss = 5.4014e-04, PNorm = 35.5360, GNorm = 0.0736, lr_0 = 3.1124e-04
Loss = 4.7490e-04, PNorm = 35.5363, GNorm = 0.1782, lr_0 = 3.1048e-04
Loss = 3.8133e-04, PNorm = 35.5366, GNorm = 0.1152, lr_0 = 3.0972e-04
Loss = 3.2577e-04, PNorm = 35.5370, GNorm = 0.0713, lr_0 = 3.0896e-04
Loss = 1.7072e-04, PNorm = 35.5374, GNorm = 0.0808, lr_0 = 3.0820e-04
Loss = 2.7790e-04, PNorm = 35.5379, GNorm = 0.1471, lr_0 = 3.0745e-04
Loss = 2.2919e-04, PNorm = 35.5387, GNorm = 0.0691, lr_0 = 3.0670e-04
Loss = 3.6181e-04, PNorm = 35.5397, GNorm = 0.1474, lr_0 = 3.0595e-04
Loss = 3.6088e-04, PNorm = 35.5404, GNorm = 0.0666, lr_0 = 3.0520e-04
Validation mae = nan
Epoch 52
Loss = 2.5420e-04, PNorm = 35.5412, GNorm = 0.1016, lr_0 = 3.0438e-04
Loss = 3.3225e-04, PNorm = 35.5417, GNorm = 0.0926, lr_0 = 3.0364e-04
Loss = 2.6274e-04, PNorm = 35.5424, GNorm = 0.0800, lr_0 = 3.0290e-04
Loss = 2.1693e-04, PNorm = 35.5437, GNorm = 0.0513, lr_0 = 3.0215e-04
Loss = 1.9761e-04, PNorm = 35.5443, GNorm = 0.0677, lr_0 = 3.0142e-04
Loss = 2.4403e-04, PNorm = 35.5445, GNorm = 0.0758, lr_0 = 3.0068e-04
Loss = 2.2597e-04, PNorm = 35.5447, GNorm = 0.0456, lr_0 = 2.9994e-04
Loss = 1.7420e-04, PNorm = 35.5453, GNorm = 0.0816, lr_0 = 2.9921e-04
Loss = 1.9122e-04, PNorm = 35.5459, GNorm = 0.0864, lr_0 = 2.9848e-04
Validation mae = nan
Epoch 53
Loss = 2.9322e-04, PNorm = 35.5467, GNorm = 0.1395, lr_0 = 2.9768e-04
Loss = 2.1081e-04, PNorm = 35.5473, GNorm = 0.0525, lr_0 = 2.9695e-04
Loss = 2.9281e-04, PNorm = 35.5482, GNorm = 0.2072, lr_0 = 2.9622e-04
Loss = 2.7389e-04, PNorm = 35.5491, GNorm = 0.1338, lr_0 = 2.9550e-04
Loss = 2.3301e-04, PNorm = 35.5496, GNorm = 0.1059, lr_0 = 2.9478e-04
Loss = 2.4422e-04, PNorm = 35.5499, GNorm = 0.0526, lr_0 = 2.9406e-04
Loss = 3.4457e-04, PNorm = 35.5505, GNorm = 0.1772, lr_0 = 2.9334e-04
Loss = 2.9673e-04, PNorm = 35.5515, GNorm = 0.0849, lr_0 = 2.9262e-04
Loss = 2.4759e-04, PNorm = 35.5526, GNorm = 0.0768, lr_0 = 2.9191e-04
Loss = 2.4858e-04, PNorm = 35.5534, GNorm = 0.0532, lr_0 = 2.9119e-04
Validation mae = nan
Epoch 54
Loss = 1.1123e-03, PNorm = 35.5545, GNorm = 0.1871, lr_0 = 2.9041e-04
Loss = 6.3006e-04, PNorm = 35.5554, GNorm = 0.2029, lr_0 = 2.8970e-04
Loss = 3.6751e-04, PNorm = 35.5561, GNorm = 0.1818, lr_0 = 2.8899e-04
Loss = 2.8505e-04, PNorm = 35.5568, GNorm = 0.1509, lr_0 = 2.8828e-04
Loss = 2.0241e-04, PNorm = 35.5573, GNorm = 0.0631, lr_0 = 2.8758e-04
Loss = 2.6348e-04, PNorm = 35.5576, GNorm = 0.1008, lr_0 = 2.8688e-04
Loss = 3.2007e-04, PNorm = 35.5582, GNorm = 0.1493, lr_0 = 2.8618e-04
Loss = 3.2467e-04, PNorm = 35.5588, GNorm = 0.1292, lr_0 = 2.8548e-04
Loss = 2.5198e-04, PNorm = 35.5597, GNorm = 0.0852, lr_0 = 2.8478e-04
Loss = 2.2545e-04, PNorm = 35.5605, GNorm = 0.0559, lr_0 = 2.8408e-04
Validation mae = nan
Epoch 55
Loss = 7.3940e-04, PNorm = 35.5604, GNorm = 0.1578, lr_0 = 2.8332e-04
Loss = 4.3454e-04, PNorm = 35.5611, GNorm = 0.0960, lr_0 = 2.8263e-04
Loss = 3.2231e-04, PNorm = 35.5619, GNorm = 0.0738, lr_0 = 2.8193e-04
Loss = 3.0373e-04, PNorm = 35.5627, GNorm = 0.1588, lr_0 = 2.8125e-04
Loss = 7.1591e-04, PNorm = 35.5633, GNorm = 0.1936, lr_0 = 2.8056e-04
Loss = 1.3384e-03, PNorm = 35.5643, GNorm = 0.1823, lr_0 = 2.7987e-04
Loss = 8.3830e-04, PNorm = 35.5658, GNorm = 0.2218, lr_0 = 2.7919e-04
Loss = 8.3846e-04, PNorm = 35.5662, GNorm = 0.2446, lr_0 = 2.7851e-04
Loss = 5.9481e-04, PNorm = 35.5664, GNorm = 0.1637, lr_0 = 2.7782e-04
Validation mae = nan
Epoch 56
Loss = 2.3657e-03, PNorm = 35.5671, GNorm = 0.0656, lr_0 = 2.7708e-04
Loss = 1.9147e-03, PNorm = 35.5684, GNorm = 0.5560, lr_0 = 2.7640e-04
Loss = 1.3002e-03, PNorm = 35.5691, GNorm = 0.1323, lr_0 = 2.7573e-04
Loss = 1.4732e-03, PNorm = 35.5695, GNorm = 0.2394, lr_0 = 2.7505e-04
Loss = 7.3036e-04, PNorm = 35.5699, GNorm = 0.1280, lr_0 = 2.7438e-04
Loss = 4.9637e-04, PNorm = 35.5706, GNorm = 0.0601, lr_0 = 2.7371e-04
Loss = 4.3371e-04, PNorm = 35.5715, GNorm = 0.1573, lr_0 = 2.7304e-04
Loss = 3.5677e-04, PNorm = 35.5723, GNorm = 0.0852, lr_0 = 2.7237e-04
Loss = 3.3734e-04, PNorm = 35.5730, GNorm = 0.1918, lr_0 = 2.7171e-04
Loss = 3.7617e-04, PNorm = 35.5734, GNorm = 0.1049, lr_0 = 2.7104e-04
Validation mae = nan
Epoch 57
Loss = 1.6432e-03, PNorm = 35.5742, GNorm = 0.2214, lr_0 = 2.7031e-04
Loss = 1.2335e-03, PNorm = 35.5749, GNorm = 0.2213, lr_0 = 2.6965e-04
Loss = 5.7024e-04, PNorm = 35.5756, GNorm = 0.1783, lr_0 = 2.6899e-04
Loss = 4.6819e-04, PNorm = 35.5762, GNorm = 0.1540, lr_0 = 2.6834e-04
Loss = 4.4745e-04, PNorm = 35.5773, GNorm = 0.1875, lr_0 = 2.6768e-04
Loss = 4.8231e-04, PNorm = 35.5779, GNorm = 0.1803, lr_0 = 2.6702e-04
Loss = 3.5797e-04, PNorm = 35.5779, GNorm = 0.1145, lr_0 = 2.6637e-04
Loss = 3.8924e-04, PNorm = 35.5781, GNorm = 0.1197, lr_0 = 2.6572e-04
Loss = 2.8972e-04, PNorm = 35.5785, GNorm = 0.0737, lr_0 = 2.6507e-04
Validation mae = nan
Epoch 58
Loss = 2.0774e-03, PNorm = 35.5800, GNorm = 0.3811, lr_0 = 2.6436e-04
Loss = 1.3626e-03, PNorm = 35.5833, GNorm = 0.2024, lr_0 = 2.6371e-04
Loss = 1.1784e-03, PNorm = 35.5843, GNorm = 0.1555, lr_0 = 2.6307e-04
Loss = 1.2129e-03, PNorm = 35.5852, GNorm = 0.3106, lr_0 = 2.6242e-04
Loss = 9.8750e-04, PNorm = 35.5863, GNorm = 0.1793, lr_0 = 2.6178e-04
Loss = 6.0794e-04, PNorm = 35.5872, GNorm = 0.1319, lr_0 = 2.6114e-04
Loss = 4.7282e-04, PNorm = 35.5880, GNorm = 0.1887, lr_0 = 2.6051e-04
Loss = 4.1174e-04, PNorm = 35.5889, GNorm = 0.1008, lr_0 = 2.5987e-04
Loss = 3.9251e-04, PNorm = 35.5895, GNorm = 0.1322, lr_0 = 2.5923e-04
Loss = 4.0113e-04, PNorm = 35.5900, GNorm = 0.1646, lr_0 = 2.5860e-04
Validation mae = nan
Epoch 59
Loss = 6.9220e-04, PNorm = 35.5904, GNorm = 0.1843, lr_0 = 2.5790e-04
Loss = 4.8122e-04, PNorm = 35.5909, GNorm = 0.0791, lr_0 = 2.5727e-04
Loss = 3.5358e-04, PNorm = 35.5919, GNorm = 0.1144, lr_0 = 2.5664e-04
Loss = 5.2348e-04, PNorm = 35.5923, GNorm = 0.2596, lr_0 = 2.5602e-04
Loss = 6.7727e-04, PNorm = 35.5928, GNorm = 0.0989, lr_0 = 2.5539e-04
Loss = 4.3171e-04, PNorm = 35.5935, GNorm = 0.0559, lr_0 = 2.5477e-04
Loss = 3.8796e-04, PNorm = 35.5946, GNorm = 0.0638, lr_0 = 2.5414e-04
Loss = 5.4029e-04, PNorm = 35.5949, GNorm = 0.1246, lr_0 = 2.5352e-04
Loss = 6.9031e-04, PNorm = 35.5953, GNorm = 0.3717, lr_0 = 2.5290e-04
Loss = 4.4443e-04, PNorm = 35.5956, GNorm = 0.1291, lr_0 = 2.5229e-04
Validation mae = nan
Epoch 60
Loss = 6.7106e-04, PNorm = 35.5961, GNorm = 0.1493, lr_0 = 2.5161e-04
Loss = 5.7885e-04, PNorm = 35.5967, GNorm = 0.1537, lr_0 = 2.5099e-04
Loss = 7.1136e-04, PNorm = 35.5970, GNorm = 0.2369, lr_0 = 2.5038e-04
Loss = 4.9751e-04, PNorm = 35.5976, GNorm = 0.1378, lr_0 = 2.4977e-04
Loss = 5.8579e-04, PNorm = 35.5986, GNorm = 0.0906, lr_0 = 2.4916e-04
Loss = 4.3019e-04, PNorm = 35.5993, GNorm = 0.0770, lr_0 = 2.4855e-04
Loss = 3.1291e-04, PNorm = 35.5999, GNorm = 0.1080, lr_0 = 2.4794e-04
Loss = 2.9169e-04, PNorm = 35.6002, GNorm = 0.0776, lr_0 = 2.4733e-04
Loss = 2.8979e-04, PNorm = 35.6007, GNorm = 0.1578, lr_0 = 2.4673e-04
Validation mae = nan
Epoch 61
Loss = 8.8671e-04, PNorm = 35.6010, GNorm = 0.1819, lr_0 = 2.4607e-04
Loss = 3.5040e-03, PNorm = 35.6017, GNorm = 1.1460, lr_0 = 2.4546e-04
Loss = 5.6063e-03, PNorm = 35.6032, GNorm = 0.6135, lr_0 = 2.4486e-04
Loss = 2.8256e-03, PNorm = 35.6042, GNorm = 0.3012, lr_0 = 2.4427e-04
Loss = 9.1043e-04, PNorm = 35.6054, GNorm = 0.1310, lr_0 = 2.4367e-04
Loss = 8.2727e-04, PNorm = 35.6061, GNorm = 0.1648, lr_0 = 2.4307e-04
Loss = 5.9498e-04, PNorm = 35.6067, GNorm = 0.0896, lr_0 = 2.4248e-04
Loss = 5.1855e-04, PNorm = 35.6076, GNorm = 0.0939, lr_0 = 2.4189e-04
Loss = 2.9437e-04, PNorm = 35.6085, GNorm = 0.0659, lr_0 = 2.4129e-04
Loss = 3.1891e-04, PNorm = 35.6092, GNorm = 0.0505, lr_0 = 2.4070e-04
Validation mae = nan
Epoch 62
Loss = 5.6498e-04, PNorm = 35.6093, GNorm = 0.1466, lr_0 = 2.4006e-04
Loss = 6.8306e-04, PNorm = 35.6097, GNorm = 0.2102, lr_0 = 2.3947e-04
Loss = 6.9632e-04, PNorm = 35.6103, GNorm = 0.1689, lr_0 = 2.3888e-04
Loss = 6.3572e-04, PNorm = 35.6108, GNorm = 0.2961, lr_0 = 2.3830e-04
Loss = 5.5923e-04, PNorm = 35.6112, GNorm = 0.2348, lr_0 = 2.3772e-04
Loss = 3.9415e-04, PNorm = 35.6117, GNorm = 0.1125, lr_0 = 2.3714e-04
Loss = 3.4596e-04, PNorm = 35.6122, GNorm = 0.1470, lr_0 = 2.3656e-04
Loss = 3.6657e-04, PNorm = 35.6126, GNorm = 0.0438, lr_0 = 2.3598e-04
Loss = 2.9367e-04, PNorm = 35.6134, GNorm = 0.0887, lr_0 = 2.3540e-04
Validation mae = nan
Epoch 63
Loss = 2.4519e-03, PNorm = 35.6141, GNorm = 0.4954, lr_0 = 2.3477e-04
Loss = 2.9187e-03, PNorm = 35.6150, GNorm = 0.3820, lr_0 = 2.3420e-04
Loss = 1.3508e-03, PNorm = 35.6153, GNorm = 0.1000, lr_0 = 2.3362e-04
Loss = 7.5230e-04, PNorm = 35.6162, GNorm = 0.1462, lr_0 = 2.3305e-04
Loss = 6.4239e-04, PNorm = 35.6175, GNorm = 0.1013, lr_0 = 2.3248e-04
Loss = 4.8779e-04, PNorm = 35.6183, GNorm = 0.0734, lr_0 = 2.3191e-04
Loss = 4.5428e-04, PNorm = 35.6193, GNorm = 0.1051, lr_0 = 2.3135e-04
Loss = 3.0372e-04, PNorm = 35.6200, GNorm = 0.1318, lr_0 = 2.3078e-04
Loss = 2.7706e-04, PNorm = 35.6208, GNorm = 0.0949, lr_0 = 2.3022e-04
Loss = 2.3181e-04, PNorm = 35.6209, GNorm = 0.0398, lr_0 = 2.2965e-04
Validation mae = nan
Epoch 64
Loss = 3.1447e-04, PNorm = 35.6213, GNorm = 0.1387, lr_0 = 2.2904e-04
Loss = 2.4353e-04, PNorm = 35.6215, GNorm = 0.1245, lr_0 = 2.2848e-04
Loss = 2.4053e-04, PNorm = 35.6223, GNorm = 0.0314, lr_0 = 2.2792e-04
Loss = 1.8782e-04, PNorm = 35.6229, GNorm = 0.1158, lr_0 = 2.2736e-04
Loss = 1.7824e-04, PNorm = 35.6233, GNorm = 0.0592, lr_0 = 2.2681e-04
Loss = 1.7242e-04, PNorm = 35.6238, GNorm = 0.0690, lr_0 = 2.2625e-04
Loss = 1.8440e-04, PNorm = 35.6244, GNorm = 0.0855, lr_0 = 2.2570e-04
Loss = 1.5687e-04, PNorm = 35.6248, GNorm = 0.0469, lr_0 = 2.2515e-04
Loss = 1.7623e-04, PNorm = 35.6253, GNorm = 0.0767, lr_0 = 2.2460e-04
Loss = 1.6434e-04, PNorm = 35.6257, GNorm = 0.0478, lr_0 = 2.2405e-04
Validation mae = nan
Epoch 65
Loss = 2.4062e-04, PNorm = 35.6258, GNorm = 0.1097, lr_0 = 2.2345e-04
Loss = 1.8054e-04, PNorm = 35.6263, GNorm = 0.0862, lr_0 = 2.2290e-04
Loss = 1.4591e-04, PNorm = 35.6267, GNorm = 0.0242, lr_0 = 2.2235e-04
Loss = 1.3650e-04, PNorm = 35.6274, GNorm = 0.0421, lr_0 = 2.2181e-04
Loss = 1.3652e-04, PNorm = 35.6278, GNorm = 0.0510, lr_0 = 2.2127e-04
Loss = 1.0897e-04, PNorm = 35.6281, GNorm = 0.0202, lr_0 = 2.2073e-04
Loss = 1.3629e-04, PNorm = 35.6283, GNorm = 0.0696, lr_0 = 2.2019e-04
Loss = 1.3096e-04, PNorm = 35.6288, GNorm = 0.0323, lr_0 = 2.1965e-04
Loss = 2.1841e-04, PNorm = 35.6295, GNorm = 0.0399, lr_0 = 2.1911e-04
Validation mae = nan
Epoch 66
Loss = 2.4993e-04, PNorm = 35.6299, GNorm = 0.0744, lr_0 = 2.1852e-04
Loss = 1.8350e-04, PNorm = 35.6304, GNorm = 0.0600, lr_0 = 2.1799e-04
Loss = 1.7023e-04, PNorm = 35.6309, GNorm = 0.0481, lr_0 = 2.1746e-04
Loss = 1.9788e-04, PNorm = 35.6311, GNorm = 0.0610, lr_0 = 2.1692e-04
Loss = 1.4153e-04, PNorm = 35.6314, GNorm = 0.0512, lr_0 = 2.1639e-04
Loss = 1.6941e-04, PNorm = 35.6318, GNorm = 0.0314, lr_0 = 2.1587e-04
Loss = 1.4542e-04, PNorm = 35.6322, GNorm = 0.0724, lr_0 = 2.1534e-04
Loss = 1.7151e-04, PNorm = 35.6326, GNorm = 0.0587, lr_0 = 2.1481e-04
Loss = 1.3785e-04, PNorm = 35.6332, GNorm = 0.0469, lr_0 = 2.1429e-04
Loss = 1.3016e-04, PNorm = 35.6337, GNorm = 0.0524, lr_0 = 2.1376e-04
Validation mae = nan
Epoch 67
Loss = 1.7267e-04, PNorm = 35.6343, GNorm = 0.1063, lr_0 = 2.1319e-04
Loss = 1.2269e-04, PNorm = 35.6347, GNorm = 0.0456, lr_0 = 2.1267e-04
Loss = 1.5888e-04, PNorm = 35.6350, GNorm = 0.1071, lr_0 = 2.1215e-04
Loss = 1.7344e-04, PNorm = 35.6355, GNorm = 0.0638, lr_0 = 2.1163e-04
Loss = 1.3376e-04, PNorm = 35.6360, GNorm = 0.0290, lr_0 = 2.1111e-04
Loss = 1.4330e-04, PNorm = 35.6365, GNorm = 0.0673, lr_0 = 2.1060e-04
Loss = 1.3439e-04, PNorm = 35.6371, GNorm = 0.0430, lr_0 = 2.1008e-04
Loss = 1.4361e-04, PNorm = 35.6375, GNorm = 0.0577, lr_0 = 2.0957e-04
Loss = 1.6283e-04, PNorm = 35.6379, GNorm = 0.0365, lr_0 = 2.0905e-04
Validation mae = nan
Epoch 68
Loss = 2.8746e-04, PNorm = 35.6381, GNorm = 0.1423, lr_0 = 2.0849e-04
Loss = 3.1075e-04, PNorm = 35.6381, GNorm = 0.0592, lr_0 = 2.0798e-04
Loss = 3.1303e-04, PNorm = 35.6386, GNorm = 0.0607, lr_0 = 2.0747e-04
Loss = 3.0124e-04, PNorm = 35.6390, GNorm = 0.1125, lr_0 = 2.0697e-04
Loss = 2.0078e-04, PNorm = 35.6396, GNorm = 0.0404, lr_0 = 2.0646e-04
Loss = 1.8749e-04, PNorm = 35.6399, GNorm = 0.0710, lr_0 = 2.0596e-04
Loss = 2.3035e-04, PNorm = 35.6404, GNorm = 0.0746, lr_0 = 2.0545e-04
Loss = 2.6011e-04, PNorm = 35.6407, GNorm = 0.1056, lr_0 = 2.0495e-04
Loss = 2.7982e-04, PNorm = 35.6414, GNorm = 0.1700, lr_0 = 2.0445e-04
Loss = 3.1187e-04, PNorm = 35.6419, GNorm = 0.1040, lr_0 = 2.0395e-04
Validation mae = nan
Epoch 69
Loss = 2.5827e-04, PNorm = 35.6426, GNorm = 0.0628, lr_0 = 2.0340e-04
Loss = 2.5180e-04, PNorm = 35.6432, GNorm = 0.0840, lr_0 = 2.0290e-04
Loss = 1.9466e-04, PNorm = 35.6437, GNorm = 0.0757, lr_0 = 2.0241e-04
Loss = 1.8775e-04, PNorm = 35.6441, GNorm = 0.1302, lr_0 = 2.0191e-04
Loss = 1.6636e-04, PNorm = 35.6443, GNorm = 0.1126, lr_0 = 2.0142e-04
Loss = 1.4594e-04, PNorm = 35.6447, GNorm = 0.0456, lr_0 = 2.0093e-04
Loss = 1.2690e-04, PNorm = 35.6452, GNorm = 0.0631, lr_0 = 2.0044e-04
Loss = 1.3934e-04, PNorm = 35.6456, GNorm = 0.0617, lr_0 = 1.9995e-04
Loss = 1.3515e-04, PNorm = 35.6461, GNorm = 0.0637, lr_0 = 1.9946e-04
Loss = 1.9533e-04, PNorm = 35.6467, GNorm = 0.0812, lr_0 = 1.9897e-04
Validation mae = nan
Epoch 70
Loss = 2.2596e-04, PNorm = 35.6470, GNorm = 0.0822, lr_0 = 1.9844e-04
Loss = 1.7365e-04, PNorm = 35.6476, GNorm = 0.0834, lr_0 = 1.9795e-04
Loss = 1.6208e-04, PNorm = 35.6481, GNorm = 0.0466, lr_0 = 1.9747e-04
Loss = 1.5805e-04, PNorm = 35.6484, GNorm = 0.0417, lr_0 = 1.9698e-04
Loss = 1.4045e-04, PNorm = 35.6489, GNorm = 0.0465, lr_0 = 1.9650e-04
Loss = 1.0587e-04, PNorm = 35.6494, GNorm = 0.0567, lr_0 = 1.9602e-04
Loss = 1.6546e-04, PNorm = 35.6498, GNorm = 0.0674, lr_0 = 1.9554e-04
Loss = 1.7007e-04, PNorm = 35.6505, GNorm = 0.0688, lr_0 = 1.9506e-04
Loss = 1.6540e-04, PNorm = 35.6508, GNorm = 0.1087, lr_0 = 1.9459e-04
Validation mae = nan
Epoch 71
Loss = 1.8564e-04, PNorm = 35.6514, GNorm = 0.0804, lr_0 = 1.9406e-04
Loss = 1.3208e-04, PNorm = 35.6517, GNorm = 0.0294, lr_0 = 1.9359e-04
Loss = 1.9743e-04, PNorm = 35.6525, GNorm = 0.0341, lr_0 = 1.9312e-04
Loss = 1.5850e-04, PNorm = 35.6529, GNorm = 0.0349, lr_0 = 1.9264e-04
Loss = 1.8320e-04, PNorm = 35.6534, GNorm = 0.0782, lr_0 = 1.9217e-04
Loss = 1.7532e-04, PNorm = 35.6537, GNorm = 0.0337, lr_0 = 1.9170e-04
Loss = 1.8670e-04, PNorm = 35.6541, GNorm = 0.0394, lr_0 = 1.9124e-04
Loss = 1.6283e-04, PNorm = 35.6545, GNorm = 0.1241, lr_0 = 1.9077e-04
Loss = 1.2762e-04, PNorm = 35.6546, GNorm = 0.0665, lr_0 = 1.9030e-04
Loss = 1.3288e-04, PNorm = 35.6547, GNorm = 0.1234, lr_0 = 1.8984e-04
Validation mae = nan
Epoch 72
Loss = 1.5081e-04, PNorm = 35.6550, GNorm = 0.0611, lr_0 = 1.8933e-04
Loss = 1.5709e-04, PNorm = 35.6553, GNorm = 0.0844, lr_0 = 1.8886e-04
Loss = 1.1882e-04, PNorm = 35.6558, GNorm = 0.0317, lr_0 = 1.8840e-04
Loss = 1.2581e-04, PNorm = 35.6564, GNorm = 0.0419, lr_0 = 1.8794e-04
Loss = 1.2988e-04, PNorm = 35.6568, GNorm = 0.0515, lr_0 = 1.8748e-04
Loss = 1.5235e-04, PNorm = 35.6572, GNorm = 0.0866, lr_0 = 1.8702e-04
Loss = 1.5179e-04, PNorm = 35.6576, GNorm = 0.0668, lr_0 = 1.8657e-04
Loss = 1.3412e-04, PNorm = 35.6581, GNorm = 0.0696, lr_0 = 1.8611e-04
Loss = 1.2847e-04, PNorm = 35.6586, GNorm = 0.0450, lr_0 = 1.8566e-04
Validation mae = nan
Epoch 73
Loss = 1.5264e-04, PNorm = 35.6590, GNorm = 0.0821, lr_0 = 1.8516e-04
Loss = 1.4409e-04, PNorm = 35.6593, GNorm = 0.1181, lr_0 = 1.8470e-04
Loss = 1.9861e-04, PNorm = 35.6598, GNorm = 0.0947, lr_0 = 1.8425e-04
Loss = 2.2223e-04, PNorm = 35.6600, GNorm = 0.0817, lr_0 = 1.8380e-04
Loss = 2.1364e-04, PNorm = 35.6605, GNorm = 0.0649, lr_0 = 1.8335e-04
Loss = 2.0943e-04, PNorm = 35.6609, GNorm = 0.0577, lr_0 = 1.8290e-04
Loss = 2.4096e-04, PNorm = 35.6613, GNorm = 0.1118, lr_0 = 1.8246e-04
Loss = 1.7045e-04, PNorm = 35.6618, GNorm = 0.0356, lr_0 = 1.8201e-04
Loss = 1.1522e-04, PNorm = 35.6625, GNorm = 0.0606, lr_0 = 1.8157e-04
Loss = 1.4690e-04, PNorm = 35.6628, GNorm = 0.0475, lr_0 = 1.8112e-04
Validation mae = nan
Epoch 74
Loss = 1.6060e-04, PNorm = 35.6630, GNorm = 0.0710, lr_0 = 1.8064e-04
Loss = 1.2112e-04, PNorm = 35.6634, GNorm = 0.0392, lr_0 = 1.8019e-04
Loss = 1.5397e-04, PNorm = 35.6639, GNorm = 0.0727, lr_0 = 1.7975e-04
Loss = 1.3015e-04, PNorm = 35.6643, GNorm = 0.0222, lr_0 = 1.7931e-04
Loss = 1.2415e-04, PNorm = 35.6647, GNorm = 0.1004, lr_0 = 1.7888e-04
Loss = 1.4699e-04, PNorm = 35.6651, GNorm = 0.1030, lr_0 = 1.7844e-04
Loss = 1.4247e-04, PNorm = 35.6656, GNorm = 0.0532, lr_0 = 1.7800e-04
Loss = 1.4088e-04, PNorm = 35.6658, GNorm = 0.1057, lr_0 = 1.7757e-04
Loss = 1.5605e-04, PNorm = 35.6662, GNorm = 0.1004, lr_0 = 1.7713e-04
Loss = 1.3924e-04, PNorm = 35.6666, GNorm = 0.0446, lr_0 = 1.7670e-04
Validation mae = nan
Epoch 75
Loss = 5.3528e-04, PNorm = 35.6672, GNorm = 0.0980, lr_0 = 1.7622e-04
Loss = 5.1816e-04, PNorm = 35.6678, GNorm = 0.0672, lr_0 = 1.7579e-04
Loss = 4.1892e-04, PNorm = 35.6688, GNorm = 0.1830, lr_0 = 1.7536e-04
Loss = 3.0996e-04, PNorm = 35.6694, GNorm = 0.0503, lr_0 = 1.7494e-04
Loss = 2.8035e-04, PNorm = 35.6700, GNorm = 0.0804, lr_0 = 1.7451e-04
Loss = 2.0534e-04, PNorm = 35.6703, GNorm = 0.0940, lr_0 = 1.7408e-04
Loss = 1.8385e-04, PNorm = 35.6707, GNorm = 0.0779, lr_0 = 1.7366e-04
Loss = 1.4269e-04, PNorm = 35.6711, GNorm = 0.1185, lr_0 = 1.7323e-04
Loss = 1.5753e-04, PNorm = 35.6717, GNorm = 0.0531, lr_0 = 1.7281e-04
Validation mae = nan
Epoch 76
Loss = 2.0049e-04, PNorm = 35.6722, GNorm = 0.1616, lr_0 = 1.7234e-04
Loss = 1.4953e-04, PNorm = 35.6724, GNorm = 0.0594, lr_0 = 1.7192e-04
Loss = 1.2278e-04, PNorm = 35.6726, GNorm = 0.0556, lr_0 = 1.7150e-04
Loss = 1.3270e-04, PNorm = 35.6728, GNorm = 0.0618, lr_0 = 1.7108e-04
Loss = 1.3006e-04, PNorm = 35.6732, GNorm = 0.0703, lr_0 = 1.7066e-04
Loss = 1.1172e-04, PNorm = 35.6735, GNorm = 0.0507, lr_0 = 1.7025e-04
Loss = 1.1321e-04, PNorm = 35.6738, GNorm = 0.0454, lr_0 = 1.6983e-04
Loss = 9.5923e-05, PNorm = 35.6740, GNorm = 0.0666, lr_0 = 1.6942e-04
Loss = 1.4969e-04, PNorm = 35.6743, GNorm = 0.0652, lr_0 = 1.6900e-04
Loss = 1.4405e-04, PNorm = 35.6747, GNorm = 0.0651, lr_0 = 1.6859e-04
Validation mae = nan
Epoch 77
Loss = 1.0340e-04, PNorm = 35.6751, GNorm = 0.0284, lr_0 = 1.6814e-04
Loss = 1.0070e-04, PNorm = 35.6753, GNorm = 0.0448, lr_0 = 1.6772e-04
Loss = 1.1860e-04, PNorm = 35.6755, GNorm = 0.0512, lr_0 = 1.6731e-04
Loss = 2.1332e-04, PNorm = 35.6759, GNorm = 0.1352, lr_0 = 1.6691e-04
Loss = 1.4454e-04, PNorm = 35.6762, GNorm = 0.0361, lr_0 = 1.6650e-04
Loss = 1.4442e-04, PNorm = 35.6768, GNorm = 0.0347, lr_0 = 1.6609e-04
Loss = 9.4424e-05, PNorm = 35.6771, GNorm = 0.0277, lr_0 = 1.6568e-04
Loss = 1.1098e-04, PNorm = 35.6774, GNorm = 0.0476, lr_0 = 1.6528e-04
Loss = 1.0720e-04, PNorm = 35.6776, GNorm = 0.0647, lr_0 = 1.6488e-04
Validation mae = nan
Epoch 78
Loss = 2.1546e-03, PNorm = 35.6788, GNorm = 0.4922, lr_0 = 1.6443e-04
Loss = 2.4402e-03, PNorm = 35.6810, GNorm = 0.5288, lr_0 = 1.6403e-04
Loss = 1.7680e-03, PNorm = 35.6820, GNorm = 0.3168, lr_0 = 1.6363e-04
Loss = 1.0016e-03, PNorm = 35.6834, GNorm = 0.1435, lr_0 = 1.6323e-04
Loss = 7.7134e-04, PNorm = 35.6843, GNorm = 0.3521, lr_0 = 1.6283e-04
Loss = 5.5965e-04, PNorm = 35.6849, GNorm = 0.1287, lr_0 = 1.6243e-04
Loss = 3.7795e-04, PNorm = 35.6854, GNorm = 0.1009, lr_0 = 1.6204e-04
Loss = 2.7897e-04, PNorm = 35.6863, GNorm = 0.0546, lr_0 = 1.6164e-04
Loss = 2.8278e-04, PNorm = 35.6869, GNorm = 0.1275, lr_0 = 1.6124e-04
Loss = 2.1189e-04, PNorm = 35.6875, GNorm = 0.0970, lr_0 = 1.6085e-04
Validation mae = nan
Epoch 79
Loss = 2.7034e-04, PNorm = 35.6880, GNorm = 0.0713, lr_0 = 1.6042e-04
Loss = 1.9946e-04, PNorm = 35.6885, GNorm = 0.0408, lr_0 = 1.6003e-04
Loss = 1.7845e-04, PNorm = 35.6889, GNorm = 0.0890, lr_0 = 1.5963e-04
Loss = 2.5186e-04, PNorm = 35.6891, GNorm = 0.0656, lr_0 = 1.5924e-04
Loss = 1.1584e-04, PNorm = 35.6895, GNorm = 0.0719, lr_0 = 1.5885e-04
Loss = 1.3954e-04, PNorm = 35.6897, GNorm = 0.0416, lr_0 = 1.5847e-04
Loss = 1.5179e-04, PNorm = 35.6899, GNorm = 0.0362, lr_0 = 1.5808e-04
Loss = 1.5176e-04, PNorm = 35.6903, GNorm = 0.0282, lr_0 = 1.5769e-04
Loss = 1.1504e-04, PNorm = 35.6905, GNorm = 0.0473, lr_0 = 1.5731e-04
Loss = 1.2315e-04, PNorm = 35.6909, GNorm = 0.0558, lr_0 = 1.5692e-04
Validation mae = nan
Epoch 80
Loss = 2.7756e-04, PNorm = 35.6915, GNorm = 0.0939, lr_0 = 1.5650e-04
Loss = 2.0951e-04, PNorm = 35.6919, GNorm = 0.0391, lr_0 = 1.5612e-04
Loss = 1.6843e-04, PNorm = 35.6923, GNorm = 0.0627, lr_0 = 1.5574e-04
Loss = 1.4352e-04, PNorm = 35.6927, GNorm = 0.0523, lr_0 = 1.5536e-04
Loss = 1.2732e-04, PNorm = 35.6929, GNorm = 0.0416, lr_0 = 1.5498e-04
Loss = 1.4450e-04, PNorm = 35.6932, GNorm = 0.0570, lr_0 = 1.5460e-04
Loss = 1.1805e-04, PNorm = 35.6935, GNorm = 0.0979, lr_0 = 1.5422e-04
Loss = 1.5420e-04, PNorm = 35.6937, GNorm = 0.0671, lr_0 = 1.5384e-04
Loss = 1.2376e-04, PNorm = 35.6940, GNorm = 0.0461, lr_0 = 1.5347e-04
Validation mae = nan
Epoch 81
Loss = 9.3875e-05, PNorm = 35.6943, GNorm = 0.0930, lr_0 = 1.5305e-04
Loss = 1.0695e-04, PNorm = 35.6944, GNorm = 0.0940, lr_0 = 1.5268e-04
Loss = 1.3946e-04, PNorm = 35.6947, GNorm = 0.0810, lr_0 = 1.5231e-04
Loss = 1.2558e-04, PNorm = 35.6950, GNorm = 0.0392, lr_0 = 1.5193e-04
Loss = 1.1423e-04, PNorm = 35.6953, GNorm = 0.0705, lr_0 = 1.5156e-04
Loss = 1.1083e-04, PNorm = 35.6953, GNorm = 0.0283, lr_0 = 1.5119e-04
Loss = 1.0355e-04, PNorm = 35.6954, GNorm = 0.0485, lr_0 = 1.5082e-04
Loss = 1.3955e-04, PNorm = 35.6957, GNorm = 0.1152, lr_0 = 1.5045e-04
Loss = 1.2458e-04, PNorm = 35.6961, GNorm = 0.1036, lr_0 = 1.5009e-04
Loss = 1.3375e-04, PNorm = 35.6963, GNorm = 0.0524, lr_0 = 1.4972e-04
Validation mae = nan
Epoch 82
Loss = 1.2170e-04, PNorm = 35.6965, GNorm = 0.0474, lr_0 = 1.4932e-04
Loss = 1.3726e-04, PNorm = 35.6970, GNorm = 0.0696, lr_0 = 1.4895e-04
Loss = 1.2107e-04, PNorm = 35.6975, GNorm = 0.0383, lr_0 = 1.4859e-04
Loss = 1.1465e-04, PNorm = 35.6978, GNorm = 0.0409, lr_0 = 1.4822e-04
Loss = 8.2777e-05, PNorm = 35.6980, GNorm = 0.0227, lr_0 = 1.4786e-04
Loss = 9.1783e-05, PNorm = 35.6982, GNorm = 0.0503, lr_0 = 1.4750e-04
Loss = 8.9301e-05, PNorm = 35.6986, GNorm = 0.0428, lr_0 = 1.4714e-04
Loss = 1.0815e-04, PNorm = 35.6988, GNorm = 0.0792, lr_0 = 1.4678e-04
Loss = 1.1248e-04, PNorm = 35.6991, GNorm = 0.0574, lr_0 = 1.4642e-04
Validation mae = nan
Epoch 83
Loss = 1.1065e-04, PNorm = 35.6994, GNorm = 0.0765, lr_0 = 1.4603e-04
Loss = 1.1055e-04, PNorm = 35.6994, GNorm = 0.0384, lr_0 = 1.4567e-04
Loss = 1.0565e-04, PNorm = 35.6995, GNorm = 0.0414, lr_0 = 1.4531e-04
Loss = 9.1102e-05, PNorm = 35.6998, GNorm = 0.0375, lr_0 = 1.4496e-04
Loss = 1.2665e-04, PNorm = 35.7000, GNorm = 0.0937, lr_0 = 1.4460e-04
Loss = 1.2089e-04, PNorm = 35.7002, GNorm = 0.0685, lr_0 = 1.4425e-04
Loss = 1.6856e-04, PNorm = 35.7005, GNorm = 0.1020, lr_0 = 1.4390e-04
Loss = 1.3953e-04, PNorm = 35.7007, GNorm = 0.1341, lr_0 = 1.4355e-04
Loss = 1.4431e-04, PNorm = 35.7011, GNorm = 0.0396, lr_0 = 1.4320e-04
Loss = 1.1841e-04, PNorm = 35.7015, GNorm = 0.0696, lr_0 = 1.4285e-04
Validation mae = nan
Epoch 84
Loss = 1.1491e-04, PNorm = 35.7019, GNorm = 0.0354, lr_0 = 1.4246e-04
Loss = 1.2045e-04, PNorm = 35.7020, GNorm = 0.0671, lr_0 = 1.4211e-04
Loss = 1.0741e-04, PNorm = 35.7022, GNorm = 0.0650, lr_0 = 1.4177e-04
Loss = 9.7894e-05, PNorm = 35.7025, GNorm = 0.0263, lr_0 = 1.4142e-04
Loss = 8.4093e-05, PNorm = 35.7025, GNorm = 0.0213, lr_0 = 1.4107e-04
Loss = 1.3522e-04, PNorm = 35.7027, GNorm = 0.0679, lr_0 = 1.4073e-04
Loss = 1.1044e-04, PNorm = 35.7031, GNorm = 0.0585, lr_0 = 1.4039e-04
Loss = 1.3043e-04, PNorm = 35.7033, GNorm = 0.0270, lr_0 = 1.4004e-04
Loss = 9.4671e-05, PNorm = 35.7035, GNorm = 0.0249, lr_0 = 1.3970e-04
Loss = 1.2714e-04, PNorm = 35.7039, GNorm = 0.0415, lr_0 = 1.3936e-04
Validation mae = nan
Epoch 85
Loss = 9.2548e-05, PNorm = 35.7042, GNorm = 0.0569, lr_0 = 1.3898e-04
Loss = 1.0272e-04, PNorm = 35.7045, GNorm = 0.0644, lr_0 = 1.3864e-04
Loss = 1.0011e-04, PNorm = 35.7047, GNorm = 0.0438, lr_0 = 1.3830e-04
Loss = 1.0123e-04, PNorm = 35.7050, GNorm = 0.0967, lr_0 = 1.3797e-04
Loss = 9.8590e-05, PNorm = 35.7053, GNorm = 0.0419, lr_0 = 1.3763e-04
Loss = 1.2877e-04, PNorm = 35.7056, GNorm = 0.0476, lr_0 = 1.3729e-04
Loss = 1.1768e-04, PNorm = 35.7059, GNorm = 0.0650, lr_0 = 1.3696e-04
Loss = 1.4180e-04, PNorm = 35.7060, GNorm = 0.0730, lr_0 = 1.3662e-04
Loss = 1.5979e-04, PNorm = 35.7062, GNorm = 0.0720, lr_0 = 1.3629e-04
Validation mae = nan
Epoch 86
Loss = 7.1089e-04, PNorm = 35.7068, GNorm = 0.1546, lr_0 = 1.3592e-04
Loss = 5.1893e-04, PNorm = 35.7078, GNorm = 0.1455, lr_0 = 1.3559e-04
Loss = 4.7517e-04, PNorm = 35.7081, GNorm = 0.1183, lr_0 = 1.3526e-04
Loss = 5.3466e-04, PNorm = 35.7088, GNorm = 0.1422, lr_0 = 1.3493e-04
Loss = 3.6466e-04, PNorm = 35.7095, GNorm = 0.1170, lr_0 = 1.3460e-04
Loss = 5.3581e-04, PNorm = 35.7100, GNorm = 0.0778, lr_0 = 1.3427e-04
Loss = 6.4043e-04, PNorm = 35.7103, GNorm = 0.1538, lr_0 = 1.3394e-04
Loss = 5.9483e-04, PNorm = 35.7103, GNorm = 0.1650, lr_0 = 1.3361e-04
Loss = 2.5661e-04, PNorm = 35.7105, GNorm = 0.0810, lr_0 = 1.3329e-04
Loss = 1.9531e-04, PNorm = 35.7107, GNorm = 0.0761, lr_0 = 1.3296e-04
Validation mae = nan
Epoch 87
Loss = 1.9910e-04, PNorm = 35.7112, GNorm = 0.0949, lr_0 = 1.3260e-04
Loss = 1.4819e-04, PNorm = 35.7116, GNorm = 0.0811, lr_0 = 1.3228e-04
Loss = 1.7896e-04, PNorm = 35.7116, GNorm = 0.1328, lr_0 = 1.3196e-04
Loss = 2.0961e-04, PNorm = 35.7120, GNorm = 0.1170, lr_0 = 1.3163e-04
Loss = 1.6162e-04, PNorm = 35.7122, GNorm = 0.1062, lr_0 = 1.3131e-04
Loss = 1.0514e-04, PNorm = 35.7128, GNorm = 0.0736, lr_0 = 1.3099e-04
Loss = 1.1070e-04, PNorm = 35.7129, GNorm = 0.0956, lr_0 = 1.3067e-04
Loss = 1.4659e-04, PNorm = 35.7131, GNorm = 0.0960, lr_0 = 1.3035e-04
Loss = 7.2110e-04, PNorm = 35.7132, GNorm = 0.1978, lr_0 = 1.3003e-04
Validation mae = nan
Epoch 88
Loss = 4.4238e-04, PNorm = 35.7134, GNorm = 0.1748, lr_0 = 1.2968e-04
Loss = 2.7199e-04, PNorm = 35.7142, GNorm = 0.0487, lr_0 = 1.2937e-04
Loss = 3.4017e-04, PNorm = 35.7148, GNorm = 0.1394, lr_0 = 1.2905e-04
Loss = 2.9388e-04, PNorm = 35.7151, GNorm = 0.0976, lr_0 = 1.2873e-04
Loss = 2.8084e-04, PNorm = 35.7154, GNorm = 0.1086, lr_0 = 1.2842e-04
Loss = 2.3019e-04, PNorm = 35.7157, GNorm = 0.1644, lr_0 = 1.2811e-04
Loss = 2.2343e-04, PNorm = 35.7161, GNorm = 0.1143, lr_0 = 1.2779e-04
Loss = 2.4030e-04, PNorm = 35.7161, GNorm = 0.0485, lr_0 = 1.2748e-04
Loss = 1.4016e-04, PNorm = 35.7164, GNorm = 0.0780, lr_0 = 1.2717e-04
Loss = 1.3940e-04, PNorm = 35.7165, GNorm = 0.0719, lr_0 = 1.2686e-04
Validation mae = nan
Epoch 89
Loss = 1.0134e-04, PNorm = 35.7169, GNorm = 0.0326, lr_0 = 1.2652e-04
Loss = 9.8785e-05, PNorm = 35.7171, GNorm = 0.1040, lr_0 = 1.2621e-04
Loss = 7.8382e-05, PNorm = 35.7174, GNorm = 0.0410, lr_0 = 1.2590e-04
Loss = 8.8221e-05, PNorm = 35.7176, GNorm = 0.0567, lr_0 = 1.2559e-04
Loss = 9.9539e-05, PNorm = 35.7178, GNorm = 0.0393, lr_0 = 1.2528e-04
Loss = 9.5268e-05, PNorm = 35.7180, GNorm = 0.0444, lr_0 = 1.2498e-04
Loss = 8.1280e-05, PNorm = 35.7182, GNorm = 0.0610, lr_0 = 1.2467e-04
Loss = 1.1271e-04, PNorm = 35.7185, GNorm = 0.0493, lr_0 = 1.2437e-04
Loss = 8.9550e-05, PNorm = 35.7188, GNorm = 0.0436, lr_0 = 1.2406e-04
Loss = 9.8170e-05, PNorm = 35.7188, GNorm = 0.0574, lr_0 = 1.2376e-04
Validation mae = nan
Epoch 90
Loss = 1.8216e-04, PNorm = 35.7192, GNorm = 0.1224, lr_0 = 1.2343e-04
Loss = 1.7676e-04, PNorm = 35.7196, GNorm = 0.0748, lr_0 = 1.2313e-04
Loss = 1.2241e-04, PNorm = 35.7200, GNorm = 0.0326, lr_0 = 1.2282e-04
Loss = 1.0829e-04, PNorm = 35.7202, GNorm = 0.0325, lr_0 = 1.2252e-04
Loss = 8.4379e-05, PNorm = 35.7206, GNorm = 0.0289, lr_0 = 1.2222e-04
Loss = 9.4804e-05, PNorm = 35.7208, GNorm = 0.0258, lr_0 = 1.2193e-04
Loss = 6.9853e-05, PNorm = 35.7210, GNorm = 0.0433, lr_0 = 1.2163e-04
Loss = 7.0479e-05, PNorm = 35.7210, GNorm = 0.0204, lr_0 = 1.2133e-04
Loss = 7.2386e-05, PNorm = 35.7213, GNorm = 0.0512, lr_0 = 1.2103e-04
Validation mae = nan
Epoch 91
Loss = 2.1502e-04, PNorm = 35.7215, GNorm = 0.1046, lr_0 = 1.2071e-04
Loss = 1.8585e-04, PNorm = 35.7219, GNorm = 0.1181, lr_0 = 1.2041e-04
Loss = 1.4299e-04, PNorm = 35.7221, GNorm = 0.0918, lr_0 = 1.2012e-04
Loss = 1.1066e-04, PNorm = 35.7223, GNorm = 0.0286, lr_0 = 1.1983e-04
Loss = 9.7261e-05, PNorm = 35.7223, GNorm = 0.0231, lr_0 = 1.1953e-04
Loss = 1.5209e-04, PNorm = 35.7227, GNorm = 0.0864, lr_0 = 1.1924e-04
Loss = 1.0270e-04, PNorm = 35.7228, GNorm = 0.0608, lr_0 = 1.1895e-04
Loss = 1.0404e-04, PNorm = 35.7232, GNorm = 0.0565, lr_0 = 1.1866e-04
Loss = 8.3939e-05, PNorm = 35.7234, GNorm = 0.0431, lr_0 = 1.1837e-04
Loss = 9.3373e-05, PNorm = 35.7236, GNorm = 0.0264, lr_0 = 1.1808e-04
Validation mae = nan
Epoch 92
Loss = 1.9829e-04, PNorm = 35.7238, GNorm = 0.1249, lr_0 = 1.1776e-04
Loss = 1.5606e-04, PNorm = 35.7240, GNorm = 0.0632, lr_0 = 1.1747e-04
Loss = 1.0985e-04, PNorm = 35.7243, GNorm = 0.0318, lr_0 = 1.1719e-04
Loss = 9.1012e-05, PNorm = 35.7247, GNorm = 0.0398, lr_0 = 1.1690e-04
Loss = 8.6516e-05, PNorm = 35.7250, GNorm = 0.0214, lr_0 = 1.1661e-04
Loss = 1.1294e-04, PNorm = 35.7252, GNorm = 0.0821, lr_0 = 1.1633e-04
Loss = 1.2805e-04, PNorm = 35.7256, GNorm = 0.0737, lr_0 = 1.1604e-04
Loss = 8.9014e-05, PNorm = 35.7259, GNorm = 0.0722, lr_0 = 1.1576e-04
Loss = 8.7002e-05, PNorm = 35.7262, GNorm = 0.0497, lr_0 = 1.1548e-04
Validation mae = nan
Epoch 93
Loss = 9.7486e-05, PNorm = 35.7263, GNorm = 0.0659, lr_0 = 1.1517e-04
Loss = 1.9710e-04, PNorm = 35.7266, GNorm = 0.0641, lr_0 = 1.1489e-04
Loss = 2.0480e-04, PNorm = 35.7267, GNorm = 0.0934, lr_0 = 1.1461e-04
Loss = 1.9600e-04, PNorm = 35.7269, GNorm = 0.0918, lr_0 = 1.1433e-04
Loss = 1.8697e-04, PNorm = 35.7272, GNorm = 0.0908, lr_0 = 1.1405e-04
Loss = 1.5703e-04, PNorm = 35.7275, GNorm = 0.1016, lr_0 = 1.1377e-04
Loss = 1.4530e-04, PNorm = 35.7278, GNorm = 0.0321, lr_0 = 1.1349e-04
Loss = 1.1823e-04, PNorm = 35.7282, GNorm = 0.0608, lr_0 = 1.1321e-04
Loss = 1.1136e-04, PNorm = 35.7286, GNorm = 0.0289, lr_0 = 1.1293e-04
Loss = 1.1422e-04, PNorm = 35.7289, GNorm = 0.0431, lr_0 = 1.1266e-04
Validation mae = nan
Epoch 94
Loss = 2.0270e-04, PNorm = 35.7293, GNorm = 0.0731, lr_0 = 1.1236e-04
Loss = 1.7014e-04, PNorm = 35.7295, GNorm = 0.0587, lr_0 = 1.1208e-04
Loss = 1.2507e-04, PNorm = 35.7298, GNorm = 0.0661, lr_0 = 1.1181e-04
Loss = 9.5845e-05, PNorm = 35.7300, GNorm = 0.0410, lr_0 = 1.1153e-04
Loss = 9.3176e-05, PNorm = 35.7302, GNorm = 0.0389, lr_0 = 1.1126e-04
Loss = 9.2635e-05, PNorm = 35.7305, GNorm = 0.0642, lr_0 = 1.1099e-04
Loss = 9.8350e-05, PNorm = 35.7307, GNorm = 0.0762, lr_0 = 1.1072e-04
Loss = 8.9344e-05, PNorm = 35.7309, GNorm = 0.0286, lr_0 = 1.1045e-04
Loss = 1.0445e-04, PNorm = 35.7311, GNorm = 0.0915, lr_0 = 1.1018e-04
Loss = 1.0344e-04, PNorm = 35.7313, GNorm = 0.0279, lr_0 = 1.0991e-04
Validation mae = nan
Epoch 95
Loss = 1.3326e-04, PNorm = 35.7316, GNorm = 0.0913, lr_0 = 1.0961e-04
Loss = 7.7712e-05, PNorm = 35.7321, GNorm = 0.0193, lr_0 = 1.0934e-04
Loss = 9.4799e-05, PNorm = 35.7323, GNorm = 0.0526, lr_0 = 1.0908e-04
Loss = 1.0422e-04, PNorm = 35.7324, GNorm = 0.0548, lr_0 = 1.0881e-04
Loss = 8.9558e-05, PNorm = 35.7326, GNorm = 0.0577, lr_0 = 1.0854e-04
Loss = 1.0841e-04, PNorm = 35.7329, GNorm = 0.0434, lr_0 = 1.0828e-04
Loss = 8.7549e-05, PNorm = 35.7331, GNorm = 0.0323, lr_0 = 1.0801e-04
Loss = 7.8850e-05, PNorm = 35.7333, GNorm = 0.0245, lr_0 = 1.0775e-04
Loss = 6.2647e-05, PNorm = 35.7335, GNorm = 0.0168, lr_0 = 1.0749e-04
Validation mae = nan
Epoch 96
Loss = 9.5119e-05, PNorm = 35.7337, GNorm = 0.0639, lr_0 = 1.0720e-04
Loss = 1.0539e-04, PNorm = 35.7337, GNorm = 0.0356, lr_0 = 1.0694e-04
Loss = 1.0084e-04, PNorm = 35.7340, GNorm = 0.0275, lr_0 = 1.0667e-04
Loss = 7.8601e-05, PNorm = 35.7344, GNorm = 0.0376, lr_0 = 1.0641e-04
Loss = 7.9876e-05, PNorm = 35.7347, GNorm = 0.0433, lr_0 = 1.0615e-04
Loss = 7.5436e-05, PNorm = 35.7349, GNorm = 0.0337, lr_0 = 1.0589e-04
Loss = 7.2604e-05, PNorm = 35.7354, GNorm = 0.0421, lr_0 = 1.0564e-04
Loss = 6.8296e-05, PNorm = 35.7356, GNorm = 0.0535, lr_0 = 1.0538e-04
Loss = 6.4714e-05, PNorm = 35.7356, GNorm = 0.0160, lr_0 = 1.0512e-04
Loss = 7.6459e-05, PNorm = 35.7357, GNorm = 0.0180, lr_0 = 1.0486e-04
Validation mae = nan
Epoch 97
Loss = 1.1557e-04, PNorm = 35.7360, GNorm = 0.0358, lr_0 = 1.0458e-04
Loss = 1.0809e-04, PNorm = 35.7362, GNorm = 0.0896, lr_0 = 1.0433e-04
Loss = 9.1617e-05, PNorm = 35.7365, GNorm = 0.0616, lr_0 = 1.0407e-04
Loss = 7.8904e-05, PNorm = 35.7369, GNorm = 0.0427, lr_0 = 1.0382e-04
Loss = 5.7430e-05, PNorm = 35.7371, GNorm = 0.0322, lr_0 = 1.0356e-04
Loss = 8.2008e-05, PNorm = 35.7372, GNorm = 0.0276, lr_0 = 1.0331e-04
Loss = 8.9686e-05, PNorm = 35.7373, GNorm = 0.0507, lr_0 = 1.0306e-04
Loss = 1.0058e-04, PNorm = 35.7376, GNorm = 0.0631, lr_0 = 1.0280e-04
Loss = 1.2054e-04, PNorm = 35.7379, GNorm = 0.0852, lr_0 = 1.0255e-04
Validation mae = nan
Epoch 98
Loss = 1.2985e-04, PNorm = 35.7383, GNorm = 0.0875, lr_0 = 1.0228e-04
Loss = 1.2707e-04, PNorm = 35.7387, GNorm = 0.0463, lr_0 = 1.0203e-04
Loss = 9.0998e-05, PNorm = 35.7390, GNorm = 0.0536, lr_0 = 1.0178e-04
Loss = 8.2008e-05, PNorm = 35.7392, GNorm = 0.0395, lr_0 = 1.0153e-04
Loss = 5.9122e-05, PNorm = 35.7394, GNorm = 0.0220, lr_0 = 1.0128e-04
Loss = 8.5340e-05, PNorm = 35.7395, GNorm = 0.0280, lr_0 = 1.0103e-04
Loss = 7.0891e-05, PNorm = 35.7396, GNorm = 0.0408, lr_0 = 1.0079e-04
Loss = 6.9859e-05, PNorm = 35.7397, GNorm = 0.0504, lr_0 = 1.0054e-04
Loss = 1.0161e-04, PNorm = 35.7400, GNorm = 0.0319, lr_0 = 1.0029e-04
Loss = 7.6453e-05, PNorm = 35.7403, GNorm = 0.0352, lr_0 = 1.0005e-04
Validation mae = nan
Epoch 99
Loss = 8.4044e-05, PNorm = 35.7408, GNorm = 0.0192, lr_0 = 1.0000e-04
Loss = 8.0374e-05, PNorm = 35.7411, GNorm = 0.0460, lr_0 = 1.0000e-04
Loss = 7.5291e-05, PNorm = 35.7414, GNorm = 0.0226, lr_0 = 1.0000e-04
Loss = 9.7801e-05, PNorm = 35.7417, GNorm = 0.0340, lr_0 = 1.0000e-04
Loss = 7.4728e-05, PNorm = 35.7418, GNorm = 0.0461, lr_0 = 1.0000e-04
Loss = 6.3164e-05, PNorm = 35.7418, GNorm = 0.0294, lr_0 = 1.0000e-04
Loss = 6.1341e-05, PNorm = 35.7420, GNorm = 0.0427, lr_0 = 1.0000e-04
Loss = 7.3995e-05, PNorm = 35.7422, GNorm = 0.0359, lr_0 = 1.0000e-04
Loss = 8.4429e-05, PNorm = 35.7425, GNorm = 0.0482, lr_0 = 1.0000e-04
Loss = 7.6700e-05, PNorm = 35.7427, GNorm = 0.0567, lr_0 = 1.0000e-04
Validation mae = nan
Model 0 best validation mae = inf on epoch 0
Loading pretrained parameter "encoder.encoder.0.cached_zero_vector".
Loading pretrained parameter "encoder.encoder.0.W_i.weight".
Loading pretrained parameter "encoder.encoder.0.W_h.weight".
Loading pretrained parameter "encoder.encoder.0.W_o.weight".
Loading pretrained parameter "encoder.encoder.0.W_o.bias".
Loading pretrained parameter "ffn.1.weight".
Loading pretrained parameter "ffn.1.bias".
Loading pretrained parameter "ffn.4.weight".
Loading pretrained parameter "ffn.4.bias".
Moving model to cuda
Model 0 test mae = nan
Ensemble test mae = nan
1-fold cross validation
	Seed 0 ==> test mae = nan
Overall test mae = nan +/- nan
Elapsed time = 0:10:15
